<?xml version="1.0" encoding="UTF-8"?>
<testsuite xmlns:xsi="http://www.w3.org/2001/XMLSchema-instance" xsi:schemaLocation="https://maven.apache.org/surefire/maven-surefire-plugin/xsd/surefire-test-report.xsd" name="TestSuite" time="849.222" tests="4" errors="0" skipped="0" failures="1">
  <properties>
    <property name="PROCESSOR_ARCHITECTURE" value="AMD64"/>
    <property name="file.encoding.pkg" value="sun.io"/>
    <property name="LOGONSERVER" value="\\HYDWVMADS01"/>
    <property name="ProgramData" value="C:\ProgramData"/>
    <property name="java.home" value="C:\Program Files\Java\jdk1.8.0_121\jre"/>
    <property name="NODE_NAME" value="master"/>
    <property name="JENKINS_URL" value="http://localhost:9090/"/>
    <property name="ALLUSERSPROFILE" value="C:\ProgramData"/>
    <property name="java.endorsed.dirs" value="C:\Program Files\Java\jdk1.8.0_121\jre\lib\endorsed"/>
    <property name="PSModulePath" value="C:\Windows\system32\WindowsPowerShell\v1.0\Modules\"/>
    <property name="=::" value="::\"/>
    <property name="USERDOMAIN" value="CIGNITIGLOBAL"/>
    <property name="sun.os.patch.level" value="Service Pack 1"/>
    <property name="java.vendor.url" value="http://java.oracle.com/"/>
    <property name="CommonProgramFiles(x86)" value="C:\Program Files (x86)\Common Files"/>
    <property name="java.version" value="1.8.0_121"/>
    <property name="JOB_NAME" value="Android_Demo"/>
    <property name="COMPUTERNAME" value="CTLINDT-0119"/>
    <property name="MSJAVA_ENABLE_MONITORS" value="1"/>
    <property name="windows_tracing_logfile" value="C:\BVTBin\Tests\installpackage\csilogfile.log"/>
    <property name="ANDROID_HOME" value="E:\Android_Sdk"/>
    <property name="java.vendor.url.bug" value="http://bugreport.sun.com/bugreport/"/>
    <property name="PUBLIC" value="C:\Users\Public"/>
    <property name="user.name" value="E002867"/>
    <property name="sun.io.unicode.encoding" value="UnicodeLittle"/>
    <property name="sun.jnu.encoding" value="Cp1252"/>
    <property name="java.runtime.name" value="Java(TM) SE Runtime Environment"/>
    <property name="windir" value="C:\Windows"/>
    <property name="PROCESSOR_IDENTIFIER" value="Intel64 Family 6 Model 94 Stepping 3, GenuineIntel"/>
    <property name="java.specification.name" value="Java Platform API Specification"/>
    <property name="LOCALAPPDATA" value="C:\Users\E002867\AppData\Local"/>
    <property name="RUN_CHANGES_DISPLAY_URL" value="http://localhost:9090/job/Android_Demo/6/display/redirect?page=changes"/>
    <property name="user.timezone" value="Asia/Calcutta"/>
    <property name="user.script" value=""/>
    <property name="path.separator" value=";"/>
    <property name="NUMBER_OF_PROCESSORS" value="4"/>
    <property name="BUILD_TAG" value="jenkins-Android_Demo-6"/>
    <property name="windows_tracing_flags" value="3"/>
    <property name="file.encoding" value="Cp1252"/>
    <property name="sun.java.command" value="jenkins.maven3.agent.Maven33Main C:\Auto_Selenium\apache-maven-3.3.9-bin\apache-maven-3.3.9 C:\Users\E002867\.jenkins\war\WEB-INF\lib\remoting-3.29.jar C:\Users\E002867\.jenkins\plugins\maven-plugin\WEB-INF\lib\maven33-interceptor-1.12.jar C:\Users\E002867\.jenkins\plugins\maven-plugin\WEB-INF\lib\maven3-interceptor-commons-1.12.jar 54930"/>
    <property name="HUDSON_URL" value="http://localhost:9090/"/>
    <property name="JENKINS_SERVER_COOKIE" value="48a71c87fb29e0a9"/>
    <property name="EXECUTOR_NUMBER" value="0"/>
    <property name="Path" value="C:\Program Files\Java\jdk1.8.0_121/bin;C:\ProgramData\Oracle\Java\javapath;C:\Windows\system32;C:\Windows;C:\Windows\System32\Wbem;C:\Windows\System32\WindowsPowerShell\v1.0\;C:\Program Files (x86)\HP\Unified Functional Testing\bin;C:\Users\E001207\AppData\Local\Android\android-sdk;C:\Users\E001207\AppData\Local\Android\android-sdk\platform-tools;C:\Users\E001207\AppData\Local\Android\android-sdk\tools;C:\Program Files (x86)\nodejs\;E:\Android_SDK;E:\Android_SDK\tools;E:\Android_SDK\platform-tools;C:\Program Files (x86)\Skype\Phone\;C:\Program Files\Java\jdk1.8.0_121\bin;C:\Auto_Selenium\apache-maven-3.3.9-bin\apache-maven-3.3.9\bin;C:\Program Files\TortoiseSVN\bin;C:\Program Files\Git\cmd;E:\Android_Sdk\tools;E:\Android_Sdk\platform-tools;C:\ProgramData\Oracle\Java\javapath;C:\Windows\system32;C:\Windows;C:\Windows\System32\Wbem;C:\Windows\System32\WindowsPowerShell\v1.0\;C:\Program Files (x86)\HP\Unified Functional Testing\bin;C:\Users\E001207\AppData\Local\Android\android-sdk;C:\Users\E001207\AppData\Local\Android\android-sdk\platform-tools;C:\Users\E001207\AppData\Local\Android\android-sdk\tools;C:\Program Files (x86)\nodejs\;E:\Android_SDK;E:\Android_SDK\tools;E:\Android_SDK\platform-tools;C:\Program Files (x86)\Skype\Phone\;C:\Program Files\Java\jdk1.8.0_121\bin;C:\Auto_Selenium\apache-maven-3.3.9-bin\apache-maven-3.3.9\bin;C:\Program Files\TortoiseSVN\bin;C:\Program Files\Git\cmd;E:\Android_Sdk\tools;E:\Android_Sdk\platform-tools;C:\Users\E002867\AppData\Local\Turbo\Cmd\"/>
    <property name="java.io.tmpdir" value="C:\Users\E002867\AppData\Local\Temp\"/>
    <property name="APPDATA" value="C:\Users\E002867\AppData\Roaming"/>
    <property name="DEFLOGDIR" value="C:\ProgramData\McAfee\Endpoint Security\Logs"/>
    <property name="user.language" value="en"/>
    <property name="_classload_hook" value="jvmhook"/>
    <property name="line.separator" value="&#10;"/>
    <property name="BUILD_URL" value="http://localhost:9090/job/Android_Demo/6/"/>
    <property name="IBM_JAVA_OPTIONS" value="-Xrunjvmhook -Xbootclasspath/a:&quot;C:\Program Files (x86)\HP\Unified Functional Testing\bin\java_shared\classes;C:\Program Files (x86)\HP\Unified Functional Testing\bin\java_shared\classes\jasmine.jar&quot;"/>
    <property name="M2_HOME" value="C:\Auto_Selenium\apache-maven-3.3.9-bin\apache-maven-3.3.9"/>
    <property name="=C:" value="C:\Auto_Selenium"/>
    <property name="java.vm.info" value="mixed mode"/>
    <property name="suiteFile" value="Android_Sanity"/>
    <property name="sun.desktop" value="windows"/>
    <property name="java.vm.specification.name" value="Java Virtual Machine Specification"/>
    <property name="BUILD_DISPLAY_NAME" value="#6"/>
    <property name="OS" value="Windows_NT"/>
    <property name="guice.disable.misplaced.annotation.check" value="true"/>
    <property name="HUDSON_SERVER_COOKIE" value="48a71c87fb29e0a9"/>
    <property name="MAVEN_HOME" value="C:\Auto_Selenium\apache-maven-3.3.9-bin\apache-maven-3.3.9"/>
    <property name="SESSIONNAME" value="Console"/>
    <property name="PATHEXT" value=".COM;.EXE;.BAT;.CMD;.VBS;.VBE;.JS;.JSE;.WSF;.WSH;.MSC"/>
    <property name="java.awt.printerjob" value="sun.awt.windows.WPrinterJob"/>
    <property name="maven3.interceptor.common" value="C:\Users\E002867\.jenkins\plugins\maven-plugin\WEB-INF\lib\maven3-interceptor-commons-1.12.jar"/>
    <property name="CLASSPATH" value=""/>
    <property name="ST_INSTALL_PATH" value="C:\Program Files (x86)\HP\Unified Functional Testing\"/>
    <property name="HOMEPATH" value="\Users\E002867"/>
    <property name="os.name" value="Windows 7"/>
    <property name="java.specification.vendor" value="Oracle Corporation"/>
    <property name="FP_NO_HOST_CHECK" value="NO"/>
    <property name="java.vm.name" value="Java HotSpot(TM) 64-Bit Server VM"/>
    <property name="BUILD_NUMBER" value="6"/>
    <property name="maven3.interceptor" value="C:\Users\E002867\.jenkins\plugins\maven-plugin\WEB-INF\lib\maven33-interceptor-1.12.jar"/>
    <property name="java.library.path" value="C:\Program Files\Java\jdk1.8.0_121\bin;C:\Windows\Sun\Java\bin;C:\Windows\system32;C:\Windows;C:\Auto_Selenium\apache-maven-3.3.9-bin\apache-maven-3.3.9/bin;C:\Program Files\Java\jdk1.8.0_121/bin;C:\Program Files\Java\jdk1.8.0_121/bin;C:\ProgramData\Oracle\Java\javapath;C:\Windows\system32;C:\Windows;C:\Windows\System32\Wbem;C:\Windows\System32\WindowsPowerShell\v1.0\;C:\Program Files (x86)\HP\Unified Functional Testing\bin;C:\Users\E001207\AppData\Local\Android\android-sdk;C:\Users\E001207\AppData\Local\Android\android-sdk\platform-tools;C:\Users\E001207\AppData\Local\Android\android-sdk\tools;C:\Program Files (x86)\nodejs\;E:\Android_SDK;E:\Android_SDK\tools;E:\Android_SDK\platform-tools;C:\Program Files (x86)\Skype\Phone\;C:\Program Files\Java\jdk1.8.0_121\bin;C:\Auto_Selenium\apache-maven-3.3.9-bin\apache-maven-3.3.9\bin;C:\Program Files\TortoiseSVN\bin;C:\Program Files\Git\cmd;E:\Android_Sdk\tools;E:\Android_Sdk\platform-tools;C:\ProgramData\Oracle\Java\javapath;C:\Windows\system32;C:\Windows;C:\Windows\System32\Wbem;C:\Windows\System32\WindowsPowerShell\v1.0\;C:\Program Files (x86)\HP\Unified Functional Testing\bin;C:\Users\E001207\AppData\Local\Android\android-sdk;C:\Users\E001207\AppData\Local\Android\android-sdk\platform-tools;C:\Users\E001207\AppData\Local\Android\android-sdk\tools;C:\Program Files (x86)\nodejs\;E:\Android_SDK;E:\Android_SDK\tools;E:\Android_SDK\platform-tools;C:\Program Files (x86)\Skype\Phone\;C:\Program Files\Java\jdk1.8.0_121\bin;C:\Auto_Selenium\apache-maven-3.3.9-bin\apache-maven-3.3.9\bin;C:\Program Files\TortoiseSVN\bin;C:\Program Files\Git\cmd;E:\Android_Sdk\tools;E:\Android_Sdk\platform-tools;C:\Users\E002867\AppData\Local\Turbo\Cmd\;."/>
    <property name="HOMEDRIVE" value="C:"/>
    <property name="POM_GROUPID" value="HOOQ_Automation"/>
    <property name="POM_ARTIFACTID" value="HOOQ_QA"/>
    <property name="QT_USE_NATIVE_WINDOWS" value="1"/>
    <property name="java.class.version" value="52.0"/>
    <property name="JOB_URL" value="http://localhost:9090/job/Android_Demo/"/>
    <property name="xmlFile" value="Android_Pankaj"/>
    <property name="country" value="IN"/>
    <property name="OneDrive" value="C:\Users\E002867\OneDrive"/>
    <property name="RUN_DISPLAY_URL" value="http://localhost:9090/job/Android_Demo/6/display/redirect"/>
    <property name="VBOX_MSI_INSTALL_PATH" value="C:\Program Files\Oracle\VirtualBox\"/>
    <property name="JENKINS_HOME" value="C:\Users\E002867\.jenkins"/>
    <property name="BUILD_ID" value="6"/>
    <property name="TEMP" value="C:\Users\E002867\AppData\Local\Temp"/>
    <property name="sun.boot.library.path" value="C:\Program Files\Java\jdk1.8.0_121\jre\bin"/>
    <property name="sun.management.compiler" value="HotSpot 64-Bit Tiered Compilers"/>
    <property name="java.awt.graphicsenv" value="sun.awt.Win32GraphicsEnvironment"/>
    <property name="user.variant" value=""/>
    <property name="PROCESSOR_REVISION" value="5e03"/>
    <property name="POM_VERSION" value="0.0.1-SNAPSHOT"/>
    <property name="HUDSON_HOME" value="C:\Users\E002867\.jenkins"/>
    <property name="ProgramFiles(x86)" value="C:\Program Files (x86)"/>
    <property name="PATH+MAVEN" value="C:\Auto_Selenium\apache-maven-3.3.9-bin\apache-maven-3.3.9/bin"/>
    <property name="PROMPT" value="$P$G"/>
    <property name="java.vm.specification.version" value="1.8"/>
    <property name="JAVA_HOME" value="C:\Program Files\Java\jdk1.8.0_121"/>
    <property name="awt.toolkit" value="sun.awt.windows.WToolkit"/>
    <property name="NODE_LABELS" value="master"/>
    <property name="sun.cpu.isalist" value="amd64"/>
    <property name="USERPROFILE" value="C:\Users\E002867"/>
    <property name="JOB_DISPLAY_URL" value="http://localhost:9090/job/Android_Demo/display/redirect"/>
    <property name="java.ext.dirs" value="C:\Program Files\Java\jdk1.8.0_121\jre\lib\ext;C:\Windows\Sun\Java\lib\ext"/>
    <property name="os.version" value="6.1"/>
    <property name="user.home" value="C:\Users\E002867"/>
    <property name="USERNAME" value="E002867"/>
    <property name="java.vm.vendor" value="Oracle Corporation"/>
    <property name="PROCESSOR_LEVEL" value="6"/>
    <property name="USERDNSDOMAIN" value="CIGNITIGLOBAL.COM"/>
    <property name="CommonProgramW6432" value="C:\Program Files\Common Files"/>
    <property name="user.dir" value="E:\Automation_Demo\CigAutomationDemo"/>
    <property name="ProgramW6432" value="C:\Program Files"/>
    <property name="TMP" value="C:\Users\E002867\AppData\Local\Temp"/>
    <property name="UATDATA" value="C:\Windows\CCM\UATData\D9F8C395-CAB8-491d-B8AC-179A1FE1BE77"/>
    <property name="sun.cpu.endian" value="little"/>
    <property name="SystemDrive" value="C:"/>
    <property name="java.vm.version" value="25.121-b13"/>
    <property name="java.class.path" value="C:\Users\E002867\.jenkins\plugins\maven-plugin\WEB-INF\lib\maven33-agent-1.12.jar;C:\Auto_Selenium\apache-maven-3.3.9-bin\apache-maven-3.3.9\boot\plexus-classworlds-2.5.2.jar;C:\Auto_Selenium\apache-maven-3.3.9-bin\apache-maven-3.3.9/conf/logging"/>
    <property name="org.slf4j.simpleLogger.defaultLogLevel" value="info"/>
    <property name="os.arch" value="amd64"/>
    <property name="WORKSPACE" value="C:\Users\E002867\.jenkins\workspace\Android_Demo"/>
    <property name="ComSpec" value="C:\Windows\system32\cmd.exe"/>
    <property name="sun.java.launcher" value="SUN_STANDARD"/>
    <property name="SystemRoot" value="C:\Windows"/>
    <property name="CommonProgramFiles" value="C:\Program Files\Common Files"/>
    <property name="java.vm.specification.vendor" value="Oracle Corporation"/>
    <property name="file.separator" value="\"/>
    <property name="java.runtime.version" value="1.8.0_121-b13"/>
    <property name="ProgramFiles" value="C:\Program Files"/>
    <property name="sun.boot.class.path" value="C:\Program Files\Java\jdk1.8.0_121\jre\lib\resources.jar;C:\Program Files\Java\jdk1.8.0_121\jre\lib\rt.jar;C:\Program Files\Java\jdk1.8.0_121\jre\lib\sunrsasign.jar;C:\Program Files\Java\jdk1.8.0_121\jre\lib\jsse.jar;C:\Program Files\Java\jdk1.8.0_121\jre\lib\jce.jar;C:\Program Files\Java\jdk1.8.0_121\jre\lib\charsets.jar;C:\Program Files\Java\jdk1.8.0_121\jre\lib\jfr.jar;C:\Program Files\Java\jdk1.8.0_121\jre\classes"/>
    <property name="PATH+JDK" value="C:\Program Files\Java\jdk1.8.0_121/bin"/>
    <property name="user.country" value="US"/>
    <property name="POM_PACKAGING" value="jar"/>
    <property name="maven.home" value="C:\Auto_Selenium\apache-maven-3.3.9-bin\apache-maven-3.3.9"/>
    <property name="JOB_BASE_NAME" value="Android_Demo"/>
    <property name="java.vendor" value="Oracle Corporation"/>
    <property name="POM_DISPLAYNAME" value="Cigniti_HOOQ"/>
    <property name="java.specification.version" value="1.8"/>
    <property name="sun.arch.data.model" value="64"/>
  </properties>
  <testcase name="HOOQ_Android_MOBILE_ME" classname="com.automation.android.mobile.scripts.HOOQ_Android_MOBILE_Sanity" time="78.497"/>
  <testcase name="HOOQ_Android_Mobile_Content_Details_Movie" classname="com.automation.android.mobile.scripts.HOOQ_Android_MOBILE_Sanity" time="44.486">
    <failure type="java.lang.AssertionError:">java.lang.AssertionError: null
	at com.automation.android.mobile.scripts.HOOQ_Android_MOBILE_Sanity.HOOQ_Android_Mobile_Content_Details_Movie(HOOQ_Android_MOBILE_Sanity.java:69)
</failure>
    <system-out><![CDATA[Sanity_Production_Android!B2:D1553
4
Device, ScriptName
HOOQ_Android
HOOQ_Android_MOBILE_ME
Sanity_Production_Android!G2:G2
1
Name, Major
PASS 
Current Date ==> 02
Sanity_Production_Android!T2:T2
1
Name, Major
PASS 
Sanity_Production_Android!I2:I2
1
Name, Major
02-Dec-2019 
Sanity_Production_Android!J2:J2
1
Name, Major
10:40:12 
Sanity_Production_Android!H2:H2
1
Name, Major
3.15.0-b1000 
Sanity_Production_Android!K2:K2
1
Name, Major
17 
Sanity_Production_Android!K2:K2
1
Name, Major
18 
Sanity_Production_Android!L2:L2
1
Name, Major
02-Dec-2019 
Sanity_Production_Android!M2:M2
1
Name, Major
10:40:12 
Sanity_Production_Android!N2:N2
1
Name, Major
3.15.0-b1000 
Current Date ==> 02
Sanity_Production_Android!T2:T2
1
Name, Major
PASS 
Entered in addStatusForCase method................

**********************************************
Test Rail Details Updated  
Script ID :- 1
Script Status :- pass

**********************************************

**********************************************
Slack Details Updated 
****************************************
Script Name :- HOOQ_Android_MOBILE_ME
Country :- IN
Environment :- PROD
Build No :- 3.15.0-b1000
Date & Time :- 2019-12-02 10:40:10
Status :- PASS
************************************

**********************************************
After Method
Before Method
Country ==> IN
ENV ==> prod
In Android block
10:40:45.647 [Forwarding closeApp on session e9979048-770c-4b0a-8318-48798eddb49f to remote] DEBUG o.a.h.c.protocol.RequestAddCookies - CookieSpec selected: default
10:40:45.647 [Forwarding closeApp on session e9979048-770c-4b0a-8318-48798eddb49f to remote] DEBUG o.a.h.c.protocol.RequestAuthCache - Auth cache not set in the context
10:40:45.647 [Forwarding closeApp on session e9979048-770c-4b0a-8318-48798eddb49f to remote] DEBUG o.a.h.i.c.PoolingHttpClientConnectionManager - Connection request: [route: {}->http://localhost:4723][total kept alive: 1; route allocated: 1 of 2000; total allocated: 1 of 2000]
10:40:45.648 [Forwarding closeApp on session e9979048-770c-4b0a-8318-48798eddb49f to remote] DEBUG org.apache.http.wire - http-outgoing-0 << "[read] I/O error: Read timed out"
10:40:45.648 [Forwarding closeApp on session e9979048-770c-4b0a-8318-48798eddb49f to remote] DEBUG o.a.h.i.c.PoolingHttpClientConnectionManager - Connection leased: [id: 0][route: {}->http://localhost:4723][total kept alive: 0; route allocated: 1 of 2000; total allocated: 1 of 2000]
10:40:45.648 [Forwarding closeApp on session e9979048-770c-4b0a-8318-48798eddb49f to remote] DEBUG o.a.h.impl.execchain.MainClientExec - Stale connection check
10:40:45.649 [Forwarding closeApp on session e9979048-770c-4b0a-8318-48798eddb49f to remote] DEBUG org.apache.http.wire - http-outgoing-0 << "[read] I/O error: Read timed out"
10:40:45.649 [Forwarding closeApp on session e9979048-770c-4b0a-8318-48798eddb49f to remote] DEBUG o.a.h.i.c.DefaultManagedHttpClientConnection - http-outgoing-0: set socket timeout to 10800000
10:40:45.649 [Forwarding closeApp on session e9979048-770c-4b0a-8318-48798eddb49f to remote] DEBUG o.a.h.impl.execchain.MainClientExec - Executing request POST /wd/hub/session/e9979048-770c-4b0a-8318-48798eddb49f/appium/app/close HTTP/1.1
10:40:45.649 [Forwarding closeApp on session e9979048-770c-4b0a-8318-48798eddb49f to remote] DEBUG o.a.h.impl.execchain.MainClientExec - Target auth state: UNCHALLENGED
10:40:45.649 [Forwarding closeApp on session e9979048-770c-4b0a-8318-48798eddb49f to remote] DEBUG o.a.h.impl.execchain.MainClientExec - Proxy auth state: UNCHALLENGED
10:40:45.649 [Forwarding closeApp on session e9979048-770c-4b0a-8318-48798eddb49f to remote] DEBUG org.apache.http.headers - http-outgoing-0 >> POST /wd/hub/session/e9979048-770c-4b0a-8318-48798eddb49f/appium/app/close HTTP/1.1
10:40:45.649 [Forwarding closeApp on session e9979048-770c-4b0a-8318-48798eddb49f to remote] DEBUG org.apache.http.headers - http-outgoing-0 >> Content-Type: application/json; charset=utf-8
10:40:45.649 [Forwarding closeApp on session e9979048-770c-4b0a-8318-48798eddb49f to remote] DEBUG org.apache.http.headers - http-outgoing-0 >> Content-Length: 2
10:40:45.649 [Forwarding closeApp on session e9979048-770c-4b0a-8318-48798eddb49f to remote] DEBUG org.apache.http.headers - http-outgoing-0 >> Host: localhost:4723
10:40:45.649 [Forwarding closeApp on session e9979048-770c-4b0a-8318-48798eddb49f to remote] DEBUG org.apache.http.headers - http-outgoing-0 >> Connection: Keep-Alive
10:40:45.649 [Forwarding closeApp on session e9979048-770c-4b0a-8318-48798eddb49f to remote] DEBUG org.apache.http.headers - http-outgoing-0 >> User-Agent: Apache-HttpClient/4.5.2 (Java/1.8.0_121)
10:40:45.649 [Forwarding closeApp on session e9979048-770c-4b0a-8318-48798eddb49f to remote] DEBUG org.apache.http.headers - http-outgoing-0 >> Accept-Encoding: gzip,deflate
10:40:45.649 [Forwarding closeApp on session e9979048-770c-4b0a-8318-48798eddb49f to remote] DEBUG org.apache.http.wire - http-outgoing-0 >> "POST /wd/hub/session/e9979048-770c-4b0a-8318-48798eddb49f/appium/app/close HTTP/1.1[\r][\n]"
10:40:45.649 [Forwarding closeApp on session e9979048-770c-4b0a-8318-48798eddb49f to remote] DEBUG org.apache.http.wire - http-outgoing-0 >> "Content-Type: application/json; charset=utf-8[\r][\n]"
10:40:45.649 [Forwarding closeApp on session e9979048-770c-4b0a-8318-48798eddb49f to remote] DEBUG org.apache.http.wire - http-outgoing-0 >> "Content-Length: 2[\r][\n]"
10:40:45.649 [Forwarding closeApp on session e9979048-770c-4b0a-8318-48798eddb49f to remote] DEBUG org.apache.http.wire - http-outgoing-0 >> "Host: localhost:4723[\r][\n]"
10:40:45.649 [Forwarding closeApp on session e9979048-770c-4b0a-8318-48798eddb49f to remote] DEBUG org.apache.http.wire - http-outgoing-0 >> "Connection: Keep-Alive[\r][\n]"
10:40:45.649 [Forwarding closeApp on session e9979048-770c-4b0a-8318-48798eddb49f to remote] DEBUG org.apache.http.wire - http-outgoing-0 >> "User-Agent: Apache-HttpClient/4.5.2 (Java/1.8.0_121)[\r][\n]"
10:40:45.649 [Forwarding closeApp on session e9979048-770c-4b0a-8318-48798eddb49f to remote] DEBUG org.apache.http.wire - http-outgoing-0 >> "Accept-Encoding: gzip,deflate[\r][\n]"
10:40:45.649 [Forwarding closeApp on session e9979048-770c-4b0a-8318-48798eddb49f to remote] DEBUG org.apache.http.wire - http-outgoing-0 >> "[\r][\n]"
10:40:45.649 [Forwarding closeApp on session e9979048-770c-4b0a-8318-48798eddb49f to remote] DEBUG org.apache.http.wire - http-outgoing-0 >> "{}"
&amp#27;[36minfo&amp#27;[39m: &amp#27;[37m-->&amp#27;[39m &amp#27;[37mPOST&amp#27;[39m &amp#27;[37m/wd/hub/session/e9979048-770c-4b0a-8318-48798eddb49f/appium/app/close&amp#27;[39m &amp#27;[90m{}&amp#27;[39m
&amp#27;[36minfo&amp#27;[39m: [debug] Pressing the HOME button
&amp#27;[36minfo&amp#27;[39m: [debug] executing cmd: E:\Android_Sdk\platform-tools\adb.exe -s 330030d996c89347 shell "input keyevent 3"
&amp#27;[36minfo&amp#27;[39m: [debug] Stopping logcat capture
&amp#27;[36minfo&amp#27;[39m: [debug] Logcat terminated with code null, signal SIGTERM
&amp#27;[36minfo&amp#27;[39m: [debug] [BOOTSTRAP] [debug] Got data from client: {"cmd":"shutdown"}
&amp#27;[36minfo&amp#27;[39m: [debug] [BOOTSTRAP] [debug] Got command of type SHUTDOWN
&amp#27;[36minfo&amp#27;[39m: [debug] [BOOTSTRAP] [debug] Returning result: {"status":0,"value":"OK, shutting down"}
&amp#27;[36minfo&amp#27;[39m: [debug] Sent shutdown command, waiting for UiAutomator to stop...
&amp#27;[36minfo&amp#27;[39m: [debug] [BOOTSTRAP] [debug] Closed client connection
&amp#27;[36minfo&amp#27;[39m: [debug] &amp#27;[90m[UIAUTOMATOR STDOUT] INSTRUMENTATION_STATUS: numtests=1&amp#27;[39m
&amp#27;[36minfo&amp#27;[39m: [debug] &amp#27;[90m[UIAUTOMATOR STDOUT] INSTRUMENTATION_STATUS: stream=.&amp#27;[39m
&amp#27;[36minfo&amp#27;[39m: [debug] &amp#27;[90m[UIAUTOMATOR STDOUT] INSTRUMENTATION_STATUS: id=UiAutomatorTestRunner&amp#27;[39m
&amp#27;[36minfo&amp#27;[39m: [debug] &amp#27;[90m[UIAUTOMATOR STDOUT] INSTRUMENTATION_STATUS: test=testRunServer&amp#27;[39m
&amp#27;[36minfo&amp#27;[39m: [debug] &amp#27;[90m[UIAUTOMATOR STDOUT] INSTRUMENTATION_STATUS: class=io.appium.android.bootstrap.Bootstrap&amp#27;[39m
&amp#27;[36minfo&amp#27;[39m: [debug] &amp#27;[90m[UIAUTOMATOR STDOUT] INSTRUMENTATION_STATUS: current=1&amp#27;[39m
&amp#27;[36minfo&amp#27;[39m: [debug] &amp#27;[90m[UIAUTOMATOR STDOUT] INSTRUMENTATION_STATUS_CODE: 0&amp#27;[39m
&amp#27;[36minfo&amp#27;[39m: [debug] &amp#27;[90m[UIAUTOMATOR STDOUT] INSTRUMENTATION_STATUS: stream=&amp#27;[39m
&amp#27;[36minfo&amp#27;[39m: [debug] &amp#27;[90m[UIAUTOMATOR STDOUT] Test results for WatcherResultPrinter=.&amp#27;[39m
&amp#27;[36minfo&amp#27;[39m: [debug] &amp#27;[90m[UIAUTOMATOR STDOUT] Time: 143.572&amp#27;[39m
&amp#27;[36minfo&amp#27;[39m: [debug] &amp#27;[90m[UIAUTOMATOR STDOUT] OK (1 test)&amp#27;[39m
&amp#27;[36minfo&amp#27;[39m: [debug] &amp#27;[90m[UIAUTOMATOR STDOUT] INSTRUMENTATION_STATUS_CODE: -1&amp#27;[39m
&amp#27;[36minfo&amp#27;[39m: [debug] UiAutomator shut down normally
&amp#27;[36minfo&amp#27;[39m: [debug] Cleaning up android objects
&amp#27;[36minfo&amp#27;[39m: [debug] Responding to client with success: {"status":0,"value":"Successfully closed the [null] app.","sessionId":"e9979048-770c-4b0a-8318-48798eddb49f"}
&amp#27;[36minfo&amp#27;[39m: &amp#27;[37m<-- POST /wd/hub/session/e9979048-770c-4b0a-8318-48798eddb49f/appium/app/close &amp#27;[39m&amp#27;[32m200&amp#27;[39m&amp#27;[90m 3301.574 ms - 109&amp#27;[39m &amp#27;[90m{"status":0,"value":"Successfully closed the [null] app.","sessionId":"e9979048-770c-4b0a-8318-48798eddb49f"}&amp#27;[39m
10:40:48.951 [Forwarding closeApp on session e9979048-770c-4b0a-8318-48798eddb49f to remote] DEBUG org.apache.http.wire - http-outgoing-0 << "HTTP/1.1 200 OK[\r][\n]"
10:40:48.953 [Forwarding closeApp on session e9979048-770c-4b0a-8318-48798eddb49f to remote] DEBUG org.apache.http.wire - http-outgoing-0 << "X-Powered-By: Express[\r][\n]"
10:40:48.953 [Forwarding closeApp on session e9979048-770c-4b0a-8318-48798eddb49f to remote] DEBUG org.apache.http.wire - http-outgoing-0 << "Access-Control-Allow-Origin: *[\r][\n]"
10:40:48.953 [Forwarding closeApp on session e9979048-770c-4b0a-8318-48798eddb49f to remote] DEBUG org.apache.http.wire - http-outgoing-0 << "Access-Control-Allow-Methods: GET,POST,PUT,OPTIONS,DELETE[\r][\n]"
10:40:48.953 [Forwarding closeApp on session e9979048-770c-4b0a-8318-48798eddb49f to remote] DEBUG org.apache.http.wire - http-outgoing-0 << "Access-Control-Allow-Headers: origin, content-type, accept[\r][\n]"
10:40:48.953 [Forwarding closeApp on session e9979048-770c-4b0a-8318-48798eddb49f to remote] DEBUG org.apache.http.wire - http-outgoing-0 << "Vary: X-HTTP-Method-Override[\r][\n]"
10:40:48.953 [Forwarding closeApp on session e9979048-770c-4b0a-8318-48798eddb49f to remote] DEBUG org.apache.http.wire - http-outgoing-0 << "Content-Type: application/json; charset=utf-8[\r][\n]"
10:40:48.953 [Forwarding closeApp on session e9979048-770c-4b0a-8318-48798eddb49f to remote] DEBUG org.apache.http.wire - http-outgoing-0 << "Content-Length: 109[\r][\n]"
10:40:48.953 [Forwarding closeApp on session e9979048-770c-4b0a-8318-48798eddb49f to remote] DEBUG org.apache.http.wire - http-outgoing-0 << "Date: Mon, 02 Dec 2019 05:10:48 GMT[\r][\n]"
10:40:48.953 [Forwarding closeApp on session e9979048-770c-4b0a-8318-48798eddb49f to remote] DEBUG org.apache.http.wire - http-outgoing-0 << "Connection: keep-alive[\r][\n]"
10:40:48.953 [Forwarding closeApp on session e9979048-770c-4b0a-8318-48798eddb49f to remote] DEBUG org.apache.http.wire - http-outgoing-0 << "[\r][\n]"
10:40:48.955 [Forwarding closeApp on session e9979048-770c-4b0a-8318-48798eddb49f to remote] DEBUG org.apache.http.wire - http-outgoing-0 << "{"status":0,"value":"Successfully closed the [null] app.","sessionId":"e9979048-770c-4b0a-8318-48798eddb49f"}"
10:40:48.955 [Forwarding closeApp on session e9979048-770c-4b0a-8318-48798eddb49f to remote] DEBUG org.apache.http.headers - http-outgoing-0 << HTTP/1.1 200 OK
10:40:48.955 [Forwarding closeApp on session e9979048-770c-4b0a-8318-48798eddb49f to remote] DEBUG org.apache.http.headers - http-outgoing-0 << X-Powered-By: Express
10:40:48.955 [Forwarding closeApp on session e9979048-770c-4b0a-8318-48798eddb49f to remote] DEBUG org.apache.http.headers - http-outgoing-0 << Access-Control-Allow-Origin: *
10:40:48.955 [Forwarding closeApp on session e9979048-770c-4b0a-8318-48798eddb49f to remote] DEBUG org.apache.http.headers - http-outgoing-0 << Access-Control-Allow-Methods: GET,POST,PUT,OPTIONS,DELETE
10:40:48.955 [Forwarding closeApp on session e9979048-770c-4b0a-8318-48798eddb49f to remote] DEBUG org.apache.http.headers - http-outgoing-0 << Access-Control-Allow-Headers: origin, content-type, accept
10:40:48.955 [Forwarding closeApp on session e9979048-770c-4b0a-8318-48798eddb49f to remote] DEBUG org.apache.http.headers - http-outgoing-0 << Vary: X-HTTP-Method-Override
10:40:48.955 [Forwarding closeApp on session e9979048-770c-4b0a-8318-48798eddb49f to remote] DEBUG org.apache.http.headers - http-outgoing-0 << Content-Type: application/json; charset=utf-8
10:40:48.955 [Forwarding closeApp on session e9979048-770c-4b0a-8318-48798eddb49f to remote] DEBUG org.apache.http.headers - http-outgoing-0 << Content-Length: 109
10:40:48.955 [Forwarding closeApp on session e9979048-770c-4b0a-8318-48798eddb49f to remote] DEBUG org.apache.http.headers - http-outgoing-0 << Date: Mon, 02 Dec 2019 05:10:48 GMT
10:40:48.955 [Forwarding closeApp on session e9979048-770c-4b0a-8318-48798eddb49f to remote] DEBUG org.apache.http.headers - http-outgoing-0 << Connection: keep-alive
10:40:48.955 [Forwarding closeApp on session e9979048-770c-4b0a-8318-48798eddb49f to remote] DEBUG o.a.h.impl.execchain.MainClientExec - Connection can be kept alive indefinitely
10:40:48.955 [Forwarding closeApp on session e9979048-770c-4b0a-8318-48798eddb49f to remote] DEBUG o.a.h.i.c.PoolingHttpClientConnectionManager - Connection [id: 0][route: {}->http://localhost:4723] can be kept alive indefinitely
10:40:48.956 [Forwarding closeApp on session e9979048-770c-4b0a-8318-48798eddb49f to remote] DEBUG o.a.h.i.c.PoolingHttpClientConnectionManager - Connection released: [id: 0][route: {}->http://localhost:4723][total kept alive: 1; route allocated: 1 of 2000; total allocated: 1 of 2000]
10:41:08.957 [Forwarding runAppInBackground on session e9979048-770c-4b0a-8318-48798eddb49f to remote] DEBUG o.a.h.c.protocol.RequestAddCookies - CookieSpec selected: default
10:41:08.957 [Forwarding runAppInBackground on session e9979048-770c-4b0a-8318-48798eddb49f to remote] DEBUG o.a.h.c.protocol.RequestAuthCache - Auth cache not set in the context
10:41:08.957 [Forwarding runAppInBackground on session e9979048-770c-4b0a-8318-48798eddb49f to remote] DEBUG o.a.h.i.c.PoolingHttpClientConnectionManager - Connection request: [route: {}->http://localhost:4723][total kept alive: 1; route allocated: 1 of 2000; total allocated: 1 of 2000]
10:41:08.958 [Forwarding runAppInBackground on session e9979048-770c-4b0a-8318-48798eddb49f to remote] DEBUG org.apache.http.wire - http-outgoing-0 << "[read] I/O error: Read timed out"
10:41:08.958 [Forwarding runAppInBackground on session e9979048-770c-4b0a-8318-48798eddb49f to remote] DEBUG o.a.h.i.c.PoolingHttpClientConnectionManager - Connection leased: [id: 0][route: {}->http://localhost:4723][total kept alive: 0; route allocated: 1 of 2000; total allocated: 1 of 2000]
10:41:08.958 [Forwarding runAppInBackground on session e9979048-770c-4b0a-8318-48798eddb49f to remote] DEBUG o.a.h.impl.execchain.MainClientExec - Stale connection check
10:41:08.959 [Forwarding runAppInBackground on session e9979048-770c-4b0a-8318-48798eddb49f to remote] DEBUG org.apache.http.wire - http-outgoing-0 << "[read] I/O error: Read timed out"
10:41:08.959 [Forwarding runAppInBackground on session e9979048-770c-4b0a-8318-48798eddb49f to remote] DEBUG o.a.h.i.c.DefaultManagedHttpClientConnection - http-outgoing-0: set socket timeout to 10800000
10:41:08.959 [Forwarding runAppInBackground on session e9979048-770c-4b0a-8318-48798eddb49f to remote] DEBUG o.a.h.impl.execchain.MainClientExec - Executing request POST /wd/hub/session/e9979048-770c-4b0a-8318-48798eddb49f/appium/app/background HTTP/1.1
10:41:08.959 [Forwarding runAppInBackground on session e9979048-770c-4b0a-8318-48798eddb49f to remote] DEBUG o.a.h.impl.execchain.MainClientExec - Target auth state: UNCHALLENGED
10:41:08.959 [Forwarding runAppInBackground on session e9979048-770c-4b0a-8318-48798eddb49f to remote] DEBUG o.a.h.impl.execchain.MainClientExec - Proxy auth state: UNCHALLENGED
10:41:08.959 [Forwarding runAppInBackground on session e9979048-770c-4b0a-8318-48798eddb49f to remote] DEBUG org.apache.http.headers - http-outgoing-0 >> POST /wd/hub/session/e9979048-770c-4b0a-8318-48798eddb49f/appium/app/background HTTP/1.1
10:41:08.959 [Forwarding runAppInBackground on session e9979048-770c-4b0a-8318-48798eddb49f to remote] DEBUG org.apache.http.headers - http-outgoing-0 >> Content-Type: application/json; charset=utf-8
10:41:08.959 [Forwarding runAppInBackground on session e9979048-770c-4b0a-8318-48798eddb49f to remote] DEBUG org.apache.http.headers - http-outgoing-0 >> Content-Length: 13
10:41:08.959 [Forwarding runAppInBackground on session e9979048-770c-4b0a-8318-48798eddb49f to remote] DEBUG org.apache.http.headers - http-outgoing-0 >> Host: localhost:4723
10:41:08.959 [Forwarding runAppInBackground on session e9979048-770c-4b0a-8318-48798eddb49f to remote] DEBUG org.apache.http.headers - http-outgoing-0 >> Connection: Keep-Alive
10:41:08.959 [Forwarding runAppInBackground on session e9979048-770c-4b0a-8318-48798eddb49f to remote] DEBUG org.apache.http.headers - http-outgoing-0 >> User-Agent: Apache-HttpClient/4.5.2 (Java/1.8.0_121)
10:41:08.959 [Forwarding runAppInBackground on session e9979048-770c-4b0a-8318-48798eddb49f to remote] DEBUG org.apache.http.headers - http-outgoing-0 >> Accept-Encoding: gzip,deflate
10:41:08.959 [Forwarding runAppInBackground on session e9979048-770c-4b0a-8318-48798eddb49f to remote] DEBUG org.apache.http.wire - http-outgoing-0 >> "POST /wd/hub/session/e9979048-770c-4b0a-8318-48798eddb49f/appium/app/background HTTP/1.1[\r][\n]"
10:41:08.959 [Forwarding runAppInBackground on session e9979048-770c-4b0a-8318-48798eddb49f to remote] DEBUG org.apache.http.wire - http-outgoing-0 >> "Content-Type: application/json; charset=utf-8[\r][\n]"
10:41:08.959 [Forwarding runAppInBackground on session e9979048-770c-4b0a-8318-48798eddb49f to remote] DEBUG org.apache.http.wire - http-outgoing-0 >> "Content-Length: 13[\r][\n]"
10:41:08.959 [Forwarding runAppInBackground on session e9979048-770c-4b0a-8318-48798eddb49f to remote] DEBUG org.apache.http.wire - http-outgoing-0 >> "Host: localhost:4723[\r][\n]"
10:41:08.959 [Forwarding runAppInBackground on session e9979048-770c-4b0a-8318-48798eddb49f to remote] DEBUG org.apache.http.wire - http-outgoing-0 >> "Connection: Keep-Alive[\r][\n]"
10:41:08.959 [Forwarding runAppInBackground on session e9979048-770c-4b0a-8318-48798eddb49f to remote] DEBUG org.apache.http.wire - http-outgoing-0 >> "User-Agent: Apache-HttpClient/4.5.2 (Java/1.8.0_121)[\r][\n]"
10:41:08.960 [Forwarding runAppInBackground on session e9979048-770c-4b0a-8318-48798eddb49f to remote] DEBUG org.apache.http.wire - http-outgoing-0 >> "Accept-Encoding: gzip,deflate[\r][\n]"
10:41:08.960 [Forwarding runAppInBackground on session e9979048-770c-4b0a-8318-48798eddb49f to remote] DEBUG org.apache.http.wire - http-outgoing-0 >> "[\r][\n]"
10:41:08.960 [Forwarding runAppInBackground on session e9979048-770c-4b0a-8318-48798eddb49f to remote] DEBUG org.apache.http.wire - http-outgoing-0 >> "{"seconds":1}"
&amp#27;[36minfo&amp#27;[39m: &amp#27;[37m-->&amp#27;[39m &amp#27;[37mPOST&amp#27;[39m &amp#27;[37m/wd/hub/session/e9979048-770c-4b0a-8318-48798eddb49f/appium/app/background&amp#27;[39m &amp#27;[90m{"seconds":1}&amp#27;[39m
10:41:08.963 [Forwarding runAppInBackground on session e9979048-770c-4b0a-8318-48798eddb49f to remote] DEBUG org.apache.http.wire - http-outgoing-0 << "HTTP/1.1 500 Internal Server Error[\r][\n]"
10:41:08.963 [Forwarding runAppInBackground on session e9979048-770c-4b0a-8318-48798eddb49f to remote] DEBUG org.apache.http.wire - http-outgoing-0 << "X-Powered-By: Express[\r][\n]"
10:41:08.963 [Forwarding runAppInBackground on session e9979048-770c-4b0a-8318-48798eddb49f to remote] DEBUG org.apache.http.wire - http-outgoing-0 << "Access-Control-Allow-Origin: *[\r][\n]"
10:41:08.963 [Forwarding runAppInBackground on session e9979048-770c-4b0a-8318-48798eddb49f to remote] DEBUG org.apache.http.wire - http-outgoing-0 << "Access-Control-Allow-Methods: GET,POST,PUT,OPTIONS,DELETE[\r][\n]"
10:41:08.963 [Forwarding runAppInBackground on session e9979048-770c-4b0a-8318-48798eddb49f to remote] DEBUG org.apache.http.wire - http-outgoing-0 << "Access-Control-Allow-Headers: origin, content-type, accept[\r][\n]"
10:41:08.963 [Forwarding runAppInBackground on session e9979048-770c-4b0a-8318-48798eddb49f to remote] DEBUG org.apache.http.wire - http-outgoing-0 << "Vary: X-HTTP-Method-Override[\r][\n]"
10:41:08.963 [Forwarding runAppInBackground on session e9979048-770c-4b0a-8318-48798eddb49f to remote] DEBUG org.apache.http.wire - http-outgoing-0 << "Content-Type: application/json; charset=utf-8[\r][\n]"
10:41:08.963 [Forwarding runAppInBackground on session e9979048-770c-4b0a-8318-48798eddb49f to remote] DEBUG org.apache.http.wire - http-outgoing-0 << "Content-Length: 113[\r][\n]"
10:41:08.963 [Forwarding runAppInBackground on session e9979048-770c-4b0a-8318-48798eddb49f to remote] DEBUG org.apache.http.wire - http-outgoing-0 << "Date: Mon, 02 Dec 2019 05:11:08 GMT[\r][\n]"
10:41:08.963 [Forwarding runAppInBackground on session e9979048-770c-4b0a-8318-48798eddb49f to remote] DEBUG org.apache.http.wire - http-outgoing-0 << "Connection: keep-alive[\r][\n]"
10:41:08.963 [Forwarding runAppInBackground on session e9979048-770c-4b0a-8318-48798eddb49f to remote] DEBUG org.apache.http.wire - http-outgoing-0 << "[\r][\n]"
10:41:08.963 [Forwarding runAppInBackground on session e9979048-770c-4b0a-8318-48798eddb49f to remote] DEBUG org.apache.http.wire - http-outgoing-0 << "{"status":13,"value":"ERROR running Appium command: Cannot read property 'getFocusedPackageAndActivity' of null"}"
10:41:08.964 [Forwarding runAppInBackground on session e9979048-770c-4b0a-8318-48798eddb49f to remote] DEBUG org.apache.http.headers - http-outgoing-0 << HTTP/1.1 500 Internal Server Error
10:41:08.964 [Forwarding runAppInBackground on session e9979048-770c-4b0a-8318-48798eddb49f to remote] DEBUG org.apache.http.headers - http-outgoing-0 << X-Powered-By: Express
10:41:08.964 [Forwarding runAppInBackground on session e9979048-770c-4b0a-8318-48798eddb49f to remote] DEBUG org.apache.http.headers - http-outgoing-0 << Access-Control-Allow-Origin: *
10:41:08.964 [Forwarding runAppInBackground on session e9979048-770c-4b0a-8318-48798eddb49f to remote] DEBUG org.apache.http.headers - http-outgoing-0 << Access-Control-Allow-Methods: GET,POST,PUT,OPTIONS,DELETE
10:41:08.964 [Forwarding runAppInBackground on session e9979048-770c-4b0a-8318-48798eddb49f to remote] DEBUG org.apache.http.headers - http-outgoing-0 << Access-Control-Allow-Headers: origin, content-type, accept
10:41:08.964 [Forwarding runAppInBackground on session e9979048-770c-4b0a-8318-48798eddb49f to remote] DEBUG org.apache.http.headers - http-outgoing-0 << Vary: X-HTTP-Method-Override
10:41:08.964 [Forwarding runAppInBackground on session e9979048-770c-4b0a-8318-48798eddb49f to remote] DEBUG org.apache.http.headers - http-outgoing-0 << Content-Type: application/json; charset=utf-8
10:41:08.964 [Forwarding runAppInBackground on session e9979048-770c-4b0a-8318-48798eddb49f to remote] DEBUG org.apache.http.headers - http-outgoing-0 << Content-Length: 113
10:41:08.964 [Forwarding runAppInBackground on session e9979048-770c-4b0a-8318-48798eddb49f to remote] DEBUG org.apache.http.headers - http-outgoing-0 << Date: Mon, 02 Dec 2019 05:11:08 GMT
10:41:08.964 [Forwarding runAppInBackground on session e9979048-770c-4b0a-8318-48798eddb49f to remote] DEBUG org.apache.http.headers - http-outgoing-0 << Connection: keep-alive
10:41:08.964 [Forwarding runAppInBackground on session e9979048-770c-4b0a-8318-48798eddb49f to remote] DEBUG o.a.h.impl.execchain.MainClientExec - Connection can be kept alive indefinitely
&amp#27;[36minfo&amp#27;[39m: &amp#27;[37m<-- POST /wd/hub/session/e9979048-770c-4b0a-8318-48798eddb49f/appium/app/background &amp#27;[39m&amp#27;[31m500&amp#27;[39m&amp#27;[90m 2.214 ms - 113&amp#27;[39m &amp#27;[90m&amp#27;[39m
10:41:08.964 [Forwarding runAppInBackground on session e9979048-770c-4b0a-8318-48798eddb49f to remote] DEBUG o.a.h.i.c.PoolingHttpClientConnectionManager - Connection [id: 0][route: {}->http://localhost:4723] can be kept alive indefinitely
10:41:08.968 [Forwarding runAppInBackground on session e9979048-770c-4b0a-8318-48798eddb49f to remote] DEBUG o.a.h.i.c.PoolingHttpClientConnectionManager - Connection released: [id: 0][route: {}->http://localhost:4723][total kept alive: 1; route allocated: 1 of 2000; total allocated: 1 of 2000]
10:41:08.970 [Forwarding launchApp on session e9979048-770c-4b0a-8318-48798eddb49f to remote] DEBUG o.a.h.c.protocol.RequestAddCookies - CookieSpec selected: default
10:41:08.970 [Forwarding launchApp on session e9979048-770c-4b0a-8318-48798eddb49f to remote] DEBUG o.a.h.c.protocol.RequestAuthCache - Auth cache not set in the context
10:41:08.970 [Forwarding launchApp on session e9979048-770c-4b0a-8318-48798eddb49f to remote] DEBUG o.a.h.i.c.PoolingHttpClientConnectionManager - Connection request: [route: {}->http://localhost:4723][total kept alive: 1; route allocated: 1 of 2000; total allocated: 1 of 2000]
10:41:08.970 [Forwarding launchApp on session e9979048-770c-4b0a-8318-48798eddb49f to remote] DEBUG o.a.h.i.c.PoolingHttpClientConnectionManager - Connection leased: [id: 0][route: {}->http://localhost:4723][total kept alive: 0; route allocated: 1 of 2000; total allocated: 1 of 2000]
10:41:08.970 [Forwarding launchApp on session e9979048-770c-4b0a-8318-48798eddb49f to remote] DEBUG o.a.h.impl.execchain.MainClientExec - Stale connection check
10:41:08.971 [Forwarding launchApp on session e9979048-770c-4b0a-8318-48798eddb49f to remote] DEBUG org.apache.http.wire - http-outgoing-0 << "[read] I/O error: Read timed out"
10:41:08.971 [Forwarding launchApp on session e9979048-770c-4b0a-8318-48798eddb49f to remote] DEBUG o.a.h.i.c.DefaultManagedHttpClientConnection - http-outgoing-0: set socket timeout to 10800000
10:41:08.971 [Forwarding launchApp on session e9979048-770c-4b0a-8318-48798eddb49f to remote] DEBUG o.a.h.impl.execchain.MainClientExec - Executing request POST /wd/hub/session/e9979048-770c-4b0a-8318-48798eddb49f/appium/app/launch HTTP/1.1
10:41:08.971 [Forwarding launchApp on session e9979048-770c-4b0a-8318-48798eddb49f to remote] DEBUG o.a.h.impl.execchain.MainClientExec - Target auth state: UNCHALLENGED
10:41:08.971 [Forwarding launchApp on session e9979048-770c-4b0a-8318-48798eddb49f to remote] DEBUG o.a.h.impl.execchain.MainClientExec - Proxy auth state: UNCHALLENGED
10:41:08.971 [Forwarding launchApp on session e9979048-770c-4b0a-8318-48798eddb49f to remote] DEBUG org.apache.http.headers - http-outgoing-0 >> POST /wd/hub/session/e9979048-770c-4b0a-8318-48798eddb49f/appium/app/launch HTTP/1.1
10:41:08.971 [Forwarding launchApp on session e9979048-770c-4b0a-8318-48798eddb49f to remote] DEBUG org.apache.http.headers - http-outgoing-0 >> Content-Type: application/json; charset=utf-8
10:41:08.971 [Forwarding launchApp on session e9979048-770c-4b0a-8318-48798eddb49f to remote] DEBUG org.apache.http.headers - http-outgoing-0 >> Content-Length: 2
10:41:08.971 [Forwarding launchApp on session e9979048-770c-4b0a-8318-48798eddb49f to remote] DEBUG org.apache.http.headers - http-outgoing-0 >> Host: localhost:4723
10:41:08.971 [Forwarding launchApp on session e9979048-770c-4b0a-8318-48798eddb49f to remote] DEBUG org.apache.http.headers - http-outgoing-0 >> Connection: Keep-Alive
10:41:08.971 [Forwarding launchApp on session e9979048-770c-4b0a-8318-48798eddb49f to remote] DEBUG org.apache.http.headers - http-outgoing-0 >> User-Agent: Apache-HttpClient/4.5.2 (Java/1.8.0_121)
10:41:08.971 [Forwarding launchApp on session e9979048-770c-4b0a-8318-48798eddb49f to remote] DEBUG org.apache.http.headers - http-outgoing-0 >> Accept-Encoding: gzip,deflate
10:41:08.971 [Forwarding launchApp on session e9979048-770c-4b0a-8318-48798eddb49f to remote] DEBUG org.apache.http.wire - http-outgoing-0 >> "POST /wd/hub/session/e9979048-770c-4b0a-8318-48798eddb49f/appium/app/launch HTTP/1.1[\r][\n]"
10:41:08.971 [Forwarding launchApp on session e9979048-770c-4b0a-8318-48798eddb49f to remote] DEBUG org.apache.http.wire - http-outgoing-0 >> "Content-Type: application/json; charset=utf-8[\r][\n]"
10:41:08.971 [Forwarding launchApp on session e9979048-770c-4b0a-8318-48798eddb49f to remote] DEBUG org.apache.http.wire - http-outgoing-0 >> "Content-Length: 2[\r][\n]"
10:41:08.971 [Forwarding launchApp on session e9979048-770c-4b0a-8318-48798eddb49f to remote] DEBUG org.apache.http.wire - http-outgoing-0 >> "Host: localhost:4723[\r][\n]"
10:41:08.971 [Forwarding launchApp on session e9979048-770c-4b0a-8318-48798eddb49f to remote] DEBUG org.apache.http.wire - http-outgoing-0 >> "Connection: Keep-Alive[\r][\n]"
10:41:08.971 [Forwarding launchApp on session e9979048-770c-4b0a-8318-48798eddb49f to remote] DEBUG org.apache.http.wire - http-outgoing-0 >> "User-Agent: Apache-HttpClient/4.5.2 (Java/1.8.0_121)[\r][\n]"
10:41:08.971 [Forwarding launchApp on session e9979048-770c-4b0a-8318-48798eddb49f to remote] DEBUG org.apache.http.wire - http-outgoing-0 >> "Accept-Encoding: gzip,deflate[\r][\n]"
10:41:08.971 [Forwarding launchApp on session e9979048-770c-4b0a-8318-48798eddb49f to remote] DEBUG org.apache.http.wire - http-outgoing-0 >> "[\r][\n]"
10:41:08.971 [Forwarding launchApp on session e9979048-770c-4b0a-8318-48798eddb49f to remote] DEBUG org.apache.http.wire - http-outgoing-0 >> "{}"
10:41:08.973 [Forwarding launchApp on session e9979048-770c-4b0a-8318-48798eddb49f to remote] DEBUG org.apache.http.wire - http-outgoing-0 << "end of stream"
10:41:08.973 [Forwarding launchApp on session e9979048-770c-4b0a-8318-48798eddb49f to remote] DEBUG o.a.h.i.c.DefaultManagedHttpClientConnection - http-outgoing-0: Close connection
TypeError: Cannot read property 'getFocusedPackageAndActivity' of null
    at [object Object].androidCommon.background (C:\Program Files (x86)\Appium\node_modules\appium\lib\devices\android\android-common.js:102:11)
    at exports.background (C:\Program Files (x86)\Appium\node_modules\appium\lib\server\controller.js:245:16)
    at Layer.handle [as handle_request] (C:\Program Files (x86)\Appium\node_modules\appium\node_modules\express\lib\router\layer.js:82:5)
    at next (C:\Program Files (x86)\Appium\node_modules\appium\node_modules\express\lib\router\route.js:110:13)
    at Route.dispatch (C:\Program Files (x86)\Appium\node_modules\appium\node_modules\express\lib\router\route.js:91:3)
    at Layer.handle [as handle_request] (C:\Program Files (x86)\Appium\node_modules\appium\node_modules\express\lib\router\layer.js:82:5)
    at C:\Program Files (x86)\Appium\node_modules\appium\node_modules\express\lib\router\index.js:267:22
    at param (C:\Program Files (x86)\Appium\node_modules\appium\node_modules\express\10:41:08.973 [Forwarding launchApp on session e9979048-770c-4b0a-8318-48798eddb49f to remote] DEBUG o.a.h.i.c.DefaultManagedHttpClientConnection - http-outgoing-0: Shutdown connection
lib\router\index.js:340:14)
    at param (C:\Program Files (x86)\Appium\node_modules\appium\node_modules\express\lib\router\index.js:356:14)
    at Function.proto.process_params (C:\Program Files (x86)\Appium\node_modules\appium\node_modules\express\lib\router\index.js:400:3)
    at next (C:\Program Files (x86)\Appium\node_modules\appium\node_modules\express\lib\router\index.js:261:10)
    at next (C:\Program Files (x86)\Appium\node_modules\appium\node_modules\express\lib\router\route.js:100:14)
    at next (C:\Program Files (x86)\Appium\node_modules\appium\node_modules\express\lib\router\route.js:104:14)
    at next (C:\Program Files (x86)\Appium\node_modules\appium\node_modules\express\lib\router\route.js:104:14)
    at next (C:\Program Files (x86)\Appium\node_modules\appium\node_modules\express\lib\router\route.js:104:14)
    at next (C:\Program Files (x86)\Appium\node_modules\appium\node_modules\express\lib\router\route.js:104:14)
    at next (C:\Program Files (x86)\Appium\node_modules\appium\node_modules10:41:08.989 [Forwarding launchApp on session e9979048-770c-4b0a-8318-48798eddb49f to remote] DEBUG o.a.h.impl.execchain.MainClientExec - Connection discarded
\express\lib\router\route.js:104:14)
    at next (C:\Program Files (x86)\Appium\node_modules\appium\node_modules\express\lib\router\route.js:104:14)
    at next (C:\Program Files (x86)\Appium\node_modules\appium\node_modules\express\lib\router\route.js:104:14)
    at next (C:\Program Files (x86)\Appium\node_modules\appium\node_modules\express\lib\router\route.js:104:14)
    at next (C:\Program Files (x86)\Appium\node_modules\appium\node_modules\express\lib\router\route.js:104:14)
    at next (C:\Program Files (x86)\Appium\node_modules\appium\node_modules\express\lib\router\route.js:104:14)
    at exports.sessionBeforeFilter (C:\Program Files (x86)\Appium\node_modules\appium\lib\server\controller.js:56:5)
    at Layer.handle [as handle_request] (C:\Program Files (x86)\Appium\node_modules\appium\node_modules\express\lib\router\layer.js:82:5)
    at next (C:\Program Files (x86)\Appium\node_modules\appium\node_modules\express\lib\router\route.js:110:13)
    at next (C:\Program Files (x86)\Appium\node_modules\appium\node_modules\express\lib\router\route.js:104:14)
    at next (C:\Program Files (x86)\Appium\node_modules\appium\node_modules\express\lib\router\route.js:104:14)
    at next (C:\Program Files (x86)\Appium\node_modules\appium\node_modules\express\lib\router\route.js:104:14)
    at next (C:\Program Files (x86)\Appium\node_modules\appium\node_modules\express\lib\router\route.js:104:14)
    at next (C:\Program Files (x86)\Appium\node_modules\appium\node_modules\express\lib\router\route.js:104:14)
    at next (C:\Program Files (x86)\Appium\node_modules\appium\node_modules\express\lib\router\route.js:104:14)
    at next (C:\Program Files (x86)\Appium\node_modules\appium\node_modules\express\lib\router\route.js:104:14)
    at next (C:\Program Files (x86)\Appium\node_modules\appium\node_modules\express\lib\router\route.js:104:14)
    at next (C:\Program Files (x86)\Appium\node_modules\appium\node_modules\express\lib\router\route.js:104:14)
    at next (C:\Program Files (x86)\Appium\node_modules\appium\node_modules\express\lib\router\route.js:104:14)
    at next (C:\Program Files (x86)\Appium\node_modules\appium\node_modules\express\lib\router\route.js:104:14)
    at ne10:41:09.001 [Forwarding launchApp on session e9979048-770c-4b0a-8318-48798eddb49f to remote] DEBUG o.a.h.i.c.PoolingHttpClientConnectionManager - Connection released: [id: 0][route: {}->http://localhost:4723][total kept alive: 0; route allocated: 0 of 2000; total allocated: 0 of 2000]
xt (C:\Program Files (x86)\Appium\node_modules\appium\node_modules\express\lib\router\route.js:104:14)
    at next (C:\Program Files (x86)\Appium\node_modules\appium\node_modules\express\lib\router\route.js:104:14)
    at next (C:\Program Files (x86)\Appium\node_modules\appium\node_modules\express\lib\router\route.js:104:14)
    at next (C:\Program Files (x86)\Appium\node_modules\appium\node_modules\express\lib\router\route.js:104:14)
    at Route.dispatch (C:\Program Files (x86)\Appium\node_modules\appium\node_modules\express\lib\router\route.js:91:3)
    at Layer.handle [as handle_request] (C:\Program Files (x86)\Appium\node_modules\appium\node_modules\express\lib\router\layer.js:82:5)
    at C:\Program Files (x86)\Appium\node_modules\appium\node_modules\express\lib\router\index.js:267:22
    at Function.proto.process_params (C:\Program Files (x86)\Appium\node_modules\appium\node_modules\express\lib\router\index.js:321:12)
    at next (C:\Program Files (x86)\Appium\node_modules\appium\node_modules\express\lib\router\index.js:261:10)
    at next (C:\Program Files (x86)\Appium\node_modules\appium\node_modules\express\lib\router\route.js:100:14)
    at next (C:\Program Files (x86)\Appium\node_modules\appium\node_modules\express\lib\router\route.js:104:14)
    at next (C:\Program Files (x86)\Appium\node_modules\appium\node_modules\express\lib\router\route.js:104:14)
    at next (C:\Program Files (x86)\Appium\node_modules\appium\node_modules\express\lib\router\route.js:104:14)
    at next (C:\Program Files (x86)\Appium\node_modules\appium\node_modules\express\lib\router\route.js:104:14)
    at next (C:\Program Files (x86)\Appium\node_modules\appium\node_modules\express\lib\router\route.js:104:14)
    at next (C:\Program Files (x86)\Appium\node_modules\appium\node_modules\express\lib\router\route.js:104:14)
    at next (C:\Program Files (x86)\Appium\node_modules\appium\node_modules\express\lib\router\route.js:104:14)
    at next (C:\Program Files (x86)\Appium\node_modules\appium\node_modules\express\lib\router\route.js:104:14)
    at next (C:\Program Files (x86)\Appium\node_modules\appium\node_modules\express\lib\router\route.js:104:14)
    at next (C:\Program Files (x86)\Appium\node_modules\appium\node_modules\express\lib\router\route.js:104:14)
    at C:\Program Files (x86)\Appium\node_modules\appium\lib\server\controller.js:39:7
    at Layer.handle [as handle_request] (C:\Program Files (x86)\Appium\node_modules\appium\node_modules\express\lib\router\layer.js:82:5)
    at next (C:\Program Files (x86)\Appium\node_modules\appium\node_modules\express\lib\router\route.js:110:13)
    at next (C:\Program Files (x86)\Appium\node_modules\appium\node_modules\express\lib\router\route.js:104:14)
    at next (C:\Program Files (x86)\Appium\node_modules\appium\node_modules\express\lib\router\route.js:104:14)
    at next (C:\Program Files (x86)\Appium\node_modules\appium\node_modules\express\lib\router\route.js:104:14)
    at next (C:\Program Files (x86)\Appium\node_modules\appium\node_modules\express\lib\router\route.js:104:14)
    at next (C:\Program Files (x86)\Appium\node_modules\appium\node_modules\express\lib\router\route.js:104:14)
10:41:11.015 [Forwarding launchApp on session e9979048-770c-4b0a-8318-48798eddb49f to remote] DEBUG o.a.h.c.protocol.RequestAddCookies - CookieSpec selected: default
10:41:11.015 [Forwarding launchApp on session e9979048-770c-4b0a-8318-48798eddb49f to remote] DEBUG o.a.h.c.protocol.RequestAuthCache - Auth cache not set in the context
10:41:11.015 [Forwarding launchApp on session e9979048-770c-4b0a-8318-48798eddb49f to remote] DEBUG o.a.h.i.c.PoolingHttpClientConnectionManager - Connection request: [route: {}->http://localhost:4723][total kept alive: 0; route allocated: 0 of 2000; total allocated: 0 of 2000]
10:41:11.016 [Forwarding launchApp on session e9979048-770c-4b0a-8318-48798eddb49f to remote] DEBUG o.a.h.i.c.PoolingHttpClientConnectionManager - Connection leased: [id: 1][route: {}->http://localhost:4723][total kept alive: 0; route allocated: 1 of 2000; total allocated: 1 of 2000]
10:41:11.016 [Forwarding launchApp on session e9979048-770c-4b0a-8318-48798eddb49f to remote] DEBUG o.a.h.impl.execchain.MainClientExec - Opening connection {}->http://localhost:4723
10:41:11.018 [Forwarding launchApp on session e9979048-770c-4b0a-8318-48798eddb49f to remote] DEBUG o.a.h.i.c.DefaultHttpClientConnectionOperator - Connecting to localhost/127.0.0.1:4723
10:41:11.019 [Forwarding launchApp on session e9979048-770c-4b0a-8318-48798eddb49f to remote] DEBUG o.a.h.i.c.DefaultHttpClientConnectionOperator - Connection established 127.0.0.1:55412<->127.0.0.1:4723
10:41:11.019 [Forwarding launchApp on session e9979048-770c-4b0a-8318-48798eddb49f to remote] DEBUG o.a.h.i.c.DefaultManagedHttpClientConnection - http-outgoing-1: set socket timeout to 10800000
10:41:11.019 [Forwarding launchApp on session e9979048-770c-4b0a-8318-48798eddb49f to remote] DEBUG o.a.h.impl.execchain.MainClientExec - Executing request POST /wd/hub/session/e9979048-770c-4b0a-8318-48798eddb49f/appium/app/launch HTTP/1.1
10:41:11.019 [Forwarding launchApp on session e9979048-770c-4b0a-8318-48798eddb49f to remote] DEBUG o.a.h.impl.execchain.MainClientExec - Target auth state: UNCHALLENGED
10:41:11.019 [Forwarding launchApp on session e9979048-770c-4b0a-8318-48798eddb49f to remote] DEBUG o.a.h.impl.execchain.MainClientExec - Proxy auth state: UNCHALLENGED
10:41:11.019 [Forwarding launchApp on session e9979048-770c-4b0a-8318-48798eddb49f to remote] DEBUG org.apache.http.headers - http-outgoing-1 >> POST /wd/hub/session/e9979048-770c-4b0a-8318-48798eddb49f/appium/app/launch HTTP/1.1
10:41:11.019 [Forwarding launchApp on session e9979048-770c-4b0a-8318-48798eddb49f to remote] DEBUG org.apache.http.headers - http-outgoing-1 >> Content-Type: application/json; charset=utf-8
10:41:11.019 [Forwarding launchApp on session e9979048-770c-4b0a-8318-48798eddb49f to remote] DEBUG org.apache.http.headers - http-outgoing-1 >> Content-Length: 2
10:41:11.019 [Forwarding launchApp on session e9979048-770c-4b0a-8318-48798eddb49f to remote] DEBUG org.apache.http.headers - http-outgoing-1 >> Host: localhost:4723
10:41:11.019 [Forwarding launchApp on session e9979048-770c-4b0a-8318-48798eddb49f to remote] DEBUG org.apache.http.headers - http-outgoing-1 >> Connection: Keep-Alive
10:41:11.019 [Forwarding launchApp on session e9979048-770c-4b0a-8318-48798eddb49f to remote] DEBUG org.apache.http.headers - http-outgoing-1 >> User-Agent: Apache-HttpClient/4.5.2 (Java/1.8.0_121)
10:41:11.019 [Forwarding launchApp on session e9979048-770c-4b0a-8318-48798eddb49f to remote] DEBUG org.apache.http.headers - http-outgoing-1 >> Accept-Encoding: gzip,deflate
10:41:11.019 [Forwarding launchApp on session e9979048-770c-4b0a-8318-48798eddb49f to remote] DEBUG org.apache.http.wire - http-outgoing-1 >> "POST /wd/hub/session/e9979048-770c-4b0a-8318-48798eddb49f/appium/app/launch HTTP/1.1[\r][\n]"
10:41:11.019 [Forwarding launchApp on session e9979048-770c-4b0a-8318-48798eddb49f to remote] DEBUG org.apache.http.wire - http-outgoing-1 >> "Content-Type: application/json; charset=utf-8[\r][\n]"
10:41:11.019 [Forwarding launchApp on session e9979048-770c-4b0a-8318-48798eddb49f to remote] DEBUG org.apache.http.wire - http-outgoing-1 >> "Content-Length: 2[\r][\n]"
10:41:11.019 [Forwarding launchApp on session e9979048-770c-4b0a-8318-48798eddb49f to remote] DEBUG org.apache.http.wire - http-outgoing-1 >> "Host: localhost:4723[\r][\n]"
10:41:11.019 [Forwarding launchApp on session e9979048-770c-4b0a-8318-48798eddb49f to remote] DEBUG org.apache.http.wire - http-outgoing-1 >> "Connection: Keep-Alive[\r][\n]"
10:41:11.019 [Forwarding launchApp on session e9979048-770c-4b0a-8318-48798eddb49f to remote] DEBUG org.apache.http.wire - http-outgoing-1 >> "User-Agent: Apache-HttpClient/4.5.2 (Java/1.8.0_121)[\r][\n]"
10:41:11.019 [Forwarding launchApp on session e9979048-770c-4b0a-8318-48798eddb49f to remote] DEBUG org.apache.http.wire - http-outgoing-1 >> "Accept-Encoding: gzip,deflate[\r][\n]"
10:41:11.019 [Forwarding launchApp on session e9979048-770c-4b0a-8318-48798eddb49f to remote] DEBUG org.apache.http.wire - http-outgoing-1 >> "[\r][\n]"
10:41:11.019 [Forwarding launchApp on session e9979048-770c-4b0a-8318-48798eddb49f to remote] DEBUG org.apache.http.wire - http-outgoing-1 >> "{}"
&amp#27;[36minfo&amp#27;[39m: &amp#27;[37m-->&amp#27;[39m &amp#27;[37mPOST&amp#27;[39m &amp#27;[37m/wd/hub/session/e9979048-770c-4b0a-8318-48798eddb49f/appium/app/launch&amp#27;[39m &amp#27;[90m{}&amp#27;[39m
&amp#27;[36minfo&amp#27;[39m: Starting android appium
&amp#27;[36minfo&amp#27;[39m: [debug] Checking whether adb is present
&amp#27;[36minfo&amp#27;[39m: [debug] Using adb from E:\Android_Sdk\platform-tools\adb.exe
&amp#27;[33mwarn&amp#27;[39m: No app capability, can't parse package/activity
&amp#27;[36minfo&amp#27;[39m: [debug] Using fast reset? false
&amp#27;[36minfo&amp#27;[39m: [debug] Preparing device for session
&amp#27;[36minfo&amp#27;[39m: [debug] Not checking whether app is present since we are assuming it's already on the device
&amp#27;[36minfo&amp#27;[39m: Retrieving device
&amp#27;[36minfo&amp#27;[39m: [debug] Trying to find a connected android device
&amp#27;[36minfo&amp#27;[39m: [debug] Getting connected devices...
&amp#27;[36minfo&amp#27;[39m: [debug] executing cmd: E:\Android_Sdk\platform-tools\adb.exe devices
&amp#27;[36minfo&amp#27;[39m: [debug] 1 device(s) connected
&amp#27;[36minfo&amp#27;[39m: Found device 330030d996c89347
&amp#27;[36minfo&amp#27;[39m: [debug] Setting device id to 330030d996c89347
&amp#27;[36minfo&amp#27;[39m: [debug] Waiting for device to be ready and to respond to shell commands (timeout = 5)
&amp#27;[36minfo&amp#27;[39m: [debug] executing cmd: E:\Android_Sdk\platform-tools\adb.exe -s 330030d996c89347 wait-for-device
&amp#27;[36minfo&amp#27;[39m: [debug] executing cmd: E:\Android_Sdk\platform-tools\adb.exe -s 330030d996c89347 shell "echo 'ready'"
&amp#27;[36minfo&amp#27;[39m: [debug] Starting logcat capture
&amp#27;[36minfo&amp#27;[39m: [debug] Getting device API level
&amp#27;[36minfo&amp#27;[39m: [debug] executing cmd: E:\Android_Sdk\platform-tools\adb.exe -s 330030d996c89347 shell "getprop ro.build.version.sdk"
&amp#27;[36minfo&amp#27;[39m: [debug] Device is at API Level 23
&amp#27;[36minfo&amp#27;[39m: Device API level is: 23
&amp#27;[36minfo&amp#27;[39m: [debug] Extracting strings for language: default
&amp#27;[36minfo&amp#27;[39m: [debug] Apk doesn't exist locally
&amp#27;[36minfo&amp#27;[39m: [debug] Could not get strings, but it looks like we had an old strings file anyway, so ignoring
&amp#27;[36minfo&amp#27;[39m: [debug] executing cmd: E:\Android_Sdk\platform-tools\adb.exe -s 330030d996c89347 shell "rm -rf /data/local/tmp/strings.json"
&amp#27;[36minfo&amp#27;[39m: [debug] Not uninstalling app since server not started with --full-reset
&amp#27;[36minfo&amp#27;[39m: [debug] Skipping install since we launched with a package instead of an app path
&amp#27;[36minfo&amp#27;[39m: [debug] Forwarding system:4724 to device:4724
&amp#27;[36minfo&amp#27;[39m: [debug] executing cmd: E:\Android_Sdk\platform-tools\adb.exe -s 330030d996c89347 forward tcp:4724 tcp:4724
&amp#27;[36minfo&amp#27;[39m: [debug] Pushing appium bootstrap to device...
&amp#27;[36minfo&amp#27;[39m: [debug] executing cmd: E:\Android_Sdk\platform-tools\adb.exe -s 330030d996c89347 push "C:\\Program Files (x86)\\Appium\\node_modules\\appium\\build\\android_bootstrap\\AppiumBootstrap.jar" /data/local/tmp/
&amp#27;[36minfo&amp#27;[39m: [debug] Pushing settings apk to device...
&amp#27;[36minfo&amp#27;[39m: [debug] executing cmd: E:\Android_Sdk\platform-tools\adb.exe -s 330030d996c89347 install "C:\Program Files (x86)\Appium\node_modules\appium\build\settings_apk\settings_apk-debug.apk"
&amp#27;[36minfo&amp#27;[39m: [debug] Pushing unlock helper app to device...
&amp#27;[36minfo&amp#27;[39m: [debug] executing cmd: E:\Android_Sdk\platform-tools\adb.exe -s 330030d996c89347 install "C:\Program Files (x86)\Appium\node_modules\appium\build\unlock_apk\unlock_apk-debug.apk"
&amp#27;[36minfo&amp#27;[39m: Starting App
&amp#27;[36minfo&amp#27;[39m: [debug] Attempting to kill all 'uiautomator' processes
&amp#27;[36minfo&amp#27;[39m: [debug] Getting all processes with 'uiautomator'
&amp#27;[36minfo&amp#27;[39m: [debug] executing cmd: E:\Android_Sdk\platform-tools\adb.exe -s 330030d996c89347 shell "ps 'uiautomator'"
&amp#27;[36minfo&amp#27;[39m: [debug] No matching processes found
&amp#27;[36minfo&amp#27;[39m: [debug] Running bootstrap
&amp#27;[36minfo&amp#27;[39m: [debug] spawning: E:\Android_Sdk\platform-tools\adb.exe -s 330030d996c89347 shell uiautomator runtest AppiumBootstrap.jar -c io.appium.android.bootstrap.Bootstrap -e pkg tv.hooq.android -e disableAndroidWatchers false
&amp#27;[36minfo&amp#27;[39m: [debug] &amp#27;[90m[UIAUTOMATOR STDOUT] INSTRUMENTATION_STATUS: numtests=1&amp#27;[39m
&amp#27;[36minfo&amp#27;[39m: [debug] &amp#27;[90m[UIAUTOMATOR STDOUT] INSTRUMENTATION_STATUS: stream=&amp#27;[39m
&amp#27;[36minfo&amp#27;[39m: [debug] &amp#27;[90m[UIAUTOMATOR STDOUT] io.appium.android.bootstrap.Bootstrap:&amp#27;[39m
&amp#27;[36minfo&amp#27;[39m: [debug] &amp#27;[90m[UIAUTOMATOR STDOUT] INSTRUMENTATION_STATUS: id=UiAutomatorTestRunner&amp#27;[39m
&amp#27;[36minfo&amp#27;[39m: [debug] &amp#27;[90m[UIAUTOMATOR STDOUT] INSTRUMENTATION_STATUS: test=testRunServer&amp#27;[39m
&amp#27;[36minfo&amp#27;[39m: [debug] &amp#27;[90m[UIAUTOMATOR STDOUT] INSTRUMENTATION_STATUS: class=io.appium.android.bootstrap.Bootstrap&amp#27;[39m
&amp#27;[36minfo&amp#27;[39m: [debug] &amp#27;[90m[UIAUTOMATOR STDOUT] INSTRUMENTATION_STATUS: current=1&amp#27;[39m
&amp#27;[36minfo&amp#27;[39m: [debug] &amp#27;[90m[UIAUTOMATOR STDOUT] INSTRUMENTATION_STATUS_CODE: 1&amp#27;[39m
&amp#27;[36minfo&amp#27;[39m: [debug] [BOOTSTRAP] [debug] Socket opened on port 4724
&amp#27;[36minfo&amp#27;[39m: [debug] [BOOTSTRAP] [debug] Appium Socket Server Ready
&amp#27;[36minfo&amp#27;[39m: [debug] [BOOTSTRAP] [debug] Loading json...
&amp#27;[36minfo&amp#27;[39m: [debug] [BOOTSTRAP] [debug] Registered crash watchers.
&amp#27;[36minfo&amp#27;[39m: [debug] Waking up device if it's not alive
&amp#27;[36minfo&amp#27;[39m: [debug] Pushing command to appium work queue: ["wake",{}]
&amp#27;[36minfo&amp#27;[39m: [debug] [BOOTSTRAP] [debug] Client connected
&amp#27;[36minfo&amp#27;[39m: [debug] [BOOTSTRAP] [debug] Got data from client: {"cmd":"action","action":"wake","params":{}}
&amp#27;[36minfo&amp#27;[39m: [debug] [BOOTSTRAP] [debug] Got command of type ACTION
&amp#27;[36minfo&amp#27;[39m: [debug] [BOOTSTRAP] [debug] Got command action: wake
&amp#27;[36minfo&amp#27;[39m: [debug] [BOOTSTRAP] [debug] Returning result: {"status":0,"value":true}
&amp#27;[36minfo&amp#27;[39m: [debug] executing cmd: E:\Android_Sdk\platform-tools\adb.exe -s 330030d996c89347 shell "dumpsys window"
&amp#27;[36minfo&amp#27;[39m: [debug] Screen already unlocked, continuing.
&amp#27;[36minfo&amp#27;[39m: [debug] Pushing command to appium work queue: ["getDataDir",{}]
&amp#27;[36minfo&amp#27;[39m: [debug] [BOOTSTRAP] [debug] Got data from client: {"cmd":"action","action":"getDataDir","params":{}}
&amp#27;[36minfo&amp#27;[39m: [debug] [BOOTSTRAP] [debug] Got command of type ACTION
&amp#27;[36minfo&amp#27;[39m: [debug] [BOOTSTRAP] [debug] Got command action: getDataDir
&amp#27;[36minfo&amp#27;[39m: [debug] [BOOTSTRAP] [debug] Returning result: {"status":0,"value":"\/data\/local\/tmp"}
&amp#27;[36minfo&amp#27;[39m: [debug] dataDir set to: /data/local/tmp
&amp#27;[36minfo&amp#27;[39m: [debug] Pushing command to appium work queue: ["compressedLayoutHierarchy",{"compressLayout":false}]
&amp#27;[36minfo&amp#27;[39m: [debug] [BOOTSTRAP] [debug] Got data from client: {"cmd":"action","action":"compressedLayoutHierarchy","params":{"compressLayout":false}}
&amp#27;[36minfo&amp#27;[39m: [debug] [BOOTSTRAP] [debug] Got command of type ACTION
&amp#27;[36minfo&amp#27;[39m: [debug] [BOOTSTRAP] [debug] Got command action: compressedLayoutHierarchy
&amp#27;[36minfo&amp#27;[39m: [debug] [BOOTSTRAP] [debug] Returning result: {"status":0,"value":false}
&amp#27;[36minfo&amp#27;[39m: [debug] Getting device API level
&amp#27;[36minfo&amp#27;[39m: [debug] executing cmd: E:\Android_Sdk\platform-tools\adb.exe -s 330030d996c89347 shell "getprop ro.build.version.sdk"
&amp#27;[36minfo&amp#27;[39m: [debug] Device is at API Level 23
&amp#27;[36minfo&amp#27;[39m: [debug] executing cmd: E:\Android_Sdk\platform-tools\adb.exe -s 330030d996c89347 shell "am start -S -a android.intent.action.MAIN -c android.intent.category.LAUNCHER -f 0x10200000 -n tv.hooq.android/tv.hooq.androidbeta.features.launcher.SplashActivity"
&amp#27;[36minfo&amp#27;[39m: [debug] Waiting for pkg "tv.hooq.android" and activity "tv.hooq.androidbeta.features.launcher.SplashActivity" to be focused
&amp#27;[36minfo&amp#27;[39m: [debug] Getting focused package and activity
&amp#27;[36minfo&amp#27;[39m: [debug] executing cmd: E:\Android_Sdk\platform-tools\adb.exe -s 330030d996c89347 shell "dumpsys window windows"
&amp#27;[36minfo&amp#27;[39m: [debug] executing cmd: E:\Android_Sdk\platform-tools\adb.exe -s 330030d996c89347 shell "getprop ro.build.version.release"
&amp#27;[36minfo&amp#27;[39m: [debug] Device is at release version 6.0.1
&amp#27;[36minfo&amp#27;[3910:41:19.373 [Forwarding launchApp on session e9979048-770c-4b0a-8318-48798eddb49f to remote] DEBUG org.apache.http.wire - http-outgoing-1 << "HTTP/1.1 200 OK[\r][\n]"
10:41:19.373 [Forwarding launchApp on session e9979048-770c-4b0a-8318-48798eddb49f to remote] DEBUG org.apache.http.wire - http-outgoing-1 << "X-Powered-By: Express[\r][\n]"
10:41:19.373 [Forwarding launchApp on session e9979048-770c-4b0a-8318-48798eddb49f to remote] DEBUG org.apache.http.wire - http-outgoing-1 << "Access-Control-Allow-Origin: *[\r][\n]"
10:41:19.373 [Forwarding launchApp on session e9979048-770c-4b0a-8318-48798eddb49f to remote] DEBUG org.apache.http.wire - http-outgoing-1 << "Access-Control-Allow-Methods: GET,POST,PUT,OPTIONS,DELETE[\r][\n]"
10:41:19.373 [Forwarding launchApp on session e9979048-770c-4b0a-8318-48798eddb49f to remote] DEBUG org.apache.http.wire - http-outgoing-1 << "Access-Control-Allow-Headers: origin, content-type, accept[\r][\n]"
10:41:19.373 [Forwarding launchApp on session e9979048-770c-4b0a-8318-48798eddb49f to remote] DEBUG org.apache.http.wire - http-outgoing-1 << "Vary: X-HTTP-Method-Override[\r][\n]"
10:41:19.373 [Forwarding launchApp on session e9979048-770c-4b0a-8318-48798eddb49f to remote] DEBUG org.apache.http.wire - http-outgoing-1 << "Content-Type: application/json; charset=utf-8[\r][\n]"
10:41:19.373 [Forwarding launchApp on session e9979048-770c-4b0a-8318-48798eddb49f to remote] DEBUG org.apache.http.wire - http-outgoing-1 << "Content-Length: 104[\r][\n]"
10:41:19.373 [Forwarding launchApp on session e9979048-770c-4b0a-8318-48798eddb49f to remote] DEBUG org.apache.http.wire - http-outgoing-1 << "Date: Mon, 02 Dec 2019 05:11:19 GMT[\r][\n]"
10:41:19.373 [Forwarding launchApp on session e9979048-770c-4b0a-8318-48798eddb49f to remote] DEBUG org.apache.http.wire - http-outgoing-1 << "Connection: keep-alive[\r][\n]"
10:41:19.373 [Forwarding launchApp on session e9979048-770c-4b0a-8318-48798eddb49f to remote] DEBUG org.apache.http.wire - http-outgoing-1 << "[\r][\n]"
10:41:19.373 [Forwarding launchApp on session e9979048-770c-4b0a-8318-48798eddb49f to remote] DEBUG org.apache.http.wire - http-outgoing-1 << "{"status":0,"value":"Successfully launched the app.","sessionId":"e9979048-770c-4b0a-8318-48798eddb49f"}"
m: [debug] Responding to client with success: {"status":0,"value":"Successfully launched the app.","sessionId":"e9979048-770c-4b0a-8318-48798eddb49f"}
&amp#27;[36minfo&amp#27;[39m: &amp#27;[37m<-- POST /wd/hub/session/e9979048-770c-4b0a-8318-48798eddb49f/appium/app/launch &amp#27;[39m&amp#27;[32m200&amp#27;[39m&amp#27;[90m 8352.237 ms - 104&amp#27;[39m &amp#27;[90m{"status":0,"value":"Successfully launched the app.","sessionId":"e9979048-770c-4b0a-8318-48798eddb49f"}&amp#27;[39m
10:41:19.373 [Forwarding launchApp on session e9979048-770c-4b0a-8318-48798eddb49f to remote] DEBUG org.apache.http.headers - http-outgoing-1 << HTTP/1.1 200 OK
10:41:19.376 [Forwarding launchApp on session e9979048-770c-4b0a-8318-48798eddb49f to remote] DEBUG org.apache.http.headers - http-outgoing-1 << X-Powered-By: Express
10:41:19.376 [Forwarding launchApp on session e9979048-770c-4b0a-8318-48798eddb49f to remote] DEBUG org.apache.http.headers - http-outgoing-1 << Access-Control-Allow-Origin: *
10:41:19.376 [Forwarding launchApp on session e9979048-770c-4b0a-8318-48798eddb49f to remote] DEBUG org.apache.http.headers - http-outgoing-1 << Access-Control-Allow-Methods: GET,POST,PUT,OPTIONS,DELETE
10:41:19.376 [Forwarding launchApp on session e9979048-770c-4b0a-8318-48798eddb49f to remote] DEBUG org.apache.http.headers - http-outgoing-1 << Access-Control-Allow-Headers: origin, content-type, accept
10:41:19.376 [Forwarding launchApp on session e9979048-770c-4b0a-8318-48798eddb49f to remote] DEBUG org.apache.http.headers - http-outgoing-1 << Vary: X-HTTP-Method-Override
10:41:19.377 [Forwarding launchApp on session e9979048-770c-4b0a-8318-48798eddb49f to remote] DEBUG org.apache.http.headers - http-outgoing-1 << Content-Type: application/json; charset=utf-8
10:41:19.377 [Forwarding launchApp on session e9979048-770c-4b0a-8318-48798eddb49f to remote] DEBUG org.apache.http.headers - http-outgoing-1 << Content-Length: 104
10:41:19.377 [Forwarding launchApp on session e9979048-770c-4b0a-8318-48798eddb49f to remote] DEBUG org.apache.http.headers - http-outgoing-1 << Date: Mon, 02 Dec 2019 05:11:19 GMT
10:41:19.377 [Forwarding launchApp on session e9979048-770c-4b0a-8318-48798eddb49f to remote] DEBUG org.apache.http.headers - http-outgoing-1 << Connection: keep-alive
10:41:19.377 [Forwarding launchApp on session e9979048-770c-4b0a-8318-48798eddb49f to remote] DEBUG o.a.h.impl.execchain.MainClientExec - Connection can be kept alive indefinitely
10:41:19.377 [Forwarding launchApp on session e9979048-770c-4b0a-8318-48798eddb49f to remote] DEBUG o.a.h.i.c.PoolingHttpClientConnectionManager - Connection [id: 1][route: {}->http://localhost:4723] can be kept alive indefinitely
10:41:19.377 [Forwarding launchApp on session e9979048-770c-4b0a-8318-48798eddb49f to remote] DEBUG o.a.h.i.c.PoolingHttpClientConnectionManager - Connection released: [id: 1][route: {}->http://localhost:4723][total kept alive: 1; route allocated: 1 of 2000; total allocated: 1 of 2000]
02 Dec 2019
02_Dec_2019
1
1
IN_PROD_ANDROID_HOOQ_APP_SANITY_02_Dec_2019
6
IN_PROD_ANDROID_HOOQ_APP_SANITY_02_Dec_2019
10:41:41.679 [Forwarding findElements on session e9979048-770c-4b0a-8318-48798eddb49f to remote] DEBUG o.a.h.c.protocol.RequestAddCookies - CookieSpec selected: default
10:41:41.679 [Forwarding findElements on session e9979048-770c-4b0a-8318-48798eddb49f to remote] DEBUG o.a.h.c.protocol.RequestAuthCache - Auth cache not set in the context
10:41:41.680 [Forwarding findElements on session e9979048-770c-4b0a-8318-48798eddb49f to remote] DEBUG o.a.h.i.c.PoolingHttpClientConnectionManager - Connection request: [route: {}->http://localhost:4723][total kept alive: 1; route allocated: 1 of 2000; total allocated: 1 of 2000]
10:41:41.681 [Forwarding findElements on session e9979048-770c-4b0a-8318-48798eddb49f to remote] DEBUG org.apache.http.wire - http-outgoing-1 << "[read] I/O error: Read timed out"
10:41:41.681 [Forwarding findElements on session e9979048-770c-4b0a-8318-48798eddb49f to remote] DEBUG o.a.h.i.c.PoolingHttpClientConnectionManager - Connection leased: [id: 1][route: {}->http://localhost:4723][total kept alive: 0; route allocated: 1 of 2000; total allocated: 1 of 2000]
10:41:41.681 [Forwarding findElements on session e9979048-770c-4b0a-8318-48798eddb49f to remote] DEBUG o.a.h.impl.execchain.MainClientExec - Stale connection check
10:41:41.682 [Forwarding findElements on session e9979048-770c-4b0a-8318-48798eddb49f to remote] DEBUG org.apache.http.wire - http-outgoing-1 << "[read] I/O error: Read timed out"
10:41:41.682 [Forwarding findElements on session e9979048-770c-4b0a-8318-48798eddb49f to remote] DEBUG o.a.h.i.c.DefaultManagedHttpClientConnection - http-outgoing-1: set socket timeout to 10800000
10:41:41.682 [Forwarding findElements on session e9979048-770c-4b0a-8318-48798eddb49f to remote] DEBUG o.a.h.impl.execchain.MainClientExec - Executing request POST /wd/hub/session/e9979048-770c-4b0a-8318-48798eddb49f/elements HTTP/1.1
10:41:41.682 [Forwarding findElements on session e9979048-770c-4b0a-8318-48798eddb49f to remote] DEBUG o.a.h.impl.execchain.MainClientExec - Target auth state: UNCHALLENGED
10:41:41.682 [Forwarding findElements on session e9979048-770c-4b0a-8318-48798eddb49f to remote] DEBUG o.a.h.impl.execchain.MainClientExec - Proxy auth state: UNCHALLENGED
10:41:41.682 [Forwarding findElements on session e9979048-770c-4b0a-8318-48798eddb49f to remote] DEBUG org.apache.http.headers - http-outgoing-1 >> POST /wd/hub/session/e9979048-770c-4b0a-8318-48798eddb49f/elements HTTP/1.1
10:41:41.682 [Forwarding findElements on session e9979048-770c-4b0a-8318-48798eddb49f to remote] DEBUG org.apache.http.headers - http-outgoing-1 >> Content-Type: application/json; charset=utf-8
10:41:41.682 [Forwarding findElements on session e9979048-770c-4b0a-8318-48798eddb49f to remote] DEBUG org.apache.http.headers - http-outgoing-1 >> Content-Length: 55
10:41:41.682 [Forwarding findElements on session e9979048-770c-4b0a-8318-48798eddb49f to remote] DEBUG org.apache.http.headers - http-outgoing-1 >> Host: localhost:4723
10:41:41.682 [Forwarding findElements on session e9979048-770c-4b0a-8318-48798eddb49f to remote] DEBUG org.apache.http.headers - http-outgoing-1 >> Connection: Keep-Alive
10:41:41.682 [Forwarding findElements on session e9979048-770c-4b0a-8318-48798eddb49f to remote] DEBUG org.apache.http.headers - http-outgoing-1 >> User-Agent: Apache-HttpClient/4.5.2 (Java/1.8.0_121)
10:41:41.682 [Forwarding findElements on session e9979048-770c-4b0a-8318-48798eddb49f to remote] DEBUG org.apache.http.headers - http-outgoing-1 >> Accept-Encoding: gzip,deflate
10:41:41.682 [Forwarding findElements on session e9979048-770c-4b0a-8318-48798eddb49f to remote] DEBUG org.apache.http.wire - http-outgoing-1 >> "POST /wd/hub/session/e9979048-770c-4b0a-8318-48798eddb49f/elements HTTP/1.1[\r][\n]"
10:41:41.682 [Forwarding findElements on session e9979048-770c-4b0a-8318-48798eddb49f to remote] DEBUG org.apache.http.wire - http-outgoing-1 >> "Content-Type: application/json; charset=utf-8[\r][\n]"
10:41:41.682 [Forwarding findElements on session e9979048-770c-4b0a-8318-48798eddb49f to remote] DEBUG org.apache.http.wire - http-outgoing-1 >> "Content-Length: 55[\r][\n]"
10:41:41.682 [Forwarding findElements on session e9979048-770c-4b0a-8318-48798eddb49f to remote] DEBUG org.apache.http.wire - http-outgoing-1 >> "Host: localhost:4723[\r][\n]"
10:41:41.682 [Forwarding findElements on session e9979048-770c-4b0a-8318-48798eddb49f to remote] DEBUG org.apache.http.wire - http-outgoing-1 >> "Connection: Keep-Alive[\r][\n]"
10:41:41.682 [Forwarding findElements on session e9979048-770c-4b0a-8318-48798eddb49f to remote] DEBUG org.apache.http.wire - http-outgoing-1 >> "User-Agent: Apache-HttpClient/4.5.2 (Java/1.8.0_121)[\r][\n]"
10:41:41.682 [Forwarding findElements on session e9979048-770c-4b0a-8318-48798eddb49f to remote] DEBUG org.apache.http.wire - http-outgoing-1 >> "Accept-Encoding: gzip,deflate[\r][\n]"
10:41:41.682 [Forwarding findElements on session e9979048-770c-4b0a-8318-48798eddb49f to remote] DEBUG org.apache.http.wire - http-outgoing-1 >> "[\r][\n]"
10:41:41.682 [Forwarding findElements on session e9979048-770c-4b0a-8318-48798eddb49f to remote] DEBUG org.apache.http.wire - http-outgoing-1 >> "{"using":"id","value":"tv.hooq.android:id/loginButton"}"
&amp#27;[36minfo&amp#27;[39m: &amp#27;[37m-->&amp#27;[39m &amp#27;[37mPOST&amp#27;[39m &amp#27;[37m/wd/hub/session/e9979048-770c-4b0a-8318-48798eddb49f/elements&amp#27;[39m &amp#27;[90m{"using":"id","value":"tv.hooq.android:id/loginButton"}&amp#27;[39m
&amp#27;[36minfo&amp#27;[39m: [debug] Waiting up to 0ms for condition
&amp#27;[36minfo&amp#27;[39m: [debug] Pushing command to appium work queue: ["find",{"strategy":"id","selector":"tv.hooq.android:id/loginButton","context":"","multiple":true}]
&amp#27;[36minfo&amp#27;[39m: [debug] [BOOTSTRAP] [debug] Got data from client: {"cmd":"action","action":"find","params":{"strategy":"id","selector":"tv.hooq.android:id/loginButton","context":"","multiple":true}}
&amp#27;[36minfo&amp#27;[39m: [debug] [BOOTSTRAP] [debug] Got command of type ACTION
&amp#27;[36minfo&amp#27;[39m: [debug] [BOOTSTRAP] [debug] Got command action: find
&amp#27;[36minfo&amp#27;[39m: [debug] [BOOTSTRAP] [debug] Finding tv.hooq.android:id/loginButton using ID with the contextId:  multiple: true
&amp#27;[36minfo&amp#27;[39m: [debug] [BOOTSTRAP] [debug] Using: UiSelector[RESOURCE_ID=tv.hooq.android:id/loginButton]
&amp#27;[36minfo&amp#27;[39m: [debug] [BOOTSTRAP] [debug] getElements selector:UiSelector[RESOURCE_ID=tv.hooq.android:id/loginButton]
&amp#27;[36minfo&amp#27;[39m: [debug] [BOOTSTRAP] [debug] Element[] is null: (0)
&amp#27;[36minfo&amp#27;[39m: [debug] [BOOTSTRAP] [debug] getElements tmp selector:UiSelector[INSTANCE=0, RESOURCE_ID=tv.hooq.android:id/loginButton]
&amp#27;[36minfo&amp#27;[39m: [debug] [BOOTSTRAP] [debug] Failed to locate element. Clearing Accessibility cache and retrying.
&amp#27;[36minfo&amp#27;[39m: [debug] [BOOTSTRAP] [debug] Finding tv.hooq.android:id/loginButton using ID with the contextId:  multiple: true
&amp#27;[36minfo&amp#27;[39m: [debug] [BOOTSTRAP] [debug] Using: UiSelector[RESOURCE_ID=tv.hooq.android:id/loginButton]
&amp#27;[36minfo&amp#27;[39m: [debug] [BOOTSTRAP] [debug] getElements selector:UiSelector[RESOURCE_ID=tv.hooq.android:id/loginButton]
&amp#27;[36minfo&amp#27;[39m: [debug] [BOOTSTRAP] [debug] Element[] is null: (0)
&amp#27;[36minfo&amp#27;[39m: [debug] [BOOTSTRAP] [debug] getElements tmp selector:UiSelector[INSTANCE=0, RESOURCE_ID=tv.hooq.android:id/loginButton]
&amp#27;[36minfo&amp#27;[39m: [debug] [BOOTSTRAP] [debug] Returning result: {"status":0,"value":[]}
&amp#27;[36minfo&amp#27;[39m: [debug] Condition unmet after 211ms. Timing out.
&amp#27;[36minfo&amp#27;[39m: [debug] Responding to client with success: {"status":0,"value":[],"sessionId":"e9979048-770c-4b0a-8318-48798eddb49f"}
&amp#27;[36minfo&amp#27;[39m: &amp#27;[37m<-- POST /wd/hub/session/e9979048-770c-4b0a-8318-48798eddb49f/elements &amp#27;[39m&amp#27;[32m200&amp#27;[39m&amp#27;[90m 212.507 ms - 74&amp#27;[39m &amp#27;[90m{"status":0,"value":[],"sessionId":"e9979048-770c-4b0a-8318-48798eddb49f"}&amp#27;[39m
10:41:41.897 [Forwarding findElements on session e9979048-770c-4b0a-8318-48798eddb49f to remote] DEBUG org.apache.http.wire - http-outgoing-1 << "HTTP/1.1 200 OK[\r][\n]"
10:41:41.901 [Forwarding findElements on session e9979048-770c-4b0a-8318-48798eddb49f to remote] DEBUG org.apache.http.wire - http-outgoing-1 << "X-Powered-By: Express[\r][\n]"
10:41:41.901 [Forwarding findElements on session e9979048-770c-4b0a-8318-48798eddb49f to remote] DEBUG org.apache.http.wire - http-outgoing-1 << "Access-Control-Allow-Origin: *[\r][\n]"
10:41:41.901 [Forwarding findElements on session e9979048-770c-4b0a-8318-48798eddb49f to remote] DEBUG org.apache.http.wire - http-outgoing-1 << "Access-Control-Allow-Methods: GET,POST,PUT,OPTIONS,DELETE[\r][\n]"
10:41:41.901 [Forwarding findElements on session e9979048-770c-4b0a-8318-48798eddb49f to remote] DEBUG org.apache.http.wire - http-outgoing-1 << "Access-Control-Allow-Headers: origin, content-type, accept[\r][\n]"
10:41:41.901 [Forwarding findElements on session e9979048-770c-4b0a-8318-48798eddb49f to remote] DEBUG org.apache.http.wire - http-outgoing-1 << "Vary: X-HTTP-Method-Override[\r][\n]"
10:41:41.901 [Forwarding findElements on session e9979048-770c-4b0a-8318-48798eddb49f to remote] DEBUG org.apache.http.wire - http-outgoing-1 << "Content-Type: application/json; charset=utf-8[\r][\n]"
10:41:41.902 [Forwarding findElements on session e9979048-770c-4b0a-8318-48798eddb49f to remote] DEBUG org.apache.http.wire - http-outgoing-1 << "Content-Length: 74[\r][\n]"
10:41:41.902 [Forwarding findElements on session e9979048-770c-4b0a-8318-48798eddb49f to remote] DEBUG org.apache.http.wire - http-outgoing-1 << "Date: Mon, 02 Dec 2019 05:11:41 GMT[\r][\n]"
10:41:41.902 [Forwarding findElements on session e9979048-770c-4b0a-8318-48798eddb49f to remote] DEBUG org.apache.http.wire - http-outgoing-1 << "Connection: keep-alive[\r][\n]"
10:41:41.902 [Forwarding findElements on session e9979048-770c-4b0a-8318-48798eddb49f to remote] DEBUG org.apache.http.wire - http-outgoing-1 << "[\r][\n]"
10:41:41.902 [Forwarding findElements on session e9979048-770c-4b0a-8318-48798eddb49f to remote] DEBUG org.apache.http.wire - http-outgoing-1 << "{"status":0,"value":[],"sessionId":"e9979048-770c-4b0a-8318-48798eddb49f"}"
10:41:41.902 [Forwarding findElements on session e9979048-770c-4b0a-8318-48798eddb49f to remote] DEBUG org.apache.http.headers - http-outgoing-1 << HTTP/1.1 200 OK
10:41:41.902 [Forwarding findElements on session e9979048-770c-4b0a-8318-48798eddb49f to remote] DEBUG org.apache.http.headers - http-outgoing-1 << X-Powered-By: Express
10:41:41.902 [Forwarding findElements on session e9979048-770c-4b0a-8318-48798eddb49f to remote] DEBUG org.apache.http.headers - http-outgoing-1 << Access-Control-Allow-Origin: *
10:41:41.902 [Forwarding findElements on session e9979048-770c-4b0a-8318-48798eddb49f to remote] DEBUG org.apache.http.headers - http-outgoing-1 << Access-Control-Allow-Methods: GET,POST,PUT,OPTIONS,DELETE
10:41:41.902 [Forwarding findElements on session e9979048-770c-4b0a-8318-48798eddb49f to remote] DEBUG org.apache.http.headers - http-outgoing-1 << Access-Control-Allow-Headers: origin, content-type, accept
10:41:41.902 [Forwarding findElements on session e9979048-770c-4b0a-8318-48798eddb49f to remote] DEBUG org.apache.http.headers - http-outgoing-1 << Vary: X-HTTP-Method-Override
10:41:41.902 [Forwarding findElements on session e9979048-770c-4b0a-8318-48798eddb49f to remote] DEBUG org.apache.http.headers - http-outgoing-1 << Content-Type: application/json; charset=utf-8
10:41:41.902 [Forwarding findElements on session e9979048-770c-4b0a-8318-48798eddb49f to remote] DEBUG org.apache.http.headers - http-outgoing-1 << Content-Length: 74
10:41:41.902 [Forwarding findElements on session e9979048-770c-4b0a-8318-48798eddb49f to remote] DEBUG org.apache.http.headers - http-outgoing-1 << Date: Mon, 02 Dec 2019 05:11:41 GMT
10:41:41.902 [Forwarding findElements on session e9979048-770c-4b0a-8318-48798eddb49f to remote] DEBUG org.apache.http.headers - http-outgoing-1 << Connection: keep-alive
10:41:41.902 [Forwarding findElements on session e9979048-770c-4b0a-8318-48798eddb49f to remote] DEBUG o.a.h.impl.execchain.MainClientExec - Connection can be kept alive indefinitely
10:41:41.902 [Forwarding findElements on session e9979048-770c-4b0a-8318-48798eddb49f to remote] DEBUG o.a.h.i.c.PoolingHttpClientConnectionManager - Connection [id: 1][route: {}->http://localhost:4723] can be kept alive indefinitely
10:41:41.902 [Forwarding findElements on session e9979048-770c-4b0a-8318-48798eddb49f to remote] DEBUG o.a.h.i.c.PoolingHttpClientConnectionManager - Connection released: [id: 1][route: {}->http://localhost:4723][total kept alive: 1; route allocated: 1 of 2000; total allocated: 1 of 2000]
10:41:41.954 [Forwarding findElements on session e9979048-770c-4b0a-8318-48798eddb49f to remote] DEBUG o.a.h.c.protocol.RequestAddCookies - CookieSpec selected: default
10:41:41.954 [Forwarding findElements on session e9979048-770c-4b0a-8318-48798eddb49f to remote] DEBUG o.a.h.c.protocol.RequestAuthCache - Auth cache not set in the context
10:41:41.954 [Forwarding findElements on session e9979048-770c-4b0a-8318-48798eddb49f to remote] DEBUG o.a.h.i.c.PoolingHttpClientConnectionManager - Connection request: [route: {}->http://localhost:4723][total kept alive: 1; route allocated: 1 of 2000; total allocated: 1 of 2000]
10:41:41.954 [Forwarding findElements on session e9979048-770c-4b0a-8318-48798eddb49f to remote] DEBUG o.a.h.i.c.PoolingHttpClientConnectionManager - Connection leased: [id: 1][route: {}->http://localhost:4723][total kept alive: 0; route allocated: 1 of 2000; total allocated: 1 of 2000]
10:41:41.954 [Forwarding findElements on session e9979048-770c-4b0a-8318-48798eddb49f to remote] DEBUG o.a.h.impl.execchain.MainClientExec - Stale connection check
10:41:41.955 [Forwarding findElements on session e9979048-770c-4b0a-8318-48798eddb49f to remote] DEBUG org.apache.http.wire - http-outgoing-1 << "[read] I/O error: Read timed out"
10:41:41.955 [Forwarding findElements on session e9979048-770c-4b0a-8318-48798eddb49f to remote] DEBUG o.a.h.i.c.DefaultManagedHttpClientConnection - http-outgoing-1: set socket timeout to 10800000
10:41:41.955 [Forwarding findElements on session e9979048-770c-4b0a-8318-48798eddb49f to remote] DEBUG o.a.h.impl.execchain.MainClientExec - Executing request POST /wd/hub/session/e9979048-770c-4b0a-8318-48798eddb49f/elements HTTP/1.1
10:41:41.955 [Forwarding findElements on session e9979048-770c-4b0a-8318-48798eddb49f to remote] DEBUG o.a.h.impl.execchain.MainClientExec - Target auth state: UNCHALLENGED
10:41:41.955 [Forwarding findElements on session e9979048-770c-4b0a-8318-48798eddb49f to remote] DEBUG o.a.h.impl.execchain.MainClientExec - Proxy auth state: UNCHALLENGED
10:41:41.955 [Forwarding findElements on session e9979048-770c-4b0a-8318-48798eddb49f to remote] DEBUG org.apache.http.headers - http-outgoing-1 >> POST /wd/hub/session/e9979048-770c-4b0a-8318-48798eddb49f/elements HTTP/1.1
10:41:41.955 [Forwarding findElements on session e9979048-770c-4b0a-8318-48798eddb49f to remote] DEBUG org.apache.http.headers - http-outgoing-1 >> Content-Type: application/json; charset=utf-8
10:41:41.955 [Forwarding findElements on session e9979048-770c-4b0a-8318-48798eddb49f to remote] DEBUG org.apache.http.headers - http-outgoing-1 >> Content-Length: 55
10:41:41.955 [Forwarding findElements on session e9979048-770c-4b0a-8318-48798eddb49f to remote] DEBUG org.apache.http.headers - http-outgoing-1 >> Host: localhost:4723
10:41:41.955 [Forwarding findElements on session e9979048-770c-4b0a-8318-48798eddb49f to remote] DEBUG org.apache.http.headers - http-outgoing-1 >> Connection: Keep-Alive
10:41:41.955 [Forwarding findElements on session e9979048-770c-4b0a-8318-48798eddb49f to remote] DEBUG org.apache.http.headers - http-outgoing-1 >> User-Agent: Apache-HttpClient/4.5.2 (Java/1.8.0_121)
10:41:41.955 [Forwarding findElements on session e9979048-770c-4b0a-8318-48798eddb49f to remote] DEBUG org.apache.http.headers - http-outgoing-1 >> Accept-Encoding: gzip,deflate
10:41:41.955 [Forwarding findElements on session e9979048-770c-4b0a-8318-48798eddb49f to remote] DEBUG org.apache.http.wire - http-outgoing-1 >> "POST /wd/hub/session/e9979048-770c-4b0a-8318-48798eddb49f/elements HTTP/1.1[\r][\n]"
10:41:41.955 [Forwarding findElements on session e9979048-770c-4b0a-8318-48798eddb49f to remote] DEBUG org.apache.http.wire - http-outgoing-1 >> "Content-Type: application/json; charset=utf-8[\r][\n]"
10:41:41.955 [Forwarding findElements on session e9979048-770c-4b0a-8318-48798eddb49f to remote] DEBUG org.apache.http.wire - http-outgoing-1 >> "Content-Length: 55[\r][\n]"
10:41:41.955 [Forwarding findElements on session e9979048-770c-4b0a-8318-48798eddb49f to remote] DEBUG org.apache.http.wire - http-outgoing-1 >> "Host: localhost:4723[\r][\n]"
10:41:41.955 [Forwarding findElements on session e9979048-770c-4b0a-8318-48798eddb49f to remote] DEBUG org.apache.http.wire - http-outgoing-1 >> "Connection: Keep-Alive[\r][\n]"
10:41:41.955 [Forwarding findElements on session e9979048-770c-4b0a-8318-48798eddb49f to remote] DEBUG org.apache.http.wire - http-outgoing-1 >> "User-Agent: Apache-HttpClient/4.5.2 (Java/1.8.0_121)[\r][\n]"
10:41:41.955 [Forwarding findElements on session e9979048-770c-4b0a-8318-48798eddb49f to remote] DEBUG org.apache.http.wire - http-outgoing-1 >> "Accept-Encoding: gzip,deflate[\r][\n]"
10:41:41.955 [Forwarding findElements on session e9979048-770c-4b0a-8318-48798eddb49f to remote] DEBUG org.apache.http.wire - http-outgoing-1 >> "[\r][\n]"
10:41:41.955 [Forwarding findElements on session e9979048-770c-4b0a-8318-48798eddb49f to remote] DEBUG org.apache.http.wire - http-outgoing-1 >> "{"using":"id","value":"tv.hooq.android:id/loginButton"}"
&amp#27;[36minfo&amp#27;[39m: &amp#27;[37m-->&amp#27;[39m &amp#27;[37mPOST&amp#27;[39m &amp#27;[37m/wd/hub/session/e9979048-770c-4b0a-8318-48798eddb49f/elements&amp#27;[39m &amp#27;[90m{"using":"id","value":"tv.hooq.android:id/loginButton"}&amp#27;[39m
&amp#27;[36minfo&amp#27;[39m: [debug] Waiting up to 0ms for condition
&amp#27;[36minfo&amp#27;[39m: [debug] Pushing command to appium work queue: ["find",{"strategy":"id","selector":"tv.hooq.android:id/loginButton","context":"","multiple":true}]
&amp#27;[36minfo&amp#27;[39m: [debug] [BOOTSTRAP] [debug] Got data from client: {"cmd":"action","action":"find","params":{"strategy":"id","selector":"tv.hooq.android:id/loginButton","context":"","multiple":true}}
&amp#27;[36minfo&amp#27;[39m: [debug] [BOOTSTRAP] [debug] Got command of type ACTION
&amp#27;[36minfo&amp#27;[39m: [debug] [BOOTSTRAP] [debug] Got command action: find
&amp#27;[36minfo&amp#27;[39m: [debug] [BOOTSTRAP] [debug] Finding tv.hooq.android:id/loginButton using ID with the contextId:  multiple: true
&amp#27;[36minfo&amp#27;[39m: [debug] [BOOTSTRAP] [debug] Using: UiSelector[RESOURCE_ID=tv.hooq.android:id/loginButton]
&amp#27;[36minfo&amp#27;[39m: [debug] [BOOTSTRAP] [debug] getElements selector:UiSelector[RESOURCE_ID=tv.hooq.android:id/loginButton]
&amp#27;[36minfo&amp#27;[39m: [debug] [BOOTSTRAP] [debug] Element[] is null: (0)
&amp#27;[36minfo&amp#27;[39m: [debug] [BOOTSTRAP] [debug] getElements tmp selector:UiSelector[INSTANCE=0, RESOURCE_ID=tv.hooq.android:id/loginButton]
&amp#27;[36minfo&amp#27;[39m: [debug] [BOOTSTRAP] [debug] Failed to locate element. Clearing Accessibility cache and retrying.
&amp#27;[36minfo&amp#27;[39m: [debug] [BOOTSTRAP] [debug] Finding tv.hooq.android:id/loginButton using ID with the contextId:  multiple: true
&amp#27;[36minfo&amp#27;[39m: [debug] [BOOTSTRAP] [debug] Using: UiSelector[RESOURCE_ID=tv.hooq.android:id/loginButton]
&amp#27;[36minfo&amp#27;[39m: [debug] [BOOTSTRAP] [debug] getElements selector:UiSelector[RESOURCE_ID=tv.hooq.android:id/loginButton]
&amp#27;[36minfo&amp#27;[39m: [debug] [BOOTSTRAP] [debug] Element[] is null: (0)
&amp#27;[36minfo&amp#27;[39m: [debug] [BOOTSTRAP] [debug] getElements tmp selector:UiSelector[INSTANCE=0, RESOURCE_ID=tv.hooq.android:id/loginButton]
&amp#27;[36minfo&amp#27;[39m: [debug] [BOOTSTRAP] [debug] Returning result: {"status":0,"value":[]}
10:41:42.265 [Forwarding findElements on session e9979048-770c-4b0a-8318-48798eddb49f to remote] DEBUG org.apache.http.wire - http-outgoing-1 << "HTTP/1.1 200 OK[\r][\n]"
10:41:42.265 [Forwarding findElements on session e9979048-770c-4b0a-8318-48798eddb49f to remote] DEBUG org.apache.http.wire - http-outgoing-1 << "X-Powered-By: Express[\r][\n]"
10:41:42.265 [Forwarding findElements on session e9979048-770c-4b0a-8318-48798eddb49f to remote] DEBUG org.apache.http.wire - http-outgoing-1 << "Access-Control-Allow-Origin: *[\r][\n]"
&amp#27;[36minfo&amp#27;[39m: [debug] Condition unmet after 307ms. Timing out.
&amp#27;[36minfo&amp#27;[39m: [debug] Responding to client with success: {"status":0,"value":[],"sessionId":"e9979048-770c-4b0a-8318-48798eddb49f"}
&amp#27;[36minfo&amp#27;[39m: &amp#27;[37m<-- POST /wd/hub/session/e9979048-770c-4b0a-8318-48798eddb49f/elements &amp#27;[39m&amp#27;[32m200&amp#27;[39m&amp#27;[90m 308.285 ms - 74&amp#27;[39m &amp#27;[90m{"status":0,"value":10:41:42.265 [Forwarding findElements on session e9979048-770c-4b0a-8318-48798eddb49f to remote] DEBUG org.apache.http.wire - http-outgoing-1 << "Access-Control-Allow-Methods: GET,POST,PUT,OPTIONS,DELETE[\r][\n]"
[],"sessionId":"e9979048-770c-4b0a-8318-48798eddb49f"}&amp#27;[39m
10:41:42.270 [Forwarding findElements on session e9979048-770c-4b0a-8318-48798eddb49f to remote] DEBUG org.apache.http.wire - http-outgoing-1 << "Access-Control-Allow-Headers: origin, content-type, accept[\r][\n]"
10:41:42.271 [Forwarding findElements on session e9979048-770c-4b0a-8318-48798eddb49f to remote] DEBUG org.apache.http.wire - http-outgoing-1 << "Vary: X-HTTP-Method-Override[\r][\n]"
10:41:42.271 [Forwarding findElements on session e9979048-770c-4b0a-8318-48798eddb49f to remote] DEBUG org.apache.http.wire - http-outgoing-1 << "Content-Type: application/json; charset=utf-8[\r][\n]"
10:41:42.271 [Forwarding findElements on session e9979048-770c-4b0a-8318-48798eddb49f to remote] DEBUG org.apache.http.wire - http-outgoing-1 << "Content-Length: 74[\r][\n]"
10:41:42.271 [Forwarding findElements on session e9979048-770c-4b0a-8318-48798eddb49f to remote] DEBUG org.apache.http.wire - http-outgoing-1 << "Date: Mon, 02 Dec 2019 05:11:42 GMT[\r][\n]"
10:41:42.271 [Forwarding findElements on session e9979048-770c-4b0a-8318-48798eddb49f to remote] DEBUG org.apache.http.wire - http-outgoing-1 << "Connection: keep-alive[\r][\n]"
10:41:42.271 [Forwarding findElements on session e9979048-770c-4b0a-8318-48798eddb49f to remote] DEBUG org.apache.http.wire - http-outgoing-1 << "[\r][\n]"
10:41:42.271 [Forwarding findElements on session e9979048-770c-4b0a-8318-48798eddb49f to remote] DEBUG org.apache.http.wire - http-outgoing-1 << "{"status":0,"value":[],"sessionId":"e9979048-770c-4b0a-8318-48798eddb49f"}"
10:41:42.271 [Forwarding findElements on session e9979048-770c-4b0a-8318-48798eddb49f to remote] DEBUG org.apache.http.headers - http-outgoing-1 << HTTP/1.1 200 OK
10:41:42.271 [Forwarding findElements on session e9979048-770c-4b0a-8318-48798eddb49f to remote] DEBUG org.apache.http.headers - http-outgoing-1 << X-Powered-By: Express
10:41:42.271 [Forwarding findElements on session e9979048-770c-4b0a-8318-48798eddb49f to remote] DEBUG org.apache.http.headers - http-outgoing-1 << Access-Control-Allow-Origin: *
10:41:42.271 [Forwarding findElements on session e9979048-770c-4b0a-8318-48798eddb49f to remote] DEBUG org.apache.http.headers - http-outgoing-1 << Access-Control-Allow-Methods: GET,POST,PUT,OPTIONS,DELETE
10:41:42.271 [Forwarding findElements on session e9979048-770c-4b0a-8318-48798eddb49f to remote] DEBUG org.apache.http.headers - http-outgoing-1 << Access-Control-Allow-Headers: origin, content-type, accept
10:41:42.271 [Forwarding findElements on session e9979048-770c-4b0a-8318-48798eddb49f to remote] DEBUG org.apache.http.headers - http-outgoing-1 << Vary: X-HTTP-Method-Override
10:41:42.271 [Forwarding findElements on session e9979048-770c-4b0a-8318-48798eddb49f to remote] DEBUG org.apache.http.headers - http-outgoing-1 << Content-Type: application/json; charset=utf-8
10:41:42.271 [Forwarding findElements on session e9979048-770c-4b0a-8318-48798eddb49f to remote] DEBUG org.apache.http.headers - http-outgoing-1 << Content-Length: 74
10:41:42.271 [Forwarding findElements on session e9979048-770c-4b0a-8318-48798eddb49f to remote] DEBUG org.apache.http.headers - http-outgoing-1 << Date: Mon, 02 Dec 2019 05:11:42 GMT
10:41:42.271 [Forwarding findElements on session e9979048-770c-4b0a-8318-48798eddb49f to remote] DEBUG org.apache.http.headers - http-outgoing-1 << Connection: keep-alive
10:41:42.272 [Forwarding findElements on session e9979048-770c-4b0a-8318-48798eddb49f to remote] DEBUG o.a.h.impl.execchain.MainClientExec - Connection can be kept alive indefinitely
10:41:42.272 [Forwarding findElements on session e9979048-770c-4b0a-8318-48798eddb49f to remote] DEBUG o.a.h.i.c.PoolingHttpClientConnectionManager - Connection [id: 1][route: {}->http://localhost:4723] can be kept alive indefinitely
10:41:42.272 [Forwarding findElements on session e9979048-770c-4b0a-8318-48798eddb49f to remote] DEBUG o.a.h.i.c.PoolingHttpClientConnectionManager - Connection released: [id: 1][route: {}->http://localhost:4723][total kept alive: 1; route allocated: 1 of 2000; total allocated: 1 of 2000]
10:41:42.323 [Forwarding findElements on session e9979048-770c-4b0a-8318-48798eddb49f to remote] DEBUG o.a.h.c.protocol.RequestAddCookies - CookieSpec selected: default
10:41:42.324 [Forwarding findElements on session e9979048-770c-4b0a-8318-48798eddb49f to remote] DEBUG o.a.h.c.protocol.RequestAuthCache - Auth cache not set in the context
10:41:42.324 [Forwarding findElements on session e9979048-770c-4b0a-8318-48798eddb49f to remote] DEBUG o.a.h.i.c.PoolingHttpClientConnectionManager - Connection request: [route: {}->http://localhost:4723][total kept alive: 1; route allocated: 1 of 2000; total allocated: 1 of 2000]
10:41:42.324 [Forwarding findElements on session e9979048-770c-4b0a-8318-48798eddb49f to remote] DEBUG o.a.h.i.c.PoolingHttpClientConnectionManager - Connection leased: [id: 1][route: {}->http://localhost:4723][total kept alive: 0; route allocated: 1 of 2000; total allocated: 1 of 2000]
10:41:42.324 [Forwarding findElements on session e9979048-770c-4b0a-8318-48798eddb49f to remote] DEBUG o.a.h.impl.execchain.MainClientExec - Stale connection check
10:41:42.325 [Forwarding findElements on session e9979048-770c-4b0a-8318-48798eddb49f to remote] DEBUG org.apache.http.wire - http-outgoing-1 << "[read] I/O error: Read timed out"
10:41:42.325 [Forwarding findElements on session e9979048-770c-4b0a-8318-48798eddb49f to remote] DEBUG o.a.h.i.c.DefaultManagedHttpClientConnection - http-outgoing-1: set socket timeout to 10800000
10:41:42.325 [Forwarding findElements on session e9979048-770c-4b0a-8318-48798eddb49f to remote] DEBUG o.a.h.impl.execchain.MainClientExec - Executing request POST /wd/hub/session/e9979048-770c-4b0a-8318-48798eddb49f/elements HTTP/1.1
10:41:42.325 [Forwarding findElements on session e9979048-770c-4b0a-8318-48798eddb49f to remote] DEBUG o.a.h.impl.execchain.MainClientExec - Target auth state: UNCHALLENGED
10:41:42.325 [Forwarding findElements on session e9979048-770c-4b0a-8318-48798eddb49f to remote] DEBUG o.a.h.impl.execchain.MainClientExec - Proxy auth state: UNCHALLENGED
10:41:42.325 [Forwarding findElements on session e9979048-770c-4b0a-8318-48798eddb49f to remote] DEBUG org.apache.http.headers - http-outgoing-1 >> POST /wd/hub/session/e9979048-770c-4b0a-8318-48798eddb49f/elements HTTP/1.1
10:41:42.325 [Forwarding findElements on session e9979048-770c-4b0a-8318-48798eddb49f to remote] DEBUG org.apache.http.headers - http-outgoing-1 >> Content-Type: application/json; charset=utf-8
10:41:42.325 [Forwarding findElements on session e9979048-770c-4b0a-8318-48798eddb49f to remote] DEBUG org.apache.http.headers - http-outgoing-1 >> Content-Length: 55
10:41:42.325 [Forwarding findElements on session e9979048-770c-4b0a-8318-48798eddb49f to remote] DEBUG org.apache.http.headers - http-outgoing-1 >> Host: localhost:4723
10:41:42.325 [Forwarding findElements on session e9979048-770c-4b0a-8318-48798eddb49f to remote] DEBUG org.apache.http.headers - http-outgoing-1 >> Connection: Keep-Alive
10:41:42.325 [Forwarding findElements on session e9979048-770c-4b0a-8318-48798eddb49f to remote] DEBUG org.apache.http.headers - http-outgoing-1 >> User-Agent: Apache-HttpClient/4.5.2 (Java/1.8.0_121)
10:41:42.325 [Forwarding findElements on session e9979048-770c-4b0a-8318-48798eddb49f to remote] DEBUG org.apache.http.headers - http-outgoing-1 >> Accept-Encoding: gzip,deflate
10:41:42.325 [Forwarding findElements on session e9979048-770c-4b0a-8318-48798eddb49f to remote] DEBUG org.apache.http.wire - http-outgoing-1 >> "POST /wd/hub/session/e9979048-770c-4b0a-8318-48798eddb49f/elements HTTP/1.1[\r][\n]"
10:41:42.325 [Forwarding findElements on session e9979048-770c-4b0a-8318-48798eddb49f to remote] DEBUG org.apache.http.wire - http-outgoing-1 >> "Content-Type: application/json; charset=utf-8[\r][\n]"
10:41:42.325 [Forwarding findElements on session e9979048-770c-4b0a-8318-48798eddb49f to remote] DEBUG org.apache.http.wire - http-outgoing-1 >> "Content-Length: 55[\r][\n]"
10:41:42.325 [Forwarding findElements on session e9979048-770c-4b0a-8318-48798eddb49f to remote] DEBUG org.apache.http.wire - http-outgoing-1 >> "Host: localhost:4723[\r][\n]"
10:41:42.325 [Forwarding findElements on session e9979048-770c-4b0a-8318-48798eddb49f to remote] DEBUG org.apache.http.wire - http-outgoing-1 >> "Connection: Keep-Alive[\r][\n]"
10:41:42.325 [Forwarding findElements on session e9979048-770c-4b0a-8318-48798eddb49f to remote] DEBUG org.apache.http.wire - http-outgoing-1 >> "User-Agent: Apache-HttpClient/4.5.2 (Java/1.8.0_121)[\r][\n]"
10:41:42.325 [Forwarding findElements on session e9979048-770c-4b0a-8318-48798eddb49f to remote] DEBUG org.apache.http.wire - http-outgoing-1 >> "Accept-Encoding: gzip,deflate[\r][\n]"
10:41:42.325 [Forwarding findElements on session e9979048-770c-4b0a-8318-48798eddb49f to remote] DEBUG org.apache.http.wire - http-outgoing-1 >> "[\r][\n]"
10:41:42.325 [Forwarding findElements on session e9979048-770c-4b0a-8318-48798eddb49f to remote] DEBUG org.apache.http.wire - http-outgoing-1 >> "{"using":"id","value":"tv.hooq.android:id/loginButton"}"
&amp#27;[36minfo&amp#27;[39m: &amp#27;[37m-->&amp#27;[39m &amp#27;[37mPOST&amp#27;[39m &amp#27;[37m/wd/hub/session/e9979048-770c-4b0a-8318-48798eddb49f/elements&amp#27;[39m &amp#27;[90m{"using":"id","value":"tv.hooq.android:id/loginButton"}&amp#27;[39m
&amp#27;[36minfo&amp#27;[39m: [debug] Waiting up to 0ms for condition
&amp#27;[36minfo&amp#27;[39m: [debug] Pushing command to appium work queue: ["find",{"strategy":"id","selector":"tv.hooq.android:id/loginButton","context":"","multiple":true}]
&amp#27;[36minfo&amp#27;[39m: [debug] [BOOTSTRAP] [debug] Got data from client: {"cmd":"action","action":"find","params":{"strategy":"id","selector":"tv.hooq.android:id/loginButton","context":"","multiple":true}}
&amp#27;[36minfo&amp#27;[39m: [debug] [BOOTSTRAP] [debug] Got command of type ACTION
&amp#27;[36minfo&amp#27;[39m: [debug] [BOOTSTRAP] [debug] Got command action: find
&amp#27;[36minfo&amp#27;[39m: [debug] [BOOTSTRAP] [debug] Finding tv.hooq.android:id/loginButton using ID with the contextId:  multiple: true
&amp#27;[36minfo&amp#27;[39m: [debug] [BOOTSTRAP] [debug] Using: UiSelector[RESOURCE_ID=tv.hooq.android:id/loginButton]
&amp#27;[36minfo&amp#27;[39m: [debug] [BOOTSTRAP] [debug] getElements selector:UiSelector[RESOURCE_ID=tv.hooq.android:id/loginButton]
&amp#27;[36minfo&amp#27;[39m: [debug] [BOOTSTRAP] [debug] Element[] is null: (0)
&amp#27;[36minfo&amp#27;[39m: [debug] [BOOTSTRAP] [debug] getElements tmp selector:UiSelector[INSTANCE=0, RESOURCE_ID=tv.hooq.android:id/loginButton]
&amp#27;[36minfo&amp#27;[39m: [debug] [BOOTSTRAP] [debug] Failed to locate element. Clearing Accessibility cache and retrying.
&amp#27;[36minfo&amp#27;[39m: [debug] [BOOTSTRAP] [debug] Finding tv.hooq.android:id/loginButton using ID with the contextId:  multiple: true
&amp#27;[36minfo&amp#27;[39m: [debug] [BOOTSTRAP] [debug] Using: UiSelector[RESOURCE_ID=tv.hooq.android:id/loginButton]
&amp#27;[36minfo&amp#27;[39m: [debug] [BOOTSTRAP] [debug] getElements selector:UiSelector[RESOURCE_ID=tv.hooq.android:id/loginButton]
&amp#27;[36minfo&amp#27;[39m: [debug] [BOOTSTRAP] [debug] Element[] is null: (0)
&amp#27;[36minfo&amp#27;[39m: [debug] [BOOTSTRAP] [debug] getElements tmp selector:UiSelector[INSTANCE=0, RESOURCE_ID=tv.hooq.android:id/loginButton]
&amp#27;[36minfo&amp#27;[39m: [debug] [BOOTSTRAP] [debug] Returning result: {"status":0,"value":[]}
&amp#27;[36minfo&amp#27;[39m: [debug] Condition unmet after 360ms. Timing out.
&amp#27;[36minfo&amp#27;[39m: [debug] Responding to client with success: {"status":0,"value":[],"sessionId":"e9979048-770c-4b0a-8318-48798eddb49f"}
&amp#27;[36minfo&amp#27;[39m: &amp#27;[37m<-- POST /wd/hub/session/e9979048-770c-4b0a-8318-48798eddb49f/elements &amp#27;[39m&amp#27;[32m200&amp#27;[39m&amp#27;[90m 361.656 ms - 74&amp#27;[39m &amp#27;[90m{"status":0,"value":[],"sessionId":"e9979048-770c-4b0a-8318-48798eddb49f"}&amp#27;[39m
10:41:42.688 [Forwarding findElements on session e9979048-770c-4b0a-8318-48798eddb49f to remote] DEBUG org.apache.http.wire - http-outgoing-1 << "HTTP/1.1 200 OK[\r][\n]"
10:41:42.694 [Forwarding findElements on session e9979048-770c-4b0a-8318-48798eddb49f to remote] DEBUG org.apache.http.wire - http-outgoing-1 << "X-Powered-By: Express[\r][\n]"
10:41:42.694 [Forwarding findElements on session e9979048-770c-4b0a-8318-48798eddb49f to remote] DEBUG org.apache.http.wire - http-outgoing-1 << "Access-Control-Allow-Origin: *[\r][\n]"
10:41:42.694 [Forwarding findElements on session e9979048-770c-4b0a-8318-48798eddb49f to remote] DEBUG org.apache.http.wire - http-outgoing-1 << "Access-Control-Allow-Methods: GET,POST,PUT,OPTIONS,DELETE[\r][\n]"
10:41:42.694 [Forwarding findElements on session e9979048-770c-4b0a-8318-48798eddb49f to remote] DEBUG org.apache.http.wire - http-outgoing-1 << "Access-Control-Allow-Headers: origin, content-type, accept[\r][\n]"
10:41:42.694 [Forwarding findElements on session e9979048-770c-4b0a-8318-48798eddb49f to remote] DEBUG org.apache.http.wire - http-outgoing-1 << "Vary: X-HTTP-Method-Override[\r][\n]"
10:41:42.694 [Forwarding findElements on session e9979048-770c-4b0a-8318-48798eddb49f to remote] DEBUG org.apache.http.wire - http-outgoing-1 << "Content-Type: application/json; charset=utf-8[\r][\n]"
10:41:42.694 [Forwarding findElements on session e9979048-770c-4b0a-8318-48798eddb49f to remote] DEBUG org.apache.http.wire - http-outgoing-1 << "Content-Length: 74[\r][\n]"
10:41:42.694 [Forwarding findElements on session e9979048-770c-4b0a-8318-48798eddb49f to remote] DEBUG org.apache.http.wire - http-outgoing-1 << "Date: Mon, 02 Dec 2019 05:11:42 GMT[\r][\n]"
10:41:42.694 [Forwarding findElements on session e9979048-770c-4b0a-8318-48798eddb49f to remote] DEBUG org.apache.http.wire - http-outgoing-1 << "Connection: keep-alive[\r][\n]"
10:41:42.694 [Forwarding findElements on session e9979048-770c-4b0a-8318-48798eddb49f to remote] DEBUG org.apache.http.wire - http-outgoing-1 << "[\r][\n]"
10:41:42.694 [Forwarding findElements on session e9979048-770c-4b0a-8318-48798eddb49f to remote] DEBUG org.apache.http.wire - http-outgoing-1 << "{"status":0,"value":[],"sessionId":"e9979048-770c-4b0a-8318-48798eddb49f"}"
10:41:42.695 [Forwarding findElements on session e9979048-770c-4b0a-8318-48798eddb49f to remote] DEBUG org.apache.http.headers - http-outgoing-1 << HTTP/1.1 200 OK
10:41:42.695 [Forwarding findElements on session e9979048-770c-4b0a-8318-48798eddb49f to remote] DEBUG org.apache.http.headers - http-outgoing-1 << X-Powered-By: Express
10:41:42.695 [Forwarding findElements on session e9979048-770c-4b0a-8318-48798eddb49f to remote] DEBUG org.apache.http.headers - http-outgoing-1 << Access-Control-Allow-Origin: *
10:41:42.695 [Forwarding findElements on session e9979048-770c-4b0a-8318-48798eddb49f to remote] DEBUG org.apache.http.headers - http-outgoing-1 << Access-Control-Allow-Methods: GET,POST,PUT,OPTIONS,DELETE
10:41:42.695 [Forwarding findElements on session e9979048-770c-4b0a-8318-48798eddb49f to remote] DEBUG org.apache.http.headers - http-outgoing-1 << Access-Control-Allow-Headers: origin, content-type, accept
10:41:42.695 [Forwarding findElements on session e9979048-770c-4b0a-8318-48798eddb49f to remote] DEBUG org.apache.http.headers - http-outgoing-1 << Vary: X-HTTP-Method-Override
10:41:42.695 [Forwarding findElements on session e9979048-770c-4b0a-8318-48798eddb49f to remote] DEBUG org.apache.http.headers - http-outgoing-1 << Content-Type: application/json; charset=utf-8
10:41:42.695 [Forwarding findElements on session e9979048-770c-4b0a-8318-48798eddb49f to remote] DEBUG org.apache.http.headers - http-outgoing-1 << Content-Length: 74
10:41:42.695 [Forwarding findElements on session e9979048-770c-4b0a-8318-48798eddb49f to remote] DEBUG org.apache.http.headers - http-outgoing-1 << Date: Mon, 02 Dec 2019 05:11:42 GMT
10:41:42.695 [Forwarding findElements on session e9979048-770c-4b0a-8318-48798eddb49f to remote] DEBUG org.apache.http.headers - http-outgoing-1 << Connection: keep-alive
10:41:42.695 [Forwarding findElements on session e9979048-770c-4b0a-8318-48798eddb49f to remote] DEBUG o.a.h.impl.execchain.MainClientExec - Connection can be kept alive indefinitely
10:41:42.695 [Forwarding findElements on session e9979048-770c-4b0a-8318-48798eddb49f to remote] DEBUG o.a.h.i.c.PoolingHttpClientConnectionManager - Connection [id: 1][route: {}->http://localhost:4723] can be kept alive indefinitely
10:41:42.695 [Forwarding findElements on session e9979048-770c-4b0a-8318-48798eddb49f to remote] DEBUG o.a.h.i.c.PoolingHttpClientConnectionManager - Connection released: [id: 1][route: {}->http://localhost:4723][total kept alive: 1; route allocated: 1 of 2000; total allocated: 1 of 2000]
10:41:42.747 [Forwarding findElements on session e9979048-770c-4b0a-8318-48798eddb49f to remote] DEBUG o.a.h.c.protocol.RequestAddCookies - CookieSpec selected: default
10:41:42.747 [Forwarding findElements on session e9979048-770c-4b0a-8318-48798eddb49f to remote] DEBUG o.a.h.c.protocol.RequestAuthCache - Auth cache not set in the context
10:41:42.747 [Forwarding findElements on session e9979048-770c-4b0a-8318-48798eddb49f to remote] DEBUG o.a.h.i.c.PoolingHttpClientConnectionManager - Connection request: [route: {}->http://localhost:4723][total kept alive: 1; route allocated: 1 of 2000; total allocated: 1 of 2000]
10:41:42.747 [Forwarding findElements on session e9979048-770c-4b0a-8318-48798eddb49f to remote] DEBUG o.a.h.i.c.PoolingHttpClientConnectionManager - Connection leased: [id: 1][route: {}->http://localhost:4723][total kept alive: 0; route allocated: 1 of 2000; total allocated: 1 of 2000]
10:41:42.747 [Forwarding findElements on session e9979048-770c-4b0a-8318-48798eddb49f to remote] DEBUG o.a.h.impl.execchain.MainClientExec - Stale connection check
10:41:42.748 [Forwarding findElements on session e9979048-770c-4b0a-8318-48798eddb49f to remote] DEBUG org.apache.http.wire - http-outgoing-1 << "[read] I/O error: Read timed out"
10:41:42.748 [Forwarding findElements on session e9979048-770c-4b0a-8318-48798eddb49f to remote] DEBUG o.a.h.i.c.DefaultManagedHttpClientConnection - http-outgoing-1: set socket timeout to 10800000
10:41:42.748 [Forwarding findElements on session e9979048-770c-4b0a-8318-48798eddb49f to remote] DEBUG o.a.h.impl.execchain.MainClientExec - Executing request POST /wd/hub/session/e9979048-770c-4b0a-8318-48798eddb49f/elements HTTP/1.1
10:41:42.748 [Forwarding findElements on session e9979048-770c-4b0a-8318-48798eddb49f to remote] DEBUG o.a.h.impl.execchain.MainClientExec - Target auth state: UNCHALLENGED
10:41:42.748 [Forwarding findElements on session e9979048-770c-4b0a-8318-48798eddb49f to remote] DEBUG o.a.h.impl.execchain.MainClientExec - Proxy auth state: UNCHALLENGED
10:41:42.748 [Forwarding findElements on session e9979048-770c-4b0a-8318-48798eddb49f to remote] DEBUG org.apache.http.headers - http-outgoing-1 >> POST /wd/hub/session/e9979048-770c-4b0a-8318-48798eddb49f/elements HTTP/1.1
10:41:42.748 [Forwarding findElements on session e9979048-770c-4b0a-8318-48798eddb49f to remote] DEBUG org.apache.http.headers - http-outgoing-1 >> Content-Type: application/json; charset=utf-8
10:41:42.748 [Forwarding findElements on session e9979048-770c-4b0a-8318-48798eddb49f to remote] DEBUG org.apache.http.headers - http-outgoing-1 >> Content-Length: 51
10:41:42.748 [Forwarding findElements on session e9979048-770c-4b0a-8318-48798eddb49f to remote] DEBUG org.apache.http.headers - http-outgoing-1 >> Host: localhost:4723
10:41:42.748 [Forwarding findElements on session e9979048-770c-4b0a-8318-48798eddb49f to remote] DEBUG org.apache.http.headers - http-outgoing-1 >> Connection: Keep-Alive
10:41:42.748 [Forwarding findElements on session e9979048-770c-4b0a-8318-48798eddb49f to remote] DEBUG org.apache.http.headers - http-outgoing-1 >> User-Agent: Apache-HttpClient/4.5.2 (Java/1.8.0_121)
10:41:42.748 [Forwarding findElements on session e9979048-770c-4b0a-8318-48798eddb49f to remote] DEBUG org.apache.http.headers - http-outgoing-1 >> Accept-Encoding: gzip,deflate
10:41:42.748 [Forwarding findElements on session e9979048-770c-4b0a-8318-48798eddb49f to remote] DEBUG org.apache.http.wire - http-outgoing-1 >> "POST /wd/hub/session/e9979048-770c-4b0a-8318-48798eddb49f/elements HTTP/1.1[\r][\n]"
10:41:42.748 [Forwarding findElements on session e9979048-770c-4b0a-8318-48798eddb49f to remote] DEBUG org.apache.http.wire - http-outgoing-1 >> "Content-Type: application/json; charset=utf-8[\r][\n]"
10:41:42.748 [Forwarding findElements on session e9979048-770c-4b0a-8318-48798eddb49f to remote] DEBUG org.apache.http.wire - http-outgoing-1 >> "Content-Length: 51[\r][\n]"
10:41:42.748 [Forwarding findElements on session e9979048-770c-4b0a-8318-48798eddb49f to remote] DEBUG org.apache.http.wire - http-outgoing-1 >> "Host: localhost:4723[\r][\n]"
10:41:42.748 [Forwarding findElements on session e9979048-770c-4b0a-8318-48798eddb49f to remote] DEBUG org.apache.http.wire - http-outgoing-1 >> "Connection: Keep-Alive[\r][\n]"
10:41:42.748 [Forwarding findElements on session e9979048-770c-4b0a-8318-48798eddb49f to remote] DEBUG org.apache.http.wire - http-outgoing-1 >> "User-Agent: Apache-HttpClient/4.5.2 (Java/1.8.0_121)[\r][\n]"
10:41:42.748 [Forwarding findElements on session e9979048-770c-4b0a-8318-48798eddb49f to remote] DEBUG org.apache.http.wire - http-outgoing-1 >> "Accept-Encoding: gzip,deflate[\r][\n]"
10:41:42.748 [Forwarding findElements on session e9979048-770c-4b0a-8318-48798eddb49f to remote] DEBUG org.apache.http.wire - http-outgoing-1 >> "[\r][\n]"
10:41:42.749 [Forwarding findElements on session e9979048-770c-4b0a-8318-48798eddb49f to remote] DEBUG org.apache.http.wire - http-outgoing-1 >> "{"using":"id","value":"tv.hooq.android:id/ivMeBtn"}"
&amp#27;[36minfo&amp#27;[39m: &amp#27;[37m-->&amp#27;[39m &amp#27;[37mPOST&amp#27;[39m &amp#27;[37m/wd/hub/session/e9979048-770c-4b0a-8318-48798eddb49f/elements&amp#27;[39m &amp#27;[90m{"using":"id","value":"tv.hooq.android:id/ivMeBtn"}&amp#27;[39m
&amp#27;[36minfo&amp#27;[39m: [debug] Waiting up to 0ms for condition
&amp#27;[36minfo&amp#27;[39m: [debug] Pushing command to appium work queue: ["find",{"strategy":"id","selector":"tv.hooq.android:id/ivMeBtn","context":"","multiple":true}]
&amp#27;[36minfo&amp#27;[39m: [debug] [BOOTSTRAP] [debug] Got data from client: {"cmd":"action","action":"find","params":{"strategy":"id","selector":"tv.hooq.android:id/ivMeBtn","context":"","multiple":true}}
&amp#27;[36minfo&amp#27;[39m: [debug] [BOOTSTRAP] [debug] Got command of type ACTION
&amp#27;[36minfo&amp#27;[39m: [debug] [BOOTSTRAP] [debug] Got command action: find
&amp#27;[36minfo&amp#27;[39m: [debug] [BOOTSTRAP] [debug] Finding tv.hooq.android:id/ivMeBtn using ID with the contextId:  multiple: true
&amp#27;[36minfo&amp#27;[39m: [debug] [BOOTSTRAP] [debug] Using: UiSelector[RESOURCE_ID=tv.hooq.android:id/ivMeBtn]
&amp#27;[36minfo&amp#27;[39m: [debug] [BOOTSTRAP] [debug] getElements selector:UiSelector[RESOURCE_ID=tv.hooq.android:id/ivMeBtn]
&amp#27;[36minfo&amp#27;[39m: [debug] [BOOTSTRAP] [debug] Element[] is null: (0)
&amp#27;[36minfo&amp#27;[39m: [debug] [BOOTSTRAP] [debug] getElements tmp selector:UiSelector[INSTANCE=0, RESOURCE_ID=tv.hooq.android:id/ivMeBtn]
&amp#27;[36minfo&amp#27;[39m: [debug] [BOOTSTRAP] [debug] Element[] is null: (1)
&amp#27;[36minfo&amp#27;[39m: [debug] [BOOTSTRAP] [debug] getElements tmp selector:UiSelector[INSTANCE=1, RESOURCE_ID=tv.hooq.android:id/ivMeBtn]
&amp#27;[36minfo&amp#27;[39m: [debug] [BOOTSTRAP] [debug] Returning result: {"status":0,"value":[{"ELEMENT":"1"}]}
&amp#27;[36minfo&amp#27;[39m: [debug] Responding to client with success: {"stat10:41:42.844 [Forwarding findElements on session e9979048-770c-4b0a-8318-48798eddb49f to remote] DEBUG org.apache.http.wire - http-outgoing-1 << "HTTP/1.1 200 OK[\r][\n]"
us":0,"value":[{"ELEMENT":"1"}],"sessionId":"e9979048-770c-4b0a-8318-48798eddb49f"}
&amp#27;[36minfo&amp#27;[39m: &amp#27;[37m<-- POST /wd/hub/session/e9979048-770c-4b0a-8318-48798eddb49f/elem10:41:42.846 [Forwarding findElements on session e9979048-770c-4b0a-8318-48798eddb49f to remote] DEBUG org.apache.http.wire - http-outgoing-1 << "X-Powered-By: Express[\r][\n]"
10:41:42.849 [Forwarding findElements on session e9979048-770c-4b0a-8318-48798eddb49f to remote] DEBUG org.apache.http.wire - http-outgoing-1 << "Access-Control-Allow-Origin: *[\r][\n]"
10:41:42.849 [Forwarding findElements on session e9979048-770c-4b0a-8318-48798eddb49f to remote] DEBUG org.apache.http.wire - http-outgoing-1 << "Access-Control-Allow-Methods: GET,POST,PUT,OPTIONS,DELETE[\r][\n]"
ents &amp#27;[39m&amp#27;[32m200&amp#27;[39m&amp#27;[90m 94.432 ms - 89&amp#27;[39m &amp#27;[90m{"status":0,"value":[{"ELEMENT":"1"}],"sessionId":"e9979048-770c-4b0a-8318-48798eddb49f"}&amp#27;[39m
10:41:42.849 [Forwarding findElements on session e9979048-770c-4b0a-8318-48798eddb49f to remote] DEBUG org.apache.http.wire - http-outgoing-1 << "Access-Control-Allow-Headers: origin, content-type, accept[\r][\n]"
10:41:42.851 [Forwarding findElements on session e9979048-770c-4b0a-8318-48798eddb49f to remote] DEBUG org.apache.http.wire - http-outgoing-1 << "Vary: X-HTTP-Method-Override[\r][\n]"
10:41:42.851 [Forwarding findElements on session e9979048-770c-4b0a-8318-48798eddb49f to remote] DEBUG org.apache.http.wire - http-outgoing-1 << "Content-Type: application/json; charset=utf-8[\r][\n]"
10:41:42.851 [Forwarding findElements on session e9979048-770c-4b0a-8318-48798eddb49f to remote] DEBUG org.apache.http.wire - http-outgoing-1 << "Content-Length: 89[\r][\n]"
10:41:42.851 [Forwarding findElements on session e9979048-770c-4b0a-8318-48798eddb49f to remote] DEBUG org.apache.http.wire - http-outgoing-1 << "Date: Mon, 02 Dec 2019 05:11:42 GMT[\r][\n]"
10:41:42.851 [Forwarding findElements on session e9979048-770c-4b0a-8318-48798eddb49f to remote] DEBUG org.apache.http.wire - http-outgoing-1 << "Connection: keep-alive[\r][\n]"
10:41:42.851 [Forwarding findElements on session e9979048-770c-4b0a-8318-48798eddb49f to remote] DEBUG org.apache.http.wire - http-outgoing-1 << "[\r][\n]"
10:41:42.851 [Forwarding findElements on session e9979048-770c-4b0a-8318-48798eddb49f to remote] DEBUG org.apache.http.wire - http-outgoing-1 << "{"status":0,"value":[{"ELEMENT":"1"}],"sessionId":"e9979048-770c-4b0a-8318-48798eddb49f"}"
10:41:42.851 [Forwarding findElements on session e9979048-770c-4b0a-8318-48798eddb49f to remote] DEBUG org.apache.http.headers - http-outgoing-1 << HTTP/1.1 200 OK
10:41:42.851 [Forwarding findElements on session e9979048-770c-4b0a-8318-48798eddb49f to remote] DEBUG org.apache.http.headers - http-outgoing-1 << X-Powered-By: Express
10:41:42.851 [Forwarding findElements on session e9979048-770c-4b0a-8318-48798eddb49f to remote] DEBUG org.apache.http.headers - http-outgoing-1 << Access-Control-Allow-Origin: *
10:41:42.851 [Forwarding findElements on session e9979048-770c-4b0a-8318-48798eddb49f to remote] DEBUG org.apache.http.headers - http-outgoing-1 << Access-Control-Allow-Methods: GET,POST,PUT,OPTIONS,DELETE
10:41:42.851 [Forwarding findElements on session e9979048-770c-4b0a-8318-48798eddb49f to remote] DEBUG org.apache.http.headers - http-outgoing-1 << Access-Control-Allow-Headers: origin, content-type, accept
10:41:42.851 [Forwarding findElements on session e9979048-770c-4b0a-8318-48798eddb49f to remote] DEBUG org.apache.http.headers - http-outgoing-1 << Vary: X-HTTP-Method-Override
10:41:42.851 [Forwarding findElements on session e9979048-770c-4b0a-8318-48798eddb49f to remote] DEBUG org.apache.http.headers - http-outgoing-1 << Content-Type: application/json; charset=utf-8
10:41:42.851 [Forwarding findElements on session e9979048-770c-4b0a-8318-48798eddb49f to remote] DEBUG org.apache.http.headers - http-outgoing-1 << Content-Length: 89
10:41:42.851 [Forwarding findElements on session e9979048-770c-4b0a-8318-48798eddb49f to remote] DEBUG org.apache.http.headers - http-outgoing-1 << Date: Mon, 02 Dec 2019 05:11:42 GMT
10:41:42.851 [Forwarding findElements on session e9979048-770c-4b0a-8318-48798eddb49f to remote] DEBUG org.apache.http.headers - http-outgoing-1 << Connection: keep-alive
10:41:42.851 [Forwarding findElements on session e9979048-770c-4b0a-8318-48798eddb49f to remote] DEBUG o.a.h.impl.execchain.MainClientExec - Connection can be kept alive indefinitely
10:41:42.852 [Forwarding findElements on session e9979048-770c-4b0a-8318-48798eddb49f to remote] DEBUG o.a.h.i.c.PoolingHttpClientConnectionManager - Connection [id: 1][route: {}->http://localhost:4723] can be kept alive indefinitely
10:41:42.852 [Forwarding findElements on session e9979048-770c-4b0a-8318-48798eddb49f to remote] DEBUG o.a.h.i.c.PoolingHttpClientConnectionManager - Connection released: [id: 1][route: {}->http://localhost:4723][total kept alive: 1; route allocated: 1 of 2000; total allocated: 1 of 2000]
10:41:42.854 [Forwarding findElements on session e9979048-770c-4b0a-8318-48798eddb49f to remote] DEBUG o.a.h.c.protocol.RequestAddCookies - CookieSpec selected: default
10:41:42.854 [Forwarding findElements on session e9979048-770c-4b0a-8318-48798eddb49f to remote] DEBUG o.a.h.c.protocol.RequestAuthCache - Auth cache not set in the context
10:41:42.854 [Forwarding findElements on session e9979048-770c-4b0a-8318-48798eddb49f to remote] DEBUG o.a.h.i.c.PoolingHttpClientConnectionManager - Connection request: [route: {}->http://localhost:4723][total kept alive: 1; route allocated: 1 of 2000; total allocated: 1 of 2000]
10:41:42.854 [Forwarding findElements on session e9979048-770c-4b0a-8318-48798eddb49f to remote] DEBUG o.a.h.i.c.PoolingHttpClientConnectionManager - Connection leased: [id: 1][route: {}->http://localhost:4723][total kept alive: 0; route allocated: 1 of 2000; total allocated: 1 of 2000]
10:41:42.854 [Forwarding findElements on session e9979048-770c-4b0a-8318-48798eddb49f to remote] DEBUG o.a.h.impl.execchain.MainClientExec - Stale connection check
10:41:42.855 [Forwarding findElements on session e9979048-770c-4b0a-8318-48798eddb49f to remote] DEBUG org.apache.http.wire - http-outgoing-1 << "[read] I/O error: Read timed out"
10:41:42.855 [Forwarding findElements on session e9979048-770c-4b0a-8318-48798eddb49f to remote] DEBUG o.a.h.i.c.DefaultManagedHttpClientConnection - http-outgoing-1: set socket timeout to 10800000
10:41:42.855 [Forwarding findElements on session e9979048-770c-4b0a-8318-48798eddb49f to remote] DEBUG o.a.h.impl.execchain.MainClientExec - Executing request POST /wd/hub/session/e9979048-770c-4b0a-8318-48798eddb49f/elements HTTP/1.1
10:41:42.855 [Forwarding findElements on session e9979048-770c-4b0a-8318-48798eddb49f to remote] DEBUG o.a.h.impl.execchain.MainClientExec - Target auth state: UNCHALLENGED
10:41:42.855 [Forwarding findElements on session e9979048-770c-4b0a-8318-48798eddb49f to remote] DEBUG o.a.h.impl.execchain.MainClientExec - Proxy auth state: UNCHALLENGED
10:41:42.855 [Forwarding findElements on session e9979048-770c-4b0a-8318-48798eddb49f to remote] DEBUG org.apache.http.headers - http-outgoing-1 >> POST /wd/hub/session/e9979048-770c-4b0a-8318-48798eddb49f/elements HTTP/1.1
10:41:42.855 [Forwarding findElements on session e9979048-770c-4b0a-8318-48798eddb49f to remote] DEBUG org.apache.http.headers - http-outgoing-1 >> Content-Type: application/json; charset=utf-8
10:41:42.855 [Forwarding findElements on session e9979048-770c-4b0a-8318-48798eddb49f to remote] DEBUG org.apache.http.headers - http-outgoing-1 >> Content-Length: 51
10:41:42.855 [Forwarding findElements on session e9979048-770c-4b0a-8318-48798eddb49f to remote] DEBUG org.apache.http.headers - http-outgoing-1 >> Host: localhost:4723
10:41:42.855 [Forwarding findElements on session e9979048-770c-4b0a-8318-48798eddb49f to remote] DEBUG org.apache.http.headers - http-outgoing-1 >> Connection: Keep-Alive
10:41:42.855 [Forwarding findElements on session e9979048-770c-4b0a-8318-48798eddb49f to remote] DEBUG org.apache.http.headers - http-outgoing-1 >> User-Agent: Apache-HttpClient/4.5.2 (Java/1.8.0_121)
10:41:42.855 [Forwarding findElements on session e9979048-770c-4b0a-8318-48798eddb49f to remote] DEBUG org.apache.http.headers - http-outgoing-1 >> Accept-Encoding: gzip,deflate
10:41:42.855 [Forwarding findElements on session e9979048-770c-4b0a-8318-48798eddb49f to remote] DEBUG org.apache.http.wire - http-outgoing-1 >> "POST /wd/hub/session/e9979048-770c-4b0a-8318-48798eddb49f/elements HTTP/1.1[\r][\n]"
10:41:42.855 [Forwarding findElements on session e9979048-770c-4b0a-8318-48798eddb49f to remote] DEBUG org.apache.http.wire - http-outgoing-1 >> "Content-Type: application/json; charset=utf-8[\r][\n]"
10:41:42.855 [Forwarding findElements on session e9979048-770c-4b0a-8318-48798eddb49f to remote] DEBUG org.apache.http.wire - http-outgoing-1 >> "Content-Length: 51[\r][\n]"
10:41:42.855 [Forwarding findElements on session e9979048-770c-4b0a-8318-48798eddb49f to remote] DEBUG org.apache.http.wire - http-outgoing-1 >> "Host: localhost:4723[\r][\n]"
10:41:42.855 [Forwarding findElements on session e9979048-770c-4b0a-8318-48798eddb49f to remote] DEBUG org.apache.http.wire - http-outgoing-1 >> "Connection: Keep-Alive[\r][\n]"
10:41:42.855 [Forwarding findElements on session e9979048-770c-4b0a-8318-48798eddb49f to remote] DEBUG org.apache.http.wire - http-outgoing-1 >> "User-Agent: Apache-HttpClient/4.5.2 (Java/1.8.0_121)[\r][\n]"
10:41:42.855 [Forwarding findElements on session e9979048-770c-4b0a-8318-48798eddb49f to remote] DEBUG org.apache.http.wire - http-outgoing-1 >> "Accept-Encoding: gzip,deflate[\r][\n]"
10:41:42.855 [Forwarding findElements on session e9979048-770c-4b0a-8318-48798eddb49f to remote] DEBUG org.apache.http.wire - http-outgoing-1 >> "[\r][\n]"
10:41:42.855 [Forwarding findElements on session e9979048-770c-4b0a-8318-48798eddb49f to remote] DEBUG org.apache.http.wire - http-outgoing-1 >> "{"using":"id","value":"tv.hooq.android:id/ivMeBtn"}"
&amp#27;[36minfo&amp#27;[39m: &amp#27;[37m-->&amp#27;[39m &amp#27;[37mPOST&amp#27;[39m &amp#27;[37m/wd/hub/session/e9979048-770c-4b0a-8318-48798eddb49f/elements&amp#27;[39m &amp#27;[90m{"using":"id","value":"tv.hooq.android:id/ivMeBtn"}&amp#27;[39m
&amp#27;[36minfo&amp#27;[39m: [debug] Waiting up to 0ms for condition
&amp#27;[36minfo&amp#27;[39m: [debug] Pushing command to appium work queue: ["find",{"strategy":"id","selector":"tv.hooq.android:id/ivMeBtn","context":"","multiple":true}]
&amp#27;[36minfo&amp#27;[39m: [debug] [BOOTSTRAP] [debug] Got data from client: {"cmd":"action","action":"find","params":{"strategy":"id","selector":"tv.hooq.android:id/ivMeBtn","context":"","multiple":true}}
&amp#27;[36minfo&amp#27;[39m: [debug] [BOOTSTRAP] [debug] Got command of type ACTION
&amp#27;[36minfo&amp#27;[39m: [debug] [BOOTSTRAP] [debug] Got command action: find
&amp#27;[36minfo&amp#27;[39m: [debug] [BOOTSTRAP] [debug] Finding tv.hooq.android:id/ivMeBtn using ID with the contextId:  multiple: true
&amp#27;[36minfo&amp#27;[39m: [debug] [BOOTSTRAP] [debug] Using: UiSelector[RESOURCE_ID=tv.hooq.android:id/ivMeBtn]
&amp#27;[36minfo&amp#27;[39m: [debug] [BOOTSTRAP] [debug] getElements selector:UiSelector[RESOURCE_ID=tv.hooq.android:id/ivMeBtn]
&amp#27;[36minfo&amp#27;[39m: [debug] [BOOTSTRAP] [debug] Element[] is null: (0)
&amp#27;[36minfo&amp#27;[39m: [debug] [BOOTSTRAP] [debug] getElements tmp selector:UiSelector[INSTANCE=0, RESOURCE_ID=tv.hooq.android:id/ivMeBtn]
&amp#27;[36minfo&amp#27;[39m: [debug] [BOOTSTRAP] [debug] Element[] is null: (1)
&amp#27;[36minfo&amp#27;[39m: [debug] [BOOTSTRAP] [debug] getElements tmp selector:UiSelector[INSTANCE=1, RESOURCE_ID=tv.hooq.android:id/ivMeBtn]
&amp#27;[36minfo&amp#27;[39m: [debug] [BOOTSTRAP] [debug] Returning result: {"status":0,"value":[{"ELEMENT":"2"}]}
&amp#27;[36mi10:41:43.217 [Forwarding findElements on session e9979048-770c-4b0a-8318-48798eddb49f to remote] DEBUG org.apache.http.wire - http-outgoing-1 << "HTTP/1.1 200 OK[\r][\n]"
10:41:43.217 [Forwarding findElements on session e9979048-770c-4b0a-8318-48798eddb49f to remote] DEBUG org.apache.http.wire - http-outgoing-1 << "X-Powered-By: Express[\r][\n]"
10:41:43.217 [Forwarding findElements on session e9979048-770c-4b0a-8318-48798eddb49f to remote] DEBUG org.apache.http.wire - http-outgoing-1 << "Access-Control-Allow-Origin: *[\r][\n]"
10:41:43.217 [Forwarding findElements on session e9979048-770c-4b0a-8318-48798eddb49f to remote] DEBUG org.apache.http.wire - http-outgoing-1 << "Access-Control-Allow-Methods: GET,POST,PUT,OPTIONS,DELETE[\r][\n]"
10:41:43.217 [Forwarding findElements on session e9979048-770c-4b0a-8318-48798eddb49f to remote] DEBUG org.apache.http.wire - http-outgoing-1 << "Access-Control-Allow-Headers: origin, content-type, accept[\r][\n]"
10:41:43.217 [Forwarding findElements on session e9979048-770c-4b0a-8318-48798eddb49f to remote] DEBUG org.apache.http.wire - http-outgoing-1 << "Vary: X-HTTP-Method-Override[\r][\n]"
10:41:43.217 [Forwarding findElements on session e9979048-770c-4b0a-8318-48798eddb49f to remote] DEBUG org.apache.http.wire - http-outgoing-1 << "Content-Type: application/json; charset=utf-8[\r][\n]"
10:41:43.217 [Forwarding findElements on session e9979048-770c-4b0a-8318-48798eddb49f to remote] DEBUG org.apache.http.wire - http-outgoing-1 << "Content-Length: 89[\r][\n]"
10:41:43.217 [Forwarding findElements on session e9979048-770c-4b0a-8318-48798eddb49f to remote] DEBUG org.apache.http.wire - http-outgoing-1 << "Date: Mon, 02 Dec 2019 05:11:43 GMT[\r][\n]"
10:41:43.217 [Forwarding findElements on session e9979048-770c-4b0a-8318-48798eddb49f to remote] DEBUG org.apache.http.wire - http-outgoing-1 << "Connection: keep-alive[\r][\n]"
10:41:43.217 [Forwarding findElements on session e9979048-770c-4b0a-8318-48798eddb49f to remote] DEBUG org.apache.http.wire - http-outgoing-1 << "[\r][\n]"
10:41:43.217 [Forwarding findElements on session e9979048-770c-4b0a-8318-48798eddb49f to remote] DEBUG org.apache.http.wire - http-outgoing-1 << "{"status":0,"value":[{"ELEMENT":"2"}],"sessionId":"e9979048-770c-4b0a-8318-48798eddb49f"}"
10:41:43.217 [Forwarding findElements on session e9979048-770c-4b0a-8318-48798eddb49f to remote] DEBUG org.apache.http.headers - http-outgoing-1 << HTTP/1.1 200 OK
10:41:43.217 [Forwarding findElements on session e9979048-770c-4b0a-8318-48798eddb49f to remote] DEBUG org.apache.http.headers - http-outgoing-1 << X-Powered-By: Express
10:41:43.217 [Forwarding findElements on session e9979048-770c-4b0a-8318-48798eddb49f to remote] DEBUG org.apache.http.headers - http-outgoing-1 << Access-Control-Allow-Origin: *
10:41:43.217 [Forwarding findElements on session e9979048-770c-4b0a-8318-48798eddb49f to remote] DEBUG org.apache.http.headers - http-outgoing-1 << Access-Control-Allow-Methods: GET,POST,PUT,OPTIONS,DELETE
10:41:43.217 [Forwarding findElements on session e9979048-770c-4b0a-8318-48798eddb49f to remote] DEBUG org.apache.http.headers - http-outgoing-1 << Access-Control-Allow-Headers: origin, content-type, accept
10:41:43.217 [Forwarding findElements on session e9979048-770c-4b0a-8318-48798eddb49f to remote] DEBUG org.apache.http.headers - http-outgoing-1 << Vary: X-HTTP-Method-Override
10:41:43.217 [Forwarding findElements on session e9979048-770c-4b0a-8318-48798eddb49f to remote] DEBUG org.apache.http.headers - http-outgoing-1 << Content-Type: application/json; charset=utf-8
10:41:43.217 [Forwarding findElements on session e9979048-770c-4b0a-8318-48798eddb49f to remote] DEBUG org.apache.http.headers - http-outgoing-1 << Content-Length: 89
10:41:43.217 [Forwarding findElements on session e9979048-770c-4b0a-8318-48798eddb49f to remote] DEBUG org.apache.http.headers - http-outgoing-1 << Date: Mon, 02 Dec 2019 05:11:43 GMT
10:41:43.217 [Forwarding findElements on session e9979048-770c-4b0a-8318-48798eddb49f to remote] DEBUG org.apache.http.headers - http-outgoing-1 << Connection: keep-alive
nfo&amp#27;[39m: [debug] Responding to client with success: {"status":0,"value":[{"ELEMENT":"2"}],"sessionId":"e9979048-770c-4b0a-8318-48798eddb49f"}
&amp#27;[36minfo&amp#27;[39m: &amp#27;[37m<-- POST /wd/hub/session/e9979048-770c-4b0a-8318-48798eddb49f/elements &amp#27;[39m&amp#27;[32m200&amp#27;[39m&amp#27;[90m 360.083 ms - 89&amp#27;[39m &amp#27;[90m{"status":0,"value":[{"ELEMENT":"2"}],"sessionId":"e9979048-770c-4b0a-8318-48798eddb49f"}&amp#27;[39m
10:41:43.217 [Forwarding findElements on session e9979048-770c-4b0a-8318-48798eddb49f to remote] DEBUG o.a.h.impl.execchain.MainClientExec - Connection can be kept alive indefinitely
10:41:43.219 [Forwarding findElements on session e9979048-770c-4b0a-8318-48798eddb49f to remote] DEBUG o.a.h.i.c.PoolingHttpClientConnectionManager - Connection [id: 1][route: {}->http://localhost:4723] can be kept alive indefinitely
10:41:43.219 [Forwarding findElements on session e9979048-770c-4b0a-8318-48798eddb49f to remote] DEBUG o.a.h.i.c.PoolingHttpClientConnectionManager - Connection released: [id: 1][route: {}->http://localhost:4723][total kept alive: 1; route allocated: 1 of 2000; total allocated: 1 of 2000]
10:41:43.220 [Forwarding findElements on session e9979048-770c-4b0a-8318-48798eddb49f to remote] DEBUG o.a.h.c.protocol.RequestAddCookies - CookieSpec selected: default
10:41:43.220 [Forwarding findElements on session e9979048-770c-4b0a-8318-48798eddb49f to remote] DEBUG o.a.h.c.protocol.RequestAuthCache - Auth cache not set in the context
10:41:43.220 [Forwarding findElements on session e9979048-770c-4b0a-8318-48798eddb49f to remote] DEBUG o.a.h.i.c.PoolingHttpClientConnectionManager - Connection request: [route: {}->http://localhost:4723][total kept alive: 1; route allocated: 1 of 2000; total allocated: 1 of 2000]
10:41:43.220 [Forwarding findElements on session e9979048-770c-4b0a-8318-48798eddb49f to remote] DEBUG o.a.h.i.c.PoolingHttpClientConnectionManager - Connection leased: [id: 1][route: {}->http://localhost:4723][total kept alive: 0; route allocated: 1 of 2000; total allocated: 1 of 2000]
10:41:43.220 [Forwarding findElements on session e9979048-770c-4b0a-8318-48798eddb49f to remote] DEBUG o.a.h.impl.execchain.MainClientExec - Stale connection check
10:41:43.221 [Forwarding findElements on session e9979048-770c-4b0a-8318-48798eddb49f to remote] DEBUG org.apache.http.wire - http-outgoing-1 << "[read] I/O error: Read timed out"
10:41:43.221 [Forwarding findElements on session e9979048-770c-4b0a-8318-48798eddb49f to remote] DEBUG o.a.h.i.c.DefaultManagedHttpClientConnection - http-outgoing-1: set socket timeout to 10800000
10:41:43.221 [Forwarding findElements on session e9979048-770c-4b0a-8318-48798eddb49f to remote] DEBUG o.a.h.impl.execchain.MainClientExec - Executing request POST /wd/hub/session/e9979048-770c-4b0a-8318-48798eddb49f/elements HTTP/1.1
10:41:43.221 [Forwarding findElements on session e9979048-770c-4b0a-8318-48798eddb49f to remote] DEBUG o.a.h.impl.execchain.MainClientExec - Target auth state: UNCHALLENGED
10:41:43.221 [Forwarding findElements on session e9979048-770c-4b0a-8318-48798eddb49f to remote] DEBUG o.a.h.impl.execchain.MainClientExec - Proxy auth state: UNCHALLENGED
10:41:43.221 [Forwarding findElements on session e9979048-770c-4b0a-8318-48798eddb49f to remote] DEBUG org.apache.http.headers - http-outgoing-1 >> POST /wd/hub/session/e9979048-770c-4b0a-8318-48798eddb49f/elements HTTP/1.1
10:41:43.221 [Forwarding findElements on session e9979048-770c-4b0a-8318-48798eddb49f to remote] DEBUG org.apache.http.headers - http-outgoing-1 >> Content-Type: application/json; charset=utf-8
10:41:43.221 [Forwarding findElements on session e9979048-770c-4b0a-8318-48798eddb49f to remote] DEBUG org.apache.http.headers - http-outgoing-1 >> Content-Length: 51
10:41:43.221 [Forwarding findElements on session e9979048-770c-4b0a-8318-48798eddb49f to remote] DEBUG org.apache.http.headers - http-outgoing-1 >> Host: localhost:4723
10:41:43.221 [Forwarding findElements on session e9979048-770c-4b0a-8318-48798eddb49f to remote] DEBUG org.apache.http.headers - http-outgoing-1 >> Connection: Keep-Alive
10:41:43.221 [Forwarding findElements on session e9979048-770c-4b0a-8318-48798eddb49f to remote] DEBUG org.apache.http.headers - http-outgoing-1 >> User-Agent: Apache-HttpClient/4.5.2 (Java/1.8.0_121)
10:41:43.221 [Forwarding findElements on session e9979048-770c-4b0a-8318-48798eddb49f to remote] DEBUG org.apache.http.headers - http-outgoing-1 >> Accept-Encoding: gzip,deflate
10:41:43.221 [Forwarding findElements on session e9979048-770c-4b0a-8318-48798eddb49f to remote] DEBUG org.apache.http.wire - http-outgoing-1 >> "POST /wd/hub/session/e9979048-770c-4b0a-8318-48798eddb49f/elements HTTP/1.1[\r][\n]"
10:41:43.221 [Forwarding findElements on session e9979048-770c-4b0a-8318-48798eddb49f to remote] DEBUG org.apache.http.wire - http-outgoing-1 >> "Content-Type: application/json; charset=utf-8[\r][\n]"
10:41:43.221 [Forwarding findElements on session e9979048-770c-4b0a-8318-48798eddb49f to remote] DEBUG org.apache.http.wire - http-outgoing-1 >> "Content-Length: 51[\r][\n]"
10:41:43.221 [Forwarding findElements on session e9979048-770c-4b0a-8318-48798eddb49f to remote] DEBUG org.apache.http.wire - http-outgoing-1 >> "Host: localhost:4723[\r][\n]"
10:41:43.221 [Forwarding findElements on session e9979048-770c-4b0a-8318-48798eddb49f to remote] DEBUG org.apache.http.wire - http-outgoing-1 >> "Connection: Keep-Alive[\r][\n]"
10:41:43.221 [Forwarding findElements on session e9979048-770c-4b0a-8318-48798eddb49f to remote] DEBUG org.apache.http.wire - http-outgoing-1 >> "User-Agent: Apache-HttpClient/4.5.2 (Java/1.8.0_121)[\r][\n]"
10:41:43.221 [Forwarding findElements on session e9979048-770c-4b0a-8318-48798eddb49f to remote] DEBUG org.apache.http.wire - http-outgoing-1 >> "Accept-Encoding: gzip,deflate[\r][\n]"
10:41:43.221 [Forwarding findElements on session e9979048-770c-4b0a-8318-48798eddb49f to remote] DEBUG org.apache.http.wire - http-outgoing-1 >> "[\r][\n]"
10:41:43.221 [Forwarding findElements on session e9979048-770c-4b0a-8318-48798eddb49f to remote] DEBUG org.apache.http.wire - http-outgoing-1 >> "{"using":"id","value":"tv.hooq.android:id/ivMeBtn"}"
&amp#27;[36minfo&amp#27;[39m: &amp#27;[37m-->&amp#27;[39m &amp#27;[37mPOST&amp#27;[39m &amp#27;[37m/wd/hub/session/e9979048-770c-4b0a-8318-48798eddb49f/elements&amp#27;[39m &amp#27;[90m{"using":"id","value":"tv.hooq.android:id/ivMeBtn"}&amp#27;[39m
&amp#27;[36minfo&amp#27;[39m: [debug] Waiting up to 0ms for condition
&amp#27;[36minfo&amp#27;[39m: [debug] Pushing command to appium work queue: ["find",{"strategy":"id","selector":"tv.hooq.android:id/ivMeBtn","context":"","multiple":true}]
&amp#27;[36minfo&amp#27;[39m: [debug] [BOOTSTRAP] [debug] Got data from client: {"cmd":"action","action":"find","params":{"strategy":"id","selector":"tv.hooq.android:id/ivMeBtn","context":"","multiple":true}}
&amp#27;[36minfo&amp#27;[39m: [debug] [BOOTSTRAP] [debug] Got command of type ACTION
&amp#27;[36minfo&amp#27;[39m: [debug] [BOOTSTRAP] [debug] Got command action: find
&amp#27;[36minfo&amp#27;[39m: [debug] [BOOTSTRAP] [debug] Finding tv.hooq.android:id/ivMeBtn using ID with the contextId:  multiple: true
&amp#27;[36minfo&amp#27;[39m: [debug] [BOOTSTRAP] [debug] Using: UiSelector[RESOURCE_ID=tv.hooq.android:id/ivMeBtn]
&amp#27;[36minfo&amp#27;[39m: [debug] [BOOTSTRAP] [debug] getElements selector:UiSelector[RESOURCE_ID=tv.hooq.android:id/ivMeBtn]
&amp#27;[36minfo&amp#27;[39m: [debug] [BOOTSTRAP] [debug] Element[] is null: (0)
&amp#27;[36minfo&amp#27;[39m: [debug] [BOOTSTRAP] [debug] getElements tmp selector:UiSelector[INSTANCE=0, RESOURCE_ID=tv.hooq.android:id/ivMeBtn]
&amp#27;[36minfo&amp#27;[39m: [debug] [BOOTSTRAP] [debug] Element[] is null: (1)
&amp#27;[36minfo&amp#27;[39m: [debug] [BOOTSTRAP] [debug] getElements tmp selector:UiSelector[INSTANCE=1, RESOURCE_ID=tv.hooq.android:id/ivMeBtn]
&amp#27;[36minfo&amp#27;[39m: [debug] [BOOTSTRAP] [debug] Returning result: {"status":0,"value":[{"ELEMENT":"3"}]}
&amp#27;[36minfo&amp#27;[39m: [debug] Responding to client with success: {"status":0,"value":[{"ELEMENT":"3"}],"sessionId":"e9979048-770c-4b0a-8318-48798eddb49f"}
&amp#27;[36minfo&amp#27;[39m: &amp#27;[37m<-- POST /wd/hub/session/e9979048-770c-4b0a-8318-48798eddb49f/elements &amp#27;[39m&amp#27;[32m200&amp#27;[39m&amp#27;[90m 96.883 ms - 89&amp#27;[39m &amp#27;[90m{"status":0,"value":[{"ELEMENT":"3"}],"sessionId":"e9979048-770c-4b0a-8318-48798eddb49f"}&amp#27;[39m
10:41:43.318 [Forwarding findElements on session e9979048-770c-4b0a-8318-48798eddb49f to remote] DEBUG org.apache.http.wire - http-outgoing-1 << "HTTP/1.1 200 OK[\r][\n]"
10:41:43.320 [Forwarding findElements on session e9979048-770c-4b0a-8318-48798eddb49f to remote] DEBUG org.apache.http.wire - http-outgoing-1 << "X-Powered-By: Express[\r][\n]"
10:41:43.320 [Forwarding findElements on session e9979048-770c-4b0a-8318-48798eddb49f to remote] DEBUG org.apache.http.wire - http-outgoing-1 << "Access-Control-Allow-Origin: *[\r][\n]"
10:41:43.320 [Forwarding findElements on session e9979048-770c-4b0a-8318-48798eddb49f to remote] DEBUG org.apache.http.wire - http-outgoing-1 << "Access-Control-Allow-Methods: GET,POST,PUT,OPTIONS,DELETE[\r][\n]"
10:41:43.320 [Forwarding findElements on session e9979048-770c-4b0a-8318-48798eddb49f to remote] DEBUG org.apache.http.wire - http-outgoing-1 << "Access-Control-Allow-Headers: origin, content-type, accept[\r][\n]"
10:41:43.320 [Forwarding findElements on session e9979048-770c-4b0a-8318-48798eddb49f to remote] DEBUG org.apache.http.wire - http-outgoing-1 << "Vary: X-HTTP-Method-Override[\r][\n]"
10:41:43.320 [Forwarding findElements on session e9979048-770c-4b0a-8318-48798eddb49f to remote] DEBUG org.apache.http.wire - http-outgoing-1 << "Content-Type: application/json; charset=utf-8[\r][\n]"
10:41:43.320 [Forwarding findElements on session e9979048-770c-4b0a-8318-48798eddb49f to remote] DEBUG org.apache.http.wire - http-outgoing-1 << "Content-Length: 89[\r][\n]"
10:41:43.320 [Forwarding findElements on session e9979048-770c-4b0a-8318-48798eddb49f to remote] DEBUG org.apache.http.wire - http-outgoing-1 << "Date: Mon, 02 Dec 2019 05:11:43 GMT[\r][\n]"
10:41:43.320 [Forwarding findElements on session e9979048-770c-4b0a-8318-48798eddb49f to remote] DEBUG org.apache.http.wire - http-outgoing-1 << "Connection: keep-alive[\r][\n]"
10:41:43.320 [Forwarding findElements on session e9979048-770c-4b0a-8318-48798eddb49f to remote] DEBUG org.apache.http.wire - http-outgoing-1 << "[\r][\n]"
10:41:43.320 [Forwarding findElements on session e9979048-770c-4b0a-8318-48798eddb49f to remote] DEBUG org.apache.http.wire - http-outgoing-1 << "{"status":0,"value":[{"ELEMENT":"3"}],"sessionId":"e9979048-770c-4b0a-8318-48798eddb49f"}"
10:41:43.320 [Forwarding findElements on session e9979048-770c-4b0a-8318-48798eddb49f to remote] DEBUG org.apache.http.headers - http-outgoing-1 << HTTP/1.1 200 OK
10:41:43.320 [Forwarding findElements on session e9979048-770c-4b0a-8318-48798eddb49f to remote] DEBUG org.apache.http.headers - http-outgoing-1 << X-Powered-By: Express
10:41:43.320 [Forwarding findElements on session e9979048-770c-4b0a-8318-48798eddb49f to remote] DEBUG org.apache.http.headers - http-outgoing-1 << Access-Control-Allow-Origin: *
10:41:43.320 [Forwarding findElements on session e9979048-770c-4b0a-8318-48798eddb49f to remote] DEBUG org.apache.http.headers - http-outgoing-1 << Access-Control-Allow-Methods: GET,POST,PUT,OPTIONS,DELETE
10:41:43.320 [Forwarding findElements on session e9979048-770c-4b0a-8318-48798eddb49f to remote] DEBUG org.apache.http.headers - http-outgoing-1 << Access-Control-Allow-Headers: origin, content-type, accept
10:41:43.320 [Forwarding findElements on session e9979048-770c-4b0a-8318-48798eddb49f to remote] DEBUG org.apache.http.headers - http-outgoing-1 << Vary: X-HTTP-Method-Override
10:41:43.320 [Forwarding findElements on session e9979048-770c-4b0a-8318-48798eddb49f to remote] DEBUG org.apache.http.headers - http-outgoing-1 << Content-Type: application/json; charset=utf-8
10:41:43.320 [Forwarding findElements on session e9979048-770c-4b0a-8318-48798eddb49f to remote] DEBUG org.apache.http.headers - http-outgoing-1 << Content-Length: 89
10:41:43.320 [Forwarding findElements on session e9979048-770c-4b0a-8318-48798eddb49f to remote] DEBUG org.apache.http.headers - http-outgoing-1 << Date: Mon, 02 Dec 2019 05:11:43 GMT
10:41:43.320 [Forwarding findElements on session e9979048-770c-4b0a-8318-48798eddb49f to remote] DEBUG org.apache.http.headers - http-outgoing-1 << Connection: keep-alive
10:41:43.320 [Forwarding findElements on session e9979048-770c-4b0a-8318-48798eddb49f to remote] DEBUG o.a.h.impl.execchain.MainClientExec - Connection can be kept alive indefinitely
10:41:43.320 [Forwarding findElements on session e9979048-770c-4b0a-8318-48798eddb49f to remote] DEBUG o.a.h.i.c.PoolingHttpClientConnectionManager - Connection [id: 1][route: {}->http://localhost:4723] can be kept alive indefinitely
10:41:43.320 [Forwarding findElements on session e9979048-770c-4b0a-8318-48798eddb49f to remote] DEBUG o.a.h.i.c.PoolingHttpClientConnectionManager - Connection released: [id: 1][route: {}->http://localhost:4723][total kept alive: 1; route allocated: 1 of 2000; total allocated: 1 of 2000]
10:41:43.321 [Forwarding findElement on session e9979048-770c-4b0a-8318-48798eddb49f to remote] DEBUG o.a.h.c.protocol.RequestAddCookies - CookieSpec selected: default
10:41:43.321 [Forwarding findElement on session e9979048-770c-4b0a-8318-48798eddb49f to remote] DEBUG o.a.h.c.protocol.RequestAuthCache - Auth cache not set in the context
10:41:43.321 [Forwarding findElement on session e9979048-770c-4b0a-8318-48798eddb49f to remote] DEBUG o.a.h.i.c.PoolingHttpClientConnectionManager - Connection request: [route: {}->http://localhost:4723][total kept alive: 1; route allocated: 1 of 2000; total allocated: 1 of 2000]
10:41:43.321 [Forwarding findElement on session e9979048-770c-4b0a-8318-48798eddb49f to remote] DEBUG o.a.h.i.c.PoolingHttpClientConnectionManager - Connection leased: [id: 1][route: {}->http://localhost:4723][total kept alive: 0; route allocated: 1 of 2000; total allocated: 1 of 2000]
10:41:43.321 [Forwarding findElement on session e9979048-770c-4b0a-8318-48798eddb49f to remote] DEBUG o.a.h.impl.execchain.MainClientExec - Stale connection check
10:41:43.322 [Forwarding findElement on session e9979048-770c-4b0a-8318-48798eddb49f to remote] DEBUG org.apache.http.wire - http-outgoing-1 << "[read] I/O error: Read timed out"
10:41:43.322 [Forwarding findElement on session e9979048-770c-4b0a-8318-48798eddb49f to remote] DEBUG o.a.h.i.c.DefaultManagedHttpClientConnection - http-outgoing-1: set socket timeout to 10800000
10:41:43.322 [Forwarding findElement on session e9979048-770c-4b0a-8318-48798eddb49f to remote] DEBUG o.a.h.impl.execchain.MainClientExec - Executing request POST /wd/hub/session/e9979048-770c-4b0a-8318-48798eddb49f/element HTTP/1.1
10:41:43.322 [Forwarding findElement on session e9979048-770c-4b0a-8318-48798eddb49f to remote] DEBUG o.a.h.impl.execchain.MainClientExec - Target auth state: UNCHALLENGED
10:41:43.322 [Forwarding findElement on session e9979048-770c-4b0a-8318-48798eddb49f to remote] DEBUG o.a.h.impl.execchain.MainClientExec - Proxy auth state: UNCHALLENGED
10:41:43.322 [Forwarding findElement on session e9979048-770c-4b0a-8318-48798eddb49f to remote] DEBUG org.apache.http.headers - http-outgoing-1 >> POST /wd/hub/session/e9979048-770c-4b0a-8318-48798eddb49f/element HTTP/1.1
10:41:43.322 [Forwarding findElement on session e9979048-770c-4b0a-8318-48798eddb49f to remote] DEBUG org.apache.http.headers - http-outgoing-1 >> Content-Type: application/json; charset=utf-8
10:41:43.322 [Forwarding findElement on session e9979048-770c-4b0a-8318-48798eddb49f to remote] DEBUG org.apache.http.headers - http-outgoing-1 >> Content-Length: 51
10:41:43.322 [Forwarding findElement on session e9979048-770c-4b0a-8318-48798eddb49f to remote] DEBUG org.apache.http.headers - http-outgoing-1 >> Host: localhost:4723
10:41:43.322 [Forwarding findElement on session e9979048-770c-4b0a-8318-48798eddb49f to remote] DEBUG org.apache.http.headers - http-outgoing-1 >> Connection: Keep-Alive
10:41:43.322 [Forwarding findElement on session e9979048-770c-4b0a-8318-48798eddb49f to remote] DEBUG org.apache.http.headers - http-outgoing-1 >> User-Agent: Apache-HttpClient/4.5.2 (Java/1.8.0_121)
10:41:43.322 [Forwarding findElement on session e9979048-770c-4b0a-8318-48798eddb49f to remote] DEBUG org.apache.http.headers - http-outgoing-1 >> Accept-Encoding: gzip,deflate
10:41:43.322 [Forwarding findElement on session e9979048-770c-4b0a-8318-48798eddb49f to remote] DEBUG org.apache.http.wire - http-outgoing-1 >> "POST /wd/hub/session/e9979048-770c-4b0a-8318-48798eddb49f/element HTTP/1.1[\r][\n]"
10:41:43.322 [Forwarding findElement on session e9979048-770c-4b0a-8318-48798eddb49f to remote] DEBUG org.apache.http.wire - http-outgoing-1 >> "Content-Type: application/json; charset=utf-8[\r][\n]"
10:41:43.322 [Forwarding findElement on session e9979048-770c-4b0a-8318-48798eddb49f to remote] DEBUG org.apache.http.wire - http-outgoing-1 >> "Content-Length: 51[\r][\n]"
10:41:43.322 [Forwarding findElement on session e9979048-770c-4b0a-8318-48798eddb49f to remote] DEBUG org.apache.http.wire - http-outgoing-1 >> "Host: localhost:4723[\r][\n]"
10:41:43.322 [Forwarding findElement on session e9979048-770c-4b0a-8318-48798eddb49f to remote] DEBUG org.apache.http.wire - http-outgoing-1 >> "Connection: Keep-Alive[\r][\n]"
10:41:43.322 [Forwarding findElement on session e9979048-770c-4b0a-8318-48798eddb49f to remote] DEBUG org.apache.http.wire - http-outgoing-1 >> "User-Agent: Apache-HttpClient/4.5.2 (Java/1.8.0_121)[\r][\n]"
10:41:43.322 [Forwarding findElement on session e9979048-770c-4b0a-8318-48798eddb49f to remote] DEBUG org.apache.http.wire - http-outgoing-1 >> "Accept-Encoding: gzip,deflate[\r][\n]"
10:41:43.322 [Forwarding findElement on session e9979048-770c-4b0a-8318-48798eddb49f to remote] DEBUG org.apache.http.wire - http-outgoing-1 >> "[\r][\n]"
10:41:43.322 [Forwarding findElement on session e9979048-770c-4b0a-8318-48798eddb49f to remote] DEBUG org.apache.http.wire - http-outgoing-1 >> "{"using":"id","value":"tv.hooq.android:id/ivMeBtn"}"
&amp#27;[36minfo&amp#27;[39m: &amp#27;[37m-->&amp#27;[39m &amp#27;[37mPOST&amp#27;[39m &amp#27;[37m/wd/hub/session/e9979048-770c-4b0a-8318-48798eddb49f/element&amp#27;[39m &amp#27;[90m{"using":"id","value":"tv.hooq.android:id/ivMeBtn"}&amp#27;[39m
&amp#27;[36minfo&amp#27;[39m: [debug] Waiting up to 0ms for condition
&amp#27;[36minfo&amp#27;[39m: [debug] Pushing command to appium work queue: ["find",{"strategy":"id","selector":"tv.hooq.android:id/ivMeBtn","context":"","multiple":false}]
&amp#27;[36minfo&amp#27;[39m: [debug] [BOOTSTRAP] [debug] Got data from client: {"cmd":"action","action":"find","params":{"strategy":"id","selector":"tv.hooq.android:id/ivMeBtn","context":"","multiple":false}}
&amp#27;[36minfo&amp#27;[39m: [debug] [BOOTSTRAP] [debug] Got command of type ACTION
&amp#27;[36minfo&amp#27;[39m: [debug] [BOOTSTRAP] [debug] Got command action: find
&amp#27;[36minfo&amp#27;[39m: [debug] [BOOTSTRAP] [debug] Finding tv.hooq.android:id/ivMeBtn using ID with the contextId:  multiple: false
&amp#27;[36minfo&amp#27;[39m: [debug] [BOOTSTRAP] [debug] Using: UiSelector[INSTANCE=0, RESOURCE_ID=tv.hooq.android:id/ivMeBtn]
&amp#27;[36minfo&amp#27;[39m: [debug] [BOOTSTRAP] [debug] Returning result: {"status":0,"value":{"ELEMENT":"4"}}
&amp#27;[36minfo&amp#27;[39m: [debug] Responding to client with success: {"status":0,"value":{"ELEMENT":"4"},"sessionId":"e9979048-770c-4b0a-8318-48798eddb49f"}
&amp#27;[36minfo&amp#27;[39m: &amp#27;[37m<-- POST /wd/hub/session/e9979048-770c-4b0a-8318-48798eddb49f/element &amp#27;[39m&amp#27;[32m200&amp#27;[39m&amp#27;[90m 48.113 ms - 87&amp#27;[39m &amp#27;[90m{"status":0,"value":{"ELEMENT":"4"},"sessionId":"e9979048-770c-4b0a-8318-48798eddb49f"}&amp#27;[39m
10:41:43.371 [Forwarding findElement on session e9979048-770c-4b0a-8318-48798eddb49f to remote] DEBUG org.apache.http.wire - http-outgoing-1 << "HTTP/1.1 200 OK[\r][\n]"
10:41:43.372 [Forwarding findElement on session e9979048-770c-4b0a-8318-48798eddb49f to remote] DEBUG org.apache.http.wire - http-outgoing-1 << "X-Powered-By: Express[\r][\n]"
10:41:43.372 [Forwarding findElement on session e9979048-770c-4b0a-8318-48798eddb49f to remote] DEBUG org.apache.http.wire - http-outgoing-1 << "Access-Control-Allow-Origin: *[\r][\n]"
10:41:43.372 [Forwarding findElement on session e9979048-770c-4b0a-8318-48798eddb49f to remote] DEBUG org.apache.http.wire - http-outgoing-1 << "Access-Control-Allow-Methods: GET,POST,PUT,OPTIONS,DELETE[\r][\n]"
10:41:43.372 [Forwarding findElement on session e9979048-770c-4b0a-8318-48798eddb49f to remote] DEBUG org.apache.http.wire - http-outgoing-1 << "Access-Control-Allow-Headers: origin, content-type, accept[\r][\n]"
10:41:43.372 [Forwarding findElement on session e9979048-770c-4b0a-8318-48798eddb49f to remote] DEBUG org.apache.http.wire - http-outgoing-1 << "Vary: X-HTTP-Method-Override[\r][\n]"
10:41:43.372 [Forwarding findElement on session e9979048-770c-4b0a-8318-48798eddb49f to remote] DEBUG org.apache.http.wire - http-outgoing-1 << "Content-Type: application/json; charset=utf-8[\r][\n]"
10:41:43.372 [Forwarding findElement on session e9979048-770c-4b0a-8318-48798eddb49f to remote] DEBUG org.apache.http.wire - http-outgoing-1 << "Content-Length: 87[\r][\n]"
10:41:43.372 [Forwarding findElement on session e9979048-770c-4b0a-8318-48798eddb49f to remote] DEBUG org.apache.http.wire - http-outgoing-1 << "Date: Mon, 02 Dec 2019 05:11:43 GMT[\r][\n]"
10:41:43.372 [Forwarding findElement on session e9979048-770c-4b0a-8318-48798eddb49f to remote] DEBUG org.apache.http.wire - http-outgoing-1 << "Connection: keep-alive[\r][\n]"
10:41:43.372 [Forwarding findElement on session e9979048-770c-4b0a-8318-48798eddb49f to remote] DEBUG org.apache.http.wire - http-outgoing-1 << "[\r][\n]"
10:41:43.372 [Forwarding findElement on session e9979048-770c-4b0a-8318-48798eddb49f to remote] DEBUG org.apache.http.wire - http-outgoing-1 << "{"status":0,"value":{"ELEMENT":"4"},"sessionId":"e9979048-770c-4b0a-8318-48798eddb49f"}"
10:41:43.372 [Forwarding findElement on session e9979048-770c-4b0a-8318-48798eddb49f to remote] DEBUG org.apache.http.headers - http-outgoing-1 << HTTP/1.1 200 OK
10:41:43.372 [Forwarding findElement on session e9979048-770c-4b0a-8318-48798eddb49f to remote] DEBUG org.apache.http.headers - http-outgoing-1 << X-Powered-By: Express
10:41:43.372 [Forwarding findElement on session e9979048-770c-4b0a-8318-48798eddb49f to remote] DEBUG org.apache.http.headers - http-outgoing-1 << Access-Control-Allow-Origin: *
10:41:43.372 [Forwarding findElement on session e9979048-770c-4b0a-8318-48798eddb49f to remote] DEBUG org.apache.http.headers - http-outgoing-1 << Access-Control-Allow-Methods: GET,POST,PUT,OPTIONS,DELETE
10:41:43.372 [Forwarding findElement on session e9979048-770c-4b0a-8318-48798eddb49f to remote] DEBUG org.apache.http.headers - http-outgoing-1 << Access-Control-Allow-Headers: origin, content-type, accept
10:41:43.372 [Forwarding findElement on session e9979048-770c-4b0a-8318-48798eddb49f to remote] DEBUG org.apache.http.headers - http-outgoing-1 << Vary: X-HTTP-Method-Override
10:41:43.372 [Forwarding findElement on session e9979048-770c-4b0a-8318-48798eddb49f to remote] DEBUG org.apache.http.headers - http-outgoing-1 << Content-Type: application/json; charset=utf-8
10:41:43.372 [Forwarding findElement on session e9979048-770c-4b0a-8318-48798eddb49f to remote] DEBUG org.apache.http.headers - http-outgoing-1 << Content-Length: 87
10:41:43.372 [Forwarding findElement on session e9979048-770c-4b0a-8318-48798eddb49f to remote] DEBUG org.apache.http.headers - http-outgoing-1 << Date: Mon, 02 Dec 2019 05:11:43 GMT
10:41:43.372 [Forwarding findElement on session e9979048-770c-4b0a-8318-48798eddb49f to remote] DEBUG org.apache.http.headers - http-outgoing-1 << Connection: keep-alive
10:41:43.372 [Forwarding findElement on session e9979048-770c-4b0a-8318-48798eddb49f to remote] DEBUG o.a.h.impl.execchain.MainClientExec - Connection can be kept alive indefinitely
10:41:43.372 [Forwarding findElement on session e9979048-770c-4b0a-8318-48798eddb49f to remote] DEBUG o.a.h.i.c.PoolingHttpClientConnectionManager - Connection [id: 1][route: {}->http://localhost:4723] can be kept alive indefinitely
10:41:43.372 [Forwarding findElement on session e9979048-770c-4b0a-8318-48798eddb49f to remote] DEBUG o.a.h.i.c.PoolingHttpClientConnectionManager - Connection released: [id: 1][route: {}->http://localhost:4723][total kept alive: 1; route allocated: 1 of 2000; total allocated: 1 of 2000]
10:41:43.373 [Forwarding clickElement on session e9979048-770c-4b0a-8318-48798eddb49f to remote] DEBUG o.a.h.c.protocol.RequestAddCookies - CookieSpec selected: default
10:41:43.373 [Forwarding clickElement on session e9979048-770c-4b0a-8318-48798eddb49f to remote] DEBUG o.a.h.c.protocol.RequestAuthCache - Auth cache not set in the context
10:41:43.373 [Forwarding clickElement on session e9979048-770c-4b0a-8318-48798eddb49f to remote] DEBUG o.a.h.i.c.PoolingHttpClientConnectionManager - Connection request: [route: {}->http://localhost:4723][total kept alive: 1; route allocated: 1 of 2000; total allocated: 1 of 2000]
10:41:43.373 [Forwarding clickElement on session e9979048-770c-4b0a-8318-48798eddb49f to remote] DEBUG o.a.h.i.c.PoolingHttpClientConnectionManager - Connection leased: [id: 1][route: {}->http://localhost:4723][total kept alive: 0; route allocated: 1 of 2000; total allocated: 1 of 2000]
10:41:43.373 [Forwarding clickElement on session e9979048-770c-4b0a-8318-48798eddb49f to remote] DEBUG o.a.h.impl.execchain.MainClientExec - Stale connection check
10:41:43.374 [Forwarding clickElement on session e9979048-770c-4b0a-8318-48798eddb49f to remote] DEBUG org.apache.http.wire - http-outgoing-1 << "[read] I/O error: Read timed out"
10:41:43.374 [Forwarding clickElement on session e9979048-770c-4b0a-8318-48798eddb49f to remote] DEBUG o.a.h.i.c.DefaultManagedHttpClientConnection - http-outgoing-1: set socket timeout to 10800000
10:41:43.374 [Forwarding clickElement on session e9979048-770c-4b0a-8318-48798eddb49f to remote] DEBUG o.a.h.impl.execchain.MainClientExec - Executing request POST /wd/hub/session/e9979048-770c-4b0a-8318-48798eddb49f/element/4/click HTTP/1.1
10:41:43.374 [Forwarding clickElement on session e9979048-770c-4b0a-8318-48798eddb49f to remote] DEBUG o.a.h.impl.execchain.MainClientExec - Target auth state: UNCHALLENGED
10:41:43.374 [Forwarding clickElement on session e9979048-770c-4b0a-8318-48798eddb49f to remote] DEBUG o.a.h.impl.execchain.MainClientExec - Proxy auth state: UNCHALLENGED
10:41:43.374 [Forwarding clickElement on session e9979048-770c-4b0a-8318-48798eddb49f to remote] DEBUG org.apache.http.headers - http-outgoing-1 >> POST /wd/hub/session/e9979048-770c-4b0a-8318-48798eddb49f/element/4/click HTTP/1.1
10:41:43.374 [Forwarding clickElement on session e9979048-770c-4b0a-8318-48798eddb49f to remote] DEBUG org.apache.http.headers - http-outgoing-1 >> Content-Type: application/json; charset=utf-8
10:41:43.374 [Forwarding clickElement on session e9979048-770c-4b0a-8318-48798eddb49f to remote] DEBUG org.apache.http.headers - http-outgoing-1 >> Content-Length: 10
10:41:43.374 [Forwarding clickElement on session e9979048-770c-4b0a-8318-48798eddb49f to remote] DEBUG org.apache.http.headers - http-outgoing-1 >> Host: localhost:4723
10:41:43.374 [Forwarding clickElement on session e9979048-770c-4b0a-8318-48798eddb49f to remote] DEBUG org.apache.http.headers - http-outgoing-1 >> Connection: Keep-Alive
10:41:43.374 [Forwarding clickElement on session e9979048-770c-4b0a-8318-48798eddb49f to remote] DEBUG org.apache.http.headers - http-outgoing-1 >> User-Agent: Apache-HttpClient/4.5.2 (Java/1.8.0_121)
10:41:43.374 [Forwarding clickElement on session e9979048-770c-4b0a-8318-48798eddb49f to remote] DEBUG org.apache.http.headers - http-outgoing-1 >> Accept-Encoding: gzip,deflate
10:41:43.374 [Forwarding clickElement on session e9979048-770c-4b0a-8318-48798eddb49f to remote] DEBUG org.apache.http.wire - http-outgoing-1 >> "POST /wd/hub/session/e9979048-770c-4b0a-8318-48798eddb49f/element/4/click HTTP/1.1[\r][\n]"
10:41:43.374 [Forwarding clickElement on session e9979048-770c-4b0a-8318-48798eddb49f to remote] DEBUG org.apache.http.wire - http-outgoing-1 >> "Content-Type: application/json; charset=utf-8[\r][\n]"
10:41:43.374 [Forwarding clickElement on session e9979048-770c-4b0a-8318-48798eddb49f to remote] DEBUG org.apache.http.wire - http-outgoing-1 >> "Content-Length: 10[\r][\n]"
10:41:43.374 [Forwarding clickElement on session e9979048-770c-4b0a-8318-48798eddb49f to remote] DEBUG org.apache.http.wire - http-outgoing-1 >> "Host: localhost:4723[\r][\n]"
10:41:43.374 [Forwarding clickElement on session e9979048-770c-4b0a-8318-48798eddb49f to remote] DEBUG org.apache.http.wire - http-outgoing-1 >> "Connection: Keep-Alive[\r][\n]"
10:41:43.374 [Forwarding clickElement on session e9979048-770c-4b0a-8318-48798eddb49f to remote] DEBUG org.apache.http.wire - http-outgoing-1 >> "User-Agent: Apache-HttpClient/4.5.2 (Java/1.8.0_121)[\r][\n]"
10:41:43.374 [Forwarding clickElement on session e9979048-770c-4b0a-8318-48798eddb49f to remote] DEBUG org.apache.http.wire - http-outgoing-1 >> "Accept-Encoding: gzip,deflate[\r][\n]"
10:41:43.374 [Forwarding clickElement on session e9979048-770c-4b0a-8318-48798eddb49f to remote] DEBUG org.apache.http.wire - http-outgoing-1 >> "[\r][\n]"
10:41:43.374 [Forwarding clickElement on session e9979048-770c-4b0a-8318-48798eddb49f to remote] DEBUG org.apache.http.wire - http-outgoing-1 >> "{"id":"4"}"
&amp#27;[36minfo&amp#27;[39m: &amp#27;[37m-->&amp#27;[39m &amp#27;[37mPOST&amp#27;[39m &amp#27;[37m/wd/hub/session/e9979048-770c-4b0a-8318-48798eddb49f/element/4/click&amp#27;[39m &amp#27;[90m{"id":"4"}&amp#27;[39m
&amp#27;[36minfo&amp#27;[39m: [debug] Pushing command to appium work queue: ["element:click",{"elementId":"4"}]
&amp#27;[36minfo&amp#27;[39m: [debug] [BOOTSTRAP] [debug] Got data from client: {"cmd":"action","action":"element:click","params":{"elementId":"4"}}
&amp#27;[36minfo&amp#27;[39m: [debug] [BOOTSTRAP] [debug] Got command of type ACTION
&amp#27;[36minfo&amp#27;[39m: [debug] [BOOTSTRAP] [debug] Got command action: click
&amp#27;[36minfo&amp#27;[39m: [debug] [BOOTSTRAP] [debug] Returning result: {"status":0,"value":true}
10:41:43.661 [Forwarding clickElement on session e9979048-770c-4b0a-8318-48798eddb49f to remote] DEBUG org.apache.http.wire - http-outgoing-1 << "HTTP/1.1 200 OK[\r][\n]"
10:41:43.661 [Forwarding clickElement on session e9979048-770c-4b0a-8318-48798eddb49f to remote] DEBUG org.apache.http.wire - http-outgoing-1 << "X-Powered-By: Express[\r][\n]"
&amp#27;[36minfo&amp#27;[39m: [debug] Responding to client with success: {"status":0,"value":true,"sessionId":"e9979048-770c-4b0a-8318-48798eddb49f"}
&amp#27;[36minfo&amp#27;[39m: 10:41:43.661 [Forwarding clickElement on session e9979048-770c-4b0a-8318-48798eddb49f to remote] DEBUG org.apache.http.wire - http-outgoing-1 << "Access-Control-Allow-Origin: *[\r][\n]"
&amp#27;[37m<-- POST /wd/hub/session/e9979048-770c-4b0a-8318-48798eddb49f/element/4/click &amp#27;[39m&amp#27;[32m200&amp#27;[39m&amp#27;[90m 286.470 ms - 76&amp#27;[39m &amp#27;[90m{"status":0,"value":true,"sessionId":"e9979048-770c-4b0a-8318-48798eddb49f"}&amp#27;[39m
10:41:43.663 [Forwarding clickElement on session e9979048-770c-4b0a-8318-48798eddb49f to remote] DEBUG org.apache.http.wire - http-outgoing-1 << "Access-Control-Allow-Methods: GET,POST,PUT,OPTIONS,DELETE[\r][\n]"
10:41:43.666 [Forwarding clickElement on session e9979048-770c-4b0a-8318-48798eddb49f to remote] DEBUG org.apache.http.wire - http-outgoing-1 << "Access-Control-Allow-Headers: origin, content-type, accept[\r][\n]"
10:41:43.666 [Forwarding clickElement on session e9979048-770c-4b0a-8318-48798eddb49f to remote] DEBUG org.apache.http.wire - http-outgoing-1 << "Vary: X-HTTP-Method-Override[\r][\n]"
10:41:43.666 [Forwarding clickElement on session e9979048-770c-4b0a-8318-48798eddb49f to remote] DEBUG org.apache.http.wire - http-outgoing-1 << "Content-Type: application/json; charset=utf-8[\r][\n]"
10:41:43.666 [Forwarding clickElement on session e9979048-770c-4b0a-8318-48798eddb49f to remote] DEBUG org.apache.http.wire - http-outgoing-1 << "Content-Length: 76[\r][\n]"
10:41:43.666 [Forwarding clickElement on session e9979048-770c-4b0a-8318-48798eddb49f to remote] DEBUG org.apache.http.wire - http-outgoing-1 << "Date: Mon, 02 Dec 2019 05:11:43 GMT[\r][\n]"
10:41:43.667 [Forwarding clickElement on session e9979048-770c-4b0a-8318-48798eddb49f to remote] DEBUG org.apache.http.wire - http-outgoing-1 << "Connection: keep-alive[\r][\n]"
10:41:43.667 [Forwarding clickElement on session e9979048-770c-4b0a-8318-48798eddb49f to remote] DEBUG org.apache.http.wire - http-outgoing-1 << "[\r][\n]"
10:41:43.667 [Forwarding clickElement on session e9979048-770c-4b0a-8318-48798eddb49f to remote] DEBUG org.apache.http.wire - http-outgoing-1 << "{"status":0,"value":true,"sessionId":"e9979048-770c-4b0a-8318-48798eddb49f"}"
10:41:43.667 [Forwarding clickElement on session e9979048-770c-4b0a-8318-48798eddb49f to remote] DEBUG org.apache.http.headers - http-outgoing-1 << HTTP/1.1 200 OK
10:41:43.667 [Forwarding clickElement on session e9979048-770c-4b0a-8318-48798eddb49f to remote] DEBUG org.apache.http.headers - http-outgoing-1 << X-Powered-By: Express
10:41:43.667 [Forwarding clickElement on session e9979048-770c-4b0a-8318-48798eddb49f to remote] DEBUG org.apache.http.headers - http-outgoing-1 << Access-Control-Allow-Origin: *
10:41:43.667 [Forwarding clickElement on session e9979048-770c-4b0a-8318-48798eddb49f to remote] DEBUG org.apache.http.headers - http-outgoing-1 << Access-Control-Allow-Methods: GET,POST,PUT,OPTIONS,DELETE
10:41:43.667 [Forwarding clickElement on session e9979048-770c-4b0a-8318-48798eddb49f to remote] DEBUG org.apache.http.headers - http-outgoing-1 << Access-Control-Allow-Headers: origin, content-type, accept
10:41:43.667 [Forwarding clickElement on session e9979048-770c-4b0a-8318-48798eddb49f to remote] DEBUG org.apache.http.headers - http-outgoing-1 << Vary: X-HTTP-Method-Override
10:41:43.667 [Forwarding clickElement on session e9979048-770c-4b0a-8318-48798eddb49f to remote] DEBUG org.apache.http.headers - http-outgoing-1 << Content-Type: application/json; charset=utf-8
10:41:43.667 [Forwarding clickElement on session e9979048-770c-4b0a-8318-48798eddb49f to remote] DEBUG org.apache.http.headers - http-outgoing-1 << Content-Length: 76
10:41:43.667 [Forwarding clickElement on session e9979048-770c-4b0a-8318-48798eddb49f to remote] DEBUG org.apache.http.headers - http-outgoing-1 << Date: Mon, 02 Dec 2019 05:11:43 GMT
10:41:43.667 [Forwarding clickElement on session e9979048-770c-4b0a-8318-48798eddb49f to remote] DEBUG org.apache.http.headers - http-outgoing-1 << Connection: keep-alive
10:41:43.667 [Forwarding clickElement on session e9979048-770c-4b0a-8318-48798eddb49f to remote] DEBUG o.a.h.impl.execchain.MainClientExec - Connection can be kept alive indefinitely
10:41:43.667 [Forwarding clickElement on session e9979048-770c-4b0a-8318-48798eddb49f to remote] DEBUG o.a.h.i.c.PoolingHttpClientConnectionManager - Connection [id: 1][route: {}->http://localhost:4723] can be kept alive indefinitely
10:41:43.667 [Forwarding clickElement on session e9979048-770c-4b0a-8318-48798eddb49f to remote] DEBUG o.a.h.i.c.PoolingHttpClientConnectionManager - Connection released: [id: 1][route: {}->http://localhost:4723][total kept alive: 1; route allocated: 1 of 2000; total allocated: 1 of 2000]
10:41:48.669 [Forwarding findElements on session e9979048-770c-4b0a-8318-48798eddb49f to remote] DEBUG o.a.h.c.protocol.RequestAddCookies - CookieSpec selected: default
10:41:48.669 [Forwarding findElements on session e9979048-770c-4b0a-8318-48798eddb49f to remote] DEBUG o.a.h.c.protocol.RequestAuthCache - Auth cache not set in the context
10:41:48.669 [Forwarding findElements on session e9979048-770c-4b0a-8318-48798eddb49f to remote] DEBUG o.a.h.i.c.PoolingHttpClientConnectionManager - Connection request: [route: {}->http://localhost:4723][total kept alive: 1; route allocated: 1 of 2000; total allocated: 1 of 2000]
10:41:48.670 [Forwarding findElements on session e9979048-770c-4b0a-8318-48798eddb49f to remote] DEBUG org.apache.http.wire - http-outgoing-1 << "[read] I/O error: Read timed out"
10:41:48.670 [Forwarding findElements on session e9979048-770c-4b0a-8318-48798eddb49f to remote] DEBUG o.a.h.i.c.PoolingHttpClientConnectionManager - Connection leased: [id: 1][route: {}->http://localhost:4723][total kept alive: 0; route allocated: 1 of 2000; total allocated: 1 of 2000]
10:41:48.670 [Forwarding findElements on session e9979048-770c-4b0a-8318-48798eddb49f to remote] DEBUG o.a.h.impl.execchain.MainClientExec - Stale connection check
10:41:48.671 [Forwarding findElements on session e9979048-770c-4b0a-8318-48798eddb49f to remote] DEBUG org.apache.http.wire - http-outgoing-1 << "[read] I/O error: Read timed out"
10:41:48.671 [Forwarding findElements on session e9979048-770c-4b0a-8318-48798eddb49f to remote] DEBUG o.a.h.i.c.DefaultManagedHttpClientConnection - http-outgoing-1: set socket timeout to 10800000
10:41:48.671 [Forwarding findElements on session e9979048-770c-4b0a-8318-48798eddb49f to remote] DEBUG o.a.h.impl.execchain.MainClientExec - Executing request POST /wd/hub/session/e9979048-770c-4b0a-8318-48798eddb49f/elements HTTP/1.1
10:41:48.671 [Forwarding findElements on session e9979048-770c-4b0a-8318-48798eddb49f to remote] DEBUG o.a.h.impl.execchain.MainClientExec - Target auth state: UNCHALLENGED
10:41:48.671 [Forwarding findElements on session e9979048-770c-4b0a-8318-48798eddb49f to remote] DEBUG o.a.h.impl.execchain.MainClientExec - Proxy auth state: UNCHALLENGED
10:41:48.671 [Forwarding findElements on session e9979048-770c-4b0a-8318-48798eddb49f to remote] DEBUG org.apache.http.headers - http-outgoing-1 >> POST /wd/hub/session/e9979048-770c-4b0a-8318-48798eddb49f/elements HTTP/1.1
10:41:48.671 [Forwarding findElements on session e9979048-770c-4b0a-8318-48798eddb49f to remote] DEBUG org.apache.http.headers - http-outgoing-1 >> Content-Type: application/json; charset=utf-8
10:41:48.671 [Forwarding findElements on session e9979048-770c-4b0a-8318-48798eddb49f to remote] DEBUG org.apache.http.headers - http-outgoing-1 >> Content-Length: 52
10:41:48.671 [Forwarding findElements on session e9979048-770c-4b0a-8318-48798eddb49f to remote] DEBUG org.apache.http.headers - http-outgoing-1 >> Host: localhost:4723
10:41:48.671 [Forwarding findElements on session e9979048-770c-4b0a-8318-48798eddb49f to remote] DEBUG org.apache.http.headers - http-outgoing-1 >> Connection: Keep-Alive
10:41:48.671 [Forwarding findElements on session e9979048-770c-4b0a-8318-48798eddb49f to remote] DEBUG org.apache.http.headers - http-outgoing-1 >> User-Agent: Apache-HttpClient/4.5.2 (Java/1.8.0_121)
10:41:48.671 [Forwarding findElements on session e9979048-770c-4b0a-8318-48798eddb49f to remote] DEBUG org.apache.http.headers - http-outgoing-1 >> Accept-Encoding: gzip,deflate
10:41:48.671 [Forwarding findElements on session e9979048-770c-4b0a-8318-48798eddb49f to remote] DEBUG org.apache.http.wire - http-outgoing-1 >> "POST /wd/hub/session/e9979048-770c-4b0a-8318-48798eddb49f/elements HTTP/1.1[\r][\n]"
10:41:48.671 [Forwarding findElements on session e9979048-770c-4b0a-8318-48798eddb49f to remote] DEBUG org.apache.http.wire - http-outgoing-1 >> "Content-Type: application/json; charset=utf-8[\r][\n]"
10:41:48.671 [Forwarding findElements on session e9979048-770c-4b0a-8318-48798eddb49f to remote] DEBUG org.apache.http.wire - http-outgoing-1 >> "Content-Length: 52[\r][\n]"
10:41:48.671 [Forwarding findElements on session e9979048-770c-4b0a-8318-48798eddb49f to remote] DEBUG org.apache.http.wire - http-outgoing-1 >> "Host: localhost:4723[\r][\n]"
10:41:48.671 [Forwarding findElements on session e9979048-770c-4b0a-8318-48798eddb49f to remote] DEBUG org.apache.http.wire - http-outgoing-1 >> "Connection: Keep-Alive[\r][\n]"
10:41:48.671 [Forwarding findElements on session e9979048-770c-4b0a-8318-48798eddb49f to remote] DEBUG org.apache.http.wire - http-outgoing-1 >> "User-Agent: Apache-HttpClient/4.5.2 (Java/1.8.0_121)[\r][\n]"
10:41:48.672 [Forwarding findElements on session e9979048-770c-4b0a-8318-48798eddb49f to remote] DEBUG org.apache.http.wire - http-outgoing-1 >> "Accept-Encoding: gzip,deflate[\r][\n]"
10:41:48.672 [Forwarding findElements on session e9979048-770c-4b0a-8318-48798eddb49f to remote] DEBUG org.apache.http.wire - http-outgoing-1 >> "[\r][\n]"
10:41:48.672 [Forwarding findElements on session e9979048-770c-4b0a-8318-48798eddb49f to remote] DEBUG org.apache.http.wire - http-outgoing-1 >> "{"using":"id","value":"tv.hooq.android:id/subtitle"}"
&amp#27;[36minfo&amp#27;[39m: &amp#27;[37m-->&amp#27;[39m &amp#27;[37mPOST&amp#27;[39m &amp#27;[37m/wd/hub/session/e9979048-770c-4b0a-8318-48798eddb49f/elements&amp#27;[39m &amp#27;[90m{"using":"id","value":"tv.hooq.android:id/subtitle"}&amp#27;[39m
&amp#27;[36minfo&amp#27;[39m: [debug] Waiting up to 0ms for condition
&amp#27;[36minfo&amp#27;[39m: [debug] Pushing command to appium work queue: ["find",{"strategy":"id","selector":"tv.hooq.android:id/subtitle","context":"","multiple":true}]
&amp#27;[36minfo&amp#27;[39m: [debug] [BOOTSTRAP] [debug] Got data from client: {"cmd":"action","action":"find","params":{"strategy":"id","selector":"tv.hooq.android:id/subtitle","context":"","multiple":true}}
&amp#27;[36minfo&amp#27;[39m: [debug] [BOOTSTRAP] [debug] Got command of type ACTION
&amp#27;[36minfo&amp#27;[39m: [debug] [BOOTSTRAP] [debug] Got command action: find
&amp#27;[36minfo&amp#27;[39m: [debug] [BOOTSTRAP] [debug] Finding tv.hooq.android:id/subtitle using ID with the contextId:  multiple: true
&amp#27;[36minfo&amp#27;[39m: [debug] [BOOTSTRAP] [debug] Using: UiSelector[RESOURCE_ID=tv.hooq.android:id/subtitle]
&amp#27;[36minfo&amp#27;[39m: [debug] [BOOTSTRAP] [debug] getElements selector:UiSelector[RESOURCE_ID=tv.hooq.android:id/subtitle]
&amp#27;[36minfo&amp#27;[39m: [debug] [BOOTSTRAP] [debug] Element[] is null: (0)
&amp#27;[36minfo&amp#27;[39m: [debug] [BOOTSTRAP] [debug] getElements tmp selector:UiSelector[INSTANCE=0, RESOURCE_ID=tv.hooq.android:id/subtitle]
&amp#27;[36minfo&amp#27;[39m: [debug] [BOOTSTRAP] [debug] Element[] is null: (1)
&amp#27;[36minfo&amp#27;[39m: [debug] [BOOTSTRAP] [debug] getElements tmp selector:UiSelector[INSTANCE=1, RESOURCE_ID=tv.hooq.android:id/subtitle]
&amp#27;[36minfo&amp#27;[39m: [debug] [BOOTSTRAP] [debug] Returning result: {"status":0,"value":[{"ELEMENT":"5"}]}
&amp#27;[36minfo10:41:48.800 [Forwarding findElements on session e9979048-770c-4b0a-8318-48798eddb49f to remote] DEBUG org.apache.http.wire - http-outgoing-1 << "HTTP/1.1 200 OK[\r][\n]"
10:41:48.800 [Forwarding findElements on session e9979048-770c-4b0a-8318-48798eddb49f to remote] DEBUG org.apache.http.wire - http-outgoing-1 << "X-Powered-By: Express[\r][\n]"
&amp#27;[39m: [debug] Responding to client with success: {"status":0,"value":[{"ELEMENT":"5"}],"sessionId":"e9979048-770c-4b0a-8318-48798eddb49f"}
10:41:48.800 [Forwarding findElements on session e9979048-770c-4b0a-8318-48798eddb49f to remote] DEBUG org.apache.http.wire - http-outgoing-1 << "Access-Control-Allow-Origin: *[\r][\n]"
&amp#27;[36minfo&amp#27;[39m: &amp#27;[37m<-- POST /wd/hub/session/e9979048-770c-4b0a-8318-48798eddb49f/elements &amp#27;[39m&amp#27;[32m200&amp#27;[39m&amp#27;[90m 127.288 ms - 89&amp#27;[39m &amp#27;[90m{"status":0,"value":[{"ELEMENT":"5"}],"sessionId":"e9979048-770c-4b0a-8318-48798eddb49f"}&amp#27;[39m
10:41:48.802 [Forwarding findElements on session e9979048-770c-4b0a-8318-48798eddb49f to remote] DEBUG org.apache.http.wire - http-outgoing-1 << "Access-Control-Allow-Methods: GET,POST,PUT,OPTIONS,DELETE[\r][\n]"
10:41:48.806 [Forwarding findElements on session e9979048-770c-4b0a-8318-48798eddb49f to remote] DEBUG org.apache.http.wire - http-outgoing-1 << "Access-Control-Allow-Headers: origin, content-type, accept[\r][\n]"
10:41:48.806 [Forwarding findElements on session e9979048-770c-4b0a-8318-48798eddb49f to remote] DEBUG org.apache.http.wire - http-outgoing-1 << "Vary: X-HTTP-Method-Override[\r][\n]"
10:41:48.806 [Forwarding findElements on session e9979048-770c-4b0a-8318-48798eddb49f to remote] DEBUG org.apache.http.wire - http-outgoing-1 << "Content-Type: application/json; charset=utf-8[\r][\n]"
10:41:48.806 [Forwarding findElements on session e9979048-770c-4b0a-8318-48798eddb49f to remote] DEBUG org.apache.http.wire - http-outgoing-1 << "Content-Length: 89[\r][\n]"
10:41:48.806 [Forwarding findElements on session e9979048-770c-4b0a-8318-48798eddb49f to remote] DEBUG org.apache.http.wire - http-outgoing-1 << "Date: Mon, 02 Dec 2019 05:11:48 GMT[\r][\n]"
10:41:48.806 [Forwarding findElements on session e9979048-770c-4b0a-8318-48798eddb49f to remote] DEBUG org.apache.http.wire - http-outgoing-1 << "Connection: keep-alive[\r][\n]"
10:41:48.806 [Forwarding findElements on session e9979048-770c-4b0a-8318-48798eddb49f to remote] DEBUG org.apache.http.wire - http-outgoing-1 << "[\r][\n]"
10:41:48.806 [Forwarding findElements on session e9979048-770c-4b0a-8318-48798eddb49f to remote] DEBUG org.apache.http.wire - http-outgoing-1 << "{"status":0,"value":[{"ELEMENT":"5"}],"sessionId":"e9979048-770c-4b0a-8318-48798eddb49f"}"
10:41:48.806 [Forwarding findElements on session e9979048-770c-4b0a-8318-48798eddb49f to remote] DEBUG org.apache.http.headers - http-outgoing-1 << HTTP/1.1 200 OK
10:41:48.806 [Forwarding findElements on session e9979048-770c-4b0a-8318-48798eddb49f to remote] DEBUG org.apache.http.headers - http-outgoing-1 << X-Powered-By: Express
10:41:48.806 [Forwarding findElements on session e9979048-770c-4b0a-8318-48798eddb49f to remote] DEBUG org.apache.http.headers - http-outgoing-1 << Access-Control-Allow-Origin: *
10:41:48.806 [Forwarding findElements on session e9979048-770c-4b0a-8318-48798eddb49f to remote] DEBUG org.apache.http.headers - http-outgoing-1 << Access-Control-Allow-Methods: GET,POST,PUT,OPTIONS,DELETE
10:41:48.806 [Forwarding findElements on session e9979048-770c-4b0a-8318-48798eddb49f to remote] DEBUG org.apache.http.headers - http-outgoing-1 << Access-Control-Allow-Headers: origin, content-type, accept
10:41:48.806 [Forwarding findElements on session e9979048-770c-4b0a-8318-48798eddb49f to remote] DEBUG org.apache.http.headers - http-outgoing-1 << Vary: X-HTTP-Method-Override
10:41:48.806 [Forwarding findElements on session e9979048-770c-4b0a-8318-48798eddb49f to remote] DEBUG org.apache.http.headers - http-outgoing-1 << Content-Type: application/json; charset=utf-8
10:41:48.806 [Forwarding findElements on session e9979048-770c-4b0a-8318-48798eddb49f to remote] DEBUG org.apache.http.headers - http-outgoing-1 << Content-Length: 89
10:41:48.806 [Forwarding findElements on session e9979048-770c-4b0a-8318-48798eddb49f to remote] DEBUG org.apache.http.headers - http-outgoing-1 << Date: Mon, 02 Dec 2019 05:11:48 GMT
10:41:48.806 [Forwarding findElements on session e9979048-770c-4b0a-8318-48798eddb49f to remote] DEBUG org.apache.http.headers - http-outgoing-1 << Connection: keep-alive
10:41:48.807 [Forwarding findElements on session e9979048-770c-4b0a-8318-48798eddb49f to remote] DEBUG o.a.h.impl.execchain.MainClientExec - Connection can be kept alive indefinitely
10:41:48.807 [Forwarding findElements on session e9979048-770c-4b0a-8318-48798eddb49f to remote] DEBUG o.a.h.i.c.PoolingHttpClientConnectionManager - Connection [id: 1][route: {}->http://localhost:4723] can be kept alive indefinitely
10:41:48.807 [Forwarding findElements on session e9979048-770c-4b0a-8318-48798eddb49f to remote] DEBUG o.a.h.i.c.PoolingHttpClientConnectionManager - Connection released: [id: 1][route: {}->http://localhost:4723][total kept alive: 1; route allocated: 1 of 2000; total allocated: 1 of 2000]
10:41:48.809 [Forwarding findElement on session e9979048-770c-4b0a-8318-48798eddb49f to remote] DEBUG o.a.h.c.protocol.RequestAddCookies - CookieSpec selected: default
10:41:48.809 [Forwarding findElement on session e9979048-770c-4b0a-8318-48798eddb49f to remote] DEBUG o.a.h.c.protocol.RequestAuthCache - Auth cache not set in the context
10:41:48.809 [Forwarding findElement on session e9979048-770c-4b0a-8318-48798eddb49f to remote] DEBUG o.a.h.i.c.PoolingHttpClientConnectionManager - Connection request: [route: {}->http://localhost:4723][total kept alive: 1; route allocated: 1 of 2000; total allocated: 1 of 2000]
10:41:48.809 [Forwarding findElement on session e9979048-770c-4b0a-8318-48798eddb49f to remote] DEBUG o.a.h.i.c.PoolingHttpClientConnectionManager - Connection leased: [id: 1][route: {}->http://localhost:4723][total kept alive: 0; route allocated: 1 of 2000; total allocated: 1 of 2000]
10:41:48.809 [Forwarding findElement on session e9979048-770c-4b0a-8318-48798eddb49f to remote] DEBUG o.a.h.impl.execchain.MainClientExec - Stale connection check
10:41:48.810 [Forwarding findElement on session e9979048-770c-4b0a-8318-48798eddb49f to remote] DEBUG org.apache.http.wire - http-outgoing-1 << "[read] I/O error: Read timed out"
10:41:48.810 [Forwarding findElement on session e9979048-770c-4b0a-8318-48798eddb49f to remote] DEBUG o.a.h.i.c.DefaultManagedHttpClientConnection - http-outgoing-1: set socket timeout to 10800000
10:41:48.810 [Forwarding findElement on session e9979048-770c-4b0a-8318-48798eddb49f to remote] DEBUG o.a.h.impl.execchain.MainClientExec - Executing request POST /wd/hub/session/e9979048-770c-4b0a-8318-48798eddb49f/element HTTP/1.1
10:41:48.810 [Forwarding findElement on session e9979048-770c-4b0a-8318-48798eddb49f to remote] DEBUG o.a.h.impl.execchain.MainClientExec - Target auth state: UNCHALLENGED
10:41:48.810 [Forwarding findElement on session e9979048-770c-4b0a-8318-48798eddb49f to remote] DEBUG o.a.h.impl.execchain.MainClientExec - Proxy auth state: UNCHALLENGED
10:41:48.810 [Forwarding findElement on session e9979048-770c-4b0a-8318-48798eddb49f to remote] DEBUG org.apache.http.headers - http-outgoing-1 >> POST /wd/hub/session/e9979048-770c-4b0a-8318-48798eddb49f/element HTTP/1.1
10:41:48.810 [Forwarding findElement on session e9979048-770c-4b0a-8318-48798eddb49f to remote] DEBUG org.apache.http.headers - http-outgoing-1 >> Content-Type: application/json; charset=utf-8
10:41:48.810 [Forwarding findElement on session e9979048-770c-4b0a-8318-48798eddb49f to remote] DEBUG org.apache.http.headers - http-outgoing-1 >> Content-Length: 52
10:41:48.810 [Forwarding findElement on session e9979048-770c-4b0a-8318-48798eddb49f to remote] DEBUG org.apache.http.headers - http-outgoing-1 >> Host: localhost:4723
10:41:48.810 [Forwarding findElement on session e9979048-770c-4b0a-8318-48798eddb49f to remote] DEBUG org.apache.http.headers - http-outgoing-1 >> Connection: Keep-Alive
10:41:48.810 [Forwarding findElement on session e9979048-770c-4b0a-8318-48798eddb49f to remote] DEBUG org.apache.http.headers - http-outgoing-1 >> User-Agent: Apache-HttpClient/4.5.2 (Java/1.8.0_121)
10:41:48.810 [Forwarding findElement on session e9979048-770c-4b0a-8318-48798eddb49f to remote] DEBUG org.apache.http.headers - http-outgoing-1 >> Accept-Encoding: gzip,deflate
10:41:48.810 [Forwarding findElement on session e9979048-770c-4b0a-8318-48798eddb49f to remote] DEBUG org.apache.http.wire - http-outgoing-1 >> "POST /wd/hub/session/e9979048-770c-4b0a-8318-48798eddb49f/element HTTP/1.1[\r][\n]"
10:41:48.810 [Forwarding findElement on session e9979048-770c-4b0a-8318-48798eddb49f to remote] DEBUG org.apache.http.wire - http-outgoing-1 >> "Content-Type: application/json; charset=utf-8[\r][\n]"
10:41:48.810 [Forwarding findElement on session e9979048-770c-4b0a-8318-48798eddb49f to remote] DEBUG org.apache.http.wire - http-outgoing-1 >> "Content-Length: 52[\r][\n]"
10:41:48.810 [Forwarding findElement on session e9979048-770c-4b0a-8318-48798eddb49f to remote] DEBUG org.apache.http.wire - http-outgoing-1 >> "Host: localhost:4723[\r][\n]"
10:41:48.811 [Forwarding findElement on session e9979048-770c-4b0a-8318-48798eddb49f to remote] DEBUG org.apache.http.wire - http-outgoing-1 >> "Connection: Keep-Alive[\r][\n]"
10:41:48.811 [Forwarding findElement on session e9979048-770c-4b0a-8318-48798eddb49f to remote] DEBUG org.apache.http.wire - http-outgoing-1 >> "User-Agent: Apache-HttpClient/4.5.2 (Java/1.8.0_121)[\r][\n]"
10:41:48.811 [Forwarding findElement on session e9979048-770c-4b0a-8318-48798eddb49f to remote] DEBUG org.apache.http.wire - http-outgoing-1 >> "Accept-Encoding: gzip,deflate[\r][\n]"
10:41:48.811 [Forwarding findElement on session e9979048-770c-4b0a-8318-48798eddb49f to remote] DEBUG org.apache.http.wire - http-outgoing-1 >> "[\r][\n]"
10:41:48.811 [Forwarding findElement on session e9979048-770c-4b0a-8318-48798eddb49f to remote] DEBUG org.apache.http.wire - http-outgoing-1 >> "{"using":"id","value":"tv.hooq.android:id/subtitle"}"
&amp#27;[36minfo&amp#27;[39m: &amp#27;[37m-->&amp#27;[39m &amp#27;[37mPOST&amp#27;[39m &amp#27;[37m/wd/hub/session/e9979048-770c-4b0a-8318-48798eddb49f/element&amp#27;[39m &amp#27;[90m{"using":"id","value":"tv.hooq.android:id/subtitle"}&amp#27;[39m
&amp#27;[36minfo&amp#27;[39m: [debug] Waiting up to 0ms for condition
&amp#27;[36minfo&amp#27;[39m: [debug] Pushing command to appium work queue: ["find",{"strategy":"id","selector":"tv.hooq.android:id/subtitle","context":"","multiple":false}]
&amp#27;[36minfo&amp#27;[39m: [debug] [BOOTSTRAP] [debug] Got data from client: {"cmd":"action","action":"find","params":{"strategy":"id","selector":"tv.hooq.android:id/subtitle","context":"","multiple":false}}
&amp#27;[36minfo&amp#27;[39m: [debug] [BOOTSTRAP] [debug] Got command of type ACTION
&amp#27;[36minfo&amp#27;[39m: [debug] [BOOTSTRAP] [debug] Got command action: find
&amp#27;[36minfo&amp#27;[39m: [debug] [BOOTSTRAP] [debug] Finding tv.hooq.android:id/subtitle using ID with the contextId:  multiple: false
&amp#27;[36minfo&amp#27;[39m: [debug] [BOOTSTRAP] [debug] Using: UiSelector[INSTANCE=0, RESOURCE_ID=tv.hooq.android:id/subtitle]
&amp#27;[36minfo&amp#27;[39m: [debug] [BOOTSTRAP] [debug] Returning result: {"status":0,"value":{"ELEMENT":"6"}}
&amp#27;[36minfo&amp#27;[39m: [debug] Responding to client with success: {"status":0,"value":{"ELEMENT":"6"},"sessionId":"e9979048-770c-4b0a-8318-48798eddb49f"}
10:41:48.849 [Forwarding findElement on session e9979048-770c-4b0a-8318-48798eddb49f to remote] DEBUG org.apache.http.wire - http-outgoing-1 << "HTTP/1.1 200 OK[\r][\n]"
10:41:48.851 [Forwarding findElement on session e9979048-770c-4b0a-8318-48798eddb49f to remote] DEBUG org.apache.http.wire - http-outgoing-1 << "X-Powered-By: Express[\r][\n]"
10:41:48.851 [Forwarding findElement on session e9979048-770c-4b0a-8318-48798eddb49f to remote] DEBUG org.apache.http.wire - http-outgoing-1 << "Access-Control-Allow-Origin: *[\r][\n]"
10:41:48.851 [Forwarding findElement on session e9979048-770c-4b0a-8318-48798eddb49f to remote] DEBUG org.apache.http.wire - http-outgoing-1 << "Access-Control-Allow-Methods: GET,POST,PUT,OPTIONS,DELETE[\r][\n]"
10:41:48.851 [Forwarding findElement on session e9979048-770c-4b0a-8318-48798eddb49f to remote] DEBUG org.apache.http.wire - http-outgoing-1 << "Access-Control-Allow-Headers: origin, content-type, accept[\r][\n]"
10:41:48.851 [Forwarding findElement on session e9979048-770c-4b0a-8318-48798eddb49f to remote] DEBUG org.apache.http.wire - http-outgoing-1 << "Vary: X-HTTP-Method-Override[\r][\n]"
10:41:48.851 [Forwarding findElement on session e9979048-770c-4b0a-8318-48798eddb49f to remote] DEBUG org.apache.http.wire - http-outgoing-1 << "Content-Type: application/json; charset=utf-8[\r][\n]"
10:41:48.851 [Forwarding findElement on session e9979048-770c-4b0a-8318-48798eddb49f to remote] DEBUG org.apache.http.wire - http-outgoing-1 << "Content-Length: 87[\r][\n]"
10:41:48.851 [Forwarding findElement on session e9979048-770c-4b0a-8318-48798eddb49f to remote] DEBUG org.apache.http.wire - http-outgoing-1 << "Date: Mon, 02 Dec 2019 05:11:48 GMT[\r][\n]"
10:41:48.851 [Forwarding findElement on session e9979048-770c-4b0a-8318-48798eddb49f to remote] DEBUG org.apache.http.wire - http-outgoing-1 << "Connection: keep-alive[\r][\n]"
10:41:48.851 [Forwarding findElement on session e9979048-770c-4b0a-8318-48798eddb49f to remote] DEBUG org.apache.http.wire - http-outgoing-1 << "[\r][\n]"
10:41:48.851 [Forwarding findElement on session e9979048-770c-4b0a-8318-48798eddb49f to remote] DEBUG org.apache.http.wire - http-outgoing-1 << "{"status":0,"value":{"ELEMENT":"6"},"sessionId":"e9979048-770c-4b0a-8318-48798eddb49f"}"
&amp#27;[36minfo&amp#27;[39m: &amp#27;[37m<-- POST /wd/hub/session/e9979048-770c-4b0a-8318-48798eddb49f/element &amp#27;[39m&amp#27;[32m200&amp#27;[39m&amp#27;[90m 37.696 ms - 87&amp#27;[39m &amp#27;[90m{"status":0,"value":{"ELEMENT":"6"},"sessionId":"e9979048-770c-4b0a-8318-48798eddb49f"}&amp#27;[39m
10:41:48.851 [Forwarding findElement on session e9979048-770c-4b0a-8318-48798eddb49f to remote] DEBUG org.apache.http.headers - http-outgoing-1 << HTTP/1.1 200 OK
10:41:48.853 [Forwarding findElement on session e9979048-770c-4b0a-8318-48798eddb49f to remote] DEBUG org.apache.http.headers - http-outgoing-1 << X-Powered-By: Express
10:41:48.853 [Forwarding findElement on session e9979048-770c-4b0a-8318-48798eddb49f to remote] DEBUG org.apache.http.headers - http-outgoing-1 << Access-Control-Allow-Origin: *
10:41:48.853 [Forwarding findElement on session e9979048-770c-4b0a-8318-48798eddb49f to remote] DEBUG org.apache.http.headers - http-outgoing-1 << Access-Control-Allow-Methods: GET,POST,PUT,OPTIONS,DELETE
10:41:48.853 [Forwarding findElement on session e9979048-770c-4b0a-8318-48798eddb49f to remote] DEBUG org.apache.http.headers - http-outgoing-1 << Access-Control-Allow-Headers: origin, content-type, accept
10:41:48.853 [Forwarding findElement on session e9979048-770c-4b0a-8318-48798eddb49f to remote] DEBUG org.apache.http.headers - http-outgoing-1 << Vary: X-HTTP-Method-Override
10:41:48.853 [Forwarding findElement on session e9979048-770c-4b0a-8318-48798eddb49f to remote] DEBUG org.apache.http.headers - http-outgoing-1 << Content-Type: application/json; charset=utf-8
10:41:48.853 [Forwarding findElement on session e9979048-770c-4b0a-8318-48798eddb49f to remote] DEBUG org.apache.http.headers - http-outgoing-1 << Content-Length: 87
10:41:48.853 [Forwarding findElement on session e9979048-770c-4b0a-8318-48798eddb49f to remote] DEBUG org.apache.http.headers - http-outgoing-1 << Date: Mon, 02 Dec 2019 05:11:48 GMT
10:41:48.853 [Forwarding findElement on session e9979048-770c-4b0a-8318-48798eddb49f to remote] DEBUG org.apache.http.headers - http-outgoing-1 << Connection: keep-alive
10:41:48.853 [Forwarding findElement on session e9979048-770c-4b0a-8318-48798eddb49f to remote] DEBUG o.a.h.impl.execchain.MainClientExec - Connection can be kept alive indefinitely
10:41:48.853 [Forwarding findElement on session e9979048-770c-4b0a-8318-48798eddb49f to remote] DEBUG o.a.h.i.c.PoolingHttpClientConnectionManager - Connection [id: 1][route: {}->http://localhost:4723] can be kept alive indefinitely
10:41:48.853 [Forwarding findElement on session e9979048-770c-4b0a-8318-48798eddb49f to remote] DEBUG o.a.h.i.c.PoolingHttpClientConnectionManager - Connection released: [id: 1][route: {}->http://localhost:4723][total kept alive: 1; route allocated: 1 of 2000; total allocated: 1 of 2000]
10:41:48.854 [Forwarding getElementText on session e9979048-770c-4b0a-8318-48798eddb49f to remote] DEBUG o.a.h.c.protocol.RequestAddCookies - CookieSpec selected: default
10:41:48.854 [Forwarding getElementText on session e9979048-770c-4b0a-8318-48798eddb49f to remote] DEBUG o.a.h.c.protocol.RequestAuthCache - Auth cache not set in the context
10:41:48.854 [Forwarding getElementText on session e9979048-770c-4b0a-8318-48798eddb49f to remote] DEBUG o.a.h.i.c.PoolingHttpClientConnectionManager - Connection request: [route: {}->http://localhost:4723][total kept alive: 1; route allocated: 1 of 2000; total allocated: 1 of 2000]
10:41:48.854 [Forwarding getElementText on session e9979048-770c-4b0a-8318-48798eddb49f to remote] DEBUG o.a.h.i.c.PoolingHttpClientConnectionManager - Connection leased: [id: 1][route: {}->http://localhost:4723][total kept alive: 0; route allocated: 1 of 2000; total allocated: 1 of 2000]
10:41:48.854 [Forwarding getElementText on session e9979048-770c-4b0a-8318-48798eddb49f to remote] DEBUG o.a.h.impl.execchain.MainClientExec - Stale connection check
10:41:48.855 [Forwarding getElementText on session e9979048-770c-4b0a-8318-48798eddb49f to remote] DEBUG org.apache.http.wire - http-outgoing-1 << "[read] I/O error: Read timed out"
10:41:48.855 [Forwarding getElementText on session e9979048-770c-4b0a-8318-48798eddb49f to remote] DEBUG o.a.h.i.c.DefaultManagedHttpClientConnection - http-outgoing-1: set socket timeout to 10800000
10:41:48.855 [Forwarding getElementText on session e9979048-770c-4b0a-8318-48798eddb49f to remote] DEBUG o.a.h.impl.execchain.MainClientExec - Executing request GET /wd/hub/session/e9979048-770c-4b0a-8318-48798eddb49f/element/6/text HTTP/1.1
10:41:48.855 [Forwarding getElementText on session e9979048-770c-4b0a-8318-48798eddb49f to remote] DEBUG o.a.h.impl.execchain.MainClientExec - Target auth state: UNCHALLENGED
10:41:48.855 [Forwarding getElementText on session e9979048-770c-4b0a-8318-48798eddb49f to remote] DEBUG o.a.h.impl.execchain.MainClientExec - Proxy auth state: UNCHALLENGED
10:41:48.855 [Forwarding getElementText on session e9979048-770c-4b0a-8318-48798eddb49f to remote] DEBUG org.apache.http.headers - http-outgoing-1 >> GET /wd/hub/session/e9979048-770c-4b0a-8318-48798eddb49f/element/6/text HTTP/1.1
10:41:48.855 [Forwarding getElementText on session e9979048-770c-4b0a-8318-48798eddb49f to remote] DEBUG org.apache.http.headers - http-outgoing-1 >> Cache-Control: no-cache
10:41:48.855 [Forwarding getElementText on session e9979048-770c-4b0a-8318-48798eddb49f to remote] DEBUG org.apache.http.headers - http-outgoing-1 >> Host: localhost:4723
10:41:48.855 [Forwarding getElementText on session e9979048-770c-4b0a-8318-48798eddb49f to remote] DEBUG org.apache.http.headers - http-outgoing-1 >> Connection: Keep-Alive
10:41:48.855 [Forwarding getElementText on session e9979048-770c-4b0a-8318-48798eddb49f to remote] DEBUG org.apache.http.headers - http-outgoing-1 >> User-Agent: Apache-HttpClient/4.5.2 (Java/1.8.0_121)
10:41:48.855 [Forwarding getElementText on session e9979048-770c-4b0a-8318-48798eddb49f to remote] DEBUG org.apache.http.headers - http-outgoing-1 >> Accept-Encoding: gzip,deflate
10:41:48.855 [Forwarding getElementText on session e9979048-770c-4b0a-8318-48798eddb49f to remote] DEBUG org.apache.http.wire - http-outgoing-1 >> "GET /wd/hub/session/e9979048-770c-4b0a-8318-48798eddb49f/element/6/text HTTP/1.1[\r][\n]"
10:41:48.855 [Forwarding getElementText on session e9979048-770c-4b0a-8318-48798eddb49f to remote] DEBUG org.apache.http.wire - http-outgoing-1 >> "Cache-Control: no-cache[\r][\n]"
10:41:48.855 [Forwarding getElementText on session e9979048-770c-4b0a-8318-48798eddb49f to remote] DEBUG org.apache.http.wire - http-outgoing-1 >> "Host: localhost:4723[\r][\n]"
10:41:48.855 [Forwarding getElementText on session e9979048-770c-4b0a-8318-48798eddb49f to remote] DEBUG org.apache.http.wire - http-outgoing-1 >> "Connection: Keep-Alive[\r][\n]"
10:41:48.855 [Forwarding getElementText on session e9979048-770c-4b0a-8318-48798eddb49f to remote] DEBUG org.apache.http.wire - http-outgoing-1 >> "User-Agent: Apache-HttpClient/4.5.2 (Java/1.8.0_121)[\r][\n]"
10:41:48.855 [Forwarding getElementText on session e9979048-770c-4b0a-8318-48798eddb49f to remote] DEBUG org.apache.http.wire - http-outgoing-1 >> "Accept-Encoding: gzip,deflate[\r][\n]"
10:41:48.855 [Forwarding getElementText on session e9979048-770c-4b0a-8318-48798eddb49f to remote] DEBUG org.apache.http.wire - http-outgoing-1 >> "[\r][\n]"
&amp#27;[36minfo&amp#27;[39m: &amp#27;[37m-->&amp#27;[39m &amp#27;[37mGET&amp#27;[39m &amp#27;[37m/wd/hub/session/e9979048-770c-4b0a-8318-48798eddb49f/element/6/text&amp#27;[39m &amp#27;[90m{}&amp#27;[39m
&amp#27;[36minfo&amp#27;[39m: [debug] Pushing command to appium work queue: ["element:getText",{"elementId":"6"}]
&amp#27;[36minfo&amp#27;[39m: [debug] [BOOTSTRAP] [debug] Got data from client: {"cmd":"action","action":"element:getText","params":{"elementId":"6"}}
&amp#27;[36minfo&amp#27;[39m: [debug] [BOOTSTRAP] [debug] Got command of type ACTION
&amp#27;[36minfo&amp#27;[39m: [debug] [BOOTSTRAP] [debug] Got command action: getText
&amp#27;[36minfo&amp#27;[39m: [debug] [BOOTSTRAP] [debug] Returning result: {"status":0,"value":"autoinandacti@yopmail.com"}
10:41:48.890 [Forwarding getElementText on session e9979048-770c-4b0a-8318-48798eddb49f to remote] DEBUG org.apache.http.wire - http-outgoing-1 << "HTTP/1.1 200 OK[\r][\n]"
10:41:48.891 [Forwarding getElementText on session e9979048-770c-4b0a-8318-48798eddb49f to remote] DEBUG org.apache.http.wire - http-outgoing-1 << "X-Powered-By: Express[\r][\n]"
10:41:48.891 [Forwarding getElementText on session e9979048-770c-4b0a-8318-48798eddb49f to remote] DEBUG org.apache.http.wire - http-outgoing-1 << "Access-Control-Allow-Origin: *[\r][\n]"
&amp#27;[36minfo&amp#27;[39m: [debug] Responding to client with10:41:48.891 [Forwarding getElementText on session e9979048-770c-4b0a-8318-48798eddb49f to remote] DEBUG org.apache.http.wire - http-outgoing-1 << "Access-Control-Allow-Methods: GET,POST,PUT,OPTIONS,DELETE[\r][\n]"
10:41:48.891 [Forwarding getElementText on session e9979048-770c-4b0a-8318-48798eddb49f to remote] DEBUG org.apache.http.wire - http-outgoing-1 << "Access-Control-Allow-Headers: origin, content-type, accept[\r][\n]"
10:41:48.891 [Forwarding getElementText on session e9979048-770c-4b0a-8318-48798eddb49f to remote] DEBUG org.apache.http.wire - http-outgoing-1 << "Content-Type: application/json; charset=utf-8[\r][\n]"
10:41:48.891 [Forwarding getElementText on session e9979048-770c-4b0a-8318-48798eddb49f to remote] DEBUG org.apache.http.wire - http-outgoing-1 << "Content-Length: 99[\r][\n]"
10:41:48.891 [Forwarding getElementText on session e9979048-770c-4b0a-8318-48798eddb49f to remote] DEBUG org.apache.http.wire - http-outgoing-1 << "ETag: W/"63-c7ed56d1"[\r][\n]"
10:41:48.891 [Forwarding getElementText on session e9979048-770c-4b0a-8318-48798eddb49f to remote] DEBUG org.apache.http.wire - http-outgoing-1 << "Date: Mon, 02 Dec 2019 05:11:48 GMT[\r][\n]"
 success: {"status":0,"value":"autoinandacti@yopmail.com","sessionId":"e9979048-770c-10:41:48.891 [Forwarding getElementText on session e9979048-770c-4b0a-8318-48798eddb49f to remote] DEBUG org.apache.http.wire - http-outgoing-1 << "Connection: keep-alive[\r][\n]"
4b10:41:48.892 [Forwarding getElementText on session e9979048-770c-4b0a-8318-48798eddb49f to remote] DEBUG org.apache.http.wire - http-outgoing-1 << "[\r][\n]"
10:41:48.892 [Forwarding getElementText on session e9979048-770c-4b0a-8318-48798eddb49f to remote] DEBUG org.apache.http.wire - http-outgoing-1 << "{"status":0,"value":"autoinandacti@yopmail.com","sessionId":"e9979048-770c-4b0a-8318-48798eddb49f"}"
0a-8318-48798eddb49f"}
&amp#27;[36minfo&amp#27;[39m: &amp#27;[37m<-- GET /wd/hub/session/e9979048-770c-4b0a-8318-487910:41:48.892 [Forwarding getElementText on session e9979048-770c-4b0a-8318-48798eddb49f to remote] DEBUG org.apache.http.headers - http-outgoing-1 << HTTP/1.1 200 OK
810:41:48.892 [Forwarding getElementText on session e9979048-770c-4b0a-8318-48798eddb49f to remote] DEBUG org.apache.http.headers - http-outgoing-1 << X-Powered-By: Express
10:41:48.892 [Forwarding getElementText on session e9979048-770c-4b0a-8318-48798eddb49f to remote] DEBUG org.apache.http.headers - http-outgoing-1 << Access-Control-Allow-Origin: *
10:41:48.893 [Forwarding getElementText on session e9979048-770c-4b0a-8318-48798eddb49f to remote] DEBUG org.apache.http.headers - http-outgoing-1 << Access-Control-Allow-Methods: GET,POST,PUT,OPTIONS,DELETE
10:41:48.893 [Forwarding getElementText on session e9979048-770c-4b0a-8318-48798eddb49f to remote] DEBUG org.apache.http.headers - http-outgoing-1 << Access-Control-Allow-Headers: origin, content-type, accept
10:41:48.893 [Forwarding getElementText on session e9979048-770c-4b0a-8318-48798eddb49f to remote] DEBUG org.apache.http.headers - http-outgoing-1 << Content-Type: application/json; charset=utf-8
10:41:48.893 [Forwarding getElementText on session e9979048-770c-4b0a-8318-48798eddb49f to remote] DEBUG org.apache.http.headers - http-outgoing-1 << Content-Length: 99
10:41:48.893 [Forwarding getElementText on session e9979048-770c-4b0a-8318-48798eddb49f to remote] DEBUG org.apache.http.headers - http-outgoing-1 << ETag: W/"63-c7ed56d1"
10:41:48.893 [Forwarding getElementText on session e9979048-770c-4b0a-8318-48798eddb49f to remote] DEBUG org.apache.http.headers - http-outgoing-1 << Date: Mon, 02 Dec 2019 05:11:48 GMT
eddb49f/element/6/text &amp#27;[39m&amp#27;[32m200&amp#27;[39m&amp#27;[90m 34.532 ms - 99&amp#27;[39m &amp#27;[90m{"status":0,"value":"autoinandacti@yopmail.com","sessionId":"e9979048-770c-4b0a-8318-48798eddb49f"}&amp#27;[39m
10:41:48.893 [Forwarding getElementText on session e9979048-770c-4b0a-8318-48798eddb49f to remote] DEBUG org.apache.http.headers - http-outgoing-1 << Connection: keep-alive
10:41:48.894 [Forwarding getElementText on session e9979048-770c-4b0a-8318-48798eddb49f to remote] DEBUG o.a.h.impl.execchain.MainClientExec - Connection can be kept alive indefinitely
10:41:48.894 [Forwarding getElementText on session e9979048-770c-4b0a-8318-48798eddb49f to remote] DEBUG o.a.h.i.c.PoolingHttpClientConnectionManager - Connection [id: 1][route: {}->http://localhost:4723] can be kept alive indefinitely
10:41:48.894 [Forwarding getElementText on session e9979048-770c-4b0a-8318-48798eddb49f to remote] DEBUG o.a.h.i.c.PoolingHttpClientConnectionManager - Connection released: [id: 1][route: {}->http://localhost:4723][total kept alive: 1; route allocated: 1 of 2000; total allocated: 1 of 2000]
10:41:48.895 [Forwarding findElements on session e9979048-770c-4b0a-8318-48798eddb49f to remote] DEBUG o.a.h.c.protocol.RequestAddCookies - CookieSpec selected: default
10:41:48.895 [Forwarding findElements on session e9979048-770c-4b0a-8318-48798eddb49f to remote] DEBUG o.a.h.c.protocol.RequestAuthCache - Auth cache not set in the context
10:41:48.895 [Forwarding findElements on session e9979048-770c-4b0a-8318-48798eddb49f to remote] DEBUG o.a.h.i.c.PoolingHttpClientConnectionManager - Connection request: [route: {}->http://localhost:4723][total kept alive: 1; route allocated: 1 of 2000; total allocated: 1 of 2000]
10:41:48.895 [Forwarding findElements on session e9979048-770c-4b0a-8318-48798eddb49f to remote] DEBUG o.a.h.i.c.PoolingHttpClientConnectionManager - Connection leased: [id: 1][route: {}->http://localhost:4723][total kept alive: 0; route allocated: 1 of 2000; total allocated: 1 of 2000]
10:41:48.895 [Forwarding findElements on session e9979048-770c-4b0a-8318-48798eddb49f to remote] DEBUG o.a.h.impl.execchain.MainClientExec - Stale connection check
10:41:48.896 [Forwarding findElements on session e9979048-770c-4b0a-8318-48798eddb49f to remote] DEBUG org.apache.http.wire - http-outgoing-1 << "[read] I/O error: Read timed out"
10:41:48.896 [Forwarding findElements on session e9979048-770c-4b0a-8318-48798eddb49f to remote] DEBUG o.a.h.i.c.DefaultManagedHttpClientConnection - http-outgoing-1: set socket timeout to 10800000
10:41:48.896 [Forwarding findElements on session e9979048-770c-4b0a-8318-48798eddb49f to remote] DEBUG o.a.h.impl.execchain.MainClientExec - Executing request POST /wd/hub/session/e9979048-770c-4b0a-8318-48798eddb49f/elements HTTP/1.1
10:41:48.896 [Forwarding findElements on session e9979048-770c-4b0a-8318-48798eddb49f to remote] DEBUG o.a.h.impl.execchain.MainClientExec - Target auth state: UNCHALLENGED
10:41:48.896 [Forwarding findElements on session e9979048-770c-4b0a-8318-48798eddb49f to remote] DEBUG o.a.h.impl.execchain.MainClientExec - Proxy auth state: UNCHALLENGED
10:41:48.896 [Forwarding findElements on session e9979048-770c-4b0a-8318-48798eddb49f to remote] DEBUG org.apache.http.headers - http-outgoing-1 >> POST /wd/hub/session/e9979048-770c-4b0a-8318-48798eddb49f/elements HTTP/1.1
10:41:48.896 [Forwarding findElements on session e9979048-770c-4b0a-8318-48798eddb49f to remote] DEBUG org.apache.http.headers - http-outgoing-1 >> Content-Type: application/json; charset=utf-8
10:41:48.896 [Forwarding findElements on session e9979048-770c-4b0a-8318-48798eddb49f to remote] DEBUG org.apache.http.headers - http-outgoing-1 >> Content-Length: 62
10:41:48.896 [Forwarding findElements on session e9979048-770c-4b0a-8318-48798eddb49f to remote] DEBUG org.apache.http.headers - http-outgoing-1 >> Host: localhost:4723
10:41:48.896 [Forwarding findElements on session e9979048-770c-4b0a-8318-48798eddb49f to remote] DEBUG org.apache.http.headers - http-outgoing-1 >> Connection: Keep-Alive
10:41:48.896 [Forwarding findElements on session e9979048-770c-4b0a-8318-48798eddb49f to remote] DEBUG org.apache.http.headers - http-outgoing-1 >> User-Agent: Apache-HttpClient/4.5.2 (Java/1.8.0_121)
10:41:48.896 [Forwarding findElements on session e9979048-770c-4b0a-8318-48798eddb49f to remote] DEBUG org.apache.http.headers - http-outgoing-1 >> Accept-Encoding: gzip,deflate
10:41:48.896 [Forwarding findElements on session e9979048-770c-4b0a-8318-48798eddb49f to remote] DEBUG org.apache.http.wire - http-outgoing-1 >> "POST /wd/hub/session/e9979048-770c-4b0a-8318-48798eddb49f/elements HTTP/1.1[\r][\n]"
10:41:48.896 [Forwarding findElements on session e9979048-770c-4b0a-8318-48798eddb49f to remote] DEBUG org.apache.http.wire - http-outgoing-1 >> "Content-Type: application/json; charset=utf-8[\r][\n]"
10:41:48.896 [Forwarding findElements on session e9979048-770c-4b0a-8318-48798eddb49f to remote] DEBUG org.apache.http.wire - http-outgoing-1 >> "Content-Length: 62[\r][\n]"
10:41:48.896 [Forwarding findElements on session e9979048-770c-4b0a-8318-48798eddb49f to remote] DEBUG org.apache.http.wire - http-outgoing-1 >> "Host: localhost:4723[\r][\n]"
10:41:48.896 [Forwarding findElements on session e9979048-770c-4b0a-8318-48798eddb49f to remote] DEBUG org.apache.http.wire - http-outgoing-1 >> "Connection: Keep-Alive[\r][\n]"
10:41:48.896 [Forwarding findElements on session e9979048-770c-4b0a-8318-48798eddb49f to remote] DEBUG org.apache.http.wire - http-outgoing-1 >> "User-Agent: Apache-HttpClient/4.5.2 (Java/1.8.0_121)[\r][\n]"
10:41:48.896 [Forwarding findElements on session e9979048-770c-4b0a-8318-48798eddb49f to remote] DEBUG org.apache.http.wire - http-outgoing-1 >> "Accept-Encoding: gzip,deflate[\r][\n]"
10:41:48.896 [Forwarding findElements on session e9979048-770c-4b0a-8318-48798eddb49f to remote] DEBUG org.apache.http.wire - http-outgoing-1 >> "[\r][\n]"
10:41:48.896 [Forwarding findElements on session e9979048-770c-4b0a-8318-48798eddb49f to remote] DEBUG org.apache.http.wire - http-outgoing-1 >> "{"using":"id","value":"tv.hooq.android:id/backInMainActivity"}"
&amp#27;[36minfo&amp#27;[39m: &amp#27;[37m-->&amp#27;[39m &amp#27;[37mPOST&amp#27;[39m &amp#27;[37m/wd/hub/session/e9979048-770c-4b0a-8318-48798eddb49f/elements&amp#27;[39m &amp#27;[90m{"using":"id","value":"tv.hooq.android:id/backInMainActivity"}&amp#27;[39m
&amp#27;[36minfo&amp#27;[39m: [debug] Waiting up to 0ms for condition
&amp#27;[36minfo&amp#27;[39m: [debug] Pushing command to appium work queue: ["find",{"strategy":"id","selector":"tv.hooq.android:id/backInMainActivity","context":"","multiple":true}]
&amp#27;[36minfo&amp#27;[39m: [debug] [BOOTSTRAP] [debug] Got data from client: {"cmd":"action","action":"find","params":{"strategy":"id","selector":"tv.hooq.android:id/backInMainActivity","context":"","multiple":true}}
&amp#27;[36minfo&amp#27;[39m: [debug] [BOOTSTRAP] [debug] Got command of type ACTION
&amp#27;[36minfo&amp#27;[39m: [debug] [BOOTSTRAP] [debug] Got command action: find
&amp#27;[36minfo&amp#27;[39m: [debug] [BOOTSTRAP] [debug] Finding tv.hooq.android:id/backInMainActivity using ID with the contextId:  multiple: true
&amp#27;[36minfo&amp#27;[39m: [debug] [BOOTSTRAP] [debug] Using: UiSelector[RESOURCE_ID=tv.hooq.android:id/backInMainActivity]
&amp#27;[36minfo&amp#27;[39m: [debug] [BOOTSTRAP] [debug] getElements selector:UiSelector[RESOURCE_ID=tv.hooq.android:id/backInMainActivity]
&amp#27;[36minfo&amp#27;[39m: [debug] &amp#27;[90m[UIAUTOMATOR STDOUT] [APPIUM-UIAU&amp#27;[39m
&amp#27;[36minfo&amp#27;[39m: [debug] &amp#27;[90m[UIAUTOMATOR STDOUT] TO] [debug] Element[] is null: (0)[/APPIUM-UIAUTO]&amp#27;[39m
&amp#27;[36minfo&amp#27;[39m: [debug] [BOOTSTRAP] [debug] getElements tmp selector:UiSelector[INSTANCE=0, RESOURCE_ID=tv.hooq.android:id/backInMainActivity]
&amp#27;[36minfo&amp#27;[39m: [debug] [BOOTSTRAP] [debug] Element[] is null: (1)
&amp#27;[36minfo&amp#27;[39m: [debug] [BOOTSTRAP] [debug] getElements tmp selector:UiSelector[INSTANCE=1, RESOURCE_ID=tv.hooq.android:id/backInMainActivity]
&amp#27;[36minfo&amp#27;[39m: [debug] [BOOTSTRAP] [debug] Returning result: {"status":0,"value":[{"ELEMENT":"7"}]}
&amp#27;[36minfo&amp#27;[39m: [debug] Responding to client with success: {"status":0,"value":[{"ELEMENT":"7"}],"sessionId":"e9979048-770c-4b0a-8318-48798eddb49f"}
&amp#27;[36minfo&amp#27;[39m: &amp#27;[37m<-- POST /wd/hub/session/e9979048-770c-4b0a-8318-48798eddb49f/elements &amp#27;[39m&amp#27;[32m200&amp#27;[39m&amp#27;[90m 69.287 ms - 89&amp#27;[39m &amp#27;[90m{"status":0,"value":[{"ELEMENT":"7"}],"sessionId":"e9979048-770c-4b0a-8318-48798eddb49f"}&amp#27;[39m
10:41:48.966 [Forwarding findElements on session e9979048-770c-4b0a-8318-48798eddb49f to remote] DEBUG org.apache.http.wire - http-outgoing-1 << "HTTP/1.1 200 OK[\r][\n]"
10:41:48.969 [Forwarding findElements on session e9979048-770c-4b0a-8318-48798eddb49f to remote] DEBUG org.apache.http.wire - http-outgoing-1 << "X-Powered-By: Express[\r][\n]"
10:41:48.969 [Forwarding findElements on session e9979048-770c-4b0a-8318-48798eddb49f to remote] DEBUG org.apache.http.wire - http-outgoing-1 << "Access-Control-Allow-Origin: *[\r][\n]"
10:41:48.969 [Forwarding findElements on session e9979048-770c-4b0a-8318-48798eddb49f to remote] DEBUG org.apache.http.wire - http-outgoing-1 << "Access-Control-Allow-Methods: GET,POST,PUT,OPTIONS,DELETE[\r][\n]"
10:41:48.969 [Forwarding findElements on session e9979048-770c-4b0a-8318-48798eddb49f to remote] DEBUG org.apache.http.wire - http-outgoing-1 << "Access-Control-Allow-Headers: origin, content-type, accept[\r][\n]"
10:41:48.969 [Forwarding findElements on session e9979048-770c-4b0a-8318-48798eddb49f to remote] DEBUG org.apache.http.wire - http-outgoing-1 << "Vary: X-HTTP-Method-Override[\r][\n]"
10:41:48.969 [Forwarding findElements on session e9979048-770c-4b0a-8318-48798eddb49f to remote] DEBUG org.apache.http.wire - http-outgoing-1 << "Content-Type: application/json; charset=utf-8[\r][\n]"
10:41:48.969 [Forwarding findElements on session e9979048-770c-4b0a-8318-48798eddb49f to remote] DEBUG org.apache.http.wire - http-outgoing-1 << "Content-Length: 89[\r][\n]"
10:41:48.969 [Forwarding findElements on session e9979048-770c-4b0a-8318-48798eddb49f to remote] DEBUG org.apache.http.wire - http-outgoing-1 << "Date: Mon, 02 Dec 2019 05:11:48 GMT[\r][\n]"
10:41:48.969 [Forwarding findElements on session e9979048-770c-4b0a-8318-48798eddb49f to remote] DEBUG org.apache.http.wire - http-outgoing-1 << "Connection: keep-alive[\r][\n]"
10:41:48.969 [Forwarding findElements on session e9979048-770c-4b0a-8318-48798eddb49f to remote] DEBUG org.apache.http.wire - http-outgoing-1 << "[\r][\n]"
10:41:48.969 [Forwarding findElements on session e9979048-770c-4b0a-8318-48798eddb49f to remote] DEBUG org.apache.http.wire - http-outgoing-1 << "{"status":0,"value":[{"ELEMENT":"7"}],"sessionId":"e9979048-770c-4b0a-8318-48798eddb49f"}"
10:41:48.969 [Forwarding findElements on session e9979048-770c-4b0a-8318-48798eddb49f to remote] DEBUG org.apache.http.headers - http-outgoing-1 << HTTP/1.1 200 OK
10:41:48.969 [Forwarding findElements on session e9979048-770c-4b0a-8318-48798eddb49f to remote] DEBUG org.apache.http.headers - http-outgoing-1 << X-Powered-By: Express
10:41:48.969 [Forwarding findElements on session e9979048-770c-4b0a-8318-48798eddb49f to remote] DEBUG org.apache.http.headers - http-outgoing-1 << Access-Control-Allow-Origin: *
10:41:48.969 [Forwarding findElements on session e9979048-770c-4b0a-8318-48798eddb49f to remote] DEBUG org.apache.http.headers - http-outgoing-1 << Access-Control-Allow-Methods: GET,POST,PUT,OPTIONS,DELETE
10:41:48.969 [Forwarding findElements on session e9979048-770c-4b0a-8318-48798eddb49f to remote] DEBUG org.apache.http.headers - http-outgoing-1 << Access-Control-Allow-Headers: origin, content-type, accept
10:41:48.969 [Forwarding findElements on session e9979048-770c-4b0a-8318-48798eddb49f to remote] DEBUG org.apache.http.headers - http-outgoing-1 << Vary: X-HTTP-Method-Override
10:41:48.969 [Forwarding findElements on session e9979048-770c-4b0a-8318-48798eddb49f to remote] DEBUG org.apache.http.headers - http-outgoing-1 << Content-Type: application/json; charset=utf-8
10:41:48.969 [Forwarding findElements on session e9979048-770c-4b0a-8318-48798eddb49f to remote] DEBUG org.apache.http.headers - http-outgoing-1 << Content-Length: 89
10:41:48.969 [Forwarding findElements on session e9979048-770c-4b0a-8318-48798eddb49f to remote] DEBUG org.apache.http.headers - http-outgoing-1 << Date: Mon, 02 Dec 2019 05:11:48 GMT
10:41:48.969 [Forwarding findElements on session e9979048-770c-4b0a-8318-48798eddb49f to remote] DEBUG org.apache.http.headers - http-outgoing-1 << Connection: keep-alive
10:41:48.969 [Forwarding findElements on session e9979048-770c-4b0a-8318-48798eddb49f to remote] DEBUG o.a.h.impl.execchain.MainClientExec - Connection can be kept alive indefinitely
10:41:48.970 [Forwarding findElements on session e9979048-770c-4b0a-8318-48798eddb49f to remote] DEBUG o.a.h.i.c.PoolingHttpClientConnectionManager - Connection [id: 1][route: {}->http://localhost:4723] can be kept alive indefinitely
10:41:48.970 [Forwarding findElements on session e9979048-770c-4b0a-8318-48798eddb49f to remote] DEBUG o.a.h.i.c.PoolingHttpClientConnectionManager - Connection released: [id: 1][route: {}->http://localhost:4723][total kept alive: 1; route allocated: 1 of 2000; total allocated: 1 of 2000]
10:41:48.971 [Forwarding findElements on session e9979048-770c-4b0a-8318-48798eddb49f to remote] DEBUG o.a.h.c.protocol.RequestAddCookies - CookieSpec selected: default
10:41:48.971 [Forwarding findElements on session e9979048-770c-4b0a-8318-48798eddb49f to remote] DEBUG o.a.h.c.protocol.RequestAuthCache - Auth cache not set in the context
10:41:48.971 [Forwarding findElements on session e9979048-770c-4b0a-8318-48798eddb49f to remote] DEBUG o.a.h.i.c.PoolingHttpClientConnectionManager - Connection request: [route: {}->http://localhost:4723][total kept alive: 1; route allocated: 1 of 2000; total allocated: 1 of 2000]
10:41:48.971 [Forwarding findElements on session e9979048-770c-4b0a-8318-48798eddb49f to remote] DEBUG o.a.h.i.c.PoolingHttpClientConnectionManager - Connection leased: [id: 1][route: {}->http://localhost:4723][total kept alive: 0; route allocated: 1 of 2000; total allocated: 1 of 2000]
10:41:48.971 [Forwarding findElements on session e9979048-770c-4b0a-8318-48798eddb49f to remote] DEBUG o.a.h.impl.execchain.MainClientExec - Stale connection check
10:41:48.972 [Forwarding findElements on session e9979048-770c-4b0a-8318-48798eddb49f to remote] DEBUG org.apache.http.wire - http-outgoing-1 << "[read] I/O error: Read timed out"
10:41:48.972 [Forwarding findElements on session e9979048-770c-4b0a-8318-48798eddb49f to remote] DEBUG o.a.h.i.c.DefaultManagedHttpClientConnection - http-outgoing-1: set socket timeout to 10800000
10:41:48.972 [Forwarding findElements on session e9979048-770c-4b0a-8318-48798eddb49f to remote] DEBUG o.a.h.impl.execchain.MainClientExec - Executing request POST /wd/hub/session/e9979048-770c-4b0a-8318-48798eddb49f/elements HTTP/1.1
10:41:48.972 [Forwarding findElements on session e9979048-770c-4b0a-8318-48798eddb49f to remote] DEBUG o.a.h.impl.execchain.MainClientExec - Target auth state: UNCHALLENGED
10:41:48.972 [Forwarding findElements on session e9979048-770c-4b0a-8318-48798eddb49f to remote] DEBUG o.a.h.impl.execchain.MainClientExec - Proxy auth state: UNCHALLENGED
10:41:48.972 [Forwarding findElements on session e9979048-770c-4b0a-8318-48798eddb49f to remote] DEBUG org.apache.http.headers - http-outgoing-1 >> POST /wd/hub/session/e9979048-770c-4b0a-8318-48798eddb49f/elements HTTP/1.1
10:41:48.972 [Forwarding findElements on session e9979048-770c-4b0a-8318-48798eddb49f to remote] DEBUG org.apache.http.headers - http-outgoing-1 >> Content-Type: application/json; charset=utf-8
10:41:48.972 [Forwarding findElements on session e9979048-770c-4b0a-8318-48798eddb49f to remote] DEBUG org.apache.http.headers - http-outgoing-1 >> Content-Length: 62
10:41:48.972 [Forwarding findElements on session e9979048-770c-4b0a-8318-48798eddb49f to remote] DEBUG org.apache.http.headers - http-outgoing-1 >> Host: localhost:4723
10:41:48.972 [Forwarding findElements on session e9979048-770c-4b0a-8318-48798eddb49f to remote] DEBUG org.apache.http.headers - http-outgoing-1 >> Connection: Keep-Alive
10:41:48.972 [Forwarding findElements on session e9979048-770c-4b0a-8318-48798eddb49f to remote] DEBUG org.apache.http.headers - http-outgoing-1 >> User-Agent: Apache-HttpClient/4.5.2 (Java/1.8.0_121)
10:41:48.972 [Forwarding findElements on session e9979048-770c-4b0a-8318-48798eddb49f to remote] DEBUG org.apache.http.headers - http-outgoing-1 >> Accept-Encoding: gzip,deflate
10:41:48.972 [Forwarding findElements on session e9979048-770c-4b0a-8318-48798eddb49f to remote] DEBUG org.apache.http.wire - http-outgoing-1 >> "POST /wd/hub/session/e9979048-770c-4b0a-8318-48798eddb49f/elements HTTP/1.1[\r][\n]"
10:41:48.972 [Forwarding findElements on session e9979048-770c-4b0a-8318-48798eddb49f to remote] DEBUG org.apache.http.wire - http-outgoing-1 >> "Content-Type: application/json; charset=utf-8[\r][\n]"
10:41:48.972 [Forwarding findElements on session e9979048-770c-4b0a-8318-48798eddb49f to remote] DEBUG org.apache.http.wire - http-outgoing-1 >> "Content-Length: 62[\r][\n]"
10:41:48.972 [Forwarding findElements on session e9979048-770c-4b0a-8318-48798eddb49f to remote] DEBUG org.apache.http.wire - http-outgoing-1 >> "Host: localhost:4723[\r][\n]"
10:41:48.972 [Forwarding findElements on session e9979048-770c-4b0a-8318-48798eddb49f to remote] DEBUG org.apache.http.wire - http-outgoing-1 >> "Connection: Keep-Alive[\r][\n]"
10:41:48.972 [Forwarding findElements on session e9979048-770c-4b0a-8318-48798eddb49f to remote] DEBUG org.apache.http.wire - http-outgoing-1 >> "User-Agent: Apache-HttpClient/4.5.2 (Java/1.8.0_121)[\r][\n]"
10:41:48.972 [Forwarding findElements on session e9979048-770c-4b0a-8318-48798eddb49f to remote] DEBUG org.apache.http.wire - http-outgoing-1 >> "Accept-Encoding: gzip,deflate[\r][\n]"
10:41:48.972 [Forwarding findElements on session e9979048-770c-4b0a-8318-48798eddb49f to remote] DEBUG org.apache.http.wire - http-outgoing-1 >> "[\r][\n]"
10:41:48.972 [Forwarding findElements on session e9979048-770c-4b0a-8318-48798eddb49f to remote] DEBUG org.apache.http.wire - http-outgoing-1 >> "{"using":"id","value":"tv.hooq.android:id/backInMainActivity"}"
&amp#27;[36minfo&amp#27;[39m: &amp#27;[37m-->&amp#27;[39m &amp#27;[37mPOST&amp#27;[39m &amp#27;[37m/wd/hub/session/e9979048-770c-4b0a-8318-48798eddb49f/elements&amp#27;[39m &amp#27;[90m{"using":"id","value":"tv.hooq.android:id/backInMainActivity"}&amp#27;[39m
&amp#27;[36minfo&amp#27;[39m: [debug] Waiting up to 0ms for condition
&amp#27;[36minfo&amp#27;[39m: [debug] Pushing command to appium work queue: ["find",{"strategy":"id","selector":"tv.hooq.android:id/backInMainActivity","context":"","multiple":true}]
&amp#27;[36minfo&amp#27;[39m: [debug] [BOOTSTRAP] [debug] Got data from client: {"cmd":"action","action":"find","params":{"strategy":"id","selector":"tv.hooq.android:id/backInMainActivity","context":"","multiple":true}}
&amp#27;[36minfo&amp#27;[39m: [debug] [BOOTSTRAP] [debug] Got command of type ACTION
&amp#27;[36minfo&amp#27;[39m: [debug] [BOOTSTRAP] [debug] Got command action: find
&amp#27;[36minfo&amp#27;[39m: [debug] [BOOTSTRAP] [debug] Finding tv.hooq.android:id/backInMainActivity using ID with the contextId:  multiple: true
&amp#27;[36minfo&amp#27;[39m: [debug] [BOOTSTRAP] [debug] Using: UiSelector[RESOURCE_ID=tv.hooq.android:id/backInMainActivity]
&amp#27;[36minfo&amp#27;[39m: [debug] [BOOTSTRAP] [debug] getElements selector:UiSelector[RESOURCE_ID=tv.hooq.android:id/backInMainActivity]
&amp#27;[36minfo&amp#27;[39m: [debug] [BOOTSTRAP] [debug] Element[] is null: (0)
&amp#27;[36minfo&amp#27;[39m: [debug] [BOOTSTRAP] [debug] getElements tmp selector:UiSelector[INSTANCE=0, RESOURCE_ID=tv.hooq.android:id/backInMainActivity]
&amp#27;[36minfo&amp#27;[39m: [debug] [BOOTSTRAP] [debug] Element[] is null: (1)
&amp#27;[36minfo&amp#27;[39m: [debug] [BOOTSTRAP] [debug] getElements tmp selector:UiSelector[INSTANCE=1, RESOURCE_ID=tv.hooq.android:id/backInMainActivity]
&amp#27;[36minfo&amp#27;[39m: [debug] [BOOTSTRAP] [debug] Returning result: {"status":0,"value":[{"ELEMENT":"8"}]}
&amp#27;[36minfo&amp#27;[39m: [debug] Responding to client with success: {"status":0,"value":[{"ELEMENT":"8"}],"sessionId":"e9979048-770c-4b0a-8318-48798eddb49f"}
&amp#27;[36minfo&amp#27;[39m: &amp#27;[37m<-- POST /wd/hub/session/e9979048-770c-4b0a-8318-48798eddb49f/elements &amp#27;[39m&amp#27;[32m200&amp#27;[39m&amp#27;[90m 326.077 ms - 89&amp#27;[39m &amp#27;[90m{"status":0,"value":[{"ELEMENT":"8"}],"sessionId":"e9979048-770c-4b0a-8318-48798eddb49f"}&amp#27;[39m
10:41:49.299 [Forwarding findElements on session e9979048-770c-4b0a-8318-48798eddb49f to remote] DEBUG org.apache.http.wire - http-outgoing-1 << "HTTP/1.1 200 OK[\r][\n]"
10:41:49.300 [Forwarding findElements on session e9979048-770c-4b0a-8318-48798eddb49f to remote] DEBUG org.apache.http.wire - http-outgoing-1 << "X-Powered-By: Express[\r][\n]"
10:41:49.300 [Forwarding findElements on session e9979048-770c-4b0a-8318-48798eddb49f to remote] DEBUG org.apache.http.wire - http-outgoing-1 << "Access-Control-Allow-Origin: *[\r][\n]"
10:41:49.300 [Forwarding findElements on session e9979048-770c-4b0a-8318-48798eddb49f to remote] DEBUG org.apache.http.wire - http-outgoing-1 << "Access-Control-Allow-Methods: GET,POST,PUT,OPTIONS,DELETE[\r][\n]"
10:41:49.300 [Forwarding findElements on session e9979048-770c-4b0a-8318-48798eddb49f to remote] DEBUG org.apache.http.wire - http-outgoing-1 << "Access-Control-Allow-Headers: origin, content-type, accept[\r][\n]"
10:41:49.300 [Forwarding findElements on session e9979048-770c-4b0a-8318-48798eddb49f to remote] DEBUG org.apache.http.wire - http-outgoing-1 << "Vary: X-HTTP-Method-Override[\r][\n]"
10:41:49.300 [Forwarding findElements on session e9979048-770c-4b0a-8318-48798eddb49f to remote] DEBUG org.apache.http.wire - http-outgoing-1 << "Content-Type: application/json; charset=utf-8[\r][\n]"
10:41:49.300 [Forwarding findElements on session e9979048-770c-4b0a-8318-48798eddb49f to remote] DEBUG org.apache.http.wire - http-outgoing-1 << "Content-Length: 89[\r][\n]"
10:41:49.300 [Forwarding findElements on session e9979048-770c-4b0a-8318-48798eddb49f to remote] DEBUG org.apache.http.wire - http-outgoing-1 << "Date: Mon, 02 Dec 2019 05:11:49 GMT[\r][\n]"
10:41:49.300 [Forwarding findElements on session e9979048-770c-4b0a-8318-48798eddb49f to remote] DEBUG org.apache.http.wire - http-outgoing-1 << "Connection: keep-alive[\r][\n]"
10:41:49.300 [Forwarding findElements on session e9979048-770c-4b0a-8318-48798eddb49f to remote] DEBUG org.apache.http.wire - http-outgoing-1 << "[\r][\n]"
10:41:49.300 [Forwarding findElements on session e9979048-770c-4b0a-8318-48798eddb49f to remote] DEBUG org.apache.http.wire - http-outgoing-1 << "{"status":0,"value":[{"ELEMENT":"8"}],"sessionId":"e9979048-770c-4b0a-8318-48798eddb49f"}"
10:41:49.300 [Forwarding findElements on session e9979048-770c-4b0a-8318-48798eddb49f to remote] DEBUG org.apache.http.headers - http-outgoing-1 << HTTP/1.1 200 OK
10:41:49.300 [Forwarding findElements on session e9979048-770c-4b0a-8318-48798eddb49f to remote] DEBUG org.apache.http.headers - http-outgoing-1 << X-Powered-By: Express
10:41:49.300 [Forwarding findElements on session e9979048-770c-4b0a-8318-48798eddb49f to remote] DEBUG org.apache.http.headers - http-outgoing-1 << Access-Control-Allow-Origin: *
10:41:49.300 [Forwarding findElements on session e9979048-770c-4b0a-8318-48798eddb49f to remote] DEBUG org.apache.http.headers - http-outgoing-1 << Access-Control-Allow-Methods: GET,POST,PUT,OPTIONS,DELETE
10:41:49.300 [Forwarding findElements on session e9979048-770c-4b0a-8318-48798eddb49f to remote] DEBUG org.apache.http.headers - http-outgoing-1 << Access-Control-Allow-Headers: origin, content-type, accept
10:41:49.300 [Forwarding findElements on session e9979048-770c-4b0a-8318-48798eddb49f to remote] DEBUG org.apache.http.headers - http-outgoing-1 << Vary: X-HTTP-Method-Override
10:41:49.300 [Forwarding findElements on session e9979048-770c-4b0a-8318-48798eddb49f to remote] DEBUG org.apache.http.headers - http-outgoing-1 << Content-Type: application/json; charset=utf-8
10:41:49.300 [Forwarding findElements on session e9979048-770c-4b0a-8318-48798eddb49f to remote] DEBUG org.apache.http.headers - http-outgoing-1 << Content-Length: 89
10:41:49.300 [Forwarding findElements on session e9979048-770c-4b0a-8318-48798eddb49f to remote] DEBUG org.apache.http.headers - http-outgoing-1 << Date: Mon, 02 Dec 2019 05:11:49 GMT
10:41:49.300 [Forwarding findElements on session e9979048-770c-4b0a-8318-48798eddb49f to remote] DEBUG org.apache.http.headers - http-outgoing-1 << Connection: keep-alive
10:41:49.300 [Forwarding findElements on session e9979048-770c-4b0a-8318-48798eddb49f to remote] DEBUG o.a.h.impl.execchain.MainClientExec - Connection can be kept alive indefinitely
10:41:49.301 [Forwarding findElements on session e9979048-770c-4b0a-8318-48798eddb49f to remote] DEBUG o.a.h.i.c.PoolingHttpClientConnectionManager - Connection [id: 1][route: {}->http://localhost:4723] can be kept alive indefinitely
10:41:49.301 [Forwarding findElements on session e9979048-770c-4b0a-8318-48798eddb49f to remote] DEBUG o.a.h.i.c.PoolingHttpClientConnectionManager - Connection released: [id: 1][route: {}->http://localhost:4723][total kept alive: 1; route allocated: 1 of 2000; total allocated: 1 of 2000]
10:41:49.302 [Forwarding findElement on session e9979048-770c-4b0a-8318-48798eddb49f to remote] DEBUG o.a.h.c.protocol.RequestAddCookies - CookieSpec selected: default
10:41:49.302 [Forwarding findElement on session e9979048-770c-4b0a-8318-48798eddb49f to remote] DEBUG o.a.h.c.protocol.RequestAuthCache - Auth cache not set in the context
10:41:49.302 [Forwarding findElement on session e9979048-770c-4b0a-8318-48798eddb49f to remote] DEBUG o.a.h.i.c.PoolingHttpClientConnectionManager - Connection request: [route: {}->http://localhost:4723][total kept alive: 1; route allocated: 1 of 2000; total allocated: 1 of 2000]
10:41:49.302 [Forwarding findElement on session e9979048-770c-4b0a-8318-48798eddb49f to remote] DEBUG o.a.h.i.c.PoolingHttpClientConnectionManager - Connection leased: [id: 1][route: {}->http://localhost:4723][total kept alive: 0; route allocated: 1 of 2000; total allocated: 1 of 2000]
10:41:49.302 [Forwarding findElement on session e9979048-770c-4b0a-8318-48798eddb49f to remote] DEBUG o.a.h.impl.execchain.MainClientExec - Stale connection check
10:41:49.303 [Forwarding findElement on session e9979048-770c-4b0a-8318-48798eddb49f to remote] DEBUG org.apache.http.wire - http-outgoing-1 << "[read] I/O error: Read timed out"
10:41:49.303 [Forwarding findElement on session e9979048-770c-4b0a-8318-48798eddb49f to remote] DEBUG o.a.h.i.c.DefaultManagedHttpClientConnection - http-outgoing-1: set socket timeout to 10800000
10:41:49.303 [Forwarding findElement on session e9979048-770c-4b0a-8318-48798eddb49f to remote] DEBUG o.a.h.impl.execchain.MainClientExec - Executing request POST /wd/hub/session/e9979048-770c-4b0a-8318-48798eddb49f/element HTTP/1.1
10:41:49.303 [Forwarding findElement on session e9979048-770c-4b0a-8318-48798eddb49f to remote] DEBUG o.a.h.impl.execchain.MainClientExec - Target auth state: UNCHALLENGED
10:41:49.303 [Forwarding findElement on session e9979048-770c-4b0a-8318-48798eddb49f to remote] DEBUG o.a.h.impl.execchain.MainClientExec - Proxy auth state: UNCHALLENGED
10:41:49.303 [Forwarding findElement on session e9979048-770c-4b0a-8318-48798eddb49f to remote] DEBUG org.apache.http.headers - http-outgoing-1 >> POST /wd/hub/session/e9979048-770c-4b0a-8318-48798eddb49f/element HTTP/1.1
10:41:49.303 [Forwarding findElement on session e9979048-770c-4b0a-8318-48798eddb49f to remote] DEBUG org.apache.http.headers - http-outgoing-1 >> Content-Type: application/json; charset=utf-8
10:41:49.303 [Forwarding findElement on session e9979048-770c-4b0a-8318-48798eddb49f to remote] DEBUG org.apache.http.headers - http-outgoing-1 >> Content-Length: 62
10:41:49.303 [Forwarding findElement on session e9979048-770c-4b0a-8318-48798eddb49f to remote] DEBUG org.apache.http.headers - http-outgoing-1 >> Host: localhost:4723
10:41:49.303 [Forwarding findElement on session e9979048-770c-4b0a-8318-48798eddb49f to remote] DEBUG org.apache.http.headers - http-outgoing-1 >> Connection: Keep-Alive
10:41:49.303 [Forwarding findElement on session e9979048-770c-4b0a-8318-48798eddb49f to remote] DEBUG org.apache.http.headers - http-outgoing-1 >> User-Agent: Apache-HttpClient/4.5.2 (Java/1.8.0_121)
10:41:49.303 [Forwarding findElement on session e9979048-770c-4b0a-8318-48798eddb49f to remote] DEBUG org.apache.http.headers - http-outgoing-1 >> Accept-Encoding: gzip,deflate
10:41:49.303 [Forwarding findElement on session e9979048-770c-4b0a-8318-48798eddb49f to remote] DEBUG org.apache.http.wire - http-outgoing-1 >> "POST /wd/hub/session/e9979048-770c-4b0a-8318-48798eddb49f/element HTTP/1.1[\r][\n]"
10:41:49.303 [Forwarding findElement on session e9979048-770c-4b0a-8318-48798eddb49f to remote] DEBUG org.apache.http.wire - http-outgoing-1 >> "Content-Type: application/json; charset=utf-8[\r][\n]"
10:41:49.303 [Forwarding findElement on session e9979048-770c-4b0a-8318-48798eddb49f to remote] DEBUG org.apache.http.wire - http-outgoing-1 >> "Content-Length: 62[\r][\n]"
10:41:49.303 [Forwarding findElement on session e9979048-770c-4b0a-8318-48798eddb49f to remote] DEBUG org.apache.http.wire - http-outgoing-1 >> "Host: localhost:4723[\r][\n]"
10:41:49.303 [Forwarding findElement on session e9979048-770c-4b0a-8318-48798eddb49f to remote] DEBUG org.apache.http.wire - http-outgoing-1 >> "Connection: Keep-Alive[\r][\n]"
10:41:49.303 [Forwarding findElement on session e9979048-770c-4b0a-8318-48798eddb49f to remote] DEBUG org.apache.http.wire - http-outgoing-1 >> "User-Agent: Apache-HttpClient/4.5.2 (Java/1.8.0_121)[\r][\n]"
10:41:49.303 [Forwarding findElement on session e9979048-770c-4b0a-8318-48798eddb49f to remote] DEBUG org.apache.http.wire - http-outgoing-1 >> "Accept-Encoding: gzip,deflate[\r][\n]"
10:41:49.303 [Forwarding findElement on session e9979048-770c-4b0a-8318-48798eddb49f to remote] DEBUG org.apache.http.wire - http-outgoing-1 >> "[\r][\n]"
10:41:49.303 [Forwarding findElement on session e9979048-770c-4b0a-8318-48798eddb49f to remote] DEBUG org.apache.http.wire - http-outgoing-1 >> "{"using":"id","value":"tv.hooq.android:id/backInMainActivity"}"
&amp#27;[36minfo&amp#27;[39m: &amp#27;[37m-->&amp#27;[39m &amp#27;[37mPOST&amp#27;[39m &amp#27;[37m/wd/hub/session/e9979048-770c-4b0a-8318-48798eddb49f/element&amp#27;[39m &amp#27;[90m{"using":"id","value":"tv.hooq.android:id/backInMainActivity"}&amp#27;[39m
&amp#27;[36minfo&amp#27;[39m: [debug] Waiting up to 0ms for condition
&amp#27;[36minfo&amp#27;[39m: [debug] Pushing command to appium work queue: ["find",{"strategy":"id","selector":"tv.hooq.android:id/backInMainActivity","context":"","multiple":false}]
&amp#27;[36minfo&amp#27;[39m: [debug] [BOOTSTRAP] [debug] Got data from client: {"cmd":"action","action":"find","params":{"strategy":"id","selector":"tv.hooq.android:id/backInMainActivity","context":"","multiple":false}}
&amp#27;[36minfo&amp#27;[39m: [debug] [BOOTSTRAP] [debug] Got command of type ACTION
&amp#27;[36minfo&amp#27;[39m: [debug] [BOOTSTRAP] [debug] Got command action: find
&amp#27;[36minfo&amp#27;[39m: [debug] [BOOTSTRAP] [debug] Finding tv.hooq.android:id/backInMainActivity using ID with the contextId:  multiple: false
&amp#27;[36minfo&amp#27;[39m: [debug] [BOOTSTRAP] [debug] Using: UiSelector[INSTANCE=0, RESOURCE_ID=tv.hooq.android:id/backInMainActivity]
&amp#27;[36minfo&amp#27;[39m: [debug] [BOOTSTRAP] [debug] Returning result: {"status":0,"value":{"ELEMENT":"9"}}
10:41:49.351 [Forwarding findElement on session e9979048-770c-4b0a-8318-48798eddb49f to remote] DEBUG org.apache.http.wire - http-outgoing-1 << "HTTP/1.1 200 OK[\r][\n]"
10:41:49.351 [Forwarding findElement on session e9979048-770c-4b0a-8318-48798eddb49f to remote] DEBUG org.apache.http.wire - http-outgoing-1 << "X-Powered-By: Express[\r][\n]"
10:41:49.351 [Forwarding findElement on session e9979048-770c-4b0a-8318-48798eddb49f to remote] DEBUG org.apache.http.wire - http-outgoing-1 << "Access-Control-Allow-Origin: *[\r][\n]"
10:41:49.351 [Forwarding findElement on session e9979048-770c-4b0a-8318-48798eddb49f to remote] DEBUG org.apache.http.wire - http-outgoing-1 << "Access-Control-Allow-Methods: GET,POST,PUT,OPTIONS,DELETE[\r][\n]"
10:41:49.351 [Forwarding findElement on session e9979048-770c-4b0a-8318-48798eddb49f to remote] DEBUG org.apache.http.wire - http-outgoing-1 << "Access-Control-Allow-Headers: origin, content-type, accept[\r][\n]"
10:41:49.351 [Forwarding findElement on session e9979048-770c-4b0a-8318-48798eddb49f to remote] DEBUG org.apache.http.wire - http-outgoing-1 << "Vary: X-HTTP-Method-Override[\r][\n]"
10:41:49.351 [Forwarding findElement on session e9979048-770c-4b0a-8318-48798eddb49f to remote] DEBUG org.apache.http.wire - http-outgoing-1 << "Content-Type: application/json; charset=utf-8[\r][\n]"
10:41:49.351 [Forwarding findElement on session e9979048-770c-4b0a-8318-48798eddb49f to remote] DEBUG org.apache.http.wire - http-outgoing-1 << "Content-Length: 87[\r][\n]"
10:41:49.351 [Forwarding findElement on session e9979048-770c-4b0a-8318-48798eddb49f to remote] DEBUG org.apache.http.wire - http-outgoing-1 << "Date: Mon, 02 Dec 2019 05:11:49 GMT[\r][\n]"
10:41:49.351 [Forwarding findElement on session e9979048-770c-4b0a-8318-48798eddb49f to remote] DEBUG org.apache.http.wire - http-outgoing-1 << "Connection: keep-alive[\r][\n]"
10:41:49.351 [Forwarding findElement on session e9979048-770c-4b0a-8318-48798eddb49f to remote] DEBUG org.apache.http.wire - http-outgoing-1 << "[\r][\n]"
&amp#27;[36minfo&amp#27;[39m: [debug] Responding to client with success: {"status":0,"value":{"ELEMENT":"9"},"sessionId":"e9979048-770c-4b0a-8318-48798eddb49f"}
&amp#27;[36minfo&amp#27;[39m: &amp#27;[37m<-- POST /wd/hub/session/e9979048-770c-4b0a-8318-48798eddb49f/element &amp#27;[39m&amp#27;[32m200&amp#27;[39m&amp#27;[90m 47.505 ms - 87&amp#27;[39m &amp#27;[90m{"status":0,"value":{"ELEMENT":"9"},"sessionId":"e9979048-770c-4b0a-8318-48798eddb49f"}&amp#27;[39m
10:41:49.351 [Forwarding findElement on session e9979048-770c-4b0a-8318-48798eddb49f to remote] DEBUG org.apache.http.wire - http-outgoing-1 << "{"status":0,"value":{"ELEMENT":"9"},"sessionId":"e9979048-770c-4b0a-8318-48798eddb49f"}"
10:41:49.353 [Forwarding findElement on session e9979048-770c-4b0a-8318-48798eddb49f to remote] DEBUG org.apache.http.headers - http-outgoing-1 << HTTP/1.1 200 OK
10:41:49.353 [Forwarding findElement on session e9979048-770c-4b0a-8318-48798eddb49f to remote] DEBUG org.apache.http.headers - http-outgoing-1 << X-Powered-By: Express
10:41:49.353 [Forwarding findElement on session e9979048-770c-4b0a-8318-48798eddb49f to remote] DEBUG org.apache.http.headers - http-outgoing-1 << Access-Control-Allow-Origin: *
10:41:49.353 [Forwarding findElement on session e9979048-770c-4b0a-8318-48798eddb49f to remote] DEBUG org.apache.http.headers - http-outgoing-1 << Access-Control-Allow-Methods: GET,POST,PUT,OPTIONS,DELETE
10:41:49.353 [Forwarding findElement on session e9979048-770c-4b0a-8318-48798eddb49f to remote] DEBUG org.apache.http.headers - http-outgoing-1 << Access-Control-Allow-Headers: origin, content-type, accept
10:41:49.353 [Forwarding findElement on session e9979048-770c-4b0a-8318-48798eddb49f to remote] DEBUG org.apache.http.headers - http-outgoing-1 << Vary: X-HTTP-Method-Override
10:41:49.353 [Forwarding findElement on session e9979048-770c-4b0a-8318-48798eddb49f to remote] DEBUG org.apache.http.headers - http-outgoing-1 << Content-Type: application/json; charset=utf-8
10:41:49.353 [Forwarding findElement on session e9979048-770c-4b0a-8318-48798eddb49f to remote] DEBUG org.apache.http.headers - http-outgoing-1 << Content-Length: 87
10:41:49.353 [Forwarding findElement on session e9979048-770c-4b0a-8318-48798eddb49f to remote] DEBUG org.apache.http.headers - http-outgoing-1 << Date: Mon, 02 Dec 2019 05:11:49 GMT
10:41:49.353 [Forwarding findElement on session e9979048-770c-4b0a-8318-48798eddb49f to remote] DEBUG org.apache.http.headers - http-outgoing-1 << Connection: keep-alive
10:41:49.353 [Forwarding findElement on session e9979048-770c-4b0a-8318-48798eddb49f to remote] DEBUG o.a.h.impl.execchain.MainClientExec - Connection can be kept alive indefinitely
10:41:49.353 [Forwarding findElement on session e9979048-770c-4b0a-8318-48798eddb49f to remote] DEBUG o.a.h.i.c.PoolingHttpClientConnectionManager - Connection [id: 1][route: {}->http://localhost:4723] can be kept alive indefinitely
10:41:49.353 [Forwarding findElement on session e9979048-770c-4b0a-8318-48798eddb49f to remote] DEBUG o.a.h.i.c.PoolingHttpClientConnectionManager - Connection released: [id: 1][route: {}->http://localhost:4723][total kept alive: 1; route allocated: 1 of 2000; total allocated: 1 of 2000]
10:41:49.354 [Forwarding clickElement on session e9979048-770c-4b0a-8318-48798eddb49f to remote] DEBUG o.a.h.c.protocol.RequestAddCookies - CookieSpec selected: default
10:41:49.354 [Forwarding clickElement on session e9979048-770c-4b0a-8318-48798eddb49f to remote] DEBUG o.a.h.c.protocol.RequestAuthCache - Auth cache not set in the context
10:41:49.354 [Forwarding clickElement on session e9979048-770c-4b0a-8318-48798eddb49f to remote] DEBUG o.a.h.i.c.PoolingHttpClientConnectionManager - Connection request: [route: {}->http://localhost:4723][total kept alive: 1; route allocated: 1 of 2000; total allocated: 1 of 2000]
10:41:49.354 [Forwarding clickElement on session e9979048-770c-4b0a-8318-48798eddb49f to remote] DEBUG o.a.h.i.c.PoolingHttpClientConnectionManager - Connection leased: [id: 1][route: {}->http://localhost:4723][total kept alive: 0; route allocated: 1 of 2000; total allocated: 1 of 2000]
10:41:49.354 [Forwarding clickElement on session e9979048-770c-4b0a-8318-48798eddb49f to remote] DEBUG o.a.h.impl.execchain.MainClientExec - Stale connection check
10:41:49.355 [Forwarding clickElement on session e9979048-770c-4b0a-8318-48798eddb49f to remote] DEBUG org.apache.http.wire - http-outgoing-1 << "[read] I/O error: Read timed out"
10:41:49.355 [Forwarding clickElement on session e9979048-770c-4b0a-8318-48798eddb49f to remote] DEBUG o.a.h.i.c.DefaultManagedHttpClientConnection - http-outgoing-1: set socket timeout to 10800000
10:41:49.355 [Forwarding clickElement on session e9979048-770c-4b0a-8318-48798eddb49f to remote] DEBUG o.a.h.impl.execchain.MainClientExec - Executing request POST /wd/hub/session/e9979048-770c-4b0a-8318-48798eddb49f/element/9/click HTTP/1.1
10:41:49.355 [Forwarding clickElement on session e9979048-770c-4b0a-8318-48798eddb49f to remote] DEBUG o.a.h.impl.execchain.MainClientExec - Target auth state: UNCHALLENGED
10:41:49.355 [Forwarding clickElement on session e9979048-770c-4b0a-8318-48798eddb49f to remote] DEBUG o.a.h.impl.execchain.MainClientExec - Proxy auth state: UNCHALLENGED
10:41:49.355 [Forwarding clickElement on session e9979048-770c-4b0a-8318-48798eddb49f to remote] DEBUG org.apache.http.headers - http-outgoing-1 >> POST /wd/hub/session/e9979048-770c-4b0a-8318-48798eddb49f/element/9/click HTTP/1.1
10:41:49.355 [Forwarding clickElement on session e9979048-770c-4b0a-8318-48798eddb49f to remote] DEBUG org.apache.http.headers - http-outgoing-1 >> Content-Type: application/json; charset=utf-8
10:41:49.355 [Forwarding clickElement on session e9979048-770c-4b0a-8318-48798eddb49f to remote] DEBUG org.apache.http.headers - http-outgoing-1 >> Content-Length: 10
10:41:49.355 [Forwarding clickElement on session e9979048-770c-4b0a-8318-48798eddb49f to remote] DEBUG org.apache.http.headers - http-outgoing-1 >> Host: localhost:4723
10:41:49.355 [Forwarding clickElement on session e9979048-770c-4b0a-8318-48798eddb49f to remote] DEBUG org.apache.http.headers - http-outgoing-1 >> Connection: Keep-Alive
10:41:49.355 [Forwarding clickElement on session e9979048-770c-4b0a-8318-48798eddb49f to remote] DEBUG org.apache.http.headers - http-outgoing-1 >> User-Agent: Apache-HttpClient/4.5.2 (Java/1.8.0_121)
10:41:49.355 [Forwarding clickElement on session e9979048-770c-4b0a-8318-48798eddb49f to remote] DEBUG org.apache.http.headers - http-outgoing-1 >> Accept-Encoding: gzip,deflate
10:41:49.355 [Forwarding clickElement on session e9979048-770c-4b0a-8318-48798eddb49f to remote] DEBUG org.apache.http.wire - http-outgoing-1 >> "POST /wd/hub/session/e9979048-770c-4b0a-8318-48798eddb49f/element/9/click HTTP/1.1[\r][\n]"
10:41:49.355 [Forwarding clickElement on session e9979048-770c-4b0a-8318-48798eddb49f to remote] DEBUG org.apache.http.wire - http-outgoing-1 >> "Content-Type: application/json; charset=utf-8[\r][\n]"
10:41:49.355 [Forwarding clickElement on session e9979048-770c-4b0a-8318-48798eddb49f to remote] DEBUG org.apache.http.wire - http-outgoing-1 >> "Content-Length: 10[\r][\n]"
10:41:49.355 [Forwarding clickElement on session e9979048-770c-4b0a-8318-48798eddb49f to remote] DEBUG org.apache.http.wire - http-outgoing-1 >> "Host: localhost:4723[\r][\n]"
10:41:49.355 [Forwarding clickElement on session e9979048-770c-4b0a-8318-48798eddb49f to remote] DEBUG org.apache.http.wire - http-outgoing-1 >> "Connection: Keep-Alive[\r][\n]"
10:41:49.355 [Forwarding clickElement on session e9979048-770c-4b0a-8318-48798eddb49f to remote] DEBUG org.apache.http.wire - http-outgoing-1 >> "User-Agent: Apache-HttpClient/4.5.2 (Java/1.8.0_121)[\r][\n]"
10:41:49.355 [Forwarding clickElement on session e9979048-770c-4b0a-8318-48798eddb49f to remote] DEBUG org.apache.http.wire - http-outgoing-1 >> "Accept-Encoding: gzip,deflate[\r][\n]"
10:41:49.355 [Forwarding clickElement on session e9979048-770c-4b0a-8318-48798eddb49f to remote] DEBUG org.apache.http.wire - http-outgoing-1 >> "[\r][\n]"
10:41:49.355 [Forwarding clickElement on session e9979048-770c-4b0a-8318-48798eddb49f to remote] DEBUG org.apache.http.wire - http-outgoing-1 >> "{"id":"9"}"
&amp#27;[36minfo&amp#27;[39m: &amp#27;[37m-->&amp#27;[39m &amp#27;[37mPOST&amp#27;[39m &amp#27;[37m/wd/hub/session/e9979048-770c-4b0a-8318-48798eddb49f/element/9/click&amp#27;[39m &amp#27;[90m{"id":"9"}&amp#27;[39m
&amp#27;[36minfo&amp#27;[39m: [debug] Pushing command to appium work queue: ["element:click",{"elementId":"9"}]
&amp#27;[36minfo&amp#27;[39m: [debug] [BOOTSTRAP] [debug] Got data from client: {"cmd":"action","action":"element:click","params":{"elementId":"9"}}
&amp#27;[36minfo&amp#27;[39m: [debug] [BOOTSTRAP] [debug] Got command of type ACTION
&amp#27;[36minfo&amp#27;[39m: [debug] [BOOTSTRAP] [debug] Got command action: click
&amp#27;[36minfo&amp#27;[39m: [debug] [BOOTSTRAP] [debug] Returning result: {"status":0,"value":true}
&amp#27;[36minfo&amp#27;[39m: [debug] Responding to client with success: {"status":0,"value":true,"sessionId":"e9979048-770c-4b0a-8318-48798eddb49f"}
&amp#27;[36minfo&amp#27;[39m: &amp#27;[37m<-- POST /wd/hub/session/e9979048-770c-4b0a-8318-48798eddb49f/element/9/click &amp#27;[39m&amp#27;[32m200&amp#27;[39m&amp#27;[90m 152.746 ms - 76&amp#27;[39m &amp#27;[90m{"status":0,"value":true,"sessionId":"e9979048-770c-4b0a-8318-48798eddb49f"}&amp#27;[39m
10:41:49.508 [Forwarding clickElement on session e9979048-770c-4b0a-8318-48798eddb49f to remote] DEBUG org.apache.http.wire - http-outgoing-1 << "HTTP/1.1 200 OK[\r][\n]"
10:41:49.515 [Forwarding clickElement on session e9979048-770c-4b0a-8318-48798eddb49f to remote] DEBUG org.apache.http.wire - http-outgoing-1 << "X-Powered-By: Express[\r][\n]"
10:41:49.515 [Forwarding clickElement on session e9979048-770c-4b0a-8318-48798eddb49f to remote] DEBUG org.apache.http.wire - http-outgoing-1 << "Access-Control-Allow-Origin: *[\r][\n]"
10:41:49.515 [Forwarding clickElement on session e9979048-770c-4b0a-8318-48798eddb49f to remote] DEBUG org.apache.http.wire - http-outgoing-1 << "Access-Control-Allow-Methods: GET,POST,PUT,OPTIONS,DELETE[\r][\n]"
10:41:49.515 [Forwarding clickElement on session e9979048-770c-4b0a-8318-48798eddb49f to remote] DEBUG org.apache.http.wire - http-outgoing-1 << "Access-Control-Allow-Headers: origin, content-type, accept[\r][\n]"
10:41:49.515 [Forwarding clickElement on session e9979048-770c-4b0a-8318-48798eddb49f to remote] DEBUG org.apache.http.wire - http-outgoing-1 << "Vary: X-HTTP-Method-Override[\r][\n]"
10:41:49.515 [Forwarding clickElement on session e9979048-770c-4b0a-8318-48798eddb49f to remote] DEBUG org.apache.http.wire - http-outgoing-1 << "Content-Type: application/json; charset=utf-8[\r][\n]"
10:41:49.515 [Forwarding clickElement on session e9979048-770c-4b0a-8318-48798eddb49f to remote] DEBUG org.apache.http.wire - http-outgoing-1 << "Content-Length: 76[\r][\n]"
10:41:49.515 [Forwarding clickElement on session e9979048-770c-4b0a-8318-48798eddb49f to remote] DEBUG org.apache.http.wire - http-outgoing-1 << "Date: Mon, 02 Dec 2019 05:11:49 GMT[\r][\n]"
10:41:49.515 [Forwarding clickElement on session e9979048-770c-4b0a-8318-48798eddb49f to remote] DEBUG org.apache.http.wire - http-outgoing-1 << "Connection: keep-alive[\r][\n]"
10:41:49.515 [Forwarding clickElement on session e9979048-770c-4b0a-8318-48798eddb49f to remote] DEBUG org.apache.http.wire - http-outgoing-1 << "[\r][\n]"
10:41:49.515 [Forwarding clickElement on session e9979048-770c-4b0a-8318-48798eddb49f to remote] DEBUG org.apache.http.wire - http-outgoing-1 << "{"status":0,"value":true,"sessionId":"e9979048-770c-4b0a-8318-48798eddb49f"}"
10:41:49.515 [Forwarding clickElement on session e9979048-770c-4b0a-8318-48798eddb49f to remote] DEBUG org.apache.http.headers - http-outgoing-1 << HTTP/1.1 200 OK
10:41:49.515 [Forwarding clickElement on session e9979048-770c-4b0a-8318-48798eddb49f to remote] DEBUG org.apache.http.headers - http-outgoing-1 << X-Powered-By: Express
10:41:49.515 [Forwarding clickElement on session e9979048-770c-4b0a-8318-48798eddb49f to remote] DEBUG org.apache.http.headers - http-outgoing-1 << Access-Control-Allow-Origin: *
10:41:49.515 [Forwarding clickElement on session e9979048-770c-4b0a-8318-48798eddb49f to remote] DEBUG org.apache.http.headers - http-outgoing-1 << Access-Control-Allow-Methods: GET,POST,PUT,OPTIONS,DELETE
10:41:49.515 [Forwarding clickElement on session e9979048-770c-4b0a-8318-48798eddb49f to remote] DEBUG org.apache.http.headers - http-outgoing-1 << Access-Control-Allow-Headers: origin, content-type, accept
10:41:49.515 [Forwarding clickElement on session e9979048-770c-4b0a-8318-48798eddb49f to remote] DEBUG org.apache.http.headers - http-outgoing-1 << Vary: X-HTTP-Method-Override
10:41:49.516 [Forwarding clickElement on session e9979048-770c-4b0a-8318-48798eddb49f to remote] DEBUG org.apache.http.headers - http-outgoing-1 << Content-Type: application/json; charset=utf-8
10:41:49.516 [Forwarding clickElement on session e9979048-770c-4b0a-8318-48798eddb49f to remote] DEBUG org.apache.http.headers - http-outgoing-1 << Content-Length: 76
10:41:49.516 [Forwarding clickElement on session e9979048-770c-4b0a-8318-48798eddb49f to remote] DEBUG org.apache.http.headers - http-outgoing-1 << Date: Mon, 02 Dec 2019 05:11:49 GMT
10:41:49.516 [Forwarding clickElement on session e9979048-770c-4b0a-8318-48798eddb49f to remote] DEBUG org.apache.http.headers - http-outgoing-1 << Connection: keep-alive
10:41:49.516 [Forwarding clickElement on session e9979048-770c-4b0a-8318-48798eddb49f to remote] DEBUG o.a.h.impl.execchain.MainClientExec - Connection can be kept alive indefinitely
10:41:49.516 [Forwarding clickElement on session e9979048-770c-4b0a-8318-48798eddb49f to remote] DEBUG o.a.h.i.c.PoolingHttpClientConnectionManager - Connection [id: 1][route: {}->http://localhost:4723] can be kept alive indefinitely
10:41:49.516 [Forwarding clickElement on session e9979048-770c-4b0a-8318-48798eddb49f to remote] DEBUG o.a.h.i.c.PoolingHttpClientConnectionManager - Connection released: [id: 1][route: {}->http://localhost:4723][total kept alive: 1; route allocated: 1 of 2000; total allocated: 1 of 2000]
10:41:59.518 [Forwarding findElements on session e9979048-770c-4b0a-8318-48798eddb49f to remote] DEBUG o.a.h.c.protocol.RequestAddCookies - CookieSpec selected: default
10:41:59.518 [Forwarding findElements on session e9979048-770c-4b0a-8318-48798eddb49f to remote] DEBUG o.a.h.c.protocol.RequestAuthCache - Auth cache not set in the context
10:41:59.518 [Forwarding findElements on session e9979048-770c-4b0a-8318-48798eddb49f to remote] DEBUG o.a.h.i.c.PoolingHttpClientConnectionManager - Connection request: [route: {}->http://localhost:4723][total kept alive: 1; route allocated: 1 of 2000; total allocated: 1 of 2000]
10:41:59.519 [Forwarding findElements on session e9979048-770c-4b0a-8318-48798eddb49f to remote] DEBUG org.apache.http.wire - http-outgoing-1 << "[read] I/O error: Read timed out"
10:41:59.519 [Forwarding findElements on session e9979048-770c-4b0a-8318-48798eddb49f to remote] DEBUG o.a.h.i.c.PoolingHttpClientConnectionManager - Connection leased: [id: 1][route: {}->http://localhost:4723][total kept alive: 0; route allocated: 1 of 2000; total allocated: 1 of 2000]
10:41:59.519 [Forwarding findElements on session e9979048-770c-4b0a-8318-48798eddb49f to remote] DEBUG o.a.h.impl.execchain.MainClientExec - Stale connection check
10:41:59.520 [Forwarding findElements on session e9979048-770c-4b0a-8318-48798eddb49f to remote] DEBUG org.apache.http.wire - http-outgoing-1 << "[read] I/O error: Read timed out"
10:41:59.520 [Forwarding findElements on session e9979048-770c-4b0a-8318-48798eddb49f to remote] DEBUG o.a.h.i.c.DefaultManagedHttpClientConnection - http-outgoing-1: set socket timeout to 10800000
10:41:59.520 [Forwarding findElements on session e9979048-770c-4b0a-8318-48798eddb49f to remote] DEBUG o.a.h.impl.execchain.MainClientExec - Executing request POST /wd/hub/session/e9979048-770c-4b0a-8318-48798eddb49f/elements HTTP/1.1
10:41:59.520 [Forwarding findElements on session e9979048-770c-4b0a-8318-48798eddb49f to remote] DEBUG o.a.h.impl.execchain.MainClientExec - Target auth state: UNCHALLENGED
10:41:59.520 [Forwarding findElements on session e9979048-770c-4b0a-8318-48798eddb49f to remote] DEBUG o.a.h.impl.execchain.MainClientExec - Proxy auth state: UNCHALLENGED
10:41:59.520 [Forwarding findElements on session e9979048-770c-4b0a-8318-48798eddb49f to remote] DEBUG org.apache.http.headers - http-outgoing-1 >> POST /wd/hub/session/e9979048-770c-4b0a-8318-48798eddb49f/elements HTTP/1.1
10:41:59.520 [Forwarding findElements on session e9979048-770c-4b0a-8318-48798eddb49f to remote] DEBUG org.apache.http.headers - http-outgoing-1 >> Content-Type: application/json; charset=utf-8
10:41:59.520 [Forwarding findElements on session e9979048-770c-4b0a-8318-48798eddb49f to remote] DEBUG org.apache.http.headers - http-outgoing-1 >> Content-Length: 50
10:41:59.520 [Forwarding findElements on session e9979048-770c-4b0a-8318-48798eddb49f to remote] DEBUG org.apache.http.headers - http-outgoing-1 >> Host: localhost:4723
10:41:59.520 [Forwarding findElements on session e9979048-770c-4b0a-8318-48798eddb49f to remote] DEBUG org.apache.http.headers - http-outgoing-1 >> Connection: Keep-Alive
10:41:59.520 [Forwarding findElements on session e9979048-770c-4b0a-8318-48798eddb49f to remote] DEBUG org.apache.http.headers - http-outgoing-1 >> User-Agent: Apache-HttpClient/4.5.2 (Java/1.8.0_121)
10:41:59.520 [Forwarding findElements on session e9979048-770c-4b0a-8318-48798eddb49f to remote] DEBUG org.apache.http.headers - http-outgoing-1 >> Accept-Encoding: gzip,deflate
10:41:59.520 [Forwarding findElements on session e9979048-770c-4b0a-8318-48798eddb49f to remote] DEBUG org.apache.http.wire - http-outgoing-1 >> "POST /wd/hub/session/e9979048-770c-4b0a-8318-48798eddb49f/elements HTTP/1.1[\r][\n]"
10:41:59.520 [Forwarding findElements on session e9979048-770c-4b0a-8318-48798eddb49f to remote] DEBUG org.apache.http.wire - http-outgoing-1 >> "Content-Type: application/json; charset=utf-8[\r][\n]"
10:41:59.520 [Forwarding findElements on session e9979048-770c-4b0a-8318-48798eddb49f to remote] DEBUG org.apache.http.wire - http-outgoing-1 >> "Content-Length: 50[\r][\n]"
10:41:59.520 [Forwarding findElements on session e9979048-770c-4b0a-8318-48798eddb49f to remote] DEBUG org.apache.http.wire - http-outgoing-1 >> "Host: localhost:4723[\r][\n]"
10:41:59.520 [Forwarding findElements on session e9979048-770c-4b0a-8318-48798eddb49f to remote] DEBUG org.apache.http.wire - http-outgoing-1 >> "Connection: Keep-Alive[\r][\n]"
10:41:59.520 [Forwarding findElements on session e9979048-770c-4b0a-8318-48798eddb49f to remote] DEBUG org.apache.http.wire - http-outgoing-1 >> "User-Agent: Apache-HttpClient/4.5.2 (Java/1.8.0_121)[\r][\n]"
10:41:59.520 [Forwarding findElements on session e9979048-770c-4b0a-8318-48798eddb49f to remote] DEBUG org.apache.http.wire - http-outgoing-1 >> "Accept-Encoding: gzip,deflate[\r][\n]"
10:41:59.520 [Forwarding findElements on session e9979048-770c-4b0a-8318-48798eddb49f to remote] DEBUG org.apache.http.wire - http-outgoing-1 >> "[\r][\n]"
10:41:59.520 [Forwarding findElements on session e9979048-770c-4b0a-8318-48798eddb49f to remote] DEBUG org.apache.http.wire - http-outgoing-1 >> "{"using":"id","value":"tv.hooq.android:id/search"}"
&amp#27;[36minfo&amp#27;[39m: &amp#27;[37m-->&amp#27;[39m &amp#27;[37mPOST&amp#27;[39m &amp#27;[37m/wd/hub/session/e9979048-770c-4b0a-8318-48798eddb49f/elements&amp#27;[39m &amp#27;[90m{"using":"id","value":"tv.hooq.android:id/search"}&amp#27;[39m
&amp#27;[36minfo&amp#27;[39m: [debug] Waiting up to 0ms for condition
&amp#27;[36minfo&amp#27;[39m: [debug] Pushing command to appium work queue: ["find",{"strategy":"id","selector":"tv.hooq.android:id/search","context":"","multiple":true}]
&amp#27;[36minfo&amp#27;[39m: [debug] [BOOTSTRAP] [debug] Got data from client: {"cmd":"action","action":"find","params":{"strategy":"id","selector":"tv.hooq.android:id/search","context":"","multiple":true}}
&amp#27;[36minfo&amp#27;[39m: [debug] [BOOTSTRAP] [debug] Got command of type ACTION
&amp#27;[36minfo&amp#27;[39m: [debug] [BOOTSTRAP] [debug] Got command action: find
&amp#27;[36minfo&amp#27;[39m: [debug] [BOOTSTRAP] [debug] Finding tv.hooq.android:id/search using ID with the contextId:  multiple: true
&amp#27;[36minfo&amp#27;[39m: [debug] [BOOTSTRAP] [debug] Using: UiSelector[RESOURCE_ID=tv.hooq.android:id/search]
&amp#27;[36minfo&amp#27;[39m: [debug] [BOOTSTRAP] [debug] getElements selector:UiSelector[RESOURCE_ID=tv.hooq.android:id/search]
&amp#27;[36minfo&amp#27;[39m: [debug] [BOOTSTRAP] [debug] Element[] is null: (0)
&amp#27;[36minfo&amp#27;[39m: [debug] [BOOTSTRAP] [debug] getElements tmp selector:UiSelector[INSTANCE=0, RESOURCE_ID=tv.hooq.android:id/search]
&amp#27;[36minfo&amp#27;[39m: [debug] [BOOTSTRAP] [debug] Element[] is null: (1)
&amp#27;[36minfo&amp#27;[39m: [debug] [BOOTSTRAP] [debug] getElements tmp selector:UiSelector[INSTANCE=1, RESOURCE_ID=tv.hooq.android:id/search]
&amp#27;[36minfo&amp#27;[39m: [debug] [BOOTSTRAP] [debug] Returning result: {"status":0,"value":[{"ELEMENT":"10"}]}
&amp#27;[36minfo&amp#27;[39m: [debug] Responding to client wit10:41:59.633 [Forwarding findElements on session e9979048-770c-4b0a-8318-48798eddb49f to remote] DEBUG org.apache.http.wire - http-outgoing-1 << "HTTP/1.1 200 OK[\r][\n]"
10:41:59.633 [Forwarding findElements on session e9979048-770c-4b0a-8318-48798eddb49f to remote] DEBUG org.apache.http.wire - http-outgoing-1 << "X-Powered-By: Express[\r][\n]"
10:41:59.633 [Forwarding findElements on session e9979048-770c-4b0a-8318-48798eddb49f to remote] DEBUG org.apache.http.wire - http-outgoing-1 << "Access-Control-Allow-Origin: *[\r][\n]"
10:41:59.633 [Forwarding findElements on session e9979048-770c-4b0a-8318-48798eddb49f to remote] DEBUG org.apache.http.wire - http-outgoing-1 << "Access-Control-Allow-Methods: GET,POST,PUT,OPTIONS,DELETE[\r][\n]"
10:41:59.633 [Forwarding findElements on session e9979048-770c-4b0a-8318-48798eddb49f to remote] DEBUG org.apache.http.wire - http-outgoing-1 << "Access-Control-Allow-Headers: origin, content-type, accept[\r][\n]"
10:41:59.633 [Forwarding findElements on session e9979048-770c-4b0a-8318-48798eddb49f to remote] DEBUG org.apache.http.wire - http-outgoing-1 << "Vary: X-HTTP-Method-Override[\r][\n]"
10:41:59.633 [Forwarding findElements on session e9979048-770c-4b0a-8318-48798eddb49f to remote] DEBUG org.apache.http.wire - http-outgoing-1 << "Content-Type: application/json; charset=utf-8[\r][\n]"
10:41:59.633 [Forwarding findElements on session e9979048-770c-4b0a-8318-48798eddb49f to remote] DEBUG org.apache.http.wire - http-outgoing-1 << "Content-Length: 90[\r][\n]"
10:41:59.633 [Forwarding findElements on session e9979048-770c-4b0a-8318-48798eddb49f to remote] DEBUG org.apache.http.wire - http-outgoing-1 << "Date: Mon, 02 Dec 2019 05:11:59 GMT[\r][\n]"
10:41:59.633 [Forwarding findElements on session e9979048-770c-4b0a-8318-48798eddb49f to remote] DEBUG org.apache.http.wire - http-outgoing-1 << "Connection: keep-alive[\r][\n]"
10:41:59.633 [Forwarding findElements on session e9979048-770c-4b0a-8318-48798eddb49f to remote] DEBUG org.apache.http.wire - http-outgoing-1 << "[\r][\n]"
10:41:59.633 [Forwarding findElements on session e9979048-770c-4b0a-8318-48798eddb49f to remote] DEBUG org.apache.http.wire - http-outgoing-1 << "{"status":0,"value":[{"ELEMENT":"10"}],"sessionId":"e9979048-770c-4b0a-8318-48798eddb49f"}"
h success: {"status":0,"value":[{"ELEMENT":"10"}],"sessionId":"e9979048-770c-4b0a-8318-48798eddb49f"}
10:41:59.633 [Forwarding findElements on session e9979048-770c-4b0a-8318-48798eddb49f to remote] DEBUG org.apache.http.headers - http-outgoing-1 << HTTP/1.1 200 OK
10:41:59.634 [Forwarding findElements on session e9979048-770c-4b0a-8318-48798eddb49f to remote] DEBUG org.apache.http.headers - http-outgoing-1 << X-Powered-By: Express
10:41:59.634 [Forwarding findElements on session e9979048-770c-4b0a-8318-48798eddb49f to remote] DEBUG org.apache.http.headers - http-outgoing-1 << Access-Control-Allow-Origin: *
&amp#27;[36minfo&amp#27;[39m: &amp#27;[37m<-- POST /wd/hub/session/e9979048-770c-4b0a-8318-48798eddb49f/elements &amp#27;[39m&amp#27;[32m200&amp#27;[39m&amp#27;[90m 111.262 ms - 90&amp#27;[39m &amp#27;[90m{"status":0,"value":[{"ELEMENT":"10"}],"sessionId":"e9979048-770c-4b0a-8318-48798eddb49f"}&amp#27;[39m
10:41:59.634 [Forwarding findElements on session e9979048-770c-4b0a-8318-48798eddb49f to remote] DEBUG org.apache.http.headers - http-outgoing-1 << Access-Control-Allow-Methods: GET,POST,PUT,OPTIONS,DELETE
10:41:59.637 [Forwarding findElements on session e9979048-770c-4b0a-8318-48798eddb49f to remote] DEBUG org.apache.http.headers - http-outgoing-1 << Access-Control-Allow-Headers: origin, content-type, accept
10:41:59.637 [Forwarding findElements on session e9979048-770c-4b0a-8318-48798eddb49f to remote] DEBUG org.apache.http.headers - http-outgoing-1 << Vary: X-HTTP-Method-Override
10:41:59.637 [Forwarding findElements on session e9979048-770c-4b0a-8318-48798eddb49f to remote] DEBUG org.apache.http.headers - http-outgoing-1 << Content-Type: application/json; charset=utf-8
10:41:59.637 [Forwarding findElements on session e9979048-770c-4b0a-8318-48798eddb49f to remote] DEBUG org.apache.http.headers - http-outgoing-1 << Content-Length: 90
10:41:59.637 [Forwarding findElements on session e9979048-770c-4b0a-8318-48798eddb49f to remote] DEBUG org.apache.http.headers - http-outgoing-1 << Date: Mon, 02 Dec 2019 05:11:59 GMT
10:41:59.637 [Forwarding findElements on session e9979048-770c-4b0a-8318-48798eddb49f to remote] DEBUG org.apache.http.headers - http-outgoing-1 << Connection: keep-alive
10:41:59.637 [Forwarding findElements on session e9979048-770c-4b0a-8318-48798eddb49f to remote] DEBUG o.a.h.impl.execchain.MainClientExec - Connection can be kept alive indefinitely
10:41:59.637 [Forwarding findElements on session e9979048-770c-4b0a-8318-48798eddb49f to remote] DEBUG o.a.h.i.c.PoolingHttpClientConnectionManager - Connection [id: 1][route: {}->http://localhost:4723] can be kept alive indefinitely
10:41:59.637 [Forwarding findElements on session e9979048-770c-4b0a-8318-48798eddb49f to remote] DEBUG o.a.h.i.c.PoolingHttpClientConnectionManager - Connection released: [id: 1][route: {}->http://localhost:4723][total kept alive: 1; route allocated: 1 of 2000; total allocated: 1 of 2000]
10:41:59.639 [Forwarding findElement on session e9979048-770c-4b0a-8318-48798eddb49f to remote] DEBUG o.a.h.c.protocol.RequestAddCookies - CookieSpec selected: default
10:41:59.639 [Forwarding findElement on session e9979048-770c-4b0a-8318-48798eddb49f to remote] DEBUG o.a.h.c.protocol.RequestAuthCache - Auth cache not set in the context
10:41:59.639 [Forwarding findElement on session e9979048-770c-4b0a-8318-48798eddb49f to remote] DEBUG o.a.h.i.c.PoolingHttpClientConnectionManager - Connection request: [route: {}->http://localhost:4723][total kept alive: 1; route allocated: 1 of 2000; total allocated: 1 of 2000]
10:41:59.639 [Forwarding findElement on session e9979048-770c-4b0a-8318-48798eddb49f to remote] DEBUG o.a.h.i.c.PoolingHttpClientConnectionManager - Connection leased: [id: 1][route: {}->http://localhost:4723][total kept alive: 0; route allocated: 1 of 2000; total allocated: 1 of 2000]
10:41:59.639 [Forwarding findElement on session e9979048-770c-4b0a-8318-48798eddb49f to remote] DEBUG o.a.h.impl.execchain.MainClientExec - Stale connection check
10:41:59.640 [Forwarding findElement on session e9979048-770c-4b0a-8318-48798eddb49f to remote] DEBUG org.apache.http.wire - http-outgoing-1 << "[read] I/O error: Read timed out"
10:41:59.640 [Forwarding findElement on session e9979048-770c-4b0a-8318-48798eddb49f to remote] DEBUG o.a.h.i.c.DefaultManagedHttpClientConnection - http-outgoing-1: set socket timeout to 10800000
10:41:59.640 [Forwarding findElement on session e9979048-770c-4b0a-8318-48798eddb49f to remote] DEBUG o.a.h.impl.execchain.MainClientExec - Executing request POST /wd/hub/session/e9979048-770c-4b0a-8318-48798eddb49f/element HTTP/1.1
10:41:59.640 [Forwarding findElement on session e9979048-770c-4b0a-8318-48798eddb49f to remote] DEBUG o.a.h.impl.execchain.MainClientExec - Target auth state: UNCHALLENGED
10:41:59.640 [Forwarding findElement on session e9979048-770c-4b0a-8318-48798eddb49f to remote] DEBUG o.a.h.impl.execchain.MainClientExec - Proxy auth state: UNCHALLENGED
10:41:59.640 [Forwarding findElement on session e9979048-770c-4b0a-8318-48798eddb49f to remote] DEBUG org.apache.http.headers - http-outgoing-1 >> POST /wd/hub/session/e9979048-770c-4b0a-8318-48798eddb49f/element HTTP/1.1
10:41:59.640 [Forwarding findElement on session e9979048-770c-4b0a-8318-48798eddb49f to remote] DEBUG org.apache.http.headers - http-outgoing-1 >> Content-Type: application/json; charset=utf-8
10:41:59.640 [Forwarding findElement on session e9979048-770c-4b0a-8318-48798eddb49f to remote] DEBUG org.apache.http.headers - http-outgoing-1 >> Content-Length: 50
10:41:59.640 [Forwarding findElement on session e9979048-770c-4b0a-8318-48798eddb49f to remote] DEBUG org.apache.http.headers - http-outgoing-1 >> Host: localhost:4723
10:41:59.640 [Forwarding findElement on session e9979048-770c-4b0a-8318-48798eddb49f to remote] DEBUG org.apache.http.headers - http-outgoing-1 >> Connection: Keep-Alive
10:41:59.640 [Forwarding findElement on session e9979048-770c-4b0a-8318-48798eddb49f to remote] DEBUG org.apache.http.headers - http-outgoing-1 >> User-Agent: Apache-HttpClient/4.5.2 (Java/1.8.0_121)
10:41:59.640 [Forwarding findElement on session e9979048-770c-4b0a-8318-48798eddb49f to remote] DEBUG org.apache.http.headers - http-outgoing-1 >> Accept-Encoding: gzip,deflate
10:41:59.640 [Forwarding findElement on session e9979048-770c-4b0a-8318-48798eddb49f to remote] DEBUG org.apache.http.wire - http-outgoing-1 >> "POST /wd/hub/session/e9979048-770c-4b0a-8318-48798eddb49f/element HTTP/1.1[\r][\n]"
10:41:59.640 [Forwarding findElement on session e9979048-770c-4b0a-8318-48798eddb49f to remote] DEBUG org.apache.http.wire - http-outgoing-1 >> "Content-Type: application/json; charset=utf-8[\r][\n]"
10:41:59.640 [Forwarding findElement on session e9979048-770c-4b0a-8318-48798eddb49f to remote] DEBUG org.apache.http.wire - http-outgoing-1 >> "Content-Length: 50[\r][\n]"
10:41:59.640 [Forwarding findElement on session e9979048-770c-4b0a-8318-48798eddb49f to remote] DEBUG org.apache.http.wire - http-outgoing-1 >> "Host: localhost:4723[\r][\n]"
10:41:59.640 [Forwarding findElement on session e9979048-770c-4b0a-8318-48798eddb49f to remote] DEBUG org.apache.http.wire - http-outgoing-1 >> "Connection: Keep-Alive[\r][\n]"
10:41:59.640 [Forwarding findElement on session e9979048-770c-4b0a-8318-48798eddb49f to remote] DEBUG org.apache.http.wire - http-outgoing-1 >> "User-Agent: Apache-HttpClient/4.5.2 (Java/1.8.0_121)[\r][\n]"
10:41:59.640 [Forwarding findElement on session e9979048-770c-4b0a-8318-48798eddb49f to remote] DEBUG org.apache.http.wire - http-outgoing-1 >> "Accept-Encoding: gzip,deflate[\r][\n]"
10:41:59.640 [Forwarding findElement on session e9979048-770c-4b0a-8318-48798eddb49f to remote] DEBUG org.apache.http.wire - http-outgoing-1 >> "[\r][\n]"
10:41:59.640 [Forwarding findElement on session e9979048-770c-4b0a-8318-48798eddb49f to remote] DEBUG org.apache.http.wire - http-outgoing-1 >> "{"using":"id","value":"tv.hooq.android:id/search"}"
&amp#27;[36minfo&amp#27;[39m: &amp#27;[37m-->&amp#27;[39m &amp#27;[37mPOST&amp#27;[39m &amp#27;[37m/wd/hub/session/e9979048-770c-4b0a-8318-48798eddb49f/element&amp#27;[39m &amp#27;[90m{"using":"id","value":"tv.hooq.android:id/search"}&amp#27;[39m
&amp#27;[36minfo&amp#27;[39m: [debug] Waiting up to 0ms for condition
&amp#27;[36minfo&amp#27;[39m: [debug] Pushing command to appium work queue: ["find",{"strategy":"id","selector":"tv.hooq.android:id/search","context":"","multiple":false}]
&amp#27;[36minfo&amp#27;[39m: [debug] [BOOTSTRAP] [debug] Got data from client: {"cmd":"action","action":"find","params":{"strategy":"id","selector":"tv.hooq.android:id/search","context":"","multiple":false}}
&amp#27;[36minfo&amp#27;[39m: [debug] [BOOTSTRAP] [debug] Got command of type ACTION
&amp#27;[36minfo&amp#27;[39m: [debug] [BOOTSTRAP] [debug] Got command action: find
&amp#27;[36minfo&amp#27;[39m: [debug] [BOOTSTRAP] [debug] Finding tv.hooq.android:id/search using ID with the contextId:  multiple: false
&amp#27;[36minfo&amp#27;[39m: [debug] [BOOTSTRAP] [debug] Using: UiSelector[INSTANCE=0, RESOURCE_ID=tv.hooq.android:id/search]
&amp#27;[36minfo&amp#27;[39m: [debug] [BOOTSTRAP] [debug] Returning result: {"status":0,"value":{"ELEMENT":"11"}}
&amp#27;[36minfo&amp#27;[39m: [debug] Responding to client with success: {"status":0,"value":{"ELEMENT":"11"},"sessionId":"e9979048-770c-4b0a-8318-48798eddb49f"}
&amp#27;[36minfo&amp#27;[39m: &amp#27;[37m<-- POST /wd/hub/session/e9979048-770c-4b0a-8318-48798eddb49f/element &amp#27;[39m&amp#27;[32m200&amp#27;[39m&amp#27;[90m 33.387 ms - 88&amp#27;[39m &amp#27;[90m{"status":0,"value":{"ELEMENT":"11"},"ses10:41:59.674 [Forwarding findElement on session e9979048-770c-4b0a-8318-48798eddb49f to remote] DEBUG org.apache.http.wire - http-outgoing-1 << "HTTP/1.1 200 OK[\r][\n]"
10:41:59.678 [Forwarding findElement on session e9979048-770c-4b0a-8318-48798eddb49f to remote] DEBUG org.apache.http.wire - http-outgoing-1 << "X-Powered-By: Express[\r][\n]"
10:41:59.678 [Forwarding findElement on session e9979048-770c-4b0a-8318-48798eddb49f to remote] DEBUG org.apache.http.wire - http-outgoing-1 << "Access-Control-Allow-Origin: *[\r][\n]"
10:41:59.678 [Forwarding findElement on session e9979048-770c-4b0a-8318-48798eddb49f to remote] DEBUG org.apache.http.wire - http-outgoing-1 << "Access-Control-Allow-Methods: GET,POST,PUT,OPTIONS,DELETE[\r][\n]"
10:41:59.678 [Forwarding findElement on session e9979048-770c-4b0a-8318-48798eddb49f to remote] DEBUG org.apache.http.wire - http-outgoing-1 << "Access-Control-Allow-Headers: origin, content-type, accept[\r][\n]"
10:41:59.678 [Forwarding findElement on session e9979048-770c-4b0a-8318-48798eddb49f to remote] DEBUG org.apache.http.wire - http-outgoing-1 << "Vary: X-HTTP-Method-Override[\r][\n]"
10:41:59.678 [Forwarding findElement on session e9979048-770c-4b0a-8318-48798eddb49f to remote] DEBUG org.apache.http.wire - http-outgoing-1 << "Content-Type: application/json; charset=utf-8[\r][\n]"
10:41:59.678 [Forwarding findElement on session e9979048-770c-4b0a-8318-48798eddb49f to remote] DEBUG org.apache.http.wire - http-outgoing-1 << "Content-Length: 88[\r][\n]"
10:41:59.678 [Forwarding findElement on session e9979048-770c-4b0a-8318-48798eddb49f to remote] DEBUG org.apache.http.wire - http-outgoing-1 << "Date: Mon, 02 Dec 2019 05:11:59 GMT[\r][\n]"
10:41:59.678 [Forwarding findElement on session e9979048-770c-4b0a-8318-48798eddb49f to remote] DEBUG org.apache.http.wire - http-outgoing-1 << "Connection: keep-alive[\r][\n]"
10:41:59.678 [Forwarding findElement on session e9979048-770c-4b0a-8318-48798eddb49f to remote] DEBUG org.apache.http.wire - http-outgoing-1 << "[\r][\n]"
sionId":"e9979048-770c-4b0a-8318-48798eddb49f"}&amp#27;[39m
10:41:59.678 [Forwarding findElement on session e9979048-770c-4b0a-8318-48798eddb49f to remote] DEBUG org.apache.http.wire - http-outgoing-1 << "{"status":0,"value":{"ELEMENT":"11"},"sessionId":"e9979048-770c-4b0a-8318-48798eddb49f"}"
10:41:59.679 [Forwarding findElement on session e9979048-770c-4b0a-8318-48798eddb49f to remote] DEBUG org.apache.http.headers - http-outgoing-1 << HTTP/1.1 200 OK
10:41:59.679 [Forwarding findElement on session e9979048-770c-4b0a-8318-48798eddb49f to remote] DEBUG org.apache.http.headers - http-outgoing-1 << X-Powered-By: Express
10:41:59.679 [Forwarding findElement on session e9979048-770c-4b0a-8318-48798eddb49f to remote] DEBUG org.apache.http.headers - http-outgoing-1 << Access-Control-Allow-Origin: *
10:41:59.679 [Forwarding findElement on session e9979048-770c-4b0a-8318-48798eddb49f to remote] DEBUG org.apache.http.headers - http-outgoing-1 << Access-Control-Allow-Methods: GET,POST,PUT,OPTIONS,DELETE
10:41:59.679 [Forwarding findElement on session e9979048-770c-4b0a-8318-48798eddb49f to remote] DEBUG org.apache.http.headers - http-outgoing-1 << Access-Control-Allow-Headers: origin, content-type, accept
10:41:59.679 [Forwarding findElement on session e9979048-770c-4b0a-8318-48798eddb49f to remote] DEBUG org.apache.http.headers - http-outgoing-1 << Vary: X-HTTP-Method-Override
10:41:59.679 [Forwarding findElement on session e9979048-770c-4b0a-8318-48798eddb49f to remote] DEBUG org.apache.http.headers - http-outgoing-1 << Content-Type: application/json; charset=utf-8
10:41:59.679 [Forwarding findElement on session e9979048-770c-4b0a-8318-48798eddb49f to remote] DEBUG org.apache.http.headers - http-outgoing-1 << Content-Length: 88
10:41:59.679 [Forwarding findElement on session e9979048-770c-4b0a-8318-48798eddb49f to remote] DEBUG org.apache.http.headers - http-outgoing-1 << Date: Mon, 02 Dec 2019 05:11:59 GMT
10:41:59.679 [Forwarding findElement on session e9979048-770c-4b0a-8318-48798eddb49f to remote] DEBUG org.apache.http.headers - http-outgoing-1 << Connection: keep-alive
10:41:59.679 [Forwarding findElement on session e9979048-770c-4b0a-8318-48798eddb49f to remote] DEBUG o.a.h.impl.execchain.MainClientExec - Connection can be kept alive indefinitely
10:41:59.679 [Forwarding findElement on session e9979048-770c-4b0a-8318-48798eddb49f to remote] DEBUG o.a.h.i.c.PoolingHttpClientConnectionManager - Connection [id: 1][route: {}->http://localhost:4723] can be kept alive indefinitely
10:41:59.679 [Forwarding findElement on session e9979048-770c-4b0a-8318-48798eddb49f to remote] DEBUG o.a.h.i.c.PoolingHttpClientConnectionManager - Connection released: [id: 1][route: {}->http://localhost:4723][total kept alive: 1; route allocated: 1 of 2000; total allocated: 1 of 2000]
10:41:59.681 [Forwarding clickElement on session e9979048-770c-4b0a-8318-48798eddb49f to remote] DEBUG o.a.h.c.protocol.RequestAddCookies - CookieSpec selected: default
10:41:59.681 [Forwarding clickElement on session e9979048-770c-4b0a-8318-48798eddb49f to remote] DEBUG o.a.h.c.protocol.RequestAuthCache - Auth cache not set in the context
10:41:59.681 [Forwarding clickElement on session e9979048-770c-4b0a-8318-48798eddb49f to remote] DEBUG o.a.h.i.c.PoolingHttpClientConnectionManager - Connection request: [route: {}->http://localhost:4723][total kept alive: 1; route allocated: 1 of 2000; total allocated: 1 of 2000]
10:41:59.681 [Forwarding clickElement on session e9979048-770c-4b0a-8318-48798eddb49f to remote] DEBUG o.a.h.i.c.PoolingHttpClientConnectionManager - Connection leased: [id: 1][route: {}->http://localhost:4723][total kept alive: 0; route allocated: 1 of 2000; total allocated: 1 of 2000]
10:41:59.681 [Forwarding clickElement on session e9979048-770c-4b0a-8318-48798eddb49f to remote] DEBUG o.a.h.impl.execchain.MainClientExec - Stale connection check
10:41:59.682 [Forwarding clickElement on session e9979048-770c-4b0a-8318-48798eddb49f to remote] DEBUG org.apache.http.wire - http-outgoing-1 << "[read] I/O error: Read timed out"
10:41:59.682 [Forwarding clickElement on session e9979048-770c-4b0a-8318-48798eddb49f to remote] DEBUG o.a.h.i.c.DefaultManagedHttpClientConnection - http-outgoing-1: set socket timeout to 10800000
10:41:59.682 [Forwarding clickElement on session e9979048-770c-4b0a-8318-48798eddb49f to remote] DEBUG o.a.h.impl.execchain.MainClientExec - Executing request POST /wd/hub/session/e9979048-770c-4b0a-8318-48798eddb49f/element/11/click HTTP/1.1
10:41:59.682 [Forwarding clickElement on session e9979048-770c-4b0a-8318-48798eddb49f to remote] DEBUG o.a.h.impl.execchain.MainClientExec - Target auth state: UNCHALLENGED
10:41:59.682 [Forwarding clickElement on session e9979048-770c-4b0a-8318-48798eddb49f to remote] DEBUG o.a.h.impl.execchain.MainClientExec - Proxy auth state: UNCHALLENGED
10:41:59.682 [Forwarding clickElement on session e9979048-770c-4b0a-8318-48798eddb49f to remote] DEBUG org.apache.http.headers - http-outgoing-1 >> POST /wd/hub/session/e9979048-770c-4b0a-8318-48798eddb49f/element/11/click HTTP/1.1
10:41:59.682 [Forwarding clickElement on session e9979048-770c-4b0a-8318-48798eddb49f to remote] DEBUG org.apache.http.headers - http-outgoing-1 >> Content-Type: application/json; charset=utf-8
10:41:59.682 [Forwarding clickElement on session e9979048-770c-4b0a-8318-48798eddb49f to remote] DEBUG org.apache.http.headers - http-outgoing-1 >> Content-Length: 11
10:41:59.682 [Forwarding clickElement on session e9979048-770c-4b0a-8318-48798eddb49f to remote] DEBUG org.apache.http.headers - http-outgoing-1 >> Host: localhost:4723
10:41:59.682 [Forwarding clickElement on session e9979048-770c-4b0a-8318-48798eddb49f to remote] DEBUG org.apache.http.headers - http-outgoing-1 >> Connection: Keep-Alive
10:41:59.682 [Forwarding clickElement on session e9979048-770c-4b0a-8318-48798eddb49f to remote] DEBUG org.apache.http.headers - http-outgoing-1 >> User-Agent: Apache-HttpClient/4.5.2 (Java/1.8.0_121)
10:41:59.682 [Forwarding clickElement on session e9979048-770c-4b0a-8318-48798eddb49f to remote] DEBUG org.apache.http.headers - http-outgoing-1 >> Accept-Encoding: gzip,deflate
10:41:59.682 [Forwarding clickElement on session e9979048-770c-4b0a-8318-48798eddb49f to remote] DEBUG org.apache.http.wire - http-outgoing-1 >> "POST /wd/hub/session/e9979048-770c-4b0a-8318-48798eddb49f/element/11/click HTTP/1.1[\r][\n]"
10:41:59.682 [Forwarding clickElement on session e9979048-770c-4b0a-8318-48798eddb49f to remote] DEBUG org.apache.http.wire - http-outgoing-1 >> "Content-Type: application/json; charset=utf-8[\r][\n]"
10:41:59.682 [Forwarding clickElement on session e9979048-770c-4b0a-8318-48798eddb49f to remote] DEBUG org.apache.http.wire - http-outgoing-1 >> "Content-Length: 11[\r][\n]"
10:41:59.682 [Forwarding clickElement on session e9979048-770c-4b0a-8318-48798eddb49f to remote] DEBUG org.apache.http.wire - http-outgoing-1 >> "Host: localhost:4723[\r][\n]"
10:41:59.682 [Forwarding clickElement on session e9979048-770c-4b0a-8318-48798eddb49f to remote] DEBUG org.apache.http.wire - http-outgoing-1 >> "Connection: Keep-Alive[\r][\n]"
10:41:59.682 [Forwarding clickElement on session e9979048-770c-4b0a-8318-48798eddb49f to remote] DEBUG org.apache.http.wire - http-outgoing-1 >> "User-Agent: Apache-HttpClient/4.5.2 (Java/1.8.0_121)[\r][\n]"
10:41:59.682 [Forwarding clickElement on session e9979048-770c-4b0a-8318-48798eddb49f to remote] DEBUG org.apache.http.wire - http-outgoing-1 >> "Accept-Encoding: gzip,deflate[\r][\n]"
10:41:59.682 [Forwarding clickElement on session e9979048-770c-4b0a-8318-48798eddb49f to remote] DEBUG org.apache.http.wire - http-outgoing-1 >> "[\r][\n]"
10:41:59.682 [Forwarding clickElement on session e9979048-770c-4b0a-8318-48798eddb49f to remote] DEBUG org.apache.http.wire - http-outgoing-1 >> "{"id":"11"}"
&amp#27;[36minfo&amp#27;[39m: &amp#27;[37m-->&amp#27;[39m &amp#27;[37mPOST&amp#27;[39m &amp#27;[37m/wd/hub/session/e9979048-770c-4b0a-8318-48798eddb49f/element/11/click&amp#27;[39m &amp#27;[90m{"id":"11"}&amp#27;[39m
&amp#27;[36minfo&amp#27;[39m: [debug] Pushing command to appium work queue: ["element:click",{"elementId":"11"}]
&amp#27;[36minfo&amp#27;[39m: [debug] [BOOTSTRAP] [debug] Got data from client: {"cmd":"action","action":"element:click","params":{"elementId":"11"}}
&amp#27;[36minfo&amp#27;[39m: [debug] [BOOTSTRAP] [debug] Got command of type ACTION
&amp#27;[36minfo&amp#27;[39m: [debug] [BOOTSTRAP] [debug] Got command action: click
&amp#27;[36minfo&amp#27;[39m: [debug] [BOOTSTRAP] [debug] Returning result: {"status":0,"value":true}
&amp#27;[36minfo&amp#27;[39m: [debug] Responding to client with success: {"status":0,"value":true,"sessionId":"e9979048-770c-4b0a-8318-48798eddb49f"}
&amp#27;[36minfo&amp#27;[39m: &amp#27;[37m<-- POST /wd/hub/session/e9979048-770c-4b0a-8318-48798eddb49f/element/11/click &amp#27;[39m&amp#27;[32m200&amp#27;[39m&amp#27;[90m 350.025 ms - 76&amp#27;[39m &amp#27;[90m{"status":0,"value":true,"sessionId":"e9979048-770c-4b0a-8318-48798eddb49f"}&amp#27;[39m
10:42:00.033 [Forwarding clickElement on session e9979048-770c-4b0a-8318-48798eddb49f to remote] DEBUG org.apache.http.wire - http-outgoing-1 << "HTTP/1.1 200 OK[\r][\n]"
10:42:00.037 [Forwarding clickElement on session e9979048-770c-4b0a-8318-48798eddb49f to remote] DEBUG org.apache.http.wire - http-outgoing-1 << "X-Powered-By: Express[\r][\n]"
10:42:00.037 [Forwarding clickElement on session e9979048-770c-4b0a-8318-48798eddb49f to remote] DEBUG org.apache.http.wire - http-outgoing-1 << "Access-Control-Allow-Origin: *[\r][\n]"
10:42:00.037 [Forwarding clickElement on session e9979048-770c-4b0a-8318-48798eddb49f to remote] DEBUG org.apache.http.wire - http-outgoing-1 << "Access-Control-Allow-Methods: GET,POST,PUT,OPTIONS,DELETE[\r][\n]"
10:42:00.037 [Forwarding clickElement on session e9979048-770c-4b0a-8318-48798eddb49f to remote] DEBUG org.apache.http.wire - http-outgoing-1 << "Access-Control-Allow-Headers: origin, content-type, accept[\r][\n]"
10:42:00.037 [Forwarding clickElement on session e9979048-770c-4b0a-8318-48798eddb49f to remote] DEBUG org.apache.http.wire - http-outgoing-1 << "Vary: X-HTTP-Method-Override[\r][\n]"
10:42:00.037 [Forwarding clickElement on session e9979048-770c-4b0a-8318-48798eddb49f to remote] DEBUG org.apache.http.wire - http-outgoing-1 << "Content-Type: application/json; charset=utf-8[\r][\n]"
10:42:00.037 [Forwarding clickElement on session e9979048-770c-4b0a-8318-48798eddb49f to remote] DEBUG org.apache.http.wire - http-outgoing-1 << "Content-Length: 76[\r][\n]"
10:42:00.037 [Forwarding clickElement on session e9979048-770c-4b0a-8318-48798eddb49f to remote] DEBUG org.apache.http.wire - http-outgoing-1 << "Date: Mon, 02 Dec 2019 05:12:00 GMT[\r][\n]"
10:42:00.037 [Forwarding clickElement on session e9979048-770c-4b0a-8318-48798eddb49f to remote] DEBUG org.apache.http.wire - http-outgoing-1 << "Connection: keep-alive[\r][\n]"
10:42:00.037 [Forwarding clickElement on session e9979048-770c-4b0a-8318-48798eddb49f to remote] DEBUG org.apache.http.wire - http-outgoing-1 << "[\r][\n]"
10:42:00.037 [Forwarding clickElement on session e9979048-770c-4b0a-8318-48798eddb49f to remote] DEBUG org.apache.http.wire - http-outgoing-1 << "{"status":0,"value":true,"sessionId":"e9979048-770c-4b0a-8318-48798eddb49f"}"
10:42:00.038 [Forwarding clickElement on session e9979048-770c-4b0a-8318-48798eddb49f to remote] DEBUG org.apache.http.headers - http-outgoing-1 << HTTP/1.1 200 OK
10:42:00.038 [Forwarding clickElement on session e9979048-770c-4b0a-8318-48798eddb49f to remote] DEBUG org.apache.http.headers - http-outgoing-1 << X-Powered-By: Express
10:42:00.038 [Forwarding clickElement on session e9979048-770c-4b0a-8318-48798eddb49f to remote] DEBUG org.apache.http.headers - http-outgoing-1 << Access-Control-Allow-Origin: *
10:42:00.038 [Forwarding clickElement on session e9979048-770c-4b0a-8318-48798eddb49f to remote] DEBUG org.apache.http.headers - http-outgoing-1 << Access-Control-Allow-Methods: GET,POST,PUT,OPTIONS,DELETE
10:42:00.038 [Forwarding clickElement on session e9979048-770c-4b0a-8318-48798eddb49f to remote] DEBUG org.apache.http.headers - http-outgoing-1 << Access-Control-Allow-Headers: origin, content-type, accept
10:42:00.038 [Forwarding clickElement on session e9979048-770c-4b0a-8318-48798eddb49f to remote] DEBUG org.apache.http.headers - http-outgoing-1 << Vary: X-HTTP-Method-Override
10:42:00.038 [Forwarding clickElement on session e9979048-770c-4b0a-8318-48798eddb49f to remote] DEBUG org.apache.http.headers - http-outgoing-1 << Content-Type: application/json; charset=utf-8
10:42:00.038 [Forwarding clickElement on session e9979048-770c-4b0a-8318-48798eddb49f to remote] DEBUG org.apache.http.headers - http-outgoing-1 << Content-Length: 76
10:42:00.038 [Forwarding clickElement on session e9979048-770c-4b0a-8318-48798eddb49f to remote] DEBUG org.apache.http.headers - http-outgoing-1 << Date: Mon, 02 Dec 2019 05:12:00 GMT
10:42:00.038 [Forwarding clickElement on session e9979048-770c-4b0a-8318-48798eddb49f to remote] DEBUG org.apache.http.headers - http-outgoing-1 << Connection: keep-alive
10:42:00.038 [Forwarding clickElement on session e9979048-770c-4b0a-8318-48798eddb49f to remote] DEBUG o.a.h.impl.execchain.MainClientExec - Connection can be kept alive indefinitely
10:42:00.038 [Forwarding clickElement on session e9979048-770c-4b0a-8318-48798eddb49f to remote] DEBUG o.a.h.i.c.PoolingHttpClientConnectionManager - Connection [id: 1][route: {}->http://localhost:4723] can be kept alive indefinitely
10:42:00.038 [Forwarding clickElement on session e9979048-770c-4b0a-8318-48798eddb49f to remote] DEBUG o.a.h.i.c.PoolingHttpClientConnectionManager - Connection released: [id: 1][route: {}->http://localhost:4723][total kept alive: 1; route allocated: 1 of 2000; total allocated: 1 of 2000]
10:42:00.039 [Forwarding findElement on session e9979048-770c-4b0a-8318-48798eddb49f to remote] DEBUG o.a.h.c.protocol.RequestAddCookies - CookieSpec selected: default
10:42:00.039 [Forwarding findElement on session e9979048-770c-4b0a-8318-48798eddb49f to remote] DEBUG o.a.h.c.protocol.RequestAuthCache - Auth cache not set in the context
10:42:00.039 [Forwarding findElement on session e9979048-770c-4b0a-8318-48798eddb49f to remote] DEBUG o.a.h.i.c.PoolingHttpClientConnectionManager - Connection request: [route: {}->http://localhost:4723][total kept alive: 1; route allocated: 1 of 2000; total allocated: 1 of 2000]
10:42:00.040 [Forwarding findElement on session e9979048-770c-4b0a-8318-48798eddb49f to remote] DEBUG o.a.h.i.c.PoolingHttpClientConnectionManager - Connection leased: [id: 1][route: {}->http://localhost:4723][total kept alive: 0; route allocated: 1 of 2000; total allocated: 1 of 2000]
10:42:00.040 [Forwarding findElement on session e9979048-770c-4b0a-8318-48798eddb49f to remote] DEBUG o.a.h.impl.execchain.MainClientExec - Stale connection check
10:42:00.041 [Forwarding findElement on session e9979048-770c-4b0a-8318-48798eddb49f to remote] DEBUG org.apache.http.wire - http-outgoing-1 << "[read] I/O error: Read timed out"
10:42:00.041 [Forwarding findElement on session e9979048-770c-4b0a-8318-48798eddb49f to remote] DEBUG o.a.h.i.c.DefaultManagedHttpClientConnection - http-outgoing-1: set socket timeout to 10800000
10:42:00.041 [Forwarding findElement on session e9979048-770c-4b0a-8318-48798eddb49f to remote] DEBUG o.a.h.impl.execchain.MainClientExec - Executing request POST /wd/hub/session/e9979048-770c-4b0a-8318-48798eddb49f/element HTTP/1.1
10:42:00.041 [Forwarding findElement on session e9979048-770c-4b0a-8318-48798eddb49f to remote] DEBUG o.a.h.impl.execchain.MainClientExec - Target auth state: UNCHALLENGED
10:42:00.041 [Forwarding findElement on session e9979048-770c-4b0a-8318-48798eddb49f to remote] DEBUG o.a.h.impl.execchain.MainClientExec - Proxy auth state: UNCHALLENGED
10:42:00.041 [Forwarding findElement on session e9979048-770c-4b0a-8318-48798eddb49f to remote] DEBUG org.apache.http.headers - http-outgoing-1 >> POST /wd/hub/session/e9979048-770c-4b0a-8318-48798eddb49f/element HTTP/1.1
10:42:00.041 [Forwarding findElement on session e9979048-770c-4b0a-8318-48798eddb49f to remote] DEBUG org.apache.http.headers - http-outgoing-1 >> Content-Type: application/json; charset=utf-8
10:42:00.041 [Forwarding findElement on session e9979048-770c-4b0a-8318-48798eddb49f to remote] DEBUG org.apache.http.headers - http-outgoing-1 >> Content-Length: 55
10:42:00.041 [Forwarding findElement on session e9979048-770c-4b0a-8318-48798eddb49f to remote] DEBUG org.apache.http.headers - http-outgoing-1 >> Host: localhost:4723
10:42:00.041 [Forwarding findElement on session e9979048-770c-4b0a-8318-48798eddb49f to remote] DEBUG org.apache.http.headers - http-outgoing-1 >> Connection: Keep-Alive
10:42:00.041 [Forwarding findElement on session e9979048-770c-4b0a-8318-48798eddb49f to remote] DEBUG org.apache.http.headers - http-outgoing-1 >> User-Agent: Apache-HttpClient/4.5.2 (Java/1.8.0_121)
10:42:00.041 [Forwarding findElement on session e9979048-770c-4b0a-8318-48798eddb49f to remote] DEBUG org.apache.http.headers - http-outgoing-1 >> Accept-Encoding: gzip,deflate
10:42:00.041 [Forwarding findElement on session e9979048-770c-4b0a-8318-48798eddb49f to remote] DEBUG org.apache.http.wire - http-outgoing-1 >> "POST /wd/hub/session/e9979048-770c-4b0a-8318-48798eddb49f/element HTTP/1.1[\r][\n]"
10:42:00.041 [Forwarding findElement on session e9979048-770c-4b0a-8318-48798eddb49f to remote] DEBUG org.apache.http.wire - http-outgoing-1 >> "Content-Type: application/json; charset=utf-8[\r][\n]"
10:42:00.041 [Forwarding findElement on session e9979048-770c-4b0a-8318-48798eddb49f to remote] DEBUG org.apache.http.wire - http-outgoing-1 >> "Content-Length: 55[\r][\n]"
10:42:00.041 [Forwarding findElement on session e9979048-770c-4b0a-8318-48798eddb49f to remote] DEBUG org.apache.http.wire - http-outgoing-1 >> "Host: localhost:4723[\r][\n]"
10:42:00.041 [Forwarding findElement on session e9979048-770c-4b0a-8318-48798eddb49f to remote] DEBUG org.apache.http.wire - http-outgoing-1 >> "Connection: Keep-Alive[\r][\n]"
10:42:00.041 [Forwarding findElement on session e9979048-770c-4b0a-8318-48798eddb49f to remote] DEBUG org.apache.http.wire - http-outgoing-1 >> "User-Agent: Apache-HttpClient/4.5.2 (Java/1.8.0_121)[\r][\n]"
10:42:00.041 [Forwarding findElement on session e9979048-770c-4b0a-8318-48798eddb49f to remote] DEBUG org.apache.http.wire - http-outgoing-1 >> "Accept-Encoding: gzip,deflate[\r][\n]"
10:42:00.041 [Forwarding findElement on session e9979048-770c-4b0a-8318-48798eddb49f to remote] DEBUG org.apache.http.wire - http-outgoing-1 >> "[\r][\n]"
10:42:00.041 [Forwarding findElement on session e9979048-770c-4b0a-8318-48798eddb49f to remote] DEBUG org.apache.http.wire - http-outgoing-1 >> "{"using":"id","value":"tv.hooq.android:id/inputSearch"}"
&amp#27;[36minfo&amp#27;[39m: &amp#27;[37m-->&amp#27;[39m &amp#27;[37mPOST&amp#27;[39m &amp#27;[37m/wd/hub/session/e9979048-770c-4b0a-8318-48798eddb49f/element&amp#27;[39m &amp#27;[90m{"using":"id","value":"tv.hooq.android:id/inputSearch"}&amp#27;[39m
&amp#27;[36minfo&amp#27;[39m: [debug] Waiting up to 0ms for condition
&amp#27;[36minfo&amp#27;[39m: [debug] Pushing command to appium work queue: ["find",{"strategy":"id","selector":"tv.hooq.android:id/inputSearch","context":"","multiple":false}]
&amp#27;[36minfo&amp#27;[39m: [debug] [BOOTSTRAP] [debug] Got data from client: {"cmd":"action","action":"find","params":{"strategy":"id","selector":"tv.hooq.android:id/inputSearch","context":"","multiple":false}}
&amp#27;[36minfo&amp#27;[39m: [debug] [BOOTSTRAP] [debug] Got command of type ACTION
&amp#27;[36minfo&amp#27;[39m: [debug] [BOOTSTRAP] [debug] Got command action: find
&amp#27;[36minfo&amp#27;[39m: [debug] [BOOTSTRAP] [debug] Finding tv.hooq.android:id/inputSearch using ID with the contextId:  multiple: false
&amp#27;[36minfo&amp#27;[39m: [debug] [BOOTSTRAP] [debug] Using: UiSelector[INSTANCE=0, RESOURCE_ID=tv.hooq.android:id/inputSearch]
&amp#27;[36minfo&amp#27;[39m: [debug] [BOOTSTRAP] [debug] Returning result: {"status":0,"value":{"ELEMENT":"12"}}
&amp#27;[36minfo&amp#27;[39m: [debug] Responding to client with success: {"status":0,"value":{"ELEMENT":"12"},"sessionId":"e9979048-770c-4b0a-8318-48798eddb49f"}
&amp#27;[36minfo&amp#27;[39m: &amp#27;[37m<-- POST /wd/hub/session/e9979048-770c-4b0a-8318-48798eddb49f/element &amp#27;[39m&amp#27;[32m200&amp#27;[39m&amp#27;[90m 1007.402 ms - 88&amp#27;[39m &amp#27;[90m{"status":0,"value":{"ELEMENT":"12"},"sessionId":"e9979048-770c-4b0a-8318-48798eddb49f"}&amp#27;[39m
10:42:01.054 [Forwarding findElement on session e9979048-770c-4b0a-8318-48798eddb49f to remote] DEBUG org.apache.http.wire - http-outgoing-1 << "HTTP/1.1 200 OK[\r][\n]"
10:42:01.060 [Forwarding findElement on session e9979048-770c-4b0a-8318-48798eddb49f to remote] DEBUG org.apache.http.wire - http-outgoing-1 << "X-Powered-By: Express[\r][\n]"
10:42:01.060 [Forwarding findElement on session e9979048-770c-4b0a-8318-48798eddb49f to remote] DEBUG org.apache.http.wire - http-outgoing-1 << "Access-Control-Allow-Origin: *[\r][\n]"
10:42:01.060 [Forwarding findElement on session e9979048-770c-4b0a-8318-48798eddb49f to remote] DEBUG org.apache.http.wire - http-outgoing-1 << "Access-Control-Allow-Methods: GET,POST,PUT,OPTIONS,DELETE[\r][\n]"
10:42:01.060 [Forwarding findElement on session e9979048-770c-4b0a-8318-48798eddb49f to remote] DEBUG org.apache.http.wire - http-outgoing-1 << "Access-Control-Allow-Headers: origin, content-type, accept[\r][\n]"
10:42:01.060 [Forwarding findElement on session e9979048-770c-4b0a-8318-48798eddb49f to remote] DEBUG org.apache.http.wire - http-outgoing-1 << "Vary: X-HTTP-Method-Override[\r][\n]"
10:42:01.060 [Forwarding findElement on session e9979048-770c-4b0a-8318-48798eddb49f to remote] DEBUG org.apache.http.wire - http-outgoing-1 << "Content-Type: application/json; charset=utf-8[\r][\n]"
10:42:01.060 [Forwarding findElement on session e9979048-770c-4b0a-8318-48798eddb49f to remote] DEBUG org.apache.http.wire - http-outgoing-1 << "Content-Length: 88[\r][\n]"
10:42:01.060 [Forwarding findElement on session e9979048-770c-4b0a-8318-48798eddb49f to remote] DEBUG org.apache.http.wire - http-outgoing-1 << "Date: Mon, 02 Dec 2019 05:12:01 GMT[\r][\n]"
10:42:01.060 [Forwarding findElement on session e9979048-770c-4b0a-8318-48798eddb49f to remote] DEBUG org.apache.http.wire - http-outgoing-1 << "Connection: keep-alive[\r][\n]"
10:42:01.060 [Forwarding findElement on session e9979048-770c-4b0a-8318-48798eddb49f to remote] DEBUG org.apache.http.wire - http-outgoing-1 << "[\r][\n]"
10:42:01.060 [Forwarding findElement on session e9979048-770c-4b0a-8318-48798eddb49f to remote] DEBUG org.apache.http.wire - http-outgoing-1 << "{"status":0,"value":{"ELEMENT":"12"},"sessionId":"e9979048-770c-4b0a-8318-48798eddb49f"}"
10:42:01.061 [Forwarding findElement on session e9979048-770c-4b0a-8318-48798eddb49f to remote] DEBUG org.apache.http.headers - http-outgoing-1 << HTTP/1.1 200 OK
10:42:01.061 [Forwarding findElement on session e9979048-770c-4b0a-8318-48798eddb49f to remote] DEBUG org.apache.http.headers - http-outgoing-1 << X-Powered-By: Express
10:42:01.061 [Forwarding findElement on session e9979048-770c-4b0a-8318-48798eddb49f to remote] DEBUG org.apache.http.headers - http-outgoing-1 << Access-Control-Allow-Origin: *
10:42:01.061 [Forwarding findElement on session e9979048-770c-4b0a-8318-48798eddb49f to remote] DEBUG org.apache.http.headers - http-outgoing-1 << Access-Control-Allow-Methods: GET,POST,PUT,OPTIONS,DELETE
10:42:01.061 [Forwarding findElement on session e9979048-770c-4b0a-8318-48798eddb49f to remote] DEBUG org.apache.http.headers - http-outgoing-1 << Access-Control-Allow-Headers: origin, content-type, accept
10:42:01.061 [Forwarding findElement on session e9979048-770c-4b0a-8318-48798eddb49f to remote] DEBUG org.apache.http.headers - http-outgoing-1 << Vary: X-HTTP-Method-Override
10:42:01.061 [Forwarding findElement on session e9979048-770c-4b0a-8318-48798eddb49f to remote] DEBUG org.apache.http.headers - http-outgoing-1 << Content-Type: application/json; charset=utf-8
10:42:01.061 [Forwarding findElement on session e9979048-770c-4b0a-8318-48798eddb49f to remote] DEBUG org.apache.http.headers - http-outgoing-1 << Content-Length: 88
10:42:01.061 [Forwarding findElement on session e9979048-770c-4b0a-8318-48798eddb49f to remote] DEBUG org.apache.http.headers - http-outgoing-1 << Date: Mon, 02 Dec 2019 05:12:01 GMT
10:42:01.061 [Forwarding findElement on session e9979048-770c-4b0a-8318-48798eddb49f to remote] DEBUG org.apache.http.headers - http-outgoing-1 << Connection: keep-alive
10:42:01.061 [Forwarding findElement on session e9979048-770c-4b0a-8318-48798eddb49f to remote] DEBUG o.a.h.impl.execchain.MainClientExec - Connection can be kept alive indefinitely
10:42:01.061 [Forwarding findElement on session e9979048-770c-4b0a-8318-48798eddb49f to remote] DEBUG o.a.h.i.c.PoolingHttpClientConnectionManager - Connection [id: 1][route: {}->http://localhost:4723] can be kept alive indefinitely
10:42:01.061 [Forwarding findElement on session e9979048-770c-4b0a-8318-48798eddb49f to remote] DEBUG o.a.h.i.c.PoolingHttpClientConnectionManager - Connection released: [id: 1][route: {}->http://localhost:4723][total kept alive: 1; route allocated: 1 of 2000; total allocated: 1 of 2000]
10:42:01.063 [Forwarding clearElement on session e9979048-770c-4b0a-8318-48798eddb49f to remote] DEBUG o.a.h.c.protocol.RequestAddCookies - CookieSpec selected: default
10:42:01.063 [Forwarding clearElement on session e9979048-770c-4b0a-8318-48798eddb49f to remote] DEBUG o.a.h.c.protocol.RequestAuthCache - Auth cache not set in the context
10:42:01.063 [Forwarding clearElement on session e9979048-770c-4b0a-8318-48798eddb49f to remote] DEBUG o.a.h.i.c.PoolingHttpClientConnectionManager - Connection request: [route: {}->http://localhost:4723][total kept alive: 1; route allocated: 1 of 2000; total allocated: 1 of 2000]
10:42:01.063 [Forwarding clearElement on session e9979048-770c-4b0a-8318-48798eddb49f to remote] DEBUG o.a.h.i.c.PoolingHttpClientConnectionManager - Connection leased: [id: 1][route: {}->http://localhost:4723][total kept alive: 0; route allocated: 1 of 2000; total allocated: 1 of 2000]
10:42:01.063 [Forwarding clearElement on session e9979048-770c-4b0a-8318-48798eddb49f to remote] DEBUG o.a.h.impl.execchain.MainClientExec - Stale connection check
10:42:01.064 [Forwarding clearElement on session e9979048-770c-4b0a-8318-48798eddb49f to remote] DEBUG org.apache.http.wire - http-outgoing-1 << "[read] I/O error: Read timed out"
10:42:01.064 [Forwarding clearElement on session e9979048-770c-4b0a-8318-48798eddb49f to remote] DEBUG o.a.h.i.c.DefaultManagedHttpClientConnection - http-outgoing-1: set socket timeout to 10800000
10:42:01.064 [Forwarding clearElement on session e9979048-770c-4b0a-8318-48798eddb49f to remote] DEBUG o.a.h.impl.execchain.MainClientExec - Executing request POST /wd/hub/session/e9979048-770c-4b0a-8318-48798eddb49f/element/12/clear HTTP/1.1
10:42:01.064 [Forwarding clearElement on session e9979048-770c-4b0a-8318-48798eddb49f to remote] DEBUG o.a.h.impl.execchain.MainClientExec - Target auth state: UNCHALLENGED
10:42:01.064 [Forwarding clearElement on session e9979048-770c-4b0a-8318-48798eddb49f to remote] DEBUG o.a.h.impl.execchain.MainClientExec - Proxy auth state: UNCHALLENGED
10:42:01.064 [Forwarding clearElement on session e9979048-770c-4b0a-8318-48798eddb49f to remote] DEBUG org.apache.http.headers - http-outgoing-1 >> POST /wd/hub/session/e9979048-770c-4b0a-8318-48798eddb49f/element/12/clear HTTP/1.1
10:42:01.064 [Forwarding clearElement on session e9979048-770c-4b0a-8318-48798eddb49f to remote] DEBUG org.apache.http.headers - http-outgoing-1 >> Content-Type: application/json; charset=utf-8
10:42:01.064 [Forwarding clearElement on session e9979048-770c-4b0a-8318-48798eddb49f to remote] DEBUG org.apache.http.headers - http-outgoing-1 >> Content-Length: 11
10:42:01.064 [Forwarding clearElement on session e9979048-770c-4b0a-8318-48798eddb49f to remote] DEBUG org.apache.http.headers - http-outgoing-1 >> Host: localhost:4723
10:42:01.064 [Forwarding clearElement on session e9979048-770c-4b0a-8318-48798eddb49f to remote] DEBUG org.apache.http.headers - http-outgoing-1 >> Connection: Keep-Alive
10:42:01.064 [Forwarding clearElement on session e9979048-770c-4b0a-8318-48798eddb49f to remote] DEBUG org.apache.http.headers - http-outgoing-1 >> User-Agent: Apache-HttpClient/4.5.2 (Java/1.8.0_121)
10:42:01.064 [Forwarding clearElement on session e9979048-770c-4b0a-8318-48798eddb49f to remote] DEBUG org.apache.http.headers - http-outgoing-1 >> Accept-Encoding: gzip,deflate
10:42:01.064 [Forwarding clearElement on session e9979048-770c-4b0a-8318-48798eddb49f to remote] DEBUG org.apache.http.wire - http-outgoing-1 >> "POST /wd/hub/session/e9979048-770c-4b0a-8318-48798eddb49f/element/12/clear HTTP/1.1[\r][\n]"
10:42:01.064 [Forwarding clearElement on session e9979048-770c-4b0a-8318-48798eddb49f to remote] DEBUG org.apache.http.wire - http-outgoing-1 >> "Content-Type: application/json; charset=utf-8[\r][\n]"
10:42:01.064 [Forwarding clearElement on session e9979048-770c-4b0a-8318-48798eddb49f to remote] DEBUG org.apache.http.wire - http-outgoing-1 >> "Content-Length: 11[\r][\n]"
10:42:01.064 [Forwarding clearElement on session e9979048-770c-4b0a-8318-48798eddb49f to remote] DEBUG org.apache.http.wire - http-outgoing-1 >> "Host: localhost:4723[\r][\n]"
10:42:01.064 [Forwarding clearElement on session e9979048-770c-4b0a-8318-48798eddb49f to remote] DEBUG org.apache.http.wire - http-outgoing-1 >> "Connection: Keep-Alive[\r][\n]"
10:42:01.064 [Forwarding clearElement on session e9979048-770c-4b0a-8318-48798eddb49f to remote] DEBUG org.apache.http.wire - http-outgoing-1 >> "User-Agent: Apache-HttpClient/4.5.2 (Java/1.8.0_121)[\r][\n]"
10:42:01.064 [Forwarding clearElement on session e9979048-770c-4b0a-8318-48798eddb49f to remote] DEBUG org.apache.http.wire - http-outgoing-1 >> "Accept-Encoding: gzip,deflate[\r][\n]"
10:42:01.064 [Forwarding clearElement on session e9979048-770c-4b0a-8318-48798eddb49f to remote] DEBUG org.apache.http.wire - http-outgoing-1 >> "[\r][\n]"
10:42:01.064 [Forwarding clearElement on session e9979048-770c-4b0a-8318-48798eddb49f to remote] DEBUG org.apache.http.wire - http-outgoing-1 >> "{"id":"12"}"
&amp#27;[36minfo&amp#27;[39m: &amp#27;[37m-->&amp#27;[39m &amp#27;[37mPOST&amp#27;[39m &amp#27;[37m/wd/hub/session/e9979048-770c-4b0a-8318-48798eddb49f/element/12/clear&amp#27;[39m &amp#27;[90m{"id":"12"}&amp#27;[39m
&amp#27;[36minfo&amp#27;[39m: [debug] Pushing command to appium work queue: ["element:clear",{"elementId":"12"}]
&amp#27;[36minfo&amp#27;[39m: [debug] [BOOTSTRAP] [debug] Got data from client: {"cmd":"action","action":"element:clear","params":{"elementId":"12"}}
&amp#27;[36minfo&amp#27;[39m: [debug] [BOOTSTRAP] [debug] Got command of type ACTION
&amp#27;[36minfo&amp#27;[39m: [debug] [BOOTSTRAP] [debug] Got command action: clear
&amp#27;[36minfo&amp#27;[39m: [debug] [BOOTSTRAP] [debug] Attempting to clear using UiObject.clearText().
&amp#27;[36minfo&amp#27;[39m: [debug] [BOOTSTRAP] [debug] Text remains after clearing, but it appears to be hint text.
&amp#27;[36minfo&amp#27;[39m: [debug] [BOOTSTRAP] [debug] Returning result: {"status":0,"value":true}
&amp#27;[36minfo&amp#27;[39m: [debug] Responding to client with success: {"status":0,"value":true,"sessionId":"e9979048-770c-4b0a-8318-48798eddb49f"}
&amp#27;[36minfo&amp#27;[39m: &amp#27;[37m<-- POST /wd/hub/session/e9979048-770c-4b0a-8318-48798eddb49f/element/12/clear &amp#27;[39m&amp#27;[32m200&amp#27;[39m&amp#27;[90m 3041.717 ms - 76&amp#27;[39m &amp#27;[90m{"status":0,"value":true,"sessionId":"e9979048-770c-4b0a-8318-48798eddb49f"}&amp#27;[39m
10:42:04.108 [Forwarding clearElement on session e9979048-770c-4b0a-8318-48798eddb49f to remote] DEBUG org.apache.http.wire - http-outgoing-1 << "HTTP/1.1 200 OK[\r][\n]"
10:42:04.114 [Forwarding clearElement on session e9979048-770c-4b0a-8318-48798eddb49f to remote] DEBUG org.apache.http.wire - http-outgoing-1 << "X-Powered-By: Express[\r][\n]"
10:42:04.114 [Forwarding clearElement on session e9979048-770c-4b0a-8318-48798eddb49f to remote] DEBUG org.apache.http.wire - http-outgoing-1 << "Access-Control-Allow-Origin: *[\r][\n]"
10:42:04.114 [Forwarding clearElement on session e9979048-770c-4b0a-8318-48798eddb49f to remote] DEBUG org.apache.http.wire - http-outgoing-1 << "Access-Control-Allow-Methods: GET,POST,PUT,OPTIONS,DELETE[\r][\n]"
10:42:04.114 [Forwarding clearElement on session e9979048-770c-4b0a-8318-48798eddb49f to remote] DEBUG org.apache.http.wire - http-outgoing-1 << "Access-Control-Allow-Headers: origin, content-type, accept[\r][\n]"
10:42:04.114 [Forwarding clearElement on session e9979048-770c-4b0a-8318-48798eddb49f to remote] DEBUG org.apache.http.wire - http-outgoing-1 << "Vary: X-HTTP-Method-Override[\r][\n]"
10:42:04.114 [Forwarding clearElement on session e9979048-770c-4b0a-8318-48798eddb49f to remote] DEBUG org.apache.http.wire - http-outgoing-1 << "Content-Type: application/json; charset=utf-8[\r][\n]"
10:42:04.114 [Forwarding clearElement on session e9979048-770c-4b0a-8318-48798eddb49f to remote] DEBUG org.apache.http.wire - http-outgoing-1 << "Content-Length: 76[\r][\n]"
10:42:04.114 [Forwarding clearElement on session e9979048-770c-4b0a-8318-48798eddb49f to remote] DEBUG org.apache.http.wire - http-outgoing-1 << "Date: Mon, 02 Dec 2019 05:12:04 GMT[\r][\n]"
10:42:04.115 [Forwarding clearElement on session e9979048-770c-4b0a-8318-48798eddb49f to remote] DEBUG org.apache.http.wire - http-outgoing-1 << "Connection: keep-alive[\r][\n]"
10:42:04.115 [Forwarding clearElement on session e9979048-770c-4b0a-8318-48798eddb49f to remote] DEBUG org.apache.http.wire - http-outgoing-1 << "[\r][\n]"
10:42:04.115 [Forwarding clearElement on session e9979048-770c-4b0a-8318-48798eddb49f to remote] DEBUG org.apache.http.wire - http-outgoing-1 << "{"status":0,"value":true,"sessionId":"e9979048-770c-4b0a-8318-48798eddb49f"}"
10:42:04.115 [Forwarding clearElement on session e9979048-770c-4b0a-8318-48798eddb49f to remote] DEBUG org.apache.http.headers - http-outgoing-1 << HTTP/1.1 200 OK
10:42:04.115 [Forwarding clearElement on session e9979048-770c-4b0a-8318-48798eddb49f to remote] DEBUG org.apache.http.headers - http-outgoing-1 << X-Powered-By: Express
10:42:04.115 [Forwarding clearElement on session e9979048-770c-4b0a-8318-48798eddb49f to remote] DEBUG org.apache.http.headers - http-outgoing-1 << Access-Control-Allow-Origin: *
10:42:04.115 [Forwarding clearElement on session e9979048-770c-4b0a-8318-48798eddb49f to remote] DEBUG org.apache.http.headers - http-outgoing-1 << Access-Control-Allow-Methods: GET,POST,PUT,OPTIONS,DELETE
10:42:04.115 [Forwarding clearElement on session e9979048-770c-4b0a-8318-48798eddb49f to remote] DEBUG org.apache.http.headers - http-outgoing-1 << Access-Control-Allow-Headers: origin, content-type, accept
10:42:04.115 [Forwarding clearElement on session e9979048-770c-4b0a-8318-48798eddb49f to remote] DEBUG org.apache.http.headers - http-outgoing-1 << Vary: X-HTTP-Method-Override
10:42:04.115 [Forwarding clearElement on session e9979048-770c-4b0a-8318-48798eddb49f to remote] DEBUG org.apache.http.headers - http-outgoing-1 << Content-Type: application/json; charset=utf-8
10:42:04.115 [Forwarding clearElement on session e9979048-770c-4b0a-8318-48798eddb49f to remote] DEBUG org.apache.http.headers - http-outgoing-1 << Content-Length: 76
10:42:04.115 [Forwarding clearElement on session e9979048-770c-4b0a-8318-48798eddb49f to remote] DEBUG org.apache.http.headers - http-outgoing-1 << Date: Mon, 02 Dec 2019 05:12:04 GMT
10:42:04.115 [Forwarding clearElement on session e9979048-770c-4b0a-8318-48798eddb49f to remote] DEBUG org.apache.http.headers - http-outgoing-1 << Connection: keep-alive
10:42:04.115 [Forwarding clearElement on session e9979048-770c-4b0a-8318-48798eddb49f to remote] DEBUG o.a.h.impl.execchain.MainClientExec - Connection can be kept alive indefinitely
10:42:04.115 [Forwarding clearElement on session e9979048-770c-4b0a-8318-48798eddb49f to remote] DEBUG o.a.h.i.c.PoolingHttpClientConnectionManager - Connection [id: 1][route: {}->http://localhost:4723] can be kept alive indefinitely
10:42:04.115 [Forwarding clearElement on session e9979048-770c-4b0a-8318-48798eddb49f to remote] DEBUG o.a.h.i.c.PoolingHttpClientConnectionManager - Connection released: [id: 1][route: {}->http://localhost:4723][total kept alive: 1; route allocated: 1 of 2000; total allocated: 1 of 2000]
10:42:04.117 [Forwarding sendKeysToElement on session e9979048-770c-4b0a-8318-48798eddb49f to remote] DEBUG o.a.h.c.protocol.RequestAddCookies - CookieSpec selected: default
10:42:04.117 [Forwarding sendKeysToElement on session e9979048-770c-4b0a-8318-48798eddb49f to remote] DEBUG o.a.h.c.protocol.RequestAuthCache - Auth cache not set in the context
10:42:04.117 [Forwarding sendKeysToElement on session e9979048-770c-4b0a-8318-48798eddb49f to remote] DEBUG o.a.h.i.c.PoolingHttpClientConnectionManager - Connection request: [route: {}->http://localhost:4723][total kept alive: 1; route allocated: 1 of 2000; total allocated: 1 of 2000]
10:42:04.117 [Forwarding sendKeysToElement on session e9979048-770c-4b0a-8318-48798eddb49f to remote] DEBUG o.a.h.i.c.PoolingHttpClientConnectionManager - Connection leased: [id: 1][route: {}->http://localhost:4723][total kept alive: 0; route allocated: 1 of 2000; total allocated: 1 of 2000]
10:42:04.117 [Forwarding sendKeysToElement on session e9979048-770c-4b0a-8318-48798eddb49f to remote] DEBUG o.a.h.impl.execchain.MainClientExec - Stale connection check
10:42:04.118 [Forwarding sendKeysToElement on session e9979048-770c-4b0a-8318-48798eddb49f to remote] DEBUG org.apache.http.wire - http-outgoing-1 << "[read] I/O error: Read timed out"
10:42:04.118 [Forwarding sendKeysToElement on session e9979048-770c-4b0a-8318-48798eddb49f to remote] DEBUG o.a.h.i.c.DefaultManagedHttpClientConnection - http-outgoing-1: set socket timeout to 10800000
10:42:04.118 [Forwarding sendKeysToElement on session e9979048-770c-4b0a-8318-48798eddb49f to remote] DEBUG o.a.h.impl.execchain.MainClientExec - Executing request POST /wd/hub/session/e9979048-770c-4b0a-8318-48798eddb49f/element/12/value HTTP/1.1
10:42:04.118 [Forwarding sendKeysToElement on session e9979048-770c-4b0a-8318-48798eddb49f to remote] DEBUG o.a.h.impl.execchain.MainClientExec - Target auth state: UNCHALLENGED
10:42:04.118 [Forwarding sendKeysToElement on session e9979048-770c-4b0a-8318-48798eddb49f to remote] DEBUG o.a.h.impl.execchain.MainClientExec - Proxy auth state: UNCHALLENGED
10:42:04.118 [Forwarding sendKeysToElement on session e9979048-770c-4b0a-8318-48798eddb49f to remote] DEBUG org.apache.http.headers - http-outgoing-1 >> POST /wd/hub/session/e9979048-770c-4b0a-8318-48798eddb49f/element/12/value HTTP/1.1
10:42:04.118 [Forwarding sendKeysToElement on session e9979048-770c-4b0a-8318-48798eddb49f to remote] DEBUG org.apache.http.headers - http-outgoing-1 >> Content-Type: application/json; charset=utf-8
10:42:04.118 [Forwarding sendKeysToElement on session e9979048-770c-4b0a-8318-48798eddb49f to remote] DEBUG org.apache.http.headers - http-outgoing-1 >> Content-Length: 30
10:42:04.118 [Forwarding sendKeysToElement on session e9979048-770c-4b0a-8318-48798eddb49f to remote] DEBUG org.apache.http.headers - http-outgoing-1 >> Host: localhost:4723
10:42:04.118 [Forwarding sendKeysToElement on session e9979048-770c-4b0a-8318-48798eddb49f to remote] DEBUG org.apache.http.headers - http-outgoing-1 >> Connection: Keep-Alive
10:42:04.118 [Forwarding sendKeysToElement on session e9979048-770c-4b0a-8318-48798eddb49f to remote] DEBUG org.apache.http.headers - http-outgoing-1 >> User-Agent: Apache-HttpClient/4.5.2 (Java/1.8.0_121)
10:42:04.118 [Forwarding sendKeysToElement on session e9979048-770c-4b0a-8318-48798eddb49f to remote] DEBUG org.apache.http.headers - http-outgoing-1 >> Accept-Encoding: gzip,deflate
10:42:04.118 [Forwarding sendKeysToElement on session e9979048-770c-4b0a-8318-48798eddb49f to remote] DEBUG org.apache.http.wire - http-outgoing-1 >> "POST /wd/hub/session/e9979048-770c-4b0a-8318-48798eddb49f/element/12/value HTTP/1.1[\r][\n]"
10:42:04.118 [Forwarding sendKeysToElement on session e9979048-770c-4b0a-8318-48798eddb49f to remote] DEBUG org.apache.http.wire - http-outgoing-1 >> "Content-Type: application/json; charset=utf-8[\r][\n]"
10:42:04.118 [Forwarding sendKeysToElement on session e9979048-770c-4b0a-8318-48798eddb49f to remote] DEBUG org.apache.http.wire - http-outgoing-1 >> "Content-Length: 30[\r][\n]"
10:42:04.118 [Forwarding sendKeysToElement on session e9979048-770c-4b0a-8318-48798eddb49f to remote] DEBUG org.apache.http.wire - http-outgoing-1 >> "Host: localhost:4723[\r][\n]"
10:42:04.118 [Forwarding sendKeysToElement on session e9979048-770c-4b0a-8318-48798eddb49f to remote] DEBUG org.apache.http.wire - http-outgoing-1 >> "Connection: Keep-Alive[\r][\n]"
10:42:04.118 [Forwarding sendKeysToElement on session e9979048-770c-4b0a-8318-48798eddb49f to remote] DEBUG org.apache.http.wire - http-outgoing-1 >> "User-Agent: Apache-HttpClient/4.5.2 (Java/1.8.0_121)[\r][\n]"
10:42:04.118 [Forwarding sendKeysToElement on session e9979048-770c-4b0a-8318-48798eddb49f to remote] DEBUG org.apache.http.wire - http-outgoing-1 >> "Accept-Encoding: gzip,deflate[\r][\n]"
10:42:04.118 [Forwarding sendKeysToElement on session e9979048-770c-4b0a-8318-48798eddb49f to remote] DEBUG org.apache.http.wire - http-outgoing-1 >> "[\r][\n]"
10:42:04.118 [Forwarding sendKeysToElement on session e9979048-770c-4b0a-8318-48798eddb49f to remote] DEBUG org.apache.http.wire - http-outgoing-1 >> "{"id":"12","value":["Kidnap"]}"
&amp#27;[36minfo&amp#27;[39m: &amp#27;[37m-->&amp#27;[39m &amp#27;[37mPOST&amp#27;[39m &amp#27;[37m/wd/hub/session/e9979048-770c-4b0a-8318-48798eddb49f/element/12/value&amp#27;[39m &amp#27;[90m{"id":"12","value":["Kidnap"]}&amp#27;[39m
&amp#27;[36minfo&amp#27;[39m: [debug] Pushing command to appium work queue: ["element:setText",{"elementId":"12","text":"Kidnap","replace":false}]
&amp#27;[36minfo&amp#27;[39m: [debug] [BOOTSTRAP] [debug] Got data from client: {"cmd":"action","action":"element:setText","params":{"elementId":"12","text":"Kidnap","replace":false}}
&amp#27;[36minfo&amp#27;[39m: [debug] [BOOTSTRAP] [debug] Got command of type ACTION
&amp#27;[36minfo&amp#27;[39m: [debug] [BOOTSTRAP] [debug] Got command action: setText
&amp#27;[36minfo&amp#27;[39m: [debug] [BOOTSTRAP] [debug] Using element passed in.
&amp#27;[36minfo&amp#27;[39m: [debug] [BOOTSTRAP] [debug] Attempting to clear using UiObject.clearText().
&amp#27;[36minfo&amp#27;[39m: [debug] [BOOTSTRAP] [debug] Text remains after clearing, but it appears to be hint text.
&amp#27;[36minfo&amp#27;[39m: [debug] [BOOTSTRAP] [debug] Text not cleared. Assuming remainder is hint text.
&amp#27;[36minfo&amp#27;[39m: [debug] [BOOTSTRAP] [debug] Sending plain text to element: Kidnap
&amp#27;[36minfo&amp#27;[39m: [debug] [BOOTSTRAP] [debug] Returning result: {"status":0,"val10:42:09.942 [Forwarding sendKeysToElement on session e9979048-770c-4b0a-8318-48798eddb49f to remote] DEBUG org.apache.http.wire - http-outgoing-1 << "HTTP/1.1 200 OK[\r][\n]"
10:42:09.942 [Forwarding sendKeysToElement on session e9979048-770c-4b0a-8318-48798eddb49f to remote] DEBUG org.apache.http.wire - http-outgoing-1 << "X-Powered-By: Express[\r][\n]"
10:42:09.942 [Forwarding sendKeysToElement on session e9979048-770c-4b0a-8318-48798eddb49f to remote] DEBUG org.apache.http.wire - http-outgoing-1 << "Access-Control-Allow-Origin: *[\r][\n]"
10:42:09.942 [Forwarding sendKeysToElement on session e9979048-770c-4b0a-8318-48798eddb49f to remote] DEBUG org.apache.http.wire - http-outgoing-1 << "Access-Control-Allow-Methods: GET,POST,PUT,OPTIONS,DELETE[\r][\n]"
10:42:09.942 [Forwarding sendKeysToElement on session e9979048-770c-4b0a-8318-48798eddb49f to remote] DEBUG org.apache.http.wire - http-outgoing-1 << "Access-Control-Allow-Headers: origin, content-type, accept[\r][\n]"
10:42:09.942 [Forwarding sendKeysToElement on session e9979048-770c-4b0a-8318-48798eddb49f to remote] DEBUG org.apache.http.wire - http-outgoing-1 << "Vary: X-HTTP-Method-Override[\r][\n]"
10:42:09.942 [Forwarding sendKeysToElement on session e9979048-770c-4b0a-8318-48798eddb49f to remote] DEBUG org.apache.http.wire - http-outgoing-1 << "Content-Type: application/json; charset=utf-8[\r][\n]"
10:42:09.942 [Forwarding sendKeysToElement on session e9979048-770c-4b0a-8318-48798eddb49f to remote] DEBUG org.apache.http.wire - http-outgoing-1 << "Content-Length: 76[\r][\n]"
10:42:09.942 [Forwarding sendKeysToElement on session e9979048-770c-4b0a-8318-48798eddb49f to remote] DEBUG org.apache.http.wire - http-outgoing-1 << "Date: Mon, 02 Dec 2019 05:12:09 GMT[\r][\n]"
10:42:09.942 [Forwarding sendKeysToElement on session e9979048-770c-4b0a-8318-48798eddb49f to remote] DEBUG org.apache.http.wire - http-outgoing-1 << "Connection: keep-alive[\r][\n]"
10:42:09.942 [Forwarding sendKeysToElement on session e9979048-770c-4b0a-8318-48798eddb49f to remote] DEBUG org.apache.http.wire - http-outgoing-1 << "[\r][\n]"
10:42:09.942 [Forwarding sendKeysToElement on session e9979048-770c-4b0a-8318-48798eddb49f to remote] DEBUG org.apache.http.wire - http-outgoing-1 << "{"status":0,"value":true,"sessionId":"e9979048-770c-4b0a-8318-48798eddb49f"}"
ue":true}
&amp#27;[36minfo&amp#27;[39m: [debug] Responding to client with success: {"status":0,"value":true,"sessionId":"e9979048-770c-4b0a-8318-48798eddb49f"}
&amp#27;[36minfo&amp#27;[39m: &amp#27;[37m<-- POST /wd/hub/session/e9979048-770c-4b0a-8318-48798eddb49f/element/12/value &amp#27;[39m&amp#27;[32m200&amp#27;[39m&amp#27;[90m 5822.210 ms - 76&amp#27;[39m &amp#27;[90m{"status":0,"value":true,"sessionId":"e9979048-770c-4b0a-8318-48798eddb49f"}&amp#27;[39m
10:42:09.942 [Forwarding sendKeysToElement on session e9979048-770c-4b0a-8318-48798eddb49f to remote] DEBUG org.apache.http.headers - http-outgoing-1 << HTTP/1.1 200 OK
10:42:09.947 [Forwarding sendKeysToElement on session e9979048-770c-4b0a-8318-48798eddb49f to remote] DEBUG org.apache.http.headers - http-outgoing-1 << X-Powered-By: Express
10:42:09.947 [Forwarding sendKeysToElement on session e9979048-770c-4b0a-8318-48798eddb49f to remote] DEBUG org.apache.http.headers - http-outgoing-1 << Access-Control-Allow-Origin: *
10:42:09.947 [Forwarding sendKeysToElement on session e9979048-770c-4b0a-8318-48798eddb49f to remote] DEBUG org.apache.http.headers - http-outgoing-1 << Access-Control-Allow-Methods: GET,POST,PUT,OPTIONS,DELETE
10:42:09.947 [Forwarding sendKeysToElement on session e9979048-770c-4b0a-8318-48798eddb49f to remote] DEBUG org.apache.http.headers - http-outgoing-1 << Access-Control-Allow-Headers: origin, content-type, accept
10:42:09.947 [Forwarding sendKeysToElement on session e9979048-770c-4b0a-8318-48798eddb49f to remote] DEBUG org.apache.http.headers - http-outgoing-1 << Vary: X-HTTP-Method-Override
10:42:09.947 [Forwarding sendKeysToElement on session e9979048-770c-4b0a-8318-48798eddb49f to remote] DEBUG org.apache.http.headers - http-outgoing-1 << Content-Type: application/json; charset=utf-8
10:42:09.947 [Forwarding sendKeysToElement on session e9979048-770c-4b0a-8318-48798eddb49f to remote] DEBUG org.apache.http.headers - http-outgoing-1 << Content-Length: 76
10:42:09.947 [Forwarding sendKeysToElement on session e9979048-770c-4b0a-8318-48798eddb49f to remote] DEBUG org.apache.http.headers - http-outgoing-1 << Date: Mon, 02 Dec 2019 05:12:09 GMT
10:42:09.947 [Forwarding sendKeysToElement on session e9979048-770c-4b0a-8318-48798eddb49f to remote] DEBUG org.apache.http.headers - http-outgoing-1 << Connection: keep-alive
10:42:09.947 [Forwarding sendKeysToElement on session e9979048-770c-4b0a-8318-48798eddb49f to remote] DEBUG o.a.h.impl.execchain.MainClientExec - Connection can be kept alive indefinitely
10:42:09.947 [Forwarding sendKeysToElement on session e9979048-770c-4b0a-8318-48798eddb49f to remote] DEBUG o.a.h.i.c.PoolingHttpClientConnectionManager - Connection [id: 1][route: {}->http://localhost:4723] can be kept alive indefinitely
10:42:09.947 [Forwarding sendKeysToElement on session e9979048-770c-4b0a-8318-48798eddb49f to remote] DEBUG o.a.h.i.c.PoolingHttpClientConnectionManager - Connection released: [id: 1][route: {}->http://localhost:4723][total kept alive: 1; route allocated: 1 of 2000; total allocated: 1 of 2000]
10:42:09.949 [Forwarding hideKeyboard on session e9979048-770c-4b0a-8318-48798eddb49f to remote] DEBUG o.a.h.c.protocol.RequestAddCookies - CookieSpec selected: default
10:42:09.949 [Forwarding hideKeyboard on session e9979048-770c-4b0a-8318-48798eddb49f to remote] DEBUG o.a.h.c.protocol.RequestAuthCache - Auth cache not set in the context
10:42:09.949 [Forwarding hideKeyboard on session e9979048-770c-4b0a-8318-48798eddb49f to remote] DEBUG o.a.h.i.c.PoolingHttpClientConnectionManager - Connection request: [route: {}->http://localhost:4723][total kept alive: 1; route allocated: 1 of 2000; total allocated: 1 of 2000]
10:42:09.949 [Forwarding hideKeyboard on session e9979048-770c-4b0a-8318-48798eddb49f to remote] DEBUG o.a.h.i.c.PoolingHttpClientConnectionManager - Connection leased: [id: 1][route: {}->http://localhost:4723][total kept alive: 0; route allocated: 1 of 2000; total allocated: 1 of 2000]
10:42:09.949 [Forwarding hideKeyboard on session e9979048-770c-4b0a-8318-48798eddb49f to remote] DEBUG o.a.h.impl.execchain.MainClientExec - Stale connection check
10:42:09.950 [Forwarding hideKeyboard on session e9979048-770c-4b0a-8318-48798eddb49f to remote] DEBUG org.apache.http.wire - http-outgoing-1 << "[read] I/O error: Read timed out"
10:42:09.950 [Forwarding hideKeyboard on session e9979048-770c-4b0a-8318-48798eddb49f to remote] DEBUG o.a.h.i.c.DefaultManagedHttpClientConnection - http-outgoing-1: set socket timeout to 10800000
10:42:09.950 [Forwarding hideKeyboard on session e9979048-770c-4b0a-8318-48798eddb49f to remote] DEBUG o.a.h.impl.execchain.MainClientExec - Executing request POST /wd/hub/session/e9979048-770c-4b0a-8318-48798eddb49f/appium/device/hide_keyboard HTTP/1.1
10:42:09.950 [Forwarding hideKeyboard on session e9979048-770c-4b0a-8318-48798eddb49f to remote] DEBUG o.a.h.impl.execchain.MainClientExec - Target auth state: UNCHALLENGED
10:42:09.950 [Forwarding hideKeyboard on session e9979048-770c-4b0a-8318-48798eddb49f to remote] DEBUG o.a.h.impl.execchain.MainClientExec - Proxy auth state: UNCHALLENGED
10:42:09.950 [Forwarding hideKeyboard on session e9979048-770c-4b0a-8318-48798eddb49f to remote] DEBUG org.apache.http.headers - http-outgoing-1 >> POST /wd/hub/session/e9979048-770c-4b0a-8318-48798eddb49f/appium/device/hide_keyboard HTTP/1.1
10:42:09.950 [Forwarding hideKeyboard on session e9979048-770c-4b0a-8318-48798eddb49f to remote] DEBUG org.apache.http.headers - http-outgoing-1 >> Content-Type: application/json; charset=utf-8
10:42:09.950 [Forwarding hideKeyboard on session e9979048-770c-4b0a-8318-48798eddb49f to remote] DEBUG org.apache.http.headers - http-outgoing-1 >> Content-Length: 2
10:42:09.950 [Forwarding hideKeyboard on session e9979048-770c-4b0a-8318-48798eddb49f to remote] DEBUG org.apache.http.headers - http-outgoing-1 >> Host: localhost:4723
10:42:09.950 [Forwarding hideKeyboard on session e9979048-770c-4b0a-8318-48798eddb49f to remote] DEBUG org.apache.http.headers - http-outgoing-1 >> Connection: Keep-Alive
10:42:09.950 [Forwarding hideKeyboard on session e9979048-770c-4b0a-8318-48798eddb49f to remote] DEBUG org.apache.http.headers - http-outgoing-1 >> User-Agent: Apache-HttpClient/4.5.2 (Java/1.8.0_121)
10:42:09.950 [Forwarding hideKeyboard on session e9979048-770c-4b0a-8318-48798eddb49f to remote] DEBUG org.apache.http.headers - http-outgoing-1 >> Accept-Encoding: gzip,deflate
10:42:09.950 [Forwarding hideKeyboard on session e9979048-770c-4b0a-8318-48798eddb49f to remote] DEBUG org.apache.http.wire - http-outgoing-1 >> "POST /wd/hub/session/e9979048-770c-4b0a-8318-48798eddb49f/appium/device/hide_keyboard HTTP/1.1[\r][\n]"
10:42:09.950 [Forwarding hideKeyboard on session e9979048-770c-4b0a-8318-48798eddb49f to remote] DEBUG org.apache.http.wire - http-outgoing-1 >> "Content-Type: application/json; charset=utf-8[\r][\n]"
10:42:09.950 [Forwarding hideKeyboard on session e9979048-770c-4b0a-8318-48798eddb49f to remote] DEBUG org.apache.http.wire - http-outgoing-1 >> "Content-Length: 2[\r][\n]"
10:42:09.950 [Forwarding hideKeyboard on session e9979048-770c-4b0a-8318-48798eddb49f to remote] DEBUG org.apache.http.wire - http-outgoing-1 >> "Host: localhost:4723[\r][\n]"
10:42:09.950 [Forwarding hideKeyboard on session e9979048-770c-4b0a-8318-48798eddb49f to remote] DEBUG org.apache.http.wire - http-outgoing-1 >> "Connection: Keep-Alive[\r][\n]"
10:42:09.950 [Forwarding hideKeyboard on session e9979048-770c-4b0a-8318-48798eddb49f to remote] DEBUG org.apache.http.wire - http-outgoing-1 >> "User-Agent: Apache-HttpClient/4.5.2 (Java/1.8.0_121)[\r][\n]"
10:42:09.950 [Forwarding hideKeyboard on session e9979048-770c-4b0a-8318-48798eddb49f to remote] DEBUG org.apache.http.wire - http-outgoing-1 >> "Accept-Encoding: gzip,deflate[\r][\n]"
10:42:09.950 [Forwarding hideKeyboard on session e9979048-770c-4b0a-8318-48798eddb49f to remote] DEBUG org.apache.http.wire - http-outgoing-1 >> "[\r][\n]"
10:42:09.950 [Forwarding hideKeyboard on session e9979048-770c-4b0a-8318-48798eddb49f to remote] DEBUG org.apache.http.wire - http-outgoing-1 >> "{}"
&amp#27;[36minfo&amp#27;[39m: &amp#27;[37m-->&amp#27;[39m &amp#27;[37mPOST&amp#27;[39m &amp#27;[37m/wd/hub/session/e9979048-770c-4b0a-8318-48798eddb49f/appium/device/hide_keyboard&amp#27;[39m &amp#27;[90m{}&amp#27;[39m
&amp#27;[36minfo&amp#27;[39m: [debug] executing cmd: E:\Android_Sdk\platform-tools\adb.exe -s 330030d996c89347 shell "dumpsys input_method"
&amp#27;[36minfo&amp#27;[39m: [debug] Pushing command to appium work queue: ["pressBack"]
&amp#27;[36minfo&amp#27;[39m: [debug] [BOOTSTRAP] [debug] Got data from client: {"cmd":"action","action":"pressBack","params":{}}
&amp#27;[36minfo&amp#27;[39m: [debug] [BOOTSTRAP] [debug] Got command of type ACTION
&amp#27;[36minfo&amp#27;[39m: [debug] [BOOTSTRAP] [debug] Got command action: pressBack
&amp#27;[36minfo&amp#27;[39m: [debug] [BOOTSTRAP] [debug] Returning result: {"status":0,"value":true}
&amp#27;[36minfo&amp#27;[39m: [debug] Responding to client with success: {"status":0,"value":true,"sessionId":"e9979048-770c-4b0a-8318-48798eddb49f"}
&amp#27;[36minfo&amp#27;[39m: &amp#27;[37m<-- POST /wd/hub/session/e9979048-770c-4b0a-8318-48798eddb49f/appium/device/hide_keyboard &amp#27;[39m&amp#27;[32m200&amp#27;[39m&amp#27;[90m 588.625 ms - 76&amp#27;[39m &amp#27;[90m{"status":0,"value":true,"sessionId":"e9979048-770c-4b0a-8318-48798eddb49f"}&amp#27;[39m
10:42:10.540 [Forwarding hideKeyboard on session e9979048-770c-4b0a-8318-48798eddb49f to remote] DEBUG org.apache.http.wire - http-outgoing-1 << "HTTP/1.1 200 OK[\r][\n]"
10:42:10.544 [Forwarding hideKeyboard on session e9979048-770c-4b0a-8318-48798eddb49f to remote] DEBUG org.apache.http.wire - http-outgoing-1 << "X-Powered-By: Express[\r][\n]"
10:42:10.544 [Forwarding hideKeyboard on session e9979048-770c-4b0a-8318-48798eddb49f to remote] DEBUG org.apache.http.wire - http-outgoing-1 << "Access-Control-Allow-Origin: *[\r][\n]"
10:42:10.544 [Forwarding hideKeyboard on session e9979048-770c-4b0a-8318-48798eddb49f to remote] DEBUG org.apache.http.wire - http-outgoing-1 << "Access-Control-Allow-Methods: GET,POST,PUT,OPTIONS,DELETE[\r][\n]"
10:42:10.544 [Forwarding hideKeyboard on session e9979048-770c-4b0a-8318-48798eddb49f to remote] DEBUG org.apache.http.wire - http-outgoing-1 << "Access-Control-Allow-Headers: origin, content-type, accept[\r][\n]"
10:42:10.544 [Forwarding hideKeyboard on session e9979048-770c-4b0a-8318-48798eddb49f to remote] DEBUG org.apache.http.wire - http-outgoing-1 << "Vary: X-HTTP-Method-Override[\r][\n]"
10:42:10.544 [Forwarding hideKeyboard on session e9979048-770c-4b0a-8318-48798eddb49f to remote] DEBUG org.apache.http.wire - http-outgoing-1 << "Content-Type: application/json; charset=utf-8[\r][\n]"
10:42:10.544 [Forwarding hideKeyboard on session e9979048-770c-4b0a-8318-48798eddb49f to remote] DEBUG org.apache.http.wire - http-outgoing-1 << "Content-Length: 76[\r][\n]"
10:42:10.544 [Forwarding hideKeyboard on session e9979048-770c-4b0a-8318-48798eddb49f to remote] DEBUG org.apache.http.wire - http-outgoing-1 << "Date: Mon, 02 Dec 2019 05:12:10 GMT[\r][\n]"
10:42:10.544 [Forwarding hideKeyboard on session e9979048-770c-4b0a-8318-48798eddb49f to remote] DEBUG org.apache.http.wire - http-outgoing-1 << "Connection: keep-alive[\r][\n]"
10:42:10.544 [Forwarding hideKeyboard on session e9979048-770c-4b0a-8318-48798eddb49f to remote] DEBUG org.apache.http.wire - http-outgoing-1 << "[\r][\n]"
10:42:10.544 [Forwarding hideKeyboard on session e9979048-770c-4b0a-8318-48798eddb49f to remote] DEBUG org.apache.http.wire - http-outgoing-1 << "{"status":0,"value":true,"sessionId":"e9979048-770c-4b0a-8318-48798eddb49f"}"
10:42:10.545 [Forwarding hideKeyboard on session e9979048-770c-4b0a-8318-48798eddb49f to remote] DEBUG org.apache.http.headers - http-outgoing-1 << HTTP/1.1 200 OK
10:42:10.545 [Forwarding hideKeyboard on session e9979048-770c-4b0a-8318-48798eddb49f to remote] DEBUG org.apache.http.headers - http-outgoing-1 << X-Powered-By: Express
10:42:10.545 [Forwarding hideKeyboard on session e9979048-770c-4b0a-8318-48798eddb49f to remote] DEBUG org.apache.http.headers - http-outgoing-1 << Access-Control-Allow-Origin: *
10:42:10.545 [Forwarding hideKeyboard on session e9979048-770c-4b0a-8318-48798eddb49f to remote] DEBUG org.apache.http.headers - http-outgoing-1 << Access-Control-Allow-Methods: GET,POST,PUT,OPTIONS,DELETE
10:42:10.545 [Forwarding hideKeyboard on session e9979048-770c-4b0a-8318-48798eddb49f to remote] DEBUG org.apache.http.headers - http-outgoing-1 << Access-Control-Allow-Headers: origin, content-type, accept
10:42:10.545 [Forwarding hideKeyboard on session e9979048-770c-4b0a-8318-48798eddb49f to remote] DEBUG org.apache.http.headers - http-outgoing-1 << Vary: X-HTTP-Method-Override
10:42:10.545 [Forwarding hideKeyboard on session e9979048-770c-4b0a-8318-48798eddb49f to remote] DEBUG org.apache.http.headers - http-outgoing-1 << Content-Type: application/json; charset=utf-8
10:42:10.545 [Forwarding hideKeyboard on session e9979048-770c-4b0a-8318-48798eddb49f to remote] DEBUG org.apache.http.headers - http-outgoing-1 << Content-Length: 76
10:42:10.545 [Forwarding hideKeyboard on session e9979048-770c-4b0a-8318-48798eddb49f to remote] DEBUG org.apache.http.headers - http-outgoing-1 << Date: Mon, 02 Dec 2019 05:12:10 GMT
10:42:10.545 [Forwarding hideKeyboard on session e9979048-770c-4b0a-8318-48798eddb49f to remote] DEBUG org.apache.http.headers - http-outgoing-1 << Connection: keep-alive
10:42:10.545 [Forwarding hideKeyboard on session e9979048-770c-4b0a-8318-48798eddb49f to remote] DEBUG o.a.h.impl.execchain.MainClientExec - Connection can be kept alive indefinitely
10:42:10.545 [Forwarding hideKeyboard on session e9979048-770c-4b0a-8318-48798eddb49f to remote] DEBUG o.a.h.i.c.PoolingHttpClientConnectionManager - Connection [id: 1][route: {}->http://localhost:4723] can be kept alive indefinitely
10:42:10.545 [Forwarding hideKeyboard on session e9979048-770c-4b0a-8318-48798eddb49f to remote] DEBUG o.a.h.i.c.PoolingHttpClientConnectionManager - Connection released: [id: 1][route: {}->http://localhost:4723][total kept alive: 1; route allocated: 1 of 2000; total allocated: 1 of 2000]
10:42:20.547 [Forwarding findElements on session e9979048-770c-4b0a-8318-48798eddb49f to remote] DEBUG o.a.h.c.protocol.RequestAddCookies - CookieSpec selected: default
10:42:20.547 [Forwarding findElements on session e9979048-770c-4b0a-8318-48798eddb49f to remote] DEBUG o.a.h.c.protocol.RequestAuthCache - Auth cache not set in the context
10:42:20.547 [Forwarding findElements on session e9979048-770c-4b0a-8318-48798eddb49f to remote] DEBUG o.a.h.i.c.PoolingHttpClientConnectionManager - Connection request: [route: {}->http://localhost:4723][total kept alive: 1; route allocated: 1 of 2000; total allocated: 1 of 2000]
10:42:20.548 [Forwarding findElements on session e9979048-770c-4b0a-8318-48798eddb49f to remote] DEBUG org.apache.http.wire - http-outgoing-1 << "[read] I/O error: Read timed out"
10:42:20.548 [Forwarding findElements on session e9979048-770c-4b0a-8318-48798eddb49f to remote] DEBUG o.a.h.i.c.PoolingHttpClientConnectionManager - Connection leased: [id: 1][route: {}->http://localhost:4723][total kept alive: 0; route allocated: 1 of 2000; total allocated: 1 of 2000]
10:42:20.548 [Forwarding findElements on session e9979048-770c-4b0a-8318-48798eddb49f to remote] DEBUG o.a.h.impl.execchain.MainClientExec - Stale connection check
10:42:20.549 [Forwarding findElements on session e9979048-770c-4b0a-8318-48798eddb49f to remote] DEBUG org.apache.http.wire - http-outgoing-1 << "[read] I/O error: Read timed out"
10:42:20.549 [Forwarding findElements on session e9979048-770c-4b0a-8318-48798eddb49f to remote] DEBUG o.a.h.i.c.DefaultManagedHttpClientConnection - http-outgoing-1: set socket timeout to 10800000
10:42:20.549 [Forwarding findElements on session e9979048-770c-4b0a-8318-48798eddb49f to remote] DEBUG o.a.h.impl.execchain.MainClientExec - Executing request POST /wd/hub/session/e9979048-770c-4b0a-8318-48798eddb49f/elements HTTP/1.1
10:42:20.549 [Forwarding findElements on session e9979048-770c-4b0a-8318-48798eddb49f to remote] DEBUG o.a.h.impl.execchain.MainClientExec - Target auth state: UNCHALLENGED
10:42:20.549 [Forwarding findElements on session e9979048-770c-4b0a-8318-48798eddb49f to remote] DEBUG o.a.h.impl.execchain.MainClientExec - Proxy auth state: UNCHALLENGED
10:42:20.550 [Forwarding findElements on session e9979048-770c-4b0a-8318-48798eddb49f to remote] DEBUG org.apache.http.headers - http-outgoing-1 >> POST /wd/hub/session/e9979048-770c-4b0a-8318-48798eddb49f/elements HTTP/1.1
10:42:20.550 [Forwarding findElements on session e9979048-770c-4b0a-8318-48798eddb49f to remote] DEBUG org.apache.http.headers - http-outgoing-1 >> Content-Type: application/json; charset=utf-8
10:42:20.550 [Forwarding findElements on session e9979048-770c-4b0a-8318-48798eddb49f to remote] DEBUG org.apache.http.headers - http-outgoing-1 >> Content-Length: 64
10:42:20.550 [Forwarding findElements on session e9979048-770c-4b0a-8318-48798eddb49f to remote] DEBUG org.apache.http.headers - http-outgoing-1 >> Host: localhost:4723
10:42:20.550 [Forwarding findElements on session e9979048-770c-4b0a-8318-48798eddb49f to remote] DEBUG org.apache.http.headers - http-outgoing-1 >> Connection: Keep-Alive
10:42:20.550 [Forwarding findElements on session e9979048-770c-4b0a-8318-48798eddb49f to remote] DEBUG org.apache.http.headers - http-outgoing-1 >> User-Agent: Apache-HttpClient/4.5.2 (Java/1.8.0_121)
10:42:20.550 [Forwarding findElements on session e9979048-770c-4b0a-8318-48798eddb49f to remote] DEBUG org.apache.http.headers - http-outgoing-1 >> Accept-Encoding: gzip,deflate
10:42:20.550 [Forwarding findElements on session e9979048-770c-4b0a-8318-48798eddb49f to remote] DEBUG org.apache.http.wire - http-outgoing-1 >> "POST /wd/hub/session/e9979048-770c-4b0a-8318-48798eddb49f/elements HTTP/1.1[\r][\n]"
10:42:20.550 [Forwarding findElements on session e9979048-770c-4b0a-8318-48798eddb49f to remote] DEBUG org.apache.http.wire - http-outgoing-1 >> "Content-Type: application/json; charset=utf-8[\r][\n]"
10:42:20.550 [Forwarding findElements on session e9979048-770c-4b0a-8318-48798eddb49f to remote] DEBUG org.apache.http.wire - http-outgoing-1 >> "Content-Length: 64[\r][\n]"
10:42:20.550 [Forwarding findElements on session e9979048-770c-4b0a-8318-48798eddb49f to remote] DEBUG org.apache.http.wire - http-outgoing-1 >> "Host: localhost:4723[\r][\n]"
10:42:20.550 [Forwarding findElements on session e9979048-770c-4b0a-8318-48798eddb49f to remote] DEBUG org.apache.http.wire - http-outgoing-1 >> "Connection: Keep-Alive[\r][\n]"
10:42:20.550 [Forwarding findElements on session e9979048-770c-4b0a-8318-48798eddb49f to remote] DEBUG org.apache.http.wire - http-outgoing-1 >> "User-Agent: Apache-HttpClient/4.5.2 (Java/1.8.0_121)[\r][\n]"
10:42:20.551 [Forwarding findElements on session e9979048-770c-4b0a-8318-48798eddb49f to remote] DEBUG org.apache.http.wire - http-outgoing-1 >> "Accept-Encoding: gzip,deflate[\r][\n]"
10:42:20.551 [Forwarding findElements on session e9979048-770c-4b0a-8318-48798eddb49f to remote] DEBUG org.apache.http.wire - http-outgoing-1 >> "[\r][\n]"
10:42:20.551 [Forwarding findElements on session e9979048-770c-4b0a-8318-48798eddb49f to remote] DEBUG org.apache.http.wire - http-outgoing-1 >> "{"using":"id","value":"tv.hooq.android:id/matchedTitlesSection"}"
&amp#27;[36minfo&amp#27;[39m: &amp#27;[37m-->&amp#27;[39m &amp#27;[37mPOST&amp#27;[39m &amp#27;[37m/wd/hub/session/e9979048-770c-4b0a-8318-48798eddb49f/elements&amp#27;[39m &amp#27;[90m{"using":"id","value":"tv.hooq.android:id/matchedTitlesSection"}&amp#27;[39m
&amp#27;[36minfo&amp#27;[39m: [debug] Waiting up to 0ms for condition
&amp#27;[36minfo&amp#27;[39m: [debug] Pushing command to appium work queue: ["find",{"strategy":"id","selector":"tv.hooq.android:id/matchedTitlesSection","context":"","multiple":true}]
&amp#27;[36minfo&amp#27;[39m: [debug] [BOOTSTRAP] [debug] Got data from client: {"cmd":"action","action":"find","params":{"strategy":"id","selector":"tv.hooq.android:id/matchedTitlesSection","context":"","multiple":true}}
&amp#27;[36minfo&amp#27;[39m: [debug] [BOOTSTRAP] [debug] Got command of type ACTION
&amp#27;[36minfo&amp#27;[39m: [debug] [BOOTSTRAP] [debug] Got command action: find
&amp#27;[36minfo&amp#27;[39m: [debug] [BOOTSTRAP] [debug] Finding tv.hooq.android:id/matchedTitlesSection using ID with the contextId:  multiple: true
&amp#27;[36minfo&amp#27;[39m: [debug] [BOOTSTRAP] [debug] Using: UiSelector[RESOURCE_ID=tv.hooq.android:id/matchedTitlesSection]
&amp#27;[36minfo&amp#27;[39m: [debug] [BOOTSTRAP] [debug] getElements selector:UiSelector[RESOURCE_ID=tv.hooq.android:id/matchedTitlesSection]
&amp#27;[36minfo&amp#27;[39m: [debug] [BOOTSTRAP] [debug] Element[] is null: (0)
&amp#27;[36minfo&amp#27;[39m: [debug] [BOOTSTRAP] [debug] getElements tmp selector:UiSelector[INSTANCE=0, RESOURCE_ID=tv.hooq.android:id/matchedTitlesSection]
&amp#27;[36minfo&amp#27;[39m: [debug] [BOOTSTRAP] [debug] Failed to locate element. Clearing Accessibility cache and retrying.
&amp#27;[36minfo&amp#27;[39m: [debug] [BOOTSTRAP] [debug] Finding tv.hooq.android:id/matchedTitlesSection using ID with the contextId:  multiple: true
&amp#27;[36minfo&amp#27;[39m: [debug] [BOOTSTRAP] [debug] Using: UiSelector[RESOURCE_ID=tv.hooq.android:id/matchedTitlesSection]
&amp#27;[36minfo&amp#27;[39m: [debug] [BOOTSTRAP] [debug] getElements selector:UiSelector[RESOURCE_ID=tv.hooq.android:id/matchedTitlesSection]
&amp#27;[36minfo&amp#27;[39m: [debug] [BOOTSTRAP] [debug] Element[] is null: (0)
&amp#27;[36minfo&amp#27;[39m: [debug] [BOOTSTRAP] [debug] getElements tmp selector:UiSelector[INSTANCE=0, RESOURCE_ID=tv.hooq.android:id/matchedTitlesSection]
&amp#27;[36minfo&amp#27;[39m: [debug] [BOOTSTRAP] [debug] Returning result: {"status":0,"value":[]}
&amp#27;[36minfo&amp#27;[39m: [debug] Condition unmet after 276ms. Timing out.
&amp#27;[36minfo&amp#27;[39m: [debug] Responding to client with success: {"status":0,"value":[],"sessionId":"e9979048-770c-4b0a-8318-48798eddb49f"}
&amp#27;[36minfo&amp#27;[39m: &amp#27;[37m<-- POST /wd/hub/session/e9979048-770c-4b0a-8318-48798eddb49f/elements &amp#27;[39m&amp#27;[32m200&amp#27;[39m&amp#27;[90m 277.301 ms - 74&amp#27;[39m &amp#27;[90m{"status":0,"value":[],"sessionId":"e9979048-770c-4b0a-8318-48798eddb49f"}&amp#27;[39m
10:42:20.829 [Forwarding findElements on session e9979048-770c-4b0a-8318-48798eddb49f to remote] DEBUG org.apache.http.wire - http-outgoing-1 << "HTTP/1.1 200 OK[\r][\n]"
10:42:20.830 [Forwarding findElements on session e9979048-770c-4b0a-8318-48798eddb49f to remote] DEBUG org.apache.http.wire - http-outgoing-1 << "X-Powered-By: Express[\r][\n]"
10:42:20.830 [Forwarding findElements on session e9979048-770c-4b0a-8318-48798eddb49f to remote] DEBUG org.apache.http.wire - http-outgoing-1 << "Access-Control-Allow-Origin: *[\r][\n]"
10:42:20.830 [Forwarding findElements on session e9979048-770c-4b0a-8318-48798eddb49f to remote] DEBUG org.apache.http.wire - http-outgoing-1 << "Access-Control-Allow-Methods: GET,POST,PUT,OPTIONS,DELETE[\r][\n]"
10:42:20.830 [Forwarding findElements on session e9979048-770c-4b0a-8318-48798eddb49f to remote] DEBUG org.apache.http.wire - http-outgoing-1 << "Access-Control-Allow-Headers: origin, content-type, accept[\r][\n]"
10:42:20.830 [Forwarding findElements on session e9979048-770c-4b0a-8318-48798eddb49f to remote] DEBUG org.apache.http.wire - http-outgoing-1 << "Vary: X-HTTP-Method-Override[\r][\n]"
10:42:20.830 [Forwarding findElements on session e9979048-770c-4b0a-8318-48798eddb49f to remote] DEBUG org.apache.http.wire - http-outgoing-1 << "Content-Type: application/json; charset=utf-8[\r][\n]"
10:42:20.830 [Forwarding findElements on session e9979048-770c-4b0a-8318-48798eddb49f to remote] DEBUG org.apache.http.wire - http-outgoing-1 << "Content-Length: 74[\r][\n]"
10:42:20.830 [Forwarding findElements on session e9979048-770c-4b0a-8318-48798eddb49f to remote] DEBUG org.apache.http.wire - http-outgoing-1 << "Date: Mon, 02 Dec 2019 05:12:20 GMT[\r][\n]"
10:42:20.830 [Forwarding findElements on session e9979048-770c-4b0a-8318-48798eddb49f to remote] DEBUG org.apache.http.wire - http-outgoing-1 << "Connection: keep-alive[\r][\n]"
10:42:20.830 [Forwarding findElements on session e9979048-770c-4b0a-8318-48798eddb49f to remote] DEBUG org.apache.http.wire - http-outgoing-1 << "[\r][\n]"
10:42:20.830 [Forwarding findElements on session e9979048-770c-4b0a-8318-48798eddb49f to remote] DEBUG org.apache.http.wire - http-outgoing-1 << "{"status":0,"value":[],"sessionId":"e9979048-770c-4b0a-8318-48798eddb49f"}"
10:42:20.830 [Forwarding findElements on session e9979048-770c-4b0a-8318-48798eddb49f to remote] DEBUG org.apache.http.headers - http-outgoing-1 << HTTP/1.1 200 OK
10:42:20.830 [Forwarding findElements on session e9979048-770c-4b0a-8318-48798eddb49f to remote] DEBUG org.apache.http.headers - http-outgoing-1 << X-Powered-By: Express
10:42:20.830 [Forwarding findElements on session e9979048-770c-4b0a-8318-48798eddb49f to remote] DEBUG org.apache.http.headers - http-outgoing-1 << Access-Control-Allow-Origin: *
10:42:20.830 [Forwarding findElements on session e9979048-770c-4b0a-8318-48798eddb49f to remote] DEBUG org.apache.http.headers - http-outgoing-1 << Access-Control-Allow-Methods: GET,POST,PUT,OPTIONS,DELETE
10:42:20.830 [Forwarding findElements on session e9979048-770c-4b0a-8318-48798eddb49f to remote] DEBUG org.apache.http.headers - http-outgoing-1 << Access-Control-Allow-Headers: origin, content-type, accept
10:42:20.830 [Forwarding findElements on session e9979048-770c-4b0a-8318-48798eddb49f to remote] DEBUG org.apache.http.headers - http-outgoing-1 << Vary: X-HTTP-Method-Override
10:42:20.830 [Forwarding findElements on session e9979048-770c-4b0a-8318-48798eddb49f to remote] DEBUG org.apache.http.headers - http-outgoing-1 << Content-Type: application/json; charset=utf-8
10:42:20.830 [Forwarding findElements on session e9979048-770c-4b0a-8318-48798eddb49f to remote] DEBUG org.apache.http.headers - http-outgoing-1 << Content-Length: 74
10:42:20.830 [Forwarding findElements on session e9979048-770c-4b0a-8318-48798eddb49f to remote] DEBUG org.apache.http.headers - http-outgoing-1 << Date: Mon, 02 Dec 2019 05:12:20 GMT
10:42:20.830 [Forwarding findElements on session e9979048-770c-4b0a-8318-48798eddb49f to remote] DEBUG org.apache.http.headers - http-outgoing-1 << Connection: keep-alive
10:42:20.830 [Forwarding findElements on session e9979048-770c-4b0a-8318-48798eddb49f to remote] DEBUG o.a.h.impl.execchain.MainClientExec - Connection can be kept alive indefinitely
10:42:20.831 [Forwarding findElements on session e9979048-770c-4b0a-8318-48798eddb49f to remote] DEBUG o.a.h.i.c.PoolingHttpClientConnectionManager - Connection [id: 1][route: {}->http://localhost:4723] can be kept alive indefinitely
10:42:20.831 [Forwarding findElements on session e9979048-770c-4b0a-8318-48798eddb49f to remote] DEBUG o.a.h.i.c.PoolingHttpClientConnectionManager - Connection released: [id: 1][route: {}->http://localhost:4723][total kept alive: 1; route allocated: 1 of 2000; total allocated: 1 of 2000]
10:42:20.881 [Forwarding findElements on session e9979048-770c-4b0a-8318-48798eddb49f to remote] DEBUG o.a.h.c.protocol.RequestAddCookies - CookieSpec selected: default
10:42:20.881 [Forwarding findElements on session e9979048-770c-4b0a-8318-48798eddb49f to remote] DEBUG o.a.h.c.protocol.RequestAuthCache - Auth cache not set in the context
10:42:20.881 [Forwarding findElements on session e9979048-770c-4b0a-8318-48798eddb49f to remote] DEBUG o.a.h.i.c.PoolingHttpClientConnectionManager - Connection request: [route: {}->http://localhost:4723][total kept alive: 1; route allocated: 1 of 2000; total allocated: 1 of 2000]
10:42:20.881 [Forwarding findElements on session e9979048-770c-4b0a-8318-48798eddb49f to remote] DEBUG o.a.h.i.c.PoolingHttpClientConnectionManager - Connection leased: [id: 1][route: {}->http://localhost:4723][total kept alive: 0; route allocated: 1 of 2000; total allocated: 1 of 2000]
10:42:20.881 [Forwarding findElements on session e9979048-770c-4b0a-8318-48798eddb49f to remote] DEBUG o.a.h.impl.execchain.MainClientExec - Stale connection check
10:42:20.882 [Forwarding findElements on session e9979048-770c-4b0a-8318-48798eddb49f to remote] DEBUG org.apache.http.wire - http-outgoing-1 << "[read] I/O error: Read timed out"
10:42:20.882 [Forwarding findElements on session e9979048-770c-4b0a-8318-48798eddb49f to remote] DEBUG o.a.h.i.c.DefaultManagedHttpClientConnection - http-outgoing-1: set socket timeout to 10800000
10:42:20.882 [Forwarding findElements on session e9979048-770c-4b0a-8318-48798eddb49f to remote] DEBUG o.a.h.impl.execchain.MainClientExec - Executing request POST /wd/hub/session/e9979048-770c-4b0a-8318-48798eddb49f/elements HTTP/1.1
10:42:20.882 [Forwarding findElements on session e9979048-770c-4b0a-8318-48798eddb49f to remote] DEBUG o.a.h.impl.execchain.MainClientExec - Target auth state: UNCHALLENGED
10:42:20.882 [Forwarding findElements on session e9979048-770c-4b0a-8318-48798eddb49f to remote] DEBUG o.a.h.impl.execchain.MainClientExec - Proxy auth state: UNCHALLENGED
10:42:20.882 [Forwarding findElements on session e9979048-770c-4b0a-8318-48798eddb49f to remote] DEBUG org.apache.http.headers - http-outgoing-1 >> POST /wd/hub/session/e9979048-770c-4b0a-8318-48798eddb49f/elements HTTP/1.1
10:42:20.882 [Forwarding findElements on session e9979048-770c-4b0a-8318-48798eddb49f to remote] DEBUG org.apache.http.headers - http-outgoing-1 >> Content-Type: application/json; charset=utf-8
10:42:20.882 [Forwarding findElements on session e9979048-770c-4b0a-8318-48798eddb49f to remote] DEBUG org.apache.http.headers - http-outgoing-1 >> Content-Length: 64
10:42:20.882 [Forwarding findElements on session e9979048-770c-4b0a-8318-48798eddb49f to remote] DEBUG org.apache.http.headers - http-outgoing-1 >> Host: localhost:4723
10:42:20.882 [Forwarding findElements on session e9979048-770c-4b0a-8318-48798eddb49f to remote] DEBUG org.apache.http.headers - http-outgoing-1 >> Connection: Keep-Alive
10:42:20.882 [Forwarding findElements on session e9979048-770c-4b0a-8318-48798eddb49f to remote] DEBUG org.apache.http.headers - http-outgoing-1 >> User-Agent: Apache-HttpClient/4.5.2 (Java/1.8.0_121)
10:42:20.882 [Forwarding findElements on session e9979048-770c-4b0a-8318-48798eddb49f to remote] DEBUG org.apache.http.headers - http-outgoing-1 >> Accept-Encoding: gzip,deflate
10:42:20.882 [Forwarding findElements on session e9979048-770c-4b0a-8318-48798eddb49f to remote] DEBUG org.apache.http.wire - http-outgoing-1 >> "POST /wd/hub/session/e9979048-770c-4b0a-8318-48798eddb49f/elements HTTP/1.1[\r][\n]"
10:42:20.882 [Forwarding findElements on session e9979048-770c-4b0a-8318-48798eddb49f to remote] DEBUG org.apache.http.wire - http-outgoing-1 >> "Content-Type: application/json; charset=utf-8[\r][\n]"
10:42:20.882 [Forwarding findElements on session e9979048-770c-4b0a-8318-48798eddb49f to remote] DEBUG org.apache.http.wire - http-outgoing-1 >> "Content-Length: 64[\r][\n]"
10:42:20.882 [Forwarding findElements on session e9979048-770c-4b0a-8318-48798eddb49f to remote] DEBUG org.apache.http.wire - http-outgoing-1 >> "Host: localhost:4723[\r][\n]"
10:42:20.882 [Forwarding findElements on session e9979048-770c-4b0a-8318-48798eddb49f to remote] DEBUG org.apache.http.wire - http-outgoing-1 >> "Connection: Keep-Alive[\r][\n]"
10:42:20.882 [Forwarding findElements on session e9979048-770c-4b0a-8318-48798eddb49f to remote] DEBUG org.apache.http.wire - http-outgoing-1 >> "User-Agent: Apache-HttpClient/4.5.2 (Java/1.8.0_121)[\r][\n]"
10:42:20.882 [Forwarding findElements on session e9979048-770c-4b0a-8318-48798eddb49f to remote] DEBUG org.apache.http.wire - http-outgoing-1 >> "Accept-Encoding: gzip,deflate[\r][\n]"
10:42:20.882 [Forwarding findElements on session e9979048-770c-4b0a-8318-48798eddb49f to remote] DEBUG org.apache.http.wire - http-outgoing-1 >> "[\r][\n]"
10:42:20.882 [Forwarding findElements on session e9979048-770c-4b0a-8318-48798eddb49f to remote] DEBUG org.apache.http.wire - http-outgoing-1 >> "{"using":"id","value":"tv.hooq.android:id/matchedTitlesSection"}"
&amp#27;[36minfo&amp#27;[39m: &amp#27;[37m-->&amp#27;[39m &amp#27;[37mPOST&amp#27;[39m &amp#27;[37m/wd/hub/session/e9979048-770c-4b0a-8318-48798eddb49f/elements&amp#27;[39m &amp#27;[90m{"using":"id","value":"tv.hooq.android:id/matchedTitlesSection"}&amp#27;[39m
&amp#27;[36minfo&amp#27;[39m: [debug] Waiting up to 0ms for condition
&amp#27;[36minfo&amp#27;[39m: [debug] Pushing command to appium work queue: ["find",{"strategy":"id","selector":"tv.hooq.android:id/matchedTitlesSection","context":"","multiple":true}]
&amp#27;[36minfo&amp#27;[39m: [debug] [BOOTSTRAP] [debug] Got data from client: {"cmd":"action","action":"find","params":{"strategy":"id","selector":"tv.hooq.android:id/matchedTitlesSection","context":"","multiple":true}}
&amp#27;[36minfo&amp#27;[39m: [debug] [BOOTSTRAP] [debug] Got command of type ACTION
&amp#27;[36minfo&amp#27;[39m: [debug] [BOOTSTRAP] [debug] Got command action: find
&amp#27;[36minfo&amp#27;[39m: [debug] [BOOTSTRAP] [debug] Finding tv.hooq.android:id/matchedTitlesSection using ID with the contextId:  multiple: true
&amp#27;[36minfo&amp#27;[39m: [debug] [BOOTSTRAP] [debug] Using: UiSelector[RESOURCE_ID=tv.hooq.android:id/matchedTitlesSection]
&amp#27;[36minfo&amp#27;[39m: [debug] [BOOTSTRAP] [debug] getElements selector:UiSelector[RESOURCE_ID=tv.hooq.android:id/matchedTitlesSection]
&amp#27;[36minfo&amp#27;[39m: [debug] [BOOTSTRAP] [debug] Element[] is null: (0)
&amp#27;[36minfo&amp#27;[39m: [debug] [BOOTSTRAP] [debug] getElements tmp selector:UiSelector[INSTANCE=0, RESOURCE_ID=tv.hooq.android:id/matchedTitlesSection]
&amp#27;[36minfo&amp#27;[39m: [debug] [BOOTSTRAP] [debug] Failed to locate element. Clearing Accessibility cache and retrying.
&amp#27;[36minfo&amp#27;[39m: [debug] [BOOTSTRAP] [debug] Finding tv.hooq.android:id/matchedTitlesSection using ID with the contextId:  multiple: true
&amp#27;[36minfo&amp#27;[39m: [debug] [BOOTSTRAP] [debug] Using: UiSelector[RESOURCE_ID=tv.hooq.android:id/matchedTitlesSection]
&amp#27;[36minfo&amp#27;[39m: [debug] [BOOTSTRAP] [debug] getElements selector:UiSelector[RESOURCE_ID=tv.hooq.android:id/matchedTitlesSection]
&amp#27;[36minfo&amp#27;[39m: [debug] [BOOTSTRAP] [debug] Element[] is null: (0)
&amp#27;[36minfo&amp#27;[39m: [debug] [BOOTSTRAP] [debug] getElements tmp selector:UiSelector[INSTANCE=0, RESOURCE_ID=tv.hooq.android:id/matchedTitlesSection]
&amp#27;[36minfo&amp#27;[39m: [debug] [BOOTSTRAP] [debug] Returning result: {"status":0,"value":[]}
10:42:21.143 [Forwarding findElements on session e9979048-770c-4b0a-8318-48798eddb49f to remote] DEBUG org.apache.http.wire - http-outgoing-1 << "HTTP/1.1 200 OK[\r][\n]"
10:42:21.144 [Forwarding findElements on session e9979048-770c-4b0a-8318-48798eddb49f to remote] DEBUG org.apache.http.wire - http-outgoing-1 << "X-Powered-By: Express[\r][\n]"
10:42:21.144 [Forwarding findElements on session e9979048-770c-4b0a-8318-48798eddb49f to remote] DEBUG org.apache.http.wire - http-outgoing-1 << "Access-Control-Allow-Origin: *[\r][\n]"
10:42:21.144 [Forwarding findElements on session e9979048-770c-4b0a-8318-48798eddb49f to remote] DEBUG org.apache.http.wire - http-outgoing-1 << "Access-Control-Allow-Methods: GET,POST,PUT,OPTIONS,DELETE[\r][\n]"
10:42:21.144 [Forwarding findElements on session e9979048-770c-4b0a-8318-48798eddb49f to remote] DEBUG org.apache.http.wire - http-outgoing-1 << "Access-Control-Allow-Headers: origin, content-type, accept[\r][\n]"
10:42:21.144 [Forwarding findElements on session e9979048-770c-4b0a-8318-48798eddb49f to remote] DEBUG org.apache.http.wire - http-outgoing-1 << "Vary: X-HTTP-Method-Override[\r][\n]"
&amp#27;[36minfo&amp#27;[39m: [debug] Condition unmet after 259ms. Timing out.
&amp#27;[36minfo&amp#27;[39m: [debug] Responding to client with success: {"status":0,"value":[],"sess10:42:21.144 [Forwarding findElements on session e9979048-770c-4b0a-8318-48798eddb49f to remote] DEBUG org.apache.http.wire - http-outgoing-1 << "Content-Type: application/json; charset=utf-8[\r][\n]"
10:42:21.146 [Forwarding findElements on session e9979048-770c-4b0a-8318-48798eddb49f to remote] DEBUG org.apache.http.wire - http-outgoing-1 << "Content-Length: 74[\r][\n]"
ionId":"e9979048-770c-4b0a-8318-48798eddb49f"}
&amp#27;[36minfo&amp#27;[39m: &amp#27;[37m<-- POST /wd/hub/session/e9979048-770c-4b0a-8318-48798eddb49f/elements &amp#27;[39m&amp#27;[32m200&amp#27;[39m&amp#27;[90m 261.068 ms - 74&amp#27;[39m &amp#27;[90m{"status":0,"value":[],"sessionId":"e9979048-770c-4b0a-8318-48798eddb49f"}&amp#27;[39m
10:42:21.146 [Forwarding findElements on session e9979048-770c-4b0a-8318-48798eddb49f to remote] DEBUG org.apache.http.wire - http-outgoing-1 << "Date: Mon, 02 Dec 2019 05:12:21 GMT[\r][\n]"
10:42:21.150 [Forwarding findElements on session e9979048-770c-4b0a-8318-48798eddb49f to remote] DEBUG org.apache.http.wire - http-outgoing-1 << "Connection: keep-alive[\r][\n]"
10:42:21.150 [Forwarding findElements on session e9979048-770c-4b0a-8318-48798eddb49f to remote] DEBUG org.apache.http.wire - http-outgoing-1 << "[\r][\n]"
10:42:21.150 [Forwarding findElements on session e9979048-770c-4b0a-8318-48798eddb49f to remote] DEBUG org.apache.http.wire - http-outgoing-1 << "{"status":0,"value":[],"sessionId":"e9979048-770c-4b0a-8318-48798eddb49f"}"
10:42:21.150 [Forwarding findElements on session e9979048-770c-4b0a-8318-48798eddb49f to remote] DEBUG org.apache.http.headers - http-outgoing-1 << HTTP/1.1 200 OK
10:42:21.150 [Forwarding findElements on session e9979048-770c-4b0a-8318-48798eddb49f to remote] DEBUG org.apache.http.headers - http-outgoing-1 << X-Powered-By: Express
10:42:21.150 [Forwarding findElements on session e9979048-770c-4b0a-8318-48798eddb49f to remote] DEBUG org.apache.http.headers - http-outgoing-1 << Access-Control-Allow-Origin: *
10:42:21.150 [Forwarding findElements on session e9979048-770c-4b0a-8318-48798eddb49f to remote] DEBUG org.apache.http.headers - http-outgoing-1 << Access-Control-Allow-Methods: GET,POST,PUT,OPTIONS,DELETE
10:42:21.150 [Forwarding findElements on session e9979048-770c-4b0a-8318-48798eddb49f to remote] DEBUG org.apache.http.headers - http-outgoing-1 << Access-Control-Allow-Headers: origin, content-type, accept
10:42:21.150 [Forwarding findElements on session e9979048-770c-4b0a-8318-48798eddb49f to remote] DEBUG org.apache.http.headers - http-outgoing-1 << Vary: X-HTTP-Method-Override
10:42:21.150 [Forwarding findElements on session e9979048-770c-4b0a-8318-48798eddb49f to remote] DEBUG org.apache.http.headers - http-outgoing-1 << Content-Type: application/json; charset=utf-8
10:42:21.150 [Forwarding findElements on session e9979048-770c-4b0a-8318-48798eddb49f to remote] DEBUG org.apache.http.headers - http-outgoing-1 << Content-Length: 74
10:42:21.150 [Forwarding findElements on session e9979048-770c-4b0a-8318-48798eddb49f to remote] DEBUG org.apache.http.headers - http-outgoing-1 << Date: Mon, 02 Dec 2019 05:12:21 GMT
10:42:21.150 [Forwarding findElements on session e9979048-770c-4b0a-8318-48798eddb49f to remote] DEBUG org.apache.http.headers - http-outgoing-1 << Connection: keep-alive
10:42:21.150 [Forwarding findElements on session e9979048-770c-4b0a-8318-48798eddb49f to remote] DEBUG o.a.h.impl.execchain.MainClientExec - Connection can be kept alive indefinitely
10:42:21.150 [Forwarding findElements on session e9979048-770c-4b0a-8318-48798eddb49f to remote] DEBUG o.a.h.i.c.PoolingHttpClientConnectionManager - Connection [id: 1][route: {}->http://localhost:4723] can be kept alive indefinitely
10:42:21.151 [Forwarding findElements on session e9979048-770c-4b0a-8318-48798eddb49f to remote] DEBUG o.a.h.i.c.PoolingHttpClientConnectionManager - Connection released: [id: 1][route: {}->http://localhost:4723][total kept alive: 1; route allocated: 1 of 2000; total allocated: 1 of 2000]
10:42:21.201 [Forwarding findElements on session e9979048-770c-4b0a-8318-48798eddb49f to remote] DEBUG o.a.h.c.protocol.RequestAddCookies - CookieSpec selected: default
10:42:21.201 [Forwarding findElements on session e9979048-770c-4b0a-8318-48798eddb49f to remote] DEBUG o.a.h.c.protocol.RequestAuthCache - Auth cache not set in the context
10:42:21.201 [Forwarding findElements on session e9979048-770c-4b0a-8318-48798eddb49f to remote] DEBUG o.a.h.i.c.PoolingHttpClientConnectionManager - Connection request: [route: {}->http://localhost:4723][total kept alive: 1; route allocated: 1 of 2000; total allocated: 1 of 2000]
10:42:21.202 [Forwarding findElements on session e9979048-770c-4b0a-8318-48798eddb49f to remote] DEBUG o.a.h.i.c.PoolingHttpClientConnectionManager - Connection leased: [id: 1][route: {}->http://localhost:4723][total kept alive: 0; route allocated: 1 of 2000; total allocated: 1 of 2000]
10:42:21.202 [Forwarding findElements on session e9979048-770c-4b0a-8318-48798eddb49f to remote] DEBUG o.a.h.impl.execchain.MainClientExec - Stale connection check
10:42:21.203 [Forwarding findElements on session e9979048-770c-4b0a-8318-48798eddb49f to remote] DEBUG org.apache.http.wire - http-outgoing-1 << "[read] I/O error: Read timed out"
10:42:21.203 [Forwarding findElements on session e9979048-770c-4b0a-8318-48798eddb49f to remote] DEBUG o.a.h.i.c.DefaultManagedHttpClientConnection - http-outgoing-1: set socket timeout to 10800000
10:42:21.203 [Forwarding findElements on session e9979048-770c-4b0a-8318-48798eddb49f to remote] DEBUG o.a.h.impl.execchain.MainClientExec - Executing request POST /wd/hub/session/e9979048-770c-4b0a-8318-48798eddb49f/elements HTTP/1.1
10:42:21.203 [Forwarding findElements on session e9979048-770c-4b0a-8318-48798eddb49f to remote] DEBUG o.a.h.impl.execchain.MainClientExec - Target auth state: UNCHALLENGED
10:42:21.203 [Forwarding findElements on session e9979048-770c-4b0a-8318-48798eddb49f to remote] DEBUG o.a.h.impl.execchain.MainClientExec - Proxy auth state: UNCHALLENGED
10:42:21.203 [Forwarding findElements on session e9979048-770c-4b0a-8318-48798eddb49f to remote] DEBUG org.apache.http.headers - http-outgoing-1 >> POST /wd/hub/session/e9979048-770c-4b0a-8318-48798eddb49f/elements HTTP/1.1
10:42:21.203 [Forwarding findElements on session e9979048-770c-4b0a-8318-48798eddb49f to remote] DEBUG org.apache.http.headers - http-outgoing-1 >> Content-Type: application/json; charset=utf-8
10:42:21.203 [Forwarding findElements on session e9979048-770c-4b0a-8318-48798eddb49f to remote] DEBUG org.apache.http.headers - http-outgoing-1 >> Content-Length: 64
10:42:21.203 [Forwarding findElements on session e9979048-770c-4b0a-8318-48798eddb49f to remote] DEBUG org.apache.http.headers - http-outgoing-1 >> Host: localhost:4723
10:42:21.203 [Forwarding findElements on session e9979048-770c-4b0a-8318-48798eddb49f to remote] DEBUG org.apache.http.headers - http-outgoing-1 >> Connection: Keep-Alive
10:42:21.203 [Forwarding findElements on session e9979048-770c-4b0a-8318-48798eddb49f to remote] DEBUG org.apache.http.headers - http-outgoing-1 >> User-Agent: Apache-HttpClient/4.5.2 (Java/1.8.0_121)
10:42:21.203 [Forwarding findElements on session e9979048-770c-4b0a-8318-48798eddb49f to remote] DEBUG org.apache.http.headers - http-outgoing-1 >> Accept-Encoding: gzip,deflate
10:42:21.203 [Forwarding findElements on session e9979048-770c-4b0a-8318-48798eddb49f to remote] DEBUG org.apache.http.wire - http-outgoing-1 >> "POST /wd/hub/session/e9979048-770c-4b0a-8318-48798eddb49f/elements HTTP/1.1[\r][\n]"
10:42:21.203 [Forwarding findElements on session e9979048-770c-4b0a-8318-48798eddb49f to remote] DEBUG org.apache.http.wire - http-outgoing-1 >> "Content-Type: application/json; charset=utf-8[\r][\n]"
10:42:21.203 [Forwarding findElements on session e9979048-770c-4b0a-8318-48798eddb49f to remote] DEBUG org.apache.http.wire - http-outgoing-1 >> "Content-Length: 64[\r][\n]"
10:42:21.203 [Forwarding findElements on session e9979048-770c-4b0a-8318-48798eddb49f to remote] DEBUG org.apache.http.wire - http-outgoing-1 >> "Host: localhost:4723[\r][\n]"
10:42:21.203 [Forwarding findElements on session e9979048-770c-4b0a-8318-48798eddb49f to remote] DEBUG org.apache.http.wire - http-outgoing-1 >> "Connection: Keep-Alive[\r][\n]"
10:42:21.203 [Forwarding findElements on session e9979048-770c-4b0a-8318-48798eddb49f to remote] DEBUG org.apache.http.wire - http-outgoing-1 >> "User-Agent: Apache-HttpClient/4.5.2 (Java/1.8.0_121)[\r][\n]"
10:42:21.203 [Forwarding findElements on session e9979048-770c-4b0a-8318-48798eddb49f to remote] DEBUG org.apache.http.wire - http-outgoing-1 >> "Accept-Encoding: gzip,deflate[\r][\n]"
10:42:21.203 [Forwarding findElements on session e9979048-770c-4b0a-8318-48798eddb49f to remote] DEBUG org.apache.http.wire - http-outgoing-1 >> "[\r][\n]"
10:42:21.203 [Forwarding findElements on session e9979048-770c-4b0a-8318-48798eddb49f to remote] DEBUG org.apache.http.wire - http-outgoing-1 >> "{"using":"id","value":"tv.hooq.android:id/matchedTitlesSection"}"
&amp#27;[36minfo&amp#27;[39m: &amp#27;[37m-->&amp#27;[39m &amp#27;[37mPOST&amp#27;[39m &amp#27;[37m/wd/hub/session/e9979048-770c-4b0a-8318-48798eddb49f/elements&amp#27;[39m &amp#27;[90m{"using":"id","value":"tv.hooq.android:id/matchedTitlesSection"}&amp#27;[39m
&amp#27;[36minfo&amp#27;[39m: [debug] Waiting up to 0ms for condition
&amp#27;[36minfo&amp#27;[39m: [debug] Pushing command to appium work queue: ["find",{"strategy":"id","selector":"tv.hooq.android:id/matchedTitlesSection","context":"","multiple":true}]
&amp#27;[36minfo&amp#27;[39m: [debug] [BOOTSTRAP] [debug] Got data from client: {"cmd":"action","action":"find","params":{"strategy":"id","selector":"tv.hooq.android:id/matchedTitlesSection","context":"","multiple":true}}
&amp#27;[36minfo&amp#27;[39m: [debug] [BOOTSTRAP] [debug] Got command of type ACTION
&amp#27;[36minfo&amp#27;[39m: [debug] [BOOTSTRAP] [debug] Got command action: find
&amp#27;[36minfo&amp#27;[39m: [debug] [BOOTSTRAP] [debug] Finding tv.hooq.android:id/matchedTitlesSection using ID with the contextId:  multiple: true
&amp#27;[36minfo&amp#27;[39m: [debug] [BOOTSTRAP] [debug] Using: UiSelector[RESOURCE_ID=tv.hooq.android:id/matchedTitlesSection]
&amp#27;[36minfo&amp#27;[39m: [debug] [BOOTSTRAP] [debug] getElements selector:UiSelector[RESOURCE_ID=tv.hooq.android:id/matchedTitlesSection]
&amp#27;[36minfo&amp#27;[39m: [debug] [BOOTSTRAP] [debug] Element[] is null: (0)
&amp#27;[36minfo&amp#27;[39m: [debug] [BOOTSTRAP] [debug] getElements tmp selector:UiSelector[INSTANCE=0, RESOURCE_ID=tv.hooq.android:id/matchedTitlesSection]
&amp#27;[36minfo&amp#27;[39m: [debug] [BOOTSTRAP] [debug] Failed to locate element. Clearing Accessibility cache and retrying.
&amp#27;[36minfo&amp#27;[39m: [debug] [BOOTSTRAP] [debug] Finding tv.hooq.android:id/matchedTitlesSection using ID with the contextId:  multiple: true
&amp#27;[36minfo&amp#27;[39m: [debug] [BOOTSTRAP] [debug] Using: UiSelector[RESOURCE_ID=tv.hooq.android:id/matchedTitlesSection]
&amp#27;[36minfo&amp#27;[39m: [debug] [BOOTSTRAP] [debug] getElements selector:UiSelector[RESOURCE_ID=tv.hooq.android:id/matchedTitlesSection]
&amp#27;[36minfo&amp#27;[39m: [debug] [BOOTSTRAP] [debug] Element[] is null: (0)
&amp#27;[36minfo&amp#27;[39m: [debug] [BOOTSTRAP] [debug] getElements tmp selector:UiSelector[INSTANCE=0, RESOURCE_ID=tv.hooq.android:id/matchedTitlesSection]
&amp#27;[36minfo&amp#27;[39m: [debug] [BOOTSTRAP] [debug] Returning result: {"status":0,"value":[]}
10:42:21.431 [Forwarding findElements on session e9979048-770c-4b0a-8318-48798eddb49f to remote] DEBUG org.apache.http.wire - http-outgoing-1 << "HTTP/1.1 200 OK[\r][\n]"
&amp#27;[36minfo&amp#27;[39m: [debug] Condition unmet after 227ms. Timing out.
&amp#27;[36minfo&amp#27;[39m: [debug] Responding to client with success: {"status":0,"value":[],"sessionId":"e9979048-770c-4b0a-8318-48798eddb49f"}
&amp#27;[36minfo&amp#27;[39m: &amp#27;[37m<-- POST /wd/hub/session/e9979048-770c-4b0a-8318-48798eddb49f/elements &amp#27;[39m&amp#27;[32m200&amp#27;[39m&amp#27;[910:42:21.432 [Forwarding findElements on session e9979048-770c-4b0a-8318-48798eddb49f to remote] DEBUG org.apache.http.wire - http-outgoing-1 << "X-Powered-By: Express[\r][\n]"
10:42:21.437 [Forwarding findElements on session e9979048-770c-4b0a-8318-48798eddb49f to remote] DEBUG org.apache.http.wire - http-outgoing-1 << "Access-Control-Allow-Origin: *[\r][\n]"
10:42:21.437 [Forwarding findElements on session e9979048-770c-4b0a-8318-48798eddb49f to remote] DEBUG org.apache.http.wire - http-outgoing-1 << "Access-Control-Allow-Methods: GET,POST,PUT,OPTIONS,DELETE[\r][\n]"
10:42:21.437 [Forwarding findElements on session e9979048-770c-4b0a-8318-48798eddb49f to remote] DEBUG org.apache.http.wire - http-outgoing-1 << "Access-Control-Allow-Headers: origin, content-type, accept[\r][\n]"
10:42:21.437 [Forwarding findElements on session e9979048-770c-4b0a-8318-48798eddb49f to remote] DEBUG org.apache.http.wire - http-outgoing-1 << "Vary: X-HTTP-Method-Override[\r][\n]"
10:42:21.437 [Forwarding findElements on session e9979048-770c-4b0a-8318-48798eddb49f to remote] DEBUG org.apache.http.wire - http-outgoing-1 << "Content-Type: application/json; charset=utf-8[\r][\n]"
10:42:21.437 [Forwarding findElements on session e9979048-770c-4b0a-8318-48798eddb49f to remote] DEBUG org.apache.http.wire - http-outgoing-1 << "Content-Length: 74[\r][\n]"
10:42:21.437 [Forwarding findElements on session e9979048-770c-4b0a-8318-48798eddb49f to remote] DEBUG org.apache.http.wire - http-outgoing-1 << "Date: Mon, 02 Dec 2019 05:12:21 GMT[\r][\n]"
10:42:21.437 [Forwarding findElements on session e9979048-770c-4b0a-8318-48798eddb49f to remote] DEBUG org.apache.http.wire - http-outgoing-1 << "Connection: keep-alive[\r][\n]"
10:42:21.437 [Forwarding findElements on session e9979048-770c-4b0a-8318-48798eddb49f to remote] DEBUG org.apache.http.wire - http-outgoing-1 << "[\r][\n]"
10:42:21.437 [Forwarding findElements on session e9979048-770c-4b0a-8318-48798eddb49f to remote] DEBUG org.apache.http.wire - http-outgoing-1 << "{"status":0,"value":[],"sessionId":"e9979048-770c-4b0a-8318-48798eddb49f"}"
0m 227.629 ms - 74&amp#27;[39m &amp#27;[90m{"status":0,"value":[],"sessionId":"e9979048-770c-4b0a-8318-48798eddb49f"}&amp#27;[39m
10:42:21.437 [Forwarding findElements on session e9979048-770c-4b0a-8318-48798eddb49f to remote] DEBUG org.apache.http.headers - http-outgoing-1 << HTTP/1.1 200 OK
10:42:21.438 [Forwarding findElements on session e9979048-770c-4b0a-8318-48798eddb49f to remote] DEBUG org.apache.http.headers - http-outgoing-1 << X-Powered-By: Express
10:42:21.438 [Forwarding findElements on session e9979048-770c-4b0a-8318-48798eddb49f to remote] DEBUG org.apache.http.headers - http-outgoing-1 << Access-Control-Allow-Origin: *
10:42:21.438 [Forwarding findElements on session e9979048-770c-4b0a-8318-48798eddb49f to remote] DEBUG org.apache.http.headers - http-outgoing-1 << Access-Control-Allow-Methods: GET,POST,PUT,OPTIONS,DELETE
10:42:21.438 [Forwarding findElements on session e9979048-770c-4b0a-8318-48798eddb49f to remote] DEBUG org.apache.http.headers - http-outgoing-1 << Access-Control-Allow-Headers: origin, content-type, accept
10:42:21.438 [Forwarding findElements on session e9979048-770c-4b0a-8318-48798eddb49f to remote] DEBUG org.apache.http.headers - http-outgoing-1 << Vary: X-HTTP-Method-Override
10:42:21.438 [Forwarding findElements on session e9979048-770c-4b0a-8318-48798eddb49f to remote] DEBUG org.apache.http.headers - http-outgoing-1 << Content-Type: application/json; charset=utf-8
10:42:21.438 [Forwarding findElements on session e9979048-770c-4b0a-8318-48798eddb49f to remote] DEBUG org.apache.http.headers - http-outgoing-1 << Content-Length: 74
10:42:21.438 [Forwarding findElements on session e9979048-770c-4b0a-8318-48798eddb49f to remote] DEBUG org.apache.http.headers - http-outgoing-1 << Date: Mon, 02 Dec 2019 05:12:21 GMT
10:42:21.438 [Forwarding findElements on session e9979048-770c-4b0a-8318-48798eddb49f to remote] DEBUG org.apache.http.headers - http-outgoing-1 << Connection: keep-alive
10:42:21.438 [Forwarding findElements on session e9979048-770c-4b0a-8318-48798eddb49f to remote] DEBUG o.a.h.impl.execchain.MainClientExec - Connection can be kept alive indefinitely
10:42:21.439 [Forwarding findElements on session e9979048-770c-4b0a-8318-48798eddb49f to remote] DEBUG o.a.h.i.c.PoolingHttpClientConnectionManager - Connection [id: 1][route: {}->http://localhost:4723] can be kept alive indefinitely
10:42:21.439 [Forwarding findElements on session e9979048-770c-4b0a-8318-48798eddb49f to remote] DEBUG o.a.h.i.c.PoolingHttpClientConnectionManager - Connection released: [id: 1][route: {}->http://localhost:4723][total kept alive: 1; route allocated: 1 of 2000; total allocated: 1 of 2000]
ScreenShot20191202104221.png
current dir = E:/Automation_Demo/CigAutomationDemo
10:42:21.493 [Forwarding screenshot on session e9979048-770c-4b0a-8318-48798eddb49f to remote] DEBUG o.a.h.c.protocol.RequestAddCookies - CookieSpec selected: default
10:42:21.493 [Forwarding screenshot on session e9979048-770c-4b0a-8318-48798eddb49f to remote] DEBUG o.a.h.c.protocol.RequestAuthCache - Auth cache not set in the context
10:42:21.493 [Forwarding screenshot on session e9979048-770c-4b0a-8318-48798eddb49f to remote] DEBUG o.a.h.i.c.PoolingHttpClientConnectionManager - Connection request: [route: {}->http://localhost:4723][total kept alive: 1; route allocated: 1 of 2000; total allocated: 1 of 2000]
10:42:21.493 [Forwarding screenshot on session e9979048-770c-4b0a-8318-48798eddb49f to remote] DEBUG o.a.h.i.c.PoolingHttpClientConnectionManager - Connection leased: [id: 1][route: {}->http://localhost:4723][total kept alive: 0; route allocated: 1 of 2000; total allocated: 1 of 2000]
10:42:21.494 [Forwarding screenshot on session e9979048-770c-4b0a-8318-48798eddb49f to remote] DEBUG o.a.h.impl.execchain.MainClientExec - Stale connection check
10:42:21.495 [Forwarding screenshot on session e9979048-770c-4b0a-8318-48798eddb49f to remote] DEBUG org.apache.http.wire - http-outgoing-1 << "[read] I/O error: Read timed out"
10:42:21.495 [Forwarding screenshot on session e9979048-770c-4b0a-8318-48798eddb49f to remote] DEBUG o.a.h.i.c.DefaultManagedHttpClientConnection - http-outgoing-1: set socket timeout to 10800000
10:42:21.495 [Forwarding screenshot on session e9979048-770c-4b0a-8318-48798eddb49f to remote] DEBUG o.a.h.impl.execchain.MainClientExec - Executing request GET /wd/hub/session/e9979048-770c-4b0a-8318-48798eddb49f/screenshot HTTP/1.1
10:42:21.495 [Forwarding screenshot on session e9979048-770c-4b0a-8318-48798eddb49f to remote] DEBUG o.a.h.impl.execchain.MainClientExec - Target auth state: UNCHALLENGED
10:42:21.495 [Forwarding screenshot on session e9979048-770c-4b0a-8318-48798eddb49f to remote] DEBUG o.a.h.impl.execchain.MainClientExec - Proxy auth state: UNCHALLENGED
10:42:21.495 [Forwarding screenshot on session e9979048-770c-4b0a-8318-48798eddb49f to remote] DEBUG org.apache.http.headers - http-outgoing-1 >> GET /wd/hub/session/e9979048-770c-4b0a-8318-48798eddb49f/screenshot HTTP/1.1
10:42:21.495 [Forwarding screenshot on session e9979048-770c-4b0a-8318-48798eddb49f to remote] DEBUG org.apache.http.headers - http-outgoing-1 >> Cache-Control: no-cache
10:42:21.495 [Forwarding screenshot on session e9979048-770c-4b0a-8318-48798eddb49f to remote] DEBUG org.apache.http.headers - http-outgoing-1 >> Host: localhost:4723
10:42:21.495 [Forwarding screenshot on session e9979048-770c-4b0a-8318-48798eddb49f to remote] DEBUG org.apache.http.headers - http-outgoing-1 >> Connection: Keep-Alive
10:42:21.495 [Forwarding screenshot on session e9979048-770c-4b0a-8318-48798eddb49f to remote] DEBUG org.apache.http.headers - http-outgoing-1 >> User-Agent: Apache-HttpClient/4.5.2 (Java/1.8.0_121)
10:42:21.495 [Forwarding screenshot on session e9979048-770c-4b0a-8318-48798eddb49f to remote] DEBUG org.apache.http.headers - http-outgoing-1 >> Accept-Encoding: gzip,deflate
10:42:21.495 [Forwarding screenshot on session e9979048-770c-4b0a-8318-48798eddb49f to remote] DEBUG org.apache.http.wire - http-outgoing-1 >> "GET /wd/hub/session/e9979048-770c-4b0a-8318-48798eddb49f/screenshot HTTP/1.1[\r][\n]"
10:42:21.495 [Forwarding screenshot on session e9979048-770c-4b0a-8318-48798eddb49f to remote] DEBUG org.apache.http.wire - http-outgoing-1 >> "Cache-Control: no-cache[\r][\n]"
10:42:21.495 [Forwarding screenshot on session e9979048-770c-4b0a-8318-48798eddb49f to remote] DEBUG org.apache.http.wire - http-outgoing-1 >> "Host: localhost:4723[\r][\n]"
10:42:21.495 [Forwarding screenshot on session e9979048-770c-4b0a-8318-48798eddb49f to remote] DEBUG org.apache.http.wire - http-outgoing-1 >> "Connection: Keep-Alive[\r][\n]"
10:42:21.495 [Forwarding screenshot on session e9979048-770c-4b0a-8318-48798eddb49f to remote] DEBUG org.apache.http.wire - http-outgoing-1 >> "User-Agent: Apache-HttpClient/4.5.2 (Java/1.8.0_121)[\r][\n]"
10:42:21.495 [Forwarding screenshot on session e9979048-770c-4b0a-8318-48798eddb49f to remote] DEBUG org.apache.http.wire - http-outgoing-1 >> "Accept-Encoding: gzip,deflate[\r][\n]"
10:42:21.495 [Forwarding screenshot on session e9979048-770c-4b0a-8318-48798eddb49f to remote] DEBUG org.apache.http.wire - http-outgoing-1 >> "[\r][\n]"
&amp#27;[36minfo&amp#27;[39m: &amp#27;[37m-->&amp#27;[39m &amp#27;[37mGET&amp#27;[39m &amp#27;[37m/wd/hub/session/e9979048-770c-4b0a-8318-48798eddb49f/screenshot&amp#27;[39m &amp#27;[90m{}&amp#27;[39m
&amp#27;[36minfo&amp#27;[39m: [debug] executing cmd: E:\Android_Sdk\platform-tools\adb.exe -s 330030d996c89347 shell "/system/bin/rm /data/local/tmp/screenshot.png; /system/bin/screencap -p /data/local/tmp/screenshot.png "
&amp#27;[36minfo&amp#27;[39m: [debug] executing cmd: E:\Android_Sdk\platform-tools\adb.exe -s 330030d996c89347 pull /data/local/tmp/screenshot.png "C:\\Users\\E002867\\AppData\\Local\\Temp\\appium119112-13812-5y1fdx.png"
&amp#27;[36minfo&amp#27;[39m: [debug] Responding to client with success: {"status":0,"value":"iVBORw0KGgoAAAANSUhEUgAAAtAAAAUACAYAAABuzmU9AAAABHNCSVQICAgIfAhkiAAAIABJREFUeJzs3Xd0VNXexvHvTHovhJrQCT2hiPQq0hEQ8NpAvRasKJbX3ruo2NCLiB28VwQEpCgIKCAdKaGHFkiABAiElEmdef8IGTKZSZl08Pms5VpzztnnnJ2Z4Hpm53f2NnT17GFBRERERERKxFjVHRARERERuZwoQIuIiIiIOEEBWkRERETECQrQIiIiIiJOUIAWEREREXGCArSIiIiIiBMUoEVEREREnKAALSIiIiLiBAVoEREREREnVGqANhohMNgFL2+DzX6DEQyFnCMiIiIiUp24VuTFff0MmNIgJyd3tXBvHwsdumQTe9SF6L25+1xdDYQ1MHAmwUJKilYVFxGRfxYvXy/CGocCEFw7mMT4RABij8RhSjFVZdcK5eXrVW37JlIZKixAGwzQtHkWBjeI2uxOTo4Z/xpmOvS+AC5+HD3kTlammbCmGXTvkcHKJd6kpLhUVHdERETshDUNI7RJKBuXb6zU+9aoHUznazsT2S2SsKahhbaLPRTHzvU72fT7Js5eDNZVzcvXi4ffnsg7D02u6q5cdtp2aUtADX+7/X8tWVcFvZGyqLgRaAu4elnof30SRtcQdm40EFLXldqNPWh03pUdGw24uMG1Y9LxdDOSY7kUnl1dLRgMRrKyNCItIiIVx8vbk3GP3UJ4RDPmTp9X4aOqNWoHM+TWIXQZ0LlE7cOahhLWNJSh44awcfkmls5aWqVBOi88FxX6S6N5u+bUDA0pcZDsPbwXru4lizBrFq0lKzPLZl+N2sH0HNaT2vVrY87J4Vj0cdYsWoMpNd3pvjsjoIY/NeuGVOg9HHH2/QWo16gu7Xu2J6RuCJ7enphS0jgZc4pta7ZV2O9gl2s74+PvA8CujbtJiEtw6vzS/JylVW4B2mgAT28DmelmsnMMWIB0kyshDVwZ8K8cTsS6U7uB...","sessionId":"e9979048-770c-4b0a-8318-48798eddb49f"}
10:42:23.677 [Forwarding screenshot on session e9979048-770c-4b0a-8318-48798eddb49f to remote] DEBUG org.apache.http.wire - http-outgoing-1 << "HTTP/1.1 200 OK[\r][\n]"
10:42:23.677 [Forwarding screenshot on session e9979048-770c-4b0a-8318-48798eddb49f to remote] DEBUG org.apache.http.wire - http-outgoing-1 << "X-Powered-By: Express[\r][\n]"
10:42:23.677 [Forwarding screenshot on session e9979048-770c-4b0a-8318-48798eddb49f to remote] DEBUG org.apache.http.wire - http-outgoing-1 << "Access-Control-Allow-Origin: *[\r][\n]"
10:42:23.677 [Forwarding screenshot on session e9979048-770c-4b0a-8318-48798eddb49f to remote] DEBUG org.apache.http.wire - http-outgoing-1 << "Access-Control-Allow-Methods: GET,POST,PUT,OPTIONS,DELETE[\r][\n]"
10:42:23.677 [Forwarding screenshot on session e9979048-770c-4b0a-8318-48798eddb49f to remote] DEBUG org.apache.http.wire - http-outgoing-1 << "Access-Control-Allow-Headers: origin, content-type, accept[\r][\n]"
10:42:23.677 [Forwarding screenshot on session e9979048-770c-4b0a-8318-48798eddb49f to remote] DEBUG org.apache.http.wire - http-outgoing-1 << "Content-Type: application/json; charset=utf-8[\r][\n]"
10:42:23.677 [Forwarding screenshot on session e9979048-770c-4b0a-8318-48798eddb49f to remote] DEBUG org.apache.http.wire - http-outgoing-1 << "Content-Length: 45370[\r][\n]"
10:42:23.677 [Forwarding screenshot on session e9979048-770c-4b0a-8318-48798eddb49f to remote] DEBUG org.apache.http.wire - http-outgoing-1 << "ETag: W/"OQ17TsN5bpn9tb6gYgUzfw=="[\r][\n]"
10:42:23.677 [Forwarding screenshot on session e9979048-770c-4b0a-8318-48798eddb49f to remote] DEBUG org.apache.http.wire - http-outgoing-1 << "Date: Mon, 02 Dec 2019 05:12:23 GMT[\r][\n]"
10:42:23.677 [Forwarding screenshot on session e9979048-770c-4b0a-8318-48798eddb49f to remote] DEBUG org.apache.http.wire - http-outgoing-1 << "Connection: keep-alive[\r][\n]"
10:42:23.677 [Forwarding screenshot on session e9979048-770c-4b0a-8318-48798eddb49f to remote] DEBUG org.apache.http.wire - http-outgoing-1 << "[\r][\n]"
&amp#27;[36minfo10:42:23.677 [Forwarding screenshot on session e9979048-770c-4b0a-8318-48798eddb49f to remote] DEBUG org.apache.http.wire - http-outgoing-1 << "{"status":0,"value":"iVBORw0KGgoAAAANSUhEUgAAAtAAAAUACAYAAABuzmU9AAAABHNCSVQICAgIfAhkiAAAIABJREFUeJzs3Xd0VNXexvHvTHovhJrQCT2hiPQq0hEQ8NpAvRasKJbX3ruo2NCLiB28VwQEpCgIKCAdKaGHFkiABAiElEmdef8IGTKZSZl08Pms5VpzztnnnJ2Z4Hpm53f2NnT17GFBRERERERKxFjVHRARERERuZwoQIuIiIiIOEEBWkRERETECQrQIiIiIiJOUIAWEREREXGCArSIiIiIiBMUoEVEREREnKAALSIiIiLiBAVoEREREREnVGqANhohMNgFL2+DzX6DEQyFnCMiIiIiUp24VuTFff0MmNIgJyd3tXBvHwsdumQTe9SF6L25+1xdDYQ1MHAmwUJKilYVFxGRfxYvXy/CGocCEFw7mMT4RABij8RhSjFVZdcK5eXrVW37JlIZKixAGwzQtHkWBjeI2uxOTo4Z/xpmOvS+AC5+HD3kTlammbCmGXTvkcHKJd6kpLhUVHdERETshDUNI7RJKBuXb6zU+9aoHUznazsT2S2SsKahhbaLPRTHzvU72fT7Js5eDNZVzcvXi4ffnsg7D02u6q5cdtp2aUtADX+7/X8tWVcFvZGyqLgRaAu4elnof30SRtcQdm40EFLXldqNPWh03pUdGw24uMG1Y9LxdDOSY7kUnl1dLRgMRrKyNCItIiIVx8vbk3GP3UJ4RDPmTp9X4aOqNWoHM+TWIXQZ0LlE7cOahhLWNJSh44awcfkmls5aWqVBOi88FxX6S6N5u+bUDA0pcZDsPbwXru4lizBrFq0lKzPLZl+N2sH0HNaT2vVrY87J4Vj0cdYsWoMpNd3pvjsjoIY/NeuGVOg9HHH2/QWo16gu7Xu2J6RuCJ7enphS0jgZc4pta7ZV2O9gl2s74+PvA8CujbtJiEtw6vzS/JylVW4B2mgAT28DmelmsnMMWIB0kyshDVwZ8K8cTsS6U7uBF56+TWnSxkRYs9M0a+tC687+HN6WidlsBox4eVpoHJ5DRpYPRw+ZyFGIFhGRCtZlQGfCI5vxxWtfEnsotoLu0YVxj91is+/gzoPsXB9F7KFYTGnpxB6KJaxpGF7enoQ1DSOyWwTNIptZ+9hlQGdmTvmh0kfMofzDc0idGnQd1JXIbpHUbViHgzsPljj4jL73elxcS/ZX600rNtsE6Lad2zD+8VvxvhjUANr1aEfXgV2Y/soMTh075dwPUghHo80BwQEO2/YY2t1uX1lDYFne3xsfvIFug7ri4mYfEwffPIjlP/3Ob/9bVqb+FdShV/vcfx+G3Kfizp85X6IAXZafsyzKLUAbXC2EN7dQv3kah/Z7cmS/kYx0VzIymlK7YS1ufOACXr6eQA18AzMZfLMrwTW9MbqCKTMOT59UurbNpHWnVHIy3VgwM0PhWUREKk1w7WCemvp/zJ02jz8W/Fmu1x732K02o85FjSbnBfjoqIOsmv+H3ah13oj5zCmzyrWPRSmv8Ozm7sbV13SiY+8ONGvb1GFAK06dBnVKHJ4L8vLx5OZHbsLb34cDO6L5a8lfeHh5cO3Y/tQKq8WND97AR099YndezXo1OX3itFP3cma0ubxGpcvj/b110s10HdQVAHOOmeMHj5OWYiIwJJC6DWrj4e3B8NuGApRbiPb282bUXSOt4bk45fFzllW53TEny8Dhw0b6js2h4zVZ7Nniz4UkN8AfFxd/mrT2hZxMSE/BaDAQ2jAYjB5ABsG1fRlwoxvNI7MxkMOSme4kncspr66JiIgUKz01HU8fT8bcN5rwduHMnDKr3Eo64g7HAXAu4RzTX51hDcnhEc2I7B5Bs4hwm3AaeyiOg1HR7FwXRXTUQWZOmcUfC/5kwot3E1QryHq9ytJvVN8yh+e+I/sw+OZB+ARcGvnFYilxaMoTUqeG9fWaX9YQtXF3ke1NqZc+w059O+Ef7M/5M+f5/OXpZKZnAhCzP4b/++gJmkU0pU6DOjaj0GFNw5j07sPsXB/Fd+9+71RfK1N5vL8t2jeny4AuACSdTeKrt77h8O7D1uMde3fglkk3W790/L16m9NfLBwZdecIgmsHl6htef0elVW5RvaU5Bz27fRn0C0+dB9Wl/Q08PTxhfRkOHsUTGkYzBYwZ2Ex5oBfXahRn7qNa1OvcRYGYzZH91o4vDcDizkDyH0/LBqIFhGRCvb9+zPpMqALkd0iiOwWwdNTn2Tm+7OIjjpY5muvmv8HXr5erJr/B6YUE+ERzRgybjDhkeEO2+fVPvcd1ZfondEsnfkr0VEHeevBd+g3qi+r5v9R5j5VtrCmYdbQcy7hHLs27mLHup089NaDTl0nsGag9XXMgWPs3bq3xOfWCqsJ5I7y54VngBNHT5KYkEitsFqENgm1CdBjJlyPh5cHGWllr48+lRhPZnamw2P+3v4E+jou8SiJ8nh/ewztgcGYG0TnTf/ZJjwD/L16G3Ub1mXwLYPw9PGk26CuLPz6l1L3GaDVVa2soT01KdU2GDtQXr9HZVXmAO3mBm7uFszm3KC7Z6sr4ZFeNI1wx8fHFZIS4FwyeLXDUKsluAVATiqG5N1Yzq6F8ydwqdcC/IPJMWdy4ZwLfoE5tIg04+VpxoiF4zEenE2wYFaSFhGRUhr/+K1YLBRa+mBKMfHFqzMYOm4IQ24dTHDtYB6ePJElM5eydNavZb7/kplLgdzR3NH3Xm9z3+iogzajyqFNQgmPaIaXrxfhkeGETw63lpbkXaeiefl64e3jVW4PjKUmp7JtzXa2/rGVHet2AhAYEljMWfb8gy7VFZ+NP+vUuUaX3NKPrIwsu2N5ddLuHm7Wfb2G9aRZZDMS4xNZ+E3ZgiLAH9tXEXv6uN1+d1d3bht0R5muXR7vb7OIpgAkxify9+ptDtv8uXA1A27oj4uba6FfAL18PEv0QKabuxvX3zMKo4uRMyfPcGTPEa7uf3WR55TX71FZlSlAG4xQJ9SFth1ScPUxYM5xJzPLlRwzWCxGOHcKzqRA3bEY/MLBkg2WTHB1A/cu4BMGsXPhyGZo1BFDQDDh7Xxo2MKMu3sqGclpbF3hw4F9KDyLiEipRXaLoPO1uTXEoU1CmfHajEKD4cblG+lybWfrn5S7DexabtPIefl6WWuZTSkmls76tcjR5KHjhtB3ZB+8fL3oOrALG1dsqpT5l/Nqnud9Pq/cAvTPX8wvl+vkfxDv1LF4p85NvziKnP8Bwjzeft4A1vc3sEYAQ8YNBouFX75dVC4zdDgKzwBDugwt0+gzlP39DalTA79APwDijpwotF1KUgoJJ85Qt2Edh7XbNzwwll7DepKanMqM17/i0K5DhV5r+O3DqNuwDhazhfkzFhDRNaLYfpbX71FZlSlAW8yQeDqHlBQXuvbMILS5JwZDMOALplQ4cxpqjsDgGQQZR4FMDGQBGVhyMjBghhqtsJyMg7jdGL274eXrh6ePkaTTKfz1qxfrlhtITVE9tIiIlF501EE2/b6Jztd2JqxpKE9NfdJhjXNktwjGPXYrXr5eAOxcH1WutdCmFBMfPfUJE164m5lTZnE2PhEvXy8iu0YQ1jSU0CahxB2Oy53/eUMUS2YuZePyjYy+d3S59qMoFTVVXXnxDfQFct/LlKQUp849tOsQ3DiAJq0a06B5A44dOAbAVX2vIigkkKyMLA5dLFsYeddI/AL9iNqwiy2rtpa538cSHIfnjuEdCQ9zPJJbmeo1rmd9ff70uSLbXkhMom7DOvgE+OAb4GvzOUR2i8BgNOAb4Etkt4hCA3TjVo3oPbwXANvWbGPHup0lCtDVRZlLOFJTYf0qD06c8OTWiS4E1TNiNLjA6QNgCAZ3b8g4jMGYBYZ0MGaCJQuDOQNysrBgAg8vSI6H8yehVj3SkjJZ9K0ru7dkYUpVeBYRkbIxpZj4/v1ZHNh5kLH3jsbL14t7XrybneujrG2GjhtinTIuPTWdOZ/Pq5Dp4vJCNNgHdsD6Z3FTiomZU2axc30UX7w6o9z74Uh1D88AfgG5ATotJY1rru9HZPdIgmsF4eHlgSnVxPGDsaz+ZQ3RO6Ptzt2zZS8HdkTTvF04D75+P/u37cfFzZXWV7UCg4ENyzaQfD6Ztp3b0LF3B0wppnIb8Uw4Zz9aXjOwJtd07F8u1y8rn3yj8ummjCLbZuQ77h/kZxOgD+8+TMc+HclMzyR6h/1nkGfMvaNxdXcl+Xwy86ZXj1FlZ5TLQ4TZ2RZOxlj45XsXhozLpFYdE4bkRAzuwZBxDAzJ4JoNLulAFhizcoN0VjpkpwHnMZCNJekkhhr+GI0mmrUx4+6aQ3xcDudPG0hOcSGz6M9TRESkSBuXbyTucBzjHruF0CahRHa7NOKVF57jDscxc8oPFTYfdJ4atYO558W7rdvnEs5x9tRZatSpQVCtIGvIf/mOVypt8ZRH3plIaJPqG54BfC8G6Bp1anD9hFE2x7z9vKlRpwaR3SJY/tPvLPp2sd35X7/1DTc/chMRXdrSoXcHALIzs/lryTrmTv8ZN3c3Rt41AqOLkd/nrCiXWSYAjscfs9l2d3Vn0NVDyuXa5cHN/VLtd0520YOX+Y97+XrbHPv67W9ZMXclFxIvcP5sksPzh9wyiIYtGgKw6LslJCU6bledlSlAG40WvH0s1A4z07SNgTZdvQmo6QLZmZBlAvNxyPDE4JqeG5pdMsAlE8jI/c+cjiE7DSypYAQyL4A5FW//HLoNzabTtekkx6dzYKMHm9f5cvCAuVx+aBER+eeKPRTLR099wth7R1vrovNs+n0Tcz6v+BUJAc7GJzJzyg+MmXA9X7w6w2a2j/CIZtzz4t3Mnf5zpa48WN3DM9iOlGaYMji67ygXEi/g4eVBo1aN8A/yx+hiZNBNA0k6k8SaxWttzk9JSuGLV2dQK7QWDVs0wGy2cGjXIc6fOQ/A8DuHUadBHY4dOMayH5eXW78TkmwXBQkPCyczO9OmtKOsM3GUhdFoLNV5jmaPOxbtuFwFclc47D8md9R979Z9rFt6eS5jXqYAHRRkpFPXNDpck07Nxp64eriABSwmM2CAjDhISQMvNyAbDFngkgVkQU42ZOdAjgXyPx9oADMGstONnDrszpFdLhzd78K5ostxREREnOLo2fTKfl594/KN7Fy/E1OKiRq1gwmuFUxiQiLRUQd56d+vVEqQv9ys/209jVo2JvVCCvMKfMHw9Pbk5odvpGOfjgAMGTeYjSs22UxZlychLsFupbuwpmH0Gt6TnKxs5pXjw2rpmekkpyXb7Nt9dDe7j16aw7pmYE1u7HdTud2zuhp7/xg8vD0wpZiYN/3nqu5OqZUpQKekmtkV5UZisiuNW7jQsFUGwfXc8PJ0B3cPSD+HJSMBMF78hmK59H+nbLDkADm5DyMazAZw9wIDpKdY+HOBC3s2uXLmlAsmE1jMGn0WEZGyC2saxq2P3uKwzrfLgM6ENgll1gcVX8KRJ29e6HtevBsvXy9MKSY+fnpqpd2/y4AuVbI0eGnN/3JhocfS09L5+u1vqRVai7BmYfgF+tGp71Ws+3V9ia49esIoPLw8WLtorfXht26DutK8XXM8vDxITEhk0++bihxhddivzAy6t+lh3d6yf7PNfNB54dnT3dOp61YHznzp7DOit7XG//c5K8pt2fSqULrx+osy0g3EHXNl82o35n1jZOZHZmIPpYOrGfyDsFhcIBvINmPJMmPJtIAJMIElHcjk4nGw4AIBQWAED88sGjTJxtXNQLopN2CLiIiUVZcBXXj47Yes4Tn/Q4QHd+aWUIQ1DeXhtx+yLu5QGfLPA507C0flhOdxj91K1wJlLFeC9cs2WF83ulhrW5yew3oQHhlunfPZ09uTR96ZyC2TbqZTv6uI6NqWPiN68+h7k+gzordT/Qn0DaB72+50b9udJvWaVsvwnL+uOW8xlZLImz+7OCF1ajDklsFA7sqP5VkeUxXKbSXCkNoW+o7IoGFLC+AGIcGQ6A+p5y7F9Ox8d8wBLlZzkAn4BUNQIBhycHHNoWWXdAJrZrNithu7t7mSbqrcJRpFROTK4eXrxZgJo61zMKenpvP9+zMxpZisDxIumbkUL18vxj8+Di9fL8Y9dguR3SIqbfq46a/NYMyE0cydPg/IHSkfPWEUHz81tULuN+6xW+kyoLP1i8OV5Oi+o9bXfkF+xbYPCA5g6LghYLGw8JvcOZ9veeQmmkU2IyUpheWzf+fMyTO06x5J5/5XM+qukRzZd9Q6DZ4ztkVfmhKvuoRnAFPapd/x/A8UOuKWb7GZkv7bGHPfaHwCfLCYLaxftoEW7ZvbtfHyufQ+BNcKtrY5fiiWtOS0Et2nspRLgK5XP4drx6ZxVX8DWIxYLBlYPL0xhNaHwxlYTGkY8so1XC6eZOZSePb0w1KvPrjChcQsTh014mI2YjQa6NjFRE5WILujICtdQ9EiIuK88Ihm1vAcdziOL17NXUglPKKZTbud66N4+8F3eGTywwTVCrIu6f3xU5+U+8N8YU3D8PLODQyxR+Ks09blHXv47YcuBvlbC109sbTywvOVKv+iJ3mrDxZl5F0jrHM+b/0jN+C269EOgPkzFrDx901A7u9HYM0gmrcLp9vArk4H6PTMdGvdc3UKzwAXEi/VaPs6WGgmP++LM2/kZGVbH74sSov2zWnbuQ2QO7p908Qbiz1n5F0jrK8/e36aU0u2V4YyB2g/f2jdNhNLhhtr53uSfMEV/5pG2vc04R3kB82aY4iLxZJ8HkNWDhhzi2UsFkNumvYPhtD64OcNpJOalMPqRQZOHTFicPHC1eiOKR1yMrUSoYiIlM7O9VFsuhiCvn+/6DDaZUAXgmoFWbc3ltMqhAWNmXC9deq8j5/8xDoLR/7wnNuf3KBbXiG636i+l214HnXXCGrXr016WgbfTv6u0HYhdWpYX6enFj1C2rpTK67q09FmzucatYPx9vPGYrZYl4vOc2TvEZq3Cyekbg1HlyvSriO7gOoXngGO7j9KTlY2Lm6uhDhYYTC/Ghff3/Nnk0pUwuHj7+N4uo7LWJkDtMkEG9Z6Y/7TTFYWGFyyuWZUNq6uLmA0QKAP+DSHc+exJJ2DjIu/yJ7eEBgMAQHgDuacdAxkElIvg4bNXdi3zUh2FoALucPVIiIipVdccM6bdzmvpONcwjm+f2+mzfRyFc3L14shtw4mMSGRUN/cOu28GTrK62G//Iu2XG6CagbRtktbAFb/spoje486bNc8X3nAiaMnC72ei6sLo+4eZTfns6tbbjzKyc6xLv+dJysjy3qus7Ye2FItwzNAZnom8bEJ1Gtcj9AmofgF+pF8PtmuXdO2TQmokTvVXl7dfnGiNuzihfEvFdtuxL+v4+prOgEw8/1Z7N9+AIDUC6kl/TEqTZkDdHYWpGRZgNxvFqFhFlp0SMfV3YXz8ZCdYyGkngFqBUFIIOTkTnFncDVerI3OwpyTw+FdRiw5OdRukEFklxyi1gdy/EiOHiAUEZFKUZFLeJeUKcXEF6/OIDyiGQ9PngjkhpS8lQvLIm+Gj8vZrk27rVPUDb5lMP95YZpdm5A6Nawj7DlZ2XYjyPkNGz+Uug3r2D3UlpyUAhYLru6uBNYIsFkQJG8pcUdT4xUlOjYaT3fPahme8+zZspd6jevh4eXBkFsGMfuzOXZtBtxwaeXEXZt22x2H3Frm/GU0WZlZJSr1MOdcCn0lPaeqlNtDhABGI7SMTKdGcAZRa/3Yud5C/fAM+o6xAJlkZXng4m7GaLSQmWkgwwTefhkYDNns/9uLqA0G6jf1oE2HVCLaZ3E2wYXUZJVuiIhIxcs"
10:42:23.678 [Forwarding screenshot on session e9979048-770c-4b0a-8318-48798eddb49f to remote] DEBUG org.apache.http.headers - http-outgoing-1 << HTTP/1.1 200 OK
&amp#27;[39m: &amp#27;[37m<-- GET /wd/hub/session/e9979048-770c-4b0a-8318-48798eddb49f/screenshot &amp#27;[39m&amp#27;[32m200&amp#27;[39m&amp#27;[90m 2180.060 ms - 45370&amp#27;[39m &amp#27;[90m{"status":0,"value":"iVBORw0KGgoAAAANSUhEUgAAAtAAAAUACAYAAABuzmU9AAAABHNCSVQICAgIfAhkiAAAIABJREFUeJzs3Xd0VNXexvHvTHovhJrQCT2hiPQq0hEQ8NpAvRasKJbX3ruo2NCLiB28VwQEpCgIKCAdKaGHFkiABAiElEmdef8IGTKZSZl08Pms5VpzztnnnJ2Z4Hpm53f2NnT17GFBRERERERKxFjVHRARERERuZwoQIuIiIiIOEEBWkRERETECQrQIiIiIiJOUIAWEREREXGCArSIiIiIiBMUoEVEREREnKAALSIiIiLiBAVoEREREREnVGqANhohMNgFL2+DzX6DEQyFnCMiIiIiUp24VuTFff0MmNIgJyd3tXBvHwsdumQTe9SF6L25+1xdDYQ1MHAmwUJKilYVFxGRfxYvXy/CGocCEFw7mMT4RABij8RhSjFVZdcK5eXrVW37JlIZKixAGwzQtHkWBjeI2uxOTo4Z/xpmOvS+AC5+HD3kTlammbCmGXTvkcHKJd6kpLhUVHdERETshDUNI7RJKBuXb6zU+9aoHUznazsT2S2SsKahhbaLPRTHzvU72fT7Js5eDNZVzcvXi4ffnsg7D02u6q5cdtp2aUtADX+7/X8tWVcFvZGyqLgRaAu4elnof30SRtcQdm40EFLXldqNPWh03pUdGw24uMG1Y9LxdDOSY7kUnl1dLRgMRrKyNCItIiIVx8vbk3GP3UJ4RDPmTp9X4aOqNWoHM+TWIXQZ0LlE7cOahhLWNJSh44awcfkmls5aWqVBOi88FxX6S6N5u+bUDA0pcZDsPbwXru4lizBrFq0lKzPLZl+N2sH0HNaT2vVrY87J4Vj010:42:23.678 [Forwarding screenshot on session e9979048-770c-4b0a-8318-48798eddb49f to remote] DEBUG org.apache.http.headers - http-outgoing-1 << X-Powered-By: Express
10:42:23.687 [Forwarding screenshot on session e9979048-770c-4b0a-8318-48798eddb49f to remote] DEBUG org.apache.http.headers - http-outgoing-1 << Access-Control-Allow-Origin: *
10:42:23.687 [Forwarding screenshot on session e9979048-770c-4b0a-8318-48798eddb49f to remote] DEBUG org.apache.http.headers - http-outgoing-1 << Access-Control-Allow-Methods: GET,POST,PUT,OPTIONS,DELETE
10:42:23.687 [Forwarding screenshot on session e9979048-770c-4b0a-8318-48798eddb49f to remote] DEBUG org.apache.http.headers - http-outgoing-1 << Access-Control-Allow-Headers: origin, content-type, accept
10:42:23.687 [Forwarding screenshot on session e9979048-770c-4b0a-8318-48798eddb49f to remote] DEBUG org.apache.http.headers - http-outgoing-1 << Content-Type: application/json; charset=utf-8
10:42:23.687 [Forwarding screenshot on session e9979048-770c-4b0a-8318-48798eddb49f to remote] DEBUG org.apache.http.headers - http-outgoing-1 << Content-Length: 45370
10:42:23.687 [Forwarding screenshot on session e9979048-770c-4b0a-8318-48798eddb49f to remote] DEBUG org.apache.http.headers - http-outgoing-1 << ETag: W/"OQ17TsN5bpn9tb6gYgUzfw=="
cdYsWoMpNd3pvjsjoIY/NeuGVOg9HHH2/QWo16gu7Xu2J6RuCJ7enphS0jgZc4pta7ZV2O9gl2s74+PvA8CujbtJiEtw6vzS/JylVW4B2mgAT28DmelmsnMMWIB0kyshDVwZ8K8cTsS6U7uB...","sessionId":"e9979048-770c-4b0a-8318-48798eddb49f"}&amp#27;[39m
10:42:23.687 [Forwarding screenshot on session e9979048-770c-4b0a-8318-48798eddb49f to remote] DEBUG org.apache.http.headers - http-outgoing-1 << Date: Mon, 02 Dec 2019 05:12:23 GMT
10:42:23.689 [Forwarding screenshot on session e9979048-770c-4b0a-8318-48798eddb49f to remote] DEBUG org.apache.http.headers - http-outgoing-1 << Connection: keep-alive
10:42:23.689 [Forwarding screenshot on session e9979048-770c-4b0a-8318-48798eddb49f to remote] DEBUG o.a.h.impl.execchain.MainClientExec - Connection can be kept alive indefinitely
10:42:23.690 [Forwarding screenshot on session e9979048-770c-4b0a-8318-48798eddb49f to remote] DEBUG org.apache.http.wire - http-outgoing-1 << "Lz/M+/5lV8/+osPvkzffs6XNpJDhvAZOKGu0e99itbFy+sVJH0yvC5pVb6DeqL/XD69O6Uyvuf+0+fv9pBUf3HcVsNtOhV3uGjhuCX2Dug4N/r95W5FRpjVo2JCcrm59nLLDZn5acRkLcaWqF1aLv9X2Zf/G4l48nba5uDcDxg0XPlBJSJ4SaobWs2+sPrOfBWx7Cy9O7iLOq1oq5K+kyoDN+gX70GNoDC7By7krOxidSp0EdBt88iDYXa5lPxpxi/W8b7K5xwwNj6TWsJ6nJqcx4/SvrdIBXmnIN0O4eBtzMrvzyrTd7dkJOlpk6DcwYMJGa4sNfS71o3zOdWvXSiT/my4p5Lgy6IZO6jdLw8nLhTALEx7mw+29f6tVzxYCR3Kk7REREKlZlLeGdlmrinvtG26z6N+a+0cyc8gNUQMDNe2DwcprruSgzp8zivlfuJahWEK07taJ1p1bWKdjyl1Uc3XuUn/5jP4Ka38dPTaVVx5YOQ94f8//kXw+Opf/ofoQ2rse5hHM0i2hGzXo1OXf6HH8uXF3ktbsP6mpdrvpCcjKhbevRsnmLEv+cX7w6o8Rty0tKUgo/fTaH8Y+Pw83Djd7X9aL38J5kZWbbzLyRlpzGj1NnO7xGZLcIDEYDvgG+RHaLUIAuiawsWLfaDVOahaws8PSy4OaWTvLZTBb/UIPoHem4uWYTMiKV4we82bs1i8w0V4aNy8bXNwMXFzeyswykpRg5ctCMWfUbIiJSCSpzCe/c2TZ+sHlQcOaUH2wCrikt3Tq9XOyRktWZOnIlzrZx4uhJ3n/0A0b8eziR3SLx9PG0Cc7J55PZvHILi79fUqIyi71/73O4f83itXj5enHt2P607Njy0v2PnGDWh/8lJSmlxH329/PD36/k4bkqbVuznbTkNIbfNowGzRtgdDFaw3NOVjYHdx1i4de/FLqYzOHdh+nYpyOZ6ZlE74iuzK5XqnIN0DnZFi5cKhPCxQjGbAvbVvuwbU0mGWlmondk065LDjH7sshIg307jHh7+9IgzIKLi5G8db1zlJ1FRKSCmdLS7cJrZYg9FMvHT0/l4bcfYumsX+3uH3sotsx1z5dDeD5/5jwThzzi9HlJiUl8//4s3Nxn0yyiGYEhAZhzzJyNP8vBqPIb8Vz243L+WrqOlh1a4O3rTXxsAgd2HCi361e00r6/+7cfYP/2A4TUDaF+szC8fL1JTUohZn+MTT24I1+//S0r5q7kQuKFYtsWNHPKrFLNNlPan7MsDF09e1RYkbG3D7SOcCU2Dk4dzy3FCA6x0G9QFls2uBBzKPcbo4sb1KtrICEBMtJV8ywiIv8MNWoHV8gUeSJSsSo0QBuN4ObpQla6GbM59zZu7gZCG7hxJj6LlHwPCBoMgCVv/FlEREREpHoq1xKOgsxmyEjLsdmXlWnh6EH7miSLkrOIiIiIXAaMVd0BEREREZHLiQK0iIiIiIgTFKBFRERERJygAC0iIiIi4gQFaBERERERJyhAi4iIiIg4QQFaRERERMQJCtAiIiIiIk5QgBYRERERcYICtIiIiIiIExSgRUREREScoAAtIiIiIuIEBWgREREREScoQIuIiIiIOEEBWkRERETECQrQIiIiIiJOUIAWEREREXGCArSIiIiIiBMUoEVEREREnKAALSIiIiLiBAVoEREREREnKECLiIiIiDhBAVpERERExAkK0CIiIiIiTlCAFhERERFxggK0iIiIiIgTFKBFRERERJygAC0iIiIi4gQFaBERERERJyhAi4iIiIg4QQFaRERERMQJCtAiIiIiIk5QgBYRERERcYICtIiIiIiIExSgRURERESccFkFaBdXF7x8vaq6GyIiIiLyD3bZBOh+o/qy4ODPLD6ykOvuGF7V3RERERGRfyhDV88elqruRHH6jerLa9+/gourCwBn4xMZ3mhEFfdKRERERP6JXKu6A8UpGJ4B9m3dV4U9EhEREZE8dRvW4a5n78Q30JclM5ey+pc1FXKfoeOGMHTcEE4dO8WXb3zFyZhTFXKfkqjWI9COwvPZ+EQeHDSRmP0xVdgzEREREanbsA7fbvgGv0Bf677XJ7zJ4u+XlOt9nv/8WYbdNtS6fTLmJLd3vZPk88nlep+SqrY10ArPIiIiItVb7+t624RngOen24bdsioYngHqNqxLx94dyu0ezqqWAVrhWUREROTy9fy0Zxk2vuwh+vnPn2Xo+CHl0KPyVe0CtMLz5ePqazqx3rSW9aa1fLfxm6rujoiIiFSyJTOXknIh1f6A4eLIcRnC73OfP8Ow24ZiMBjsjp06doq/12wr9bXLqloF6H96eJ637ydrII3oGlHi82rXr833m761nvvL4fm0ubq19XhE1wjrsfWmtTzyzsSK6L6IiIj8wySfT+aBAQ+RkpRif9AAz09/rlTlHM9//izDbxvm8FjKhVSevOEZks9VTf0zVKMA/U8Pz6VVv1kYHy58n2YRTYHcovrHRj7B7s17qrhnIiIi8k8QvTOaBwdNdByicb6cY9j4IYWWbaRcSOWhQROJ3hldqr6Wl2oRoBWeS6dJ68Z8sOB9GrVsBMCx6OM8OvIJoqMOVm3HRERE5B/lwI4iQrQT5RxDxw3h+c+fc1i2kRee928/UB5dLpMqnwda4bl0WrRvzjuz36J2/doAHN59mCfGPMXJmJN2baM2RNHNq2dld1FERET+QQ7siOaBgRP5bNkn+AbYzsyRV86BwcDi7xxPcTdsfG54xj47k3IhlQcGPFTlI895qnQEWuG5dCK6RvDez+9aw/O+bft5ZPijDsOziIiISGUpbTnHsPFDeO7zZwsNz9WhbCO/KgvQCs+lc1Wfjkye8zYhdWoAsHN9FI9e9xhnTp2t4p6JiIiIOF/OcbmUbeRXJSUcCs+l031wN17+6kX8gvwA2LJqC0/d+CxpyWlV3DMRERGRSw7siOa1e97gndlv2R/MV86BJTdQXw5lG/lVeoBWeC6dviP78MIXz+Ht5w3AX0vX8ewtz5OZnlnsuT2H9eDdOe8AsHfrXu7seU+R7V3dXBl73xj6jupDo5YN8fX3JS3FxNlTZ9j4+2bmTZ/HsejjJer3pMkPc+PEfwEw9ZlPmfXhfwHofV0vRtxxHU3bNiG4VjAWi4Vzp8+x9+99zP50DtvXbi/R9QHG3Hs9/cf0p3HrxvgF+JKWnMb1fPJHAAAgAElEQVTZ+LNsXL6Jn6bNJe5wHBFdI5i+6j8ARO88yG1d7iiyr588PZUfPvofAINuGsjQcUNoFtGUgOAAcrJzOH3yDLs27mLu5z8TtSGqxH0VERH5p1j9yxpev/dNnp/mOCA/P+3Z3BeXSdlGfpUaoB2FZwB3D3c+WPBeZXbFxuHdR/jmnW/ZtWl3lfWhKINuGsjTnz6Jp7cnACvnreKlO14hOyu73O/VqGUjXv/+FZq2bWqz3y/QF79AXxq1bMTQcUP44PEPSlQ2knj6nPW1f7A/Xj6ePDvtGa4d29+ubZ0GdajToA69h/dixutf8c073xZ57dphtXh91mu07dzGtq9BfvgF+dGoZSOGjBvM5InvkRB32um+urq58tznzzD45kE27VxcXQhtXI/QxvXoP+YaZk6Zxecvf1Hs9UVERP5pFn+3pPBRZgfBGapv2UZ+lRqgH//wMbvwDJfCWVWp27AuTdo05oa2N5GTnVNl/XDkujuG88SHj+Pu4QbA0lm/8urdr1fIvcIjmjFlwXuE1A0BwGKxEL3zIId2HyI9NZ3gWsG06dyakLohPPf5s3z63H+Kveb5M+etr/0C/Xj565fofV0vcrJz2LdtP0f3HSUzPZOQuiG079EOvyA/XFxduOeFuziy9wh/Llzt8Lp1G9blw1+m0CC8vrWvB6MOcXDXQbu+vvTVC0x57AOn+uob4Muz055m8M2DMJvNRO88yOE9h0lPTadG7WAiukUQVDMIVzdX7njqdgKCA5j8cNV9CRQREamuFn+/BLDklm0UozqXbeRXqQHar+CUJtWIb0BucKtOAXrs/WN45J2JuLrlfkzzpv/Mu4+8X2H3e/T9SdbwfObkGSZPfI81i9fatHH3dOe+VyZw08QbuePp24q9ZoY"
10:42:23.690 [Forwarding screenshot on session e9979048-770c-4b0a-8318-48798eddb49f to remote] DEBUG org.apache.http.wire - http-outgoing-1 << "pw/q6Y5+ONAivT8z+GN5+6F27Mo3aYbV456e3adG+OUYXI7dMurnQAD1p8kRreE5MSOS9R6awav4fdn2d8NI93PLITdz9wt1O9TU8Mpw2V7cmPjaByRPfZd2v623aevt589AbD3D9PaMAGHX3SLb++Tcr5q4s9j4iIiL/NIu/XwoGQ6HlHFD9yzbyq9RZOL57b2Zl3q7EEuIS+OSZqSWqJ64sA/91LZMmP4yrmysWi4VZH/63QsPzsPFD6dCrPQCmFBNP3vCMXXgGyEzP5OOnpvLTZ3PwD/Iv9rpZGVnW1w2bNyAh7jSPDH/UYY1zfGwC7zz0LmazGYC2ndsQXCvYrl3v63rR67peQG7offbm5+3Cc15fpz7zKbOn/kSN2vbXKaqvkd0iyEzP5KkbnrYLzwBpyWlMfvg9fvl2MQAGg4H7X7232HuIiIj8Y1mKO27BYimuUfVQqSPQX77xFX4BvtYHtfLsWLeTR0c+jinFVJndqdbG3j/G+vp/n/zI1Gc+rdD79bu+r/X1wq9/Ye/WvUW2n/bS51wzup91xLowmZm2X0q+f+974mMTCm2/d+teju49SpM2TTC6GGnfsx0r562yaTPopoHWqW6WzFzKjnU7i+zDZy9O45ox/ahZr6ZTfV303eJi66+mPvMpvYb1IDAkkNAmoQy5dTBLZ/1a5DkiIiL/NLlT1RU++gy55ZNTf/2YBwc9XO1HoSt9HugPn/yYHz+ZbbOvXfdIPljwPl6+XpXdnWorfzlB7+G9aNKmSYXdy9XNlfY92gG5tcQ/f7mg2HNMqelsWL7RqfuYUk3WEduinDoeb31d4+J81/nljZQDLPhqYbHXy0zPZMPyTSXs5SWLClkpKb8L5y6w/rcN1u2uA7o4fR8REZEr2bDxQ3hhuuMVBgvyC/Tj098+oXm78IrvWBlUyUIqCtHFe+/RKZyNTwQgtEkoHyx4j9adWlXIvRq1bIiPvw8Ap0+cLvF0gvv+3ufUfeKPx5eoTCY9Ld362svH9vehYYuGBNUMAnKnPyzpE7rO9vX8mfMc2FGya+/essemfyIiIpKrqBUGC+MXmDsSXZ1DdJWtRKgQXbSY/cd4fNQT1uW5a4XW4r15k+nYu0O536tWWG3r63OnzxfR0lb+keKSMOULxiVlNNr+itZtWMf6+qwTqy8629fEhHPFN7roxJET1tdBNQOduo+IiMiVqvd1vQpdYRDgjXvf4vV733RYG+0X6MfUXz8mPLJ6hugqC9CgEF2c/dsPMOm6x6wjwkE1g3j7f2/SfUj3cr1PwMWVDQEyM0r+IKXTKyCWw4MBQSGXAmpGekYRLW0521dn3oeUpFTra3dPD6fuIyIiciUKjwzn+emFjzy/PuFNFn23mMXfLeH1e99w2KY6l3NUaYAGhejiHIs+ziPDH+XAxVIFvyA/Xv/uFfqPuabc7nEu3/zHHk4EwLxVEStT0rlk62sPD/cSn+fj71xfnXof8v2eZmdmFdFSRETkyhceGc7UXz/GL9DP4fE37n3r4tzQuRZ/v7SIkejqWc5R5QEaFKKLEx+bwCPDH7XONuHl68ULXzzH8NuHlcv1T8acsr4OqWv/0F5h6tSvXXyjcpYQe6kUI9CJcgln+xpUK6jk125wqawk6WySU/cRERG5koRHhvPpbx/jH1Sy8JwndyT68innqBYBGhSii3P+bBKPjniMjRdnvvDw8uCpT/6PGx4YW+Zrx+yPsa7CF1wrmJYdWpTovJYdW5b53s46Fn2c1Au5JRM169Us8UN7zvY1sEYALdo3L1HbVldduvaxg8eduo+IiMiVIi88FzbynFe2Udhcz4u/v3zKOapNgAaF6OKYUtN5YsxT1nmRXd1cmTT5YW5/svgVAYvz9+pt1tcj/n1dse3dPd2rZMq2zPRM60i8wWBg5J0V19fhtxU/wu/u6U63QV2t21tWbXX6PiIiIpc7Z8s2CnO5lHNUqwANCtHFyc7K5rlbX+CXbxYBYHQxcu/L93D/a/eV6brLflxu/UY4dNwQIrtFFNn+gVfvK3YRlYqSf9XBEXdcR3hEsyLbl7avw8YPLXYU+oFX76NWaC0gd1q9pbOWOn0fERGRy1lpyzYKs/i7JXz41MfVupyj2gVoUIguiTfvf5sfPvofFosFg8HAbU+M44kPHyv19f5cuJo1i3KX7vbw8uCt/71Bv1F97dq5urny4Bv3c8ODY61lH5Vt0beL2f7XDgB8/H14d+47NqPAecrS18SERDy8PHjnp7cdXtvd052Jbz/Evx66wbpvxutfYkp1fqo+ERGRy5VvgC+f/vZJqcs2CvPjJ7NZPNNx6PYL9OOd2W8Wes/KUKlLeTvjwyc/BrBZ9jsvRGvZ71yfPD2V1KQU7nr+ToxGI2PuHY23nzev3vV6qa738VOf0KhlIxqE1ye4VjBv/PAa0TsPcmj3IdJT0wmsGUhEl7aE1A0hJzuHr976hsfen1TOP1XJfPjER7z387uE1KlB7fq1eW/eZA7siObIniOkp5W9r/HH49mwbCNDxw2xXvvw7sNkmDIIqhVE285tbEa1V8xdyfwZxa/gKCIiciUZNn4IfoG+Do85O/Jc0Ov3vonBYGDouCF2x+o2rEvH3h34c+HqUl+/LKptgIbCQ/SkyQ/z1gPvVFW3qpWv3vqGlKQUJr79EK5urgy5ZTDePt48P/5FsrOynbpW3JETPDz0Ed744XXaXN0ag8FA83bhdrVGKUkpTHn8Q2IPxZXnj+KU/dsP8MjwR3lj5qs0atkIo9FIyw4t7B6ALEtf35n4LkYXI4NvHuTw2gBms5l5n//M+499UOqfRURE5PJV+CIpZQnPAFjgtQm5DxU6CtG+AY6De2WoliUc+Tkq5+g9oncV9aZ6mv3ZHN556F0yTLkLi/QZ2Zv35k0u1TzN8bEJ3N17Au89OoVta7Zz/mwSOdk5pCSlELM/hp8+m8Pdfe5l6axfy/vHcNrh3Ye5vdudfPb8f4jaEEXyuWTMOeZy62tmeiav3PkaT9/4LH8tXUd8bAKZGVlkZWZx6tgpVs5bxaTrHlN4FhGRf6zVv6wmJSnFZl9pyzYcssBr97xhF8ZTklJY/cuasl+/lAxdPXuUw09X8R5660FunXQzkFsXkzc6LVJeeg7rwbtzcv+ysXfrXu7seU8V90hERKT6q9eoLnc9dye+gb4smbmUPxdUQFmFAfpc15uh44aQkpTCl298xYmjJ8v/PiXtzuUSoAHCmoYRWCOAXZt2V3VX5AqkAC0iIiIlUa1roAuKPRRL7KHYqu6GiIiIiPyDVfsaaBERERGR6kQBWkRERETECQrQIiIiIiJOUIAWEREREXGCArSIiIiIiBMuq2nsRERERESqmkagRUREREScoAAtIiIiIuIEBWgREREREScoQIuIiIiIOEEBWkRERETECQrQIiIiIiJOUIAWEREREXGCArSIiIiIiBMUoEVEREREnKAALSIiIiLiBAVoEREREREnKECLiIiIiDhBAVpERERExAkK0CIiIiIiTlCAFhERERFxggK0iIiIiIgTFKBFRERERJygAC0iIiIi4gQFaBERERERJyhAi4iIiIg4QQFaRERERMQJBpPJZKnqToiIiIiIXC40Ai0iIiIi4gQFaBERERERJyhAi4iIiIg4QQFaRERERMQJCtAiIiIiIk5QgBYRERERcYICtIiIiIiIExSgRUREREScoAAtIiIiIuIEBWgREREREScoQIuIiIiIOEEBWkRERETECQrQIiIiIiJOUIAWEREREXGCArSIiIiIiBMUoEVEREREnKAALSIiIiLiBAVoEREREREnKECLiIiIiDhBAVpERERExAkK0CIiIiIiTlCAFhERERFxggK0iIiIiIgTFKBFRERERJygAC0iIiIi4gQFaBERERERJyhAi4iIiIg4QQFaRERERMQJCtAiIiIiIk5QgBYRERERcYICtIiIiIiIEwydfK+xlOUCa04vLq++iIiIiIhUexqBFhERERFxggK0iIiIiIgTFKBFRERERJygAC0iIiIi4gQFaBERERERJyhAi4iIiIg4QQFaRERERMQJCtAiIiIiIk5QgBYRERERcYJrVXe"
10:42:23.690 [Forwarding screenshot on session e9979048-770c-4b0a-8318-48798eddb49f to remote] DEBUG org.apache.http.wire - http-outgoing-1 << "gMBfOJbPwu1/Zsno7xw7GciHxAtnZOXj5eBIUEkizNo3p0v8qBt1wDa5uJfsxvn73B76aPMu63WtoN9789nmn+7Zq4Vr+XPQX+7cfJOncBdJSTHh6eeAX6EuD8DBad2zB8FsHUTuspvWcSaOfZeuaHU7fK79npz7GkBv7l6q/i2b9xsGow1w4n4KbuxthjevSb1Qvxj/yrzL1qTCl/fzSUkwMajy22Ou7ebjh5+9Dg/D69BzchZG3D8HT29OuXUmvV1DzyGZ8ueIj/vvpPD57+UubY9OXfUCrDs2LPP+mq+8m7uhJAPoM787rXz9XZPuC96nboDazt37ldL/zjO95P0f3HwOgffcIPlnwts3xnRt3s3zOHxyIOsTJmHhSk9OwYMEvwJeG4WF0H9iZsfeMsPu3FR11iLuvfQSzOXcB0wdeupObHxpT6n6KiIhcjqplgJ49bT7fffAjSYkX7I6lJKWSkpTK8UNxrFq4lq/f/YEJz93OwLH9ir3ub7NX2mxvWLGF2MMnCGtSr0T9Orw3ho+encbfa3faHUtNTiM1OY1TxxPYtPJvfvhkLr2HdWPi6xMIrhlYoutXhPf/71MWfLsUi+XSiu3ZWdlE7zpM9K7DbP8rindmvVTiLyElUVGfX35ZGVkknj5P4unzbF8XxZL/LufFaf9H09aNy+vHAGDg2L7MeOt7MjMyrfv+WLi2yAC9Y/0ua3gG2L5uF9lZ2UW+xxtXbrXZ7tSnQ6n7/L/P5lnDM0Df63pYX+/avI/PXv6SXZv32vxO5ElMOEdiwjm2/RXF4h+W8+J/niA8oqn1eHhEU5pHNmPf9mgAfpw2nxG3DcbH36fU/RUREbncVLsSjjcemsInL3zhMHw5Eh97mg+e+g/paelFtvv1xxU2oQZyQ9icLxaW6D5xR0/y9LhXHIZnRzIzMvl93p9Me7X0o4hlNfvz+cz/ZonDoJRn06q/+fb9/5XbPSvq8yvO4b0xvHjX22W+TkE1agcT0bmVzb4tf24v8pwV81fbbCclXmDN0g2Ftr9wLpndm/fa7Os/qpeTPc2VnZXNvK8WWbc9vT0ZMKavdfuzl78katOeIn8n8hzdf4zn//2m3WfZ9dpO1tdn4xP5cdr8UvVVRETkclWtRqA/eeELfv1xhc0+N3dXOvSMpEVkOH4BPpxPvMD+HQeJ2rjHOirYfWBnh3++z++X739zuH/Fz6uZ8NztePt6FXn+lKc+4+SxeOu2wWCgTacWtL26NcE1A0lOSuHogePs2rSXc2fOW9sMHHsNANffOZweg7vYXXfr6h389dtGm30PvzHBYR9aF1M2UND8r5fYnn9VC3oM6kLckZP89tNKcrJzAFizdAN3PT3OqWs7UlGf38jbh9CweX3rdk52DqdPnGXd8k3EHj5h3X/sYCw/TpvP7Y/dVGQ/C17PkaCQS3816D6ws035zcE9Rzh+KI76TUMdnusoYK9duoF+I3o6bL9y/mrSTRnW7XoN63BV7/ZF9q8wi2Yt42TMpd/TyK6t8Q/ys24P+tc1RG3aA+T+fjZp1YiILq2pHVqT1ORU1i3bxOG9Mdb2J2JOMXvafO559jbrvoFj+/HdBz9izjEDsPiH5dz55K2l6q+IiMjlqNoE6O3ropj35SKbfbVCa/LS5/9HZJc2du2P7Ith+pvf8devGxl5x5Airx21aY81NBR0/mwSC75ZUmQd595tB+xC0d3PjOe2R2+0a5uels6P0+bz439+pl7DOnTqkxuE+gzv7vDaZ06etQvQN0wYWeTPUxKpF1KJO3IpXAbXCuKDOW9YvyikXEhl9eJ1uX04dbbM96vIz6/N1a0c1n7f8+x47h38mE3g27Ty72IDdGHXK8yAsX2Z/sa3ZKTnBn5zjpkV81dzx+M327XdtXkvxw/F2e3f9lfhf7lY//sWm+3O/TqWuG8FLftplc32VT3b2WwPu2UA333wIwFBftz19Dh6DLL9UnfXU+O4+9pJHNpzxLpvx4bdNm3qNw2lUfP61vc9Ie40y35axcAbnCvDERERuVxVmxKOWR/PITsr27rt7uHOK1887TB8ATRu2ZC3vnuBN755rtA2eeZ+8YvNn6w7X2MbUJYWGDUtKGrTHutoG0BAsL/D8Ay5fzK//bGbmLpwcrFBriIln0+xPugFULNuDZtRdt98Nas+ft5lvl9Ffn6F8fT2ZOjNA2z2nTweX0jr0gsKCSSiS2ubfZtXbXPY9vef/3S4//TJs2xYscVuf2ZGJjs32gbU/tf3LlU/T8ScYs/f+63bBoOBXkO72bRxdXPlmY8mMX3ZB3bhOe9412uvstl3/mySXbs2nWzLWv5Y9Fep+iwiInI5qhYBOvH0ebausR3h7TW0K22vblnsuQUDQkEJcaf5a9km67bRxch9z99BeNsm1n1H9sXwZxEB4OypRJtts9lMWoqpyPs2adWw2L5VpDoNauMX6GvdPrz3KHv/PgDkzqSQf9S7SauGZbpXRX5+xck/0wlQ7jXQeXoO7mqzvXf7Ac7GJ9q1KyxYA6xZst5u36oFa0lJSrVuhzWpR/vuEaXq4x8L11rLcgBqhYY4LDPp1Kd9kQ80GgwGm+3AYH+7NgU/250FRqlFRESuZNUiQP/16wayMrNt9vUe5rjkwVlzvlhoE6oiOrcmPKKpzYNVAAu+XVroNQIKBIjk8yk8M/5VDuw8VC59rCid+14aac/KzOaNiVOYPW0+j4593vpgmIurC2PvGVGm+1Tk51ec+NjTNtvlMZruyLWj+9jUaWdlZLFywRqbNrs27+PYwVjrdsPwMJvjW1fbT2NYsHynLOUb+3cctNkOa+K4Rrso6WnprMv3hROwG30HaHOVbYBOSrxQ7f89iIiIlJdqUQN9dP9xm22j0UCHHqUbhcsvOyub3+fZ/kl90MU6zRG3Deb7j2aTfD4FgL/X7iQ66pDNlF15OvSMxGg02JRE/L12J/cMeITGLRvRsn047bq1ofvAznZhuyrd/vhNbFixhdTkNABiDhznkxe+sB43GAzc+eStXNW7PWkpJt6Z9JG11KVzv44MHzeoRPepqM+vOJkZmSz573KbfY2aN6iQewUE+xPZtTWbVv5t3bdhxRabevWVBWbfuG78YOZ/s8T6oGPc0ZPs2ryXtldfKn/YsX6XzTnXju5T6j4ePXDMZrt2aM1CWuY6G59o/RKQlZHF6ZNnWb98s81sNbXDanLDvaPszm3YvD5ePl6YUi/9JSZq8x6aR9r/+xEREbnSVIsAnXj6nM22l4+XzSwIpbXgu6WcPnnpAbmQOsEMuelaAHz8feg+sLN1buic7BzmfLGQZz5+1O46rTo0p/vAzqz91Xa00Gy2cGjPEQ7tOcLiH5bh5uFG204tuXZ0X0bcNrjM/S+rxi0bMvKOofzwyRy7Y77+Pkx47nauv3MYkDt6mX9E1ZnRy4r6/PLs3ryXlKQU67Y5x0zCiTNs+H2LzYgv5D7wV5w3H5rCmw9NKbLNJwvetiul6Dmoq02A3rVpL2kpJmtt+aY/Lh3z8HRnwNh+nIg5ZTNTyKoFa60BevXidSSePm891qBZGBGd7Ud7SyruiO00jXUb1C6y/clj8Xz83PRCjzdt3ZhnPp5U6DzmterVICb60vt/aNcRh+1ERESuNNWihCMzI8tmu7wW9Vjyw+82232G97C59sjbh9jUe/65aJ11CrqCnv/0cbpcc5XDY3myMrLY9lcU7z7+CeN63MfmPwqvh60MHz83nR//87PDY41aNGBgvrCZf+ENgDr1a5X4PhX1+eVZ8O1SPn5uuvW/qS/OYPa0+Xbhuf+o3k4vyOKMgWP74uVz6UHMtBQTf/yyFsidqeVYvjAZ0SV3esOCI8pbVl/6nShYvlHc71dREuJOW2cJyRMYElDq67l7uNO5Xwdq1gsptI1foJ/N9vkSzv0tIiJyuasWAdrdw81mOyszq5CWJbdhxRYO7LxUE+ri6sLI222nS4vo3JqW7cOt26nJacybYTsVWx4ffx/e+/FV/u/9iTSPaGr3oFVBMQeO89wdb7A536hkZXrl3sn8NH2B9aEyo4sRF1cX6/Fdm/fy5C2vcOFcMgD7th+wOb9dt7Ylvld"
10:42:23.691 [Forwarding screenshot on session e9979048-770c-4b0a-8318-48798eddb49f to remote] DEBUG org.apache.http.wire - http-outgoing-1 << "FfH7OcHVzZfCN/Xn+s8cr9D4+/j60L/C+rF++GYDf5/1pM9NL3gwXEZ1b06DZpVroI/uOWaeIyz+3tMFgKFP5xtmEc3b7vH2Kntu8KJkZmfz303k8POppTsScctjGw8vDZru4B2tFRESuFNWihCO4ZpDNtik1nbPxidSoHVzqaxack7h99wgat7SfbWLA2L7s3XYpPP42Z2WRi4qMuG0wI24bzMHdR1i7dAN7/t7Pwd1HOH3ijF1bU6qJ/7zyNVf3Lf2DYaUx/5slNrXf7h7uPDllIqnJaXz8/HRrqN65cTdP3foyb898iU2rLgX9ug1q2z0AV5SK+PxKymAwcP2/hxW6+IwjJVlIJbSx4+Xdew7pyvrfN1u3t/0VBWDz1wZPLw+bh1Q79+toHS23WCys+HkN588k2TwA2bB5fVpf1aLEP0NBjlZ+9C7mgcq2V7dizenFQO7zAscPxRG1aS//nTqX2ItziMccOM6Hz0xj8g8v253v5V0gQF+stRcREbnSVYsA3aS1bbC1WCxs+yuq1CNyMdGxbPnTtnxi6+rt9Ko5rNhzT8bEs+S/y+3mFy6oWZvGNGvT2LodtWkPi2YuY/ncVTYzUhzcfYSYA8eLDWzl6eevF9tsj50wgkH/yl0R0Wg08NFz061zNu/avI/7Bj/OmXxT9TlbSlDen19Bj759P6PvGg7AuTPnWbdsE9Ne/YbzZ5OwWCz8NH0BJ4+d4q3vXyzR9ZxdSCW/a0f34bOXv7Q+mJmUeIE5Xyy0KYGJ7NbG5mHSAWP62iwZv+XPbSTnq+mGss2+URiL2Vx8o4tc3Vxp3LIhjVs2pGX7cO4ZOMk69/mmVX8Te/gEYU1sv1Tkf6gWgKL/KCMiInLFqBYlHN0HdsatQBmAozlzS2rO9AV206o5o7Blv4sS0bk1z3w8ibueGm+z32KxWEfzKkNmRiYxB2xnxchf6zzq38N49O37cXO/9N0pf/9c3VxLPPtGnvL+/IoSFBLIsFsGcsvEsTb71/66kWVzVhVyVvnx9vWye7jwm/f+a1O+0XOQ7ZzRra9qYfMF6kDUIdYvvzRVXO6S72Wr3Xb00GZpSyqaRzalRq1Lf1XIyc7hQJT9FHUFa669fStmCkEREZHqploE6KCQQDr1bm+zb82vGwpdfju/PVv322ynXkhl1cK1ZerP7i377KYX2/zH3yVapCNv6e788q/6V9HiY0/bLKYBYCkwUDjitsE89s4DNiE6T5/h3WnRrplT9yzPz6+kRowfhG+A7fu6eNayUl3LWT2H2Abk/OUTXj5eNl9Y8nTpd2lUPyc7x6Z8o3HLBk6/5wUF1wqy25d/irn8SlKXbyrwu556IdWuTYbJtk3+lS5FRESuZNUiQAOMe+QGm9kbsjKyeHnCZLsgm+dEzClef/B9HhrxpM0CDvO+XmwTaAKC/Xn4jQnF/pd/+jCLxcLcGb9Yt7Ozsnl70sfc0ech5n25iMwM25G3/ArWXvv4eTucW7qi1G8aioenu82++QVKOiB3BcDmkfahbdfmvfy5aJ3T9y2vz6+kfPx96Hbt1Tb7dmzYbTf6XhGuvb63XXjP0757W3wcfGG6dnSfQh887dq/U5n7VLNuDTwLPNSXf4q8PFGb9vDEjS/y/L/f4OBux9POLfh2qc3qiOB4WsOkxGSb7cKmuxMREbnSVIsaaIDILm34170j+WHqXOu+hLjTPDr2OTr0jKRlu3B8A3y5cO4CB6IOsXPDHuuI8NwZv/DMx5MA+O3HFTbX7Tm4q81iF4WpVS/EZsR03bJNnDoWT50GtVk08zcS4nJHDD94+j98/e4PtGwfTuOWDQgIDiAnJ4ez8TOI81IAACAASURBVIlsXb3dZl5cyB2trOyRuY692llnhwBY+N2vxETHEtmlNd6+3sREH2Pdss0OHzyLjz3Ni3e/Rbdrr2bwjdfQ97qeJbpneX1+zhh68wCWz/3Dup2TncPC735l4uv3FHlewXmlHQkKsZ+CLo+ntycdekQ6LFMpuOR3nlYdm9OweX276QINBgMDymnqvfpNQ4neddi6ffJYvF2beV8uwmy28OeidaxbtonWHVvQskNzgmsGkpqcxuF9MWxcscXmnLoNaztcGCf/HOuAzTMBIiIiV7JqE6AB7n/pTpISk1n8w6U/xWdlZrNp5d82C1gUtGbpeh5Nu4+/lm2yCbBGo8Fu6rrC9Bneg/pNQzl+KA7Ire/86YuFTHztHpbPtV3N8PzZJDas2MKGAkGjoIbhYdz/4r9LdP/ydMfjN7N7yz7rFHUWi4Xt66LYvi7KYXtPLw/MZot1ZN2cY+av3zayfV0UjVs0LPEDkGX9/PIvlV0Snfq0p0mrhhzeG2Pdt3rJumIDdFHLtudpHtmsyIcgew3pahegffy8izync7+OdgG64MOoZdGoRQObAB0fm2Bz/MK5ZJtlurMys9mxYTc7Nuwu9Jouri7cXaCuH+Dw3hi7kqbIriWf+lBERORyVm1KOPI8/dEjPPLmvSVeyS6kTjAPvHQnnt6eLCwQjFpf1ZJWHZuX+N79RtiOtq74eTWZGZk8/u6DdBtwtVMLhHS+piPv/e/VSpnKraDWV7Xg5elPEdqobrFtm7RqyPs/vcb7s1+1m+bvjidudnr2kLJ8fqXRZ3gPm+1TxxNYUWBJ7YrQ//re+AX62uzr0COiyL82DBzbz66Mo0v/0i+eUlD+Oc0BYgusTOgf5McDL99Fzbo1SnQ9/yA/Hp/8AANvsB8h371lr812jdrBNGllP02kiIjIlahajUDnGXvPCIbc2J/53yxl85/bOHYwlqSzF8jOzsbL25OgmoE0adWIzv06MuSm/rh7uLN32wG2F6i3dXZmg1H/HsbsafNJN2UAcDY+kQXfLuWGCSOZ/MPLxB4+wW+zV7J/x8HcPp27QHpablsvH09q1gshvG0TBozpW6ZV5crD1X078M2fU5k7YxEbV27h2ME4ks+nYMFCQJAf4W2b0nt4d4bfOtB6zozfP+SXmb+x7KdV+Ab4cNMDo0t179J8fqV13fjB/PDJHJsZIX6bvZL+o3qX+pol4e7hzlW92vHHL39Z9xV8uLCgFu2a0bhlA+uIudFoYMCY8ls5sd/IXkx77WvrDDSnT5zhyL4Ymy9GI28fwrBbBrBszio2rtjK4X0xnI1PxJSajsGQO5NGaOO6dOwZyag7hlE7rKbDe+3eYvvwZ8EFZkRERK5khk6+11iKb1a4vIUYRKTqTRrzHFtXb7du3/v8HYx75IZyv8/4nvfblKO88c1z9B7WvdzvIyIiUh25KgCLXDkG/+samwC9bd3/s3fvcVbVhd7Hv6ODiIimoiZkT1k0KGpYeQsvSOHtdHoKz2Mqik+pBxTx0pOmpvmQgR7xhoyAqU9q3s6xxI7VKwrveQEvBIpgZsdIRRNFhZiUkXn+4OwdlwHmB4PD5f1+vXi9gL322r+91p61P7P2WmtPbfWA/vMLL2fmC/+42snHPtlFPAOwQVnrjoEGVt2h3/hSdvzUPy459+yk6av8hSrLM+GuB5b4FsLDj/lyq84fANZ2AhrWM1/75uHVv8+f15D7Wvmkyon3PVX9e+ePbp0jTvxqq84fANZ2AhrWM0cO/Fo+/umPVf+9Kl+Mszx/mv7nPD/lj9V/9zvxn30DIQAbnJqGhobVOokQAAA2JPZAAwBAAQENAAAFBDQAABQQ0AAAUEBAAwBAAQENAAAFBDQAABQQ0AAAUEBAAwBAAQENAAAFBDQAABQQ0AAAUEBAAwBAAQENAAAFBDQAABQQ0AAAUEBAAwBAAQENAAAFBDQAABQQ0AAAUEBAAwBAAQENAAAFBDQAABQQ0AAAUEBAAwBAAQENAAAFBDQAABQQ0AAAUEBAAwBAAQENAAAFBDQAABQQ0AAAUEBAAwBAAQENAAAFatt6ABWTJk1KfX19pk+fnnfffbethwMbtC222CI777xzTj311Oy1116tOm8/6wCrZ4sttkj37t0zZMiQVt9G0zI1DQ0NTW09iFGjRuWaa65JU1ObDwVYTE1NTQYPHpwhQ4a0yvzq6+tTX1/vZx2gFbT2NpqWa/OAnjRpUo477rh06tQpl1xySb785S+"
10:42:23.691 [Forwarding screenshot on session e9979048-770c-4b0a-8318-48798eddb49f to remote] DEBUG org.apache.http.wire - http-outgoing-1 << "35XCA/3bXXXdl+PDhmTt3bm6++ebsvffeqzW/SZMmZcCAAdl8881z8cUX+1kHWA3jxo3L8OHDM2/evNx0002rvY2mTJsfwlFfX58k3lBhLdOvX78kybnnnpv6+vrV3jhX9jxXftZrampaY5gAG6TKNvq8885rlW00Zdr8JMLp06cniXiGtVDl53LGjBmrPa/KPMQzQOtozW00Zdo8oOfOndvWQwCWY4sttkiSVjnZzwmDAK2rNbfRlGnzgAYAgHWJgAYAgAICGgAACghoAAAoIKABAKCAgAYAgAICGgAACghoAAAoIKABAKCAgAYAgAICGgAACghoAAAoIKABAKCAgAYAgAICGgAACghoAAAoIKABAKCAgAYAgAICGgAACghoAAAoIKABAKCAgAYAgAICGgAACghoAAAoIKABAKCAgAYAgAICGgAACghoAAAoIKABAKCAgAYAgAICGgAACghoAAAoIKABAKCAgAYAgAICGgAACghoAAAosMEE9FlnnZW6uroMHjy46H79+vVLXV1dhg0btsxtF110UXr37p3evXtnwoQJrTXU1dK3b9/ljndNqSzbf/7nf17ptDNmzEjv3r1TV1eXXr16ZfLkydXbWmN5Hn300amrq8spp5yySvdn/TF37tyMGTMmxx57bPbbb7/stttu2X333dOrV68cddRRueSSS/KnP/2prYe5WtbV17ttxrrtuOOOK15mjz76aOrq6lJXV5dJkyat0uO2xfsbLE9tWw/gwzZhwoTceuut6d+//2rP6+23386sWbOSJA0NDas9v/XdjBkzMmjQoMyaNSudO3dOfX199thjj+rtlietZcKECRk2bFheffXV6v+1a9cuH3zwQWbPnp3Zs2dn8uTJue222/KVr3wlF1xwQTp06NCGI6Y5thnA2mqDC+gkufLKK/OFL3whdXV1bT2UDcbSb4SjR4/OZz/72bYeFuuhxx57LN/97nczb968dO3aNUcffXS+9KUvZaeddkpjY2P++Mc/5sEHH8z48eMzbdq0/OxnP8vs2bPzox/9qK2HzmJsM4C12QYZ0HPnzs0FF1yQ//iP/1it+Vx++eW5/PLLW2lU66/F3wi33XbbXHPNNc2+EVqetIarrroq8+bNy6c//encdNNN6dy5c/W22tradO/ePd27d8/AgQNzxx135PLLL0/Pnj3bcMQszTYDWNttMMdAV+ywww6pqanJlClTMmLEiLYeznpv6TdCe5FYk1544YVMmTIlSTJo0KAl4rk5Rx11VG666aYcf/zxH8bwaAHbDGBdsMEF9Kc//el87WtfS5LcdNNN+d3vftfGI1p/Lf5GuN1222X06NHZfffd23pYrMdmzJiRpqamJMl+++3Xovvssssu6dix45ocFi1kmwGsKza4gE6SCy64IJ/61KeyYMGCDB06NO+8884qzaclZwS/8sorueSSS3L44Ydnzz33zK677ppevXrlpJNOyj333LPc+82YMSPf+9730rdv3+yxxx7p2bNn+vbtm+9973uZMWPGKo234qWXXsrQoUNzyCGHZI899shnP/vZHHLIIRk2bNgqL4vmxl/6RtiS5fnII49k4MCBOeCAA7Lrrrtmn332yYABAzJ+/PgVzruhoSHdu3evngHe0NCQESNGpG/fvtl9993zhS98If369cvPfvaz6n3efPPNDB8+vDpNz549069fv9x1110rff6TJk3KKaeckgMPPLA6zm9+85u5//77kyTHH398s2exLz3OJLnlllvyL//yL9lzzz3To0eP7LfffjnttNNW+3WwPtp4442rf//rX/+6yvPZa6+9UldXl/r6+uVOc+utt6auri49evRY4v9bcx2u6ut9cavyWhw2bFjq6uqy9957r/TkvIaGhuyzzz6pq6vLtdde2+JxLc02Y8PcZjS3nC+77LL07ds3u+66a+rq6vK3v/2t2fv+5Cc/Sb9+/bLnnntm9913T58+ffLd7363Rc9zQ13etJ4N8hjojh075qKLLsoJJ5yQmTNnZujQobniiita/XEmTJiQ888/P3PmzEmS1NTUpLa2NrNnz85DDz2Uhx56KOPGjcuVV16ZLbfcsnq/n/3sZ/nhD3+Y+fPnJ1kUBTU1NZk5c2ZmzpyZX/3qVzn//PNzxBFHFI9p/PjxueCCC6qhXFu76CXw0ksv5aWXXspDDz2UH/3oR/kf/+N/rPLzXvqNcOzYsctExqoYM2ZM6uvr09jYmGTRcpk7d24mTpyYJ598coWXVOrQoUM233zzzJ07N6+99lquuOKKTJ48OTU1NdX5TJs2Leeff37efffd9OnTJyeffHJefPHF6jTvvfdepk2blvPOOy/z5s3LgAEDmn2sG2+8MSNGjFhmnI8++mgmTZqUM844o0Xj/Otf/5rTTz89v/71r5MsuopEY2Nj3njjjYwfPz6TJk3Kddddl912221VF+l6p3v37tloo42ycOHCXH/99W1ymFZrrcPVeb1XrOprsX///rn99tvz9ttv56c//WmOO+645T7GT3/608yZMyedOnXKUUcdtdIxNcc2Y8PdZiw+/tdffz2jRo2qhmm7du1SU1PT7CdE3/nOd6o7oSrP85VXXskrr7ySCRMm5KKLLsrhhx/e7GNuyMub1rNB7oFOks9//vMZNGhQkuRXv/pVfvrTn7bq/CdPnpz/83/+T+bMmZMuXbrkwgsvzMSJE/Pss8/mrrvuyoABA9KpU6fMmDEjm2yySfV+v/vd7/L9738/8+fPz6677pr6+vpMnTo1U6ZMyahRo7LLLrtk/vz5+f73v5+HHnqoeExnn3123nnnney2226pr6/PlClTMmXKlNTX16d79+556aWXcs4556zy8178jXD77bdvtTfCu+++OyNHjkxjY2N69OiRUaNGVZfL2LFjs+uuu2bs2LF5/fXXlzuPymXKbr755kyfPj2DBw/Oww8/nCeffDL19fXp2rVrFi5cmGuvvTYXXHBBXn755Zxyyil58MEH8/TTT2fMmDH52Mc+lqampowePbrZPXO/+c1v8m//9m9pbGxM9+7dM3LkyGXGefXVV7donHfeeWfGjx+fr371q7nzzjvz7LPPZsKECTnllFPSvn37zJkzxwlUS9lpp52y//77J0n+8z//M8cff3weeOCBD30cq7sOW+P1vjqvxU984hPZZ599kiS//OUvV/hcf/GLXyRJDjrooCV2BLSUbYZtxuLjnzJlSgYOHJj77rsvzz77bG677bZlpn/yySdzzz335NBDD80dd9yRZ599Nk899VR+8IMfpEuXLpk3b17OO++8TJs2bZn7Wt60lg1yD3TFoEGD8sQTT+R3v/tdRowYkS984Qv5xCc+0SrzHj58eP7+979nhx12yM0335wdd9yxeluPHj3So0ePHHnkkXniiSeWuP5s5Qe7R48eueWWW5a47eCDD86+++6bY489NjNmzMgll1ySAw44oHhM3bp1y09+8pMl5t23b9/07NkzX/va1/L000/nF7/4Rb7yla8UPee5c+cu8UY4ZsyYVnkjTJKRI0emqakpPXr0yK233rrE2A866KDss88+6d+/f7MbzIrK3vZnnnkmQ4cOXWJvWd++fdOhQ4eccMIJmTNnTiZOnJgzzzyz+ktWkvTp0yft27fPt771rcyZMyf33nvvMsvoyiuvzMKFC1NXV5dbbrklnTp1WmKcX/ziF9O/f/8888wzKx3n448/noEDB+bb3/529bYdd9wxp59+ehoaGvLjH/84TzzxRObMmZOtttpqZYtwg3HhhRfm5JNPzvPPP5/HH388jz/+eLp27Zo99tgje+65Z770pS9l2223XaNjWN112Bqv99V9LR5xxBF5+OGHM2XKlEybNq3Zn+VKeNTU1OToo49u+QL6b7YZthnJP8Y/ceLEfOc738lJJ51Uve1zn/vcMtM/99xzOeKIIzJ8+PDq/3Xs2DHf+MY3sueee+aYY47JnDlzMmLEiNx4441L3NfyprVssHugKy666KJst912efvtt3P++ee3yjwnT55c/eEbNGjQEvG8uG7duuWYY46p/vuxxx7LH/7whyTJmWee2ewXO3Tq1ClDhgxJkrz"
10:42:23.691 [Forwarding screenshot on session e9979048-770c-4b0a-8318-48798eddb49f to remote] DEBUG org.apache.http.wire - http-outgoing-1 << "44ostPgly8uTJmTp1apJFH301N+9tt922elhI5SOpErNmzap+qcGxxx7bam+Ev/3tb6tfiPHtb3+72bF36NAhp5122grnU9no7bTTTs1+1Lzffvtlm222SZJsv/32+eY3v7nMNL169apuCF944YUlbnv00Uer32x3xhlnLLFhrmjfvn2Lx9mlS5clNsyLq3w02djYmN///vcrnN+GpmvXrrn99ttz4oknVq/C8corr+QXv/hFLrzwwvTu3TtHHHFERo4cmdmzZ6+RMazOOmyN13trvBYPO+ywfPzjH8/ChQuXe8nPO+64I01NTdl9992bDZ2Vsc2wzUiWHH9zy3BpHTt2zFlnndXsbYuvqyeffLL6+kosb1rXBh/QXbp0yfnnn5+NN944TzzxREaOHLna8/ztb3+bpqambLbZZvn617/e4vtVTl7Ybrvtqh9DN+fLX/5yNQxa+vH0b3/72yRJ586d07t37+VOV/mWr6U39C3RtWvXfPKTn0ySXH311at9ne2Kxx57LEny0Y9+dIVXVujdu/dKL1uWZIVv0pWPoD/96U+nffv2K5xm7ty5S/x/ZV107tw5ffr0We5jHHDAAS0a54quTVxXV5eampokyVtvvbXSeW1oKm+wjzzySK666qocccQR+cxnPpPa2to0Njbm2WefzejRo3P44Yfn1ltvXWPjWJV12Bqv99Z6LVYiYMKECdXjRSsaGhpy3333JUn+5//8n8udx4rYZjyQxDajYuedd67G6YrstttuK9yj+0//9E9JkgULFuTBBx+s/r/lTWvaoA/hqDjkkENy5JFH5vbbb88NN9yQfffdN3vttdcqz++1115LsujNYXkb1OZUrhrQtWvXlU67ww47ZPbs2XnjjTdaNO/Kb+GzZ89u0TcwVk58LNGxY8eMHTs2gwYNyh/+8IcMHTo0jY2NS+xlXxVvvvlmkkXPeWW6dOmy0r2KKzpOs7LxXtFH/JUrPXzwwQdL/H9l/X3sYx9rlXFuvfXWy72tffv2qampSVNTUxYsWLDSx9uQHXbYYTnssMOSJK+//nruvffe3HfffXnsscfyzjvv5Ic//GFqa2vzjW98o9Ufe1XWYWu83lvrtXjMMcfkpptuyuzZs3PXXXflyCOPrN5WOXmwc+fO+Zd/+ZeVPk5zbDPWjm3GPvvsk7///e/N3m+TTTapntRXUQnDVbX41XIWt/3227fo/it7j+zWrVs222yzzJ8/v/p+nKw9y5v1wwa/B7ri3HPPzc4775z33nsvF1544XIvm9MS7777bpI0+7HhisybNy9Jsummm6502sq8K4+1MpU9H7W1tenQocNK/6yqrl275vrrr0+PHj3S2NiYYcOGLXMMWqnKumjJcmnJNBtttPKXfUv2giytsv5asvxaa5yU2X777XPMMcfk+uuvz/XXX5/OnTtn4cKFGTt27Bp5vFVZh63xem+t1+L2229f/TSscrJgReXfffv2LdpRsDTbjLbfZsyfPz8NDQ3N/mnuvbAylvfff7/oMSo+8pGPNDtNS5dhS5ZF5TVZWcaL/72tlzfrB3ug/1v79u0zbNiwDBgwIH/6058ybNiwJU5QKFG55M7yfqNfns0337zF96tMs8UWW7Ro3pWNSc+ePdfoR9bJojfd6667LieffHKmTJmSSy+9NAsWLFjixJASleWysuvRJuXLvDWVrPe2HCeL7LvvvhkwYECuuOKKvPrqq3nllVda9OlPxdJ7E1tLa7zeW/O1eOSRR+Y3v/lNnnrqqbzwwgvp1q1bpk6dmqlTp6a2tjb9+/df6WOsjG1G224zKufHtFTlfeftt99u8X0qn5ZuvPHG+ehHP1r0eEtb1ffItWV5s37w69NievTokdNPPz1JMm7cuBV+0cmKVD6GevXVV5c5bnBFtttuuyRZ4qSH5alM09KrCVQ+ylzRpXla0zbbbJMbbrghe+21Vz744INcccUVGT169CrNq7JcXn755ZVOWzlxqC1UTiZqyfpry3HyD5Xjb5MlY6CyZ2lFkdzSw6dKtcbrvTVfi/vvv38+85nPpLGxsXqM8h133JGFCxdmzz33TLdu3Vb6GC1hm7Fia9M2o3v37kkWncje0k9rKyfW77jjjqv9zZ8rW6/Tpk2r/vK0+GE86+ryZu0koJcyYMCAfPnLX87ChQtzySWXLPGxU0tVLi03b968/PznP2/x/Q466KAki46hnjhx4nKn+93vfld98z7wwANbNO/KMd0vv/xyJk+e3OIxrY5OnTrlRz/6UXr16pWFCxfm6quvzlVXXVU8n8pznD17dvWkpeY88MADa+yqCi1RuW7ua6+9lkceeWS507X1ONd3JXvTXnzxxSSLjvNc/NyAytn5K4rkJ598chVHuGKt8Xpv7dfiV7/61SSLTkZe/OTBfv36rfS+JWwzmtfW41zagQcemNra2syfP79Fn2jOmTOnepL85z//+dV+/GeeeaZ6nHtzfvWrXyVZ9Mnr4icLrqvLm7WTgG7G0KFD07Vr18yePTv/9V//VXz//fbbL5/61KeSJGPHjl3ub7t/+ctfMm7cuOq/99133+renKuuuirvvffeMvd57733cvXVVydZ8ksjVubggw/OTjvtlKamplx66aUr/GhzwoQJrbZ3rUOHDhkzZkz69OmTpqamjB07NpdeemnRPHr16rXEmfpLn8meLPqotrJc2srBBx9c3dtx1VVXNbuM14Zxrs/uu+++HHPMMbnyyiub/flZ3MyZM/Pv//7vSRb9zC5+/GXlevBPPPFEs58i/fSnP11jv4i2xuu9tV+LRx55ZLbYYovMmjUrF1xwQebMmZOuXbtWw7o12WYsaW0Y59K6deuWL37xi0mS6667bpmTDBf33nvv5Zxzzslbb72Vdu3atcohP/Pnz1/ut4y+8MILufPOO5MsCubKXudk3V3erJ0EdDM6d+6cCy+8MO3atVvleZxzzjmpra3NzJkzM2DAgPz7v/97dSP+/PPPZ8SIEflf/+t/5bLLLlvijf673/1uamtr8/TTT+f444+v/taeLPqt+Pjjj8+UKVNSW1tb/I2BZ599dtq1a5enn346xxxzTO6+++7qmN58882MGzcuJ554YoYMGZLrrrtulZ/70tq3b59Ro0bl0EMPTVNTU2644YYMGzasaB5nnnlmampqMn369AwYMCDjx4+vhs3999+f448/Ps8//3w+/vGPt9q4V0Xl+qFTp07NgAEDlrj819o0zvXVU089lQULFmTs2LE59NBDM2LEiDz00ENLXFVmxowZueaaa9K/f//MmjUrW2+9dU499dQl5nPooYcmWfQV94MGDaru1f7LX/6SESNGZOjQoenSpcsaex6t8XpvzdfilltuWd2TVzm0bXlfk9wabDPWvnEu7dxzz83WW2+dd999NwMHDszQoUMzadKk6thnzZqV22+/PUceeWT18nEnnnhiq1zru3v37hk3blxOP/306i+yf/vb33LHHXfkxBNPzDvvvJPNNtus2WtFr6vLm7WPkwiX48ADD8yAAQNyww03rNL9DzjggPzgBz/IsGHDMnPmzHz/+9/PhRdemNra2iUuabP//vvn73//e/Ukv/333z8/+MEP8sMf/jCTJ0/OoEGDqnvGKj/km222Wb73ve+1+PCNioMOOihDhw7NsGHD8txzz+W73/1uampqsskmmywR8VtttVV23XXXVXrey1NbW5uRI0fm7LPPzs9//vPcfPPNef/99zN06NAW3f+QQw7JWWedlSuuuCLPPfdcTjvttCWWy0YbbZSBAwdm8uTJmTlzZquOvUS/fv0ya9asXHPNNZk6dWoGDx68Vo5zfXXWWWdVj6V99dVXq1fbSBYdprFw4cIl9ih/8pOfzNChQ5d5Uz/iiCMyYcKE3HfffXn44Yfz8MMPp127dtWf3U984hP53//7f+f//t//u0aeR2u83lv7tXjUUUfl5z//eZqamrLpppuu0jcPlrDNWLvGubSddtopo0ePzjnnnJOXXnopt912W2677bZstNFGqa2tXeIKHe3atctJJ51UPcdode21117p1q1b7rnnnvz6179Ou3bt0tjYmKampiSLThwcPnx4s8f"
10:42:23.691 [Forwarding screenshot on session e9979048-770c-4b0a-8318-48798eddb49f to remote] DEBUG org.apache.http.wire - http-outgoing-1 << "nr6vLm7WPgF6Bs88+O08//fQqf1R7xBFHZNddd82tt96axx9/PG+88UYWLFiQ7bbbLrvsskv69euXQw45pNn79ejRIzfffHOeeOKJ6uEUXbp0yZ577pkBAwZUT+JYlTF94QtfyP/7f/8vTzzxRGbNmpX3338/W265ZT7xiU9Ur0yw+MderenSSy9N+/bt8x//8R+54447smDBghZf7eSEE07ILrvskptvvjnPPvts5syZk44dO6auri5HH310DjvssBx//PFrZNwlBg8enN133z233HJLnnvuubV2nOurb33rWzn66KNz5513ZuLEifnDH/6Qt99+O/Pnz0+7du2yzTbbpFu3btl///1z7LHHLvfSWaNGjcro0aMzfvz4vPzyy1m4cGF23HHHHHDAARk8eHAeffTRNfo8WuP13pqvxT322CM77rhjZs6cmV69ehVdsWR12GasPeNc2h577JFf/vKXueWWW/LAAw/kj3/8ByuG7gAAIABJREFUY+bOnZvGxsZsscUW2WGHHdKzZ88cd9xxrXayacVll12Wnj175q677srMmTPz3nvvZdttt83ee++db33rWyt8vHV1ebN2qWloaGhqywF07949TU1NmTFjxmpfnB1ofZWT655//vnVmo+f9XXbpEmTMmDAgDQ1NeXaa69d4TeaAh+eyrZ1dbfRlHEMNAArNWbMmDQ1NaVHjx7iGdjgCWgAVujHP/5xHnvssdTU1ORf//Vf23o4AG3OMdAANOull17K6NGj88tf/jJNTU35+te/Xr1CCcCGTEADsIzjjjsuTz31VD744INsvPHG+frXv54f/vCHbT0sgLWCgAZgGR988EE22WST9OzZMyeddFJ69erV1kMCWGsIaACW8f3vfz9du3atfq05AP8goAFYxqpeax5gQ+AqHAAAUEBAAwBAAQENAAAFBDQAABQQ0AAAUEBAAwBAAQENAAAFBDQAABQQ0AAAUEBAAwBAAQENAAAFBDQAABQQ0AAAUEBAAwBAAQENAAAFBDQAABQQ0AAAUEBAAwBAAQENAAAFBDQAABQQ0AAAUEBAAwBAAQENAAAFBDQAABQQ0AAAUEBAAwBAAQENAAAF2jygO3XqlCSZO3duG48EWNq7776b5B8/p6vDzzpA62rNbTRl2jygu3fvniS566672ngkwNImTJiQ5B8/p6ujMo9x48at9rwASO69994krbONpkybB/Spp56aJLnkkkty8803V3+bAtrWuHHjcvHFFyf5x8/p6jj11FNTU1OTiy++ODfddJOfdYDVcPfdd2f48OFpampqlW00ZWoaGhqa2noQo0aNSn19fVsPA2jGqaeemiFDhrTKvCo/6zU1Na0yP4ANWVNTUwYPHpwhQ4bYrn7I1oqATpJJkyZl1KhRmT59umMkoY116tQpO++8c4YMGZK99tqrVeftZx1g9azJbTQts9YENAAArAva/BhoAABYlwhoAAAoIKABAKCAgAYAgAICGgAACghoAAAoIKABAKCAgAYAgAICGgAACghoAAAoIKABAKCAgAYAgAICGgAACghoAAAoIKABAKBAbVsPoGLSpEm55pprMn369Lz77rttPRyAYp06dcrOO++cwYMHZ++9927r4QCwhtQ0NDQ0tfUg6uvrU19fn6amNh8KwGqrqanJ4MGDM2TIkLYeCgBrQJsH9KRJkzJgwIBsvvnmufjii/PlL3+5LYcDsFrGjRuX4cOHZ968ebnpppvsiQZYD7X5IRyVPc+VeK6pqWnrIQGssn79+iVJzjvvvNTX1wtogPVQm59EOGPGjCQRz8B6o/JJWmX7BsD6pc0D2gmDwPpmiy22SGL7BrC+avOABgCAdYmABgCAAgIaAAAKCGgAACggoAEAoICABgCAAgIaAAAKCGgAACggoAEAoICABgCAAgIaAAAKCGgAACggoAEAoICABgCAAgIaAAAKCGgAACggoAEAoICABgCAAgIaAAAKCGgAACggoAEAoICABgCAAgIaAAAKCGgAACggoAEAoICABgCAAgIaAAAKCGgAACggoAEAoICABgCAAgIaAAAKCGgAACggoAEAoICABgCAAgIaAAAKCGgAACiwwQT0WWedlbq6uhb/Ofzww1t9DBdddFF69+6d3r17Z8KECas0j759+6auri7Dhg1r5dH9Yxn98z//80qnnTFjRnr37p26urr06tUrkydPrt7WGs/z6KOPTl1dXU455ZRVuv+G6LjjjiteZo8++mj1NT9p0qRVetw1+ZoEgLVRbVsP4MO28cYbZ5NNNlnpdJtuummrP/bbb7+dWbNmJUkaGhqWuf3NN9/MXXfdlb333ju77757qz9+a5kxY0YGDRqUWbNmpXPnzqmvr88ee+xRvX1lzxMAYF22wQV09+7dc9ddd7X1MJYxa9asHHbYYWloaMioUaPW2oBeOp5Hjx6dz372s209LACAD80GF9Bt6fLLL8/ll1/e7G0LFixY6/fWLh7P2267ba655ppm43lFzxMAYF0noGmRpeN59OjRa+1ecgCANWmDOYmQVbd4PG+33XbiGQDYoNkDXWjSpEm58cYbM23atLz55pvZfPPNs/POO2fAgAE56KCDcvzxx+fxxx/Pl770pYwePXqJ+/bt2zczZ87MgAED8r3vfS9Jcsghh+Sll15aYrohQ4Ys8e/LLrtsuVfG+PGPf5x77rknM2fOTENDQ7baaqt87nOfyymnnJLu3buv9vNtLp532223Fd6nuee5tEceeSQ333xzpk+fnrfeeiubb755PvOZz6R///455JBDljvvhoaG7LHHHmlqaspPfvKT7Lbbbqmvr89vfvObvP7669lkk03y8Y9/PP37988RRxyRZNHJmddee23uv//+vP7669loo42y00475dhjj02/fv1W+FxWdX0vPc699tort9xyS+6+++78+c9/zvz581t9XbWm5pbzNddck/Hjx2fWrFlZsGBBnn766XTs2HGZ+/7kJz/JuHHj8pe//CXvvfdeOnfunD333DPf/OY3V/o8N9TlDcC6RUAXuPHGGzNixIg0NjYmWXRFj7lz5+bRRx/NpEmTcsYZZxTPs0OHDunQoUOSf1yxYtNNN01NTU11mtra5lfTKaecknvvvTdJ0q5duzQ2NuaNN97I+PHjM2nSpFx33XUrjd0VWTqex44dmx49eqzy/CrGjBmT+vr6ZZbjxIkT8+STT67wMmwdOnTI5ptvnrlz5+a1117LFVdckcmTJ6empqY6n2nTpuX888/Pu+++mz59+uTkk0/Oiy++WJ3mvffey7Rp03Leeedl3rx5GTBgQLOPtTrre/Fx/vWvf83pp5+eX//610nWzLpqbYuP//XXX8+oUaOql7lr165dampqmo3n73znO7nnnnuq0zU2NuaVV17JK6+8kgkTJuSiiy5a7iUiN+TlDcC6xSEcLfSb3/wm//Zv/5bGxsZ07949I0eOzNSpUzNlypSMHTs2u+66a66++uq8/vrrRfO9++678/vf/z7/+Z//Wf2/ESNG5Pe//331z2GHHbbM/R588MHcd999+epXv5o777wzzz77bCZMmJBTTjkl7du3z5w5c1brRL7F43n77bdvtXi+++67M3LkyDQ2NqZHjx4ZNWrUMstx7NixK1yOlV84KnuwBw8enIcffjhPPvlk6uvr07Vr1yxcuDDXXnttLrjggrz88ss55ZRT8uCDD+bpp5/OmDFj8rGPfSxNTU0ZPXp0sydvtsb6rozzzjvvzPjx49fYulpTFh//lClTMnDgwNx333159tlnc9ttty0z/ZNPPpl77rknhx56aO644448++yzeeqpp/KDH/wgXbp0ybx583Leeedl2rRpy9zX8gZgXbLB7YGeMWNGevbsudLpLr300hx88MHVf1955ZVZuHBh6urqcsstt6RTp07V2w466KB88YtfTP/+/fPMM8+skXEv7c9//nMGDhyYb3/729X/23HHHXP66aenoaEhP/7xj/PEE09kzpw52WqrrYrmPXfu3CXiecyYMa0Sz0kycuTINDU1pUePHrn11lur0ZMsWo777LNP+vfv32xkVVT2yD/zzDMZOnRojjrqqOp"
10:42:23.692 [Forwarding screenshot on session e9979048-770c-4b0a-8318-48798eddb49f to remote] DEBUG org.apache.http.wire - http-outgoing-1 << "tffv2TYcOHXLCCSdkzpw5mThxYs4888wMGjSoOk2fPn3Svn37fOtb38qcOXNy77335itf+coSj9Ea67syzscff3yNras1qTL+iRMn5jvf+U5OOumk6m2f+9znlpn+ueeeyxFHHJHhw4dX/69jx475xje+kT333DPHHHNM5syZkxEjRuTGG29c4r6WNwDrkg1uD/QHH3yQhoaGlf754IMPqvd59NFH86c//SlJcsYZZyzx5l7Rvn37nHbaaR/a8+jSpcsSgbC4ykfkjY2N+f3vf18871mzZlW/COXYY49ttXj+7W9/m1dffTVJ8u1vf3uJeK7o0KHDSpdjJZR22mmnJeK5Yr/99ss222yTJNl+++3zzW9+c5lpevXqVY2nF154YYnbWmt9V8a5JtfVmrT4+Jtbhkvr2LFjzjrrrGZvW3xdPfnkk9XXV2J5A7Du2eD2QPfo0aP4i1QeeOCBJEnnzp3Tp0+f5U53wAEHpHPnzpk9e/bqDLFFVrQXva6uLjU1NWlqaspbb71VPO+uXbtmk002yX/913/l6quvzkc+8pEceeSRqzPcJMljjz2WJPnoRz+a/fbbb7nT9e7du0XLcUVhv+WWW+bNN9/Mpz/96bRv336508yZMydz585d4v9be32vyXX1Ydh5552Xexz+4nbbbbcV7tH9p3/6p4wZMyYLFizIgw8+WA1qyxuAdc0GF9Cr4q9//WuS5GMf+9hKp+3SpcuHEtBbb731cm9r3759NRIWLFhQPO+OHTtm7NixGTRoUP7whz9k6NChaWxszDHHHLM6Q86bb76ZJNlhhx1WOm1LluOWW2653Nsqwbftttsud5qNN944SZb4tCFp/fW9qutqn332yd///vdm77fJJptUT+qrWPzE01VRWR5L23777Vt0/65du67w9m7dumWzzTbL/Pnz89prr1X/f21Z3gDQUhvcIRyrYt68eUnS7CEHS9t0003X9HCSJBtttGZXXdeuXXP99denR48eaWxszLBhw5Y5brXU3/72tyQtW0YtmaYly6Ale06X1trre1XX1fz585d7iFFlWTY3lvfff7/oMSo+8pGPNDtNS5dhS5ZF5dOAyjJe/O9tvbwBoKXsgW6ByuW6lrc3cHEtmWZdsf322+e6667LySefnClTpuTSSy/NggULljiZrMTmm2+eJC36yvK2XI5ry/qeOnVq0fRbbLFFkuTtt99u8X3eeOONJIv2Pn/0ox8teryllSyvyliTtWd5A0BL2VXTApUT0hY/8Wl5KifJrS+22Wab3HDDDdlrr73ywQcf5IorrljmC2JaarvttkuSvPzyyyudti2X47q6vitfDvLiiy82u4e6OZWrWuy4447NXte5xMrW67Rp06q/PC1+GM+6urwB2HAJ6BbYZ599kiSvvfZaHnnkkeVO98ADD6zy8c/t2rWr/n3xj9XXBp06dcqPfvSj9OrVKwsXLszVV1+dq666qng+Bx54YJJk9uzZue+++5Y73eosx9bwYazvNeHAAw9MbW1t5s+fn1tvvXWl08+ZMyf3339/kuTzn//8aj/+M888Uz3OvTm/+tWvkiw6jGPxkwXX1eUNwIZLQLfAwQcfXN1jdtVVVzV7CEJDQ0OuvvrqVX6MHXbYoXp86B//+MdVns+a0qFDh4wZMyZ9+vRJU1NTxo4dm0svvbRoHr169conP/nJJMnVV1+9zNUvktVfjq3hw1jfa0K3bt3yxS9+MUly3XXXLXOS4eLee++9nHPOOXnrrbfSrl279O/ff7Uff/78+RkxYkSzt73wwgu58847kywK5spe52TdXd4AbLgEdAtVrkE7derUDBgwIBMmTKh+5fD999+f448/Ps8//3w+/vGPr/Jj7LLLLkmSn/3sZxk/fnwaGxvz+uuvr3Cv3oepffv2GTVqVA499NA0NTXlhhtuyLBhw4rmceaZZ6ampibTp0/PgAEDqs8zab3l2Bo+jPW9Jpx77rnZeuut8+6772bgwIEZOnRoJk2aVB37rFmzcvvtt+fII4+sXj7uxBNPbJVrfXfv3j3jxo3L6aefnsmTJydZdOLoHXfckRNPPDHvvPNONttss2avFb2uLm8ANkxOImyhfv36ZdasWbnmmmsyderUDB48uHp1gsbGxmy00UYZOHBgJk+enJkzZ67SY/zrv/5rTjvttLz11ls57bTTUltbmw8++CBjxozJQQcd1JpPZ5XV1tZm5MiROfvss/Pzn/88N998c95///0MHTq0Rfc/5JBDctZZZ+WKK67Ic889V32eSestx9bwYazvNWGnnXbK6NGjc8455+Sll17Kbbfdlttuuy0bbbRRamtrl7hCR7t27XLSSSfl9NNPb5XH3muvvdKtW7fcc889+fWvf5127dqlsbExTU1NSRadODh8+PB069Ztmfuuq8sbgA2TPdAFBg8enGuvvTa9e/fOdtttl5qammy++ebZe++9c8UVV+SMM85Yrfn36dMnV111VXr27Fm9pNdWW2212id3rQmXXnpp9ctV7rjjjpx33nktvu8JJ5yQ66+/Pn369Fkjy7G1rOn1vabsscce+eUvf5lzzz03++67b7bddttssskmWbhwYbbYYovU1dXlG9/4RnVvcWu67LLLcsEFF6RHjx7ZdNNN065du3Tt2jX9+vXLbbfdlr59+y73vuvq8gZgw1PT0NDQ1JYD6N69e5qamjJjxozV/iIIgLVFZdv2/PPPt/VQAGhl9kADAEABAQ0AAAUENAAAFBDQAABQQEADAEABAQ0AAAUENAAAFBDQAABQQEADAEABAQ0AAAUENAAAFBDQAABQQEADAEABAQ0AAAUENAAAFBDQAABQQEADAEABAQ0AAAUENAAAFBDQAABQQEADAEABAQ0AAAUENAAAFBDQAABQQEADAEABAQ0AAAUENAAAFBDQAABQQEADAEABAQ0AAAUENAAAFBDQAABQQEADAEABAQ0AAAXaPKA7deqUJJk7d24bjwSgdbz77rtJ/rF9A2D90uYB3b179yTJuHHj2ngkAK3j3nvvTfKP7RsA65c2D+hTTz01NTU1ufjii3PTTTdV99wArIvuvvvuXHzxxWlqasqpp57a1sMBYA2oaWhoaGrrQYwaNSr19fWpqalp66EArLampqYMHjw4Q4YMsV0DWA+tFQGdJBMnTkx9fX2mT5/ueGhgndSpU6d07949p556avbee2/xDLCeWmsCGgAA1gVtfgw0AACsSwQ0AAAUENAAAFBAQAMAQAEBDQAABQQ0AAAUENAAAFBAQAMAQAEBDQAABQQ0AAAUENAAAFBAQAMAQAEBDQAABQQ0AAAUENAAAFBAQAMAQAEBDQAABQQ0AAAUENAAAFBAQAMAQAEBDQAABQQ0AAAUENAAAFBAQAMAQAEBDQAABQQ0AAAUENAAAFBAQAMAQAEBDQAABQQ0AAAUENAAAFBAQAMAQAEBDQAABQQ0AAAUENAAAFBAQAMAQAEBDQAABQQ0AAAUENAAAFBAQAMAQAEBDQAABQQ0AAAUENAAAFBAQAMAQAEBDQAABQQ0AAAUENAAAFBAQAMAQAEBDQAABQQ0AAAUENAAAFBAQAMAQAEBDQAABQQ0AAAUENAAAFBAQAMAQAEBDQAABQQ0AAAUENAAAFBAQAMAQAEBDQAABQQ0AAAUENAAAFBAQAMAQAEBDQAABQQ0AAAUENAAAFBAQAMAQAEBDQAABQQ0AAAUENAAAFBAQAMAQAEBDQAABQQ0AAAUENAAAFBAQAMAQAEBDQAABQQ0AAAUENAAAFBAQAMAQAEBDQAABQQ0AAAUENAAAFBAQAMAQAEBDQAABQQ0AAAUENAAAFBAQAMAQAEBDQAABQQ0AAAUENAAAFBAQAMAQAEBDQAABQQ0AAAUENAAAFBAQAMAQAEBDQAABQQ0AAAUENAAAFBAQAMAQAEBDQAABQQ0AAAUENAAAFBAQAMAQAEBDQAABQQ0AAAUENAAAFBAQAMAQAEBDQAABQQ0AAAUENAAAFBAQAMAQAEBDQAABQQ0AAAUENAAAFBAQAMAQAEBDQAABQQ0AAAUENAAAFBAQAMAQAEBDQAABQQ0AAAUENAAAFBAQAMAQAEBDQA"
10:42:23.692 [Forwarding screenshot on session e9979048-770c-4b0a-8318-48798eddb49f to remote] DEBUG org.apache.http.wire - http-outgoing-1 << "ABQQ0AAAUENAAAFBAQAMAQAEBDQAABQQ0AAAUENAAAFBAQAMAQAEBDQAABQQ0AAAUENAAAFBAQAMAQAEBDQAABQQ0AAAUENAAAFBAQAMAQAEBDQAABQQ0AAAUENAAAFBAQAMAQAEBDQAABQQ0AAAUENAAAFBAQAMAQAEBDQAABQQ0AAAUENAAAFBAQAMAQAEBDQAABQQ0AAAUENAAAFBAQAMAQAEBDQAABQQ0AAAUENAAAFBAQAMAQAEBDQAABQQ0AAAUENAAAFBAQAMAQAEBDQAABQQ0AAAUENAAAFBAQAMAQAEBDQAABQQ0AAAUENAAAFBAQAMAQAEBDQAABQQ0AAAUENAAAFBAQAMAQAEBDQAABQQ0AAAUENAAAFBAQAMAQAEBDQAABQQ0AAAUENAAAFBAQAMAQAEBDQAABQQ0AAAUENAAAFBAQAMAQAEBDQAABQQ0AAAUENAAAFBAQAMAQAEBDQAABQQ0AAAUENAAAFBAQAMAQAEBDQAABQQ0AAAUENAAAFBAQAMAQAEBDQAABQQ0AAAUENAAAFBAQAMAQAEBDQAABQQ0AAAUENAAAFBAQAMAQAEBDQAABQQ0AAAUENAAAFBAQAMAQAEBDQAABQQ0AAAUENAAAFBAQAMAQAEBDQAABQQ0AAAUENAAAFBAQAMAQAEBDQAABQQ0AAAUENAAAFBAQAMAQAEBDQAABQQ0AAAUENAAAFBAQAMAQAEBDQAABQQ0AAAUENAAAFBAQAMAQAEBDQAABQQ0AAAUENAAAFBAQAMAQAEBDQAABQQ0AAAUENAAAFBAQAMAQAEBDQAABQQ0AAAUENAAAFBAQAMAQAEBDQAABQQ0AAAUENAAAFBAQAMAQAEBDQAABQQ0AAAUENAAAFBAQAMAQAEBDQAABQQ0AAAUENAAAFBAQAMAQAEBDQAABQQ0AAAUENAAAFBAQAMAQAEBDQAABQQ0AAAUENAAAFBAQAMAQAEBDQAABQQ0AAAUENAAAFBAQAMAQAEBDQAABQQ0AAAUENAAAFBAQAMAQAEBDQAABQQ0AAAUENAAAFBAQAMAQAEBDQAABQQ0AAAUENAAAFBAQAMAQAEBDQAABQQ0AAAUENAAAFBAQAMAQAEBDQAABQQ0AAAUENAAAFBAQAMAQAEBDQAABQQ0AAAUENAAAFBAQAMAQAEBDQAABQQ0AAAUENAAAFBAQAMAQAEBDQAABQQ0AAAUENAAAFBAQAMAQAEBDQAABQQ0AAAUENAAAFBAQAMAQAEBDQAABQQ0AAAUENAAAFBAQAMAQAEBDQAABQQ0AAAUENAAAFBAQAMAQAEBDQAABQQ0AAAUENAAAFBAQAMAQAEBDQAABQQ0AAAUENAAAFBAQAMAQAEBDQAABQQ0AAAUENAAAFBAQAMAQAEBDQAABQQ0AAAUENAAAFBAQAMAQAEBDQAABQQ0AAAUENAAAFBAQAMAQAEBDQAABQQ0AAAUENAAAFBAQAMAQAEBDQAABQQ0AAAUENAAAFBAQAMAQAEBDQAABQQ0AAAUENAAAFBAQAMAQAEBDQAABQQ0AAAUENAAAFBAQAMAQAEBDQAABQQ0AAAUENAAAFBAQAMAQAEBDQAABQQ0AAAUENAAAFBAQAMAQAEBDQAABQQ0AAAUENAAAFBAQAMAQAEBDQAABQQ0AAAUENAAAFBAQAMAQAEBDQAABQQ0AAAUENAAAFBAQAMAQAEBDQAABQQ0AAAUENAAAFBAQAMAQAEBDQAABQQ0AAAUENAAAFBAQAMAQAEBDQAABQQ0AAAUENAAAFBAQAMAQAEBDQAABQQ0AAAUENAAAFBAQAMAQAEBDQAABQQ0AAAUENAAAFBAQAMAQAEBDQAABQQ0AAAUENAAAFBAQAMAQAEBDQAABQQ0AAAUENAAAFBAQAMAQAEBDQAABQQ0AAAUENAAAFBAQAMAQAEBDQAABQQ0AAAUENAAAFBAQAMAQAEBDQAABQQ0AAAUENAAAFBAQAMAQAEBDQAABQQ0AAD8/3bsmAYAGIBh2DP+QItiGHJNk2wEPaMGAhoAAAIBDQAAgYAGAIBAQAMAQCCgAQAgENAAABAIaAAACAQ0AAAEAhoAAAIBDQAAgYAGAIBAQAMAQCCgAQAgENAAABAIaAAACAQ0AAAEAhoAAAIBDQAAgYAGAIBAQAMAQCCgAQAgENAAABAIaAAACAQ0AAAEAhoAAAIBDQAAgYAGAIBAQAMAQCCgAQAgENAAABAIaAAACAQ0AAAEAhoAAAIBDQAAgYAGAIBAQAMAQCCgAQAgENAAABAIaAAACAQ0AAAEAhoAAAIBDQAAgYAGAIBAQAMAQCCgAQAgENAAABAIaAAACAQ0AAAEAhoAAAIBDQAAgYAGAIBAQAMAQCCgAQAgENAAABAIaAAACAQ0AAAEAhoAAAIBDQAAgYAGAIBAQAMAQCCgAQAgENAAABAIaAAACAQ0AAAEAhoAAAIBDQAAgYAGAIBAQAMAQCCgAQAgENAAABAIaAAACAQ0AAAEAhoAAAIBDQAAgYAGAIBAQAMAQCCgAQAgENAAABAIaAAACAQ0AAAEAhoAAAIBDQAAgYAGAIBAQAMAQCCgAQAgENAAABAIaAAACAQ0AAAEAhoAAAIBDQAAgYAGAIBAQAMAQCCgAQAgENAAABAIaAAACAQ0AAAEAhoAAAIBDQAAgYAGAIBAQAMAQCCgAQAgENAAABAIaAAACAQ0AAAEAhoAAAIBDQAAgYAGAIBAQAMAQCCgAQAgENAAABAIaAAACAQ0AAAEAhoAAAIBDQAAgYAGAIBAQAMAQCCgAQAgENAAABAIaAAACAQ0AAAEAhoAAAIBDQAAgYAGAIBAQAMAQCCgAQAgENAAABAIaAAACAQ0AAAEAhoAAAIBDQAAgYAGAIBAQAMAQCCgAQAgENAAABAIaAAACAQ0AAAEAhoAAAIBDQAAgYAGAIBAQAMAQCCgAQAgENAAABAIaAAACAQ0AAAEAhoAAAIBDQAAgYAGAIBAQAMAQCCgAQAgENAAABAIaAAACAQ0AAAEAhoAAAIBDQAAgYAGAIBAQAMAQCCgAQAgENAAABAIaAAACAQ0AAAEAhoAAAIBDQAAgYAGAIBAQAMAQCCgAQAgENAAABAIaAAACAQ0AAAEAhoAAAIBDQAAgYAGAIBAQAMAQCCgAQAgENAAABAIaAAACAQ0AAAEAhoAAAIBDQAAgYAGAIBAQAMAQCCgAQAgENAAABAIaAAACAQ0AAAEAhoAAAIBDQBL96OhAAAEO0lEQVQAgYAGAIBAQAMAQCCgAQAgENAAABAIaAAACAQ0AAAEAhoAAAIBDQAAgYAGAIBAQAMAQCCgAQAgENAAABAIaAAACAQ0AAAEAhoAAAIBDQAAgYAGAIBAQAMAQCCgAQAgENAAABAIaAAACAQ0AAAEAhoAAAIBDQAAgYAGAIBAQAMAQCCgAQAgENAAABAIaAAACAQ0AAAEAhoAAAIBDQAAgYAGAIBAQAMAQCCgAQAgENAAABAIaAAACAQ0AAAEAhoAAAIBDQAAgYAGAIBAQAMAQCCgAQAgENAAABAIaAAACAQ0AAAEAhoAAAIBDQAAgYAGAIBAQAMAQCCgAQAgENAAABAIaAAACAQ0AAAEAhoAAAIBDQAAgYAGAIBAQAMAQCCgAQAgENAAABAIaAAACAQ0AAAEAhoAAAIBDQAAgYAGAIBAQAMAQCCgAQAgENAAABAIaAAACAQ0AAAEAhoAAAIBDQAAgYAGAIBAQAMAQCCgAQAgENAAABAIaAAACAQ0AAAEAhoAAAIBDQAAgYAGAIBAQAMAQCCgAQAgENAAABAIaAAACAQ0AAAEAhoAAAIBDQAAgYAGAIBAQAMAQCCgAQAgENAAABAIaAAACAQ0AAAEAhoAAAIBDQAAgYAGAIBAQAMAQCCgAQAgENAAABAIaAAACAQ0AAAEAhoAAAIBDQAAgYAGAIBAQAMAQCCgAQAgENAAABAIaAAACAQ0AAAEAhoAAAIBDQAAgYAGAIBAQAMAQCCgAQAgENAAABAIaAAACAQ0AAAEAhoAAAIBDQAAgYAGAIBAQAMAQCCgAQAgENAAABAIaAAACAQ0AAAEAhoAAAIBDQAAgYAGAIBAQAM"
10:42:23.692 [Forwarding screenshot on session e9979048-770c-4b0a-8318-48798eddb49f to remote] DEBUG org.apache.http.wire - http-outgoing-1 << "AQCCgAQAgENAAABAIaAAACAQ0AAAEAhoAAAIBDQAAgYAGAIBAQAMAQCCgAQAgENAAABAIaAAACAQ0AAAEAhoAAAIBDQAAgYAGAIBAQAMAQCCgAQAgENAAABAIaAAACAQ0AAAEAhoAAAIBDQAAgYAGAIBAQAMAQCCgAQAgENAAABAIaAAACAQ0AAAEAhoAAAIBDQAAgYAGAIBAQAMAQCCgAQAgENAAABAIaAAACAQ0AAAEAhoAAAIBDQAAgYAGAIBAQAMAQCCgAQAgENAAABAIaAAACAQ0AAAEAhoAAAIBDQAAgYAGAIBAQAMAQCCgAQAgENAAABAIaAAACAQ0AAAEAhoAAAIBDQAAgYAGAIBAQAMAQCCgAQAgENAAABAIaAAACAQ0AAAEAhoAAAIBDQAAgYAGAIBAQAMAQCCgAQAgENAAABAIaAAACAQ0AAAEAhoAAAIBDQAAgYAGAIBAQAMAQCCgAQAgENAAABAIaAAACAQ0AAAEAhoAAAIBDQAAgYAGAIBAQAMAQCCgAQAgENAAABAIaAAACAQ0AAAEAhoAAAIBDQAAgYAGAIBAQAMAQHC2vd4AAADf8EADAEBwAU7+kKp4xzxZAAAAAElFTkSuQmCC","sessionId":"e9979048-770c-4b0a-8318-48798eddb49f"}"
10:42:23.692 [Forwarding screenshot on session e9979048-770c-4b0a-8318-48798eddb49f to remote] DEBUG o.a.h.i.c.PoolingHttpClientConnectionManager - Connection [id: 1][route: {}->http://localhost:4723] can be kept alive indefinitely
10:42:23.692 [Forwarding screenshot on session e9979048-770c-4b0a-8318-48798eddb49f to remote] DEBUG o.a.h.i.c.PoolingHttpClientConnectionManager - Connection released: [id: 1][route: {}->http://localhost:4723][total kept alive: 1; route allocated: 1 of 2000; total allocated: 1 of 2000]
E:\Automation_Demo\CigAutomationDemo\Reports\ScreenShot\ScreenShot20191202104221.png
<a href="./ScreenShot/ScreenShot20191202104221.png"><img class="report-img" src="./ScreenShot/ScreenShot20191202104221.png"></a>
ScreenShot20191202104224.png
current dir = E:/Automation_Demo/CigAutomationDemo
10:42:24.100 [Forwarding screenshot on session e9979048-770c-4b0a-8318-48798eddb49f to remote] DEBUG o.a.h.c.protocol.RequestAddCookies - CookieSpec selected: default
10:42:24.100 [Forwarding screenshot on session e9979048-770c-4b0a-8318-48798eddb49f to remote] DEBUG o.a.h.c.protocol.RequestAuthCache - Auth cache not set in the context
10:42:24.100 [Forwarding screenshot on session e9979048-770c-4b0a-8318-48798eddb49f to remote] DEBUG o.a.h.i.c.PoolingHttpClientConnectionManager - Connection request: [route: {}->http://localhost:4723][total kept alive: 1; route allocated: 1 of 2000; total allocated: 1 of 2000]
10:42:24.101 [Forwarding screenshot on session e9979048-770c-4b0a-8318-48798eddb49f to remote] DEBUG o.a.h.i.c.PoolingHttpClientConnectionManager - Connection leased: [id: 1][route: {}->http://localhost:4723][total kept alive: 0; route allocated: 1 of 2000; total allocated: 1 of 2000]
10:42:24.101 [Forwarding screenshot on session e9979048-770c-4b0a-8318-48798eddb49f to remote] DEBUG o.a.h.impl.execchain.MainClientExec - Stale connection check
10:42:24.102 [Forwarding screenshot on session e9979048-770c-4b0a-8318-48798eddb49f to remote] DEBUG org.apache.http.wire - http-outgoing-1 << "[read] I/O error: Read timed out"
10:42:24.102 [Forwarding screenshot on session e9979048-770c-4b0a-8318-48798eddb49f to remote] DEBUG o.a.h.i.c.DefaultManagedHttpClientConnection - http-outgoing-1: set socket timeout to 10800000
10:42:24.102 [Forwarding screenshot on session e9979048-770c-4b0a-8318-48798eddb49f to remote] DEBUG o.a.h.impl.execchain.MainClientExec - Executing request GET /wd/hub/session/e9979048-770c-4b0a-8318-48798eddb49f/screenshot HTTP/1.1
10:42:24.102 [Forwarding screenshot on session e9979048-770c-4b0a-8318-48798eddb49f to remote] DEBUG o.a.h.impl.execchain.MainClientExec - Target auth state: UNCHALLENGED
10:42:24.102 [Forwarding screenshot on session e9979048-770c-4b0a-8318-48798eddb49f to remote] DEBUG o.a.h.impl.execchain.MainClientExec - Proxy auth state: UNCHALLENGED
10:42:24.102 [Forwarding screenshot on session e9979048-770c-4b0a-8318-48798eddb49f to remote] DEBUG org.apache.http.headers - http-outgoing-1 >> GET /wd/hub/session/e9979048-770c-4b0a-8318-48798eddb49f/screenshot HTTP/1.1
10:42:24.102 [Forwarding screenshot on session e9979048-770c-4b0a-8318-48798eddb49f to remote] DEBUG org.apache.http.headers - http-outgoing-1 >> Cache-Control: no-cache
10:42:24.102 [Forwarding screenshot on session e9979048-770c-4b0a-8318-48798eddb49f to remote] DEBUG org.apache.http.headers - http-outgoing-1 >> Host: localhost:4723
10:42:24.102 [Forwarding screenshot on session e9979048-770c-4b0a-8318-48798eddb49f to remote] DEBUG org.apache.http.headers - http-outgoing-1 >> Connection: Keep-Alive
10:42:24.102 [Forwarding screenshot on session e9979048-770c-4b0a-8318-48798eddb49f to remote] DEBUG org.apache.http.headers - http-outgoing-1 >> User-Agent: Apache-HttpClient/4.5.2 (Java/1.8.0_121)
10:42:24.102 [Forwarding screenshot on session e9979048-770c-4b0a-8318-48798eddb49f to remote] DEBUG org.apache.http.headers - http-outgoing-1 >> Accept-Encoding: gzip,deflate
10:42:24.102 [Forwarding screenshot on session e9979048-770c-4b0a-8318-48798eddb49f to remote] DEBUG org.apache.http.wire - http-outgoing-1 >> "GET /wd/hub/session/e9979048-770c-4b0a-8318-48798eddb49f/screenshot HTTP/1.1[\r][\n]"
10:42:24.102 [Forwarding screenshot on session e9979048-770c-4b0a-8318-48798eddb49f to remote] DEBUG org.apache.http.wire - http-outgoing-1 >> "Cache-Control: no-cache[\r][\n]"
10:42:24.102 [Forwarding screenshot on session e9979048-770c-4b0a-8318-48798eddb49f to remote] DEBUG org.apache.http.wire - http-outgoing-1 >> "Host: localhost:4723[\r][\n]"
10:42:24.102 [Forwarding screenshot on session e9979048-770c-4b0a-8318-48798eddb49f to remote] DEBUG org.apache.http.wire - http-outgoing-1 >> "Connection: Keep-Alive[\r][\n]"
10:42:24.102 [Forwarding screenshot on session e9979048-770c-4b0a-8318-48798eddb49f to remote] DEBUG org.apache.http.wire - http-outgoing-1 >> "User-Agent: Apache-HttpClient/4.5.2 (Java/1.8.0_121)[\r][\n]"
10:42:24.102 [Forwarding screenshot on session e9979048-770c-4b0a-8318-48798eddb49f to remote] DEBUG org.apache.http.wire - http-outgoing-1 >> "Accept-Encoding: gzip,deflate[\r][\n]"
10:42:24.102 [Forwarding screenshot on session e9979048-770c-4b0a-8318-48798eddb49f to remote] DEBUG org.apache.http.wire - http-outgoing-1 >> "[\r][\n]"
&amp#27;[36minfo&amp#27;[39m: &amp#27;[37m-->&amp#27;[39m &amp#27;[37mGET&amp#27;[39m &amp#27;[37m/wd/hub/session/e9979048-770c-4b0a-8318-48798eddb49f/screenshot&amp#27;[39m &amp#27;[90m{}&amp#27;[39m
&amp#27;[36minfo&amp#27;[39m: [debug] executing cmd: E:\Android_Sdk\platform-tools\adb.exe -s 330030d996c89347 shell "/system/bin/rm /data/local/tmp/screenshot.png; /system/bin/screencap -p /data/local/tmp/screenshot.png "
&amp#27;[36minfo&amp#27;[39m: [debug] executing cmd: E:\Android_Sdk\platform-tools\adb.exe -s 330030d996c89347 pull /data/local/tmp/screenshot.png "C:\\Users\\E002867\\AppData\\Local\\Temp\\appium119112-13812-udvhor.png"
&amp#27;[36minfo&amp#27;[39m: [debug] Responding to client with success: {"status":0,"value":"iVBORw0KGgoAAAANSUhEUgAAAtAAAAUACAYAAABuzmU9AAAABHNCSVQICAgIfAhkiAAAIABJREFUeJzs3Xd0VNXexvHvTOqkJ4RQEjqhJxSRXqUXAQWvDcu1Nyzoa+9dVOxeROzgvSIgHQUBpVcpoSeUQCgJEAjpmSTz/hEyZDKTMuno81nLteac2eecnZnh3mf2/M7ehm6ePS2IiIiIiEipGKu7AyIiIiIilxMFaBERERERJyhAi4iIiIg4QQFaRERERMQJCtAiIiIiIk5QgBYRERERcYICtIiIiIiIExSgRUREREScoAAtIiIiIuKEKg3QRiMEBLlg8jLY7DcYwVDEMSIiIiIiNYlrZZ7cx9dAehrk5OStFu7lbaFj12zijrgQvTdvn6urgbCGBs4kWEhJ0ariIiLyz2LyMRHWJBSAoDpBJMYnAhB3+DjpKenV2bUimXxMNbZvIlWh0gK0wQDNWpgxuEHUZndycnLxq5VLxz4XwMWXIwfdMWflEtYskx49M1mx2IuUFJfK6o6IiIidsGZhhDYNZeOyjVV63Vp1gugysAuR3SMJaxZaZLu4g8fZuX4nm37fxNmLwbq6mXxMPPz2BN55aFJ1d+Wy065rO/xr+dntX7t4XTX0Rsqj8kagLeBqsjDgmiSMrsHs3GgguJ4rdZp40Pi8Kzs2GnBxg4FjM/B0M5JjuRSeXV0tGAxGzGaNSIuISOUxeXkyfuJNhEc0Z/bUOZU+qlqrThDDbh5G10FdStU+rFkoYc1CGT5+G10:42:26.124 [Forwarding screenshot on session e9979048-770c-4b0a-8318-48798eddb49f to remote] DEBUG org.apache.http.wire - http-outgoing-1 << "HTTP/1.1 200 OK[\r][\n]"
BuXbWLJjCXVGqTzw3Nxob8sWrRvQe3Q4FIHyT4je+PqXroIs3rhGsxZZpt9teoE0WtEL+o0qENuTg5Ho4+xeuFq0lMznO67M/xr+VG7XnClXsMRZ19fgPqN69GhVweC6wXj6eVJekoaJ2NPsW31tkr7DHYd2AVvP28Adm3cTcLx10:42:26.127 [Forwarding screenshot on session e9979048-770c-4b0a-8318-48798eddb49f to remote] DEBUG org.apache.http.wire - http-outgoing-1 << "X-Powered-By: Express[\r][\n]"
BKeOL8vfWVYVFqCNBvD0MpCVkUt2jgELkJHuSnBDVwb9K4cTce7UaWjC...","sessionId":"e9979048-770c-4b0a-8318-48798eddb49f"}
&amp#27;[36minfo&amp#27;[39m: &amp#27;[37m<-- GET /wd/hub/session/e9979048-770c-4b0a-8318-48798eddb49f/screenshot &amp#27;[39m&amp#27;[32m200&amp#27;[39m&amp#27;[90m 2019.640 ms - 45462&amp#27;[39m &amp#27;[90m{"status":0,"value":"iVBORw0KGgoAAAANSUhEUgAAAtAAAAUACAYAAABuzmU9AAAABHNCSVQICAgIfAhkiAAAIABJREFUeJzs3Xd0VNXexvHvTOqkJ4RQEjqhJxSRXqUXAQWvDcu1Nyzoa+9dVOxeROzgvSIgHQUBpVcpoSeUQCgJEAjpmSTz/hEyZDKTMuno81nLteac2eecnZnh3mf2/M7ehm6ePS2IiIiIiEipGKu7AyIiIiIilxMFaBERERERJyhAi4iIiIg4QQFaRERERMQJCtAiIiIiIk5QgBYRERERcYICtIiIiIiIExSgRUREREScoAAtIiIiIuKEKg3QRiMEBLlg8jLY7DcYwVDEMSIiIiIiNYlrZZ7cx9dAehrk5OStFu7lbaFj12zijrgQvTdvn6urgbCGBs4kWEhJ0ariIiLyz2LyMRHWJBSAoDpBJMYnAhB3+DjpKenV2bUimXxMNbZvIlWh0gK0wQDNWpgxuEHUZndycnLxq5VLxz4XwMWXIwfdMWflEtYskx49M1mx2IuUFJfK6o6IiIidsGZhhDYNZeOyjVV63Vp1gugysAuR3SMJaxZaZLu4g8fZuX4nm37fxNmLwbq6mXxMPPz2BN55aFJ1d+Wy065rO/xr+dntX7t4XTX0Rsqj8kagLeBqsjDgmiSMrsHs3GgguJ4rdZp40Pi8Kzs2GnBxg4FjM/B0M5JjuRSeXV0tGAxGzGaNSIuISOUxeXkyfuJNhEc0Z/bUOZU+qlq10:42:26.129 [Forwarding screenshot on session e9979048-770c-4b0a-8318-48798eddb49f to remote] DEBUG org.apache.http.wire - http-outgoing-1 << "Access-Control-Allow-Origin: *[\r][\n]"
rThDDbh5G10FdStU+rFkoYc1CGT5+GBuXbWLJjCXVGqTzw3Nxob8sWrRvQe3Q4FIHyT4je+PqXroIs3rhGsxZZpt9teoE0WtEL+o0qENuTg5Ho4+xeuFq0lMznO67M/xr+VG7XnClXsMRZ19fgPqN69GhVweC6wXj6eVJekoaJ2NPsW31tkr7DHYd2AVvP28Adm3cTcLxBKeOL8vfWVYVFqCNBvD0MpCVkUt2jgELkJHuSnBDVwb9K4cTce7UaWjC...","sessionId":"e9979048-770c-4b0a-8318-48798eddb49f"}&amp#27;[39m
10:42:26.134 [Forwarding screenshot on session e9979048-770c-4b0a-8318-48798eddb49f to remote] DEBUG org.apache.http.wire - http-outgoing-1 << "Access-Control-Allow-Methods: GET,POST,PUT,OPTIONS,DELETE[\r][\n]"
10:42:26.136 [Forwarding screenshot on session e9979048-770c-4b0a-8318-48798eddb49f to remote] DEBUG org.apache.http.wire - http-outgoing-1 << "Access-Control-Allow-Headers: origin, content-type, accept[\r][\n]"
10:42:26.136 [Forwarding screenshot on session e9979048-770c-4b0a-8318-48798eddb49f to remote] DEBUG org.apache.http.wire - http-outgoing-1 << "Content-Type: application/json; charset=utf-8[\r][\n]"
10:42:26.136 [Forwarding screenshot on session e9979048-770c-4b0a-8318-48798eddb49f to remote] DEBUG org.apache.http.wire - http-outgoing-1 << "Content-Length: 45462[\r][\n]"
10:42:26.136 [Forwarding screenshot on session e9979048-770c-4b0a-8318-48798eddb49f to remote] DEBUG org.apache.http.wire - http-outgoing-1 << "ETag: W/"ozbyJBEqDYLaNyP8Gnsjqg=="[\r][\n]"
10:42:26.136 [Forwarding screenshot on session e9979048-770c-4b0a-8318-48798eddb49f to remote] DEBUG org.apache.http.wire - http-outgoing-1 << "Date: Mon, 02 Dec 2019 05:12:26 GMT[\r][\n]"
10:42:26.136 [Forwarding screenshot on session e9979048-770c-4b0a-8318-48798eddb49f to remote] DEBUG org.apache.http.wire - http-outgoing-1 << "Connection: keep-alive[\r][\n]"
10:42:26.136 [Forwarding screenshot on session e9979048-770c-4b0a-8318-48798eddb49f to remote] DEBUG org.apache.http.wire - http-outgoing-1 << "[\r][\n]"
10:42:26.136 [Forwarding screenshot on session e9979048-770c-4b0a-8318-48798eddb49f to remote] DEBUG org.apache.http.wire - http-outgoing-1 << "{"status":0,"value":"iVBORw0KGgoAAAANSUhEUgAAAtAAAAUACAYAAABuzmU9AAAABHNCSVQICAgIfAhkiAAAIABJREFUeJzs3Xd0VNXexvHvTOqkJ4RQEjqhJxSRXqUXAQWvDcu1Nyzoa+9dVOxeROzgvSIgHQUBpVcpoSeUQCgJEAjpmSTz/hEyZDKTMuno81nLteac2eecnZnh3mf2/M7ehm6ePS2IiIiIiEipGKu7AyIiIiIilxMFaBERERERJyhAi4iIiIg4QQFaRERERMQJCtAiIiIiIk5QgBYRERERcYICtIiIiIiIExSgRUREREScoAAtIiIiIuKEKg3QRiMEBLlg8jLY7DcYwVDEMSIiIiIiNYlrZZ7cx9dAehrk5OStFu7lbaFj12zijrgQvTdvn6urgbCGBs4kWEhJ0ariIiLyz2LyMRHWJBSAoDpBJMYnAhB3+DjpKenV2bUimXxMNbZvIlWh0gK0wQDNWpgxuEHUZndycnLxq5VLxz4XwMWXIwfdMWflEtYskx49M1mx2IuUFJfK6o6IiIidsGZhhDYNZeOyjVV63Vp1gugysAuR3SMJaxZaZLu4g8fZuX4nm37fxNmLwbq6mXxMPPz2BN55aFJ1d+Wy065rO/xr+dntX7t4XTX0Rsqj8kagLeBqsjDgmiSMrsHs3GgguJ4rdZp40Pi8Kzs2GnBxg4FjM/B0M5JjuRSeXV0tGAxGzGaNSIuISOUxeXkyfuJNhEc0Z/bUOZU+qlqrThDDbh5G10FdStU+rFkoYc1CGT5+GBuXbWLJjCXVGqTzw3Nxob8sWrRvQe3Q4FIHyT4je+PqXroIs3rhGsxZZpt9teoE0WtEL+o0qENuTg5Ho4+xeuFq0lMznO67M/xr+VG7XnClXsMRZ19fgPqN69GhVweC6wXj6eVJekoaJ2NPsW31tkr7DHYd2AVvP28Adm3cTcLxBKeOL8vfWVYVFqCNBvD0MpCVkUt2jgELkJHuSnBDVwb9K4cTce7UaWjC06cZTdumE9b8NM3budCmix+HtmWRm5sLGDF5WmgSnkOm2ZsjB9PJUYgWEZFK1nVQF8Ijm/Pla18RdzCukq7RlfETb7LZF7Mzhp3ro4g7GEd6WgZxB+MIaxaGycuTsGZhRHaPoHlkc2sfuw7qwvTJP1b5iDlUfHgOrluLbkO6Edk9knqN6hKzM6bUwefae6/BxbV0v1pvWr7ZJkC369KWWx6/Ga+LQQ2gfc/2dBvclamvTOPU0VPO/SFFcDTa7B/k77Btz+E97PaVNwSW5/W9/sHr6D6kGy5u9jFx6I1DWPbz7/z2v6Xl6l9hHXt3yPv3Yci7K+78mfOlCtDl+TvLo8ICtMHVQngLCw1apHFwvyeH9xvJzHAlM7MZdRqFcP0DFzD5eAK18AnIYuiNrgTV9sLoCulZx/H0TqVbuyzadE4lJ8uNedMzFZ5FRKTKBNUJ4qlP/4/ZU+bwx7w/K/Tc4yfebDPqXNxocn6Aj46KYeXcP+xGrfNHzKdPnlGhfSxORYVnN3c3rryqM536dKR5u2YOA1pJ6jasW+rwXJjJ25MbH7kBLz9vDuyIZu3itXiYPBg4bgAhYSFc/+B1fPTUJ3bH1a5fm9MnTjt1LWdGmytqVLoiXt+bH72RbkO6AZCbk8uxmGOkpaQTEBxAvYZ18PDyYOStwwEqLER7+Xox5s7R1vBckor4O8urwq6YYzZw6JCRfuNy6HSVmT1b/LiQ5Ab44eLiR9M2PpCTBRkpGA0GQhsFgdEDyCSojg+DrnejRWQ2BnJYPN2dpHM5FdU1ERGREmWkZuDp7cnY+64lvH040yfPqLCSjuOHjgNwLuEcU1+dZg3J4RHNiewRQfOIcJtwGnfwODFR0excF0V0VAzTJ8/gj3l/cs+LdxEYEmg9X1XpP6ZfucNzv9F9GXrjELz9L438YrGUOjTlC65by/p49YLVRG3cXWz79NRL72Hnfp3xC/Lj/JnzfPHyVLIysgCI3R/L/330BM0jmlG3YV2bUeiwZmE8+u7D7Fwfxffv/uBUX6tSRby+LTu0oOugrgAknU3i67e+5dDuQ9bnO/XpyE2P3mj90vHXqm1Of7FwZMwdowiqE1SqthX1OSqvCo3sKck57Nvpx5CbvOkxoh4ZaeDp7QMZyXD2CKSnYci1QK4ZizEHfOtBrQbUa1KH+k3MGIzZHNlr4dDeTCy5mUDe62HRQLSIiFSyH96fTtdBXYnsHkFk9wie/vRJpr8/g+iomHKfe+XcPzD5mFg59w/SU9IJj2jOsPFDCY8Md9g+v/a535h+RO+MZsn0X4mOiuGtB9+h/5h+rJz7R7n7VNXCmoVZQ8+5hHPs2riLHet28tBbDzp1noDaAdbHsQeOsnfr3lIfGxJWG8gb5c8PzwAnjpwkMSGRkLAQQpuG2gTosfdcg4fJg8y08tdHn0qMJys7y+Fzfl5+BPg4LvEojYp4fXsO74nBmBdE50z9xSY8A/y1ahv1GtVj6E1D8PT2pPuQbsz/ZkGZ+wzQ+orW1tCempRqG4wdqKjPUXmVO0C7uYGbu4Xc3Lygu2erK+GRJppFuOPt7QpJCXAuGUztMYS0Ajd/yEnFkLwby9k1cP4ELvVbgl8QOblZXDjngm9ADi0jczF55mLEwrFYD84mWMhVkhYRkTK65fGbsVgosvQhPSWdL1+dxvDxwxh281CC6gTx8KQJLJ6+hCUzfi339RdPXwLkjeZee+81NteNjoqxGVUObRpKeERzTD4mwiPDCZ8Ubi0tyT9PZTP5mPDyNlXYDWOpyalsW72drX9sZce6nQAEBAeUcJQ9v8BLdcVn4886dazRJa/0w5xptnsuv07a3cPNuq/3iF40j2xOYnwi878tX1AE+GP7SuJOH7Pb7+7qzq1Dbi/XuSvi9W0e0QyAxPhE/lq1zWGbP+evYtB1A3Bxcy3yC6DJ27NUN2S6ubtxzd1jMLoYOXPyDIf3HObKAVcWe0xFfY7Kq1wB2mCEuqEutOuYgqu3gdwcd7LMruTkgsVihHOn4EwK1BuHwTccLNlgyQJXN3DvCt5hEDcbDm+Gxp0w+AcR3t6bRi1zcXdPJTM5ja3LvTmwD4VnEREps8juEXQZmFdDHNo0lGmvTSsyGG5ctpGuA7tYf1LuPrhbhU0jZ/IxWWuZ01PSWTLj12JHk4ePH0a/0X0x+ZjoNrgrG5dvqpL5l/Nrnud8MafCAvQvX86tkPMUvBHv1NF4p47NuDiKXPAGwnxevl4A1tc3oJY/w8YPBYuFBd8trJAZOhyFZ4BhXYeXa/QZyv/6BtethW+ALwDHD58osl1KUgoJJ85Qr1Fdh7Xb1z0wjt4jepGanMq017/m4K6DRZ5r5G0jqNeoLpZcC3OnzSOiW0SJ/ayoz1F5lStAW3Ih8XQOKSkudOuVSWgLTwyGIMAH0lPhzGmoPQqDZyBkHgGyMGAGMrHkZGIgF2q1xnLyOBzfjdGrOyYfXzy9jSSdTmHtrybWLTOQmqJ6aBERKbvoqBg2/b6JLgO7ENYslKc+fdJhjXNk9wjGT7wZk48JgJ3royq0Fjo9JZ2PnvqEe164i+mTZ3A2PhGTj4nIbhGENQsltGkoxw8dz5v/eUMUi6cvYeOyjVx777UV2o/iVNZUdRXFJ8AHyHstU5JSnDr24K6DcP0gmrZuQsMWDTl64CgAV/S7gsDgAMyZZg5eLFsYfedofAN8idqwiy0rt5a730cTHIfnTuGdCA9zPJJbleo3qW99fP70uWLbXkhMol6junj7e+Pj72PzPkR2j8BgNODj70Nk94giA3ST1o3pM7I3ANtWb2PHup2lCtA1RblLOFJTYf1KD06c8OTmCS4E1jdiNLjA6QNgCAJ3L8g8hMFoBkMGGLPAYsaQmwk5Ziykg4cJkuPh/EkIqU9aUhYLv3Nl9xYz6akKzyIiUj7pKen88P4MDuyMYdy912LyMXH3i3exc32Utc3w8cOsU8ZlpGYw64s5lTJdXH6IBvvADlh/Fk9PSWf65BnsXB/Fl69Oq/B+OFLTwzOAr39egE5LSeOqa/oT2SOSoJBAPEwepKemcywmjlULVhO9M9ru2D1b9nJgRzQt2ofz4Ov3s3/bflzcXGlzRWswGNiwdAPJ55Np16Utnfp0JD0lvcJGPBPO2Y+W1w6ozVWdBlTI+cvLu8CofEZ6ZrFtMws87xfoaxOgD+0+RKe+ncjKyCJ6h/17kG/svdfi6u5K8vlk5kytGaPKzqiQmwizsy2cjLWw4AcXho3PIqRuOobkRAzuQZB5FAzJ4JoNLhmAGYzmvCBtzoDsNOA8BrKxJJ3EUMsPozGd5m1zcXfNIf54DudPG0hOcSGr+PdTRESkWBuXbeT4oeOMn3gToU1Diex+acQrPzwfP3Sc6ZN/rLT5oPPVqhPE3S/eZd0+l3COs6fOUqtuLQJDAq0h/+XbX6myxVMeeWcCoU1rbngG8LkYoGvVrcU194yxec7L14tadWsR2T2CZT//zsLvFtkd/81b33LjIzcQ0bUdHft0BCA7K5u1i9cxe+ovuLm7MfrOURhdjPw+a3mFzDIBcCz+qM22u6s7Q64cViHnrghu7pdqv3Oyix+8LPi8ycfL5rlv3v6O5bNXcCHxAufPJjk8fthNQ2jUshEAC79fTFKi43Y1WbkCtNFowcvbQp2wXJq1NdC2mxf+tV0gOwvM6ZB7DDI9Mbhm5IVml0xwyQIy8/7LzcCQnQaWVDACWRcgNxUvvxy6D8+m88AMkuMzOLDRg83rfIg5kFshf7SIiPxzxR2M46OnPmHcvdda66Lzbfp9E7O+qPwVCQHOxicyffKPjL3nGr58dZrNbB/hEc25+8W7mD31lypdebCmh2ewHSnNTM/kyL4jXEi8gIfJg8atG+MX6IfRxciQGwaTdCaJ1YvW2ByfkpTCl69OIyQ0hEYtG5Kba+HgroOcP3MegJF3jKBuw7ocPXCUpT8tq7B+JyTZLgoSHhZOVnaWTWlHeWfiKA+j0Vim4xzNHnc02nG5CuStcDhgbN6o+96t+1i35PJcxrxcATow0Ejnbml0vCqD2k08cfVwAQtY0nMBA2Qeh5Q0MLkB2WAwg4sZMENONmTnQI4FCt4faIBcDGRnGDl1yJ3Du1w4st+Fc8WX44iIiDjF0b3pVX2/+sZlG9m5fifpKenUqhNEUEgQiQmJREfF8NK/X6mSIH+5Wf/behq3akLqhRTmFPqC4enlyY0PX0+nvp0AGDZ+KBuXb7KZsi5fwvEEu5XuwpqF0XtkL3LM2cypwJvVMrIySE5Lttm3+8hudh+5NId17YDaXN//hgq7Zk017v6xeHh5kJ6Szpypv1R3d8qsXAE6JTWXXVFuJCa70qSlC41aZxJU3w2Tpzu4e0DGOSyZCYDx4jcUy6X/dcoGSw6Qk3czoiHXAO4mMEBGioU/57mwZ5MrZ065kJ4OllyNPouISPmFNQvj5sducljn23VQF0KbhjLjg8ov4ciXPy/03S/ehcnHRHpKOh8//WmVXb/roK7VsjR4Wc39an6Rz2WkZfDN298REhpCWPMwfAN86dzvCtb9ur5U5772njF4mDxYs3CN9ea37kO60aJ9CzxMHiQmJLLp903FjrA67FdWJj3a9rRub9m/2WY+6Pzw7Onu6dR5awJnvnT2HdXHWuP/+6zlFbZsenUo23j9RZkZBo4fdWXzKjfmfGtk+ke5xB3MANdc8AvEYnGBbCA7F4s5F0uWBdKBdLBkAFlcfB4suIB/IBjBw9NMw6bZuLoZyEjPC9giIiLl1XVQVx5++yFreC54E2HMzrwSirBmoTz89kPWxR2qQsF5oPNm4aia8Dx+4s10K1TG8newfukG6+PGF2ttS9JrRE/CI8Otcz57ennyyDsTuOnRG+nc/woiurWj76g+PPbeo/Qd1cep/gT4+NOjXQ96tOtB0/rNamR4LljXnL+YSmnkz59dkuC6tRh201Agb+XHiiyPqQ4VthJhcB0L/UZl0qiVBXCD4CBI9IPUc5dienaBK+YAF6s5yAJ8gyAwAAw5uLjm0KprBgG1s1k+043d21zJSK/aJRpFROTvw+RjYuw911rnYM5IzeCH96eTnpJuvZFw8fQlmHxM3PL4eEw+JsZPvInI7hFVNn3c1NemMfaea5k9dQ6QV+vbpFVjdm0qfqnqsho/8Wa6Dupi/eLwd3Jk3xHrY99A3xLb+wf5M3z8MLBYmP9t3pzPNz1yA80jm5OSlMKymb9z5uQZ2veIpMuAKxlz52gO7ztinQbPGduiL02JV1PCM0B62qXPeMEbCh1xK7DYTGn/bYy971q8/b2x5FpYv3QDLTu0sGtj8r70OgSFBFnbHDsYR1pyWqmuU1UqJEDXb5DDwHFpXDHAABYjFksmFk8vDKEN4FAmlvQ0DPnlGi4XD8rlUnj29MVSvwG4woVEM6eOGHHJNWI0GujUNZ0ccwC7o8CcoaFoERFxXnhEc2t4Pn7oOF++mreQSnhEc5t2O9dH8faD7/DIpIcJDAm0Lun98VOfVPjNfN5+3ri65v3fcGpyqnXauvzn2nVpm7faW0TzCllOvKD88Px3VXDRk/zVB4sz+s5R1jmft/6RF3Db92wPwNxp89j4+yYg7/MRUDuQFu3D6T64m9MBOiMrw1r3XJPCM8CFxEs12j4OFpopyOvizBs55mzrzZfFadmhBe26tAXyRrdvmHB9iceMvnOU9fHnz09xasn2qlDuAO3rB23aZWHJdGPNXE+SL7jiV9tIh17peAX6QvMWGI7HYUk+j8GcA8a8YhmLxZCXpv2CILQB+HoBGaQm5bBqoYFTh40YXEy4Gt1Jz4CcLK1EKCIiZbNzfRSbLoagH953vJR3vq6DuhIYEmjd3lhBqxAW1qRVY/xq5c24sHvjbutUXgXDM0DtsBCACgvR/cf0u2zD85g7R1GnQR0y0jL5btL3RbYLrlvL+jgjtfgR0jadW3NF3042cz7XqhOEl68XllyLdbnofIf3HqZF+3CC69VydLpi7Tq8C6h54RngyP4j5JizcXFzJdjBCoMF1br4+p4/m1SqEg5vP2/H03VcxsodoNPTYcMaL3L/zMVsBoNLNleNycbV1QWMBgjwBu8WcO48lqRzkHnxg+zpBQFB4O8P7pCbk4GBLILrZ9KohQv7thnJNgO4kDdcLSIiUnYlBef8eZfzSzrOJZzjh/emV/job3Fc3Vxp0CyMzPRMvC4G6BxzNh4mD0JCQ+xmjSiLgou2XG4CawfSrms7AFYtWMXhvUcctmtRoDzgxJGTRZ7PxdWFMXeNsZvz2TX/tc/OsS7/nc+cabYe66ytB7bUyPAMkJWRRXxcAvWb1Ce0aSi+Ab4kn0+2a9esXTP8L37xy6/bL0nUhl28cMtLJbYb9e+rufKqzgBMf38G+7cfACD1Qmpp/4wqU+4AnW2GFLMFyPtmERpmoWXHDFzdXTgfD9k5FoLrGyAkEIIDICdvijuDq/FibbSZ3JwcDu0yYsnJoU7DTCK75hC1PoBjh3N0A6GIiFSJylzCu7Syzdns27Yf/yB/2nbN+8k79UJqhdRB58/wcTnbtWm3dYq6oTcN5T8vTLFrE1y3lnWEPcecbTeCXNCIW4ZTr1Fdu5vakpNSwGLB1d2VgFr+NguC5C8l7mhqvOJEx0Xj6e5ZI8Nzvj1b9lK/SX08TB4Mu2kIMz+fZddm0HWXVk4s6nNp8va0KaMxZ5lLVeqRm3Mp9JX2mOpSYTcRAhiN0Coyg1pBmUSt8WXnegsNwjPpN9YCZGE2e+DinovRaCEry0BmOnj5ZmIwZLP/LxNRGww0aOZB246pRHQwczbBhdRklW6"
10:42:26.136 [Forwarding screenshot on session e9979048-770c-4b0a-8318-48798eddb49f to remote] DEBUG org.apache.http.headers - http-outgoing-1 << HTTP/1.1 200 OK
10:42:26.136 [Forwarding screenshot on session e9979048-770c-4b0a-8318-48798eddb49f to remote] DEBUG org.apache.http.headers - http-outgoing-1 << X-Powered-By: Express
10:42:26.136 [Forwarding screenshot on session e9979048-770c-4b0a-8318-48798eddb49f to remote] DEBUG org.apache.http.headers - http-outgoing-1 << Access-Control-Allow-Origin: *
10:42:26.136 [Forwarding screenshot on session e9979048-770c-4b0a-8318-48798eddb49f to remote] DEBUG org.apache.http.headers - http-outgoing-1 << Access-Control-Allow-Methods: GET,POST,PUT,OPTIONS,DELETE
10:42:26.136 [Forwarding screenshot on session e9979048-770c-4b0a-8318-48798eddb49f to remote] DEBUG org.apache.http.headers - http-outgoing-1 << Access-Control-Allow-Headers: origin, content-type, accept
10:42:26.136 [Forwarding screenshot on session e9979048-770c-4b0a-8318-48798eddb49f to remote] DEBUG org.apache.http.headers - http-outgoing-1 << Content-Type: application/json; charset=utf-8
10:42:26.136 [Forwarding screenshot on session e9979048-770c-4b0a-8318-48798eddb49f to remote] DEBUG org.apache.http.headers - http-outgoing-1 << Content-Length: 45462
10:42:26.136 [Forwarding screenshot on session e9979048-770c-4b0a-8318-48798eddb49f to remote] DEBUG org.apache.http.headers - http-outgoing-1 << ETag: W/"ozbyJBEqDYLaNyP8Gnsjqg=="
10:42:26.136 [Forwarding screenshot on session e9979048-770c-4b0a-8318-48798eddb49f to remote] DEBUG org.apache.http.headers - http-outgoing-1 << Date: Mon, 02 Dec 2019 05:12:26 GMT
10:42:26.136 [Forwarding screenshot on session e9979048-770c-4b0a-8318-48798eddb49f to remote] DEBUG org.apache.http.headers - http-outgoing-1 << Connection: keep-alive
10:42:26.136 [Forwarding screenshot on session e9979048-770c-4b0a-8318-48798eddb49f to remote] DEBUG o.a.h.impl.execchain.MainClientExec - Connection can be kept alive indefinitely
10:42:26.137 [Forwarding screenshot on session e9979048-770c-4b0a-8318-48798eddb49f to remote] DEBUG org.apache.http.wire - http-outgoing-1 << "IiEjlyw/Pc774hZVz/6i063h6eeLh6WEd5QTw9surKa2sFdnGT7yZjcs2VuloemXYvGIL/cf0o0F4A9p0bs39r93H7z8v58i+I+Tm5tKxdweGjx+Gb0DejYN/rdpW7FRpjVs1IseczS/T5tnsT0tOI+H4aULCQuh3TT/mXnze5O1J2yvbAHAspviZUoLrBlM7NMS6vf7Aeh686SFMnl7FHFW9ls9eQddBXfAN8KXn8J5YgBWzV3A2PpG6Desy9MYhtL1Yy3wy9hTrf9tgd47rHhhH7xG9SE1OZdrrX1unA/y7qdAA7e5hwC3XlQXfebFnJ+SYc6nbMBcD6aSmeLN2iYkOvTIIqZ9B/FEfls9xYch1WdRrnIbJ5MKZBIg/7sLuv3yoX98VA0bypu4QERGpXFW1hHe2OZtWHVviVeBGrcatm1TabBj5NwxeTnM9F2f65Bnc98q9BIYE0qZza9p0bm2dgq1gWcWRvUf4+T/2I6gFffzUp7Tu1MphyPtj7p/868FxDLi2P6FN6nMu4RzNI5pTu35tzp0+x5/zVxV77h5DulmXq76QnExou/q0atGy1H/nl69OK3XbipKSlMLPn8/ilsfH4+bhRp+re9NnZC/MWdk2M2+kJafx06czHZ4jsnsEBqMBH38fIrtHKECXhtkM61a5kZ5mwWwGT5MFN7cMks9msejHWkTvyMDNNZvgUakcO+DF3q1mstJcGTE+Gx+fTFxc3Mg2G0hLMXI4Jpdc1W+IiEgVqMolvLPN2URHxdjcKBizM8amvjk7O5sLF8sGUpPLXv/5d5xt48SRk7z/2AeM+vdIIrtH4untaROck88ns3nFFhb9sLhUZRZ7/9rncP/qRWsw+ZgYOG4ArTq1unT9wyeY8eF/SUlKKXWf/Xx98fMtfXiuTttWbyctOY2Rt46gYYuGGF2M1vCcY84mZtdB5n+zoMjFZA7tPkSnvp3Iysgiekd0VXa9SlVogM7JtnChwK9PLkYwZlvYtsqbbauzyEzLJXpHNu275hC7z0xmGuzbYcTLy4eGYRZcXIzkr+udo+wsIiKVLD0tg+mTf6zy0dn8uuZ2XdpyLOaY3c2BFVH3fDmE5/NnzjNh2CNOH5eUmMQP78/AzX0mzSOaExDsT25OLmfjzxITVXEjnkt/WsbaJevyfjHw8SI+LoEDOw5U2PkrW1lf3/3bD7B/+wGC6wXToHkYJh8vUpNSiN0fa1MP7sg3b3/H8tkruJB4ocS2hU2fPMM6laMzyvp3loehm2fPSisy9vKGNhGuxB2HU8fySjGCgi30H2JmywYXYg/mfWN0cYP69QwkJEBmhmqeRUTkn8HTy9NulgcRqfkqNUAbjeDm6YI5I5fc3LzLuLkbCG3oxpl4MykFbhA0GABL/viziIiIiEjNVKElHIXl5kJmWo7NPnOWhSMx9jVJFiVnEREREbkMGKu7AyIiIiIilxMFaBERERERJyhAi4iIiIg4QQFaRERERMQJCtAiIiIiIk5QgBYRERERcYICtIiIiIiIExSgRUREREScoAAtIiIiIuIEBWgREREREScoQIuIiIiIOEEBWkRERETECQrQIiIiIiJOUIAWEREREXGCArSIiIiIiBMUoEVEREREnKAALSIiIiLiBAVoEREREREnKECLiIiIiDhBAVpERERExAkK0CIiIiIiTlCAFhERERFxggK0iIiIiIgTFKBFRERERJygAC0iIiIi4gQFaBERERERJyhAi4iIiIg4QQFaRERERMQJCtAiIiIiIk5wre4OiPwdbZh8tc12t4kLqqknIiIiUtE0Ai0iIiIi4gQFaBERERERJyhAi4iIiIg4QQFaRERERMQJCtAiIiIiIk64rAK0i6sLJh9TdXdDRERERP7BLpsA3X9MP+bF/MKiw/O5+vaR1d0dEREREfmHuiwCdP8x/Xjth1eoVScIk4+Je1++p7q7JCIiIiL/UDV+IZX88Ozi6mLdt2/rvmrskYiIiIjkq9eoLnc+ewc+AT4snr6EVQtWV8p1ho8fxvDxwzh19BRfvfE1J2NPVcp1SqNGB2hH4flsfCKfPPtZNfZKRERERCAvPH+34Vt8A3wA6DuqD6/f8yaLflhcodd5/otnGXHrcOt2pz4dua3bHSSfT67Q65RWjS3hKCo8PzhkArH7Y6uxZyIiIiIC0OfqPtbwnO/5qbZht7wKh2eAeo3q0alPxwq7hrNqZIBWeBYRERG5fD0/5VlG3FL+EP38F88y/JZhFdCjilXjArTC8+Xjyqs6sz59DevT1/D9xm+ruzsiIiJSxRZPX0LKhVT7JwwXR47LEX6f++IZRtw6HIPBYPfcqaOn+Gv1tjKfu7xqVID+p4fnOft+tgbSiG4RpT6uToM6/LDpO+uxCw7Npe2VbazPR3SLsD63Pn0Nj7wzoTK6LyIiIv8wyeeTeWDQQ6Qkpdg/aYDnpz5XpnKO5794lpG3jnD4XMqFVJ687hmSz1VP/TPUoAD9Tw/PZdWgeRgfzn+f5hHNADgZe5KJo59g9+Y91dwzERER+SeI3hnNg0MmOA7ROF/OMeKWYUWWbaRcSOWhIROI3hldpr5WlBoRoBWey6ZpmyZ8MO99GrdqDMDR6GM8NvoJoqNiqrdjIiIi8o9yYEcxIdqJco7h44fx/BfPOSzbyA/P+7cfqIgul0u1T2On8Fw2LTu04J2Zb1GnQR0ADu0+xBNjn+Jk7Em7tlEbouhu6lXVXRQREZF/kAM7onlg8AQ+X/oJPv62M3Pkl3NgMLDoe8dT3I24JS88Y5+dSbmQygODHqr2ked81ToCrfBcNhHdInjvl3et4Xnftv08MvIxh+FZREREpKqUtZxjxC3DeO6LZ4sMzzWhbKOgagvQCs9lc0XfTkya9TbBdWsBsHN9FI9dPZEzp85Wc89EREREnC/nuFzKNgqqlhIOheey6TG0Oy9//SK+gb4AbFm5haeuf5a05LRq7pmIiIjIJQd2RPPa3W/wzsy37J8sUM6BJS9QXw5lGwVVeYBWeC6bfqP78sKXz+Hl6wXA2iXrePam58nKyCrx2F4jevLurHcA2Lt1L3f0urvY9q5uroy7byz9xvSlcatG+Pj5kJaSztlTZ9j4+2bmTJ3D0ehjper3o5Me5voJ/wLg02c+Y8aH/wWgz9W9GXX71TRr15SgkCAsFgvnTp9j71/7mPnZLLbejbwjAAAgAElEQVSv2V6q8wOMvfcaBowdQJM2TfD19yEtOY2z8WfZuGwTP0+ZzfFDx4noFsHUlf8BIHpnDLd2vb3Yvn7y9Kf8+NH/ABhyw2CGjx9G84hm+Af5k5Odw+mTZ9i1cRezv/iFqA1Rpe6riIjIP8WqBat5/d43eX6K44D8/JRn8x5cJmUbBVVpgHYUngHcPdz5YN57VdkVG4d2H+bbd75j16bd1daH4gy5YTBPf/Yknl6eAKyYs5KXbn+FbHN2hV+rcavGvP7DKzRr18xmv2+AD74BPjRu1Zjh44fxweMflKpsJPH0OetjvyA/TN6ePDvlGQaOG2DXtm7DutRtWJc+I3sz7fWv+fad74o9d52wEF6f8RrturS17WugL76BvjRu1Zhh44cyacJ7JBw/7XRfXd1cee6LZxh64xCbdi6uLoQ2qU9ok/oMGHsV0yfP4IuXvyzx/CIiIv80i75fXPQos4PgDDW3bKOgKg3Qj3840S48w6VwVl3qNapH07ZNuK7dDeRk51RbPxy5+vaRPPHh47h7uAGwZMavvHrX65VyrfCI5kye9x7B9YIBsFgsRO+M4eDug2SkZhAUEkTbLm0IrhfMc188y2fP/afEc54/c9762DfAl5e/eYk+V/cmJzuHfdv2c2TfEbIysgiuF0yHnu3xDfTFxdWFu1+4k8N7D/Pn/FUOz1uvUT0+XDCZhuENrH2NiTpIzK4Yu76+9PULTJ74gVN99fH34dkpTzP0xiHk5uYSvTOGQ3sOkZGaQa06QUR0jyCwdiCubq7c/tRt+Af5M+nh6vsSKCIiUlMt+mExYMkr2yhBTS7bKKhKA7Rv4SlNahAf/7zgVpMC9Lj7x/LIOxNwdct7m+ZM/YV3H3m/0q732PuPWsPzmZNnmDThPVY"
10:42:26.137 [Forwarding screenshot on session e9979048-770c-4b0a-8318-48798eddb49f to remote] DEBUG org.apache.http.wire - http-outgoing-1 << "vWmPTxt3TnfteuYcbJlzP7U/fWuI5M9MzrY879e1Ew/AGxO6P5e2H3rUr06gTFsI7P79Nyw4tMLoYuenRG4sM0I9OmmANz4kJibz3yGRWzv3Drq/3vHQ3Nz1yA3e9cJdTfQ2PDKftlW2Ij0tg0oR3Wffrepu2Xr5ePPTGA1xz9xgAxtw1mq1//sXy2StKvI6IiMg/zaIfloDBUGQ5B9T8so2CqnQWju/fm16Vlyu1hOMJfPLMp6WqJ64qg/81kEcnPYyrmysWi4UZH/63UsPziFuG07F3BwDSU9J58rpn7MIzQFZGFh8/9Sk/fz4Lv0C/Es9rzjRbHzdq0ZCE46d5ZORjDmuc4+MSeOehd8nNzQWgXZe2BIUE2bXrc3Vvel/dG8gLvc/e+LxdeM7v66fPfMbMT3+mVh378xTX18juEWRlZPHUdU/bhWeAtOQ0Jj38Hgu+WwSAwWDg/lfvLfEaIiIi/1iWkp63YLGU1KhmqNIR6K/e+Bpffx/rjVr5dqzbyWOjHyc9Jb0qu1Ojjbt/rPXx/z75iU+f+axSr9f/mn7Wx/O/WcDerXuLbT/lpS+46tr+1hHromRl2X4p+eG9H4iPSyiy/d6tezmy9whN2zbF6GKkQ6/2rJiz0qbNkBsGW6e6WTx9CTvW7Sy2D5+/OIWrxvandv3aTvV14feLSqy/+vSZz+g9oicBwQGENg1l2M1DWTLj12KPERER+afJm6qu6NFnyCuf/PTXj3lwyMM1fhS6yueB/vDJj/npk5k2+9r3iOSDee9j8jFVdXdqrILlBH1G9qZp26aVdi1XN1c69GwP5NUS//LVvBKPSU/NYMOyjU5dJz013TpiW5xTx+Ktj2tdnO+6oPyRcoB5X88v8XxZGVlsWLaplL28ZGERKyUVdOHcBdb/tsG63W1QV6evIyIi8nc24pZhvDDV8QqDhfkG+PLZb5/Qon145XesHKplIRWF6JK999hkzsYnAhDaNJQP5r1Hm86tK+VajVs1wtvPG4DTJ06XejrBfX/tc+o68cfiS1Umk5GWYX1s8rb9PDRq2YjA2oFA3vSHpb1D19m+nj9zngM7Snfu3Vv22PRPRERE8hS3wmBRfAPyRqJrcoiutpUIFaKLF7v/KI+PecK6PHdIaAjvzZlEpz4dK/xaIWF1rI/PnT5fTEtbBUeKSyO9QDAuLaPR9iNar1Fd6+OzTqy+6GxfExPOldzoohOHT1gfB9YOcOo6IiIif1d9ru5d5AqDAG/c+xav3/umw9po3wBfPv31Y8Ija2aIrrYADQrRJdm//QCPXj3ROiIcWDuQt//3Jj2G9ajQ6/hfXNkQICuz9DdSOr0CYgXcGBAYfCmgZmZkFtPSlrN9deZ1SElKtT529/Rw6joiIiJ/R+GR4Tw/teiR59fveZOF3y9i0feLef3eNxy2qcnlHNUaoEEhuiRHo4/xyMjHOHCxVME30JfXv3+FAWOvqrBrnCsw/7GHEwEwf1XEqpR0Ltn62MPDvdTHefs511enXocCn9PsLHMxLUVERP7+wiPD+fTXj/EN8HX4/Bv3vnVxbug8i35YUsxIdM0s56j2AA0K0SWJj0vgkZGPWWebMPmYeOHL5xh524gKOf/J2FPWx8H17G/aK0rdBnVKblTBEuIulWIEOFEu4WxfA0MCS3/uhpfKSpLOJjl1HRERkb+T8MhwPvvtY/wCSxee8+WNRF8+5Rw1IkCDQnRJzp9N4rFRE9l4ceYLD5MHT33yf1z3wLhynzt2f6x1Fb6gkCBadWxZquNadWpV7ms762j0MVIv5JVM1K5fu9Q37Tnb14Ba/rTs0KJUbVtfcencR2OOOXUdERGRv4v88FzUyHN+2UZRcz0v+uHyKeeoMQEaFKJLkp6awRNjn7LOi+zq5sqjkx7mtidLXhGwJH+t2mZ9POrfV5fY3t3TvVqmbMvKyLKOxBsMBkbfUXl9HXlrySP87p7udB/Szbq9ZeVWp68jIiJyuXO2bKMol0s5R40K0KAQXZJsczbP3fwCC75dCIDRxci9L9/N/a/dV67zLv1pmfUb4fDxw4jsHlFs+wdeva/ERVQqS8FVB0fdfjXhEc2LbV/Wvo64ZXiJo9APvHofIaEhQN60ektmLHH6OiIiIpezspZtFGXR94v58KmPa3Q5R40L0KAQXRpv3v82P370PywWCwaDgVufGM8TH04s8/n+nL+K1Qvzlu72MHnw1v/eoP+YfnbtXN1cefCN+7nuwXHWso+qtvC7RWxfuwMAbz9v3p39js0ocL7y9DUxIREPkwfv/Py2w3O7e7oz4e2H+NdD11n3TXv9K9JTnZ+qT0RE5HLl4+/DZ799UuayjaL89MlMFk13HLp9A3x5Z+abRV6zKlTpUt7O+PDJjwFslv3OD9Fa9jvPJ09/SmpSCnc+fwdGo5Gx916Ll68Xr975epnO9/FTn9C4VWMahjcgKCSIN358jeidMRzcfZCM1AwCagcQ0bUdwfWCycnO4eu3vmXi+49W8F9VOh8+8RHv/fIuwXVrUadBHd6bM4kDO6I5vOcwGWnl72v8sXg2LN3I8PHDrOc+tPsQmemZBIYE0q5LW5tR7eWzVzB3WskrOIqIiPydjLhlGL4BPg6fc3bkubDX730Tg8HA8PHD7J6r16genfp05M/5q8p8/vKosQEaig7Rj056mLceeKe6ulWjfP3Wt6QkpTDh7YdwdXNl2E1D8fL24vlbXiTbnO3UuY4fPsHDwx/hjR9fp+2VbTAYDLRoH25Xa5SSlMLkxz8k7uDxivxTnLJ/+wEeGfkYb0x/lcatGmM0GmnVsaXdDZDl6es7E97F6GJk6I1DHJ4bIDc3lzlf/ML7Ez8o898iIiJy+Sp6kZTyhGcALPDaPXk3FToK0T7+joN7VaiRJRwFOSrn6DOqTzX1pmaa+fks3nnoXTLT8xYW6Tu6D+/NmVSmeZrj4xK4q889vPfYZLat3s75s0nkZOeQkpRC7P5Yfv58Fnf1vZclM36t6D/DaYd2H+K27nfw+fP/IWpDFMnnksnNya2wvmZlZPHKHa/x9PXPsnbJOuLjEsjKNGPOMnPq6ClWzFnJo1dPVHgWEZF/rFULVpGSlGKzr6xlGw5Z4LW737AL4ylJKaxasLr85y8jQzfPnhXw11W+h956kJsfvRHIq4vJH50WqSi9RvTk3Vl5v2zs3bqXO3rdXeZzbZhsOztIt4kLytU3ERGRmqp+43rc+dwd+AT4sHj6Ev6cVwllFQboe3Ufho8fRkpSCl+98TUnjpys+OuUUo0u4Sjo02c+Y+60eQTU8mfXpt3V3R0RERERAU4cOclrdzuev7nCWPImPKiumufCLpsADRB3MI64g3HV3Q0RERER+Qer8TXQIiIiIiI1iQK0iIiIiIgTFKBFRERERJygAC0iIiIi4gQFaBERERERJ1xWs3CIVKY1i9bS3dSrurshIiIiNZxGoEVEREREnHDZrEQoIiIiIlITaARaRERERMQJCtAiIiIiIk5QgBYRERERcYICtIiIiIiIExSgRUREREScoAAtIiIiIuIEBWgREREREScoQIuIiIiIOEEBWkRERETECQrQIiIiIiJOUIAWEREREXGCArSIiIiIiBMUoEVEREREnKAALSIiIiLiBAVoEREREREnKECLiIiIiDhBAVpERERExAkK0CIiIiIiTlCAFhERERFxgiE9Pd1S3Z0QEREREblcaARaRERERMQJCtAiIiIiIk5QgBYRERERcYICtIiIiIiIExSgRUREREScoAAtIiIiIuIEBWgREREREScoQIuIiIiIOEEBWkRERETECQrQIiIiIiJOUIAWEREREXGCArSIiIiIiBMUoEVEREREnKAALSIiIiLiBAVoEREREREnKECLiIiIiDhBAVpERERExAkK0CIiIiIiTlCAFhERERFxggK0iIiIiIgTFKBFRERERJygAC0iIiIi4gQFaBERERERJyhAi4iIiIg4QQFaRERERMQJCtAiIiIiIk5QgBYRERERcYICtIiIiIiIExSgRUREREScoAAtIiIiIuIEBWgREREREScYOvtcZSnPCVafXlRRfRERERERqfE0Ai0iIiIi4gQ"
10:42:26.137 [Forwarding screenshot on session e9979048-770c-4b0a-8318-48798eddb49f to remote] DEBUG org.apache.http.wire - http-outgoing-1 << "FaBERERERJyhAi4iIiIg4QQFaRERERMQJCtAiIiIiIk5QgBYRERERcYICtIiIiIiIExSgRUREREScoAAtIiIiIuIE1+ruQFEunEtm/ve/smXVdo7GxHEh8QLZ2TmYvD0JDA6gedsmdB1wBUOuuwpXt9L9Gd+8+yNfT5ph3e49vDtvfve8031bOX8Nfy5cy/7tMSSdu0BaSjqeJg98A3xoGB5Gm04tGXnzEOqE1bYe8+i1z7J19Q6nr1XQs59OZNj1A8rU34UzfiMm6hAXzqfg5u5GWJN69B/Tm1se+Ve5+lSUsr5/aSnpDGkyrsTzu3m44evnTcPwBvQa2pXRtw3D08vTrl1pz1dYi8jmfLX8I/772Rw+f/krm+emLv2A1h1bFHv8DVfexfEjJwHoO7IHr3/zXLHtC1+nXsM6zNz6tdP9zndLr/s5sv8oAB16RPDJvLdtnt+5cTfLZv3BgaiDnIyNJzU5DQsWfP19aBQeRo/BXRh39yi7f1vRUQe5a+Aj5ObmLWD6wEt3cONDY8vcTxERkctRjQzQM6fM5fsPfiIp8YLdcylJqaQkpXLs4HFWzl/DN+/+yD3P3cbgcf1LPO9vM1fYbG9YvoW4QycIa1q/VP06tDeWj56dwl9rdto9l5qcRmpyGqeOJbBpxV/8+Mls+ozozoTX7yGodkCpzl8Z3v+/z5j33RIslksrtmebs4nedYjoXYfYvjaKd2a8VOovIaVRWe9fQeZMM4mnz5N4+jzb10Wx+L/LeHHK/9GsTZOK+jMAGDyuH9Pe+oGszCzrvj/mryk2QO9Yv8sangG2r9tFtjm72Nd444qtNtud+3Ysc5//9/kca3gG6Hd1T+vjXZv38fnLX7Fr816bz0S+xIRzJCacY9vaKBb9uIwX//ME4RHNrM+HRzSjRWRz9m2PBuCnKXMZdetQvP28y9xfERGRy02NK+F446HJfPLClw7DlyPxcaf54Kn/kJGWUWy7X39abhNqIC+Ezfpyfqmuc/zISZ4e/4rD8OxIVmYWv8/5kymvln0UsbxmfjGXud8udhiU8m1a+Rffvf+/CrtmZb1/JTm0N5YX73y73OcprFadICK6tLbZt+XP7cUes3zuKpvtpMQLrF6yocj2F84ls3vzXpt9A8b0drKnebLN2cz5eqF129PLk0Fj+1m3P3/5K6I27Sn2M5HvyP6jPP/vN+3ey24DO1sfn41P5Kcpc8vUVxERkctVjRqB/uSFL/n1p+U2+9zcXenYK5KWkeH4+ntzPvEC+3fEELVxj3VUsMfgLg5/vi9owQ+/Ody//JdV3PPcbXj5mIo9fvJTn3PyaLx122Aw0LZzS9pd2Yag2gEkJ6Vw5MAxdm3ay7kz561tBo+7CoBr7hhJz6Fd7c67ddUO1v620Wbfw2/c47APbUooGyhs7jeLbY+/oiU9h3Tl+OGT/PbzCnKycwBYvWQDdz493qlzO1JZ79/o24bRqEUD63ZOdg6nT5xl3bJNxB06Yd1/NCaOn6bM5baJNxTbz8LncyQw+NKvBj0Gd7Epv4nZc5hjB4/ToFmow2MdBew1SzbQf1Qvh+1XzF1FRnqmdbt+o7pc0adDsf0rysIZSzkZe+lzGtmtDX6BvtbtIf+6iqhNe4C8z2fT1o2J6NqGOqG1SU1OZd3STRzaG2ttfyL2FDOnzOXuZ2+17hs8rj/ff/ATuTm5ACz6cRl3PHlzmforIiJyOaoxAXr7uijmfLXQZl9IaG1e+uL/iOza1q794X2xTH3ze9b+upHRtw8r9txRm/ZYQ0Nh588mMe/bxcXWce7ddsAuFN31zC3c+tj1dm0z0jL4acpcfvrPL9RvVJfOffOCUN+RPRye+8zJs3YB+rp7Rhf795RG6oVUjh++FC6DQgL5YNYb1i8KKRdSWbVoXV4fTp0t9/Uq8/1re2Vrh7Xfdz97C/cOnWgT+Dat+KvEAF3U+YoyaFw/pr7xHZkZeYE/NyeX5XNXcfvjN9q13bV5L8cOHrfbv21t0b9crP99i812l/6dSt23wpb+vNJm+4pe7W22R9w0iO8/+An/QF/ufHo8PYfYfqm786nx3DXwUQ7uOWzdt2PDbps2DZqF0rhFA+vrnnD8NEt/Xsng65wrwxEREblc1ZgSjhkfzyLbnG3ddvdw55Uvn3YYvgCatGrEW9+/wBvfPldkm3yzv1xg85N1l6tsA8qSQqOmhUVt2mMdbQPwD/JzGJ4h7yfz2ybewKfzJ5UY5CpT8vkU641eALXr1bIZZfcpULPq7etV7utV5vtXFE8vT4bfOMhm38lj8UW0LrvA4AAiurax2bd55TaHbX//5U+H+0+fPMuG5Vvs9mdlZrFzo21AHXBNnzL180TsKfb8td+6bTAY6D28u00bVzdXnvnoUaYu/cAuPOc/323gFTb7zp9NsmvXtrNtWcsfC9eWqc8iIiKXoxoRoBNPn2fratsR3t7Du9HuylYlHls4IBSWcPw0a5dusm4bXYzc9/zthLdrat13eF8sfxYTAM6eSrTZzs3NJS0lvdjrNm3dqMS+Vaa6DevgG+Bj3T609wh7/zoA5M2kUHDUu2nrRuW6VmW+fyUpONMJUOE10Pl6De1ms713+wHOxifatSsqWAOsXrzebt/KeWtISUq1boc1rU+HHhFl6uMf89dYy3IAQkKDHZaZdO7bodgbGg0Gg812QJCfXZvC7+3OQqPUIiIif2c1IkCv/XUD5qxsm319RjgueXDWrC/n24SqiC5tCI9oZnNjFcC875YUeQ7/QgEi+XwKz9zyKgd2HqyQPlaWLv0ujbSbs7J5Y8JkZk6Zy2PjnrfeGObi6sK4u0eV6zqV+f6VJD7utM12RYymOzLw2r42ddrmTDMr5q22abNr8z6OxsRZtxuFh9k8v3WV/TSGhct3ylO+sX9HjM12WFPHNdrFyUjLYF2BL5yA3eg7QNsrbAN0UuKFGv/vQUREpKLUiBroI/uP2WwbjQY69izbKFxB2eZsfp9j+5P6kIt1mqNuHcoPH80k+XwKAH+t2Ul01EGbKbvydewVidFosCmJ+GvNTu4e9AhNWjWmVYdw2ndvS4/BXezCdnW67fEb2LB8C6nJaQDEHjjGJy98aX3eYDBwx5M3c0WfDqSlpPPOox9ZS1269O/EyPFDSnWdynr/SpKVmcXi/y6z2de4RcNKuZZ/kB+R3dqwacVf1n0blm+xqVdfUWj2jatvGcrcbxdbb3Q8fuQkuzbvpd2Vl8ofdqzfZXPMwGv7lrmPRw4ctdmuE1q7iJZ5zsYnWr8EmDPNnD55lvXLNtvMVlMnrDbX3TvG7thGLRpg8jaRnnrpl5iozXtoEWn/70dEROTvpkYE6MTT52y2Td4mm1kQymre90s4ffLSDXLBdYMYdsNAALz9vOkxuIt1buic7BxmfTmfZz5+zO48rTu2oMfgLqz51Xa0MDfXwsE9hzm45zCLflyKm4cb7Tq3YuC1/Rh169By97+8mrRqxOjbh/PjJ7PsnvPx8+ae527jmjtGAHmjlwVHVJ0Zvays9y/f7s17SUlKsW7n5uSScOIMG37fYjPiC3k3/JXkzYcm8+ZDk4tt88m8t+1KKXoN6WYToHdt2ktaSrq1tnzTH5ee8/B0Z9C4/pyIPWUzU8jKeWusAXrVonUknj5vfa5h8zAiutiP9pbW8cO20zTWa1in2PYnj8bz8XNTi3y+WZsmPPPxo0XOYx5Svxax0Zde/4O7DjtsJyIi8ndTI0o4sjLNNtsVtajH4h9/t9nuO7KnzblH3zbMpt7zz4XrrFPQFfb8Z4/T9aorHD6Xz5xpZtvaKN59/BPG97yPzX8UXQ9bFT5+bio//ecXh881btmQwQXCZsGFNwDqNggp9XUq6/3LN++7JXz83FTrf5++OI2ZU+bahecBY/o4vSCLMwaP64fJ+9KNmGkp6fyxYA2QN1PL0QJhMqJr3vSGhUeUt6y69JkoXL5R0uerOAnHT1tnCckXEOxf5vO5e7jTpX9HatcPLrKNb4Cvzfb5Us79LSIicrmrEQHa3cPNZtucZS6iZeltWL6FAzsv1YS6uLow+jbb6dIiurShVYdw63ZqchpzptlOxZbP28+b935"
10:42:26.137 [Forwarding screenshot on session e9979048-770c-4b0a-8318-48798eddb49f to remote] DEBUG org.apache.http.wire - http-outgoing-1 << "6lf97fwItIprZ3WhVWOyBYzx3+xtsLjAqWZVeuXcSP0+dZ72pzOhixMXVxfr8rs17efKmV7hwLhmAfdsP2Bzfvnu7Ul+rMt4/Z7i6uTL0+gE8//njlXodbz9vOhR6XdYv2wzA73P+tJnpJX+Gi4gubWjY/FIt9OF9R61TxBWcW9pgMJSrfONswjm7fV7exc9tXpyszCz++9kcHh7zNCdiTzls42HysNku6cZaERGRv4saUcIRVDvQZjs9NYOz8YnUqhNU5nMWnpO4Q48ImrSyn21i0Lh+7N12KTz+NmtFsYuKjLp1KKNuHUrM7sOsWbKBPX/tJ2b3YU6fOGPXNj01nf+88g1X9iv7jWFlMffbxTa13+4e7jw5eQKpyWl8/PxUa6jeuXE3T938Mm9Pf4lNKy8F/XoN69jdAFecynj/SstgMHDNv0cUufiMI6VZSCW0iePl3XsN68b63zdbt7etjQKw+bXB0+Rhc5Nql/6drKPlFouF5b+s5vyZJJsbIBu1aECbK1qW+m8ozNHKj14l3FDZ7srWrD69CMi7X+DYweNEbdrLfz+dTdzFOcRjDxzjw2emMOnHl+2ON3kVCtAXa+1FRET+7mpEgG7axjbYWiwWtq2NKvOIXGx0HFv+tC2f2LpqO71rjyjx2JOx8Sz+7zK7+YULa962Cc3bNrFuR23aw8LpS1k2e6XNjBQxuw8Te+BYiYGtIv3yzSKb7XH3jGLIv/JWRDQaDXz03FTrnM27Nu/jvqGPc6bAVH3OlhJU9PtX2GNv38+1d44E4NyZ86xbuokpr37L+bNJWCwWfp46j5NHT/HWDy+W6nzOLqRS0MBr+/L5y19Zb8xMSrzArC/n25TARHZva3Mz6aCx/WyWjN/y5zaSC9R0Q/lm3yiKJTe35EYXubq50qRVI5q0akSrDuHcPfhR69znm1b+RdyhE4Q1tf1SUfCmWgCK/1FGRETkb6NGlHD0GNwFt0JlAI7mzC2tWVPn2U2r5oyilv0uTkSXNjzz8aPc+dQtNvstFot1NK8qZGVmEXvAdlaMgrXOY/49gsfevh8390vfnQr2z9XNtdSzb+Sr6PevOIHBAYy4aTA3TRhns3/NrxtZOmtlEUdVHC8fk93Nhd++91+b8o1eQ2znjG5zRUubL1AHog6yftmlqeLylnwvX+22o5s2y1pS0SKyGbVCLv2qkJOdw4Eo+ynqCtdce/lUzhSCIiIiNU2NCNCBwQF07tPBZt/qXzcUufx2QXu27rfZTr2Qysr5a8rVn91b9tlNL7b5j79KtUhH/tLdBRVc9a+yxcedtllMA8BSaKBw1K1DmfjOAzYhOl/fkT1o2b65U9esyPevtEbdMgQff9vXddGMpWU6l7N6DbMNyAXLJ0zeJpsvLPm69r80qp+TnWNTvtGkVUOnX/PCgkIC7fYVnGKuoNLU5acX+qynXki1a5OZbtum4EqXIiIif2c1IkADjH/kOpvZG8yZZl6+Z5JdkM13IvYUrz/4Pg+NetJmAYc53yyyCTT+QX48/MY9Jf5XcPowi8XC7GkLrNvZ5mzefvRjbu/7EHO+WkhWpu3IW0GFa6+9fb0czi1dWRo0C8XD091m39xCJR2QtwJgi0j70LZr817+XLjO6etW1PtXWt5+3nQfeKXNvh0bdtuNvleGgdf0sQvv+Tr0aIe3gy9MA6/tW+SNp90GdC53n2rXq4VnoZv6Ck6Rly9q0x6euP5Fnv/3G8Tsdjzt3LzvltisjgiOpzVMSky22S5qujsREZG/mxpRAw0Q2bUt/7p3ND9+Otu6L+H4aR4b9xwde0XSqn04Pv4+XDh3gQNRB9m5YY91RHj2tDQcv7UAACAASURBVAU88/GjAPz203Kb8/Ya2s1msYuihNQPthkxXbd0E6eOxlO3YR0WTv+NhON5I4YfPP0fvnn3R1p1CKdJq4b4B/mTk5PD2fhEtq7abjMvLuSNVlb1yFyn3u2ts0MAzP/+V2Kj44js2gYvHy9io4+ybulmhzeexced5sW73qL7wCsZev1V9Lu6V6muWVHvnzOG3ziIZbP/sG7nZOcw//tfmfD63cUeV3heaUcCg+2noMvn6eVJx56RDstUCi/5na91pxY0atHAbrpAg8HAoAqaeq9Bs1Cidx2ybp88Gm/XZs5XC8nNtfDnwnWsW7qJNp1a0qpjC4JqB5CanMahfbFsXL7F5ph6jeo4XBin4BzrgM09ASIiIn9nNSZAA9z/0h0kJSaz6MdLP8Wbs7LZtOIvmwUsClu9ZD2Ppd3H2qWbbAKs0Wiwm7quKH1H9qRBs1COHTwO5NV3/vzlfCa8djfLZtuuZnj+bBIblm9hQ6GgUVij8DDuf/Hfpbp+Rbr98RvZvWWfdYo6i8XC9nVRbF8X5bC9p8mD3FyLdWQ9NyeXtb9tZPu6KJq0bFTqGyDL+/4VXCq7NDr37UDT1o04tDfWum/V4nUlBujilm3P1yKyebE3QfYe1s0uQHv7ehV7TJf+newCdOGbUcujccuGNgE6Pi7B5vkL55Jtluk2Z2WzY8NudmzYXeQ5XVxduKtQXT/Aob2xdiVNkd1KP/WhiIjI5azGlHDke/qjR3jkzXtLvZJdcN0gHnjpDjy9PJlfKBi1uaIVrTu1KPW1+4+yHW1d/ssqsjKzePzdB+k+6EqnFgjpclUn3vvfq1UylVthba5oyctTnyK0cb0S2zZt3Yj3f36N92e+ajfN3+1P3Oj07CHlef/Kou/Injbbp44lsLzQktqVYcA1ffAN8LHZ17FnRLG/Ngwe19+ujKPrgLIvnlJYwTnNAeIKrUzoF+jLAy/fSe16tUp1Pr9AXx6f9ACDr7MfId+9Za/Ndq06QTRtbT9NpIiIyN9RjRqBzjfu7lEMu34Ac79dwuY/t3E0Jo6ksxfIzs7G5OVJYO0AmrZuTJf+nRh2wwDcPdzZu+0A2wvV2zo7s8GYf49g5pS5ZKRnAnA2PpF53y3huntGM+nHl4k7dILfZq5g/46YvD6du0BGWl5bk7cntesHE96uKYPG9ivXqnIV4cp+Hfn2z0+ZPW0hG1ds4WjMcZLPp2DBgn+gL+HtmtFnZA9G3jzYesy03z9kwfTfWPrzSnz8vbnhgWvLdO2yvH9ldfUtQ/nxk1k2M0L8NnMFA8b0KfM5S8Pdw50rerfnjwVrrfsK31xYWMv2zWnSqqF1xNxoNDBobMWtnNh/dG+mvPaNdQaa0yfOcHhfrM0Xo9G3DWPETYNYOmslG5dv5dC+WM7GJ5KemoHBkDeTRmiTenTqFcmY20dQJ6y2w2vt3mJ782fhBWZE5P/Zu/c4q+pC7+Pf0UFERFNRE7KnLBoUNay8hRek8FKdnoJzTEXxlHpAES89aWqaDxnoEW/ICJj6pObtHEvsWL2i8J4X8EKgKGZ2jFQ0UVSISRmZ5w/O3nEZYH4wOFze79eL1wvYa6/922vtWfsza6+1NrA+q/nc5n2aVj7Z8lW+iAFoe6f1/16eeOD31X8POvdfc/Sp/9Lqj3PMficucTjK8Ou/lwO+/PlWfxwAWBvVCmBYfxx6eJ8lAnrKw9NaPaD//PxLmfn8P6528pGPdxHPAGxQ1rpjoIFVd+g3vpAdP/GPS849PfnZVf5CleWZeMd9S3wL4ZeO+mKrzh8A1nYCGtYzX/vml6p/nz+vIfe08kmVk+55ovr3zh/eOv2P/2qrzh8A1nYCGtYzhw/6Wj76yY9U/70qX4yzPH969s95buofq//ud/w/+QZCADY4NQ0NDat1EiEAAGxI7IEGAIACAhoAAAoIaAAAKCCgAQCggIAGAIACAhoAAAoIaAAAKCCgAQCggIAGAIACAhoAAAoIaAAAKCCgAQCggIAGAIACAhoAAAoIaAAAKCCgAQCggIAGAIACAhoAAAoIaAAAKCCgAQCggIAGAIACAhoAAAoIaAAAKCCgAQCggIAGAIACAhoAAAoIaAAAKCCgAQCggIAGAIACAhoAAAoIaAAAKCCgAQCggIAGAIACAhoAAArUtvUAKiZPnpz6+vo8++yzeeedd9p6OLBB22KLLbLzzjvn5JNPzl577dWq8/azDrB6tthii3Tv3j1Dhw5t9W00LVPT0ND"
10:42:26.138 [Forwarding screenshot on session e9979048-770c-4b0a-8318-48798eddb49f to remote] DEBUG org.apache.http.wire - http-outgoing-1 << "Q1NaDGD16dK666qo0NbX5UIDF1NTUZMiQIRk6dGirzK++vj719fV+1gFaQWtvo2m5Ng/oyZMn55hjjkmnTp1y0UUX5Ytf/GJbDgf4H3fccUdGjBiRuXPn5sYbb8zee++9WvObPHlyBg4cmM033zwXXnihn3WA1TB+/PiMGDEi8+bNyw033LDa22jKtPkhHPX19UniDRXWMv369UuSnH322amvr1/tjXNlz3PlZ72mpqY1hgmwQapso88555xW2UZTps1PInz22WeTRDzDWqjyczljxozVnldlHuIZoHW05jaaMm0e0HPnzm3rIQDLscUWWyRJq5zs54RBgNbVmttoyrR5QAMAwLpEQAMAQAEBDQAABQQ0AAAUENAAAFBAQAMAQAEBDQAABQQ0AAAUENAAAFBAQAMAQAEBDQAABQQ0AAAUENAAAFBAQAMAQAEBDQAABQQ0AAAUENAAAFBAQAMAQAEBDQAABQQ0AAAUENAAAFBAQAMAQAEBDQAABQQ0AAAUENAAAFBAQAMAQAEBDQAABQQ0AAAUENAAAFBAQAMAQAEBDQAABQQ0AAAUENAAAFBAQAMAQAEBDQAABQQ0AAAU2GAC+owzzkhdXV2GDBlSdL9+/fqlrq4uw4cPX+a2Cy64IL17907v3r0zceLE1hrqaunbt+9yx7umVJbtP/3TP6102hkzZqR3796pq6tLr169MmXKlOptrbE8jzzyyNTV1eWkk05apfuz/pg7d27Gjh2bo48+Ovvtt19222237L777unVq1eOOOKIXHTRRfnTn/7U1sNcLevq6902Y912zDHHFC+zhx9+OHV1damrq8vkyZNX6XHb4v0Nlqe2rQfwQZs4cWJuvvnmDBgwYLXn9dZbb2XWrFlJkoaGhtWe3/puxowZGTx4cGbNmpXOnTunvr4+e+yxR/V2y5PWMnHixAwfPjyvvPJK9f/atWuX999/P7Nnz87s2bMzZcqU3HLLLfnKV76S8847Lx06dGjDEdMc2wxgbbXBBXSSXH755fnc5z6Xurq6th7KBmPpN8IxY8bk05/+dFsPi/XQI488ku9+97uZN29eunbtmiOPPDJf+MIXstNOO6WxsTF//OMfc//992fChAmZPn16fvazn2X27Nn50Y9+1NZDZzG2GcDabIMM6Llz5+a8887Lf/7nf67WfC699NJceumlrTSq9dfib4TbbrttrrrqqmbfCC1PWsMVV1yRefPm5ZOf/GRuuOGGdO7cuXpbbW1tunfvnu7du2fQoEG57bbbcumll6Znz55tOGKWZpsBrO02mGOgK3bYYYfU1NRk6tSpGTlyZFsPZ7239BuhvUisSc8//3ymTp2aJBk8ePAS8dycI444IjfccEOOPfbYD2J4tIBtBrAu2OAC+pOf/GS+9rWvJUluuOGG/O53v2vjEa2/Fn8j3G677TJmzJjsvvvubT0s1mMzZsxIU1NTkmS//fZr0X122WWXdOzYcU0OixayzQDWFRtcQCfJeeedl0984hNZsGBBhg0blrfffnuV5tOSM4JffvnlXHTRRfnSl76UPffcM7vuumt69eqVE044IXfddddy7zdjxox873vfS9++fbPHHnukZ8+e6du3b773ve9lxowZqzTeihdffDHDhg3LIYcckj322COf/vSnc8ghh2T48OGrvCyaG3/pG2FLludDDz2UQYMG5YADDsiuu+6affbZJwMHDsyECRNWOO+GhoZ07969egZ4Q0NDRo4cmb59+2b33XfP5z73ufTr1y8/+9nPqvd54403MmLEiOo0PXv2TL9+/XLHHXes9PlPnjw5J510Ug488MDqOL/5zW/m3nvvTZIce+yxzZ7FvvQ4k+Smm27KP//zP2fPPfdMjx49st9+++WUU05Z7dfB+mjjjTeu/v2vf/3rKs9nr732Sl1dXerr65c7zc0335y6urr06NFjif9vzXW4qq/3xa3Ka3H48OGpq6vL3nvvvdKT8xoaGrLPPvukrq4uV199dYvHtTTbjA1zm9Hccr7kkkvSt2/f7Lrrrqmrq8vf/va3Zu/7k5/8JP369cuee+6Z3XffPX369Ml3v/vdFj3PDXV503o2yGOgO3bsmAsuuCDHHXdcZs6cmWHDhuWyyy5r9ceZOHFizj333MyZMydJUlNTk9ra2syePTsPPPBAHnjggYwfPz6XX355ttxyy+r9fvazn+WHP/xh5s+fn2RRFNTU1GTmzJmZOXNmfvWrX+Xcc89N//79i8c0YcKEnHfeedVQrq1d9BJ48cUX8+KLL+aBBx7Ij370o/yv//W/Vvl5L/1GOG7cuGUiY1WMHTs29fX1aWxsTLJoucydOzeTJk3K448/vsJLKnXo0CGbb7555s6dm1dffTWXXXZZpkyZkpqamup8pk+fnnPPPTfvvPNO+vTpkxNPPDEvvPBCdZp3330306dPzznnnJN58+Zl4MCBzT7W9ddfn5EjRy4zzocffjiTJ0/Oaaed1qJx/vWvf82pp56aX//610kWXUWisbExr7/+eiZMmJDJkyfnmmuuyW677baqi3S9071792y00UZZuHBhrr322jY5TKu11uHqvN4rVvW1OGDAgNx6661566238tOf/jTHHHPMch/jpz/9aebMmZNOnTrliCOOWOmYmmObseFuMxYf/2uvvZbRo0dXw7Rdu3apqalp9hOi73znO9WdUJXn+fLLL+fll1/OxIkTc8EFF+RLX/pSs4+5IS9vWs8GuQc6ST772c9m8ODBSZJf/epX+elPf9qq858yZUr+z//5P5kzZ066dOmS888/P5MmTcrTTz+dO+64IwMHDkynTp0yY8aMbLLJJtX7/e53v8v3v//9zJ8/P7vuumvq6+szbdq0TJ06NaNHj84uu+yS+fPn5/vf/34eeOCB4jGdeeaZefvtt7Pbbrulvr4+U6dOzdSpU1NfX5/u3bvnxRdfzFlnnbXKz3vxN8Ltt9++1d4I77zzzowaNSqNjY3p0aNHRo8eXV0u48aNy6677ppx48bltddeW+48Kpcpu/HGG/Pss89myJAhefDBB/P444+nvr4+Xbt2zcKFC3P11VfnvPPOy0svvZSTTjop999/f5588smMHTs2H/nIR9LU1JQxY8Y0u2fuN7/5Tf793/89jY2N6d69e0aNGrXMOK+88soWjfP222/PhAkT8tWvfjW33357nn766UycODEnnXRS2rdvnzlz5jiBaik77bRT9t9//yTJf/3Xf+XYY4/Nfffd94GPY3XXYWu83lfntfixj30s++yzT5Lkl7/85Qqf6y9+8YskyUEHHbTEjoCWss2wzVh8/FOnTs2gQYNyzz335Omnn84tt9yyzPSPP/547rrrrhx66KG57bbb8vTTT+eJJ57ID37wg3Tp0iXz5s3LOeeck+nTpy9zX8ub1rJB7oGuGDx4cB577LH87ne/y8iRI/O5z30uH/vYx1pl3iNGjMjf//737LDDDrnxxhuz4447Vm/r0aNHevTokcMPPzyPPfbYEtefrfxg9+jRIzfddNMStx188MHZd999c/TRR2fGjBm56KKLcsABBxSPqVu3bvnJT36yxLz79u2bnj175mtf+1qefPLJ/OIXv8hXvvKVouc8d+7cJd4Ix44d2ypvhEkyatSoNDU1pUePHrn55puXGPtBBx2UffbZJwMGDGh2g1lR2dv+1FNPZdiwYUvsLevbt286dOiQ4447LnPmzMmkSZNy+umnV3/JSpI+ffqkffv2+da3vpU5c+bk7rvvXmYZXX755Vm4cGHq6upy0003pVOnTkuM8/Of/3wGDBiQp556aqXjfPTRRzNo0KB8+9vfrt6244475tRTT01DQ0N+/OMf57HHHsucOXOy1VZbrWwRbjDOP//8nHjiiXnuuefy6KOP5tFHH03Xrl2zxx57ZM8998wXvvCFbLvttmt0DKu7Dlvj9b66r8X+/fvnwQcfzNSpUzN9+vRmf5Yr4VFTU5Mjjzyy5Qvof9hm2GYk/xj/pEmT8p3vfCcnnHBC9bbPfOYzy0z/zDPPpH///hkxYkT1/zp27JhvfOMb2XPPPXPUUUdlzpw5GTlyZK6//vol7mt501o22D3"
10:42:26.138 [Forwarding screenshot on session e9979048-770c-4b0a-8318-48798eddb49f to remote] DEBUG org.apache.http.wire - http-outgoing-1 << "QFRdccEG22267vPXWWzn33HNbZZ5Tpkyp/vANHjx4iXheXLdu3XLUUUdV//3II4/kD3/4Q5Lk9NNPb/aLHTp16pShQ4cmSV544YUWnwQ5ZcqUTJs2Lcmij76am/e2225bPSyk8pFUiVmzZlW/1ODoo49utTfC3/72t9UvxPj2t7/d7Ng7dOiQU045ZYXzqWz0dtppp2Y/at5vv/2yzTbbJEm23377fPOb31xmml69elU3hM8///wStz388MPVb7Y77bTTltgwV7Rv377F4+zSpcsSG+bFVT6abGxszO9///sVzm9D07Vr19x66605/vjjq1fhePnll/OLX/wi559/fnr37p3+/ftn1KhRmT179hoZw+qsw9Z4vbfGa/Gwww7LRz/60SxcuHC5l/y87bbb0tTUlN13373Z0FkZ2wzbjGTJ8Te3DJfWsWPHnHHGGc3etvi6evzxx6uvr8TypnVt8AHdpUuXnHvuudl4443z2GOPZdSoUas9z9/+9rdpamrKZpttlq9//estvl/l5IXtttuu+jF0c774xS9Ww6ClH0//9re/TZJ07tw5vXv3Xu50lW/5WnpD3xJdu3bNxz/+8STJlVdeudrX2a545JFHkiQf/vCHV3hlhd69e6/0smVJVvgmXfkI+pOf/GTat2+/wmnmzp27xP9X1kXnzp3Tp0+f5T7GAQcc0KJxrujaxHV1dampqUmSvPnmmyud14am8gb70EMP5Yorrkj//v3zqU99KrW1tWlsbMzTTz+dMWPG5Etf+lJuvvnmNTaOVVmHrfF6b63XYiUCJk6cWD1etKKhoSH33HNPkuR//+//vdx5rIhtxn1JbDMqdt5552qcrshuu+22wj26X/7yl5MkCxYsyP3331/9f8ub1rRBH8JRccghh+Twww/Prbfemuuuuy777rtv9tprr1We36uvvppk0ZvD8jaozalcNaBr164rnXaHHXbI7Nmz8/rrr7do3pXfwmfPnt2ib2CsnPhYomPHjhk3blwGDx6cP/zhDxk2bFgaGxuX2Mu+Kt54440ki57zynTp0mWlexVXdJxmZeO9oo/4K1d6eP/995f4/8r6+8hHPtIq49x6662Xe1v79u1TU1OTpqamLFiwYKWPtyE77LDDcthhhyVJXnvttdx9992555578sgjj+Ttt9/OD3/4w9TW1uYb3/hGqz/2qqzD1ni9t9Zr8aijjsoNN9yQ2bNn54477sjhhx9eva1y8mDnzp3zz//8zyt9nObYZqwd24x99tknf//735u93yabbFI9qa+iEoaravGr5Sxu++23b9H9V/Ye2a1bt2y22WaZP39+9f04WXuWN+uHDX4PdMXZZ5+dnXfeOe+++27OP//85V42pyXeeeedJGn2Y8MVmTdvXpJk0003Xem0lXlXHmtlKns+amtr06FDh5X+WVVdu3bNtddemx49eqSxsTHDhw9f5hi0UpV10ZLl0pJpNtpo5S/7luwFWVpl/bVk+bXWOCmz/fbb56ijjsq1116ba6+9Np07d87ChQszbty4NfJ4q7IOW+P13lqvxe233776aVjlZMGKyr/79u1btKNgabYZbb/NmD9/fhoaGpr909x7YWUs7733XtFjVHzoQx9qdpqWLsOWLIvKa7KyjBf/e1svb9YP9kD/j/bt22f48OEZOHBg/vSnP2X48OFLnKBQonLJneX9Rr88m2++eYvvV5lmiy22aNG8KxuTnj17rtGPrJNFb7rXXHNNTjzxxEydOjUXX3xxFixYsMSJISUqy2Vl16NNypd5aypZ7205ThbZd999M3DgwFx22WV55ZVX8vLLL7fo05+KpfcmtpbWeL235mvx8MMPz29+85s88cQTef7559OtW7dMmzYt06ZNS21tbQYMGLDSx1gZ24y23WZUzo9pqcr7zltvvdXi+1Q+Ld14443z4Q9/uOjxlraq75Fry/Jm/eDXp8X06NEjp556apJk/PjxK/yikxWpfAz1yiuvLHPc4Ipst912SbLESQ/LU5mmpVcTqHyUuaJL87SmbbbZJtddd1322muvvP/++7nssssyZsyYVZpXZbm89NJLK522cuJQW6icTNSS9deW4+QfKsffJkvGQGXP0ooiuaWHT5Vqjdd7a74W999//3zqU59KY2Nj9Rjl2267LQsXLsyee+6Zbt26rfQxWsI2Y8XWpm1G9+7dkyw6kb2ln9ZWTqzfcccdV/ubP1e2XqdPn1795Wnxw3jW1eXN2klAL2XgwIH54he/mIULF+aiiy5a4mOnlqpcWm7evHn5+c9/3uL7HXTQQUkWHUM9adKk5U73u9/9rvrmfeCBB7Zo3pVjul966aVMmTKlxWNaHZ06dcqPfvSj9OrVKwsXLsyVV16ZK664ong+lec4e/bs6klLzbnvvvvW2FUVWqJy3dxXX301Dz300HKna+txru9K9qa98MILSRYd57n4uQGVs/NXFMmPP/74Ko5wxVrj9d7ar8WvfvWrSRadjLz4yYP9+vVb6X1L2GY0r63HubQDDzwwtbW1mT9/fos+0ZwzZ071JPnPfvazq/34Tz31VPU49+b86le/SrLok9fFTxZcV5c3aycB3Yxhw4ala9eumT17dv77v/+7+P777bdfPvGJTyRJxo0bt9zfdv/yl79k/Pjx1X/vu+++1b05V1xxRd59991l7vPuu+/myiuvTLLkl0aszMEHH5yddtopTU1Nufjii1f40ebEiRNbbe9ahw4dMnbs2PTp0ydNTU0ZN25cLr744qJ59OrVa4kz9Zc+kz1Z9FFtZbm0lYMPPri6t+OKK65odhmvDeNcn91zzz056qijcvnllzf787O4mTNn5j/+4z+SLPqZXfz4y8r14B977LFmP0X66U9/usZ+EW2N13trvxYPP/zwbLHFFpk1a1bOO++8zJkzJ127dq2GdWuyzVjS2jDOpXXr1i2f//znkyTXXHPNMicZLu7dd9/NWWedlTfffDPt2rVrlUN+5s+fv9xvGX3++edz++23J1kUzJW9zsm6u7xZOwnoZnTu3Dnnn39+2rVrt8rzOOuss1JbW5uZM2dm4MCB+Y//+I/qRvy5557LyJEj8y//8i+55JJLlnij/+53v5va2to8+eSTOfbYY6u/tSeLfis+9thjM3Xq1NTW1hZ/Y+CZZ56Zdu3a5cknn8xRRx2VO++8szqmN954I+PHj8/xxx+foUOH5pprrlnl57609u3bZ/To0Tn00EPT1NSU6667LsOHDy+ax+mnn56ampo8++yzGThwYCZMmFANm3vvvTfHHntsnnvuuXz0ox9ttXGvisr1Q6dNm5aBAwcucfmvtWmc66snnngiCxYsyLhx43LooYdm5MiReeCBB5a4qsyMGTNy1VVXZcCAAZk1a1a23nrrnHzyyUvM59BDD02y6CvuBw8eXN2r/Ze//CUjR47MsGHD0qVLlzX2PFrj9d6ar8Utt9yyuievcmjb8r4muTXYZqx941za2Wefna233jrvvPNOBg0alGHDhmXy5MnVsc+aNSu33nprDj/88Orl444//vhWudZ39+7dM378+Jx66qnVX2T/9re/5bbbbsvxxx+ft99+O5tttlmz14peV5c3ax8nES7HgQcemIEDB+a6665bpfsfcMAB+cEPfpDhw4dn5syZ+f73v5/zzz8/tbW1S1zSZv/998/f//736kl++++/f37wgx/khz/8YaZMmZLBgwdX94xVfsg322yzfO9732vx4RsVBx10UIYNG5bhw4fnmWeeyXe/+93U1NRkk002WSLit9pqq+y6666r9LyXp7a2NqNGjcqZZ56Zn//857nxxhvz3nvvZdiwYS26/yGHHJIzzjgjl112WZ555pmccsopSyyXjTbaKIMGDcqUKVMyc+bMVh17iX79+mXWrFm56qqrMm3atAwZMmStHOf66owzzqgeS/vKK69Ur7aRLDpMY+HChUvsUf74xz+eYcOGLfOm3r9//0ycODH33HNPHnzwwTz44INp165d9Wf3Yx/7WP71X/81//f//t818jxa4/Xe2q/FI444Ij//+c/T1NSUTTfddJW+ebCEbcbaNc6l7bTTThkzZkzOOuusvPj"
10:42:26.138 [Forwarding screenshot on session e9979048-770c-4b0a-8318-48798eddb49f to remote] DEBUG org.apache.http.wire - http-outgoing-1 << "ii7nllltyyy23ZKONNkptbe0SV+ho165dTjjhhOo5Rqtrr732Srdu3XLXXXfl17/+ddq1a5fGxsY0NTUlWXTi4IgRI5o9Pn9dXd6sfQT0Cpx55pl58sknV/mj2v79+2fXXXfNzTffnEcffTSvv/56FixYkO222y677LJL+vXrl0MOOaTZ+/Xo0SM33nhjHnvsserhFF26dMmee+6ZgQMHVk/iWJUxfe5zn8v/+3//L4899lhmzZqV9957L1tuuWU+9rGPVa9MsPjHXq3p4osvTvv27fOf//mfue2227JgwYIWX+3kuOOOyy677JIbb7wxTz/9dObMmZOOHTumrq4uRx55ZA477LAce+yxa2TcJYYMGZLdd989N910U5555pm1dpzrq29961s58sgjc/vtt2fSpEn5wx/+kLfeeivz589Pu3btss0226Rbt27Zf//9c/TRRy/30lmjR4/OmDFjMmHChLz00ktZuHBhdtxxQxSF/wAAIABJREFUxxxwwAEZMmRIHn744TX6PFrj9d6ar8U99tgjO+64Y2bOnJlevXoVXbFkddhmrD3jXNoee+yRX/7yl7npppty33335Y9//GPmzp2bxsbGbLHFFtlhhx3Ss2fPHHPMMa12smnFJZdckp49e+aOO+7IzJkz8+6772bbbbfN3nvvnW9961srfLx1dXmzdqlpaGhoassBdO/ePU1NTZkxY8ZqX5wdaH2Vk+uee+651ZqPn/V12+TJkzNw4MA0NTXl6quvXuE3mgIfnMq2dXW30ZRxDDQAKzV27Ng0NTWlR48e4hnY4AloAFboxz/+cR555JHU1NTk3/7t39p6OABtzjHQADTrxRdfzJgxY/LLX/4yTU1N+frXv169QgnAhkxAA7CMY445Jk888UTef//9bLzxxvn617+eH/7wh209LIC1goAGYBnvv/9+Ntlkk/Ts2TMnnHBCevXq1dZDAlhrCGgAlvH9738/Xbt2rX6tOQD/IKABWMaqXmseYEPgKhwAAFBAQAMAQAEBDQAABQQ0AAAUENAAAFBAQAMAQAEBDQAABQQ0AAAUENAAAFBAQAMAQAEBDQAABQQ0AAAUENAAAFBAQAMAQAEBDQAABQQ0AAAUENAAAFBAQAMAQAEBDQAABQQ0AAAUENAAAFBAQAMAQAEBDQAABQQ0AAAUENAAAFBAQAMAQAEBDQAABdo8oDt16pQkmTt3bhuPBFjaO++8k+QfP6erw886QOtqzW00Zdo8oLt3754kueOOO9p4JMDSJk6cmOQfP6erozKP8ePHr/a8AEjuvvvuJK2zjaZMmwf0ySefnCS56KKLcuONN1Z/mwLa1vjx43PhhRcm+cfP6eo4+eSTU1NTkwsvvDA33HCDn3WA1XDnnXdmxIgRaWpqapVtNGVqGhoamtp6EKNHj059fX1bDwNoxsknn5yhQ4e2yrwqP+s1NTWtMj+ADVlTU1OGDBmSoUOH2q5+wNaKgE6SyZMnZ/To0Xn22WcdIwltrFOnTtl5550zdOjQ7LXXXq06bz/rAKtnTW6jaZm1JqABAGBd0ObHQAMAwLpEQAMAQAEBDQAABQQ0AAAUENAAAFBAQAMAQAEBDQAABQQ0AAAUENAAAFBAQAMAQAEBDQAABQQ0AAAUENAAAFBAQAMAQAEBDQAABWrbegAVkydPzlVXXZVnn30277zzTlsPB6BYp06dsvPOO2fIkCHZe++923o4AKwhNQ0NDU1tPYj6+vrU19enqanNhwKw2mpqajJkyJAMHTq0rYcCwBrQ5gE9efLkDBw4MJtvvnkuvPDCfPGLX2zL4QCslvHjx2fEiBGZN29ebrjhBnuiAdZDbX4IR2XPcyWea2pq2npIAKusX79+SZJzzjkn9fX1AhpgPdTmJxHOmDEjScQzsN6ofJJW2b4BsH5p84B2wiCwvtliiy2S2L4BrK/aPKABAGBdIqABAKCAgAYAgAICGgAACghoAAAoIKABAKCAgAYAgAICGgAACghoAAAoIKABAKCAgAYAgAICGgAACghoAAAoIKABAKCAgAYAgAICGgAACghoAAAoIKABAKCAgAYAgAICGgAACghoAAAoIKABAKCAgAYAgAICGgAACghoAAAoIKABAKCAgAYAgAICGgAACghoAAAoIKABAKCAgAYAgAICGgAACghoAAAoIKABAKCAgAYAgAICGgAACmwwAX3GGWekrq6uxX++9KUvtfoYLrjggvTu3Tu9e/fOxIkTV2keffv2TV1dXYYPH97Ko/vHMvqnf/qnlU47Y8aM9O7dO3V1denVq1emTJlSva01nueRRx6Zurq6nHTSSat0/w3RMcccU7zMHn744eprfvLkyav0uGvyNQkAa6Path7AB23jjTfOJptsstLpNt1001Z/7LfeeiuzZs1KkjQ0NCxz+xtvvJE77rgje++9d3bfffdWf/zWMmPGjAwePDizZs1K586dU19fnz322KN6+8qeJwDAumyDC+ju3bvnjjvuaOthLGPWrFk57LDD0tDQkNGjR6+1Ab10PI8ZMyaf/vSn23pYAAAfmA0uoNvSpZdemksvvbTZ2xYsWLDW761dPJ633XbbXHXVVc3G84qeJwDAuk5A0yJLx/OYMWPW2r3kAABr0gZzEiGrbvF43m677cQzALBBswe60OTJk3P99ddn+vTpeeONN7L55ptn5513zsCBA3PQQQfl2GOPzaOPPpovfOELGTNmzBL37du3b2bOnJmBAwfme9/7XpLkkEMOyYsvvrjEdEOHDl3i35dccslyr4zx4x//OHfddVdmzpyZhoaGbLXVVvnMZz6Tk046Kd27d1/t59tcPO+2224rvE9zz3NpDz30UG688cY8++yzefPNN7P55pvnU5/6VAYMGJBDDjlkufNuaGjIHnvskaampvzkJz/Jbrvtlvr6+vzmN7/Ja6+9lk022SQf/ehHM2DAgPTv3z/JopMzr7766tx777157bXXstFGG2WnnXbK0UcfnX79+q3wuazq+l56nHvttVduuumm3Hnnnfnzn/+c+fPnt/q6ak3NLeerrroqEyZMyKxZs7JgwYI8+eST6dix4zL3/clPfpLx48fnL3/5S95999107tw5e+65Z775zW+u9HluqMsbgHWLgC5w/fXXZ+TIkWlsbEyy6Ioec+fOzcMPP5zJkyfntNNOK55nhw4d0qFDhyT/uGLFpptumpqamuo0tbXNr6aTTjopd999d5KkXbt2aWxszOuvv54JEyZk8uTJueaaa1YauyuydDyPGzcuPXr0WOX5VYwdOzb19fXLLMdJkybl8ccfX+Fl2Dp06JDNN988c+fOzauvvprLLrssU6ZMSU1NTXU+06dPz7nnnpt33nknffr0yYknnpgXXnihOs27776b6dOn55xzzsm8efMycODAZh9rddb34uP861//mlNPPTW//vWvk6yZddXaFh//a6+9ltGjR1cvc9euXbvU1NQ0G8/f+c53ctddd1Wna2xszMsvv5yXX345EydOzAUXXLDcS0RuyMsbgHWLQzha6De/+U3+/d//PY2NjenevXtGjRqVadOmZerUqRk3blx23XXXXHnllXnttdeK5nvnnXfm97//ff7rv/6r+n8jR47M73//++qfww47bJn73X///bnnnnvy1a9+NbfffnuefvrpTJw4MSeddFLat2+fOXPmrNaJfIvH8/bbb99q8XznnXdm1KhRaWxsTI8ePTJ69OhlluO4ceNWuBwrv3BU9mAPGTIkDz74YB5//PHU19ena9euWbhwYa6++uqcd955eemll3LSSSfl/vvvz5NPPpmxY8fmIx/5SJqamjJmzJhmT95sjfVdGeftt9+eCRMmrLF1taYsPv6pU6dm0KBBueeee/L000/nlltuWWb6xx9/PHfddVcOPfTQ3HbbbXn66afzxBNP5Ac/+EG6dOmSefPm5Zxzzsn06dOXua/lDcC6ZIPbAz1jxoz07NlzpdNdfPHFOfjgg6v/vvzyy7Nw4cLU1dXlpptuSqdOnaq3HXTQQfn85z+fAQMG5Kmnnloj417an//85wwaNCjf/va3q/+344475tRTT01DQ0N+/OMf57HHHsu"
10:42:26.138 [Forwarding screenshot on session e9979048-770c-4b0a-8318-48798eddb49f to remote] DEBUG org.apache.http.wire - http-outgoing-1 << "cOXOy1VZbFc177ty5S8Tz2LFjWyWek2TUqFFpampKjx49cvPNN1ejJ1m0HPfZZ58MGDCg2ciqqOyRf+qppzJs2LAcccQR1dv69u2bDh065LjjjsucOXMyadKknH766Rk8eHB1mj59+qR9+/b51re+lTlz5uTuu+/OV77ylSUeozXWd2Wcjz766BpbV2tSZfyTJk3Kd77znZxwwgnV2z7zmc8sM/0zzzyT/v37Z8SIEdX/69ixY77xjW9kzz33zFFHHZU5c+Zk5MiRuf7665e4r+UNwLpkg9sD/f7776ehoWGlf95///3qfR5++OH86U9/SpKcdtppS7y5V7Rv3z6nnHLKB/Y8unTpskQgLK7yEXljY2N+//vfF8971qxZ1S9COfroo1stnn/729/mlVdeSZJ8+9vfXiKeKzp06LDS5VgJpZ122mmJeK7Yb7/9ss022yRJtt9++3zzm99cZppevXpV4+n5559f4rbWWt+Vca7JdbUmLT7+5pbh0jp27Jgzzjij2dsWX1ePP/549fWVWN4ArHs2uD3QPXr0KP4ilfvuuy9J0rlz5/Tp02e50x1wwAHp3LlzZs+evTpDbJEV7UWvq6tLTU1Nmpqa8uabbxbPu2vXrtlkk03y3//937nyyivzoQ99KIcffvjqDDdJ8sgjjyRJPvzhD2e//fZb7nS9e/du0XJcUdhvueWWeeONN/LJT34y7du3X+40c+bMydy5c5f4/9Ze32tyXX0Qdt555+Ueh7+43XbbbYV7dL/85S9n7NixWbBgQe6///5qUFveAKxrNriAXhV//etfkyQf+chHVjptly5dPpCA3nrrrZd7W/v27auRsGDBguJ5d+zYMePGjcvgwYPzhz/8IcOGDUtjY2OOOuqo1Rly3njjjSTJDjvssNJpW7Ict9xyy+XeVgm+bbfddrnTbLzxxkmyxKcNSeuv71VdV/vss0/+/ve/N3u/TTbZpHpSX8XiJ56uisryWNr222/fovt37dp1hbd369Ytm222WebPn59XX321+v9ry/IGgJba4A7hWBXz5s1LkmYPOVjapptuuqaHkyTZaKM1u+q6du2aa6+9Nj169EhjY2OGDx++zHGrpf72t78ladkyask0LVkGLdlzurTWXt+ruq7mz5+/3EOMKsuyubG89957RY9R8aEPfajZaVq6DFuyLCqfBlSW8eJ/b+vlDQAtZQ90C1Qu17W8vYGLa8k064rtt98+11xzTU488cRMnTo1F198cRYsWLDEyWQlNt988yRp0VeWt+VyXFvW97Rp04qm32KLLZIkb731Vovv8/rrrydZtPf5wx/+cNHjLa1keVXGmqw9yxsAWsqumhaonJC2+IlPy1M5SW59sc022+S6667LXnvtlffffz+XXXbZMl8Q01LbbbddkuSll15a6bRtuRzX1fVd+XKQF154odk91M2pXNVixx13bPa6ziVWtl6nT59e/eVp8cN41tXlDcCGS0C3wD777JMkefXVV/PQQw8td7r77rtvlY9/bteuXfXvi3+svjbo1KlTfvSjH6VXr15ZuHBhrrzyylxxxRXF8znwwAOTJLNnz84999yz3OlWZzm2hg9ifa8JBx54YGprazN//vzcfPPNK51+zpw5uffee5Mkn/3sZ1f78Z966qnqce7N+dWvfpVk0WEci58suK4ubwA2XAK6BQ4++ODqHrMrrrii2UMQGhoacuWVV67yY+ywww7V40P/+Mc/rvJ81pQOHTpk7Nix6dOnT5qamjJu3LhcfPHFRfPo1atXPv7xjydJrrzyymWufpGs/nJsDR/E+l4TunXrls9//vNJkmuuuWaZkwwX9+677+ass87Km2++mXbt2mXAgAGr/fjz58/PyJEjm73t+eefz+23355kUTBX9jon6+7yBmDDJaBbqHIN2mnTpmXgwIGZOHFi9SuH77333hx77LF57rnn8tGPfnSVH2OXXXZJkvzsZz/LhAkT0tjYmNdee22Fe/U+SO3bt8/o0aNz6KGHpqmpKdddd12GDx9eNI/TTz89NTU1efbZZzNw4MDq80xabzm2hg9ifa8JZ599drbeeuu88847GTRoUIYNG5bJkydXxz5r1qzceuutOfzww6uXjzv++ONb5Vrf3bt3z/jx43PqqadmypQpSRadOHrbbbfl+OOPz9tvv53NNtus2WtFr6vLG4ANk5MIW6hfv36ZNWtWrrrqqkybNi1DhgypXp2gsbExG220UQYNGpQpU6Zk5syZq/QY//Zv/5ZTTjklb775Zk455ZTU1tbm/fffz9ixY3PQQQe15tNZZbW1tRk1alTOPPPM/PznP8+NN96Y9957L8OGDWvR/Q855JCcccYZueyyy/LMM89Un2fSesuxNXwQ63tN2GmnnTJmzJicddZZefHFF3PLLbfklltuyUYbbZTa2tolrtDRrl27nHDCCTn11FNb5bH32muvdOvWLXfddVd+/etfp127dmlsbExTU1OSRScOjhgxIt26dVvmvuvq8gZgw2QPdIEhQ4bk6quvTu/evbPddtulpqYmm2++efbee+9cdtllOe2001Zr/n369MkVV1yRnj17Vi/ptdVWW632yV1rwsUXX1z9cpXbbrst55xzTovve9xxx+Xaa69Nnz591shybC1ren2vKXvssUd++ctf5uyzz86+++6bbbfdNptsskkWLlyYLbbYInV1dfnGN75R3Vvcmi655JKcd9556dGjRzbddNO0a9cuXbt2Tb9+/XLLLbekb9++y73vurq8Adjw1DQ0NDS15QC6d++epqamzJgxY7W/CAJgbVHZtj333HNtPRQAWpk90AAAUEBAAwBAAQENAAAFBDQAABQQ0AAAUEBAAwBAAQENAAAFBDQAABQQ0AAAUEBAAwBAAQENAAAFBDQAABQQ0AAAUEBAAwBAAQENAAAFBDQAABQQ0AAAUEBAAwBAAQENAAAFBDQAABQQ0AAAUEBAAwBAAQENAAAFBDQAABQQ0AAAUEBAAwBAAQENAAAFBDQAABQQ0AAAUEBAAwBAAQENAAAFBDQAABQQ0AAAUEBAAwBAgTYP6E6dOiVJ5s6d28YjAWgd77zzTpJ/bN8AWL+0eUB37949STJ+/Pg2HglA67j77ruT/GP7BsD6pc0D+uSTT05NTU0uvPDC3HDDDdU9NwDrojvvvDMXXnhhmpqacvLJJ7f1cABYA2oaGhqa2noQo0ePTn19fWpqatp6KACrrampKUOGDMnQoUNt1wDWQ2tFQCfJpEmTUl9fn2effdbx0MA6qVOnTunevXtOPvnk7L333uIZYD211gQ0AACsC9r8GGgAAFiXCGgAACggoAEAoICABgCAAgIaAAAKCGgAACggoAEAoICABgCAAgIaAAAKCGgAACggoAEAoICABgCAAgIaAAAKCGgAACggoAEAoICABgCAAgIaAAAKCGgAACggoAEAoICABgCAAgIaAAAKCGgAACggoAEAoICABgCAAgIaAAAKCGgAACggoAEAoICABgCAAgIaAAAKCGgAACggoAEAoICABgCAAgIaAAAKCGgAACggoAEAoICABgCAAgIaAAAKCGgAACggoAEAoICABgCAAgIaAAAKCGgAACggoAEAoICABgCAAgIaAAAKCGgAACggoAEAoICABgCAAgIaAAAKCGgAACggoAEAoICABgCAAgIaAAAKCGgAACggoAEAoICABgCAAgIaAAAKCGgAACggoAEAoICABgCAAgIaAAAKCGgAACggoAEAoICABgCAAgIaAAAKCGgAACggoAEAoICABgCAAgIaAAAKCGgAACggoAEAoICABgCAAgIaAAAKCGgAACggoAEAoICABgCAAgIaAAAKCGgAACggoAEAoICABgCAAgIaAAAKCGgAACggoAEAoICABgCAAgIaAAAKCGgAACggoAEAoICABgCAAgIaAAAKCGgAACggoAEAoICABgCAAgIaAAAKCGgAACggoAEAoICABgCAAgIaAAAKCGgAACggoAEAoICABgCAAgIaAAAKCGgAACggoAEAoICABgCAAgIaAAAKCGgAACggoAEAoICABgCAAgIaAAAKCGgAACggoAEAoIC"
10:42:26.138 [Forwarding screenshot on session e9979048-770c-4b0a-8318-48798eddb49f to remote] DEBUG org.apache.http.wire - http-outgoing-1 << "ABgCAAgIaAAAKCGgAACggoAEAoICABgCAAgIaAAAKCGgAACggoAEAoICABgCAAgIaAAAKCGgAACggoAEAoICABgCAAgIaAAAKCGgAACggoAEAoICABgCAAgIaAAAKCGgAACggoAEAoICABgCAAgIaAAAKCGgAACggoAEAoICABgCAAgIaAAAKCGgAACggoAEAoICABgCAAgIaAAAKCGgAACggoAEAoICABgCAAgIaAAAKCGgAACggoAEAoICABgCAAgIaAAAKCGgAACggoAEAoICABgCAAgIaAAAKCGgAACggoAEAoICABgCAAgIaAAAKCGgAACggoAEAoICABgCAAgIaAAAKCGgAACggoAEAoICABgCAAgIaAAAKCGgAACggoAEAoICABgCAAgIaAAAKCGgAACggoAEAoICABgCAAgIaAAAKCGgAACggoAEAoICABgCAAgIaAAAKCGgAACggoAEAoICABgCAAgIaAAAKCGgAACggoAEAoICABgCAAgIaAAAKCGgAACggoAEAoICABgCAAgIaAAAKCGgAACggoAEAoICABgCAAgIaAAAKCGgAACggoAEAoICABgCAAgIaAAAKCGgAACggoAEAoICABgCAAgIaAAAKCGgAACggoAEAoICABgCAAgIaAAAKCGgAACggoAEAoICABgCAAgIaAAAKCGgAACggoAEAoICABgCAAgIaAAAKCGgAACggoAEAoICABgCAAgIaAAAKCGgAACggoAEAoICABgCAAgIaAAAKCGgAACggoAEAoICABgCAAgIaAAAKCGgAACggoAEAoICABgCAAgIaAAAKCGgAACggoAEAoICABgCAAgIaAAAKCGgAACggoAEAoICABgCAAgIaAAAKCGgAACggoAEAoICABgCAAgIaAAAKCGgAACggoAEAoICABgCAAgIaAAAKCGgAACggoAEAoICABgCAAgIaAAAKCGgAACggoAEAoICABgCAAgIaAAAKCGgAACggoAEAoICABgCAAgIaAAAKCGgAACggoAEAoICABgCAAgIaAAAKCGgAACggoAEAoICABgCAAgIaAAAKCGgAACggoAEAoICABgCAAgIaAAAKCGgAACggoAEAoICABgCAAgIaAAAKCGgAACggoAEAoICABgCAAgIaAAAKCGgAACggoAEAoICABgCAAgIaAAAKCGgAACggoAEAoICABgCAAgIaAAAKCGgAACggoAEAoICABgCAAgIaAAAKCGgAACggoAEAoICABgCAAgIaAAAKCGgAACggoAEAoICABgCAAgIaAAAKCGgAACggoAEAoICABgCAAgIaAAAKCGgAACggoAEAoICABgCAAgIaAAAKCGgAACggoAEAoICABgCAAgIaAAAKCGgAACggoAEAoICABgCAAgIaAAAKCGgAACggoAEAoICABgCAAgIaAAAKCGgAACggoAEAoICABgCAAgIaAAAKCGgAACggoAEAoICABgCAAgIaAAAKCGgAACggoAEAoICABgCAAgIaAAAKCGgAACggoAEAoICABgCAAgIaAAAKCGgAACggoAEAoICABgCAAgIaAAAKCGgAACggoAEAoICABgCAAgIaAAAKCGgAACggoAEAoICABgCAAgIaAAAKCGgAACggoAEAoICABgCAAgIaAAAKCGgAACggoAEAoICABgCAAgIaAAAKCGgAACggoAEAoICABgCAAgIaAAAKCGgAACggoAEAoICABgCAAgIaAAAKCGgAACggoAEAoICABgCAAgIaAAAKCGgAACggoAEAoICABgCAAgIaAAAKCGgAACggoAEAoICABgCAAgIaAAAKCGgAACggoAEAoICABgCAAgIaAAAKCGgAACggoAEAoICABgCAAgIaAAAKCGgAACggoAEAoICABgCAAgIaAAAKCGgAACggoAEAoICABgCAAgIaAAAKCGgAACggoAEAoICABgCAAgIaAAAKCGgAACggoAEAoICABgCAAgIaAAAKCGgAACggoAEAoICABgCAAgIaAAAKCGgAACggoAEAoICABgCAAgIaAOD/t2PHNADAAAzDnvEHWhTDkGuaZCPoGRUCAQ0AAIGABgCAQEADAEAgoAEAIBDQAAAQCGgAAAgENAAABAIaAAACAQ0AAIGABgCAQEADAEAgoAEAIBDQAAAQCGgAAAgENAAABAIaAAACAQ0AAIGABgCAQEADAEAgoAEAIBDQAAAQCGgAAAgENAAABAIaAAACAQ0AAIGABgCAQEADAEAgoAEAIBDQAAAQCGgAAAgENAAABAIaAAACAQ0AAIGABgCAQEADAEAgoAEAIBDQAAAQCGgAAAgENAAABAIaAAACAQ0AAIGABgCAQEADAEAgoAEAIBDQAAAQCGgAAAgENAAABAIaAAACAQ0AAIGABgCAQEADAEAgoAEAIBDQAAAQCGgAAAgENAAABAIaAAACAQ0AAIGABgCAQEADAEAgoAEAIBDQAAAQCGgAAAgENAAABAIaAAACAQ0AAIGABgCAQEADAEAgoAEAIBDQAAAQCGgAAAgENAAABAIaAAACAQ0AAIGABgCAQEADAEAgoAEAIBDQAAAQCGgAAAgENAAABAIaAAACAQ0AAIGABgCAQEADAEAgoAEAIBDQAAAQCGgAAAgENAAABAIaAAACAQ0AAIGABgCAQEADAEAgoAEAIBDQAAAQCGgAAAgENAAABAIaAAACAQ0AAIGABgCAQEADAEAgoAEAIBDQAAAQCGgAAAgENAAABAIaAAACAQ0AAIGABgCAQEADAEAgoAEAIBDQAAAQCGgAAAgENAAABAIaAAACAQ0AAIGABgCAQEADAEAgoAEAIBDQAAAQCGgAAAgENAAABAIaAAACAQ0AAIGABgCAQEADAEAgoAEAIBDQAAAQCGgAAAgENAAABAIaAAACAQ0AAIGABgCAQEADAEAgoAEAIBDQAAAQCGgAAAgENAAABAIaAAACAQ0AAIGABgCAQEADAEAgoAEAIBDQAAAQCGgAAAgENAAABAIaAAACAQ0AAIGABgCAQEADAEAgoAEAIBDQAAAQCGgAAAgENAAABAIaAAACAQ0AAIGABgCAQEADAEAgoAEAIBDQAAAQCGgAAAgENAAABAIaAAACAQ0AAIGABgCAQEADAEAgoAEAIBDQAAAQCGgAAAgENAAABAIaAAACAQ0AAIGABgCAQEADAEAgoAEAIBDQAAAQCGgAAAgENAAABAIaAAACAQ3Yo/dUAAAEgElEQVQAAIGABgCAQEADAEAgoAEAIBDQAAAQCGgAAAgENAAABAIaAAACAQ0AAIGABgCAQEADAEAgoAEAIBDQAAAQCGgAAAgENAAABAIaAAACAQ0AAIGABgCAQEADAEAgoAEAIBDQAAAQCGgAAAgENAAABAIaAAACAQ0AAIGABgCAQEADAEAgoAEAIBDQAAAQCGgAAAgENAAABAIaAAACAQ0AAIGABgCAQEADAEAgoAEAIBDQAAAQCGgAAAgENAAABAIaAAACAQ0AAIGABgCAQEADAEAgoAEAIBDQAAAQCGgAAAgENAAABAIaAAACAQ0AAIGABgCAQEADAEAgoAEAIBDQAAAQCGgAAAgENAAABAIaAAACAQ0AAIGABgCAQEADAEAgoAEAIBDQAAAQCGgAAAgENAAABAIaAAACAQ0AAIGABgCAQEADAEAgoAEAIBDQAAAQCGgAAAgENAAABAIaAAACAQ0AAIGABgCAQEADAEAgoAEAIBDQAAAQCGgAAAgENAAABAIaAAACAQ0AAIGABgCAQEADAEAgoAEAIBDQAAAQCGgAAAgENAAABAIaAAACAQ0AAIGABgCAQEADAEAgoAEAIBDQAAAQCGgAAAgENAAABAIaAAACAQ0AAIGABgCAQEADAEAgoAEAIBDQAAAQCGgAAAgENAAABAIaAAACAQ0AAIGABgCAQEADAEAgoAEAIBDQAAAQCGgAAAgENAAABAIaAAACAQ0AAIGABgCAQEADAEAgoAEAIBDQAAAQCGgAAAgENAAABAIaAAACAQ0AAIGABgCAQEADAEAgoAEAIBDQAAAQCGgAAAgENAAABAIaAAACAQ0AAIGABgCAQEA"
10:42:26.138 [Forwarding screenshot on session e9979048-770c-4b0a-8318-48798eddb49f to remote] DEBUG org.apache.http.wire - http-outgoing-1 << "DAEAgoAEAIBDQAAAQCGgAAAgENAAABAIaAAACAQ0AAIGABgCAQEADAEAgoAEAIBDQAAAQCGgAAAgENAAABAIaAAACAQ0AAIGABgCAQEADAEAgoAEAIBDQAAAQCGgAAAgENAAABAIaAAACAQ0AAIGABgCAQEADAEAgoAEAIBDQAAAQCGgAAAgENAAABAIaAAACAQ0AAIGABgCAQEADAEAgoAEAIBDQAAAQCGgAAAgENAAABAIaAAACAQ0AAIGABgCAQEADAEAgoAEAIBDQAAAQCGgAAAgENAAABAIaAAACAQ0AAIGABgCAQEADAEAgoAEAIBDQAAAQCGgAAAgENAAABAIaAAACAQ0AAIGABgCAQEADAEAgoAEAIBDQAAAQCGgAAAgENAAABAIaAAACAQ0AAIGABgCAQEADAEAgoAEAIBDQAAAQCGgAAAgENAAABAIaAAACAQ0AAIGABgCAQEADAEAgoAEAIBDQAAAQCGgAAAgENAAABAIaAAACAQ0AAIGABgCAQEADAEAgoAEAIBDQAAAQCGgAAAgENAAABAIaAAACAQ0AAIGABgCAQEADAEAgoAEAIBDQAAAQCGgAAAgENAAABAIaAAACAQ0AAIGABgCAQEADAEAgoAEAIBDQAAAQCGgAAAgENAAABAIaAAACAQ0AAMHZ9noDAAB8wwMNAADBBRm0leM+u6uuAAAAAElFTkSuQmCC","sessionId":"e9979048-770c-4b0a-8318-48798eddb49f"}"
10:42:26.139 [Forwarding screenshot on session e9979048-770c-4b0a-8318-48798eddb49f to remote] DEBUG o.a.h.i.c.PoolingHttpClientConnectionManager - Connection [id: 1][route: {}->http://localhost:4723] can be kept alive indefinitely
10:42:26.139 [Forwarding screenshot on session e9979048-770c-4b0a-8318-48798eddb49f to remote] DEBUG o.a.h.i.c.PoolingHttpClientConnectionManager - Connection released: [id: 1][route: {}->http://localhost:4723][total kept alive: 1; route allocated: 1 of 2000; total allocated: 1 of 2000]
E:\Automation_Demo\CigAutomationDemo\Reports\ScreenShot\ScreenShot20191202104224.png
<a href="./ScreenShot/ScreenShot20191202104224.png"><img class="report-img" src="./ScreenShot/ScreenShot20191202104224.png"></a>
]]></system-out>
    <system-err><![CDATA[Dec 02, 2019 10:40:11 AM com.google.api.client.util.store.FileDataStoreFactory setPermissionsToOwnerOnly
WARNING: unable to change permissions for everybody: C:\Users\E002867\.credentials\sheets.googleapis.com-java-quickstart
Dec 02, 2019 10:40:11 AM com.google.api.client.util.store.FileDataStoreFactory setPermissionsToOwnerOnly
WARNING: unable to change permissions for owner: C:\Users\E002867\.credentials\sheets.googleapis.com-java-quickstart
java.lang.IllegalArgumentException: Result field list configuration is possibly outdated since it does not contain custom field: attachment_ids
	at com.google.common.base.Preconditions.checkArgument(Preconditions.java:122)
	at com.codepine.api.testrail.internal.ResultModule$ResultDeserializer.deserialize(ResultModule.java:87)
	at com.codepine.api.testrail.internal.ResultModule$ResultDeserializer.deserialize(ResultModule.java:65)
	at com.fasterxml.jackson.databind.ObjectReader._bindAndClose(ObjectReader.java:1270)
	at com.fasterxml.jackson.databind.ObjectReader.readValue(ObjectReader.java:865)
	at com.codepine.api.testrail.Request.execute(Request.java:150)
	at com.automation.test.management.TestRailAPI.addStatusForCase(TestRailAPI.java:166)
	at com.automation.test.management.TestRailTestRunStatus.fnReportStatus(TestRailTestRunStatus.java:59)
	at com.automation.accelerators.TestEngine.fnAfterTest(TestEngine.java:139)
	at sun.reflect.NativeMethodAccessorImpl.invoke0(Native Method)
	at sun.reflect.NativeMethodAccessorImpl.invoke(NativeMethodAccessorImpl.java:62)
	at sun.reflect.DelegatingMethodAccessorImpl.invoke(DelegatingMethodAccessorImpl.java:43)
	at java.lang.reflect.Method.invoke(Method.java:498)
	at org.testng.internal.MethodInvocationHelper.invokeMethod(MethodInvocationHelper.java:86)
	at org.testng.internal.Invoker.invokeConfigurationMethod(Invoker.java:514)
	at org.testng.internal.Invoker.invokeConfigurations(Invoker.java:215)
	at org.testng.internal.Invoker.invokeMethod(Invoker.java:707)
	at org.testng.internal.Invoker.invokeTestMethod(Invoker.java:820)
	at org.testng.internal.Invoker.invokeTestMethods(Invoker.java:1128)
	at org.testng.internal.TestMethodWorker.invokeTestMethods(TestMethodWorker.java:129)
	at org.testng.internal.TestMethodWorker.run(TestMethodWorker.java:112)
	at org.testng.TestRunner.privateRun(TestRunner.java:782)
	at org.testng.TestRunner.run(TestRunner.java:632)
	at org.testng.SuiteRunner.runTest(SuiteRunner.java:366)
	at org.testng.SuiteRunner.runSequentially(SuiteRunner.java:361)
	at org.testng.SuiteRunner.privateRun(SuiteRunner.java:319)
	at org.testng.SuiteRunner.run(SuiteRunner.java:268)
	at org.testng.SuiteRunnerWorker.runSuite(SuiteRunnerWorker.java:52)
	at org.testng.SuiteRunnerWorker.run(SuiteRunnerWorker.java:86)
	at org.testng.TestNG.runSuitesSequentially(TestNG.java:1244)
	at org.testng.TestNG.runSuitesLocally(TestNG.java:1169)
	at org.testng.TestNG.run(TestNG.java:1064)
	at org.apache.maven.surefire.testng.TestNGExecutor.run(TestNGExecutor.java:281)
	at org.apache.maven.surefire.testng.TestNGXmlTestSuite.execute(TestNGXmlTestSuite.java:75)
	at org.apache.maven.surefire.testng.TestNGProvider.invoke(TestNGProvider.java:121)
	at org.apache.maven.surefire.booter.ForkedBooter.invokeProviderInSameClassLoader(ForkedBooter.java:290)
	at org.apache.maven.surefire.booter.ForkedBooter.runSuitesInProcess(ForkedBooter.java:242)
	at org.apache.maven.surefire.booter.ForkedBooter.main(ForkedBooter.java:121)
]]></system-err>
  </testcase>
  <testcase name="HOOQ_Android_MOBILE_TVShows_Play" classname="com.automation.android.mobile.scripts.HOOQ_Android_MOBILE_Sanity" time="222.438"/>
  <testcase name="HOOQ_Android_MOBILE_Verify_LogOut" classname="com.automation.android.mobile.scripts.HOOQ_Android_MOBILE_Sanity" time="41.66"/>
</testsuite>