<?xml version="1.0" encoding="UTF-8"?>
<testsuite xmlns:xsi="http://www.w3.org/2001/XMLSchema-instance" xsi:schemaLocation="https://maven.apache.org/surefire/maven-surefire-plugin/xsd/surefire-test-report.xsd" name="TestSuite" time="5,004.341" tests="22" errors="0" skipped="0" failures="3">
  <properties>
    <property name="java.vendor" value="Oracle Corporation"/>
    <property name="JOB_NAME" value="IOS_Sanity"/>
    <property name="PWD" value="/Users/admin/Documents/Jenkins"/>
    <property name="sun.java.launcher" value="SUN_STANDARD"/>
    <property name="sun.management.compiler" value="HotSpot 64-Bit Tiered Compilers"/>
    <property name="JENKINS_HOME" value="/Users/admin/.jenkins"/>
    <property name="PATH" value="/Library/Java/JavaVirtualMachines/jdk1.8.0_171.jdk/Contents/Home/bin:/opt/webOS_TV_SDK/CLI/bin:/Users/admin/Library/Android/sdk/platform-tools:/Users/admin/Library/Android/sdk/tools:/Library/Java/JavaVirtualMachines/jdk1.8.0_171.jdk/Contents/Home/bin:/usr/local/bin:/usr/bin:/bin:/usr/sbin:/sbin:/Users/admin/Documents/apache-maven-3.3.9/bin:/Library/Java/JavaVirtualMachines/jdk1.8.0_171/Contents/Home:/usr/local/bin:/Users/admin/tizen-studio/tools:/opt/webOS_TV_SDK/CLI/bin:/Users/admin/Library/Android/sdk/platform-tools:/Users/admin/Library/Android/sdk/tools:/Library/Java/JavaVirtualMachines/jdk1.8.0_171.jdk/Contents/Home/bin:/usr/local/bin:/usr/bin:/bin:/usr/sbin:/sbin:/Users/admin/Documents/apache-maven-3.3.9/bin:/Library/Java/JavaVirtualMachines/jdk1.8.0_171/Contents/Home:/usr/local/bin:/Users/admin/tizen-studio/tools/ide/bin:/opt/webOS_TV_SDK/CLI/bin:/Users/admin/Library/Android/sdk/platform-tools:/Users/admin/Library/Android/sdk/tools:/Library/Java/JavaVirtualMachines/jdk1.8.0_171.jdk/Contents/Home/bin:/usr/local/bin:/usr/bin:/bin:/usr/sbin:/sbin:/Users/admin/Documents/apache-maven-3.3.9/bin:/Library/Java/JavaVirtualMachines/jdk1.8.0_171/Contents/Home:/usr/local/bin:/Users/admin/tizen-studio/tools:/opt/webOS_TV_SDK/CLI/bin:/Users/admin/Library/Android/sdk/platform-tools:/Users/admin/Library/Android/sdk/tools:/Library/Java/JavaVirtualMachines/jdk1.8.0_171.jdk/Contents/Home/bin:/usr/local/bin:/usr/bin:/bin:/usr/sbin:/sbin:/Users/admin/Documents/apache-maven-3.3.9/bin:/Library/Java/JavaVirtualMachines/jdk1.8.0_171/Contents/Home:/usr/local/bin"/>
    <property name="HUDSON_SERVER_COOKIE" value="6d0a37676475e601"/>
    <property name="POM_ARTIFACTID" value="HOOQ_QA"/>
    <property name="os.name" value="Mac OS X"/>
    <property name="TERM_PROGRAM" value="Apple_Terminal"/>
    <property name="sun.boot.class.path" value="/Library/Java/JavaVirtualMachines/jdk1.8.0_171.jdk/Contents/Home/jre/lib/resources.jar:/Library/Java/JavaVirtualMachines/jdk1.8.0_171.jdk/Contents/Home/jre/lib/rt.jar:/Library/Java/JavaVirtualMachines/jdk1.8.0_171.jdk/Contents/Home/jre/lib/sunrsasign.jar:/Library/Java/JavaVirtualMachines/jdk1.8.0_171.jdk/Contents/Home/jre/lib/jsse.jar:/Library/Java/JavaVirtualMachines/jdk1.8.0_171.jdk/Contents/Home/jre/lib/jce.jar:/Library/Java/JavaVirtualMachines/jdk1.8.0_171.jdk/Contents/Home/jre/lib/charsets.jar:/Library/Java/JavaVirtualMachines/jdk1.8.0_171.jdk/Contents/Home/jre/lib/jfr.jar:/Library/Java/JavaVirtualMachines/jdk1.8.0_171.jdk/Contents/Home/jre/classes"/>
    <property name="EXECUTOR_NUMBER" value="0"/>
    <property name="TERM_SESSION_ID" value="1EC264D4-7C1A-4DF2-9FCE-209ED2ED4F05"/>
    <property name="java.vm.specification.vendor" value="Oracle Corporation"/>
    <property name="POM_DISPLAYNAME" value="Cigniti_HOOQ"/>
    <property name="CLI_LOC" value="/opt/CLI"/>
    <property name="NODE_LABELS" value="master"/>
    <property name="java.runtime.version" value="1.8.0_171-b11"/>
    <property name="user.name" value="admin"/>
    <property name="guice.disable.misplaced.annotation.check" value="true"/>
    <property name="user.language" value="en"/>
    <property name="JOB_BASE_NAME" value="IOS_Sanity"/>
    <property name="RUN_CHANGES_DISPLAY_URL" value="http://10.99.99.4:9090/job/IOS_Sanity/18/display/redirect?page=changes"/>
    <property name="BUILD_DISPLAY_NAME" value="#18"/>
    <property name="TMPDIR" value="/var/folders/2r/9f2n0y6564j9zp7p4w6x0wqr0000gn/T/"/>
    <property name="sun.boot.library.path" value="/Library/Java/JavaVirtualMachines/jdk1.8.0_171.jdk/Contents/Home/jre/lib"/>
    <property name="suiteFile" value="IPhone"/>
    <property name="LG_WEBOS_TV_SDK_HOME" value="/opt/webOS_TV_SDK"/>
    <property name="java.version" value="1.8.0_171"/>
    <property name="XPC_FLAGS" value="0x0"/>
    <property name="user.timezone" value="Asia/Kolkata"/>
    <property name="sun.arch.data.model" value="64"/>
    <property name="NODE_NAME" value="master"/>
    <property name="TERM" value="xterm-256color"/>
    <property name="http.nonProxyHosts" value="local|*.local|169.254/16|*.169.254/16"/>
    <property name="java.endorsed.dirs" value="/Library/Java/JavaVirtualMachines/jdk1.8.0_171.jdk/Contents/Home/jre/lib/endorsed"/>
    <property name="BUILD_ID" value="18"/>
    <property name="sun.cpu.isalist" value=""/>
    <property name="sun.jnu.encoding" value="UTF-8"/>
    <property name="file.encoding.pkg" value="sun.io"/>
    <property name="SHELL" value="/bin/bash"/>
    <property name="file.separator" value="/"/>
    <property name="java.specification.name" value="Java Platform API Specification"/>
    <property name="java.class.version" value="52.0"/>
    <property name="org.slf4j.simpleLogger.defaultLogLevel" value="info"/>
    <property name="user.country" value="IN"/>
    <property name="java.home" value="/Library/Java/JavaVirtualMachines/jdk1.8.0_171.jdk/Contents/Home/jre"/>
    <property name="java.vm.info" value="mixed mode"/>
    <property name="os.version" value="10.13.6"/>
    <property name="RUN_DISPLAY_URL" value="http://10.99.99.4:9090/job/IOS_Sanity/18/display/redirect"/>
    <property name="POM_VERSION" value="0.0.1-SNAPSHOT"/>
    <property name="sun.font.fontmanager" value="sun.font.CFontManager"/>
    <property name="path.separator" value=":"/>
    <property name="java.vm.version" value="25.171-b11"/>
    <property name="JOB_DISPLAY_URL" value="http://10.99.99.4:9090/job/IOS_Sanity/display/redirect"/>
    <property name="SHLVL" value="1"/>
    <property name="_" value="/Library/Java/JavaVirtualMachines/jdk1.8.0_171.jdk/Contents/Home/bin/java"/>
    <property name="java.awt.printerjob" value="sun.lwawt.macosx.CPrinterJob"/>
    <property name="JAVA_HOME" value="/Library/Java/JavaVirtualMachines/jdk1.8.0_171.jdk/Contents/Home"/>
    <property name="sun.io.unicode.encoding" value="UnicodeBig"/>
    <property name="awt.toolkit" value="sun.lwawt.macosx.LWCToolkit"/>
    <property name="LOGNAME" value="admin"/>
    <property name="socksNonProxyHosts" value="local|*.local|169.254/16|*.169.254/16"/>
    <property name="POM_PACKAGING" value="jar"/>
    <property name="ftp.nonProxyHosts" value="local|*.local|169.254/16|*.169.254/16"/>
    <property name="HOME" value="/Users/admin"/>
    <property name="POM_GROUPID" value="HOOQ_Automation"/>
    <property name="user.home" value="/Users/admin"/>
    <property name="BUILD_TAG" value="jenkins-IOS_Sanity-18"/>
    <property name="JENKINS_SERVER_COOKIE" value="6d0a37676475e601"/>
    <property name="HUDSON_URL" value="http://10.99.99.4:9090/"/>
    <property name="XPC_SERVICE_NAME" value="0"/>
    <property name="java.specification.vendor" value="Oracle Corporation"/>
    <property name="CLASSPATH" value=""/>
    <property name="java.vendor.url" value="http://java.oracle.com/"/>
    <property name="java.library.path" value="/Users/admin/Library/Java/Extensions:/Library/Java/Extensions:/Network/Library/Java/Extensions:/System/Library/Java/Extensions:/usr/lib/java:."/>
    <property name="Apple_PubSub_Socket_Render" value="/private/tmp/com.apple.launchd.hSUowoJ9tr/Render"/>
    <property name="gopherProxySet" value="false"/>
    <property name="java.vm.vendor" value="Oracle Corporation"/>
    <property name="java.runtime.name" value="Java(TM) SE Runtime Environment"/>
    <property name="maven.home" value="/Users/admin/Documents/apache-maven-3.3.9"/>
    <property name="java.class.path" value="/Users/admin/.jenkins/plugins/maven-plugin/WEB-INF/lib/maven33-agent-1.12-alpha-1.jar:/Users/admin/Documents/apache-maven-3.3.9/boot/plexus-classworlds-2.5.2.jar:/Users/admin/Documents/apache-maven-3.3.9/conf/logging"/>
    <property name="sun.java.command" value="jenkins.maven3.agent.Maven33Main /Users/admin/Documents/apache-maven-3.3.9 /Users/admin/.jenkins/war/WEB-INF/lib/remoting-3.21.1.jar /Users/admin/.jenkins/plugins/maven-plugin/WEB-INF/lib/maven33-interceptor-1.12-alpha-1.jar /Users/admin/.jenkins/plugins/maven-plugin/WEB-INF/lib/maven3-interceptor-commons-1.12-alpha-1.jar 60935"/>
    <property name="xmlFile" value="IPhone"/>
    <property name="country" value="IN"/>
    <property name="java.vm.specification.name" value="Java Virtual Machine Specification"/>
    <property name="PATH+JDK" value="/Library/Java/JavaVirtualMachines/jdk1.8.0_171.jdk/Contents/Home/bin"/>
    <property name="java.vm.specification.version" value="1.8"/>
    <property name="sun.os.patch.level" value="unknown"/>
    <property name="sun.cpu.endian" value="little"/>
    <property name="M2_HOME" value="/Users/admin/Documents/apache-maven-3.3.9"/>
    <property name="java.io.tmpdir" value="/var/folders/2r/9f2n0y6564j9zp7p4w6x0wqr0000gn/T/"/>
    <property name="HUDSON_HOME" value="/Users/admin/.jenkins"/>
    <property name="PATH+MAVEN" value="/Users/admin/Documents/apache-maven-3.3.9/bin"/>
    <property name="WEBOS_CLI_TV" value="/opt/webOS_TV_SDK/CLI/bin"/>
    <property name="BUILD_URL" value="http://10.99.99.4:9090/job/IOS_Sanity/18/"/>
    <property name="java.vendor.url.bug" value="http://bugreport.sun.com/bugreport/"/>
    <property name="OLDPWD" value="/Users/admin/Documents"/>
    <property name="SSH_AUTH_SOCK" value="/private/tmp/com.apple.launchd.nodwBqUf5G/Listeners"/>
    <property name="LC_CTYPE" value="UTF-8"/>
    <property name="java.awt.graphicsenv" value="sun.awt.CGraphicsEnvironment"/>
    <property name="os.arch" value="x86_64"/>
    <property name="java.ext.dirs" value="/Users/admin/Library/Java/Extensions:/Library/Java/JavaVirtualMachines/jdk1.8.0_171.jdk/Contents/Home/jre/lib/ext:/Library/Java/Extensions:/Network/Library/Java/Extensions:/System/Library/Java/Extensions:/usr/lib/java"/>
    <property name="__CF_USER_TEXT_ENCODING" value="0x1F5:0x0:0x0"/>
    <property name="user.dir" value="/Users/admin/Documents/Cigniti_Automation"/>
    <property name="JOB_URL" value="http://10.99.99.4:9090/job/IOS_Sanity/"/>
    <property name="line.separator" value="&#10;"/>
    <property name="MAVEN_HOME" value="/Users/admin/Documents/apache-maven-3.3.9"/>
    <property name="java.vm.name" value="Java HotSpot(TM) 64-Bit Server VM"/>
    <property name="BUILD_NUMBER" value="18"/>
    <property name="ANDROID_HOME" value="/Users/admin/Library/Android/sdk"/>
    <property name="JENKINS_URL" value="http://10.99.99.4:9090/"/>
    <property name="TERM_PROGRAM_VERSION" value="404"/>
    <property name="JAVA_MAIN_CLASS_689" value="Main"/>
    <property name="file.encoding" value="UTF-8"/>
    <property name="maven3.interceptor" value="/Users/admin/.jenkins/plugins/maven-plugin/WEB-INF/lib/maven33-interceptor-1.12-alpha-1.jar"/>
    <property name="WORKSPACE" value="/Users/admin/.jenkins/workspace/IOS_Sanity"/>
    <property name="maven3.interceptor.common" value="/Users/admin/.jenkins/plugins/maven-plugin/WEB-INF/lib/maven3-interceptor-commons-1.12-alpha-1.jar"/>
    <property name="SDK_HOME" value="/opt/SDK"/>
    <property name="java.specification.version" value="1.8"/>
    <property name="USER" value="admin"/>
  </properties>
  <testcase name="HOOQ_IOS_MOBILE_Login" classname="com.automation.ios.iphone.scripts.HOOQ_IOS_IPhone_Sanity" time="133.989"/>
  <testcase name="HOOQ_IOS_MOBILE_ME" classname="com.automation.ios.iphone.scripts.HOOQ_IOS_IPhone_Sanity" time="68.175"/>
  <testcase name="HOOQ_IOS_MOBILE_Discover" classname="com.automation.ios.iphone.scripts.HOOQ_IOS_IPhone_Sanity" time="364.744"/>
  <testcase name="HOOQ_IOS_MOBILE_Movies_Section" classname="com.automation.ios.iphone.scripts.HOOQ_IOS_IPhone_Sanity" time="23.152">
    <failure type="java.lang.AssertionError:">java.lang.AssertionError: null
	at com.automation.ios.iphone.scripts.HOOQ_IOS_IPhone_Sanity.HOOQ_IOS_MOBILE_Movies_Section(HOOQ_IOS_IPhone_Sanity.java:104)
</failure>
    <system-out><![CDATA[After Method
Sanity_Production_IOS!B2:D553
27
Device, ScriptName
HOOQ_IPhone
HOOQ_IOS_MOBILE_Login
2
HOOQ_IPhone
HOOQ_IOS_MOBILE_ME
3
HOOQ_IPhone
HOOQ_IOS_MOBILE_Discover
Sanity_Production_IOS!G4:G4
1
Name, Major
PASS 
Current Date ==> 23
Sanity_Production_IOS!AO4:AO4
1
Name, Major
PASS 
Sanity_Production_IOS!I4:I4
1
Name, Major
23-Aug-2019 
Sanity_Production_IOS!J4:J4
1
Name, Major
12:17:32 
Sanity_Production_IOS!H4:H4
1
Name, Major
App Version - 3.2.2 
Sanity_Production_IOS!K4:K4
1
Name, Major
124 
Sanity_Production_IOS!K4:K4
1
Name, Major
125 
Sanity_Production_IOS!L4:L4
1
Name, Major
23-Aug-2019 
Sanity_Production_IOS!M4:M4
1
Name, Major
12:17:32 
Sanity_Production_IOS!N4:N4
1
Name, Major
App Version - 3.2.2 
Current Date ==> 23
Sanity_Production_IOS!AO4:AO4
1
Name, Major
PASS 
Before Method
Country ==> IN
ENV ==> prod
In iphone block
12:18:04.189 [Forwarding closeApp on session 18063075-812d-4a4c-a6cd-30fbf03bc7bd to remote] DEBUG o.a.h.c.protocol.RequestAddCookies - CookieSpec selected: default
12:18:04.189 [Forwarding closeApp on session 18063075-812d-4a4c-a6cd-30fbf03bc7bd to remote] DEBUG o.a.h.c.protocol.RequestAuthCache - Auth cache not set in the context
12:18:04.189 [Forwarding closeApp on session 18063075-812d-4a4c-a6cd-30fbf03bc7bd to remote] DEBUG o.a.h.i.c.PoolingHttpClientConnectionManager - Connection request: [route: {}->http://localhost:4723][total kept alive: 1; route allocated: 1 of 2000; total allocated: 1 of 2000]
12:18:04.189 [Forwarding closeApp on session 18063075-812d-4a4c-a6cd-30fbf03bc7bd to remote] DEBUG org.apache.http.wire - http-outgoing-7 << "end of stream"
12:18:04.189 [Forwarding closeApp on session 18063075-812d-4a4c-a6cd-30fbf03bc7bd to remote] DEBUG o.a.h.i.c.DefaultManagedHttpClientConnection - http-outgoing-7: Close connection
12:18:04.189 [Forwarding closeApp on session 18063075-812d-4a4c-a6cd-30fbf03bc7bd to remote] DEBUG o.a.h.i.c.PoolingHttpClientConnectionManager - Connection leased: [id: 8][route: {}->http://localhost:4723][total kept alive: 0; route allocated: 1 of 2000; total allocated: 1 of 2000]
12:18:04.189 [Forwarding closeApp on session 18063075-812d-4a4c-a6cd-30fbf03bc7bd to remote] DEBUG o.a.h.impl.execchain.MainClientExec - Opening connection {}->http://localhost:4723
12:18:04.190 [Forwarding closeApp on session 18063075-812d-4a4c-a6cd-30fbf03bc7bd to remote] DEBUG o.a.h.i.c.DefaultHttpClientConnectionOperator - Connecting to localhost/127.0.0.1:4723
12:18:04.190 [Forwarding closeApp on session 18063075-812d-4a4c-a6cd-30fbf03bc7bd to remote] DEBUG o.a.h.i.c.DefaultHttpClientConnectionOperator - Connection established 127.0.0.1:63371<->127.0.0.1:4723
12:18:04.190 [Forwarding closeApp on session 18063075-812d-4a4c-a6cd-30fbf03bc7bd to remote] DEBUG o.a.h.i.c.DefaultManagedHttpClientConnection - http-outgoing-8: set socket timeout to 10800000
12:18:04.190 [Forwarding closeApp on session 18063075-812d-4a4c-a6cd-30fbf03bc7bd to remote] DEBUG o.a.h.impl.execchain.MainClientExec - Executing request POST /wd/hub/session/18063075-812d-4a4c-a6cd-30fbf03bc7bd/appium/app/close HTTP/1.1
12:18:04.190 [Forwarding closeApp on session 18063075-812d-4a4c-a6cd-30fbf03bc7bd to remote] DEBUG o.a.h.impl.execchain.MainClientExec - Target auth state: UNCHALLENGED
12:18:04.190 [Forwarding closeApp on session 18063075-812d-4a4c-a6cd-30fbf03bc7bd to remote] DEBUG o.a.h.impl.execchain.MainClientExec - Proxy auth state: UNCHALLENGED
12:18:04.190 [Forwarding closeApp on session 18063075-812d-4a4c-a6cd-30fbf03bc7bd to remote] DEBUG org.apache.http.headers - http-outgoing-8 >> POST /wd/hub/session/18063075-812d-4a4c-a6cd-30fbf03bc7bd/appium/app/close HTTP/1.1
12:18:04.190 [Forwarding closeApp on session 18063075-812d-4a4c-a6cd-30fbf03bc7bd to remote] DEBUG org.apache.http.headers - http-outgoing-8 >> Content-Type: application/json; charset=utf-8
12:18:04.190 [Forwarding closeApp on session 18063075-812d-4a4c-a6cd-30fbf03bc7bd to remote] DEBUG org.apache.http.headers - http-outgoing-8 >> Content-Length: 2
12:18:04.190 [Forwarding closeApp on session 18063075-812d-4a4c-a6cd-30fbf03bc7bd to remote] DEBUG org.apache.http.headers - http-outgoing-8 >> Host: localhost:4723
12:18:04.190 [Forwarding closeApp on session 18063075-812d-4a4c-a6cd-30fbf03bc7bd to remote] DEBUG org.apache.http.headers - http-outgoing-8 >> Connection: Keep-Alive
12:18:04.190 [Forwarding closeApp on session 18063075-812d-4a4c-a6cd-30fbf03bc7bd to remote] DEBUG org.apache.http.headers - http-outgoing-8 >> User-Agent: Apache-HttpClient/4.5.2 (Java/1.8.0_171)
12:18:04.190 [Forwarding closeApp on session 18063075-812d-4a4c-a6cd-30fbf03bc7bd to remote] DEBUG org.apache.http.headers - http-outgoing-8 >> Accept-Encoding: gzip,deflate
12:18:04.190 [Forwarding closeApp on session 18063075-812d-4a4c-a6cd-30fbf03bc7bd to remote] DEBUG org.apache.http.wire - http-outgoing-8 >> "POST /wd/hub/session/18063075-812d-4a4c-a6cd-30fbf03bc7bd/appium/app/close HTTP/1.1[\r][\n]"
12:18:04.190 [Forwarding closeApp on session 18063075-812d-4a4c-a6cd-30fbf03bc7bd to remote] DEBUG org.apache.http.wire - http-outgoing-8 >> "Content-Type: application/json; charset=utf-8[\r][\n]"
12:18:04.190 [Forwarding closeApp on session 18063075-812d-4a4c-a6cd-30fbf03bc7bd to remote] DEBUG org.apache.http.wire - http-outgoing-8 >> "Content-Length: 2[\r][\n]"
12:18:04.190 [Forwarding closeApp on session 18063075-812d-4a4c-a6cd-30fbf03bc7bd to remote] DEBUG org.apache.http.wire - http-outgoing-8 >> "Host: localhost:4723[\r][\n]"
12:18:04.190 [Forwarding closeApp on session 18063075-812d-4a4c-a6cd-30fbf03bc7bd to remote] DEBUG org.apache.http.wire - http-outgoing-8 >> "Connection: Keep-Alive[\r][\n]"
12:18:04.190 [Forwarding closeApp on session 18063075-812d-4a4c-a6cd-30fbf03bc7bd to remote] DEBUG org.apache.http.wire - http-outgoing-8 >> "User-Agent: Apache-HttpClient/4.5.2 (Java/1.8.0_171)[\r][\n]"
12:18:04.190 [Forwarding closeApp on session 18063075-812d-4a4c-a6cd-30fbf03bc7bd to remote] DEBUG org.apache.http.wire - http-outgoing-8 >> "Accept-Encoding: gzip,deflate[\r][\n]"
12:18:04.190 [Forwarding closeApp on session 18063075-812d-4a4c-a6cd-30fbf03bc7bd to remote] DEBUG org.apache.http.wire - http-outgoing-8 >> "[\r][\n]"
12:18:04.190 [Forwarding closeApp on session 18063075-812d-4a4c-a6cd-30fbf03bc7bd to remote] DEBUG org.apache.http.wire - http-outgoing-8 >> "{}"
&amp#27;[35m[HTTP]&amp#27;[39m &amp#27;[37m-->&amp#27;[39m &amp#27;[37mPOST&amp#27;[39m &amp#27;[37m/wd/hub/session/18063075-812d-4a4c-a6cd-30fbf03bc7bd/appium/app/close&amp#27;[39m
&amp#27;[35m[HTTP]&amp#27;[39m &amp#27;[90m{}&amp#27;[39m
&amp#27;[35m[XCUITest]&amp#27;[39m Shutting down sub-processes
&amp#27;[35m[XCUITest]&amp#27;[39m Shutting down iproxy process (pid 65752)
&amp#27;[35m[XCUITest]&amp#27;[39m Shutting down xcodebuild process (pid 65753)
&amp#27;[35m[XCUITest]&amp#27;[39m xcodebuild exited with code 'null' and signal 'SIGTERM'
&amp#27;[35m[iOS]&amp#27;[39m Successfully closed the 'com.tv.HOOQ' app.
12:18:05.277 [Forwarding closeApp on session 18063075-812d-4a4c-a6cd-30fbf03bc7bd to remote] DEBUG org.apache.http.wire - http-outgoing-8 << "HTTP/1.1 200 OK[\r][\n]"
12:18:05.277 [Forwarding closeApp on session 18063075-812d-4a4c-a6cd-30fbf03bc7bd to remote] DEBUG org.apache.http.wire - http-outgoing-8 << "X-Powered-By: Express[\r][\n]"
12:18:05.277 [Forwarding closeApp on session 18063075-812d-4a4c-a6cd-30fbf03bc7bd to remote] DEBUG org.apache.http.wire - http-outgoing-8 << "Access-Control-Allow-Origin: *[\r][\n]"
12:18:05.277 [Forwarding closeApp on session 18063075-812d-4a4c-a6cd-30fbf03bc7bd to remote] DEBUG org.apache.http.wire - http-outgoing-8 << "Access-Control-Allow-Methods: GET,POST,PUT,OPTIONS,DELETE[\r][\n]"
12:18:05.277 [Forwarding closeApp on session 18063075-812d-4a4c-a6cd-30fbf03bc7bd to remote] DEBUG org.apache.http.wire - http-outgoing-8 << "Access-Control-Allow-Headers: origin, content-type, accept[\r][\n]"
12:18:05.277 [Forwarding closeApp on session 18063075-812d-4a4c-a6cd-30fbf03bc7bd to remote] DEBUG org.apache.http.wire - http-outgoing-8 << "Vary: X-HTTP-Method-Override[\r][\n]"
12:18:05.277 [Forwarding closeApp on session 18063075-812d-4a4c-a6cd-30fbf03bc7bd to remote] DEBUG org.apache.http.wire - http-outgoing-8 << "Content-Type: application/json; charset=utf-8[\r][\n]"
12:18:05.277 [Forwarding closeApp on session 18063075-812d-4a4c-a6cd-30fbf03bc7bd to remote] DEBUG org.apache.http.wire - http-outgoing-8 << "Content-Length: 76[\r][\n]"
12:18:05.277 [Forwarding closeApp on session 18063075-812d-4a4c-a6cd-30fbf03bc7bd to remote] DEBUG org.apache.http.wire - http-outgoing-8 << "ETag: W/"4c-gmhGQZOu676Rxx5RTHTeOboeR78"[\r][\n]"
12:18:05.277 [Forwarding closeApp on session 18063075-812d-4a4c-a6cd-30fbf03bc7bd to remote] DEBUG org.apache.http.wire - http-outgoing-8 << "Date: Fri, 23 Aug 2019 06:48:05 GMT[\r][\n]"
12:18:05.277 [Forwarding closeApp on session 18063075-812d-4a4c-a6cd-30fbf03bc7bd to remote] DEBUG org.apache.http.wire - http-outgoing-8 << "Connection: keep-alive[\r][\n]"
12:18:05.277 [Forwarding closeApp on session 18063075-812d-4a4c-a6cd-30fbf03bc7bd to remote] DEBUG org.apache.http.wire - http-outgoing-8 << "[\r][\n]"
12:18:05.277 [Forwarding closeApp on session 18063075-812d-4a4c-a6cd-30fbf03bc7bd to remote] DEBUG org.apache.http.wire - http-outgoing-8 << "{"status":0,"value":null,"sessionId":"18063075-812d-4a4c-a6cd-30fbf03bc7bd"}"
&amp#27;[35m[HTTP]&amp#27;[39m &amp#27;[37m<-- POST /wd/hub/session/18063075-812d-4a4c-a6cd-30fbf03bc7bd/appium/app12:18:05.277 [Forwarding closeApp on session 18063075-812d-4a4c-a6cd-30fbf03bc7bd to remote] DEBUG org.apache.http.headers - http-outgoing-8 << HTTP/1.1 200 OK
/clo12:18:05.278 [Forwarding closeApp on session 18063075-812d-4a4c-a6cd-30fbf03bc7bd to remote] DEBUG org.apache.http.headers - http-outgoing-8 << X-Powered-By: Express
12:18:05.278 [Forwarding closeApp on session 18063075-812d-4a4c-a6cd-30fbf03bc7bd to remote] DEBUG org.apache.http.headers - http-outgoing-8 << Access-Control-Allow-Origin: *
12:18:05.278 [Forwarding closeApp on session 18063075-812d-4a4c-a6cd-30fbf03bc7bd to remote] DEBUG org.apache.http.headers - http-outgoing-8 << Access-Control-Allow-Methods: GET,POST,PUT,OPTIONS,DELETE
12:18:05.278 [Forwarding closeApp on session 18063075-812d-4a4c-a6cd-30fbf03bc7bd to remote] DEBUG org.apache.http.headers - http-outgoing-8 << Access-Control-Allow-Headers: origin, content-type, accept
12:18:05.278 [Forwarding closeApp on session 18063075-812d-4a4c-a6cd-30fbf03bc7bd to remote] DEBUG org.apache.http.headers - http-outgoing-8 << Vary: X-HTTP-Method-Override
12:18:05.278 [Forwarding closeApp on session 18063075-812d-4a4c-a6cd-30fbf03bc7bd to remote] DEBUG org.apache.http.headers - http-outgoing-8 << Content-Type: application/json; charset=utf-8
12:18:05.278 [Forwarding closeApp on session 18063075-812d-4a4c-a6cd-30fbf03bc7bd to remote] DEBUG org.apache.http.headers - http-outgoing-8 << Content-Length: 76
12:18:05.278 [Forwarding closeApp on session 18063075-812d-4a4c-a6cd-30fbf03bc7bd to remote] DEBUG org.apache.http.headers - http-outgoing-8 << ETag: W/"4c-gmhGQZOu676Rxx5RTHTeOboeR78"
12:18:05.278 [Forwarding closeApp on session 18063075-812d-4a4c-a6cd-30fbf03bc7bd to remote] DEBUG org.apache.http.headers - http-outgoing-8 << Date: Fri, 23 Aug 2019 06:48:05 GMT
12:18:05.278 [Forwarding closeApp on session 18063075-812d-4a4c-a6cd-30fbf03bc7bd to remote] DEBUG org.apache.http.headers - http-outgoing-8 << Connection: keep-alive
se &amp#27;[39m&amp#27;[3212:18:05.278 [Forwarding closeApp on session 18063075-812d-4a4c-a6cd-30fbf03bc7bd to remote] DEBUG o.a.h.impl.execchain.MainClientExec - Connection can be kept alive indefinitely
m200&amp#27;[39m &amp#27;[90m1086 ms - 76&amp#27;[39m
12:18:05.278 [Forwarding closeApp on session 18063075-812d-4a4c-a6cd-30fbf03bc7bd to remote] DEBUG o.a.h.i.c.PoolingHttpClientConnectionManager - Connection [id: 8][route: {}->http://localhost:4723] can be kept alive indefinitely
&amp#27;[35m[HTTP]&amp#27;[39m &amp#27;12:18:05.278 [Forwarding closeApp on session 18063075-812d-4a4c-a6cd-30fbf03bc7bd to remote] DEBUG o.a.h.i.c.PoolingHttpClientConnectionManager - Connection released: [id: 8][route: {}->http://localhost:4723][total kept alive: 1; route allocated: 1 of 2000; total allocated: 1 of 2000]
[90m&amp#27;[39m
12:18:05.279 [Forwarding runAppInBackground on session 18063075-812d-4a4c-a6cd-30fbf03bc7bd to remote] DEBUG o.a.h.c.protocol.RequestAddCookies - CookieSpec selected: default
12:18:05.279 [Forwarding runAppInBackground on session 18063075-812d-4a4c-a6cd-30fbf03bc7bd to remote] DEBUG o.a.h.c.protocol.RequestAuthCache - Auth cache not set in the context
12:18:05.279 [Forwarding runAppInBackground on session 18063075-812d-4a4c-a6cd-30fbf03bc7bd to remote] DEBUG o.a.h.i.c.PoolingHttpClientConnectionManager - Connection request: [route: {}->http://localhost:4723][total kept alive: 1; route allocated: 1 of 2000; total allocated: 1 of 2000]
12:18:05.279 [Forwarding runAppInBackground on session 18063075-812d-4a4c-a6cd-30fbf03bc7bd to remote] DEBUG o.a.h.i.c.PoolingHttpClientConnectionManager - Connection leased: [id: 8][route: {}->http://localhost:4723][total kept alive: 0; route allocated: 1 of 2000; total allocated: 1 of 2000]
12:18:05.279 [Forwarding runAppInBackground on session 18063075-812d-4a4c-a6cd-30fbf03bc7bd to remote] DEBUG o.a.h.impl.execchain.MainClientExec - Stale connection check
12:18:05.280 [Forwarding runAppInBackground on session 18063075-812d-4a4c-a6cd-30fbf03bc7bd to remote] DEBUG org.apache.http.wire - http-outgoing-8 << "[read] I/O error: Read timed out"
12:18:05.280 [Forwarding runAppInBackground on session 18063075-812d-4a4c-a6cd-30fbf03bc7bd to remote] DEBUG o.a.h.i.c.DefaultManagedHttpClientConnection - http-outgoing-8: set socket timeout to 10800000
12:18:05.280 [Forwarding runAppInBackground on session 18063075-812d-4a4c-a6cd-30fbf03bc7bd to remote] DEBUG o.a.h.impl.execchain.MainClientExec - Executing request POST /wd/hub/session/18063075-812d-4a4c-a6cd-30fbf03bc7bd/appium/app/background HTTP/1.1
12:18:05.280 [Forwarding runAppInBackground on session 18063075-812d-4a4c-a6cd-30fbf03bc7bd to remote] DEBUG o.a.h.impl.execchain.MainClientExec - Target auth state: UNCHALLENGED
12:18:05.280 [Forwarding runAppInBackground on session 18063075-812d-4a4c-a6cd-30fbf03bc7bd to remote] DEBUG o.a.h.impl.execchain.MainClientExec - Proxy auth state: UNCHALLENGED
12:18:05.280 [Forwarding runAppInBackground on session 18063075-812d-4a4c-a6cd-30fbf03bc7bd to remote] DEBUG org.apache.http.headers - http-outgoing-8 >> POST /wd/hub/session/18063075-812d-4a4c-a6cd-30fbf03bc7bd/appium/app/background HTTP/1.1
12:18:05.280 [Forwarding runAppInBackground on session 18063075-812d-4a4c-a6cd-30fbf03bc7bd to remote] DEBUG org.apache.http.headers - http-outgoing-8 >> Content-Type: application/json; charset=utf-8
12:18:05.280 [Forwarding runAppInBackground on session 18063075-812d-4a4c-a6cd-30fbf03bc7bd to remote] DEBUG org.apache.http.headers - http-outgoing-8 >> Content-Length: 13
12:18:05.280 [Forwarding runAppInBackground on session 18063075-812d-4a4c-a6cd-30fbf03bc7bd to remote] DEBUG org.apache.http.headers - http-outgoing-8 >> Host: localhost:4723
12:18:05.281 [Forwarding runAppInBackground on session 18063075-812d-4a4c-a6cd-30fbf03bc7bd to remote] DEBUG org.apache.http.headers - http-outgoing-8 >> Connection: Keep-Alive
12:18:05.281 [Forwarding runAppInBackground on session 18063075-812d-4a4c-a6cd-30fbf03bc7bd to remote] DEBUG org.apache.http.headers - http-outgoing-8 >> User-Agent: Apache-HttpClient/4.5.2 (Java/1.8.0_171)
12:18:05.281 [Forwarding runAppInBackground on session 18063075-812d-4a4c-a6cd-30fbf03bc7bd to remote] DEBUG org.apache.http.headers - http-outgoing-8 >> Accept-Encoding: gzip,deflate
12:18:05.281 [Forwarding runAppInBackground on session 18063075-812d-4a4c-a6cd-30fbf03bc7bd to remote] DEBUG org.apache.http.wire - http-outgoing-8 >> "POST /wd/hub/session/18063075-812d-4a4c-a6cd-30fbf03bc7bd/appium/app/background HTTP/1.1[\r][\n]"
12:18:05.281 [Forwarding runAppInBackground on session 18063075-812d-4a4c-a6cd-30fbf03bc7bd to remote] DEBUG org.apache.http.wire - http-outgoing-8 >> "Content-Type: application/json; charset=utf-8[\r][\n]"
12:18:05.281 [Forwarding runAppInBackground on session 18063075-812d-4a4c-a6cd-30fbf03bc7bd to remote] DEBUG org.apache.http.wire - http-outgoing-8 >> "Content-Length: 13[\r][\n]"
12:18:05.281 [Forwarding runAppInBackground on session 18063075-812d-4a4c-a6cd-30fbf03bc7bd to remote] DEBUG org.apache.http.wire - http-outgoing-8 >> "Host: localhost:4723[\r][\n]"
12:18:05.281 [Forwarding runAppInBackground on session 18063075-812d-4a4c-a6cd-30fbf03bc7bd to remote] DEBUG org.apache.http.wire - http-outgoing-8 >> "Connection: Keep-Alive[\r][\n]"
12:18:05.281 [Forwarding runAppInBackground on session 18063075-812d-4a4c-a6cd-30fbf03bc7bd to remote] DEBUG org.apache.http.wire - http-outgoing-8 >> "User-Agent: Apache-HttpClient/4.5.2 (Java/1.8.0_171)[\r][\n]"
12:18:05.281 [Forwarding runAppInBackground on session 18063075-812d-4a4c-a6cd-30fbf03bc7bd to remote] DEBUG org.apache.http.wire - http-outgoing-8 >> "Accept-Encoding: gzip,deflate[\r][\n]"
12:18:05.281 [Forwarding runAppInBackground on session 18063075-812d-4a4c-a6cd-30fbf03bc7bd to remote] DEBUG org.apache.http.wire - http-outgoing-8 >> "[\r][\n]"
12:18:05.281 [Forwarding runAppInBackground on session 18063075-812d-4a4c-a6cd-30fbf03bc7bd to remote] DEBUG org.apache.http.wire - http-outgoing-8 >> "{"seconds":1}"
&amp#27;[35m[HTTP]&amp#27;[39m &amp#27;[37m-->&amp#27;[39m &amp#27;[37mPOST&amp#27;[39m &amp#27;[37m/wd/hub/session/18063075-812d-4a4c-a6cd-30fbf03bc7bd/appium/app/background&amp#27;[39m
&amp#27;[35m[HTTP]&amp#27;[39m &amp#27;[90m{"seconds":1}&amp#27;[39m
&amp#27;[35m[XCUITest]&amp#27;[39m commands.background: Passing numbers to 'duration' argument is deprecated. See https://github.com/appium/appium/issues/7741
&amp#27;[35m[XCUITest]&amp#27;[39m Proxying to WDA with an unknown route: POST /wda/deactivateApp
12:18:05.289 [Forwarding runAppInBackground on session 18063075-812d-4a4c-a6cd-30fbf03bc7bd to remote] DEBUG org.apache.http.wire - http-outgoing-8 << "HTTP/1.1 500 Internal Server Error[\r][\n]"
12:18:05.289 [Forwarding runAppInBackground on session 18063075-812d-4a4c-a6cd-30fbf03bc7bd to remote] DEBUG org.apache.http.wire - http-outgoing-8 << "X-Powered-By: Express[\r][\n]"
12:18:05.289 [Forwarding runAppInBackground on session 18063075-812d-4a4c-a6cd-30fbf03bc7bd to remote] DEBUG org.apache.http.wire - http-outgoing-8 << "Access-Control-Allow-Origin: *[\r][\n]"
12:18:05.289 [Forwarding runAppInBackground on session 18063075-812d-4a4c-a6cd-30fbf03bc7bd to remote] DEBUG org.apache.http.wire - http-outgoing-8 << "Access-Control-Allow-Methods: GET,POST,PUT,OPTIONS,DELETE[\r][\n]"
12:18:05.289 [Forwarding runAppInBackground on session 18063075-812d-4a4c-a6cd-30fbf03bc7bd to remote] DEBUG org.apache.http.wire - http-outgoing-8 << "Access-Control-Allow-Headers: origin, content-type, accept[\r][\n]"
12:18:05.289 [Forwarding runAppInBackground on session 18063075-812d-4a4c-a6cd-30fbf03bc7bd to remote] DEBUG org.apache.http.wire - http-outgoing-8 << "Vary: X-HTTP-Method-Override[\r][\n]"
12:18:05.289 [Forwarding runAppInBackground on session 18063075-812d-4a4c-a6cd-30fbf03bc7bd to remote] DEBUG org.apache.http.wire - http-outgoing-8 << "Content-Type: application/json; charset=utf-8[\r][\n]"
12:18:05.289 [Forwarding runAppInBackground on session 18063075-812d-4a4c-a6cd-30fbf03bc7bd to remote] DEBUG org.apache.http.wire - http-outgoing-8 << "Content-Length: 223[\r][\n]"
12:18:05.289 [Forwarding runAppInBackground on session 18063075-812d-4a4c-a6cd-30fbf03bc7bd to remote] DEBUG org.apache.http.wire - http-outgoing-8 << "ETag: W/"df-6uBvU7gHRz373YpBLnPPHmj1RKk"[\r][\n]"
12:18:05.289 [Forwarding runAppInBackground on session 18063075-812d-4a4c-a6cd-30fbf03bc7bd to remote] DEBUG org.apache.http.wire - http-outgoing-8 << "Date: Fri, 23 Aug 2019 06:48:05 GMT[\r][\n]"
12:18:05.289 [Forwarding runAppInBackground on session 18063075-812d-4a4c-a6cd-30fbf03bc7bd to remote] DEBUG org.apache.http.wire - http-outgoing-8 << "Connection: keep-alive[\r][\n]"
12:18:05.289 [Forwarding runAppInBackground on session 18063075-812d-4a4c-a6cd-30fbf03bc7bd to remote] DEBUG org.apache.http.wire - http-outgoing-8 << "[\r][\n]"
12:18:05.289 [Forwarding runAppInBackground on session 18063075-812d-4a4c-a6cd-30fbf03bc7bd to remote] DEBUG org.apache.http.wire - http-outgoing-8 << "{"status":13,"value":{"message":"An unknown server-side error occurred while processing the command. Original error: Trying to proxy a session command without session id"},"sessionId":"18063075-812d-4a4c-a6cd-30fbf03bc7bd"}"
12:18:05.289 [Forwarding runAppInBackground on session 18063075-812d-4a4c-a6cd-30fbf03bc7bd to remote] DEBUG org.apache.http.headers - http-outgoing-8 << HTTP/1.1 500 Internal Server Error
12:18:05.289 [Forwarding runAppInBackground on session 18063075-812d-4a4c-a6cd-30fbf03bc7bd to remote] DEBUG org.apache.http.headers - http-outgoing-8 << X-Powered-By: Express
12:18:05.289 [Forwarding runAppInBackground on session 18063075-812d-4a4c-a6cd-30fbf03bc7bd to remote] DEBUG org.apache.http.headers - http-outgoing-8 << Access-Control-Allow-Origin: *
12:18:05.289 [Forwarding runAppInBackground on session 18063075-812d-4a4c-a6cd-30fbf03bc7bd to remote] DEBUG org.apache.http.headers - http-outgoing-8 << Access-Control-Allow-Methods: GET,POST,PUT,OPTIONS,DELETE
12:18:05.289 [Forwarding runAppInBackground on session 18063075-812d-4a4c-a6cd-30fbf03bc7bd to remote] DEBUG org.apache.http.headers - http-outgoing-8 << Access-Control-Allow-Headers: origin, content-type, accept
12:18:05.289 [Forwarding runAppInBackground on session 18063075-812d-4a4c-a6cd-30fbf03bc7bd to remote] DEBUG org.apache.http.headers - http-outgoing-8 << Vary: X-HTTP-Method-Override
12:18:05.289 [Forwarding runAppInBackground on session 18063075-812d-4a4c-a6cd-30fbf03bc7bd to remote] DEBUG org.apache.http.headers - http-outgoing-8 << Content-Type: application/json; charset=utf-8
&amp#27;[35m[H12:18:05.289 [Forwarding runAppInBackground on session 18063075-812d-4a4c-a6cd-30fbf03bc7bd to remote] DEBUG org.apache.http.headers - http-outgoing-8 << Content-Length: 223
TTP]&amp#27;[39m &amp#27;[37m<-- POST /wd/hub/session/18063075-812d-4a4c-a6cd-30fbf03bc7bd/appium/app/backgr12:18:05.289 [Forwarding runAppInBackground on session 18063075-812d-4a4c-a6cd-30fbf03bc7bd to remote] DEBUG org.apache.http.headers - http-outgoing-8 << ETag: W/"df-6uBvU7gHRz373YpBLnPPHmj1RKk"
ound &amp#27;[39m&amp#27;[12:18:05.290 [Forwarding runAppInBackground on session 18063075-812d-4a4c-a6cd-30fbf03bc7bd to remote] DEBUG org.apache.http.headers - http-outgoing-8 << Date: Fri, 23 Aug 2019 06:48:05 GMT
12:18:05.290 [Forwarding runAppInBackground on session 18063075-812d-4a4c-a6cd-30fbf03bc7bd to remote] DEBUG org.apache.http.headers - http-outgoing-8 << Connection: keep-alive
31m500&amp#27;[39m &amp#27;[9012:18:05.290 [Forwarding runAppInBackground on session 18063075-812d-4a4c-a6cd-30fbf03bc7bd to remote] DEBUG o.a.h.impl.execchain.MainClientExec - Connection can be kept alive indefinitely
m8 ms - 223&amp#27;[39m
&amp#27;12:18:05.290 [Forwarding runAppInBackground on session 18063075-812d-4a4c-a6cd-30fbf03bc7bd to remote] DEBUG o.a.h.i.c.PoolingHttpClientConnectionManager - Connection [id: 8][route: {}->http://localhost:4723] can be kept alive indefinitely
[35m[H12:18:05.290 [Forwarding runAppInBackground on session 18063075-812d-4a4c-a6cd-30fbf03bc7bd to remote] DEBUG o.a.h.i.c.PoolingHttpClientConnectionManager - Connection released: [id: 8][route: {}->http://localhost:4723][total kept alive: 1; route allocated: 1 of 2000; total allocated: 1 of 2000]
TTP]&amp#27;[39m &amp#27;[90m&amp#27;[39m
12:18:05.291 [Forwarding launchApp on session 18063075-812d-4a4c-a6cd-30fbf03bc7bd to remote] DEBUG o.a.h.c.protocol.RequestAddCookies - CookieSpec selected: default
12:18:05.291 [Forwarding launchApp on session 18063075-812d-4a4c-a6cd-30fbf03bc7bd to remote] DEBUG o.a.h.c.protocol.RequestAuthCache - Auth cache not set in the context
12:18:05.291 [Forwarding launchApp on session 18063075-812d-4a4c-a6cd-30fbf03bc7bd to remote] DEBUG o.a.h.i.c.PoolingHttpClientConnectionManager - Connection request: [route: {}->http://localhost:4723][total kept alive: 1; route allocated: 1 of 2000; total allocated: 1 of 2000]
12:18:05.291 [Forwarding launchApp on session 18063075-812d-4a4c-a6cd-30fbf03bc7bd to remote] DEBUG o.a.h.i.c.PoolingHttpClientConnectionManager - Connection leased: [id: 8][route: {}->http://localhost:4723][total kept alive: 0; route allocated: 1 of 2000; total allocated: 1 of 2000]
12:18:05.291 [Forwarding launchApp on session 18063075-812d-4a4c-a6cd-30fbf03bc7bd to remote] DEBUG o.a.h.impl.execchain.MainClientExec - Stale connection check
12:18:05.293 [Forwarding launchApp on session 18063075-812d-4a4c-a6cd-30fbf03bc7bd to remote] DEBUG org.apache.http.wire - http-outgoing-8 << "[read] I/O error: Read timed out"
12:18:05.293 [Forwarding launchApp on session 18063075-812d-4a4c-a6cd-30fbf03bc7bd to remote] DEBUG o.a.h.i.c.DefaultManagedHttpClientConnection - http-outgoing-8: set socket timeout to 10800000
12:18:05.293 [Forwarding launchApp on session 18063075-812d-4a4c-a6cd-30fbf03bc7bd to remote] DEBUG o.a.h.impl.execchain.MainClientExec - Executing request POST /wd/hub/session/18063075-812d-4a4c-a6cd-30fbf03bc7bd/appium/app/launch HTTP/1.1
12:18:05.293 [Forwarding launchApp on session 18063075-812d-4a4c-a6cd-30fbf03bc7bd to remote] DEBUG o.a.h.impl.execchain.MainClientExec - Target auth state: UNCHALLENGED
12:18:05.293 [Forwarding launchApp on session 18063075-812d-4a4c-a6cd-30fbf03bc7bd to remote] DEBUG o.a.h.impl.execchain.MainClientExec - Proxy auth state: UNCHALLENGED
12:18:05.293 [Forwarding launchApp on session 18063075-812d-4a4c-a6cd-30fbf03bc7bd to remote] DEBUG org.apache.http.headers - http-outgoing-8 >> POST /wd/hub/session/18063075-812d-4a4c-a6cd-30fbf03bc7bd/appium/app/launch HTTP/1.1
12:18:05.293 [Forwarding launchApp on session 18063075-812d-4a4c-a6cd-30fbf03bc7bd to remote] DEBUG org.apache.http.headers - http-outgoing-8 >> Content-Type: application/json; charset=utf-8
12:18:05.293 [Forwarding launchApp on session 18063075-812d-4a4c-a6cd-30fbf03bc7bd to remote] DEBUG org.apache.http.headers - http-outgoing-8 >> Content-Length: 2
12:18:05.293 [Forwarding launchApp on session 18063075-812d-4a4c-a6cd-30fbf03bc7bd to remote] DEBUG org.apache.http.headers - http-outgoing-8 >> Host: localhost:4723
12:18:05.293 [Forwarding launchApp on session 18063075-812d-4a4c-a6cd-30fbf03bc7bd to remote] DEBUG org.apache.http.headers - http-outgoing-8 >> Connection: Keep-Alive
12:18:05.293 [Forwarding launchApp on session 18063075-812d-4a4c-a6cd-30fbf03bc7bd to remote] DEBUG org.apache.http.headers - http-outgoing-8 >> User-Agent: Apache-HttpClient/4.5.2 (Java/1.8.0_171)
12:18:05.293 [Forwarding launchApp on session 18063075-812d-4a4c-a6cd-30fbf03bc7bd to remote] DEBUG org.apache.http.headers - http-outgoing-8 >> Accept-Encoding: gzip,deflate
12:18:05.293 [Forwarding launchApp on session 18063075-812d-4a4c-a6cd-30fbf03bc7bd to remote] DEBUG org.apache.http.wire - http-outgoing-8 >> "POST /wd/hub/session/18063075-812d-4a4c-a6cd-30fbf03bc7bd/appium/app/launch HTTP/1.1[\r][\n]"
12:18:05.293 [Forwarding launchApp on session 18063075-812d-4a4c-a6cd-30fbf03bc7bd to remote] DEBUG org.apache.http.wire - http-outgoing-8 >> "Content-Type: application/json; charset=utf-8[\r][\n]"
12:18:05.293 [Forwarding launchApp on session 18063075-812d-4a4c-a6cd-30fbf03bc7bd to remote] DEBUG org.apache.http.wire - http-outgoing-8 >> "Content-Length: 2[\r][\n]"
12:18:05.293 [Forwarding launchApp on session 18063075-812d-4a4c-a6cd-30fbf03bc7bd to remote] DEBUG org.apache.http.wire - http-outgoing-8 >> "Host: localhost:4723[\r][\n]"
12:18:05.293 [Forwarding launchApp on session 18063075-812d-4a4c-a6cd-30fbf03bc7bd to remote] DEBUG org.apache.http.wire - http-outgoing-8 >> "Connection: Keep-Alive[\r][\n]"
12:18:05.293 [Forwarding launchApp on session 18063075-812d-4a4c-a6cd-30fbf03bc7bd to remote] DEBUG org.apache.http.wire - http-outgoing-8 >> "User-Agent: Apache-HttpClient/4.5.2 (Java/1.8.0_171)[\r][\n]"
12:18:05.293 [Forwarding launchApp on session 18063075-812d-4a4c-a6cd-30fbf03bc7bd to remote] DEBUG org.apache.http.wire - http-outgoing-8 >> "Accept-Encoding: gzip,deflate[\r][\n]"
12:18:05.293 [Forwarding launchApp on session 18063075-812d-4a4c-a6cd-30fbf03bc7bd to remote] DEBUG org.apache.http.wire - http-outgoing-8 >> "[\r][\n]"
12:18:05.293 [Forwarding launchApp on session 18063075-812d-4a4c-a6cd-30fbf03bc7bd to remote] DEBUG org.apache.http.wire - http-outgoing-8 >> "{}"
&amp#27;[35m[HTTP]&amp#27;[39m &amp#27;[37m-->&amp#27;[39m &amp#27;[37mPOST&amp#27;[39m &amp#27;[37m/wd/hub/session/18063075-812d-4a4c-a6cd-30fbf03bc7bd/appium/app/launch&amp#27;[39m
&amp#27;[35m[HTTP]&amp#27;[39m &amp#27;[90m{}&amp#27;[39m
&amp#27;[35m[XCUITest]&amp#27;[39m Determining device to run tests on: udid: '99c86b97c5530c26636664033d488325036ae4ae', real device: true
&amp#27;[35m[XCUITest]&amp#27;[39m Trying to start iOS log capture but it has already started!
&amp#27;[35m[XCUITest]&amp#27;[39m Setting up real device
&amp#27;[35m[XCUITest]&amp#27;[39m Using WDA path: '/usr/local/lib/node_modules/appium/node_modules/appium-xcuitest-driver/WebDriverAgent'
&amp#27;[35m[XCUITest]&amp#27;[39m Using WDA agent: '/usr/local/lib/node_modules/appium/node_modules/appium-xcuitest-driver/WebDriverAgent/WebDriverAgent.xcodeproj'
&amp#27;[35m[XCUITest]&amp#27;[39m Shutting down sub-processes
&amp#27;[35m[XCUITest]&amp#27;[39m Launching WebDriverAgent on the device
&amp#27;[35m[XCUITest]&amp#27;[39m Skipping setting of the initial display orientation. Set the "orientation" capability to either "LANDSCAPE12:18:25.782 [Forwarding launchApp on session 18063075-812d-4a4c-a6cd-30fbf03bc7bd to remote] DEBUG org.apache.http.wire - http-outgoing-8 << "HTTP/1.1 200 OK[\r][\n]"
" or "PORTRAIT"12:18:25.782 [Forwarding launchApp on session 18063075-812d-4a4c-a6cd-30fbf03bc7bd to remote] DEBUG org.apache.http.wire - http-outgoing-8 << "X-Powered-By: Express[\r][\n]"
, if this i12:18:25.782 [Forwarding launchApp on session 18063075-812d-4a4c-a6cd-30fbf03bc7bd to remote] DEBUG org.apache.http.wire - http-outgoing-8 << "Access-Control-Allow-Origin: *[\r][\n]"
12:18:25.782 [Forwarding launchApp on session 18063075-812d-4a4c-a6cd-30fbf03bc7bd to remote] DEBUG org.apache.http.wire - http-outgoing-8 << "Access-Control-Allow-Methods: GET,POST,PUT,OPTIONS,DELETE[\r][\n]"
12:18:25.782 [Forwarding launchApp on session 18063075-812d-4a4c-a6cd-30fbf03bc7bd to remote] DEBUG org.apache.http.wire - http-outgoing-8 << "Access-Control-Allow-Headers: origin, content-type, accept[\r][\n]"
12:18:25.782 [Forwarding launchApp on session 18063075-812d-4a4c-a6cd-30fbf03bc7bd to remote] DEBUG org.apache.http.wire - http-outgoing-8 << "Vary: X-HTTP-Method-Override[\r][\n]"
s an und12:18:25.782 [Forwarding launchApp on session 18063075-812d-4a4c-a6cd-30fbf03bc7bd to remote] DEBUG org.apache.http.wire - http-outgoing-8 << "Content-Type: application/json; charset=utf-8[\r][\n]"
12:18:25.782 [Forwarding launchApp on session 18063075-812d-4a4c-a6cd-30fbf03bc7bd to remote] DEBUG org.apache.http.wire - http-outgoing-8 << "Content-Length: 76[\r][\n]"
12:18:25.782 [Forwarding launchApp on session 18063075-812d-4a4c-a6cd-30fbf03bc7bd to remote] DEBUG org.apache.http.wire - http-outgoing-8 << "ETag: W/"4c-gmhGQZOu676Rxx5RTHTeOboeR78"[\r][\n]"
12:18:25.782 [Forwarding launchApp on session 18063075-812d-4a4c-a6cd-30fbf03bc7bd to remote] DEBUG org.apache.http.wire - http-outgoing-8 << "Date: Fri, 23 Aug 2019 06:48:25 GMT[\r][\n]"
esir12:18:25.782 [Forwarding launchApp on session 18063075-812d-4a4c-a6cd-30fbf03bc7bd to remote] DEBUG org.apache.http.wire - http-outgoing-8 << "Connection: keep-alive[\r][\n]"
12:18:25.782 [Forwarding launchApp on session 18063075-812d-4a4c-a6cd-30fbf03bc7bd to remote] DEBUG org.apache.http.wire - http-outgoing-8 << "[\r][\n]"
ed behavior.
12:18:25.783 [Forwarding launchApp on session 18063075-812d-4a4c-a6cd-30fbf03bc7bd to remote] DEBUG org.apache.http.wire - http-outgoing-8 << "{"status":0,"value":null,"sessionId":"18063075-812d-4a4c-a6cd-30fbf03bc7bd"}"
&amp#27;[35m[iOS]&amp#27;[39m Succe12:18:25.783 [Forwarding launchApp on session 18063075-812d-4a4c-a6cd-30fbf03bc7bd to remote] DEBUG org.apache.http.headers - http-outgoing-8 << HTTP/1.1 200 OK
ss12:18:25.783 [Forwarding launchApp on session 18063075-812d-4a4c-a6cd-30fbf03bc7bd to remote] DEBUG org.apache.http.headers - http-outgoing-8 << X-Powered-By: Express
12:18:25.783 [Forwarding launchApp on session 18063075-812d-4a4c-a6cd-30fbf03bc7bd to remote] DEBUG org.apache.http.headers - http-outgoing-8 << Access-Control-Allow-Origin: *
12:18:25.783 [Forwarding launchApp on session 18063075-812d-4a4c-a6cd-30fbf03bc7bd to remote] DEBUG org.apache.http.headers - http-outgoing-8 << Access-Control-Allow-Methods: GET,POST,PUT,OPTIONS,DELETE
12:18:25.783 [Forwarding launchApp on session 18063075-812d-4a4c-a6cd-30fbf03bc7bd to remote] DEBUG org.apache.http.headers - http-outgoing-8 << Access-Control-Allow-Headers: origin, content-type, accept
12:18:25.783 [Forwarding launchApp on session 18063075-812d-4a4c-a6cd-30fbf03bc7bd to remote] DEBUG org.apache.http.headers - http-outgoing-8 << Vary: X-HTTP-Method-Override
12:18:25.783 [Forwarding launchApp on session 18063075-812d-4a4c-a6cd-30fbf03bc7bd to remote] DEBUG org.apache.http.headers - http-outgoing-8 << Content-Type: application/json; charset=utf-8
fully launched 12:18:25.783 [Forwarding launchApp on session 18063075-812d-4a4c-a6cd-30fbf03bc7bd to remote] DEBUG org.apache.http.headers - http-outgoing-8 << Content-Length: 76
the 'com.tv.12:18:25.783 [Forwarding launchApp on session 18063075-812d-4a4c-a6cd-30fbf03bc7bd to remote] DEBUG org.apache.http.headers - http-outgoing-8 << ETag: W/"4c-gmhGQZOu676Rxx5RTHTeOboeR78"
12:18:25.783 [Forwarding launchApp on session 18063075-812d-4a4c-a6cd-30fbf03bc7bd to remote] DEBUG org.apache.http.headers - http-outgoing-8 << Date: Fri, 23 Aug 2019 06:48:25 GMT
12:18:25.783 [Forwarding launchApp on session 18063075-812d-4a4c-a6cd-30fbf03bc7bd to remote] DEBUG org.apache.http.headers - http-outgoing-8 << Connection: keep-alive
HOOQ' app.
&amp#27;[35m[12:18:25.783 [Forwarding launchApp on session 18063075-812d-4a4c-a6cd-30fbf03bc7bd to remote] DEBUG o.a.h.impl.execchain.MainClientExec - Connection can be kept alive indefinitely
HTTP]&amp#27;[39m &amp#27;[37m<-- POST /12:18:25.783 [Forwarding launchApp on session 18063075-812d-4a4c-a6cd-30fbf03bc7bd to remote] DEBUG o.a.h.i.c.PoolingHttpClientConnectionManager - Connection [id: 8][route: {}->http://localhost:4723] can be kept alive indefinitely
wd12:18:25.783 [Forwarding launchApp on session 18063075-812d-4a4c-a6cd-30fbf03bc7bd to remote] DEBUG o.a.h.i.c.PoolingHttpClientConnectionManager - Connection released: [id: 8][route: {}->http://localhost:4723][total kept alive: 1; route allocated: 1 of 2000; total allocated: 1 of 2000]
/hub/session/18063075-812d-4a4c-a6cd-30fbf03bc7bd/appium/app/launch &amp#27;[39m&amp#27;[32m200&amp#27;[39m &amp#27;[90m20489 ms - 76&amp#27;[39m
&amp#27;[35m[HTTP]&amp#27;[39m &amp#27;[90m&amp#27;[39m
12:18:30.785 [Forwarding findElement on session 18063075-812d-4a4c-a6cd-30fbf03bc7bd to remote] DEBUG o.a.h.c.protocol.RequestAddCookies - CookieSpec selected: default
12:18:30.786 [Forwarding findElement on session 18063075-812d-4a4c-a6cd-30fbf03bc7bd to remote] DEBUG o.a.h.c.protocol.RequestAuthCache - Auth cache not set in the context
12:18:30.786 [Forwarding findElement on session 18063075-812d-4a4c-a6cd-30fbf03bc7bd to remote] DEBUG o.a.h.i.c.PoolingHttpClientConnectionManager - Connection request: [route: {}->http://localhost:4723][total kept alive: 1; route allocated: 1 of 2000; total allocated: 1 of 2000]
12:18:30.786 [Forwarding findElement on session 18063075-812d-4a4c-a6cd-30fbf03bc7bd to remote] DEBUG org.apache.http.wire - http-outgoing-8 << "end of stream"
12:18:30.786 [Forwarding findElement on session 18063075-812d-4a4c-a6cd-30fbf03bc7bd to remote] DEBUG o.a.h.i.c.DefaultManagedHttpClientConnection - http-outgoing-8: Close connection
12:18:30.786 [Forwarding findElement on session 18063075-812d-4a4c-a6cd-30fbf03bc7bd to remote] DEBUG o.a.h.i.c.PoolingHttpClientConnectionManager - Connection leased: [id: 9][route: {}->http://localhost:4723][total kept alive: 0; route allocated: 1 of 2000; total allocated: 1 of 2000]
12:18:30.786 [Forwarding findElement on session 18063075-812d-4a4c-a6cd-30fbf03bc7bd to remote] DEBUG o.a.h.impl.execchain.MainClientExec - Opening connection {}->http://localhost:4723
12:18:30.786 [Forwarding findElement on session 18063075-812d-4a4c-a6cd-30fbf03bc7bd to remote] DEBUG o.a.h.i.c.DefaultHttpClientConnectionOperator - Connecting to localhost/127.0.0.1:4723
12:18:30.786 [Forwarding findElement on session 18063075-812d-4a4c-a6cd-30fbf03bc7bd to remote] DEBUG o.a.h.i.c.DefaultHttpClientConnectionOperator - Connection established 127.0.0.1:63439<->127.0.0.1:4723
12:18:30.786 [Forwarding findElement on session 18063075-812d-4a4c-a6cd-30fbf03bc7bd to remote] DEBUG o.a.h.i.c.DefaultManagedHttpClientConnection - http-outgoing-9: set socket timeout to 10800000
12:18:30.786 [Forwarding findElement on session 18063075-812d-4a4c-a6cd-30fbf03bc7bd to remote] DEBUG o.a.h.impl.execchain.MainClientExec - Executing request POST /wd/hub/session/18063075-812d-4a4c-a6cd-30fbf03bc7bd/element HTTP/1.1
12:18:30.786 [Forwarding findElement on session 18063075-812d-4a4c-a6cd-30fbf03bc7bd to remote] DEBUG o.a.h.impl.execchain.MainClientExec - Target auth state: UNCHALLENGED
12:18:30.786 [Forwarding findElement on session 18063075-812d-4a4c-a6cd-30fbf03bc7bd to remote] DEBUG o.a.h.impl.execchain.MainClientExec - Proxy auth state: UNCHALLENGED
12:18:30.787 [Forwarding findElement on session 18063075-812d-4a4c-a6cd-30fbf03bc7bd to remote] DEBUG org.apache.http.headers - http-outgoing-9 >> POST /wd/hub/session/18063075-812d-4a4c-a6cd-30fbf03bc7bd/element HTTP/1.1
12:18:30.787 [Forwarding findElement on session 18063075-812d-4a4c-a6cd-30fbf03bc7bd to remote] DEBUG org.apache.http.headers - http-outgoing-9 >> Content-Type: application/json; charset=utf-8
12:18:30.787 [Forwarding findElement on session 18063075-812d-4a4c-a6cd-30fbf03bc7bd to remote] DEBUG org.apache.http.headers - http-outgoing-9 >> Content-Length: 32
12:18:30.787 [Forwarding findElement on session 18063075-812d-4a4c-a6cd-30fbf03bc7bd to remote] DEBUG org.apache.http.headers - http-outgoing-9 >> Host: localhost:4723
12:18:30.787 [Forwarding findElement on session 18063075-812d-4a4c-a6cd-30fbf03bc7bd to remote] DEBUG org.apache.http.headers - http-outgoing-9 >> Connection: Keep-Alive
12:18:30.787 [Forwarding findElement on session 18063075-812d-4a4c-a6cd-30fbf03bc7bd to remote] DEBUG org.apache.http.headers - http-outgoing-9 >> User-Agent: Apache-HttpClient/4.5.2 (Java/1.8.0_171)
12:18:30.787 [Forwarding findElement on session 18063075-812d-4a4c-a6cd-30fbf03bc7bd to remote] DEBUG org.apache.http.headers - http-outgoing-9 >> Accept-Encoding: gzip,deflate
12:18:30.787 [Forwarding findElement on session 18063075-812d-4a4c-a6cd-30fbf03bc7bd to remote] DEBUG org.apache.http.wire - http-outgoing-9 >> "POST /wd/hub/session/18063075-812d-4a4c-a6cd-30fbf03bc7bd/element HTTP/1.1[\r][\n]"
12:18:30.787 [Forwarding findElement on session 18063075-812d-4a4c-a6cd-30fbf03bc7bd to remote] DEBUG org.apache.http.wire - http-outgoing-9 >> "Content-Type: application/json; charset=utf-8[\r][\n]"
12:18:30.787 [Forwarding findElement on session 18063075-812d-4a4c-a6cd-30fbf03bc7bd to remote] DEBUG org.apache.http.wire - http-outgoing-9 >> "Content-Length: 32[\r][\n]"
12:18:30.787 [Forwarding findElement on session 18063075-812d-4a4c-a6cd-30fbf03bc7bd to remote] DEBUG org.apache.http.wire - http-outgoing-9 >> "Host: localhost:4723[\r][\n]"
12:18:30.787 [Forwarding findElement on session 18063075-812d-4a4c-a6cd-30fbf03bc7bd to remote] DEBUG org.apache.http.wire - http-outgoing-9 >> "Connection: Keep-Alive[\r][\n]"
12:18:30.787 [Forwarding findElement on session 18063075-812d-4a4c-a6cd-30fbf03bc7bd to remote] DEBUG org.apache.http.wire - http-outgoing-9 >> "User-Agent: Apache-HttpClient/4.5.2 (Java/1.8.0_171)[\r][\n]"
12:18:30.787 [Forwarding findElement on session 18063075-812d-4a4c-a6cd-30fbf03bc7bd to remote] DEBUG org.apache.http.wire - http-outgoing-9 >> "Accept-Encoding: gzip,deflate[\r][\n]"
12:18:30.787 [Forwarding findElement on session 18063075-812d-4a4c-a6cd-30fbf03bc7bd to remote] DEBUG org.apache.http.wire - http-outgoing-9 >> "[\r][\n]"
12:18:30.787 [Forwarding findElement on session 18063075-812d-4a4c-a6cd-30fbf03bc7bd to remote] DEBUG org.apache.http.wire - http-outgoing-9 >> "{"using":"id","value":"icon me"}"
&amp#27;[35m[HTTP]&amp#27;[39m &amp#27;[37m-->&amp#27;[39m &amp#27;[37mPOST&amp#27;[39m &amp#27;[37m/wd/hub/session/18063075-812d-4a4c-a6cd-30fbf03bc7bd/element&amp#27;[39m
&amp#27;[35m[HTTP]&amp#27;[39m &amp#27;[90m{"using":"id","value":"icon me"}&amp#27;[39m
12:18:31.532 [Forwarding findElement on session 18063075-812d-4a4c-a6cd-30fbf03bc7bd to remote] DEBUG org.apache.http.wire - http-outgoing-9 << "HTTP/1.1 200 OK[\r][\n]"
12:18:31.532 [Forwarding findElement on session 18063075-812d-4a4c-a6cd-30fbf03bc7bd to remote] DEBUG org.apache.http.wire - http-outgoing-9 << "X-Powered-By: Express[\r][\n]"
12:18:31.532 [Forwarding findElement on session 18063075-812d-4a4c-a6cd-30fbf03bc7bd to remote] DEBUG org.apache.http.wire - http-outgoing-9 << "Access-Control-Allow-Origin: *[\r][\n]"
12:18:31.532 [Forwarding findElement on session 18063075-812d-4a4c-a6cd-30fbf03bc7bd to remote] DEBUG org.apache.http.wire - http-outgoing-9 << "Access-Control-Allow-Methods: GET,POST,PUT,OPTIONS,DELETE[\r][\n]"
12:18:31.532 [Forwarding findElement on session 18063075-812d-4a4c-a6cd-30fbf03bc7bd to remote] DEBUG org.apache.http.wire - http-outgoing-9 << "Access-Control-Allow-Headers: origin, content-type, accept[\r][\n]"
12:18:31.532 [Forwarding findElement on session 18063075-812d-4a4c-a6cd-30fbf03bc7bd to remote] DEBUG org.apache.http.wire - http-outgoing-9 << "Vary: X-HTTP-Method-Override[\r][\n]"
12:18:31.532 [Forwarding findElement on session 18063075-812d-4a4c-a6cd-30fbf03bc7bd to remote] DEBUG org.apache.http.wire - http-outgoing-9 << "Content-Type: application/json; charset=utf-8[\r][\n]"
12:18:31.532 [Forwarding findElement on session 18063075-812d-4a4c-a6cd-30fbf03bc7bd to remote] DEBUG org.apache.http.wire - http-outgoing-9 << "Content-Length: 122[\r][\n]"
12:18:31.532 [Forwarding findElement on session 18063075-812d-4a4c-a6cd-30fbf03bc7bd to remote] DEBUG org.apache.http.wire - http-outgoing-9 << "ETag: W/"7a-4aUyhAyf05quykmmZ7a48W7rHQQ"[\r][\n]"
12:18:31.532 [Forwarding findElement on session 18063075-812d-4a4c-a6cd-30fbf03bc7bd to remote] DEBUG org.apache.http.wire - http-outgoing-9 << "Date: Fri, 23 Aug 2019 06:48:31 GMT[\r][\n]"
12:18:31.532 [Forwarding findElement on session 18063075-812d-4a4c-a6cd-30fbf03bc7bd to remote] DEBUG org.apache.http.wire - http-outgoing-9 << "Connection: keep-alive[\r][\n]"
12:18:31.532 [Forwarding findElement on session 18063075-812d-4a4c-a6cd-30fbf03bc7bd to remote] DEBUG org.apache.http.wire - http-outgoing-9 << "[\r][\n]"
12:18:31.532 [Forwarding findElement on session 18063075-812d-4a4c-a6cd-30fbf03bc7bd to remote] DEBUG org.apache.http.wire - http-outgoing-9 << "{"status":0,"value":{"ELEMENT":"2D000000-0000-0000-B019-000000000000"},"sessionId":"18063075-812d-4a4c-a6cd-30fbf03bc7bd"}"
12:18:31.532 [Forwarding findElement on session 18063075-812d-4a4c-a6cd-30fbf03bc7bd to remote] DEBUG org.apache.http.headers - http-outgoing-9 << HTTP/1.1 200 OK
&amp#27;[35m12:18:31.532 [Forwarding findElement on session 18063075-812d-4a4c-a6cd-30fbf03bc7bd to remote] DEBUG org.apache.http.headers - http-outgoing-9 << X-Powered-By: Express
[HTTP]&amp#27;[39m &amp#27;[37m<-- POST /wd/hub/session/18063075-812d-4a4c-a6cd-30fb12:18:31.532 [Forwarding findElement on session 18063075-812d-4a4c-a6cd-30fbf03bc7bd to remote] DEBUG org.apache.http.headers - http-outgoing-9 << Access-Control-Allow-Origin: *
f03bc7b12:18:31.533 [Forwarding findElement on session 18063075-812d-4a4c-a6cd-30fbf03bc7bd to remote] DEBUG org.apache.http.headers - http-outgoing-9 << Access-Control-Allow-Methods: GET,POST,PUT,OPTIONS,DELETE
12:18:31.533 [Forwarding findElement on session 18063075-812d-4a4c-a6cd-30fbf03bc7bd to remote] DEBUG org.apache.http.headers - http-outgoing-9 << Access-Control-Allow-Headers: origin, content-type, accept
12:18:31.533 [Forwarding findElement on session 18063075-812d-4a4c-a6cd-30fbf03bc7bd to remote] DEBUG org.apache.http.headers - http-outgoing-9 << Vary: X-HTTP-Method-Override
12:18:31.533 [Forwarding findElement on session 18063075-812d-4a4c-a6cd-30fbf03bc7bd to remote] DEBUG org.apache.http.headers - http-outgoing-9 << Content-Type: application/json; charset=utf-8
12:18:31.533 [Forwarding findElement on session 18063075-812d-4a4c-a6cd-30fbf03bc7bd to remote] DEBUG org.apache.http.headers - http-outgoing-9 << Content-Length: 122
12:18:31.533 [Forwarding findElement on session 18063075-812d-4a4c-a6cd-30fbf03bc7bd to remote] DEBUG org.apache.http.headers - http-outgoing-9 << ETag: W/"7a-4aUyhAyf05quykmmZ7a48W7rHQQ"
12:18:31.533 [Forwarding findElement on session 18063075-812d-4a4c-a6cd-30fbf03bc7bd to remote] DEBUG org.apache.http.headers - http-outgoing-9 << Date: Fri, 23 Aug 2019 06:48:31 GMT
12:18:31.533 [Forwarding findElement on session 18063075-812d-4a4c-a6cd-30fbf03bc7bd to remote] DEBUG org.apache.http.headers - http-outgoing-9 << Connection: keep-alive
d/element12:18:31.533 [Forwarding findElement on session 18063075-812d-4a4c-a6cd-30fbf03bc7bd to remote] DEBUG o.a.h.impl.execchain.MainClientExec - Connection can be kept alive indefinitely
 &amp#27;[39m&amp#27;[32m200&amp#27;[312:18:31.533 [Forwarding findElement on session 18063075-812d-4a4c-a6cd-30fbf03bc7bd to remote] DEBUG o.a.h.i.c.PoolingHttpClientConnectionManager - Connection [id: 9][route: {}->http://localhost:4723] can be kept alive indefinitely
9m &amp#27;[90m744 ms - 122&amp#27;[39m
12:18:31.533 [Forwarding findElement on session 18063075-812d-4a4c-a6cd-30fbf03bc7bd to remote] DEBUG o.a.h.i.c.PoolingHttpClientConnectionManager - Connection released: [id: 9][route: {}->http://localhost:4723][total kept alive: 1; route allocated: 1 of 2000; total allocated: 1 of 2000]
&amp#27;[35m[HTTP]&amp#27;[39m &amp#27;[90m&amp#27;[39m
12:18:31.534 [Forwarding isElementDisplayed on session 18063075-812d-4a4c-a6cd-30fbf03bc7bd to remote] DEBUG o.a.h.c.protocol.RequestAddCookies - CookieSpec selected: default
12:18:31.534 [Forwarding isElementDisplayed on session 18063075-812d-4a4c-a6cd-30fbf03bc7bd to remote] DEBUG o.a.h.c.protocol.RequestAuthCache - Auth cache not set in the context
12:18:31.534 [Forwarding isElementDisplayed on session 18063075-812d-4a4c-a6cd-30fbf03bc7bd to remote] DEBUG o.a.h.i.c.PoolingHttpClientConnectionManager - Connection request: [route: {}->http://localhost:4723][total kept alive: 1; route allocated: 1 of 2000; total allocated: 1 of 2000]
12:18:31.534 [Forwarding isElementDisplayed on session 18063075-812d-4a4c-a6cd-30fbf03bc7bd to remote] DEBUG o.a.h.i.c.PoolingHttpClientConnectionManager - Connection leased: [id: 9][route: {}->http://localhost:4723][total kept alive: 0; route allocated: 1 of 2000; total allocated: 1 of 2000]
12:18:31.534 [Forwarding isElementDisplayed on session 18063075-812d-4a4c-a6cd-30fbf03bc7bd to remote] DEBUG o.a.h.impl.execchain.MainClientExec - Stale connection check
12:18:31.536 [Forwarding isElementDisplayed on session 18063075-812d-4a4c-a6cd-30fbf03bc7bd to remote] DEBUG org.apache.http.wire - http-outgoing-9 << "[read] I/O error: Read timed out"
12:18:31.536 [Forwarding isElementDisplayed on session 18063075-812d-4a4c-a6cd-30fbf03bc7bd to remote] DEBUG o.a.h.i.c.DefaultManagedHttpClientConnection - http-outgoing-9: set socket timeout to 10800000
12:18:31.536 [Forwarding isElementDisplayed on session 18063075-812d-4a4c-a6cd-30fbf03bc7bd to remote] DEBUG o.a.h.impl.execchain.MainClientExec - Executing request GET /wd/hub/session/18063075-812d-4a4c-a6cd-30fbf03bc7bd/element/2D000000-0000-0000-B019-000000000000/displayed HTTP/1.1
12:18:31.536 [Forwarding isElementDisplayed on session 18063075-812d-4a4c-a6cd-30fbf03bc7bd to remote] DEBUG o.a.h.impl.execchain.MainClientExec - Target auth state: UNCHALLENGED
12:18:31.536 [Forwarding isElementDisplayed on session 18063075-812d-4a4c-a6cd-30fbf03bc7bd to remote] DEBUG o.a.h.impl.execchain.MainClientExec - Proxy auth state: UNCHALLENGED
12:18:31.536 [Forwarding isElementDisplayed on session 18063075-812d-4a4c-a6cd-30fbf03bc7bd to remote] DEBUG org.apache.http.headers - http-outgoing-9 >> GET /wd/hub/session/18063075-812d-4a4c-a6cd-30fbf03bc7bd/element/2D000000-0000-0000-B019-000000000000/displayed HTTP/1.1
12:18:31.536 [Forwarding isElementDisplayed on session 18063075-812d-4a4c-a6cd-30fbf03bc7bd to remote] DEBUG org.apache.http.headers - http-outgoing-9 >> Cache-Control: no-cache
12:18:31.536 [Forwarding isElementDisplayed on session 18063075-812d-4a4c-a6cd-30fbf03bc7bd to remote] DEBUG org.apache.http.headers - http-outgoing-9 >> Host: localhost:4723
12:18:31.536 [Forwarding isElementDisplayed on session 18063075-812d-4a4c-a6cd-30fbf03bc7bd to remote] DEBUG org.apache.http.headers - http-outgoing-9 >> Connection: Keep-Alive
12:18:31.536 [Forwarding isElementDisplayed on session 18063075-812d-4a4c-a6cd-30fbf03bc7bd to remote] DEBUG org.apache.http.headers - http-outgoing-9 >> User-Agent: Apache-HttpClient/4.5.2 (Java/1.8.0_171)
12:18:31.536 [Forwarding isElementDisplayed on session 18063075-812d-4a4c-a6cd-30fbf03bc7bd to remote] DEBUG org.apache.http.headers - http-outgoing-9 >> Accept-Encoding: gzip,deflate
12:18:31.536 [Forwarding isElementDisplayed on session 18063075-812d-4a4c-a6cd-30fbf03bc7bd to remote] DEBUG org.apache.http.wire - http-outgoing-9 >> "GET /wd/hub/session/18063075-812d-4a4c-a6cd-30fbf03bc7bd/element/2D000000-0000-0000-B019-000000000000/displayed HTTP/1.1[\r][\n]"
12:18:31.536 [Forwarding isElementDisplayed on session 18063075-812d-4a4c-a6cd-30fbf03bc7bd to remote] DEBUG org.apache.http.wire - http-outgoing-9 >> "Cache-Control: no-cache[\r][\n]"
12:18:31.536 [Forwarding isElementDisplayed on session 18063075-812d-4a4c-a6cd-30fbf03bc7bd to remote] DEBUG org.apache.http.wire - http-outgoing-9 >> "Host: localhost:4723[\r][\n]"
12:18:31.536 [Forwarding isElementDisplayed on session 18063075-812d-4a4c-a6cd-30fbf03bc7bd to remote] DEBUG org.apache.http.wire - http-outgoing-9 >> "Connection: Keep-Alive[\r][\n]"
12:18:31.536 [Forwarding isElementDisplayed on session 18063075-812d-4a4c-a6cd-30fbf03bc7bd to remote] DEBUG org.apache.http.wire - http-outgoing-9 >> "User-Agent: Apache-HttpClient/4.5.2 (Java/1.8.0_171)[\r][\n]"
12:18:31.536 [Forwarding isElementDisplayed on session 18063075-812d-4a4c-a6cd-30fbf03bc7bd to remote] DEBUG org.apache.http.wire - http-outgoing-9 >> "Accept-Encoding: gzip,deflate[\r][\n]"
12:18:31.536 [Forwarding isElementDisplayed on session 18063075-812d-4a4c-a6cd-30fbf03bc7bd to remote] DEBUG org.apache.http.wire - http-outgoing-9 >> "[\r][\n]"
&amp#27;[35m[HTTP]&amp#27;[39m &amp#27;[37m-->&amp#27;[39m &amp#27;[37mGET&amp#27;[39m &amp#27;[37m/wd/hub/session/18063075-812d-4a4c-a6cd-30fbf03bc7bd/element/2D000000-0000-0000-B019-000000000000/displayed&amp#27;[39m
&amp#27;[35m[HTTP]&amp#27;[39m &amp#27;[90m{}&amp#27;[39m
&amp#27;[35m[MJSONWP]&amp#27;[39m Driver proxy active, passing request on via HTTP proxy
&amp#27;[35m[JSONWP Proxy]&amp#27;[39m Replacing sessio12:18:31.915 [Forwarding isElementDisplayed on session 18063075-812d-4a4c-a6cd-30fbf03bc7bd to remote] DEBUG org.apache.http.wire - http-outgoing-9 << "HTTP/1.1 200 OK[\r][\n]"
12:18:31.915 [Forwarding isElementDisplayed on session 18063075-812d-4a4c-a6cd-30fbf03bc7bd to remote] DEBUG org.apache.http.wire - http-outgoing-9 << "X-Powered-By: Express[\r][\n]"
12:18:31.915 [Forwarding isElementDisplayed on session 18063075-812d-4a4c-a6cd-30fbf03bc7bd to remote] DEBUG org.apache.http.wire - http-outgoing-9 << "Access-Control-Allow-Origin: *[\r][\n]"
nId E812:18:31.915 [Forwarding isElementDisplayed on session 18063075-812d-4a4c-a6cd-30fbf03bc7bd to remote] DEBUG org.apache.http.wire - http-outgoing-9 << "Access-Control-Allow-Methods: GET,POST,PUT,OPTIONS,DELETE[\r][\n]"
40BF70-12:18:31.915 [Forwarding isElementDisplayed on session 18063075-812d-4a4c-a6cd-30fbf03bc7bd to remote] DEBUG org.apache.http.wire - http-outgoing-9 << "Access-Control-Allow-Headers: origin, content-type, accept[\r][\n]"
6563-4B2D-BA8C-84CB2A12:18:31.915 [Forwarding isElementDisplayed on session 18063075-812d-4a4c-a6cd-30fbf03bc7bd to remote] DEBUG org.apache.http.wire - http-outgoing-9 << "Content-Type: application/json; charset=utf-8[\r][\n]"
9EB8B3 with12:18:31.915 [Forwarding isElementDisplayed on session 18063075-812d-4a4c-a6cd-30fbf03bc7bd to remote] DEBUG org.apache.http.wire - http-outgoing-9 << "Content-Length: 76[\r][\n]"
 180630712:18:31.915 [Forwarding isElementDisplayed on session 18063075-812d-4a4c-a6cd-30fbf03bc7bd to remote] DEBUG org.apache.http.wire - http-outgoing-9 << "ETag: W/"4c-Y7k244UeXncxktz3h+rJR8RJids"[\r][\n]"
12:18:31.915 [Forwarding isElementDisplayed on session 18063075-812d-4a4c-a6cd-30fbf03bc7bd to remote] DEBUG org.apache.http.wire - http-outgoing-9 << "Date: Fri, 23 Aug 2019 06:48:31 GMT[\r][\n]"
5-812d-4a4c-a6cd-30fbf03bc7bd
12:18:31.915 [Forwarding isElementDisplayed on session 18063075-812d-4a4c-a6cd-30fbf03bc7bd to remote] DEBUG org.apache.http.wire - http-outgoing-9 << "Connection: keep-alive[\r][\n]"
12:18:31.915 [Forwarding isElementDisplayed on session 18063075-812d-4a4c-a6cd-30fbf03bc7bd to remote] DEBUG org.apache.http.wire - http-outgoing-9 << "[\r][\n]"
12:18:31.915 [Forwarding isElementDisplayed on session 18063075-812d-4a4c-a6cd-30fbf03bc7bd to remote] DEBUG org.apache.http.wire - http-outgoing-9 << "{"value":true,"sessionId":"18063075-812d-4a4c-a6cd-30fbf03bc7bd","status":0}"
&amp#27;[35m[12:18:31.915 [Forwarding isElementDisplayed on session 18063075-812d-4a4c-a6cd-30fbf03bc7bd to remote] DEBUG org.apache.http.headers - http-outgoing-9 << HTTP/1.1 200 OK
HTTP]&amp#27;[39m &amp#27;[37m<-- GET /wd/hub/session/18063075-812:18:31.915 [Forwarding isElementDisplayed on session 18063075-812d-4a4c-a6cd-30fbf03bc7bd to remote] DEBUG org.apache.http.headers - http-outgoing-9 << X-Powered-By: Express
12d-4a4c-a6cd-30fbf03bc7bd/element/2D000000-0000-0000-B019-0000012:18:31.916 [Forwarding isElementDisplayed on session 18063075-812d-4a4c-a6cd-30fbf03bc7bd to remote] DEBUG org.apache.http.headers - http-outgoing-9 << Access-Control-Allow-Origin: *
000000012:18:31.916 [Forwarding isElementDisplayed on session 18063075-812d-4a4c-a6cd-30fbf03bc7bd to remote] DEBUG org.apache.http.headers - http-outgoing-9 << Access-Control-Allow-Methods: GET,POST,PUT,OPTIONS,DELETE
/displayed &amp#27;[39m&amp#27;[32m20012:18:31.916 [Forwarding isElementDisplayed on session 18063075-812d-4a4c-a6cd-30fbf03bc7bd to remote] DEBUG org.apache.http.headers - http-outgoing-9 << Access-Control-Allow-Headers: origin, content-type, accept
&amp#27;[39m &amp#27;[90m3712:18:31.916 [Forwarding isElementDisplayed on session 18063075-812d-4a4c-a6cd-30fbf03bc7bd to remote] DEBUG org.apache.http.headers - http-outgoing-9 << Content-Type: application/json; charset=utf-8
8 m12:18:31.917 [Forwarding isElementDisplayed on session 18063075-812d-4a4c-a6cd-30fbf03bc7bd to remote] DEBUG org.apache.http.headers - http-outgoing-9 << Content-Length: 76
12:18:31.917 [Forwarding isElementDisplayed on session 18063075-812d-4a4c-a6cd-30fbf03bc7bd to remote] DEBUG org.apache.http.headers - http-outgoing-9 << ETag: W/"4c-Y7k244UeXncxktz3h+rJR8RJids"
12:18:31.917 [Forwarding isElementDisplayed on session 18063075-812d-4a4c-a6cd-30fbf03bc7bd to remote] DEBUG org.apache.http.headers - http-outgoing-9 << Date: Fri, 23 Aug 2019 06:48:31 GMT
12:18:31.917 [Forwarding isElementDisplayed on session 18063075-812d-4a4c-a6cd-30fbf03bc7bd to remote] DEBUG org.apache.http.headers - http-outgoing-9 << Connection: keep-alive
s - 76&amp#27;[39m
&amp#27;[35m[HTTP]&amp#27;12:18:31.917 [Forwarding isElementDisplayed on session 18063075-812d-4a4c-a6cd-30fbf03bc7bd to remote] DEBUG o.a.h.impl.execchain.MainClientExec - Connection can be kept alive indefinitely
[39m &amp#27;[90m&amp#27;[39m
12:18:31.917 [Forwarding isElementDisplayed on session 18063075-812d-4a4c-a6cd-30fbf03bc7bd to remote] DEBUG o.a.h.i.c.PoolingHttpClientConnectionManager - Connection [id: 9][route: {}->http://localhost:4723] can be kept alive indefinitely
12:18:31.917 [Forwarding isElementDisplayed on session 18063075-812d-4a4c-a6cd-30fbf03bc7bd to remote] DEBUG o.a.h.i.c.PoolingHttpClientConnectionManager - Connection released: [id: 9][route: {}->http://localhost:4723][total kept alive: 1; route allocated: 1 of 2000; total allocated: 1 of 2000]
12:18:31.918 [Forwarding findElement on session 18063075-812d-4a4c-a6cd-30fbf03bc7bd to remote] DEBUG o.a.h.c.protocol.RequestAddCookies - CookieSpec selected: default
12:18:31.918 [Forwarding findElement on session 18063075-812d-4a4c-a6cd-30fbf03bc7bd to remote] DEBUG o.a.h.c.protocol.RequestAuthCache - Auth cache not set in the context
12:18:31.918 [Forwarding findElement on session 18063075-812d-4a4c-a6cd-30fbf03bc7bd to remote] DEBUG o.a.h.i.c.PoolingHttpClientConnectionManager - Connection request: [route: {}->http://localhost:4723][total kept alive: 1; route allocated: 1 of 2000; total allocated: 1 of 2000]
12:18:31.918 [Forwarding findElement on session 18063075-812d-4a4c-a6cd-30fbf03bc7bd to remote] DEBUG o.a.h.i.c.PoolingHttpClientConnectionManager - Connection leased: [id: 9][route: {}->http://localhost:4723][total kept alive: 0; route allocated: 1 of 2000; total allocated: 1 of 2000]
12:18:31.918 [Forwarding findElement on session 18063075-812d-4a4c-a6cd-30fbf03bc7bd to remote] DEBUG o.a.h.impl.execchain.MainClientExec - Stale connection check
12:18:31.919 [Forwarding findElement on session 18063075-812d-4a4c-a6cd-30fbf03bc7bd to remote] DEBUG org.apache.http.wire - http-outgoing-9 << "[read] I/O error: Read timed out"
12:18:31.919 [Forwarding findElement on session 18063075-812d-4a4c-a6cd-30fbf03bc7bd to remote] DEBUG o.a.h.i.c.DefaultManagedHttpClientConnection - http-outgoing-9: set socket timeout to 10800000
12:18:31.919 [Forwarding findElement on session 18063075-812d-4a4c-a6cd-30fbf03bc7bd to remote] DEBUG o.a.h.impl.execchain.MainClientExec - Executing request POST /wd/hub/session/18063075-812d-4a4c-a6cd-30fbf03bc7bd/element HTTP/1.1
12:18:31.919 [Forwarding findElement on session 18063075-812d-4a4c-a6cd-30fbf03bc7bd to remote] DEBUG o.a.h.impl.execchain.MainClientExec - Target auth state: UNCHALLENGED
12:18:31.919 [Forwarding findElement on session 18063075-812d-4a4c-a6cd-30fbf03bc7bd to remote] DEBUG o.a.h.impl.execchain.MainClientExec - Proxy auth state: UNCHALLENGED
12:18:31.919 [Forwarding findElement on session 18063075-812d-4a4c-a6cd-30fbf03bc7bd to remote] DEBUG org.apache.http.headers - http-outgoing-9 >> POST /wd/hub/session/18063075-812d-4a4c-a6cd-30fbf03bc7bd/element HTTP/1.1
12:18:31.919 [Forwarding findElement on session 18063075-812d-4a4c-a6cd-30fbf03bc7bd to remote] DEBUG org.apache.http.headers - http-outgoing-9 >> Content-Type: application/json; charset=utf-8
12:18:31.919 [Forwarding findElement on session 18063075-812d-4a4c-a6cd-30fbf03bc7bd to remote] DEBUG org.apache.http.headers - http-outgoing-9 >> Content-Length: 32
12:18:31.919 [Forwarding findElement on session 18063075-812d-4a4c-a6cd-30fbf03bc7bd to remote] DEBUG org.apache.http.headers - http-outgoing-9 >> Host: localhost:4723
12:18:31.919 [Forwarding findElement on session 18063075-812d-4a4c-a6cd-30fbf03bc7bd to remote] DEBUG org.apache.http.headers - http-outgoing-9 >> Connection: Keep-Alive
12:18:31.919 [Forwarding findElement on session 18063075-812d-4a4c-a6cd-30fbf03bc7bd to remote] DEBUG org.apache.http.headers - http-outgoing-9 >> User-Agent: Apache-HttpClient/4.5.2 (Java/1.8.0_171)
12:18:31.919 [Forwarding findElement on session 18063075-812d-4a4c-a6cd-30fbf03bc7bd to remote] DEBUG org.apache.http.headers - http-outgoing-9 >> Accept-Encoding: gzip,deflate
12:18:31.919 [Forwarding findElement on session 18063075-812d-4a4c-a6cd-30fbf03bc7bd to remote] DEBUG org.apache.http.wire - http-outgoing-9 >> "POST /wd/hub/session/18063075-812d-4a4c-a6cd-30fbf03bc7bd/element HTTP/1.1[\r][\n]"
12:18:31.919 [Forwarding findElement on session 18063075-812d-4a4c-a6cd-30fbf03bc7bd to remote] DEBUG org.apache.http.wire - http-outgoing-9 >> "Content-Type: application/json; charset=utf-8[\r][\n]"
12:18:31.919 [Forwarding findElement on session 18063075-812d-4a4c-a6cd-30fbf03bc7bd to remote] DEBUG org.apache.http.wire - http-outgoing-9 >> "Content-Length: 32[\r][\n]"
12:18:31.919 [Forwarding findElement on session 18063075-812d-4a4c-a6cd-30fbf03bc7bd to remote] DEBUG org.apache.http.wire - http-outgoing-9 >> "Host: localhost:4723[\r][\n]"
12:18:31.919 [Forwarding findElement on session 18063075-812d-4a4c-a6cd-30fbf03bc7bd to remote] DEBUG org.apache.http.wire - http-outgoing-9 >> "Connection: Keep-Alive[\r][\n]"
12:18:31.919 [Forwarding findElement on session 18063075-812d-4a4c-a6cd-30fbf03bc7bd to remote] DEBUG org.apache.http.wire - http-outgoing-9 >> "User-Agent: Apache-HttpClient/4.5.2 (Java/1.8.0_171)[\r][\n]"
12:18:31.919 [Forwarding findElement on session 18063075-812d-4a4c-a6cd-30fbf03bc7bd to remote] DEBUG org.apache.http.wire - http-outgoing-9 >> "Accept-Encoding: gzip,deflate[\r][\n]"
12:18:31.919 [Forwarding findElement on session 18063075-812d-4a4c-a6cd-30fbf03bc7bd to remote] DEBUG org.apache.http.wire - http-outgoing-9 >> "[\r][\n]"
12:18:31.919 [Forwarding findElement on session 18063075-812d-4a4c-a6cd-30fbf03bc7bd to remote] DEBUG org.apache.http.wire - http-outgoing-9 >> "{"using":"id","value":"icon me"}"
&amp#27;[35m[HTTP]&amp#27;[39m &amp#27;[37m-->&amp#27;[39m &amp#27;[37mPOST&amp#27;[39m &amp#27;[37m/wd/hub/session/18063075-812d-4a4c-a6cd-30fbf03bc7bd/element&amp#27;[39m
&amp#27;[35m[HTTP]&amp#27;[39m &amp#27;[90m{"using":"id","value":"icon me"}&amp#27;[39m
12:18:32.415 [Forwarding findElement on session 18063075-812d-4a4c-a6cd-30fbf03bc7bd to remote] DEBUG org.apache.http.wire - http-outgoing-9 << "HTTP/1.1 200 OK[\r][\n]"
12:18:32.415 [Forwarding findElement on session 18063075-812d-4a4c-a6cd-30fbf03bc7bd to remote] DEBUG org.apache.http.wire - http-outgoing-9 << "X-Powered-By: Express[\r][\n]"
12:18:32.415 [Forwarding findElement on session 18063075-812d-4a4c-a6cd-30fbf03bc7bd to remote] DEBUG org.apache.http.wire - http-outgoing-9 << "Access-Control-Allow-Origin: *[\r][\n]"
12:18:32.415 [Forwarding findElement on session 18063075-812d-4a4c-a6cd-30fbf03bc7bd to remote] DEBUG org.apache.http.wire - http-outgoing-9 << "Access-Control-Allow-Methods: GET,POST,PUT,OPTIONS,DELETE[\r][\n]"
12:18:32.415 [Forwarding findElement on session 18063075-812d-4a4c-a6cd-30fbf03bc7bd to remote] DEBUG org.apache.http.wire - http-outgoing-9 << "Access-Control-Allow-Headers: origin, content-type, accept[\r][\n]"
12:18:32.415 [Forwarding findElement on session 18063075-812d-4a4c-a6cd-30fbf03bc7bd to remote] DEBUG org.apache.http.wire - http-outgoing-9 << "Vary: X-HTTP-Method-Override[\r][\n]"
12:18:32.415 [Forwarding findElement on session 18063075-812d-4a4c-a6cd-30fbf03bc7bd to remote] DEBUG org.apache.http.wire - http-outgoing-9 << "Content-Type: application/json; charset=utf-8[\r][\n]"
12:18:32.415 [Forwarding findElement on session 18063075-812d-4a4c-a6cd-30fbf03bc7bd to remote] DEBUG org.apache.http.wire - http-outgoing-9 << "Content-Length: 122[\r][\n]"
12:18:32.415 [Forwarding findElement on session 18063075-812d-4a4c-a6cd-30fbf03bc7bd to remote] DEBUG org.apache.http.wire - http-outgoing-9 << "ETag: W/"7a-4aUyhAyf05quykmmZ7a48W7rHQQ"[\r][\n]"
12:18:32.415 [Forwarding findElement on session 18063075-812d-4a4c-a6cd-30fbf03bc7bd to remote] DEBUG org.apache.http.wire - http-outgoing-9 << "Date: Fri, 23 Aug 2019 06:48:32 GMT[\r][\n]"
12:18:32.415 [Forwarding findElement on session 18063075-812d-4a4c-a6cd-30fbf03bc7bd to remote] DEBUG org.apache.http.wire - http-outgoing-9 << "Connection: keep-alive[\r][\n]"
12:18:32.415 [Forwarding findElement on session 18063075-812d-4a4c-a6cd-30fbf03bc7bd to remote] DEBUG org.apache.http.wire - http-outgoing-9 << "[\r][\n]"
12:18:32.415 [Forwarding findElement on session 18063075-812d-4a4c-a6cd-30fbf03bc7bd to remote] DEBUG org.apache.http.wire - http-outgoing-9 << "{"status":0,"value":{"ELEMENT":"2D000000-0000-0000-B019-000000000000"},"sessionId":"18063075-812d-4a4c-a6cd-30fbf03bc7bd"}"
&amp#27;[35m12:18:32.416 [Forwarding findElement on session 18063075-812d-4a4c-a6cd-30fbf03bc7bd to remote] DEBUG org.apache.http.headers - http-outgoing-9 << HTTP/1.1 200 OK
12:18:32.416 [Forwarding findElement on session 18063075-812d-4a4c-a6cd-30fbf03bc7bd to remote] DEBUG org.apache.http.headers - http-outgoing-9 << X-Powered-By: Express
12:18:32.416 [Forwarding findElement on session 18063075-812d-4a4c-a6cd-30fbf03bc7bd to remote] DEBUG org.apache.http.headers - http-outgoing-9 << Access-Control-Allow-Origin: *
[HTT12:18:32.416 [Forwarding findElement on session 18063075-812d-4a4c-a6cd-30fbf03bc7bd to remote] DEBUG org.apache.http.headers - http-outgoing-9 << Access-Control-Allow-Methods: GET,POST,PUT,OPTIONS,DELETE
P]&amp#27;[39m &amp#27;[3712:18:32.416 [Forwarding findElement on session 18063075-812d-4a4c-a6cd-30fbf03bc7bd to remote] DEBUG org.apache.http.headers - http-outgoing-9 << Access-Control-Allow-Headers: origin, content-type, accept
12:18:32.416 [Forwarding findElement on session 18063075-812d-4a4c-a6cd-30fbf03bc7bd to remote] DEBUG org.apache.http.headers - http-outgoing-9 << Vary: X-HTTP-Method-Override
12:18:32.416 [Forwarding findElement on session 18063075-812d-4a4c-a6cd-30fbf03bc7bd to remote] DEBUG org.apache.http.headers - http-outgoing-9 << Content-Type: application/json; charset=utf-8
m<-- POST /12:18:32.416 [Forwarding findElement on session 18063075-812d-4a4c-a6cd-30fbf03bc7bd to remote] DEBUG org.apache.http.headers - http-outgoing-9 << Content-Length: 122
12:18:32.416 [Forwarding findElement on session 18063075-812d-4a4c-a6cd-30fbf03bc7bd to remote] DEBUG org.apache.http.headers - http-outgoing-9 << ETag: W/"7a-4aUyhAyf05quykmmZ7a48W7rHQQ"
12:18:32.416 [Forwarding findElement on session 18063075-812d-4a4c-a6cd-30fbf03bc7bd to remote] DEBUG org.apache.http.headers - http-outgoing-9 << Date: Fri, 23 Aug 2019 06:48:32 GMT
wd/hub/session/18063075-812d-412:18:32.416 [Forwarding findElement on session 18063075-812d-4a4c-a6cd-30fbf03bc7bd to remote] DEBUG org.apache.http.headers - http-outgoing-9 << Connection: keep-alive
a4c-a6cd-30fbf03bc7b12:18:32.416 [Forwarding findElement on session 18063075-812d-4a4c-a6cd-30fbf03bc7bd to remote] DEBUG o.a.h.impl.execchain.MainClientExec - Connection can be kept alive indefinitely
d/element &amp#27;[39m12:18:32.417 [Forwarding findElement on session 18063075-812d-4a4c-a6cd-30fbf03bc7bd to remote] DEBUG o.a.h.i.c.PoolingHttpClientConnectionManager - Connection [id: 9][route: {}->http://localhost:4723] can be kept alive indefinitely
&amp#27;[3212:18:32.417 [Forwarding findElement on session 18063075-812d-4a4c-a6cd-30fbf03bc7bd to remote] DEBUG o.a.h.i.c.PoolingHttpClientConnectionManager - Connection released: [id: 9][route: {}->http://localhost:4723][total kept alive: 1; route allocated: 1 of 2000; total allocated: 1 of 2000]
m200&amp#27;[39m &amp#27;[90m495 ms - 122&amp#27;[39m
&amp#27;[35m[HTTP]&amp#27;[39m &amp#27;[90m&amp#27;[39m
12:18:32.417 [Forwarding isElementDisplayed on session 18063075-812d-4a4c-a6cd-30fbf03bc7bd to remote] DEBUG o.a.h.c.protocol.RequestAddCookies - CookieSpec selected: default
12:18:32.418 [Forwarding isElementDisplayed on session 18063075-812d-4a4c-a6cd-30fbf03bc7bd to remote] DEBUG o.a.h.c.protocol.RequestAuthCache - Auth cache not set in the context
12:18:32.418 [Forwarding isElementDisplayed on session 18063075-812d-4a4c-a6cd-30fbf03bc7bd to remote] DEBUG o.a.h.i.c.PoolingHttpClientConnectionManager - Connection request: [route: {}->http://localhost:4723][total kept alive: 1; route allocated: 1 of 2000; total allocated: 1 of 2000]
12:18:32.418 [Forwarding isElementDisplayed on session 18063075-812d-4a4c-a6cd-30fbf03bc7bd to remote] DEBUG o.a.h.i.c.PoolingHttpClientConnectionManager - Connection leased: [id: 9][route: {}->http://localhost:4723][total kept alive: 0; route allocated: 1 of 2000; total allocated: 1 of 2000]
12:18:32.418 [Forwarding isElementDisplayed on session 18063075-812d-4a4c-a6cd-30fbf03bc7bd to remote] DEBUG o.a.h.impl.execchain.MainClientExec - Stale connection check
12:18:32.419 [Forwarding isElementDisplayed on session 18063075-812d-4a4c-a6cd-30fbf03bc7bd to remote] DEBUG org.apache.http.wire - http-outgoing-9 << "[read] I/O error: Read timed out"
12:18:32.419 [Forwarding isElementDisplayed on session 18063075-812d-4a4c-a6cd-30fbf03bc7bd to remote] DEBUG o.a.h.i.c.DefaultManagedHttpClientConnection - http-outgoing-9: set socket timeout to 10800000
12:18:32.419 [Forwarding isElementDisplayed on session 18063075-812d-4a4c-a6cd-30fbf03bc7bd to remote] DEBUG o.a.h.impl.execchain.MainClientExec - Executing request GET /wd/hub/session/18063075-812d-4a4c-a6cd-30fbf03bc7bd/element/2D000000-0000-0000-B019-000000000000/displayed HTTP/1.1
12:18:32.419 [Forwarding isElementDisplayed on session 18063075-812d-4a4c-a6cd-30fbf03bc7bd to remote] DEBUG o.a.h.impl.execchain.MainClientExec - Target auth state: UNCHALLENGED
12:18:32.419 [Forwarding isElementDisplayed on session 18063075-812d-4a4c-a6cd-30fbf03bc7bd to remote] DEBUG o.a.h.impl.execchain.MainClientExec - Proxy auth state: UNCHALLENGED
12:18:32.419 [Forwarding isElementDisplayed on session 18063075-812d-4a4c-a6cd-30fbf03bc7bd to remote] DEBUG org.apache.http.headers - http-outgoing-9 >> GET /wd/hub/session/18063075-812d-4a4c-a6cd-30fbf03bc7bd/element/2D000000-0000-0000-B019-000000000000/displayed HTTP/1.1
12:18:32.419 [Forwarding isElementDisplayed on session 18063075-812d-4a4c-a6cd-30fbf03bc7bd to remote] DEBUG org.apache.http.headers - http-outgoing-9 >> Cache-Control: no-cache
12:18:32.419 [Forwarding isElementDisplayed on session 18063075-812d-4a4c-a6cd-30fbf03bc7bd to remote] DEBUG org.apache.http.headers - http-outgoing-9 >> Host: localhost:4723
12:18:32.419 [Forwarding isElementDisplayed on session 18063075-812d-4a4c-a6cd-30fbf03bc7bd to remote] DEBUG org.apache.http.headers - http-outgoing-9 >> Connection: Keep-Alive
12:18:32.419 [Forwarding isElementDisplayed on session 18063075-812d-4a4c-a6cd-30fbf03bc7bd to remote] DEBUG org.apache.http.headers - http-outgoing-9 >> User-Agent: Apache-HttpClient/4.5.2 (Java/1.8.0_171)
12:18:32.419 [Forwarding isElementDisplayed on session 18063075-812d-4a4c-a6cd-30fbf03bc7bd to remote] DEBUG org.apache.http.headers - http-outgoing-9 >> Accept-Encoding: gzip,deflate
12:18:32.419 [Forwarding isElementDisplayed on session 18063075-812d-4a4c-a6cd-30fbf03bc7bd to remote] DEBUG org.apache.http.wire - http-outgoing-9 >> "GET /wd/hub/session/18063075-812d-4a4c-a6cd-30fbf03bc7bd/element/2D000000-0000-0000-B019-000000000000/displayed HTTP/1.1[\r][\n]"
12:18:32.419 [Forwarding isElementDisplayed on session 18063075-812d-4a4c-a6cd-30fbf03bc7bd to remote] DEBUG org.apache.http.wire - http-outgoing-9 >> "Cache-Control: no-cache[\r][\n]"
12:18:32.419 [Forwarding isElementDisplayed on session 18063075-812d-4a4c-a6cd-30fbf03bc7bd to remote] DEBUG org.apache.http.wire - http-outgoing-9 >> "Host: localhost:4723[\r][\n]"
12:18:32.419 [Forwarding isElementDisplayed on session 18063075-812d-4a4c-a6cd-30fbf03bc7bd to remote] DEBUG org.apache.http.wire - http-outgoing-9 >> "Connection: Keep-Alive[\r][\n]"
12:18:32.419 [Forwarding isElementDisplayed on session 18063075-812d-4a4c-a6cd-30fbf03bc7bd to remote] DEBUG org.apache.http.wire - http-outgoing-9 >> "User-Agent: Apache-HttpClient/4.5.2 (Java/1.8.0_171)[\r][\n]"
12:18:32.419 [Forwarding isElementDisplayed on session 18063075-812d-4a4c-a6cd-30fbf03bc7bd to remote] DEBUG org.apache.http.wire - http-outgoing-9 >> "Accept-Encoding: gzip,deflate[\r][\n]"
12:18:32.419 [Forwarding isElementDisplayed on session 18063075-812d-4a4c-a6cd-30fbf03bc7bd to remote] DEBUG org.apache.http.wire - http-outgoing-9 >> "[\r][\n]"
&amp#27;[35m[HTTP]&amp#27;[39m &amp#27;[37m-->&amp#27;[39m &amp#27;[37mGET&amp#27;[39m &amp#27;[37m/wd/hub/session/18063075-812d-4a4c-a6cd-30fbf03bc7bd/element/2D000000-0000-0000-B019-000000000000/displayed&amp#27;[39m
&amp#27;[35m[HTTP]&amp#27;[39m &amp#27;[90m{}&amp#27;[39m
&amp#27;[35m[MJSONWP]&amp#27;[39m Driver proxy active, passing request on via HTTP proxy
&amp#27;[35m[JSONWP Proxy]&amp#27;[39m Replacing sessionId E840BF70-612:18:32.798 [Forwarding isElementDisplayed on session 18063075-812d-4a4c-a6cd-30fbf03bc7bd to remote] DEBUG org.apache.http.wire - http-outgoing-9 << "HTTP/1.1 200 OK[\r][\n]"
12:18:32.798 [Forwarding isElementDisplayed on session 18063075-812d-4a4c-a6cd-30fbf03bc7bd to remote] DEBUG org.apache.http.wire - http-outgoing-9 << "X-Powered-By: Express[\r][\n]"
12:18:32.798 [Forwarding isElementDisplayed on session 18063075-812d-4a4c-a6cd-30fbf03bc7bd to remote] DEBUG org.apache.http.wire - http-outgoing-9 << "Access-Control-Allow-Origin: *[\r][\n]"
563-4B2D-BA8C-84CB2A9EB8B3 with 18063075-812d12:18:32.798 [Forwarding isElementDisplayed on session 18063075-812d-4a4c-a6cd-30fbf03bc7bd to remote] DEBUG org.apache.http.wire - http-outgoing-9 << "Access-Control-Allow-Methods: GET,POST,PUT,OPTIONS,DELETE[\r][\n]"
-4a4c-a6cd-30fbf03bc7bd
12:18:32.799 [Forwarding isElementDisplayed on session 18063075-812d-4a4c-a6cd-30fbf03bc7bd to remote] DEBUG org.apache.http.wire - http-outgoing-9 << "Access-Control-Allow-Headers: origin, content-type, accept[\r][\n]"
&amp#27;[35m[HTTP12:18:32.799 [Forwarding isElementDisplayed on session 18063075-812d-4a4c-a6cd-30fbf03bc7bd to remote] DEBUG org.apache.http.wire - http-outgoing-9 << "Content-Type: application/json; charset=utf-8[\r][\n]"
]&amp#27;[39m &amp#27;[37m<-- GET /wd/hub/session/18063075-812d-4a4c-a6cd-30fbf03bc7bd/element/2D000000-0000-0000-B019-000000000000/displayed &amp#27;[39m&amp#27;[32m200&amp#27;[39m &amp#27;[90m378 ms - 76&amp#27;[39m
&amp#27;[35m[HTTP]12:18:32.799 [Forwarding isElementDisplayed on session 18063075-812d-4a4c-a6cd-30fbf03bc7bd to remote] DEBUG org.apache.http.wire - http-outgoing-9 << "Content-Length: 76[\r][\n]"
12:18:32.800 [Forwarding isElementDisplayed on session 18063075-812d-4a4c-a6cd-30fbf03bc7bd to remote] DEBUG org.apache.http.wire - http-outgoing-9 << "ETag: W/"4c-Y7k244UeXncxktz3h+rJR8RJids"[\r][\n]"
12:18:32.800 [Forwarding isElementDisplayed on session 18063075-812d-4a4c-a6cd-30fbf03bc7bd to remote] DEBUG org.apache.http.wire - http-outgoing-9 << "Date: Fri, 23 Aug 2019 06:48:32 GMT[\r][\n]"
12:18:32.800 [Forwarding isElementDisplayed on session 18063075-812d-4a4c-a6cd-30fbf03bc7bd to remote] DEBUG org.apache.http.wire - http-outgoing-9 << "Connection: keep-alive[\r][\n]"
12:18:32.800 [Forwarding isElementDisplayed on session 18063075-812d-4a4c-a6cd-30fbf03bc7bd to remote] DEBUG org.apache.http.wire - http-outgoing-9 << "[\r][\n]"
12:18:32.800 [Forwarding isElementDisplayed on session 18063075-812d-4a4c-a6cd-30fbf03bc7bd to remote] DEBUG org.apache.http.wire - http-outgoing-9 << "{"value":true,"sessionId":"18063075-812d-4a4c-a6cd-30fbf03bc7bd","status":0}"
&amp#27;[39m &amp#27;[90m&amp#27;[39m
12:18:32.800 [Forwarding isElementDisplayed on session 18063075-812d-4a4c-a6cd-30fbf03bc7bd to remote] DEBUG org.apache.http.headers - http-outgoing-9 << HTTP/1.1 200 OK
12:18:32.800 [Forwarding isElementDisplayed on session 18063075-812d-4a4c-a6cd-30fbf03bc7bd to remote] DEBUG org.apache.http.headers - http-outgoing-9 << X-Powered-By: Express
12:18:32.800 [Forwarding isElementDisplayed on session 18063075-812d-4a4c-a6cd-30fbf03bc7bd to remote] DEBUG org.apache.http.headers - http-outgoing-9 << Access-Control-Allow-Origin: *
12:18:32.800 [Forwarding isElementDisplayed on session 18063075-812d-4a4c-a6cd-30fbf03bc7bd to remote] DEBUG org.apache.http.headers - http-outgoing-9 << Access-Control-Allow-Methods: GET,POST,PUT,OPTIONS,DELETE
12:18:32.800 [Forwarding isElementDisplayed on session 18063075-812d-4a4c-a6cd-30fbf03bc7bd to remote] DEBUG org.apache.http.headers - http-outgoing-9 << Access-Control-Allow-Headers: origin, content-type, accept
12:18:32.800 [Forwarding isElementDisplayed on session 18063075-812d-4a4c-a6cd-30fbf03bc7bd to remote] DEBUG org.apache.http.headers - http-outgoing-9 << Content-Type: application/json; charset=utf-8
12:18:32.800 [Forwarding isElementDisplayed on session 18063075-812d-4a4c-a6cd-30fbf03bc7bd to remote] DEBUG org.apache.http.headers - http-outgoing-9 << Content-Length: 76
12:18:32.800 [Forwarding isElementDisplayed on session 18063075-812d-4a4c-a6cd-30fbf03bc7bd to remote] DEBUG org.apache.http.headers - http-outgoing-9 << ETag: W/"4c-Y7k244UeXncxktz3h+rJR8RJids"
12:18:32.800 [Forwarding isElementDisplayed on session 18063075-812d-4a4c-a6cd-30fbf03bc7bd to remote] DEBUG org.apache.http.headers - http-outgoing-9 << Date: Fri, 23 Aug 2019 06:48:32 GMT
12:18:32.800 [Forwarding isElementDisplayed on session 18063075-812d-4a4c-a6cd-30fbf03bc7bd to remote] DEBUG org.apache.http.headers - http-outgoing-9 << Connection: keep-alive
12:18:32.800 [Forwarding isElementDisplayed on session 18063075-812d-4a4c-a6cd-30fbf03bc7bd to remote] DEBUG o.a.h.impl.execchain.MainClientExec - Connection can be kept alive indefinitely
12:18:32.801 [Forwarding isElementDisplayed on session 18063075-812d-4a4c-a6cd-30fbf03bc7bd to remote] DEBUG o.a.h.i.c.PoolingHttpClientConnectionManager - Connection [id: 9][route: {}->http://localhost:4723] can be kept alive indefinitely
12:18:32.801 [Forwarding isElementDisplayed on session 18063075-812d-4a4c-a6cd-30fbf03bc7bd to remote] DEBUG o.a.h.i.c.PoolingHttpClientConnectionManager - Connection released: [id: 9][route: {}->http://localhost:4723][total kept alive: 1; route allocated: 1 of 2000; total allocated: 1 of 2000]
12:18:32.801 [Forwarding findElement on session 18063075-812d-4a4c-a6cd-30fbf03bc7bd to remote] DEBUG o.a.h.c.protocol.RequestAddCookies - CookieSpec selected: default
12:18:32.801 [Forwarding findElement on session 18063075-812d-4a4c-a6cd-30fbf03bc7bd to remote] DEBUG o.a.h.c.protocol.RequestAuthCache - Auth cache not set in the context
12:18:32.801 [Forwarding findElement on session 18063075-812d-4a4c-a6cd-30fbf03bc7bd to remote] DEBUG o.a.h.i.c.PoolingHttpClientConnectionManager - Connection request: [route: {}->http://localhost:4723][total kept alive: 1; route allocated: 1 of 2000; total allocated: 1 of 2000]
12:18:32.801 [Forwarding findElement on session 18063075-812d-4a4c-a6cd-30fbf03bc7bd to remote] DEBUG o.a.h.i.c.PoolingHttpClientConnectionManager - Connection leased: [id: 9][route: {}->http://localhost:4723][total kept alive: 0; route allocated: 1 of 2000; total allocated: 1 of 2000]
12:18:32.801 [Forwarding findElement on session 18063075-812d-4a4c-a6cd-30fbf03bc7bd to remote] DEBUG o.a.h.impl.execchain.MainClientExec - Stale connection check
12:18:32.803 [Forwarding findElement on session 18063075-812d-4a4c-a6cd-30fbf03bc7bd to remote] DEBUG org.apache.http.wire - http-outgoing-9 << "[read] I/O error: Read timed out"
12:18:32.803 [Forwarding findElement on session 18063075-812d-4a4c-a6cd-30fbf03bc7bd to remote] DEBUG o.a.h.i.c.DefaultManagedHttpClientConnection - http-outgoing-9: set socket timeout to 10800000
12:18:32.803 [Forwarding findElement on session 18063075-812d-4a4c-a6cd-30fbf03bc7bd to remote] DEBUG o.a.h.impl.execchain.MainClientExec - Executing request POST /wd/hub/session/18063075-812d-4a4c-a6cd-30fbf03bc7bd/element HTTP/1.1
12:18:32.803 [Forwarding findElement on session 18063075-812d-4a4c-a6cd-30fbf03bc7bd to remote] DEBUG o.a.h.impl.execchain.MainClientExec - Target auth state: UNCHALLENGED
12:18:32.803 [Forwarding findElement on session 18063075-812d-4a4c-a6cd-30fbf03bc7bd to remote] DEBUG o.a.h.impl.execchain.MainClientExec - Proxy auth state: UNCHALLENGED
12:18:32.803 [Forwarding findElement on session 18063075-812d-4a4c-a6cd-30fbf03bc7bd to remote] DEBUG org.apache.http.headers - http-outgoing-9 >> POST /wd/hub/session/18063075-812d-4a4c-a6cd-30fbf03bc7bd/element HTTP/1.1
12:18:32.803 [Forwarding findElement on session 18063075-812d-4a4c-a6cd-30fbf03bc7bd to remote] DEBUG org.apache.http.headers - http-outgoing-9 >> Content-Type: application/json; charset=utf-8
12:18:32.803 [Forwarding findElement on session 18063075-812d-4a4c-a6cd-30fbf03bc7bd to remote] DEBUG org.apache.http.headers - http-outgoing-9 >> Content-Length: 32
12:18:32.803 [Forwarding findElement on session 18063075-812d-4a4c-a6cd-30fbf03bc7bd to remote] DEBUG org.apache.http.headers - http-outgoing-9 >> Host: localhost:4723
12:18:32.803 [Forwarding findElement on session 18063075-812d-4a4c-a6cd-30fbf03bc7bd to remote] DEBUG org.apache.http.headers - http-outgoing-9 >> Connection: Keep-Alive
12:18:32.803 [Forwarding findElement on session 18063075-812d-4a4c-a6cd-30fbf03bc7bd to remote] DEBUG org.apache.http.headers - http-outgoing-9 >> User-Agent: Apache-HttpClient/4.5.2 (Java/1.8.0_171)
12:18:32.803 [Forwarding findElement on session 18063075-812d-4a4c-a6cd-30fbf03bc7bd to remote] DEBUG org.apache.http.headers - http-outgoing-9 >> Accept-Encoding: gzip,deflate
12:18:32.803 [Forwarding findElement on session 18063075-812d-4a4c-a6cd-30fbf03bc7bd to remote] DEBUG org.apache.http.wire - http-outgoing-9 >> "POST /wd/hub/session/18063075-812d-4a4c-a6cd-30fbf03bc7bd/element HTTP/1.1[\r][\n]"
12:18:32.803 [Forwarding findElement on session 18063075-812d-4a4c-a6cd-30fbf03bc7bd to remote] DEBUG org.apache.http.wire - http-outgoing-9 >> "Content-Type: application/json; charset=utf-8[\r][\n]"
12:18:32.803 [Forwarding findElement on session 18063075-812d-4a4c-a6cd-30fbf03bc7bd to remote] DEBUG org.apache.http.wire - http-outgoing-9 >> "Content-Length: 32[\r][\n]"
12:18:32.803 [Forwarding findElement on session 18063075-812d-4a4c-a6cd-30fbf03bc7bd to remote] DEBUG org.apache.http.wire - http-outgoing-9 >> "Host: localhost:4723[\r][\n]"
12:18:32.803 [Forwarding findElement on session 18063075-812d-4a4c-a6cd-30fbf03bc7bd to remote] DEBUG org.apache.http.wire - http-outgoing-9 >> "Connection: Keep-Alive[\r][\n]"
12:18:32.803 [Forwarding findElement on session 18063075-812d-4a4c-a6cd-30fbf03bc7bd to remote] DEBUG org.apache.http.wire - http-outgoing-9 >> "User-Agent: Apache-HttpClient/4.5.2 (Java/1.8.0_171)[\r][\n]"
12:18:32.803 [Forwarding findElement on session 18063075-812d-4a4c-a6cd-30fbf03bc7bd to remote] DEBUG org.apache.http.wire - http-outgoing-9 >> "Accept-Encoding: gzip,deflate[\r][\n]"
12:18:32.803 [Forwarding findElement on session 18063075-812d-4a4c-a6cd-30fbf03bc7bd to remote] DEBUG org.apache.http.wire - http-outgoing-9 >> "[\r][\n]"
12:18:32.803 [Forwarding findElement on session 18063075-812d-4a4c-a6cd-30fbf03bc7bd to remote] DEBUG org.apache.http.wire - http-outgoing-9 >> "{"using":"id","value":"icon me"}"
&amp#27;[35m[HTTP]&amp#27;[39m &amp#27;[37m-->&amp#27;[39m &amp#27;[37mPOST&amp#27;[39m &amp#27;[37m/wd/hub/session/18063075-812d-4a4c-a6cd-30fbf03bc7bd/element&amp#27;[39m
&amp#27;[35m[HTTP]&amp#27;[39m &amp#27;[90m{"using":"id","value":"icon me"}&amp#27;[39m
12:18:33.297 [Forwarding findElement on session 18063075-812d-4a4c-a6cd-30fbf03bc7bd to remote] DEBUG org.apache.http.wire - http-outgoing-9 << "HTTP/1.1 200 OK[\r][\n]"
12:18:33.297 [Forwarding findElement on session 18063075-812d-4a4c-a6cd-30fbf03bc7bd to remote] DEBUG org.apache.http.wire - http-outgoing-9 << "X-Powered-By: Express[\r][\n]"
12:18:33.297 [Forwarding findElement on session 18063075-812d-4a4c-a6cd-30fbf03bc7bd to remote] DEBUG org.apache.http.wire - http-outgoing-9 << "Access-Control-Allow-Origin: *[\r][\n]"
12:18:33.297 [Forwarding findElement on session 18063075-812d-4a4c-a6cd-30fbf03bc7bd to remote] DEBUG org.apache.http.wire - http-outgoing-9 << "Access-Control-Allow-Methods: GET,POST,PUT,OPTIONS,DELETE[\r][\n]"
12:18:33.297 [Forwarding findElement on session 18063075-812d-4a4c-a6cd-30fbf03bc7bd to remote] DEBUG org.apache.http.wire - http-outgoing-9 << "Access-Control-Allow-Headers: origin, content-type, accept[\r][\n]"
12:18:33.297 [Forwarding findElement on session 18063075-812d-4a4c-a6cd-30fbf03bc7bd to remote] DEBUG org.apache.http.wire - http-outgoing-9 << "Vary: X-HTTP-Method-Override[\r][\n]"
12:18:33.297 [Forwarding findElement on session 18063075-812d-4a4c-a6cd-30fbf03bc7bd to remote] DEBUG org.apache.http.wire - http-outgoing-9 << "Content-Type: application/json; charset=utf-8[\r][\n]"
12:18:33.297 [Forwarding findElement on session 18063075-812d-4a4c-a6cd-30fbf03bc7bd to remote] DEBUG org.apache.http.wire - http-outgoing-9 << "Content-Length: 122[\r][\n]"
12:18:33.297 [Forwarding findElement on session 18063075-812d-4a4c-a6cd-30fbf03bc7bd to remote] DEBUG org.apache.http.wire - http-outgoing-9 << "ETag: W/"7a-4aUyhAyf05quykmmZ7a48W7rHQQ"[\r][\n]"
12:18:33.297 [Forwarding findElement on session 18063075-812d-4a4c-a6cd-30fbf03bc7bd to remote] DEBUG org.apache.http.wire - http-outgoing-9 << "Date: Fri, 23 Aug 2019 06:48:33 GMT[\r][\n]"
12:18:33.297 [Forwarding findElement on session 18063075-812d-4a4c-a6cd-30fbf03bc7bd to remote] DEBUG org.apache.http.wire - http-outgoing-9 << "Connection: keep-alive[\r][\n]"
12:18:33.297 [Forwarding findElement on session 18063075-812d-4a4c-a6cd-30fbf03bc7bd to remote] DEBUG org.apache.http.wire - http-outgoing-9 << "[\r][\n]"
12:18:33.297 [Forwarding findElement on session 18063075-812d-4a4c-a6cd-30fbf03bc7bd to remote] DEBUG org.apache.http.wire - http-outgoing-9 << "{"status":0,"value":{"ELEMENT":"2D000000-0000-0000-B019-000000000000"},"sessionId":"18063075-812d-4a4c-a6cd-30fbf03bc7bd"}"
12:18:33.297 [Forwarding findElement on session 18063075-812d-4a4c-a6cd-30fbf03bc7bd to remote] DEBUG org.apache.http.headers - http-outgoing-9 << HTTP/1.1 200 OK
&amp#27;[35m[HTT12:18:33.297 [Forwarding findElement on session 18063075-812d-4a4c-a6cd-30fbf03bc7bd to remote] DEBUG org.apache.http.headers - http-outgoing-9 << X-Powered-By: Express
P]&amp#27;[39m &amp#27;12:18:33.298 [Forwarding findElement on session 18063075-812d-4a4c-a6cd-30fbf03bc7bd to remote] DEBUG org.apache.http.headers - http-outgoing-9 << Access-Control-Allow-Origin: *
12:18:33.298 [Forwarding findElement on session 18063075-812d-4a4c-a6cd-30fbf03bc7bd to remote] DEBUG org.apache.http.headers - http-outgoing-9 << Access-Control-Allow-Methods: GET,POST,PUT,OPTIONS,DELETE
12:18:33.298 [Forwarding findElement on session 18063075-812d-4a4c-a6cd-30fbf03bc7bd to remote] DEBUG org.apache.http.headers - http-outgoing-9 << Access-Control-Allow-Headers: origin, content-type, accept
12:18:33.298 [Forwarding findElement on session 18063075-812d-4a4c-a6cd-30fbf03bc7bd to remote] DEBUG org.apache.http.headers - http-outgoing-9 << Vary: X-HTTP-Method-Override
12:18:33.298 [Forwarding findElement on session 18063075-812d-4a4c-a6cd-30fbf03bc7bd to remote] DEBUG org.apache.http.headers - http-outgoing-9 << Content-Type: application/json; charset=utf-8
12:18:33.298 [Forwarding findElement on session 18063075-812d-4a4c-a6cd-30fbf03bc7bd to remote] DEBUG org.apache.http.headers - http-outgoing-9 << Content-Length: 122
[37m<-- POST /wd/hub/session/1812:18:33.298 [Forwarding findElement on session 18063075-812d-4a4c-a6cd-30fbf03bc7bd to remote] DEBUG org.apache.http.headers - http-outgoing-9 << ETag: W/"7a-4aUyhAyf05quykmmZ7a48W7rHQQ"
063075-812d-4a4c-a6cd-30fbf03bc7bd/element &amp#27;[39m&amp#27;[32m200&amp#27;[39m &amp#27;[90m493 ms - 12212:18:33.298 [Forwarding findElement on session 18063075-812d-4a4c-a6cd-30fbf03bc7bd to remote] DEBUG org.apache.http.headers - http-outgoing-9 << Date: Fri, 23 Aug 2019 06:48:33 GMT
&amp#27;[39m
12:18:33.299 [Forwarding findElement on session 18063075-812d-4a4c-a6cd-30fbf03bc7bd to remote] DEBUG org.apache.http.headers - http-outgoing-9 << Connection: keep-alive
&amp#27;[35m[HTTP]&amp#27;[12:18:33.299 [Forwarding findElement on session 18063075-812d-4a4c-a6cd-30fbf03bc7bd to remote] DEBUG o.a.h.impl.execchain.MainClientExec - Connection can be kept alive indefinitely
39m &amp#27;[90m&amp#27;[39m
12:18:33.299 [Forwarding findElement on session 18063075-812d-4a4c-a6cd-30fbf03bc7bd to remote] DEBUG o.a.h.i.c.PoolingHttpClientConnectionManager - Connection [id: 9][route: {}->http://localhost:4723] can be kept alive indefinitely
12:18:33.299 [Forwarding findElement on session 18063075-812d-4a4c-a6cd-30fbf03bc7bd to remote] DEBUG o.a.h.i.c.PoolingHttpClientConnectionManager - Connection released: [id: 9][route: {}->http://localhost:4723][total kept alive: 1; route allocated: 1 of 2000; total allocated: 1 of 2000]
12:18:33.300 [Forwarding isElementDisplayed on session 18063075-812d-4a4c-a6cd-30fbf03bc7bd to remote] DEBUG o.a.h.c.protocol.RequestAddCookies - CookieSpec selected: default
12:18:33.300 [Forwarding isElementDisplayed on session 18063075-812d-4a4c-a6cd-30fbf03bc7bd to remote] DEBUG o.a.h.c.protocol.RequestAuthCache - Auth cache not set in the context
12:18:33.300 [Forwarding isElementDisplayed on session 18063075-812d-4a4c-a6cd-30fbf03bc7bd to remote] DEBUG o.a.h.i.c.PoolingHttpClientConnectionManager - Connection request: [route: {}->http://localhost:4723][total kept alive: 1; route allocated: 1 of 2000; total allocated: 1 of 2000]
12:18:33.300 [Forwarding isElementDisplayed on session 18063075-812d-4a4c-a6cd-30fbf03bc7bd to remote] DEBUG o.a.h.i.c.PoolingHttpClientConnectionManager - Connection leased: [id: 9][route: {}->http://localhost:4723][total kept alive: 0; route allocated: 1 of 2000; total allocated: 1 of 2000]
12:18:33.300 [Forwarding isElementDisplayed on session 18063075-812d-4a4c-a6cd-30fbf03bc7bd to remote] DEBUG o.a.h.impl.execchain.MainClientExec - Stale connection check
12:18:33.301 [Forwarding isElementDisplayed on session 18063075-812d-4a4c-a6cd-30fbf03bc7bd to remote] DEBUG org.apache.http.wire - http-outgoing-9 << "[read] I/O error: Read timed out"
12:18:33.301 [Forwarding isElementDisplayed on session 18063075-812d-4a4c-a6cd-30fbf03bc7bd to remote] DEBUG o.a.h.i.c.DefaultManagedHttpClientConnection - http-outgoing-9: set socket timeout to 10800000
12:18:33.301 [Forwarding isElementDisplayed on session 18063075-812d-4a4c-a6cd-30fbf03bc7bd to remote] DEBUG o.a.h.impl.execchain.MainClientExec - Executing request GET /wd/hub/session/18063075-812d-4a4c-a6cd-30fbf03bc7bd/element/2D000000-0000-0000-B019-000000000000/displayed HTTP/1.1
12:18:33.301 [Forwarding isElementDisplayed on session 18063075-812d-4a4c-a6cd-30fbf03bc7bd to remote] DEBUG o.a.h.impl.execchain.MainClientExec - Target auth state: UNCHALLENGED
12:18:33.301 [Forwarding isElementDisplayed on session 18063075-812d-4a4c-a6cd-30fbf03bc7bd to remote] DEBUG o.a.h.impl.execchain.MainClientExec - Proxy auth state: UNCHALLENGED
12:18:33.301 [Forwarding isElementDisplayed on session 18063075-812d-4a4c-a6cd-30fbf03bc7bd to remote] DEBUG org.apache.http.headers - http-outgoing-9 >> GET /wd/hub/session/18063075-812d-4a4c-a6cd-30fbf03bc7bd/element/2D000000-0000-0000-B019-000000000000/displayed HTTP/1.1
12:18:33.301 [Forwarding isElementDisplayed on session 18063075-812d-4a4c-a6cd-30fbf03bc7bd to remote] DEBUG org.apache.http.headers - http-outgoing-9 >> Cache-Control: no-cache
12:18:33.301 [Forwarding isElementDisplayed on session 18063075-812d-4a4c-a6cd-30fbf03bc7bd to remote] DEBUG org.apache.http.headers - http-outgoing-9 >> Host: localhost:4723
12:18:33.302 [Forwarding isElementDisplayed on session 18063075-812d-4a4c-a6cd-30fbf03bc7bd to remote] DEBUG org.apache.http.headers - http-outgoing-9 >> Connection: Keep-Alive
12:18:33.302 [Forwarding isElementDisplayed on session 18063075-812d-4a4c-a6cd-30fbf03bc7bd to remote] DEBUG org.apache.http.headers - http-outgoing-9 >> User-Agent: Apache-HttpClient/4.5.2 (Java/1.8.0_171)
12:18:33.302 [Forwarding isElementDisplayed on session 18063075-812d-4a4c-a6cd-30fbf03bc7bd to remote] DEBUG org.apache.http.headers - http-outgoing-9 >> Accept-Encoding: gzip,deflate
12:18:33.302 [Forwarding isElementDisplayed on session 18063075-812d-4a4c-a6cd-30fbf03bc7bd to remote] DEBUG org.apache.http.wire - http-outgoing-9 >> "GET /wd/hub/session/18063075-812d-4a4c-a6cd-30fbf03bc7bd/element/2D000000-0000-0000-B019-000000000000/displayed HTTP/1.1[\r][\n]"
12:18:33.302 [Forwarding isElementDisplayed on session 18063075-812d-4a4c-a6cd-30fbf03bc7bd to remote] DEBUG org.apache.http.wire - http-outgoing-9 >> "Cache-Control: no-cache[\r][\n]"
12:18:33.302 [Forwarding isElementDisplayed on session 18063075-812d-4a4c-a6cd-30fbf03bc7bd to remote] DEBUG org.apache.http.wire - http-outgoing-9 >> "Host: localhost:4723[\r][\n]"
12:18:33.302 [Forwarding isElementDisplayed on session 18063075-812d-4a4c-a6cd-30fbf03bc7bd to remote] DEBUG org.apache.http.wire - http-outgoing-9 >> "Connection: Keep-Alive[\r][\n]"
12:18:33.302 [Forwarding isElementDisplayed on session 18063075-812d-4a4c-a6cd-30fbf03bc7bd to remote] DEBUG org.apache.http.wire - http-outgoing-9 >> "User-Agent: Apache-HttpClient/4.5.2 (Java/1.8.0_171)[\r][\n]"
12:18:33.302 [Forwarding isElementDisplayed on session 18063075-812d-4a4c-a6cd-30fbf03bc7bd to remote] DEBUG org.apache.http.wire - http-outgoing-9 >> "Accept-Encoding: gzip,deflate[\r][\n]"
12:18:33.302 [Forwarding isElementDisplayed on session 18063075-812d-4a4c-a6cd-30fbf03bc7bd to remote] DEBUG org.apache.http.wire - http-outgoing-9 >> "[\r][\n]"
&amp#27;[35m[HTTP]&amp#27;[39m &amp#27;[37m-->&amp#27;[39m &amp#27;[37mGET&amp#27;[39m &amp#27;[37m/wd/hub/session/18063075-812d-4a4c-a6cd-30fbf03bc7bd/element/2D000000-0000-0000-B019-000000000000/displayed&amp#27;[39m
&amp#27;[35m[HTTP]&amp#27;[39m &amp#27;[90m{}&amp#27;[39m
&amp#27;[35m[MJSONWP]&amp#27;[39m Driver proxy active, passing request on via HTTP proxy
&amp#27;[35m[JSONWP Proxy]&amp#27;[39m Replacing sessionId E840BF70-6563-4B2D-BA12:18:33.677 [Forwarding isElementDisplayed on session 18063075-812d-4a4c-a6cd-30fbf03bc7bd to remote] DEBUG org.apache.http.wire - http-outgoing-9 << "HTTP/1.1 200 OK[\r][\n]"
8C-84CB2A9EB8B3 with 18063075-812d-4a4c-a6cd-30fbf03b12:18:33.677 [Forwarding isElementDisplayed on session 18063075-812d-4a4c-a6cd-30fbf03bc7bd to remote] DEBUG org.apache.http.wire - http-outgoing-9 << "X-Powered-By: Express[\r][\n]"
c712:18:33.678 [Forwarding isElementDisplayed on session 18063075-812d-4a4c-a6cd-30fbf03bc7bd to remote] DEBUG org.apache.http.wire - http-outgoing-9 << "Access-Control-Allow-Origin: *[\r][\n]"
12:18:33.678 [Forwarding isElementDisplayed on session 18063075-812d-4a4c-a6cd-30fbf03bc7bd to remote] DEBUG org.apache.http.wire - http-outgoing-9 << "Access-Control-Allow-Methods: GET,POST,PUT,OPTIONS,DELETE[\r][\n]"
bd
12:18:33.678 [Forwarding isElementDisplayed on session 18063075-812d-4a4c-a6cd-30fbf03bc7bd to remote] DEBUG org.apache.http.wire - http-outgoing-9 << "Access-Control-Allow-Headers: origin, content-type, accept[\r][\n]"
&amp#27;[35m[HTTP]&amp#27;[39m &amp#27;[37m<-- GET /wd/hub/session/18063075-812d-4a4c-a612:18:33.678 [Forwarding isElementDisplayed on session 18063075-812d-4a4c-a6cd-30fbf03bc7bd to remote] DEBUG org.apache.http.wire - http-outgoing-9 << "Content-Type: application/json; charset=utf-8[\r][\n]"
cd-30f12:18:33.678 [Forwarding isElementDisplayed on session 18063075-812d-4a4c-a6cd-30fbf03bc7bd to remote] DEBUG org.apache.http.wire - http-outgoing-9 << "Content-Length: 76[\r][\n]"
bf0312:18:33.678 [Forwarding isElementDisplayed on session 18063075-812d-4a4c-a6cd-30fbf03bc7bd to remote] DEBUG org.apache.http.wire - http-outgoing-9 << "ETag: W/"4c-Y7k244UeXncxktz3h+rJR8RJids"[\r][\n]"
b12:18:33.679 [Forwarding isElementDisplayed on session 18063075-812d-4a4c-a6cd-30fbf03bc7bd to remote] DEBUG org.apache.http.wire - http-outgoing-9 << "Date: Fri, 23 Aug 2019 06:48:33 GMT[\r][\n]"
12:18:33.679 [Forwarding isElementDisplayed on session 18063075-812d-4a4c-a6cd-30fbf03bc7bd to remote] DEBUG org.apache.http.wire - http-outgoing-9 << "Connection: keep-alive[\r][\n]"
c7bd12:18:33.679 [Forwarding isElementDisplayed on session 18063075-812d-4a4c-a6cd-30fbf03bc7bd to remote] DEBUG org.apache.http.wire - http-outgoing-9 << "[\r][\n]"
12:18:33.679 [Forwarding isElementDisplayed on session 18063075-812d-4a4c-a6cd-30fbf03bc7bd to remote] DEBUG org.apache.http.wire - http-outgoing-9 << "{"value":true,"sessionId":"18063075-812d-4a4c-a6cd-30fbf03bc7bd","status":0}"
/element/2D000012:18:33.679 [Forwarding isElementDisplayed on session 18063075-812d-4a4c-a6cd-30fbf03bc7bd to remote] DEBUG org.apache.http.headers - http-outgoing-9 << HTTP/1.1 200 OK
12:18:33.679 [Forwarding isElementDisplayed on session 18063075-812d-4a4c-a6cd-30fbf03bc7bd to remote] DEBUG org.apache.http.headers - http-outgoing-9 << X-Powered-By: Express
12:18:33.679 [Forwarding isElementDisplayed on session 18063075-812d-4a4c-a6cd-30fbf03bc7bd to remote] DEBUG org.apache.http.headers - http-outgoing-9 << Access-Control-Allow-Origin: *
12:18:33.679 [Forwarding isElementDisplayed on session 18063075-812d-4a4c-a6cd-30fbf03bc7bd to remote] DEBUG org.apache.http.headers - http-outgoing-9 << Access-Control-Allow-Methods: GET,POST,PUT,OPTIONS,DELETE
12:18:33.679 [Forwarding isElementDisplayed on session 18063075-812d-4a4c-a6cd-30fbf03bc7bd to remote] DEBUG org.apache.http.headers - http-outgoing-9 << Access-Control-Allow-Headers: origin, content-type, accept
12:18:33.679 [Forwarding isElementDisplayed on session 18063075-812d-4a4c-a6cd-30fbf03bc7bd to remote] DEBUG org.apache.http.headers - http-outgoing-9 << Content-Type: application/json; charset=utf-8
12:18:33.679 [Forwarding isElementDisplayed on session 18063075-812d-4a4c-a6cd-30fbf03bc7bd to remote] DEBUG org.apache.http.headers - http-outgoing-9 << Content-Length: 76
12:18:33.679 [Forwarding isElementDisplayed on session 18063075-812d-4a4c-a6cd-30fbf03bc7bd to remote] DEBUG org.apache.http.headers - http-outgoing-9 << ETag: W/"4c-Y7k244UeXncxktz3h+rJR8RJids"
12:18:33.679 [Forwarding isElementDisplayed on session 18063075-812d-4a4c-a6cd-30fbf03bc7bd to remote] DEBUG org.apache.http.headers - http-outgoing-9 << Date: Fri, 23 Aug 2019 06:48:33 GMT
12:18:33.679 [Forwarding isElementDisplayed on session 18063075-812d-4a4c-a6cd-30fbf03bc7bd to remote] DEBUG org.apache.http.headers - http-outgoing-9 << Connection: keep-alive
00-00012:18:33.679 [Forwarding isElementDisplayed on session 18063075-812d-4a4c-a6cd-30fbf03bc7bd to remote] DEBUG o.a.h.impl.execchain.MainClientExec - Connection can be kept alive indefinitely
0-0000-B019-000000000000/displayed &amp#27;[312:18:33.679 [Forwarding isElementDisplayed on session 18063075-812d-4a4c-a6cd-30fbf03bc7bd to remote] DEBUG o.a.h.i.c.PoolingHttpClientConnectionManager - Connection [id: 9][route: {}->http://localhost:4723] can be kept alive indefinitely
9m&amp#27;[3212:18:33.679 [Forwarding isElementDisplayed on session 18063075-812d-4a4c-a6cd-30fbf03bc7bd to remote] DEBUG o.a.h.i.c.PoolingHttpClientConnectionManager - Connection released: [id: 9][route: {}->http://localhost:4723][total kept alive: 1; route allocated: 1 of 2000; total allocated: 1 of 2000]
m200&amp#27;[39m &amp#27;[90m375 ms - 76&amp#27;[39m
&amp#27;[35m[HTTP]&amp#27;[39m &amp#27;[90m&amp#27;[39m
12:18:33.680 [Forwarding findElement on session 18063075-812d-4a4c-a6cd-30fbf03bc7bd to remote] DEBUG o.a.h.c.protocol.RequestAddCookies - CookieSpec selected: default
12:18:33.680 [Forwarding findElement on session 18063075-812d-4a4c-a6cd-30fbf03bc7bd to remote] DEBUG o.a.h.c.protocol.RequestAuthCache - Auth cache not set in the context
12:18:33.680 [Forwarding findElement on session 18063075-812d-4a4c-a6cd-30fbf03bc7bd to remote] DEBUG o.a.h.i.c.PoolingHttpClientConnectionManager - Connection request: [route: {}->http://localhost:4723][total kept alive: 1; route allocated: 1 of 2000; total allocated: 1 of 2000]
12:18:33.680 [Forwarding findElement on session 18063075-812d-4a4c-a6cd-30fbf03bc7bd to remote] DEBUG o.a.h.i.c.PoolingHttpClientConnectionManager - Connection leased: [id: 9][route: {}->http://localhost:4723][total kept alive: 0; route allocated: 1 of 2000; total allocated: 1 of 2000]
12:18:33.680 [Forwarding findElement on session 18063075-812d-4a4c-a6cd-30fbf03bc7bd to remote] DEBUG o.a.h.impl.execchain.MainClientExec - Stale connection check
12:18:33.681 [Forwarding findElement on session 18063075-812d-4a4c-a6cd-30fbf03bc7bd to remote] DEBUG org.apache.http.wire - http-outgoing-9 << "[read] I/O error: Read timed out"
12:18:33.681 [Forwarding findElement on session 18063075-812d-4a4c-a6cd-30fbf03bc7bd to remote] DEBUG o.a.h.i.c.DefaultManagedHttpClientConnection - http-outgoing-9: set socket timeout to 10800000
12:18:33.681 [Forwarding findElement on session 18063075-812d-4a4c-a6cd-30fbf03bc7bd to remote] DEBUG o.a.h.impl.execchain.MainClientExec - Executing request POST /wd/hub/session/18063075-812d-4a4c-a6cd-30fbf03bc7bd/element HTTP/1.1
12:18:33.681 [Forwarding findElement on session 18063075-812d-4a4c-a6cd-30fbf03bc7bd to remote] DEBUG o.a.h.impl.execchain.MainClientExec - Target auth state: UNCHALLENGED
12:18:33.681 [Forwarding findElement on session 18063075-812d-4a4c-a6cd-30fbf03bc7bd to remote] DEBUG o.a.h.impl.execchain.MainClientExec - Proxy auth state: UNCHALLENGED
12:18:33.681 [Forwarding findElement on session 18063075-812d-4a4c-a6cd-30fbf03bc7bd to remote] DEBUG org.apache.http.headers - http-outgoing-9 >> POST /wd/hub/session/18063075-812d-4a4c-a6cd-30fbf03bc7bd/element HTTP/1.1
12:18:33.681 [Forwarding findElement on session 18063075-812d-4a4c-a6cd-30fbf03bc7bd to remote] DEBUG org.apache.http.headers - http-outgoing-9 >> Content-Type: application/json; charset=utf-8
12:18:33.681 [Forwarding findElement on session 18063075-812d-4a4c-a6cd-30fbf03bc7bd to remote] DEBUG org.apache.http.headers - http-outgoing-9 >> Content-Length: 32
12:18:33.681 [Forwarding findElement on session 18063075-812d-4a4c-a6cd-30fbf03bc7bd to remote] DEBUG org.apache.http.headers - http-outgoing-9 >> Host: localhost:4723
12:18:33.681 [Forwarding findElement on session 18063075-812d-4a4c-a6cd-30fbf03bc7bd to remote] DEBUG org.apache.http.headers - http-outgoing-9 >> Connection: Keep-Alive
12:18:33.681 [Forwarding findElement on session 18063075-812d-4a4c-a6cd-30fbf03bc7bd to remote] DEBUG org.apache.http.headers - http-outgoing-9 >> User-Agent: Apache-HttpClient/4.5.2 (Java/1.8.0_171)
12:18:33.681 [Forwarding findElement on session 18063075-812d-4a4c-a6cd-30fbf03bc7bd to remote] DEBUG org.apache.http.headers - http-outgoing-9 >> Accept-Encoding: gzip,deflate
12:18:33.681 [Forwarding findElement on session 18063075-812d-4a4c-a6cd-30fbf03bc7bd to remote] DEBUG org.apache.http.wire - http-outgoing-9 >> "POST /wd/hub/session/18063075-812d-4a4c-a6cd-30fbf03bc7bd/element HTTP/1.1[\r][\n]"
12:18:33.681 [Forwarding findElement on session 18063075-812d-4a4c-a6cd-30fbf03bc7bd to remote] DEBUG org.apache.http.wire - http-outgoing-9 >> "Content-Type: application/json; charset=utf-8[\r][\n]"
12:18:33.681 [Forwarding findElement on session 18063075-812d-4a4c-a6cd-30fbf03bc7bd to remote] DEBUG org.apache.http.wire - http-outgoing-9 >> "Content-Length: 32[\r][\n]"
12:18:33.682 [Forwarding findElement on session 18063075-812d-4a4c-a6cd-30fbf03bc7bd to remote] DEBUG org.apache.http.wire - http-outgoing-9 >> "Host: localhost:4723[\r][\n]"
12:18:33.682 [Forwarding findElement on session 18063075-812d-4a4c-a6cd-30fbf03bc7bd to remote] DEBUG org.apache.http.wire - http-outgoing-9 >> "Connection: Keep-Alive[\r][\n]"
12:18:33.682 [Forwarding findElement on session 18063075-812d-4a4c-a6cd-30fbf03bc7bd to remote] DEBUG org.apache.http.wire - http-outgoing-9 >> "User-Agent: Apache-HttpClient/4.5.2 (Java/1.8.0_171)[\r][\n]"
12:18:33.682 [Forwarding findElement on session 18063075-812d-4a4c-a6cd-30fbf03bc7bd to remote] DEBUG org.apache.http.wire - http-outgoing-9 >> "Accept-Encoding: gzip,deflate[\r][\n]"
12:18:33.682 [Forwarding findElement on session 18063075-812d-4a4c-a6cd-30fbf03bc7bd to remote] DEBUG org.apache.http.wire - http-outgoing-9 >> "[\r][\n]"
12:18:33.682 [Forwarding findElement on session 18063075-812d-4a4c-a6cd-30fbf03bc7bd to remote] DEBUG org.apache.http.wire - http-outgoing-9 >> "{"using":"id","value":"icon me"}"
&amp#27;[35m[HTTP]&amp#27;[39m &amp#27;[37m-->&amp#27;[39m &amp#27;[37mPOST&amp#27;[39m &amp#27;[37m/wd/hub/session/18063075-812d-4a4c-a6cd-30fbf03bc7bd/element&amp#27;[39m
&amp#27;[35m[HTTP]&amp#27;[39m &amp#27;[90m{"using":"id","value":"icon me"}&amp#27;[39m
12:18:34.168 [Forwarding findElement on session 18063075-812d-4a4c-a6cd-30fbf03bc7bd to remote] DEBUG org.apache.http.wire - http-outgoing-9 << "HTTP/1.1 200 OK[\r][\n]"
12:18:34.168 [Forwarding findElement on session 18063075-812d-4a4c-a6cd-30fbf03bc7bd to remote] DEBUG org.apache.http.wire - http-outgoing-9 << "X-Powered-By: Express[\r][\n]"
12:18:34.168 [Forwarding findElement on session 18063075-812d-4a4c-a6cd-30fbf03bc7bd to remote] DEBUG org.apache.http.wire - http-outgoing-9 << "Access-Control-Allow-Origin: *[\r][\n]"
12:18:34.168 [Forwarding findElement on session 18063075-812d-4a4c-a6cd-30fbf03bc7bd to remote] DEBUG org.apache.http.wire - http-outgoing-9 << "Access-Control-Allow-Methods: GET,POST,PUT,OPTIONS,DELETE[\r][\n]"
12:18:34.168 [Forwarding findElement on session 18063075-812d-4a4c-a6cd-30fbf03bc7bd to remote] DEBUG org.apache.http.wire - http-outgoing-9 << "Access-Control-Allow-Headers: origin, content-type, accept[\r][\n]"
12:18:34.168 [Forwarding findElement on session 18063075-812d-4a4c-a6cd-30fbf03bc7bd to remote] DEBUG org.apache.http.wire - http-outgoing-9 << "Vary: X-HTTP-Method-Override[\r][\n]"
12:18:34.168 [Forwarding findElement on session 18063075-812d-4a4c-a6cd-30fbf03bc7bd to remote] DEBUG org.apache.http.wire - http-outgoing-9 << "Content-Type: application/json; charset=utf-8[\r][\n]"
12:18:34.168 [Forwarding findElement on session 18063075-812d-4a4c-a6cd-30fbf03bc7bd to remote] DEBUG org.apache.http.wire - http-outgoing-9 << "Content-Length: 122[\r][\n]"
12:18:34.168 [Forwarding findElement on session 18063075-812d-4a4c-a6cd-30fbf03bc7bd to remote] DEBUG org.apache.http.wire - http-outgoing-9 << "ETag: W/"7a-4aUyhAyf05quykmmZ7a48W7rHQQ"[\r][\n]"
12:18:34.168 [Forwarding findElement on session 18063075-812d-4a4c-a6cd-30fbf03bc7bd to remote] DEBUG org.apache.http.wire - http-outgoing-9 << "Date: Fri, 23 Aug 2019 06:48:34 GMT[\r][\n]"
12:18:34.168 [Forwarding findElement on session 18063075-812d-4a4c-a6cd-30fbf03bc7bd to remote] DEBUG org.apache.http.wire - http-outgoing-9 << "Connection: keep-alive[\r][\n]"
12:18:34.169 [Forwarding findElement on session 18063075-812d-4a4c-a6cd-30fbf03bc7bd to remote] DEBUG org.apache.http.wire - http-outgoing-9 << "[\r][\n]"
12:18:34.169 [Forwarding findElement on session 18063075-812d-4a4c-a6cd-30fbf03bc7bd to remote] DEBUG org.apache.http.wire - http-outgoing-9 << "{"status":0,"value":{"ELEMENT":"2D000000-0000-0000-B019-000000000000"},"sessionId":"18063075-812d-4a4c-a6cd-30fbf03bc7bd"}"
&amp#27;[35m[HTTP]&amp#27;[39m &amp#27;12:18:34.169 [Forwarding findElement on session 18063075-812d-4a4c-a6cd-30fbf03bc7bd to remote] DEBUG org.apache.http.headers - http-outgoing-9 << HTTP/1.1 200 OK
[37m<-- P12:18:34.169 [Forwarding findElement on session 18063075-812d-4a4c-a6cd-30fbf03bc7bd to remote] DEBUG org.apache.http.headers - http-outgoing-9 << X-Powered-By: Express
OST /wd/hub/session/18063075-812d-4a4c-a6cd-30fbf03bc7bd/element &amp#27;[39m&amp#27;[32m200&amp#27;[39m &amp#27;[90m486 ms12:18:34.169 [Forwarding findElement on session 18063075-812d-4a4c-a6cd-30fbf03bc7bd to remote] DEBUG org.apache.http.headers - http-outgoing-9 << Access-Control-Allow-Origin: *
 - 122&amp#27;[39m
12:18:34.170 [Forwarding findElement on session 18063075-812d-4a4c-a6cd-30fbf03bc7bd to remote] DEBUG org.apache.http.headers - http-outgoing-9 << Access-Control-Allow-Methods: GET,POST,PUT,OPTIONS,DELETE
&amp#27;[35m[HTTP]&amp#27;[312:18:34.170 [Forwarding findElement on session 18063075-812d-4a4c-a6cd-30fbf03bc7bd to remote] DEBUG org.apache.http.headers - http-outgoing-9 << Access-Control-Allow-Headers: origin, content-type, accept
9m &amp#27;[90m&amp#27;[39m
12:18:34.170 [Forwarding findElement on session 18063075-812d-4a4c-a6cd-30fbf03bc7bd to remote] DEBUG org.apache.http.headers - http-outgoing-9 << Vary: X-HTTP-Method-Override
12:18:34.170 [Forwarding findElement on session 18063075-812d-4a4c-a6cd-30fbf03bc7bd to remote] DEBUG org.apache.http.headers - http-outgoing-9 << Content-Type: application/json; charset=utf-8
12:18:34.170 [Forwarding findElement on session 18063075-812d-4a4c-a6cd-30fbf03bc7bd to remote] DEBUG org.apache.http.headers - http-outgoing-9 << Content-Length: 122
12:18:34.170 [Forwarding findElement on session 18063075-812d-4a4c-a6cd-30fbf03bc7bd to remote] DEBUG org.apache.http.headers - http-outgoing-9 << ETag: W/"7a-4aUyhAyf05quykmmZ7a48W7rHQQ"
12:18:34.170 [Forwarding findElement on session 18063075-812d-4a4c-a6cd-30fbf03bc7bd to remote] DEBUG org.apache.http.headers - http-outgoing-9 << Date: Fri, 23 Aug 2019 06:48:34 GMT
12:18:34.170 [Forwarding findElement on session 18063075-812d-4a4c-a6cd-30fbf03bc7bd to remote] DEBUG org.apache.http.headers - http-outgoing-9 << Connection: keep-alive
12:18:34.171 [Forwarding findElement on session 18063075-812d-4a4c-a6cd-30fbf03bc7bd to remote] DEBUG o.a.h.impl.execchain.MainClientExec - Connection can be kept alive indefinitely
12:18:34.171 [Forwarding findElement on session 18063075-812d-4a4c-a6cd-30fbf03bc7bd to remote] DEBUG o.a.h.i.c.PoolingHttpClientConnectionManager - Connection [id: 9][route: {}->http://localhost:4723] can be kept alive indefinitely
12:18:34.171 [Forwarding findElement on session 18063075-812d-4a4c-a6cd-30fbf03bc7bd to remote] DEBUG o.a.h.i.c.PoolingHttpClientConnectionManager - Connection released: [id: 9][route: {}->http://localhost:4723][total kept alive: 1; route allocated: 1 of 2000; total allocated: 1 of 2000]
12:18:34.171 [Forwarding clickElement on session 18063075-812d-4a4c-a6cd-30fbf03bc7bd to remote] DEBUG o.a.h.c.protocol.RequestAddCookies - CookieSpec selected: default
12:18:34.171 [Forwarding clickElement on session 18063075-812d-4a4c-a6cd-30fbf03bc7bd to remote] DEBUG o.a.h.c.protocol.RequestAuthCache - Auth cache not set in the context
12:18:34.171 [Forwarding clickElement on session 18063075-812d-4a4c-a6cd-30fbf03bc7bd to remote] DEBUG o.a.h.i.c.PoolingHttpClientConnectionManager - Connection request: [route: {}->http://localhost:4723][total kept alive: 1; route allocated: 1 of 2000; total allocated: 1 of 2000]
12:18:34.171 [Forwarding clickElement on session 18063075-812d-4a4c-a6cd-30fbf03bc7bd to remote] DEBUG o.a.h.i.c.PoolingHttpClientConnectionManager - Connection leased: [id: 9][route: {}->http://localhost:4723][total kept alive: 0; route allocated: 1 of 2000; total allocated: 1 of 2000]
12:18:34.171 [Forwarding clickElement on session 18063075-812d-4a4c-a6cd-30fbf03bc7bd to remote] DEBUG o.a.h.impl.execchain.MainClientExec - Stale connection check
12:18:34.173 [Forwarding clickElement on session 18063075-812d-4a4c-a6cd-30fbf03bc7bd to remote] DEBUG org.apache.http.wire - http-outgoing-9 << "[read] I/O error: Read timed out"
12:18:34.173 [Forwarding clickElement on session 18063075-812d-4a4c-a6cd-30fbf03bc7bd to remote] DEBUG o.a.h.i.c.DefaultManagedHttpClientConnection - http-outgoing-9: set socket timeout to 10800000
12:18:34.173 [Forwarding clickElement on session 18063075-812d-4a4c-a6cd-30fbf03bc7bd to remote] DEBUG o.a.h.impl.execchain.MainClientExec - Executing request POST /wd/hub/session/18063075-812d-4a4c-a6cd-30fbf03bc7bd/element/2D000000-0000-0000-B019-000000000000/click HTTP/1.1
12:18:34.173 [Forwarding clickElement on session 18063075-812d-4a4c-a6cd-30fbf03bc7bd to remote] DEBUG o.a.h.impl.execchain.MainClientExec - Target auth state: UNCHALLENGED
12:18:34.173 [Forwarding clickElement on session 18063075-812d-4a4c-a6cd-30fbf03bc7bd to remote] DEBUG o.a.h.impl.execchain.MainClientExec - Proxy auth state: UNCHALLENGED
12:18:34.173 [Forwarding clickElement on session 18063075-812d-4a4c-a6cd-30fbf03bc7bd to remote] DEBUG org.apache.http.headers - http-outgoing-9 >> POST /wd/hub/session/18063075-812d-4a4c-a6cd-30fbf03bc7bd/element/2D000000-0000-0000-B019-000000000000/click HTTP/1.1
12:18:34.173 [Forwarding clickElement on session 18063075-812d-4a4c-a6cd-30fbf03bc7bd to remote] DEBUG org.apache.http.headers - http-outgoing-9 >> Content-Type: application/json; charset=utf-8
12:18:34.173 [Forwarding clickElement on session 18063075-812d-4a4c-a6cd-30fbf03bc7bd to remote] DEBUG org.apache.http.headers - http-outgoing-9 >> Content-Length: 45
12:18:34.173 [Forwarding clickElement on session 18063075-812d-4a4c-a6cd-30fbf03bc7bd to remote] DEBUG org.apache.http.headers - http-outgoing-9 >> Host: localhost:4723
12:18:34.173 [Forwarding clickElement on session 18063075-812d-4a4c-a6cd-30fbf03bc7bd to remote] DEBUG org.apache.http.headers - http-outgoing-9 >> Connection: Keep-Alive
12:18:34.173 [Forwarding clickElement on session 18063075-812d-4a4c-a6cd-30fbf03bc7bd to remote] DEBUG org.apache.http.headers - http-outgoing-9 >> User-Agent: Apache-HttpClient/4.5.2 (Java/1.8.0_171)
12:18:34.173 [Forwarding clickElement on session 18063075-812d-4a4c-a6cd-30fbf03bc7bd to remote] DEBUG org.apache.http.headers - http-outgoing-9 >> Accept-Encoding: gzip,deflate
12:18:34.173 [Forwarding clickElement on session 18063075-812d-4a4c-a6cd-30fbf03bc7bd to remote] DEBUG org.apache.http.wire - http-outgoing-9 >> "POST /wd/hub/session/18063075-812d-4a4c-a6cd-30fbf03bc7bd/element/2D000000-0000-0000-B019-000000000000/click HTTP/1.1[\r][\n]"
12:18:34.173 [Forwarding clickElement on session 18063075-812d-4a4c-a6cd-30fbf03bc7bd to remote] DEBUG org.apache.http.wire - http-outgoing-9 >> "Content-Type: application/json; charset=utf-8[\r][\n]"
12:18:34.173 [Forwarding clickElement on session 18063075-812d-4a4c-a6cd-30fbf03bc7bd to remote] DEBUG org.apache.http.wire - http-outgoing-9 >> "Content-Length: 45[\r][\n]"
12:18:34.173 [Forwarding clickElement on session 18063075-812d-4a4c-a6cd-30fbf03bc7bd to remote] DEBUG org.apache.http.wire - http-outgoing-9 >> "Host: localhost:4723[\r][\n]"
12:18:34.173 [Forwarding clickElement on session 18063075-812d-4a4c-a6cd-30fbf03bc7bd to remote] DEBUG org.apache.http.wire - http-outgoing-9 >> "Connection: Keep-Alive[\r][\n]"
12:18:34.173 [Forwarding clickElement on session 18063075-812d-4a4c-a6cd-30fbf03bc7bd to remote] DEBUG org.apache.http.wire - http-outgoing-9 >> "User-Agent: Apache-HttpClient/4.5.2 (Java/1.8.0_171)[\r][\n]"
12:18:34.173 [Forwarding clickElement on session 18063075-812d-4a4c-a6cd-30fbf03bc7bd to remote] DEBUG org.apache.http.wire - http-outgoing-9 >> "Accept-Encoding: gzip,deflate[\r][\n]"
12:18:34.173 [Forwarding clickElement on session 18063075-812d-4a4c-a6cd-30fbf03bc7bd to remote] DEBUG org.apache.http.wire - http-outgoing-9 >> "[\r][\n]"
12:18:34.173 [Forwarding clickElement on session 18063075-812d-4a4c-a6cd-30fbf03bc7bd to remote] DEBUG org.apache.http.wire - http-outgoing-9 >> "{"id":"2D000000-0000-0000-B019-000000000000"}"
&amp#27;[35m[HTTP]&amp#27;[39m &amp#27;[37m-->&amp#27;[39m &amp#27;[37mPOST&amp#27;[39m &amp#27;[37m/wd/hub/session/18063075-812d-4a4c-a6cd-30fbf03bc7bd/element/2D000000-0000-0000-B019-000000000000/click&amp#27;[39m
&amp#27;[35m[HTTP]&amp#27;[39m &amp#27;[90m{"id":"2D000000-0000-0000-B019-000000000000"}&amp#27;[39m
&amp#27;[35m[MJSONWP]&amp#27;[39m Driver proxy active, passing request on via HTTP proxy
&amp#27;[35m[JSONWP Proxy]&amp#27;[39m Replacing sessionId E840BF70-6563-4B2D12:18:35.084 [Forwarding clickElement on session 18063075-812d-4a4c-a6cd-30fbf03bc7bd to remote] DEBUG org.apache.http.wire - http-outgoing-9 << "HTTP/1.1 200 OK[\r][\n]"
-BA8C-84CB2A9EB8B3 with 18063075-812d-4a4c-a6cd-30fbf03bc7bd
12:18:35.084 [Forwarding clickElement on session 18063075-812d-4a4c-a6cd-30fbf03bc7bd to remote] DEBUG org.apache.http.wire - http-outgoing-9 << "X-Powered-By: Express[\r][\n]"
&amp#27;[35m[HTTP]&amp#27;[39m &amp#27;12:18:35.084 [Forwarding clickElement on session 18063075-812d-4a4c-a6cd-30fbf03bc7bd to remote] DEBUG org.apache.http.wire - http-outgoing-9 << "Access-Control-Allow-Origin: *[\r][\n]"
[37m<-- POST /wd/hub/session/18063075-812d-4a4c-a12:18:35.085 [Forwarding clickElement on session 18063075-812d-4a4c-a6cd-30fbf03bc7bd to remote] DEBUG org.apache.http.wire - http-outgoing-9 << "Access-Control-Allow-Methods: GET,POST,PUT,OPTIONS,DELETE[\r][\n]"
6cd-30fbf03bc712:18:35.085 [Forwarding clickElement on session 18063075-812d-4a4c-a6cd-30fbf03bc7bd to remote] DEBUG org.apache.http.wire - http-outgoing-9 << "Access-Control-Allow-Headers: origin, content-type, accept[\r][\n]"
bd12:18:35.085 [Forwarding clickElement on session 18063075-812d-4a4c-a6cd-30fbf03bc7bd to remote] DEBUG org.apache.http.wire - http-outgoing-9 << "Vary: X-HTTP-Method-Override[\r][\n]"
12:18:35.085 [Forwarding clickElement on session 18063075-812d-4a4c-a6cd-30fbf03bc7bd to remote] DEBUG org.apache.http.wire - http-outgoing-9 << "Content-Type: application/json; charset=utf-8[\r][\n]"
12:18:35.085 [Forwarding clickElement on session 18063075-812d-4a4c-a6cd-30fbf03bc7bd to remote] DEBUG org.apache.http.wire - http-outgoing-9 << "Content-Length: 118[\r][\n]"
/element/12:18:35.085 [Forwarding clickElement on session 18063075-812d-4a4c-a6cd-30fbf03bc7bd to remote] DEBUG org.apache.http.wire - http-outgoing-9 << "ETag: W/"76-JPlBHRfwDE0xQQw9lo/S4zgaGPA"[\r][\n]"
2D00000012:18:35.086 [Forwarding clickElement on session 18063075-812d-4a4c-a6cd-30fbf03bc7bd to remote] DEBUG org.apache.http.wire - http-outgoing-9 << "Date: Fri, 23 Aug 2019 06:48:35 GMT[\r][\n]"
-0000-0000-B019-00000000012:18:35.086 [Forwarding clickElement on session 18063075-812d-4a4c-a6cd-30fbf03bc7bd to remote] DEBUG org.apache.http.wire - http-outgoing-9 << "Connection: keep-alive[\r][\n]"
000/click &amp#27;[39m&amp#27;[32m200&amp#27;[39m &amp#27;[90m910 ms - 12:18:35.086 [Forwarding clickElement on session 18063075-812d-4a4c-a6cd-30fbf03bc7bd to remote] DEBUG org.apache.http.wire - http-outgoing-9 << "[\r][\n]"
118&amp#27;[39m
&amp#27;[312:18:35.086 [Forwarding clickElement on session 18063075-812d-4a4c-a6cd-30fbf03bc7bd to remote] DEBUG org.apache.http.wire - http-outgoing-9 << "{"status":0,"id":"2D000000-0000-0000-B019-000000000000","value":"","sessionId":"18063075-812d-4a4c-a6cd-30fbf03bc7bd"}"
5m[HTTP]&amp#27;[39m &amp#27;[12:18:35.086 [Forwarding clickElement on session 18063075-812d-4a4c-a6cd-30fbf03bc7bd to remote] DEBUG org.apache.http.headers - http-outgoing-9 << HTTP/1.1 200 OK
90m&amp#27;[39m
12:18:35.086 [Forwarding clickElement on session 18063075-812d-4a4c-a6cd-30fbf03bc7bd to remote] DEBUG org.apache.http.headers - http-outgoing-9 << X-Powered-By: Express
12:18:35.087 [Forwarding clickElement on session 18063075-812d-4a4c-a6cd-30fbf03bc7bd to remote] DEBUG org.apache.http.headers - http-outgoing-9 << Access-Control-Allow-Origin: *
12:18:35.087 [Forwarding clickElement on session 18063075-812d-4a4c-a6cd-30fbf03bc7bd to remote] DEBUG org.apache.http.headers - http-outgoing-9 << Access-Control-Allow-Methods: GET,POST,PUT,OPTIONS,DELETE
12:18:35.087 [Forwarding clickElement on session 18063075-812d-4a4c-a6cd-30fbf03bc7bd to remote] DEBUG org.apache.http.headers - http-outgoing-9 << Access-Control-Allow-Headers: origin, content-type, accept
12:18:35.087 [Forwarding clickElement on session 18063075-812d-4a4c-a6cd-30fbf03bc7bd to remote] DEBUG org.apache.http.headers - http-outgoing-9 << Vary: X-HTTP-Method-Override
12:18:35.087 [Forwarding clickElement on session 18063075-812d-4a4c-a6cd-30fbf03bc7bd to remote] DEBUG org.apache.http.headers - http-outgoing-9 << Content-Type: application/json; charset=utf-8
12:18:35.087 [Forwarding clickElement on session 18063075-812d-4a4c-a6cd-30fbf03bc7bd to remote] DEBUG org.apache.http.headers - http-outgoing-9 << Content-Length: 118
12:18:35.087 [Forwarding clickElement on session 18063075-812d-4a4c-a6cd-30fbf03bc7bd to remote] DEBUG org.apache.http.headers - http-outgoing-9 << ETag: W/"76-JPlBHRfwDE0xQQw9lo/S4zgaGPA"
12:18:35.087 [Forwarding clickElement on session 18063075-812d-4a4c-a6cd-30fbf03bc7bd to remote] DEBUG org.apache.http.headers - http-outgoing-9 << Date: Fri, 23 Aug 2019 06:48:35 GMT
12:18:35.087 [Forwarding clickElement on session 18063075-812d-4a4c-a6cd-30fbf03bc7bd to remote] DEBUG org.apache.http.headers - http-outgoing-9 << Connection: keep-alive
12:18:35.087 [Forwarding clickElement on session 18063075-812d-4a4c-a6cd-30fbf03bc7bd to remote] DEBUG o.a.h.impl.execchain.MainClientExec - Connection can be kept alive indefinitely
12:18:35.087 [Forwarding clickElement on session 18063075-812d-4a4c-a6cd-30fbf03bc7bd to remote] DEBUG o.a.h.i.c.PoolingHttpClientConnectionManager - Connection [id: 9][route: {}->http://localhost:4723] can be kept alive indefinitely
12:18:35.087 [Forwarding clickElement on session 18063075-812d-4a4c-a6cd-30fbf03bc7bd to remote] DEBUG o.a.h.i.c.PoolingHttpClientConnectionManager - Connection released: [id: 9][route: {}->http://localhost:4723][total kept alive: 1; route allocated: 1 of 2000; total allocated: 1 of 2000]
12:18:35.087 [Forwarding findElement on session 18063075-812d-4a4c-a6cd-30fbf03bc7bd to remote] DEBUG o.a.h.c.protocol.RequestAddCookies - CookieSpec selected: default
12:18:35.088 [Forwarding findElement on session 18063075-812d-4a4c-a6cd-30fbf03bc7bd to remote] DEBUG o.a.h.c.protocol.RequestAuthCache - Auth cache not set in the context
12:18:35.088 [Forwarding findElement on session 18063075-812d-4a4c-a6cd-30fbf03bc7bd to remote] DEBUG o.a.h.i.c.PoolingHttpClientConnectionManager - Connection request: [route: {}->http://localhost:4723][total kept alive: 1; route allocated: 1 of 2000; total allocated: 1 of 2000]
12:18:35.088 [Forwarding findElement on session 18063075-812d-4a4c-a6cd-30fbf03bc7bd to remote] DEBUG o.a.h.i.c.PoolingHttpClientConnectionManager - Connection leased: [id: 9][route: {}->http://localhost:4723][total kept alive: 0; route allocated: 1 of 2000; total allocated: 1 of 2000]
12:18:35.088 [Forwarding findElement on session 18063075-812d-4a4c-a6cd-30fbf03bc7bd to remote] DEBUG o.a.h.impl.execchain.MainClientExec - Stale connection check
12:18:35.089 [Forwarding findElement on session 18063075-812d-4a4c-a6cd-30fbf03bc7bd to remote] DEBUG org.apache.http.wire - http-outgoing-9 << "[read] I/O error: Read timed out"
12:18:35.089 [Forwarding findElement on session 18063075-812d-4a4c-a6cd-30fbf03bc7bd to remote] DEBUG o.a.h.i.c.DefaultManagedHttpClientConnection - http-outgoing-9: set socket timeout to 10800000
12:18:35.089 [Forwarding findElement on session 18063075-812d-4a4c-a6cd-30fbf03bc7bd to remote] DEBUG o.a.h.impl.execchain.MainClientExec - Executing request POST /wd/hub/session/18063075-812d-4a4c-a6cd-30fbf03bc7bd/element HTTP/1.1
12:18:35.089 [Forwarding findElement on session 18063075-812d-4a4c-a6cd-30fbf03bc7bd to remote] DEBUG o.a.h.impl.execchain.MainClientExec - Target auth state: UNCHALLENGED
12:18:35.089 [Forwarding findElement on session 18063075-812d-4a4c-a6cd-30fbf03bc7bd to remote] DEBUG o.a.h.impl.execchain.MainClientExec - Proxy auth state: UNCHALLENGED
12:18:35.089 [Forwarding findElement on session 18063075-812d-4a4c-a6cd-30fbf03bc7bd to remote] DEBUG org.apache.http.headers - http-outgoing-9 >> POST /wd/hub/session/18063075-812d-4a4c-a6cd-30fbf03bc7bd/element HTTP/1.1
12:18:35.089 [Forwarding findElement on session 18063075-812d-4a4c-a6cd-30fbf03bc7bd to remote] DEBUG org.apache.http.headers - http-outgoing-9 >> Content-Type: application/json; charset=utf-8
12:18:35.089 [Forwarding findElement on session 18063075-812d-4a4c-a6cd-30fbf03bc7bd to remote] DEBUG org.apache.http.headers - http-outgoing-9 >> Content-Length: 299
12:18:35.089 [Forwarding findElement on session 18063075-812d-4a4c-a6cd-30fbf03bc7bd to remote] DEBUG org.apache.http.headers - http-outgoing-9 >> Host: localhost:4723
12:18:35.089 [Forwarding findElement on session 18063075-812d-4a4c-a6cd-30fbf03bc7bd to remote] DEBUG org.apache.http.headers - http-outgoing-9 >> Connection: Keep-Alive
12:18:35.089 [Forwarding findElement on session 18063075-812d-4a4c-a6cd-30fbf03bc7bd to remote] DEBUG org.apache.http.headers - http-outgoing-9 >> User-Agent: Apache-HttpClient/4.5.2 (Java/1.8.0_171)
12:18:35.089 [Forwarding findElement on session 18063075-812d-4a4c-a6cd-30fbf03bc7bd to remote] DEBUG org.apache.http.headers - http-outgoing-9 >> Accept-Encoding: gzip,deflate
12:18:35.089 [Forwarding findElement on session 18063075-812d-4a4c-a6cd-30fbf03bc7bd to remote] DEBUG org.apache.http.wire - http-outgoing-9 >> "POST /wd/hub/session/18063075-812d-4a4c-a6cd-30fbf03bc7bd/element HTTP/1.1[\r][\n]"
12:18:35.089 [Forwarding findElement on session 18063075-812d-4a4c-a6cd-30fbf03bc7bd to remote] DEBUG org.apache.http.wire - http-outgoing-9 >> "Content-Type: application/json; charset=utf-8[\r][\n]"
12:18:35.089 [Forwarding findElement on session 18063075-812d-4a4c-a6cd-30fbf03bc7bd to remote] DEBUG org.apache.http.wire - http-outgoing-9 >> "Content-Length: 299[\r][\n]"
12:18:35.089 [Forwarding findElement on session 18063075-812d-4a4c-a6cd-30fbf03bc7bd to remote] DEBUG org.apache.http.wire - http-outgoing-9 >> "Host: localhost:4723[\r][\n]"
12:18:35.089 [Forwarding findElement on session 18063075-812d-4a4c-a6cd-30fbf03bc7bd to remote] DEBUG org.apache.http.wire - http-outgoing-9 >> "Connection: Keep-Alive[\r][\n]"
12:18:35.089 [Forwarding findElement on session 18063075-812d-4a4c-a6cd-30fbf03bc7bd to remote] DEBUG org.apache.http.wire - http-outgoing-9 >> "User-Agent: Apache-HttpClient/4.5.2 (Java/1.8.0_171)[\r][\n]"
12:18:35.089 [Forwarding findElement on session 18063075-812d-4a4c-a6cd-30fbf03bc7bd to remote] DEBUG org.apache.http.wire - http-outgoing-9 >> "Accept-Encoding: gzip,deflate[\r][\n]"
12:18:35.089 [Forwarding findElement on session 18063075-812d-4a4c-a6cd-30fbf03bc7bd to remote] DEBUG org.apache.http.wire - http-outgoing-9 >> "[\r][\n]"
12:18:35.089 [Forwarding findElement on session 18063075-812d-4a4c-a6cd-30fbf03bc7bd to remote] DEBUG org.apache.http.wire - http-outgoing-9 >> "{"using":"xpath","value":"//XCUIElementTypeApplication/XCUIElementTypeWindow/XCUIElementTypeOther/XCUIElementTypeOther/XCUIElementTypeOther/XCUIElementTypeOther/XCUIElementTypeOther/XCUIElementTypeOther/XCUIElementTypeOther/XCUIElementTypeTable/XCUIElementTypeCell[10]/XCUIElementTypeStaticText[2]"}"
&amp#27;[35m[HTTP]&amp#27;[39m &amp#27;[37m-->&amp#27;[39m &amp#27;[37mPOST&amp#27;[39m &amp#27;[37m/wd/hub/session/18063075-812d-4a4c-a6cd-30fbf03bc7bd/element&amp#27;[39m
&amp#27;[35m[HTTP]&amp#27;[39m &amp#27;[90m{"using":"xpath","value":"//XCUIElementTypeApplication/XCUIElementTypeWindow/XCUIElementTypeOther/XCUIElementTypeOther/XCUIElementTypeOther/XCUIElementTypeOther/XCUIElementTypeOther/XCUIElementTypeOther/XCUIElementTypeOther/XCUIElementTypeTable/XCUIElementTypeCell[10]/XCUIElementTypeStaticText[2]"}&amp#27;[39m
12:18:39.297 [Forwarding findElement on session 18063075-812d-4a4c-a6cd-30fbf03bc7bd to remote] DEBUG org.apache.http.wire - http-outgoing-9 << "HTTP/1.1 200 OK[\r][\n]"
12:18:39.297 [Forwarding findElement on session 18063075-812d-4a4c-a6cd-30fbf03bc7bd to remote] DEBUG org.apache.http.wire - http-outgoing-9 << "X-Powered-By: Express[\r][\n]"
12:18:39.297 [Forwarding findElement on session 18063075-812d-4a4c-a6cd-30fbf03bc7bd to remote] DEBUG org.apache.http.wire - http-outgoing-9 << "Access-Control-Allow-Origin: *[\r][\n]"
12:18:39.297 [Forwarding findElement on session 18063075-812d-4a4c-a6cd-30fbf03bc7bd to remote] DEBUG org.apache.http.wire - http-outgoing-9 << "Access-Control-Allow-Methods: GET,POST,PUT,OPTIONS,DELETE[\r][\n]"
12:18:39.297 [Forwarding findElement on session 18063075-812d-4a4c-a6cd-30fbf03bc7bd to remote] DEBUG org.apache.http.wire - http-outgoing-9 << "Access-Control-Allow-Headers: origin, content-type, accept[\r][\n]"
12:18:39.297 [Forwarding findElement on session 18063075-812d-4a4c-a6cd-30fbf03bc7bd to remote] DEBUG org.apache.http.wire - http-outgoing-9 << "Vary: X-HTTP-Method-Override[\r][\n]"
12:18:39.297 [Forwarding findElement on session 18063075-812d-4a4c-a6cd-30fbf03bc7bd to remote] DEBUG org.apache.http.wire - http-outgoing-9 << "Content-Type: application/json; charset=utf-8[\r][\n]"
12:18:39.297 [Forwarding findElement on session 18063075-812d-4a4c-a6cd-30fbf03bc7bd to remote] DEBUG org.apache.http.wire - http-outgoing-9 << "Content-Length: 122[\r][\n]"
12:18:39.297 [Forwarding findElement on session 18063075-812d-4a4c-a6cd-30fbf03bc7bd to remote] DEBUG org.apache.http.wire - http-outgoing-9 << "ETag: W/"7a-hA6XN3KpwjGhs8t1c9K94VX2+Nw"[\r][\n]"
12:18:39.297 [Forwarding findElement on session 18063075-812d-4a4c-a6cd-30fbf03bc7bd to remote] DEBUG org.apache.http.wire - http-outgoing-9 << "Date: Fri, 23 Aug 2019 06:48:39 GMT[\r][\n]"
12:18:39.297 [Forwarding findElement on session 18063075-812d-4a4c-a6cd-30fbf03bc7bd to remote] DEBUG org.apache.http.wire - http-outgoing-9 << "Connection: keep-alive[\r][\n]"
12:18:39.297 [Forwarding findElement on session 18063075-812d-4a4c-a6cd-30fbf03bc7bd to remote] DEBUG org.apache.http.wire - http-outgoing-9 << "[\r][\n]"
12:18:39.297 [Forwarding findElement on session 18063075-812d-4a4c-a6cd-30fbf03bc7bd to remote] DEBUG org.apache.http.wire - http-outgoing-9 << "{"status":0,"value":{"ELEMENT":"3D010000-0000-0000-B019-000000000000"},"sessionId":"18063075-812d-4a4c-a6cd-30fbf03bc7bd"}"
&amp#27;[35m[HTTP]&amp#27;[39m12:18:39.297 [Forwarding findElement on session 18063075-812d-4a4c-a6cd-30fbf03bc7bd to remote] DEBUG org.apache.http.headers - http-outgoing-9 << HTTP/1.1 200 OK
 &amp#27;[37m<-- POST /wd/hub12:18:39.297 [Forwarding findElement on session 18063075-812d-4a4c-a6cd-30fbf03bc7bd to remote] DEBUG org.apache.http.headers - http-outgoing-9 << X-Powered-By: Express
12:18:39.297 [Forwarding findElement on session 18063075-812d-4a4c-a6cd-30fbf03bc7bd to remote] DEBUG org.apache.http.headers - http-outgoing-9 << Access-Control-Allow-Origin: *
12:18:39.297 [Forwarding findElement on session 18063075-812d-4a4c-a6cd-30fbf03bc7bd to remote] DEBUG org.apache.http.headers - http-outgoing-9 << Access-Control-Allow-Methods: GET,POST,PUT,OPTIONS,DELETE
12:18:39.297 [Forwarding findElement on session 18063075-812d-4a4c-a6cd-30fbf03bc7bd to remote] DEBUG org.apache.http.headers - http-outgoing-9 << Access-Control-Allow-Headers: origin, content-type, accept
12:18:39.297 [Forwarding findElement on session 18063075-812d-4a4c-a6cd-30fbf03bc7bd to remote] DEBUG org.apache.http.headers - http-outgoing-9 << Vary: X-HTTP-Method-Override
12:18:39.297 [Forwarding findElement on session 18063075-812d-4a4c-a6cd-30fbf03bc7bd to remote] DEBUG org.apache.http.headers - http-outgoing-9 << Content-Type: application/json; charset=utf-8
12:18:39.297 [Forwarding findElement on session 18063075-812d-4a4c-a6cd-30fbf03bc7bd to remote] DEBUG org.apache.http.headers - http-outgoing-9 << Content-Length: 122
12:18:39.297 [Forwarding findElement on session 18063075-812d-4a4c-a6cd-30fbf03bc7bd to remote] DEBUG org.apache.http.headers - http-outgoing-9 << ETag: W/"7a-hA6XN3KpwjGhs8t1c9K94VX2+Nw"
12:18:39.297 [Forwarding findElement on session 18063075-812d-4a4c-a6cd-30fbf03bc7bd to remote] DEBUG org.apache.http.headers - http-outgoing-9 << Date: Fri, 23 Aug 2019 06:48:39 GMT
12:18:39.297 [Forwarding findElement on session 18063075-812d-4a4c-a6cd-30fbf03bc7bd to remote] DEBUG org.apache.http.headers - http-outgoing-9 << Connection: keep-alive
/session/180630712:18:39.297 [Forwarding findElement on session 18063075-812d-4a4c-a6cd-30fbf03bc7bd to remote] DEBUG o.a.h.impl.execchain.MainClientExec - Connection can be kept alive indefinitely
5-812d-4a4c-a6cd-30fbf03bc7bd/element &amp#27;[39m&amp#27;[32m200&amp#27;[39m &amp#27;[90m4207 ms - 122&amp#27;[39m
&amp#27;[35m[HTTP]&amp#27;[39m &amp#27;[90m&amp#27;[12:18:39.297 [Forwarding findElement on session 18063075-812d-4a4c-a6cd-30fbf03bc7bd to remote] DEBUG o.a.h.i.c.PoolingHttpClientConnectionManager - Connection [id: 9][route: {}->http://localhost:4723] can be kept alive indefinitely
39m
12:18:39.298 [Forwarding findElement on session 18063075-812d-4a4c-a6cd-30fbf03bc7bd to remote] DEBUG o.a.h.i.c.PoolingHttpClientConnectionManager - Connection released: [id: 9][route: {}->http://localhost:4723][total kept alive: 1; route allocated: 1 of 2000; total allocated: 1 of 2000]
12:18:39.299 [Forwarding findElement on session 18063075-812d-4a4c-a6cd-30fbf03bc7bd to remote] DEBUG o.a.h.c.protocol.RequestAddCookies - CookieSpec selected: default
12:18:39.299 [Forwarding findElement on session 18063075-812d-4a4c-a6cd-30fbf03bc7bd to remote] DEBUG o.a.h.c.protocol.RequestAuthCache - Auth cache not set in the context
12:18:39.299 [Forwarding findElement on session 18063075-812d-4a4c-a6cd-30fbf03bc7bd to remote] DEBUG o.a.h.i.c.PoolingHttpClientConnectionManager - Connection request: [route: {}->http://localhost:4723][total kept alive: 1; route allocated: 1 of 2000; total allocated: 1 of 2000]
12:18:39.299 [Forwarding findElement on session 18063075-812d-4a4c-a6cd-30fbf03bc7bd to remote] DEBUG o.a.h.i.c.PoolingHttpClientConnectionManager - Connection leased: [id: 9][route: {}->http://localhost:4723][total kept alive: 0; route allocated: 1 of 2000; total allocated: 1 of 2000]
12:18:39.299 [Forwarding findElement on session 18063075-812d-4a4c-a6cd-30fbf03bc7bd to remote] DEBUG o.a.h.impl.execchain.MainClientExec - Stale connection check
12:18:39.300 [Forwarding findElement on session 18063075-812d-4a4c-a6cd-30fbf03bc7bd to remote] DEBUG org.apache.http.wire - http-outgoing-9 << "[read] I/O error: Read timed out"
12:18:39.300 [Forwarding findElement on session 18063075-812d-4a4c-a6cd-30fbf03bc7bd to remote] DEBUG o.a.h.i.c.DefaultManagedHttpClientConnection - http-outgoing-9: set socket timeout to 10800000
12:18:39.300 [Forwarding findElement on session 18063075-812d-4a4c-a6cd-30fbf03bc7bd to remote] DEBUG o.a.h.impl.execchain.MainClientExec - Executing request POST /wd/hub/session/18063075-812d-4a4c-a6cd-30fbf03bc7bd/element HTTP/1.1
12:18:39.300 [Forwarding findElement on session 18063075-812d-4a4c-a6cd-30fbf03bc7bd to remote] DEBUG o.a.h.impl.execchain.MainClientExec - Target auth state: UNCHALLENGED
12:18:39.300 [Forwarding findElement on session 18063075-812d-4a4c-a6cd-30fbf03bc7bd to remote] DEBUG o.a.h.impl.execchain.MainClientExec - Proxy auth state: UNCHALLENGED
12:18:39.300 [Forwarding findElement on session 18063075-812d-4a4c-a6cd-30fbf03bc7bd to remote] DEBUG org.apache.http.headers - http-outgoing-9 >> POST /wd/hub/session/18063075-812d-4a4c-a6cd-30fbf03bc7bd/element HTTP/1.1
12:18:39.300 [Forwarding findElement on session 18063075-812d-4a4c-a6cd-30fbf03bc7bd to remote] DEBUG org.apache.http.headers - http-outgoing-9 >> Content-Type: application/json; charset=utf-8
12:18:39.300 [Forwarding findElement on session 18063075-812d-4a4c-a6cd-30fbf03bc7bd to remote] DEBUG org.apache.http.headers - http-outgoing-9 >> Content-Length: 299
12:18:39.300 [Forwarding findElement on session 18063075-812d-4a4c-a6cd-30fbf03bc7bd to remote] DEBUG org.apache.http.headers - http-outgoing-9 >> Host: localhost:4723
12:18:39.300 [Forwarding findElement on session 18063075-812d-4a4c-a6cd-30fbf03bc7bd to remote] DEBUG org.apache.http.headers - http-outgoing-9 >> Connection: Keep-Alive
12:18:39.300 [Forwarding findElement on session 18063075-812d-4a4c-a6cd-30fbf03bc7bd to remote] DEBUG org.apache.http.headers - http-outgoing-9 >> User-Agent: Apache-HttpClient/4.5.2 (Java/1.8.0_171)
12:18:39.300 [Forwarding findElement on session 18063075-812d-4a4c-a6cd-30fbf03bc7bd to remote] DEBUG org.apache.http.headers - http-outgoing-9 >> Accept-Encoding: gzip,deflate
12:18:39.300 [Forwarding findElement on session 18063075-812d-4a4c-a6cd-30fbf03bc7bd to remote] DEBUG org.apache.http.wire - http-outgoing-9 >> "POST /wd/hub/session/18063075-812d-4a4c-a6cd-30fbf03bc7bd/element HTTP/1.1[\r][\n]"
12:18:39.300 [Forwarding findElement on session 18063075-812d-4a4c-a6cd-30fbf03bc7bd to remote] DEBUG org.apache.http.wire - http-outgoing-9 >> "Content-Type: application/json; charset=utf-8[\r][\n]"
12:18:39.300 [Forwarding findElement on session 18063075-812d-4a4c-a6cd-30fbf03bc7bd to remote] DEBUG org.apache.http.wire - http-outgoing-9 >> "Content-Length: 299[\r][\n]"
12:18:39.300 [Forwarding findElement on session 18063075-812d-4a4c-a6cd-30fbf03bc7bd to remote] DEBUG org.apache.http.wire - http-outgoing-9 >> "Host: localhost:4723[\r][\n]"
12:18:39.300 [Forwarding findElement on session 18063075-812d-4a4c-a6cd-30fbf03bc7bd to remote] DEBUG org.apache.http.wire - http-outgoing-9 >> "Connection: Keep-Alive[\r][\n]"
12:18:39.300 [Forwarding findElement on session 18063075-812d-4a4c-a6cd-30fbf03bc7bd to remote] DEBUG org.apache.http.wire - http-outgoing-9 >> "User-Agent: Apache-HttpClient/4.5.2 (Java/1.8.0_171)[\r][\n]"
12:18:39.300 [Forwarding findElement on session 18063075-812d-4a4c-a6cd-30fbf03bc7bd to remote] DEBUG org.apache.http.wire - http-outgoing-9 >> "Accept-Encoding: gzip,deflate[\r][\n]"
12:18:39.300 [Forwarding findElement on session 18063075-812d-4a4c-a6cd-30fbf03bc7bd to remote] DEBUG org.apache.http.wire - http-outgoing-9 >> "[\r][\n]"
12:18:39.300 [Forwarding findElement on session 18063075-812d-4a4c-a6cd-30fbf03bc7bd to remote] DEBUG org.apache.http.wire - http-outgoing-9 >> "{"using":"xpath","value":"//XCUIElementTypeApplication/XCUIElementTypeWindow/XCUIElementTypeOther/XCUIElementTypeOther/XCUIElementTypeOther/XCUIElementTypeOther/XCUIElementTypeOther/XCUIElementTypeOther/XCUIElementTypeOther/XCUIElementTypeTable/XCUIElementTypeCell[10]/XCUIElementTypeStaticText[2]"}"
&amp#27;[35m[HTTP]&amp#27;[39m &amp#27;[37m-->&amp#27;[39m &amp#27;[37mPOST&amp#27;[39m &amp#27;[37m/wd/hub/session/18063075-812d-4a4c-a6cd-30fbf03bc7bd/element&amp#27;[39m
&amp#27;[35m[HTTP]&amp#27;[39m &amp#27;[90m{"using":"xpath","value":"//XCUIElementTypeApplication/XCUIElementTypeWindow/XCUIElementTypeOther/XCUIElementTypeOther/XCUIElementTypeOther/XCUIElementTypeOther/XCUIElementTypeOther/XCUIElementTypeOther/XCUIElementTypeOther/XCUIElementTypeTable/XCUIElementTypeCell[10]/XCUIElementTypeStaticText[2]"}&amp#27;[39m
12:18:43.312 [Forwarding findElement on session 18063075-812d-4a4c-a6cd-30fbf03bc7bd to remote] DEBUG org.apache.http.wire - http-outgoing-9 << "HTTP/1.1 200 OK[\r][\n]"
12:18:43.312 [Forwarding findElement on session 18063075-812d-4a4c-a6cd-30fbf03bc7bd to remote] DEBUG org.apache.http.wire - http-outgoing-9 << "X-Powered-By: Express[\r][\n]"
12:18:43.312 [Forwarding findElement on session 18063075-812d-4a4c-a6cd-30fbf03bc7bd to remote] DEBUG org.apache.http.wire - http-outgoing-9 << "Access-Control-Allow-Origin: *[\r][\n]"
12:18:43.312 [Forwarding findElement on session 18063075-812d-4a4c-a6cd-30fbf03bc7bd to remote] DEBUG org.apache.http.wire - http-outgoing-9 << "Access-Control-Allow-Methods: GET,POST,PUT,OPTIONS,DELETE[\r][\n]"
12:18:43.312 [Forwarding findElement on session 18063075-812d-4a4c-a6cd-30fbf03bc7bd to remote] DEBUG org.apache.http.wire - http-outgoing-9 << "Access-Control-Allow-Headers: origin, content-type, accept[\r][\n]"
12:18:43.312 [Forwarding findElement on session 18063075-812d-4a4c-a6cd-30fbf03bc7bd to remote] DEBUG org.apache.http.wire - http-outgoing-9 << "Vary: X-HTTP-Method-Override[\r][\n]"
12:18:43.312 [Forwarding findElement on session 18063075-812d-4a4c-a6cd-30fbf03bc7bd to remote] DEBUG org.apache.http.wire - http-outgoing-9 << "Content-Type: application/json; charset=utf-8[\r][\n]"
12:18:43.312 [Forwarding findElement on session 18063075-812d-4a4c-a6cd-30fbf03bc7bd to remote] DEBUG org.apache.http.wire - http-outgoing-9 << "Content-Length: 122[\r][\n]"
12:18:43.312 [Forwarding findElement on session 18063075-812d-4a4c-a6cd-30fbf03bc7bd to remote] DEBUG org.apache.http.wire - http-outgoing-9 << "ETag: W/"7a-hA6XN3KpwjGhs8t1c9K94VX2+Nw"[\r][\n]"
12:18:43.312 [Forwarding findElement on session 18063075-812d-4a4c-a6cd-30fbf03bc7bd to remote] DEBUG org.apache.http.wire - http-outgoing-9 << "Date: Fri, 23 Aug 2019 06:48:43 GMT[\r][\n]"
12:18:43.312 [Forwarding findElement on session 18063075-812d-4a4c-a6cd-30fbf03bc7bd to remote] DEBUG org.apache.http.wire - http-outgoing-9 << "Connection: keep-alive[\r][\n]"
12:18:43.312 [Forwarding findElement on session 18063075-812d-4a4c-a6cd-30fbf03bc7bd to remote] DEBUG org.apache.http.wire - http-outgoing-9 << "[\r][\n]"
12:18:43.312 [Forwarding findElement on session 18063075-812d-4a4c-a6cd-30fbf03bc7bd to remote] DEBUG org.apache.http.wire - http-outgoing-9 << "{"status":0,"value":{"ELEMENT":"3D010000-0000-0000-B019-000000000000"},"sessionId":"18063075-812d-4a4c-a6cd-30fbf03bc7bd"}"
&amp#27;[35m[HTT12:18:43.312 [Forwarding findElement on session 18063075-812d-4a4c-a6cd-30fbf03bc7bd to remote] DEBUG org.apache.http.headers - http-outgoing-9 << HTTP/1.1 200 OK
P]&amp#27;[3912:18:43.312 [Forwarding findElement on session 18063075-812d-4a4c-a6cd-30fbf03bc7bd to remote] DEBUG org.apache.http.headers - http-outgoing-9 << X-Powered-By: Express
m &amp#27;[3712:18:43.312 [Forwarding findElement on session 18063075-812d-4a4c-a6cd-30fbf03bc7bd to remote] DEBUG org.apache.http.headers - http-outgoing-9 << Access-Control-Allow-Origin: *
m<-- POST12:18:43.312 [Forwarding findElement on session 18063075-812d-4a4c-a6cd-30fbf03bc7bd to remote] DEBUG org.apache.http.headers - http-outgoing-9 << Access-Control-Allow-Methods: GET,POST,PUT,OPTIONS,DELETE
12:18:43.312 [Forwarding findElement on session 18063075-812d-4a4c-a6cd-30fbf03bc7bd to remote] DEBUG org.apache.http.headers - http-outgoing-9 << Access-Control-Allow-Headers: origin, content-type, accept
 /wd/hub/session/18063075-812d-4a4c-a6cd-30fbf03bc7b12:18:43.312 [Forwarding findElement on session 18063075-812d-4a4c-a6cd-30fbf03bc7bd to remote] DEBUG org.apache.http.headers - http-outgoing-9 << Vary: X-HTTP-Method-Override
d/element &amp#27;[39m&amp#27;[32m200&amp#27;[312:18:43.313 [Forwarding findElement on session 18063075-812d-4a4c-a6cd-30fbf03bc7bd to remote] DEBUG org.apache.http.headers - http-outgoing-9 << Content-Type: application/json; charset=utf-8
12:18:43.313 [Forwarding findElement on session 18063075-812d-4a4c-a6cd-30fbf03bc7bd to remote] DEBUG org.apache.http.headers - http-outgoing-9 << Content-Length: 122
12:18:43.313 [Forwarding findElement on session 18063075-812d-4a4c-a6cd-30fbf03bc7bd to remote] DEBUG org.apache.http.headers - http-outgoing-9 << ETag: W/"7a-hA6XN3KpwjGhs8t1c9K94VX2+Nw"
9m &amp#27;[90m12:18:43.313 [Forwarding findElement on session 18063075-812d-4a4c-a6cd-30fbf03bc7bd to remote] DEBUG org.apache.http.headers - http-outgoing-9 << Date: Fri, 23 Aug 2019 06:48:43 GMT
4011 ms - 112:18:43.313 [Forwarding findElement on session 18063075-812d-4a4c-a6cd-30fbf03bc7bd to remote] DEBUG org.apache.http.headers - http-outgoing-9 << Connection: keep-alive
22&amp#27;[39m
12:18:43.313 [Forwarding findElement on session 18063075-812d-4a4c-a6cd-30fbf03bc7bd to remote] DEBUG o.a.h.impl.execchain.MainClientExec - Connection can be kept alive indefinitely
&amp#27;[35m[HTTP]&amp#27;[39m &amp#27;12:18:43.313 [Forwarding findElement on session 18063075-812d-4a4c-a6cd-30fbf03bc7bd to remote] DEBUG o.a.h.i.c.PoolingHttpClientConnectionManager - Connection [id: 9][route: {}->http://localhost:4723] can be kept alive indefinitely
[90m&amp#27;[39m
12:18:43.314 [Forwarding findElement on session 18063075-812d-4a4c-a6cd-30fbf03bc7bd to remote] DEBUG o.a.h.i.c.PoolingHttpClientConnectionManager - Connection released: [id: 9][route: {}->http://localhost:4723][total kept alive: 1; route allocated: 1 of 2000; total allocated: 1 of 2000]
12:18:43.314 [Forwarding getElementText on session 18063075-812d-4a4c-a6cd-30fbf03bc7bd to remote] DEBUG o.a.h.c.protocol.RequestAddCookies - CookieSpec selected: default
12:18:43.314 [Forwarding getElementText on session 18063075-812d-4a4c-a6cd-30fbf03bc7bd to remote] DEBUG o.a.h.c.protocol.RequestAuthCache - Auth cache not set in the context
12:18:43.314 [Forwarding getElementText on session 18063075-812d-4a4c-a6cd-30fbf03bc7bd to remote] DEBUG o.a.h.i.c.PoolingHttpClientConnectionManager - Connection request: [route: {}->http://localhost:4723][total kept alive: 1; route allocated: 1 of 2000; total allocated: 1 of 2000]
12:18:43.314 [Forwarding getElementText on session 18063075-812d-4a4c-a6cd-30fbf03bc7bd to remote] DEBUG o.a.h.i.c.PoolingHttpClientConnectionManager - Connection leased: [id: 9][route: {}->http://localhost:4723][total kept alive: 0; route allocated: 1 of 2000; total allocated: 1 of 2000]
12:18:43.314 [Forwarding getElementText on session 18063075-812d-4a4c-a6cd-30fbf03bc7bd to remote] DEBUG o.a.h.impl.execchain.MainClientExec - Stale connection check
12:18:43.316 [Forwarding getElementText on session 18063075-812d-4a4c-a6cd-30fbf03bc7bd to remote] DEBUG org.apache.http.wire - http-outgoing-9 << "[read] I/O error: Read timed out"
12:18:43.316 [Forwarding getElementText on session 18063075-812d-4a4c-a6cd-30fbf03bc7bd to remote] DEBUG o.a.h.i.c.DefaultManagedHttpClientConnection - http-outgoing-9: set socket timeout to 10800000
12:18:43.316 [Forwarding getElementText on session 18063075-812d-4a4c-a6cd-30fbf03bc7bd to remote] DEBUG o.a.h.impl.execchain.MainClientExec - Executing request GET /wd/hub/session/18063075-812d-4a4c-a6cd-30fbf03bc7bd/element/3D010000-0000-0000-B019-000000000000/text HTTP/1.1
12:18:43.316 [Forwarding getElementText on session 18063075-812d-4a4c-a6cd-30fbf03bc7bd to remote] DEBUG o.a.h.impl.execchain.MainClientExec - Target auth state: UNCHALLENGED
12:18:43.316 [Forwarding getElementText on session 18063075-812d-4a4c-a6cd-30fbf03bc7bd to remote] DEBUG o.a.h.impl.execchain.MainClientExec - Proxy auth state: UNCHALLENGED
12:18:43.316 [Forwarding getElementText on session 18063075-812d-4a4c-a6cd-30fbf03bc7bd to remote] DEBUG org.apache.http.headers - http-outgoing-9 >> GET /wd/hub/session/18063075-812d-4a4c-a6cd-30fbf03bc7bd/element/3D010000-0000-0000-B019-000000000000/text HTTP/1.1
12:18:43.316 [Forwarding getElementText on session 18063075-812d-4a4c-a6cd-30fbf03bc7bd to remote] DEBUG org.apache.http.headers - http-outgoing-9 >> Cache-Control: no-cache
12:18:43.316 [Forwarding getElementText on session 18063075-812d-4a4c-a6cd-30fbf03bc7bd to remote] DEBUG org.apache.http.headers - http-outgoing-9 >> Host: localhost:4723
12:18:43.316 [Forwarding getElementText on session 18063075-812d-4a4c-a6cd-30fbf03bc7bd to remote] DEBUG org.apache.http.headers - http-outgoing-9 >> Connection: Keep-Alive
12:18:43.316 [Forwarding getElementText on session 18063075-812d-4a4c-a6cd-30fbf03bc7bd to remote] DEBUG org.apache.http.headers - http-outgoing-9 >> User-Agent: Apache-HttpClient/4.5.2 (Java/1.8.0_171)
12:18:43.316 [Forwarding getElementText on session 18063075-812d-4a4c-a6cd-30fbf03bc7bd to remote] DEBUG org.apache.http.headers - http-outgoing-9 >> Accept-Encoding: gzip,deflate
12:18:43.316 [Forwarding getElementText on session 18063075-812d-4a4c-a6cd-30fbf03bc7bd to remote] DEBUG org.apache.http.wire - http-outgoing-9 >> "GET /wd/hub/session/18063075-812d-4a4c-a6cd-30fbf03bc7bd/element/3D010000-0000-0000-B019-000000000000/text HTTP/1.1[\r][\n]"
12:18:43.316 [Forwarding getElementText on session 18063075-812d-4a4c-a6cd-30fbf03bc7bd to remote] DEBUG org.apache.http.wire - http-outgoing-9 >> "Cache-Control: no-cache[\r][\n]"
12:18:43.316 [Forwarding getElementText on session 18063075-812d-4a4c-a6cd-30fbf03bc7bd to remote] DEBUG org.apache.http.wire - http-outgoing-9 >> "Host: localhost:4723[\r][\n]"
12:18:43.316 [Forwarding getElementText on session 18063075-812d-4a4c-a6cd-30fbf03bc7bd to remote] DEBUG org.apache.http.wire - http-outgoing-9 >> "Connection: Keep-Alive[\r][\n]"
12:18:43.316 [Forwarding getElementText on session 18063075-812d-4a4c-a6cd-30fbf03bc7bd to remote] DEBUG org.apache.http.wire - http-outgoing-9 >> "User-Agent: Apache-HttpClient/4.5.2 (Java/1.8.0_171)[\r][\n]"
12:18:43.316 [Forwarding getElementText on session 18063075-812d-4a4c-a6cd-30fbf03bc7bd to remote] DEBUG org.apache.http.wire - http-outgoing-9 >> "Accept-Encoding: gzip,deflate[\r][\n]"
12:18:43.316 [Forwarding getElementText on session 18063075-812d-4a4c-a6cd-30fbf03bc7bd to remote] DEBUG org.apache.http.wire - http-outgoing-9 >> "[\r][\n]"
&amp#27;[35m[HTTP]&amp#27;[39m &amp#27;[37m-->&amp#27;[39m &amp#27;[37mGET&amp#27;[39m &amp#27;[37m/wd/hub/session/18063075-812d-4a4c-a6cd-30fbf03bc7bd/element/3D010000-0000-0000-B019-000000000000/text&amp#27;[39m
&amp#27;[35m[HTTP]&amp#27;[39m &amp#27;[90m{}&amp#27;[39m
&amp#27;[35m[MJSONWP]&amp#27;[39m Driver proxy active, passing request on via HTTP proxy
&amp#27;[35m[JSONWP Proxy]&amp#27;[39m Replacing sessionId E840BF70-6563-412:18:43.509 [Forwarding getElementText on session 18063075-812d-4a4c-a6cd-30fbf03bc7bd to remote] DEBUG org.apache.http.wire - http-outgoing-9 << "HTTP/1.1 200 OK[\r][\n]"
B2D-BA8C-84CB2A9EB8B3 with 18063075-812d-4a4c-a6cd-30fbf03bc7bd
12:18:43.509 [Forwarding getElementText on session 18063075-812d-4a4c-a6cd-30fbf03bc7bd to remote] DEBUG org.apache.http.wire - http-outgoing-9 << "X-Powered-By: Express[\r][\n]"
&amp#27;[12:18:43.510 [Forwarding getElementText on session 18063075-812d-4a4c-a6cd-30fbf03bc7bd to remote] DEBUG org.apache.http.wire - http-outgoing-9 << "Access-Control-Allow-Origin: *[\r][\n]"
35m[HT12:18:43.510 [Forwarding getElementText on session 18063075-812d-4a4c-a6cd-30fbf03bc7bd to remote] DEBUG org.apache.http.wire - http-outgoing-9 << "Access-Control-Allow-Methods: GET,POST,PUT,OPTIONS,DELETE[\r][\n]"
TP]&amp#27;[39m &amp#27;[37m<--12:18:43.510 [Forwarding getElementText on session 18063075-812d-4a4c-a6cd-30fbf03bc7bd to remote] DEBUG org.apache.http.wire - http-outgoing-9 << "Access-Control-Allow-Headers: origin, content-type, accept[\r][\n]"
 GET /wd/hub/session/18063075-812d-4a4c-a6cd-30fbf03bc7bd/element/3D010000-0000-0000-B019-000000000000/text &amp#27;[39m&amp#27;[32m200&amp#27;[39m &amp#27;[90m192 ms - 99&amp#27;[39m
&amp#27;[35m[HTTP]&amp#27;[39m &amp#27;[90m&amp#27;[39m
12:18:43.510 [Forwarding getElementText on session 18063075-812d-4a4c-a6cd-30fbf03bc7bd to remote] DEBUG org.apache.http.wire - http-outgoing-9 << "Content-Type: application/json; charset=utf-8[\r][\n]"
12:18:43.511 [Forwarding getElementText on session 18063075-812d-4a4c-a6cd-30fbf03bc7bd to remote] DEBUG org.apache.http.wire - http-outgoing-9 << "Content-Length: 99[\r][\n]"
12:18:43.511 [Forwarding getElementText on session 18063075-812d-4a4c-a6cd-30fbf03bc7bd to remote] DEBUG org.apache.http.wire - http-outgoing-9 << "ETag: W/"63-Upvl/PBkJIQMQvTXHCz/8mvBMSU"[\r][\n]"
12:18:43.511 [Forwarding getElementText on session 18063075-812d-4a4c-a6cd-30fbf03bc7bd to remote] DEBUG org.apache.http.wire - http-outgoing-9 << "Date: Fri, 23 Aug 2019 06:48:43 GMT[\r][\n]"
12:18:43.511 [Forwarding getElementText on session 18063075-812d-4a4c-a6cd-30fbf03bc7bd to remote] DEBUG org.apache.http.wire - http-outgoing-9 << "Connection: keep-alive[\r][\n]"
12:18:43.511 [Forwarding getElementText on session 18063075-812d-4a4c-a6cd-30fbf03bc7bd to remote] DEBUG org.apache.http.wire - http-outgoing-9 << "[\r][\n]"
12:18:43.511 [Forwarding getElementText on session 18063075-812d-4a4c-a6cd-30fbf03bc7bd to remote] DEBUG org.apache.http.wire - http-outgoing-9 << "{"value":"autoiniosfree@yopmail.com","sessionId":"18063075-812d-4a4c-a6cd-30fbf03bc7bd","status":0}"
12:18:43.511 [Forwarding getElementText on session 18063075-812d-4a4c-a6cd-30fbf03bc7bd to remote] DEBUG org.apache.http.headers - http-outgoing-9 << HTTP/1.1 200 OK
12:18:43.511 [Forwarding getElementText on session 18063075-812d-4a4c-a6cd-30fbf03bc7bd to remote] DEBUG org.apache.http.headers - http-outgoing-9 << X-Powered-By: Express
12:18:43.511 [Forwarding getElementText on session 18063075-812d-4a4c-a6cd-30fbf03bc7bd to remote] DEBUG org.apache.http.headers - http-outgoing-9 << Access-Control-Allow-Origin: *
12:18:43.511 [Forwarding getElementText on session 18063075-812d-4a4c-a6cd-30fbf03bc7bd to remote] DEBUG org.apache.http.headers - http-outgoing-9 << Access-Control-Allow-Methods: GET,POST,PUT,OPTIONS,DELETE
12:18:43.511 [Forwarding getElementText on session 18063075-812d-4a4c-a6cd-30fbf03bc7bd to remote] DEBUG org.apache.http.headers - http-outgoing-9 << Access-Control-Allow-Headers: origin, content-type, accept
12:18:43.511 [Forwarding getElementText on session 18063075-812d-4a4c-a6cd-30fbf03bc7bd to remote] DEBUG org.apache.http.headers - http-outgoing-9 << Content-Type: application/json; charset=utf-8
12:18:43.511 [Forwarding getElementText on session 18063075-812d-4a4c-a6cd-30fbf03bc7bd to remote] DEBUG org.apache.http.headers - http-outgoing-9 << Content-Length: 99
12:18:43.511 [Forwarding getElementText on session 18063075-812d-4a4c-a6cd-30fbf03bc7bd to remote] DEBUG org.apache.http.headers - http-outgoing-9 << ETag: W/"63-Upvl/PBkJIQMQvTXHCz/8mvBMSU"
12:18:43.511 [Forwarding getElementText on session 18063075-812d-4a4c-a6cd-30fbf03bc7bd to remote] DEBUG org.apache.http.headers - http-outgoing-9 << Date: Fri, 23 Aug 2019 06:48:43 GMT
12:18:43.511 [Forwarding getElementText on session 18063075-812d-4a4c-a6cd-30fbf03bc7bd to remote] DEBUG org.apache.http.headers - http-outgoing-9 << Connection: keep-alive
12:18:43.511 [Forwarding getElementText on session 18063075-812d-4a4c-a6cd-30fbf03bc7bd to remote] DEBUG o.a.h.impl.execchain.MainClientExec - Connection can be kept alive indefinitely
12:18:43.511 [Forwarding getElementText on session 18063075-812d-4a4c-a6cd-30fbf03bc7bd to remote] DEBUG o.a.h.i.c.PoolingHttpClientConnectionManager - Connection [id: 9][route: {}->http://localhost:4723] can be kept alive indefinitely
12:18:43.511 [Forwarding getElementText on session 18063075-812d-4a4c-a6cd-30fbf03bc7bd to remote] DEBUG o.a.h.i.c.PoolingHttpClientConnectionManager - Connection released: [id: 9][route: {}->http://localhost:4723][total kept alive: 1; route allocated: 1 of 2000; total allocated: 1 of 2000]
12:18:43.512 [Forwarding findElement on session 18063075-812d-4a4c-a6cd-30fbf03bc7bd to remote] DEBUG o.a.h.c.protocol.RequestAddCookies - CookieSpec selected: default
12:18:43.512 [Forwarding findElement on session 18063075-812d-4a4c-a6cd-30fbf03bc7bd to remote] DEBUG o.a.h.c.protocol.RequestAuthCache - Auth cache not set in the context
12:18:43.512 [Forwarding findElement on session 18063075-812d-4a4c-a6cd-30fbf03bc7bd to remote] DEBUG o.a.h.i.c.PoolingHttpClientConnectionManager - Connection request: [route: {}->http://localhost:4723][total kept alive: 1; route allocated: 1 of 2000; total allocated: 1 of 2000]
12:18:43.512 [Forwarding findElement on session 18063075-812d-4a4c-a6cd-30fbf03bc7bd to remote] DEBUG o.a.h.i.c.PoolingHttpClientConnectionManager - Connection leased: [id: 9][route: {}->http://localhost:4723][total kept alive: 0; route allocated: 1 of 2000; total allocated: 1 of 2000]
12:18:43.512 [Forwarding findElement on session 18063075-812d-4a4c-a6cd-30fbf03bc7bd to remote] DEBUG o.a.h.impl.execchain.MainClientExec - Stale connection check
12:18:43.513 [Forwarding findElement on session 18063075-812d-4a4c-a6cd-30fbf03bc7bd to remote] DEBUG org.apache.http.wire - http-outgoing-9 << "[read] I/O error: Read timed out"
12:18:43.513 [Forwarding findElement on session 18063075-812d-4a4c-a6cd-30fbf03bc7bd to remote] DEBUG o.a.h.i.c.DefaultManagedHttpClientConnection - http-outgoing-9: set socket timeout to 10800000
12:18:43.513 [Forwarding findElement on session 18063075-812d-4a4c-a6cd-30fbf03bc7bd to remote] DEBUG o.a.h.impl.execchain.MainClientExec - Executing request POST /wd/hub/session/18063075-812d-4a4c-a6cd-30fbf03bc7bd/element HTTP/1.1
12:18:43.513 [Forwarding findElement on session 18063075-812d-4a4c-a6cd-30fbf03bc7bd to remote] DEBUG o.a.h.impl.execchain.MainClientExec - Target auth state: UNCHALLENGED
12:18:43.513 [Forwarding findElement on session 18063075-812d-4a4c-a6cd-30fbf03bc7bd to remote] DEBUG o.a.h.impl.execchain.MainClientExec - Proxy auth state: UNCHALLENGED
12:18:43.513 [Forwarding findElement on session 18063075-812d-4a4c-a6cd-30fbf03bc7bd to remote] DEBUG org.apache.http.headers - http-outgoing-9 >> POST /wd/hub/session/18063075-812d-4a4c-a6cd-30fbf03bc7bd/element HTTP/1.1
12:18:43.513 [Forwarding findElement on session 18063075-812d-4a4c-a6cd-30fbf03bc7bd to remote] DEBUG org.apache.http.headers - http-outgoing-9 >> Content-Type: application/json; charset=utf-8
12:18:43.513 [Forwarding findElement on session 18063075-812d-4a4c-a6cd-30fbf03bc7bd to remote] DEBUG org.apache.http.headers - http-outgoing-9 >> Content-Length: 42
12:18:43.513 [Forwarding findElement on session 18063075-812d-4a4c-a6cd-30fbf03bc7bd to remote] DEBUG org.apache.http.headers - http-outgoing-9 >> Host: localhost:4723
12:18:43.513 [Forwarding findElement on session 18063075-812d-4a4c-a6cd-30fbf03bc7bd to remote] DEBUG org.apache.http.headers - http-outgoing-9 >> Connection: Keep-Alive
12:18:43.513 [Forwarding findElement on session 18063075-812d-4a4c-a6cd-30fbf03bc7bd to remote] DEBUG org.apache.http.headers - http-outgoing-9 >> User-Agent: Apache-HttpClient/4.5.2 (Java/1.8.0_171)
12:18:43.513 [Forwarding findElement on session 18063075-812d-4a4c-a6cd-30fbf03bc7bd to remote] DEBUG org.apache.http.headers - http-outgoing-9 >> Accept-Encoding: gzip,deflate
12:18:43.513 [Forwarding findElement on session 18063075-812d-4a4c-a6cd-30fbf03bc7bd to remote] DEBUG org.apache.http.wire - http-outgoing-9 >> "POST /wd/hub/session/18063075-812d-4a4c-a6cd-30fbf03bc7bd/element HTTP/1.1[\r][\n]"
12:18:43.513 [Forwarding findElement on session 18063075-812d-4a4c-a6cd-30fbf03bc7bd to remote] DEBUG org.apache.http.wire - http-outgoing-9 >> "Content-Type: application/json; charset=utf-8[\r][\n]"
12:18:43.513 [Forwarding findElement on session 18063075-812d-4a4c-a6cd-30fbf03bc7bd to remote] DEBUG org.apache.http.wire - http-outgoing-9 >> "Content-Length: 42[\r][\n]"
12:18:43.513 [Forwarding findElement on session 18063075-812d-4a4c-a6cd-30fbf03bc7bd to remote] DEBUG org.apache.http.wire - http-outgoing-9 >> "Host: localhost:4723[\r][\n]"
12:18:43.513 [Forwarding findElement on session 18063075-812d-4a4c-a6cd-30fbf03bc7bd to remote] DEBUG org.apache.http.wire - http-outgoing-9 >> "Connection: Keep-Alive[\r][\n]"
12:18:43.513 [Forwarding findElement on session 18063075-812d-4a4c-a6cd-30fbf03bc7bd to remote] DEBUG org.apache.http.wire - http-outgoing-9 >> "User-Agent: Apache-HttpClient/4.5.2 (Java/1.8.0_171)[\r][\n]"
12:18:43.514 [Forwarding findElement on session 18063075-812d-4a4c-a6cd-30fbf03bc7bd to remote] DEBUG org.apache.http.wire - http-outgoing-9 >> "Accept-Encoding: gzip,deflate[\r][\n]"
12:18:43.514 [Forwarding findElement on session 18063075-812d-4a4c-a6cd-30fbf03bc7bd to remote] DEBUG org.apache.http.wire - http-outgoing-9 >> "[\r][\n]"
12:18:43.514 [Forwarding findElement on session 18063075-812d-4a4c-a6cd-30fbf03bc7bd to remote] DEBUG org.apache.http.wire - http-outgoing-9 >> "{"using":"name","value":"navbar back btn"}"
&amp#27;[35m[HTTP]&amp#27;[39m &amp#27;[37m-->&amp#27;[39m &amp#27;[37mPOST&amp#27;[39m &amp#27;[37m/wd/hub/session/18063075-812d-4a4c-a6cd-30fbf03bc7bd/element&amp#27;[39m
&amp#27;[35m[HTTP]&amp#27;[39m &amp#27;[90m{"using":"name","value":"navbar back btn"}&amp#27;[39m
12:18:43.848 [Forwarding findElement on session 18063075-812d-4a4c-a6cd-30fbf03bc7bd to remote] DEBUG org.apache.http.wire - http-outgoing-9 << "HTTP/1.1 200 OK[\r][\n]"
12:18:43.848 [Forwarding findElement on session 18063075-812d-4a4c-a6cd-30fbf03bc7bd to remote] DEBUG org.apache.http.wire - http-outgoing-9 << "X-Powered-By: Express[\r][\n]"
12:18:43.848 [Forwarding findElement on session 18063075-812d-4a4c-a6cd-30fbf03bc7bd to remote] DEBUG org.apache.http.wire - http-outgoing-9 << "Access-Control-Allow-Origin: *[\r][\n]"
12:18:43.848 [Forwarding findElement on session 18063075-812d-4a4c-a6cd-30fbf03bc7bd to remote] DEBUG org.apache.http.wire - http-outgoing-9 << "Access-Control-Allow-Methods: GET,POST,PUT,OPTIONS,DELETE[\r][\n]"
12:18:43.848 [Forwarding findElement on session 18063075-812d-4a4c-a6cd-30fbf03bc7bd to remote] DEBUG org.apache.http.wire - http-outgoing-9 << "Access-Control-Allow-Headers: origin, content-type, accept[\r][\n]"
12:18:43.848 [Forwarding findElement on session 18063075-812d-4a4c-a6cd-30fbf03bc7bd to remote] DEBUG org.apache.http.wire - http-outgoing-9 << "Vary: X-HTTP-Method-Override[\r][\n]"
12:18:43.848 [Forwarding findElement on session 18063075-812d-4a4c-a6cd-30fbf03bc7bd to remote] DEBUG org.apache.http.wire - http-outgoing-9 << "Content-Type: application/json; charset=utf-8[\r][\n]"
12:18:43.848 [Forwarding findElement on session 18063075-812d-4a4c-a6cd-30fbf03bc7bd to remote] DEBUG org.apache.http.wire - http-outgoing-9 << "Content-Length: 122[\r][\n]"
12:18:43.848 [Forwarding findElement on session 18063075-812d-4a4c-a6cd-30fbf03bc7bd to remote] DEBUG org.apache.http.wire - http-outgoing-9 << "ETag: W/"7a-2r6nvnp0LU9YJCbEGSmvxrz50C0"[\r][\n]"
12:18:43.848 [Forwarding findElement on session 18063075-812d-4a4c-a6cd-30fbf03bc7bd to remote] DEBUG org.apache.http.wire - http-outgoing-9 << "Date: Fri, 23 Aug 2019 06:48:43 GMT[\r][\n]"
12:18:43.848 [Forwarding findElement on session 18063075-812d-4a4c-a6cd-30fbf03bc7bd to remote] DEBUG org.apache.http.wire - http-outgoing-9 << "Connection: keep-alive[\r][\n]"
12:18:43.848 [Forwarding findElement on session 18063075-812d-4a4c-a6cd-30fbf03bc7bd to remote] DEBUG org.apache.http.wire - http-outgoing-9 << "[\r][\n]"
12:18:43.848 [Forwarding findElement on session 18063075-812d-4a4c-a6cd-30fbf03bc7bd to remote] DEBUG org.apache.http.wire - http-outgoing-9 << "{"status":0,"value":{"ELEMENT":"F1000000-0000-0000-B019-000000000000"},"sessionId":"18063075-812d-4a4c-a6cd-30fbf03bc7bd"}"
&amp#27;[35m[HTTP]&amp#27;[39m &amp#27;[37m<-- POST /wd/hub/session/18063075-812d-4a4c-a6cd-30fbf03bc7bd/ele12:18:43.848 [Forwarding findElement on session 18063075-812d-4a4c-a6cd-30fbf03bc7bd to remote] DEBUG org.apache.http.headers - http-outgoing-9 << HTTP/1.1 200 OK
ment &amp#27;[39m&amp#27;[312:18:43.849 [Forwarding findElement on session 18063075-812d-4a4c-a6cd-30fbf03bc7bd to remote] DEBUG org.apache.http.headers - http-outgoing-9 << X-Powered-By: Express
12:18:43.849 [Forwarding findElement on session 18063075-812d-4a4c-a6cd-30fbf03bc7bd to remote] DEBUG org.apache.http.headers - http-outgoing-9 << Access-Control-Allow-Origin: *
2m200&amp#27;[39m &amp#27;[90m334 ms - 122&amp#27;[39m
12:18:43.849 [Forwarding findElement on session 18063075-812d-4a4c-a6cd-30fbf03bc7bd to remote] DEBUG org.apache.http.headers - http-outgoing-9 << Access-Control-Allow-Methods: GET,POST,PUT,OPTIONS,DELETE
&amp#27;[35m[HTTP]&amp#27;[39m &amp#27;[90m&amp#27;[39m
12:18:43.849 [Forwarding findElement on session 18063075-812d-4a4c-a6cd-30fbf03bc7bd to remote] DEBUG org.apache.http.headers - http-outgoing-9 << Access-Control-Allow-Headers: origin, content-type, accept
12:18:43.849 [Forwarding findElement on session 18063075-812d-4a4c-a6cd-30fbf03bc7bd to remote] DEBUG org.apache.http.headers - http-outgoing-9 << Vary: X-HTTP-Method-Override
12:18:43.849 [Forwarding findElement on session 18063075-812d-4a4c-a6cd-30fbf03bc7bd to remote] DEBUG org.apache.http.headers - http-outgoing-9 << Content-Type: application/json; charset=utf-8
12:18:43.849 [Forwarding findElement on session 18063075-812d-4a4c-a6cd-30fbf03bc7bd to remote] DEBUG org.apache.http.headers - http-outgoing-9 << Content-Length: 122
12:18:43.849 [Forwarding findElement on session 18063075-812d-4a4c-a6cd-30fbf03bc7bd to remote] DEBUG org.apache.http.headers - http-outgoing-9 << ETag: W/"7a-2r6nvnp0LU9YJCbEGSmvxrz50C0"
12:18:43.849 [Forwarding findElement on session 18063075-812d-4a4c-a6cd-30fbf03bc7bd to remote] DEBUG org.apache.http.headers - http-outgoing-9 << Date: Fri, 23 Aug 2019 06:48:43 GMT
12:18:43.849 [Forwarding findElement on session 18063075-812d-4a4c-a6cd-30fbf03bc7bd to remote] DEBUG org.apache.http.headers - http-outgoing-9 << Connection: keep-alive
12:18:43.850 [Forwarding findElement on session 18063075-812d-4a4c-a6cd-30fbf03bc7bd to remote] DEBUG o.a.h.impl.execchain.MainClientExec - Connection can be kept alive indefinitely
12:18:43.850 [Forwarding findElement on session 18063075-812d-4a4c-a6cd-30fbf03bc7bd to remote] DEBUG o.a.h.i.c.PoolingHttpClientConnectionManager - Connection [id: 9][route: {}->http://localhost:4723] can be kept alive indefinitely
12:18:43.850 [Forwarding findElement on session 18063075-812d-4a4c-a6cd-30fbf03bc7bd to remote] DEBUG o.a.h.i.c.PoolingHttpClientConnectionManager - Connection released: [id: 9][route: {}->http://localhost:4723][total kept alive: 1; route allocated: 1 of 2000; total allocated: 1 of 2000]
12:18:43.850 [Forwarding isElementDisplayed on session 18063075-812d-4a4c-a6cd-30fbf03bc7bd to remote] DEBUG o.a.h.c.protocol.RequestAddCookies - CookieSpec selected: default
12:18:43.850 [Forwarding isElementDisplayed on session 18063075-812d-4a4c-a6cd-30fbf03bc7bd to remote] DEBUG o.a.h.c.protocol.RequestAuthCache - Auth cache not set in the context
12:18:43.850 [Forwarding isElementDisplayed on session 18063075-812d-4a4c-a6cd-30fbf03bc7bd to remote] DEBUG o.a.h.i.c.PoolingHttpClientConnectionManager - Connection request: [route: {}->http://localhost:4723][total kept alive: 1; route allocated: 1 of 2000; total allocated: 1 of 2000]
12:18:43.850 [Forwarding isElementDisplayed on session 18063075-812d-4a4c-a6cd-30fbf03bc7bd to remote] DEBUG o.a.h.i.c.PoolingHttpClientConnectionManager - Connection leased: [id: 9][route: {}->http://localhost:4723][total kept alive: 0; route allocated: 1 of 2000; total allocated: 1 of 2000]
12:18:43.850 [Forwarding isElementDisplayed on session 18063075-812d-4a4c-a6cd-30fbf03bc7bd to remote] DEBUG o.a.h.impl.execchain.MainClientExec - Stale connection check
12:18:43.852 [Forwarding isElementDisplayed on session 18063075-812d-4a4c-a6cd-30fbf03bc7bd to remote] DEBUG org.apache.http.wire - http-outgoing-9 << "[read] I/O error: Read timed out"
12:18:43.852 [Forwarding isElementDisplayed on session 18063075-812d-4a4c-a6cd-30fbf03bc7bd to remote] DEBUG o.a.h.i.c.DefaultManagedHttpClientConnection - http-outgoing-9: set socket timeout to 10800000
12:18:43.852 [Forwarding isElementDisplayed on session 18063075-812d-4a4c-a6cd-30fbf03bc7bd to remote] DEBUG o.a.h.impl.execchain.MainClientExec - Executing request GET /wd/hub/session/18063075-812d-4a4c-a6cd-30fbf03bc7bd/element/F1000000-0000-0000-B019-000000000000/displayed HTTP/1.1
12:18:43.852 [Forwarding isElementDisplayed on session 18063075-812d-4a4c-a6cd-30fbf03bc7bd to remote] DEBUG o.a.h.impl.execchain.MainClientExec - Target auth state: UNCHALLENGED
12:18:43.852 [Forwarding isElementDisplayed on session 18063075-812d-4a4c-a6cd-30fbf03bc7bd to remote] DEBUG o.a.h.impl.execchain.MainClientExec - Proxy auth state: UNCHALLENGED
12:18:43.852 [Forwarding isElementDisplayed on session 18063075-812d-4a4c-a6cd-30fbf03bc7bd to remote] DEBUG org.apache.http.headers - http-outgoing-9 >> GET /wd/hub/session/18063075-812d-4a4c-a6cd-30fbf03bc7bd/element/F1000000-0000-0000-B019-000000000000/displayed HTTP/1.1
12:18:43.852 [Forwarding isElementDisplayed on session 18063075-812d-4a4c-a6cd-30fbf03bc7bd to remote] DEBUG org.apache.http.headers - http-outgoing-9 >> Cache-Control: no-cache
12:18:43.852 [Forwarding isElementDisplayed on session 18063075-812d-4a4c-a6cd-30fbf03bc7bd to remote] DEBUG org.apache.http.headers - http-outgoing-9 >> Host: localhost:4723
12:18:43.852 [Forwarding isElementDisplayed on session 18063075-812d-4a4c-a6cd-30fbf03bc7bd to remote] DEBUG org.apache.http.headers - http-outgoing-9 >> Connection: Keep-Alive
12:18:43.852 [Forwarding isElementDisplayed on session 18063075-812d-4a4c-a6cd-30fbf03bc7bd to remote] DEBUG org.apache.http.headers - http-outgoing-9 >> User-Agent: Apache-HttpClient/4.5.2 (Java/1.8.0_171)
12:18:43.852 [Forwarding isElementDisplayed on session 18063075-812d-4a4c-a6cd-30fbf03bc7bd to remote] DEBUG org.apache.http.headers - http-outgoing-9 >> Accept-Encoding: gzip,deflate
12:18:43.852 [Forwarding isElementDisplayed on session 18063075-812d-4a4c-a6cd-30fbf03bc7bd to remote] DEBUG org.apache.http.wire - http-outgoing-9 >> "GET /wd/hub/session/18063075-812d-4a4c-a6cd-30fbf03bc7bd/element/F1000000-0000-0000-B019-000000000000/displayed HTTP/1.1[\r][\n]"
12:18:43.852 [Forwarding isElementDisplayed on session 18063075-812d-4a4c-a6cd-30fbf03bc7bd to remote] DEBUG org.apache.http.wire - http-outgoing-9 >> "Cache-Control: no-cache[\r][\n]"
12:18:43.852 [Forwarding isElementDisplayed on session 18063075-812d-4a4c-a6cd-30fbf03bc7bd to remote] DEBUG org.apache.http.wire - http-outgoing-9 >> "Host: localhost:4723[\r][\n]"
12:18:43.852 [Forwarding isElementDisplayed on session 18063075-812d-4a4c-a6cd-30fbf03bc7bd to remote] DEBUG org.apache.http.wire - http-outgoing-9 >> "Connection: Keep-Alive[\r][\n]"
12:18:43.852 [Forwarding isElementDisplayed on session 18063075-812d-4a4c-a6cd-30fbf03bc7bd to remote] DEBUG org.apache.http.wire - http-outgoing-9 >> "User-Agent: Apache-HttpClient/4.5.2 (Java/1.8.0_171)[\r][\n]"
12:18:43.852 [Forwarding isElementDisplayed on session 18063075-812d-4a4c-a6cd-30fbf03bc7bd to remote] DEBUG org.apache.http.wire - http-outgoing-9 >> "Accept-Encoding: gzip,deflate[\r][\n]"
12:18:43.852 [Forwarding isElementDisplayed on session 18063075-812d-4a4c-a6cd-30fbf03bc7bd to remote] DEBUG org.apache.http.wire - http-outgoing-9 >> "[\r][\n]"
&amp#27;[35m[HTTP]&amp#27;[39m &amp#27;[37m-->&amp#27;[39m &amp#27;[37mGET&amp#27;[39m &amp#27;[37m/wd/hub/session/18063075-812d-4a4c-a6cd-30fbf03bc7bd/element/F1000000-0000-0000-B019-000000000000/displayed&amp#27;[39m
&amp#27;[35m[HTTP]&amp#27;[39m &amp#27;[90m{}&amp#27;[39m
&amp#27;[35m[MJSONWP]&amp#27;[39m Driver proxy active, passing request on via HTTP proxy
&amp#27;[35m[JSONWP Proxy]&amp#27;[39m Replacing sessionId E840BF70-6563-4B2D-B12:18:44.106 [Forwarding isElementDisplayed on session 18063075-812d-4a4c-a6cd-30fbf03bc7bd to remote] DEBUG org.apache.http.wire - http-outgoing-9 << "HTTP/1.1 200 OK[\r][\n]"
A8C-8412:18:44.107 [Forwarding isElementDisplayed on session 18063075-812d-4a4c-a6cd-30fbf03bc7bd to remote] DEBUG org.apache.http.wire - http-outgoing-9 << "X-Powered-By: Express[\r][\n]"
CB2A9EB8B3 with 18063075-812d-4a4c-a6cd-3012:18:44.107 [Forwarding isElementDisplayed on session 18063075-812d-4a4c-a6cd-30fbf03bc7bd to remote] DEBUG org.apache.http.wire - http-outgoing-9 << "Access-Control-Allow-Origin: *[\r][\n]"
12:18:44.107 [Forwarding isElementDisplayed on session 18063075-812d-4a4c-a6cd-30fbf03bc7bd to remote] DEBUG org.apache.http.wire - http-outgoing-9 << "Access-Control-Allow-Methods: GET,POST,PUT,OPTIONS,DELETE[\r][\n]"
12:18:44.107 [Forwarding isElementDisplayed on session 18063075-812d-4a4c-a6cd-30fbf03bc7bd to remote] DEBUG org.apache.http.wire - http-outgoing-9 << "Access-Control-Allow-Headers: origin, content-type, accept[\r][\n]"
12:18:44.107 [Forwarding isElementDisplayed on session 18063075-812d-4a4c-a6cd-30fbf03bc7bd to remote] DEBUG org.apache.http.wire - http-outgoing-9 << "Content-Type: application/json; charset=utf-8[\r][\n]"
fbf0312:18:44.107 [Forwarding isElementDisplayed on session 18063075-812d-4a4c-a6cd-30fbf03bc7bd to remote] DEBUG org.apache.http.wire - http-outgoing-9 << "Content-Length: 76[\r][\n]"
12:18:44.107 [Forwarding isElementDisplayed on session 18063075-812d-4a4c-a6cd-30fbf03bc7bd to remote] DEBUG org.apache.http.wire - http-outgoing-9 << "ETag: W/"4c-Y7k244UeXncxktz3h+rJR8RJids"[\r][\n]"
12:18:44.107 [Forwarding isElementDisplayed on session 18063075-812d-4a4c-a6cd-30fbf03bc7bd to remote] DEBUG org.apache.http.wire - http-outgoing-9 << "Date: Fri, 23 Aug 2019 06:48:44 GMT[\r][\n]"
12:18:44.107 [Forwarding isElementDisplayed on session 18063075-812d-4a4c-a6cd-30fbf03bc7bd to remote] DEBUG org.apache.http.wire - http-outgoing-9 << "Connection: keep-alive[\r][\n]"
12:18:44.107 [Forwarding isElementDisplayed on session 18063075-812d-4a4c-a6cd-30fbf03bc7bd to remote] DEBUG org.apache.http.wire - http-outgoing-9 << "[\r][\n]"
12:18:44.107 [Forwarding isElementDisplayed on session 18063075-812d-4a4c-a6cd-30fbf03bc7bd to remote] DEBUG org.apache.http.wire - http-outgoing-9 << "{"value":true,"sessionId":"18063075-812d-4a4c-a6cd-30fbf03bc7bd","status":0}"
bc7bd
12:18:44.107 [Forwarding isElementDisplayed on session 18063075-812d-4a4c-a6cd-30fbf03bc7bd to remote] DEBUG org.apache.http.headers - http-outgoing-9 << HTTP/1.1 200 OK
12:18:44.107 [Forwarding isElementDisplayed on session 18063075-812d-4a4c-a6cd-30fbf03bc7bd to remote] DEBUG org.apache.http.headers - http-outgoing-9 << X-Powered-By: Express
12:18:44.107 [Forwarding isElementDisplayed on session 18063075-812d-4a4c-a6cd-30fbf03bc7bd to remote] DEBUG org.apache.http.headers - http-outgoing-9 << Access-Control-Allow-Origin: *
12:18:44.107 [Forwarding isElementDisplayed on session 18063075-812d-4a4c-a6cd-30fbf03bc7bd to remote] DEBUG org.apache.http.headers - http-outgoing-9 << Access-Control-Allow-Methods: GET,POST,PUT,OPTIONS,DELETE
12:18:44.107 [Forwarding isElementDisplayed on session 18063075-812d-4a4c-a6cd-30fbf03bc7bd to remote] DEBUG org.apache.http.headers - http-outgoing-9 << Access-Control-Allow-Headers: origin, content-type, accept
12:18:44.107 [Forwarding isElementDisplayed on session 18063075-812d-4a4c-a6cd-30fbf03bc7bd to remote] DEBUG org.apache.http.headers - http-outgoing-9 << Content-Type: application/json; charset=utf-8
12:18:44.107 [Forwarding isElementDisplayed on session 18063075-812d-4a4c-a6cd-30fbf03bc7bd to remote] DEBUG org.apache.http.headers - http-outgoing-9 << Content-Length: 76
12:18:44.107 [Forwarding isElementDisplayed on session 18063075-812d-4a4c-a6cd-30fbf03bc7bd to remote] DEBUG org.apache.http.headers - http-outgoing-9 << ETag: W/"4c-Y7k244UeXncxktz3h+rJR8RJids"
12:18:44.107 [Forwarding isElementDisplayed on session 18063075-812d-4a4c-a6cd-30fbf03bc7bd to remote] DEBUG org.apache.http.headers - http-outgoing-9 << Date: Fri, 23 Aug 2019 06:48:44 GMT
12:18:44.107 [Forwarding isElementDisplayed on session 18063075-812d-4a4c-a6cd-30fbf03bc7bd to remote] DEBUG org.apache.http.headers - http-outgoing-9 << Connection: keep-alive
12:18:44.107 [Forwarding isElementDisplayed on session 18063075-812d-4a4c-a6cd-30fbf03bc7bd to remote] DEBUG o.a.h.impl.execchain.MainClientExec - Connection can be kept alive indefinitely
12:18:44.107 [Forwarding isElementDisplayed on session 18063075-812d-4a4c-a6cd-30fbf03bc7bd to remote] DEBUG o.a.h.i.c.PoolingHttpClientConnectionManager - Connection [id: 9][route: {}->http://localhost:4723] can be kept alive indefinitely
12:18:44.107 [Forwarding isElementDisplayed on session 18063075-812d-4a4c-a6cd-30fbf03bc7bd to remote] DEBUG o.a.h.i.c.PoolingHttpClientConnectionManager - Connection released: [id: 9][route: {}->http://localhost:4723][total kept alive: 1; route allocated: 1 of 2000; total allocated: 1 of 2000]
&amp#27;[35m[HTTP]&amp#27;[39m &amp#27;[37m<-- GET /wd/hub/session/18063075-812d-4a4c-a6cd-30fbf03bc7bd/element/F1000000-0000-0000-B01912:18:44.108 [Forwarding findElement on session 18063075-812d-4a4c-a6cd-30fbf03bc7bd to remote] DEBUG o.a.h.c.protocol.RequestAddCookies - CookieSpec selected: default
-00000012:18:44.108 [Forwarding findElement on session 18063075-812d-4a4c-a6cd-30fbf03bc7bd to remote] DEBUG o.a.h.c.protocol.RequestAuthCache - Auth cache not set in the context
000000/displayed &amp#27;[39m&amp#27;[32m200&amp#27;[39m &amp#27;[90m254 ms - 12:18:44.108 [Forwarding findElement on session 18063075-812d-4a4c-a6cd-30fbf03bc7bd to remote] DEBUG o.a.h.i.c.PoolingHttpClientConnectionManager - Connection request: [route: {}->http://localhost:4723][total kept alive: 1; route allocated: 1 of 2000; total allocated: 1 of 2000]
76&amp#27;[39m
12:18:44.109 [Forwarding findElement on session 18063075-812d-4a4c-a6cd-30fbf03bc7bd to remote] DEBUG o.a.h.i.c.PoolingHttpClientConnectionManager - Connection leased: [id: 9][route: {}->http://localhost:4723][total kept alive: 0; route allocated: 1 of 2000; total allocated: 1 of 2000]
12:18:44.109 [Forwarding findElement on session 18063075-812d-4a4c-a6cd-30fbf03bc7bd to remote] DEBUG o.a.h.impl.execchain.MainClientExec - Stale connection check
&amp#27;[35m[HTTP]&amp#27;[39m &amp#27;[90m&amp#27;[39m
12:18:44.110 [Forwarding findElement on session 18063075-812d-4a4c-a6cd-30fbf03bc7bd to remote] DEBUG org.apache.http.wire - http-outgoing-9 << "[read] I/O error: Read timed out"
12:18:44.110 [Forwarding findElement on session 18063075-812d-4a4c-a6cd-30fbf03bc7bd to remote] DEBUG o.a.h.i.c.DefaultManagedHttpClientConnection - http-outgoing-9: set socket timeout to 10800000
12:18:44.110 [Forwarding findElement on session 18063075-812d-4a4c-a6cd-30fbf03bc7bd to remote] DEBUG o.a.h.impl.execchain.MainClientExec - Executing request POST /wd/hub/session/18063075-812d-4a4c-a6cd-30fbf03bc7bd/element HTTP/1.1
12:18:44.110 [Forwarding findElement on session 18063075-812d-4a4c-a6cd-30fbf03bc7bd to remote] DEBUG o.a.h.impl.execchain.MainClientExec - Target auth state: UNCHALLENGED
12:18:44.110 [Forwarding findElement on session 18063075-812d-4a4c-a6cd-30fbf03bc7bd to remote] DEBUG o.a.h.impl.execchain.MainClientExec - Proxy auth state: UNCHALLENGED
12:18:44.110 [Forwarding findElement on session 18063075-812d-4a4c-a6cd-30fbf03bc7bd to remote] DEBUG org.apache.http.headers - http-outgoing-9 >> POST /wd/hub/session/18063075-812d-4a4c-a6cd-30fbf03bc7bd/element HTTP/1.1
12:18:44.110 [Forwarding findElement on session 18063075-812d-4a4c-a6cd-30fbf03bc7bd to remote] DEBUG org.apache.http.headers - http-outgoing-9 >> Content-Type: application/json; charset=utf-8
12:18:44.110 [Forwarding findElement on session 18063075-812d-4a4c-a6cd-30fbf03bc7bd to remote] DEBUG org.apache.http.headers - http-outgoing-9 >> Content-Length: 42
12:18:44.110 [Forwarding findElement on session 18063075-812d-4a4c-a6cd-30fbf03bc7bd to remote] DEBUG org.apache.http.headers - http-outgoing-9 >> Host: localhost:4723
12:18:44.110 [Forwarding findElement on session 18063075-812d-4a4c-a6cd-30fbf03bc7bd to remote] DEBUG org.apache.http.headers - http-outgoing-9 >> Connection: Keep-Alive
12:18:44.110 [Forwarding findElement on session 18063075-812d-4a4c-a6cd-30fbf03bc7bd to remote] DEBUG org.apache.http.headers - http-outgoing-9 >> User-Agent: Apache-HttpClient/4.5.2 (Java/1.8.0_171)
12:18:44.110 [Forwarding findElement on session 18063075-812d-4a4c-a6cd-30fbf03bc7bd to remote] DEBUG org.apache.http.headers - http-outgoing-9 >> Accept-Encoding: gzip,deflate
12:18:44.110 [Forwarding findElement on session 18063075-812d-4a4c-a6cd-30fbf03bc7bd to remote] DEBUG org.apache.http.wire - http-outgoing-9 >> "POST /wd/hub/session/18063075-812d-4a4c-a6cd-30fbf03bc7bd/element HTTP/1.1[\r][\n]"
12:18:44.110 [Forwarding findElement on session 18063075-812d-4a4c-a6cd-30fbf03bc7bd to remote] DEBUG org.apache.http.wire - http-outgoing-9 >> "Content-Type: application/json; charset=utf-8[\r][\n]"
12:18:44.110 [Forwarding findElement on session 18063075-812d-4a4c-a6cd-30fbf03bc7bd to remote] DEBUG org.apache.http.wire - http-outgoing-9 >> "Content-Length: 42[\r][\n]"
12:18:44.110 [Forwarding findElement on session 18063075-812d-4a4c-a6cd-30fbf03bc7bd to remote] DEBUG org.apache.http.wire - http-outgoing-9 >> "Host: localhost:4723[\r][\n]"
12:18:44.110 [Forwarding findElement on session 18063075-812d-4a4c-a6cd-30fbf03bc7bd to remote] DEBUG org.apache.http.wire - http-outgoing-9 >> "Connection: Keep-Alive[\r][\n]"
12:18:44.110 [Forwarding findElement on session 18063075-812d-4a4c-a6cd-30fbf03bc7bd to remote] DEBUG org.apache.http.wire - http-outgoing-9 >> "User-Agent: Apache-HttpClient/4.5.2 (Java/1.8.0_171)[\r][\n]"
12:18:44.110 [Forwarding findElement on session 18063075-812d-4a4c-a6cd-30fbf03bc7bd to remote] DEBUG org.apache.http.wire - http-outgoing-9 >> "Accept-Encoding: gzip,deflate[\r][\n]"
12:18:44.110 [Forwarding findElement on session 18063075-812d-4a4c-a6cd-30fbf03bc7bd to remote] DEBUG org.apache.http.wire - http-outgoing-9 >> "[\r][\n]"
12:18:44.110 [Forwarding findElement on session 18063075-812d-4a4c-a6cd-30fbf03bc7bd to remote] DEBUG org.apache.http.wire - http-outgoing-9 >> "{"using":"name","value":"navbar back btn"}"
&amp#27;[35m[HTTP]&amp#27;[39m &amp#27;[37m-->&amp#27;[39m &amp#27;[37mPOST&amp#27;[39m &amp#27;[37m/wd/hub/session/18063075-812d-4a4c-a6cd-30fbf03bc7bd/element&amp#27;[39m
&amp#27;[35m[HTTP]&amp#27;[39m &amp#27;[90m{"using":"name","value":"navbar back btn"}&amp#27;[39m
12:18:44.442 [Forwarding findElement on session 18063075-812d-4a4c-a6cd-30fbf03bc7bd to remote] DEBUG org.apache.http.wire - http-outgoing-9 << "HTTP/1.1 200 OK[\r][\n]"
12:18:44.442 [Forwarding findElement on session 18063075-812d-4a4c-a6cd-30fbf03bc7bd to remote] DEBUG org.apache.http.wire - http-outgoing-9 << "X-Powered-By: Express[\r][\n]"
12:18:44.442 [Forwarding findElement on session 18063075-812d-4a4c-a6cd-30fbf03bc7bd to remote] DEBUG org.apache.http.wire - http-outgoing-9 << "Access-Control-Allow-Origin: *[\r][\n]"
12:18:44.442 [Forwarding findElement on session 18063075-812d-4a4c-a6cd-30fbf03bc7bd to remote] DEBUG org.apache.http.wire - http-outgoing-9 << "Access-Control-Allow-Methods: GET,POST,PUT,OPTIONS,DELETE[\r][\n]"
12:18:44.442 [Forwarding findElement on session 18063075-812d-4a4c-a6cd-30fbf03bc7bd to remote] DEBUG org.apache.http.wire - http-outgoing-9 << "Access-Control-Allow-Headers: origin, content-type, accept[\r][\n]"
12:18:44.442 [Forwarding findElement on session 18063075-812d-4a4c-a6cd-30fbf03bc7bd to remote] DEBUG org.apache.http.wire - http-outgoing-9 << "Vary: X-HTTP-Method-Override[\r][\n]"
12:18:44.442 [Forwarding findElement on session 18063075-812d-4a4c-a6cd-30fbf03bc7bd to remote] DEBUG org.apache.http.wire - http-outgoing-9 << "Content-Type: application/json; charset=utf-8[\r][\n]"
12:18:44.442 [Forwarding findElement on session 18063075-812d-4a4c-a6cd-30fbf03bc7bd to remote] DEBUG org.apache.http.wire - http-outgoing-9 << "Content-Length: 122[\r][\n]"
12:18:44.442 [Forwarding findElement on session 18063075-812d-4a4c-a6cd-30fbf03bc7bd to remote] DEBUG org.apache.http.wire - http-outgoing-9 << "ETag: W/"7a-2r6nvnp0LU9YJCbEGSmvxrz50C0"[\r][\n]"
12:18:44.442 [Forwarding findElement on session 18063075-812d-4a4c-a6cd-30fbf03bc7bd to remote] DEBUG org.apache.http.wire - http-outgoing-9 << "Date: Fri, 23 Aug 2019 06:48:44 GMT[\r][\n]"
12:18:44.442 [Forwarding findElement on session 18063075-812d-4a4c-a6cd-30fbf03bc7bd to remote] DEBUG org.apache.http.wire - http-outgoing-9 << "Connection: keep-alive[\r][\n]"
12:18:44.442 [Forwarding findElement on session 18063075-812d-4a4c-a6cd-30fbf03bc7bd to remote] DEBUG org.apache.http.wire - http-outgoing-9 << "[\r][\n]"
12:18:44.442 [Forwarding findElement on session 18063075-812d-4a4c-a6cd-30fbf03bc7bd to remote] DEBUG org.apache.http.wire - http-outgoing-9 << "{"status":0,"value":{"ELEMENT":"F1000000-0000-0000-B019-000000000000"},"sessionId":"18063075-812d-4a4c-a6cd-30fbf03bc7bd"}"
&amp#27;12:18:44.442 [Forwarding findElement on session 18063075-812d-4a4c-a6cd-30fbf03bc7bd to remote] DEBUG org.apache.http.headers - http-outgoing-9 << HTTP/1.1 200 OK
12:18:44.442 [Forwarding findElement on session 18063075-812d-4a4c-a6cd-30fbf03bc7bd to remote] DEBUG org.apache.http.headers - http-outgoing-9 << X-Powered-By: Express
[35m[HT12:18:44.442 [Forwarding findElement on session 18063075-812d-4a4c-a6cd-30fbf03bc7bd to remote] DEBUG org.apache.http.headers - http-outgoing-9 << Access-Control-Allow-Origin: *
TP]&amp#27;[39m &amp#27;[37m<-- POST /wd/hub/ses12:18:44.442 [Forwarding findElement on session 18063075-812d-4a4c-a6cd-30fbf03bc7bd to remote] DEBUG org.apache.http.headers - http-outgoing-9 << Access-Control-Allow-Methods: GET,POST,PUT,OPTIONS,DELETE
s12:18:44.443 [Forwarding findElement on session 18063075-812d-4a4c-a6cd-30fbf03bc7bd to remote] DEBUG org.apache.http.headers - http-outgoing-9 << Access-Control-Allow-Headers: origin, content-type, accept
io12:18:44.443 [Forwarding findElement on session 18063075-812d-4a4c-a6cd-30fbf03bc7bd to remote] DEBUG org.apache.http.headers - http-outgoing-9 << Vary: X-HTTP-Method-Override
12:18:44.443 [Forwarding findElement on session 18063075-812d-4a4c-a6cd-30fbf03bc7bd to remote] DEBUG org.apache.http.headers - http-outgoing-9 << Content-Type: application/json; charset=utf-8
12:18:44.443 [Forwarding findElement on session 18063075-812d-4a4c-a6cd-30fbf03bc7bd to remote] DEBUG org.apache.http.headers - http-outgoing-9 << Content-Length: 122
12:18:44.443 [Forwarding findElement on session 18063075-812d-4a4c-a6cd-30fbf03bc7bd to remote] DEBUG org.apache.http.headers - http-outgoing-9 << ETag: W/"7a-2r6nvnp0LU9YJCbEGSmvxrz50C0"
12:18:44.443 [Forwarding findElement on session 18063075-812d-4a4c-a6cd-30fbf03bc7bd to remote] DEBUG org.apache.http.headers - http-outgoing-9 << Date: Fri, 23 Aug 2019 06:48:44 GMT
12:18:44.443 [Forwarding findElement on session 18063075-812d-4a4c-a6cd-30fbf03bc7bd to remote] DEBUG org.apache.http.headers - http-outgoing-9 << Connection: keep-alive
n/18063075-8112:18:44.443 [Forwarding findElement on session 18063075-812d-4a4c-a6cd-30fbf03bc7bd to remote] DEBUG o.a.h.impl.execchain.MainClientExec - Connection can be kept alive indefinitely
2d-4a4c-a6cd-312:18:44.443 [Forwarding findElement on session 18063075-812d-4a4c-a6cd-30fbf03bc7bd to remote] DEBUG o.a.h.i.c.PoolingHttpClientConnectionManager - Connection [id: 9][route: {}->http://localhost:4723] can be kept alive indefinitely
0fbf03bc7bd/element &amp#27;[39m&amp#27;[32m200&amp#27;[39m &amp#27;[90m332 ms - 122&amp#27;[39m
12:18:44.443 [Forwarding findElement on session 18063075-812d-4a4c-a6cd-30fbf03bc7bd to remote] DEBUG o.a.h.i.c.PoolingHttpClientConnectionManager - Connection released: [id: 9][route: {}->http://localhost:4723][total kept alive: 1; route allocated: 1 of 2000; total allocated: 1 of 2000]
&amp#27;[35m[HTTP]&amp#27;[39m &amp#27;[90m&amp#27;[39m
12:18:44.444 [Forwarding isElementDisplayed on session 18063075-812d-4a4c-a6cd-30fbf03bc7bd to remote] DEBUG o.a.h.c.protocol.RequestAddCookies - CookieSpec selected: default
12:18:44.444 [Forwarding isElementDisplayed on session 18063075-812d-4a4c-a6cd-30fbf03bc7bd to remote] DEBUG o.a.h.c.protocol.RequestAuthCache - Auth cache not set in the context
12:18:44.444 [Forwarding isElementDisplayed on session 18063075-812d-4a4c-a6cd-30fbf03bc7bd to remote] DEBUG o.a.h.i.c.PoolingHttpClientConnectionManager - Connection request: [route: {}->http://localhost:4723][total kept alive: 1; route allocated: 1 of 2000; total allocated: 1 of 2000]
12:18:44.444 [Forwarding isElementDisplayed on session 18063075-812d-4a4c-a6cd-30fbf03bc7bd to remote] DEBUG o.a.h.i.c.PoolingHttpClientConnectionManager - Connection leased: [id: 9][route: {}->http://localhost:4723][total kept alive: 0; route allocated: 1 of 2000; total allocated: 1 of 2000]
12:18:44.444 [Forwarding isElementDisplayed on session 18063075-812d-4a4c-a6cd-30fbf03bc7bd to remote] DEBUG o.a.h.impl.execchain.MainClientExec - Stale connection check
12:18:44.446 [Forwarding isElementDisplayed on session 18063075-812d-4a4c-a6cd-30fbf03bc7bd to remote] DEBUG org.apache.http.wire - http-outgoing-9 << "[read] I/O error: Read timed out"
12:18:44.446 [Forwarding isElementDisplayed on session 18063075-812d-4a4c-a6cd-30fbf03bc7bd to remote] DEBUG o.a.h.i.c.DefaultManagedHttpClientConnection - http-outgoing-9: set socket timeout to 10800000
12:18:44.446 [Forwarding isElementDisplayed on session 18063075-812d-4a4c-a6cd-30fbf03bc7bd to remote] DEBUG o.a.h.impl.execchain.MainClientExec - Executing request GET /wd/hub/session/18063075-812d-4a4c-a6cd-30fbf03bc7bd/element/F1000000-0000-0000-B019-000000000000/displayed HTTP/1.1
12:18:44.446 [Forwarding isElementDisplayed on session 18063075-812d-4a4c-a6cd-30fbf03bc7bd to remote] DEBUG o.a.h.impl.execchain.MainClientExec - Target auth state: UNCHALLENGED
12:18:44.446 [Forwarding isElementDisplayed on session 18063075-812d-4a4c-a6cd-30fbf03bc7bd to remote] DEBUG o.a.h.impl.execchain.MainClientExec - Proxy auth state: UNCHALLENGED
12:18:44.446 [Forwarding isElementDisplayed on session 18063075-812d-4a4c-a6cd-30fbf03bc7bd to remote] DEBUG org.apache.http.headers - http-outgoing-9 >> GET /wd/hub/session/18063075-812d-4a4c-a6cd-30fbf03bc7bd/element/F1000000-0000-0000-B019-000000000000/displayed HTTP/1.1
12:18:44.446 [Forwarding isElementDisplayed on session 18063075-812d-4a4c-a6cd-30fbf03bc7bd to remote] DEBUG org.apache.http.headers - http-outgoing-9 >> Cache-Control: no-cache
12:18:44.446 [Forwarding isElementDisplayed on session 18063075-812d-4a4c-a6cd-30fbf03bc7bd to remote] DEBUG org.apache.http.headers - http-outgoing-9 >> Host: localhost:4723
12:18:44.446 [Forwarding isElementDisplayed on session 18063075-812d-4a4c-a6cd-30fbf03bc7bd to remote] DEBUG org.apache.http.headers - http-outgoing-9 >> Connection: Keep-Alive
12:18:44.446 [Forwarding isElementDisplayed on session 18063075-812d-4a4c-a6cd-30fbf03bc7bd to remote] DEBUG org.apache.http.headers - http-outgoing-9 >> User-Agent: Apache-HttpClient/4.5.2 (Java/1.8.0_171)
12:18:44.446 [Forwarding isElementDisplayed on session 18063075-812d-4a4c-a6cd-30fbf03bc7bd to remote] DEBUG org.apache.http.headers - http-outgoing-9 >> Accept-Encoding: gzip,deflate
12:18:44.446 [Forwarding isElementDisplayed on session 18063075-812d-4a4c-a6cd-30fbf03bc7bd to remote] DEBUG org.apache.http.wire - http-outgoing-9 >> "GET /wd/hub/session/18063075-812d-4a4c-a6cd-30fbf03bc7bd/element/F1000000-0000-0000-B019-000000000000/displayed HTTP/1.1[\r][\n]"
12:18:44.446 [Forwarding isElementDisplayed on session 18063075-812d-4a4c-a6cd-30fbf03bc7bd to remote] DEBUG org.apache.http.wire - http-outgoing-9 >> "Cache-Control: no-cache[\r][\n]"
12:18:44.446 [Forwarding isElementDisplayed on session 18063075-812d-4a4c-a6cd-30fbf03bc7bd to remote] DEBUG org.apache.http.wire - http-outgoing-9 >> "Host: localhost:4723[\r][\n]"
12:18:44.446 [Forwarding isElementDisplayed on session 18063075-812d-4a4c-a6cd-30fbf03bc7bd to remote] DEBUG org.apache.http.wire - http-outgoing-9 >> "Connection: Keep-Alive[\r][\n]"
12:18:44.446 [Forwarding isElementDisplayed on session 18063075-812d-4a4c-a6cd-30fbf03bc7bd to remote] DEBUG org.apache.http.wire - http-outgoing-9 >> "User-Agent: Apache-HttpClient/4.5.2 (Java/1.8.0_171)[\r][\n]"
12:18:44.446 [Forwarding isElementDisplayed on session 18063075-812d-4a4c-a6cd-30fbf03bc7bd to remote] DEBUG org.apache.http.wire - http-outgoing-9 >> "Accept-Encoding: gzip,deflate[\r][\n]"
12:18:44.446 [Forwarding isElementDisplayed on session 18063075-812d-4a4c-a6cd-30fbf03bc7bd to remote] DEBUG org.apache.http.wire - http-outgoing-9 >> "[\r][\n]"
&amp#27;[35m[HTTP]&amp#27;[39m &amp#27;[37m-->&amp#27;[39m &amp#27;[37mGET&amp#27;[39m &amp#27;[37m/wd/hub/session/18063075-812d-4a4c-a6cd-30fbf03bc7bd/element/F1000000-0000-0000-B019-000000000000/displayed&amp#27;[39m
&amp#27;[35m[HTTP]&amp#27;[39m &amp#27;[90m{}&amp#27;[39m
&amp#27;[35m[MJSONWP]&amp#27;[39m Driver proxy active, passing request on via HTTP proxy
&amp#27;[35m[JSONWP Proxy]&amp#27;[39m Replacing sessionId E840BF70-6563-4B212:18:44.701 [Forwarding isElementDisplayed on session 18063075-812d-4a4c-a6cd-30fbf03bc7bd to remote] DEBUG org.apache.http.wire - http-outgoing-9 << "HTTP/1.1 200 OK[\r][\n]"
D-BA8C-84CB2A912:18:44.701 [Forwarding isElementDisplayed on session 18063075-812d-4a4c-a6cd-30fbf03bc7bd to remote] DEBUG org.apache.http.wire - http-outgoing-9 << "X-Powered-By: Express[\r][\n]"
E12:18:44.701 [Forwarding isElementDisplayed on session 18063075-812d-4a4c-a6cd-30fbf03bc7bd to remote] DEBUG org.apache.http.wire - http-outgoing-9 << "Access-Control-Allow-Origin: *[\r][\n]"
B8B3 wit12:18:44.701 [Forwarding isElementDisplayed on session 18063075-812d-4a4c-a6cd-30fbf03bc7bd to remote] DEBUG org.apache.http.wire - http-outgoing-9 << "Access-Control-Allow-Methods: GET,POST,PUT,OPTIONS,DELETE[\r][\n]"
h 1812:18:44.701 [Forwarding isElementDisplayed on session 18063075-812d-4a4c-a6cd-30fbf03bc7bd to remote] DEBUG org.apache.http.wire - http-outgoing-9 << "Access-Control-Allow-Headers: origin, content-type, accept[\r][\n]"
063012:18:44.701 [Forwarding isElementDisplayed on session 18063075-812d-4a4c-a6cd-30fbf03bc7bd to remote] DEBUG org.apache.http.wire - http-outgoing-9 << "Content-Type: application/json; charset=utf-8[\r][\n]"
12:18:44.701 [Forwarding isElementDisplayed on session 18063075-812d-4a4c-a6cd-30fbf03bc7bd to remote] DEBUG org.apache.http.wire - http-outgoing-9 << "Content-Length: 76[\r][\n]"
75-812:18:44.701 [Forwarding isElementDisplayed on session 18063075-812d-4a4c-a6cd-30fbf03bc7bd to remote] DEBUG org.apache.http.wire - http-outgoing-9 << "ETag: W/"4c-Y7k244UeXncxktz3h+rJR8RJids"[\r][\n]"
12:18:44.701 [Forwarding isElementDisplayed on session 18063075-812d-4a4c-a6cd-30fbf03bc7bd to remote] DEBUG org.apache.http.wire - http-outgoing-9 << "Date: Fri, 23 Aug 2019 06:48:44 GMT[\r][\n]"
12:18:44.701 [Forwarding isElementDisplayed on session 18063075-812d-4a4c-a6cd-30fbf03bc7bd to remote] DEBUG org.apache.http.wire - http-outgoing-9 << "Connection: keep-alive[\r][\n]"
12d-4a4c-12:18:44.701 [Forwarding isElementDisplayed on session 18063075-812d-4a4c-a6cd-30fbf03bc7bd to remote] DEBUG org.apache.http.wire - http-outgoing-9 << "[\r][\n]"
12:18:44.701 [Forwarding isElementDisplayed on session 18063075-812d-4a4c-a6cd-30fbf03bc7bd to remote] DEBUG org.apache.http.wire - http-outgoing-9 << "{"value":true,"sessionId":"18063075-812d-4a4c-a6cd-30fbf03bc7bd","status":0}"
a6cd-30f12:18:44.701 [Forwarding isElementDisplayed on session 18063075-812d-4a4c-a6cd-30fbf03bc7bd to remote] DEBUG org.apache.http.headers - http-outgoing-9 << HTTP/1.1 200 OK
12:18:44.701 [Forwarding isElementDisplayed on session 18063075-812d-4a4c-a6cd-30fbf03bc7bd to remote] DEBUG org.apache.http.headers - http-outgoing-9 << X-Powered-By: Express
bf12:18:44.701 [Forwarding isElementDisplayed on session 18063075-812d-4a4c-a6cd-30fbf03bc7bd to remote] DEBUG org.apache.http.headers - http-outgoing-9 << Access-Control-Allow-Origin: *
12:18:44.701 [Forwarding isElementDisplayed on session 18063075-812d-4a4c-a6cd-30fbf03bc7bd to remote] DEBUG org.apache.http.headers - http-outgoing-9 << Access-Control-Allow-Methods: GET,POST,PUT,OPTIONS,DELETE
12:18:44.701 [Forwarding isElementDisplayed on session 18063075-812d-4a4c-a6cd-30fbf03bc7bd to remote] DEBUG org.apache.http.headers - http-outgoing-9 << Access-Control-Allow-Headers: origin, content-type, accept
12:18:44.701 [Forwarding isElementDisplayed on session 18063075-812d-4a4c-a6cd-30fbf03bc7bd to remote] DEBUG org.apache.http.headers - http-outgoing-9 << Content-Type: application/json; charset=utf-8
12:18:44.701 [Forwarding isElementDisplayed on session 18063075-812d-4a4c-a6cd-30fbf03bc7bd to remote] DEBUG org.apache.http.headers - http-outgoing-9 << Content-Length: 76
03bc7bd
12:18:44.701 [Forwarding isElementDisplayed on session 18063075-812d-4a4c-a6cd-30fbf03bc7bd to remote] DEBUG org.apache.http.headers - http-outgoing-9 << ETag: W/"4c-Y7k244UeXncxktz3h+rJR8RJids"
12:18:44.701 [Forwarding isElementDisplayed on session 18063075-812d-4a4c-a6cd-30fbf03bc7bd to remote] DEBUG org.apache.http.headers - http-outgoing-9 << Date: Fri, 23 Aug 2019 06:48:44 GMT
12:18:44.701 [Forwarding isElementDisplayed on session 18063075-812d-4a4c-a6cd-30fbf03bc7bd to remote] DEBUG org.apache.http.headers - http-outgoing-9 << Connection: keep-alive
&amp#27;[35m[HTTP]&amp#27;[39m &amp#27;[37m<-- GET /w12:18:44.701 [Forwarding isElementDisplayed on session 18063075-812d-4a4c-a6cd-30fbf03bc7bd to remote] DEBUG o.a.h.impl.execchain.MainClientExec - Connection can be kept alive indefinitely
d/hub/session/18063012:18:44.702 [Forwarding isElementDisplayed on session 18063075-812d-4a4c-a6cd-30fbf03bc7bd to remote] DEBUG o.a.h.i.c.PoolingHttpClientConnectionManager - Connection [id: 9][route: {}->http://localhost:4723] can be kept alive indefinitely
75-812d-4a4c-12:18:44.702 [Forwarding isElementDisplayed on session 18063075-812d-4a4c-a6cd-30fbf03bc7bd to remote] DEBUG o.a.h.i.c.PoolingHttpClientConnectionManager - Connection released: [id: 9][route: {}->http://localhost:4723][total kept alive: 1; route allocated: 1 of 2000; total allocated: 1 of 2000]
a6cd-30fbf03bc7bd/element/F1000000-0000-0000-B019-000000000000/displayed &amp#27;[39m&amp#27;[32m200&amp#27;[39m &amp#27;[90m254 ms - 76&amp#27;[39m
&amp#27;[35m[HTTP]&amp#27;[39m &amp#27;[90m&amp#27;[39m
12:18:44.702 [Forwarding findElement on session 18063075-812d-4a4c-a6cd-30fbf03bc7bd to remote] DEBUG o.a.h.c.protocol.RequestAddCookies - CookieSpec selected: default
12:18:44.703 [Forwarding findElement on session 18063075-812d-4a4c-a6cd-30fbf03bc7bd to remote] DEBUG o.a.h.c.protocol.RequestAuthCache - Auth cache not set in the context
12:18:44.703 [Forwarding findElement on session 18063075-812d-4a4c-a6cd-30fbf03bc7bd to remote] DEBUG o.a.h.i.c.PoolingHttpClientConnectionManager - Connection request: [route: {}->http://localhost:4723][total kept alive: 1; route allocated: 1 of 2000; total allocated: 1 of 2000]
12:18:44.703 [Forwarding findElement on session 18063075-812d-4a4c-a6cd-30fbf03bc7bd to remote] DEBUG o.a.h.i.c.PoolingHttpClientConnectionManager - Connection leased: [id: 9][route: {}->http://localhost:4723][total kept alive: 0; route allocated: 1 of 2000; total allocated: 1 of 2000]
12:18:44.703 [Forwarding findElement on session 18063075-812d-4a4c-a6cd-30fbf03bc7bd to remote] DEBUG o.a.h.impl.execchain.MainClientExec - Stale connection check
12:18:44.704 [Forwarding findElement on session 18063075-812d-4a4c-a6cd-30fbf03bc7bd to remote] DEBUG org.apache.http.wire - http-outgoing-9 << "[read] I/O error: Read timed out"
12:18:44.704 [Forwarding findElement on session 18063075-812d-4a4c-a6cd-30fbf03bc7bd to remote] DEBUG o.a.h.i.c.DefaultManagedHttpClientConnection - http-outgoing-9: set socket timeout to 10800000
12:18:44.704 [Forwarding findElement on session 18063075-812d-4a4c-a6cd-30fbf03bc7bd to remote] DEBUG o.a.h.impl.execchain.MainClientExec - Executing request POST /wd/hub/session/18063075-812d-4a4c-a6cd-30fbf03bc7bd/element HTTP/1.1
12:18:44.704 [Forwarding findElement on session 18063075-812d-4a4c-a6cd-30fbf03bc7bd to remote] DEBUG o.a.h.impl.execchain.MainClientExec - Target auth state: UNCHALLENGED
12:18:44.704 [Forwarding findElement on session 18063075-812d-4a4c-a6cd-30fbf03bc7bd to remote] DEBUG o.a.h.impl.execchain.MainClientExec - Proxy auth state: UNCHALLENGED
12:18:44.704 [Forwarding findElement on session 18063075-812d-4a4c-a6cd-30fbf03bc7bd to remote] DEBUG org.apache.http.headers - http-outgoing-9 >> POST /wd/hub/session/18063075-812d-4a4c-a6cd-30fbf03bc7bd/element HTTP/1.1
12:18:44.704 [Forwarding findElement on session 18063075-812d-4a4c-a6cd-30fbf03bc7bd to remote] DEBUG org.apache.http.headers - http-outgoing-9 >> Content-Type: application/json; charset=utf-8
12:18:44.704 [Forwarding findElement on session 18063075-812d-4a4c-a6cd-30fbf03bc7bd to remote] DEBUG org.apache.http.headers - http-outgoing-9 >> Content-Length: 42
12:18:44.704 [Forwarding findElement on session 18063075-812d-4a4c-a6cd-30fbf03bc7bd to remote] DEBUG org.apache.http.headers - http-outgoing-9 >> Host: localhost:4723
12:18:44.704 [Forwarding findElement on session 18063075-812d-4a4c-a6cd-30fbf03bc7bd to remote] DEBUG org.apache.http.headers - http-outgoing-9 >> Connection: Keep-Alive
12:18:44.704 [Forwarding findElement on session 18063075-812d-4a4c-a6cd-30fbf03bc7bd to remote] DEBUG org.apache.http.headers - http-outgoing-9 >> User-Agent: Apache-HttpClient/4.5.2 (Java/1.8.0_171)
12:18:44.704 [Forwarding findElement on session 18063075-812d-4a4c-a6cd-30fbf03bc7bd to remote] DEBUG org.apache.http.headers - http-outgoing-9 >> Accept-Encoding: gzip,deflate
12:18:44.704 [Forwarding findElement on session 18063075-812d-4a4c-a6cd-30fbf03bc7bd to remote] DEBUG org.apache.http.wire - http-outgoing-9 >> "POST /wd/hub/session/18063075-812d-4a4c-a6cd-30fbf03bc7bd/element HTTP/1.1[\r][\n]"
12:18:44.704 [Forwarding findElement on session 18063075-812d-4a4c-a6cd-30fbf03bc7bd to remote] DEBUG org.apache.http.wire - http-outgoing-9 >> "Content-Type: application/json; charset=utf-8[\r][\n]"
12:18:44.704 [Forwarding findElement on session 18063075-812d-4a4c-a6cd-30fbf03bc7bd to remote] DEBUG org.apache.http.wire - http-outgoing-9 >> "Content-Length: 42[\r][\n]"
12:18:44.704 [Forwarding findElement on session 18063075-812d-4a4c-a6cd-30fbf03bc7bd to remote] DEBUG org.apache.http.wire - http-outgoing-9 >> "Host: localhost:4723[\r][\n]"
12:18:44.704 [Forwarding findElement on session 18063075-812d-4a4c-a6cd-30fbf03bc7bd to remote] DEBUG org.apache.http.wire - http-outgoing-9 >> "Connection: Keep-Alive[\r][\n]"
12:18:44.704 [Forwarding findElement on session 18063075-812d-4a4c-a6cd-30fbf03bc7bd to remote] DEBUG org.apache.http.wire - http-outgoing-9 >> "User-Agent: Apache-HttpClient/4.5.2 (Java/1.8.0_171)[\r][\n]"
12:18:44.704 [Forwarding findElement on session 18063075-812d-4a4c-a6cd-30fbf03bc7bd to remote] DEBUG org.apache.http.wire - http-outgoing-9 >> "Accept-Encoding: gzip,deflate[\r][\n]"
12:18:44.704 [Forwarding findElement on session 18063075-812d-4a4c-a6cd-30fbf03bc7bd to remote] DEBUG org.apache.http.wire - http-outgoing-9 >> "[\r][\n]"
12:18:44.704 [Forwarding findElement on session 18063075-812d-4a4c-a6cd-30fbf03bc7bd to remote] DEBUG org.apache.http.wire - http-outgoing-9 >> "{"using":"name","value":"navbar back btn"}"
&amp#27;[35m[HTTP]&amp#27;[39m &amp#27;[37m-->&amp#27;[39m &amp#27;[37mPOST&amp#27;[39m &amp#27;[37m/wd/hub/session/18063075-812d-4a4c-a6cd-30fbf03bc7bd/element&amp#27;[39m
&amp#27;[35m[HTTP]&amp#27;[39m &amp#27;[90m{"using":"name","value":"navbar back btn"}&amp#27;[39m
12:18:45.045 [Forwarding findElement on session 18063075-812d-4a4c-a6cd-30fbf03bc7bd to remote] DEBUG org.apache.http.wire - http-outgoing-9 << "HTTP/1.1 200 OK[\r][\n]"
12:18:45.045 [Forwarding findElement on session 18063075-812d-4a4c-a6cd-30fbf03bc7bd to remote] DEBUG org.apache.http.wire - http-outgoing-9 << "X-Powered-By: Express[\r][\n]"
12:18:45.045 [Forwarding findElement on session 18063075-812d-4a4c-a6cd-30fbf03bc7bd to remote] DEBUG org.apache.http.wire - http-outgoing-9 << "Access-Control-Allow-Origin: *[\r][\n]"
12:18:45.045 [Forwarding findElement on session 18063075-812d-4a4c-a6cd-30fbf03bc7bd to remote] DEBUG org.apache.http.wire - http-outgoing-9 << "Access-Control-Allow-Methods: GET,POST,PUT,OPTIONS,DELETE[\r][\n]"
12:18:45.045 [Forwarding findElement on session 18063075-812d-4a4c-a6cd-30fbf03bc7bd to remote] DEBUG org.apache.http.wire - http-outgoing-9 << "Access-Control-Allow-Headers: origin, content-type, accept[\r][\n]"
12:18:45.045 [Forwarding findElement on session 18063075-812d-4a4c-a6cd-30fbf03bc7bd to remote] DEBUG org.apache.http.wire - http-outgoing-9 << "Vary: X-HTTP-Method-Override[\r][\n]"
12:18:45.045 [Forwarding findElement on session 18063075-812d-4a4c-a6cd-30fbf03bc7bd to remote] DEBUG org.apache.http.wire - http-outgoing-9 << "Content-Type: application/json; charset=utf-8[\r][\n]"
12:18:45.045 [Forwarding findElement on session 18063075-812d-4a4c-a6cd-30fbf03bc7bd to remote] DEBUG org.apache.http.wire - http-outgoing-9 << "Content-Length: 122[\r][\n]"
12:18:45.045 [Forwarding findElement on session 18063075-812d-4a4c-a6cd-30fbf03bc7bd to remote] DEBUG org.apache.http.wire - http-outgoing-9 << "ETag: W/"7a-2r6nvnp0LU9YJCbEGSmvxrz50C0"[\r][\n]"
12:18:45.045 [Forwarding findElement on session 18063075-812d-4a4c-a6cd-30fbf03bc7bd to remote] DEBUG org.apache.http.wire - http-outgoing-9 << "Date: Fri, 23 Aug 2019 06:48:45 GMT[\r][\n]"
12:18:45.045 [Forwarding findElement on session 18063075-812d-4a4c-a6cd-30fbf03bc7bd to remote] DEBUG org.apache.http.wire - http-outgoing-9 << "Connection: keep-alive[\r][\n]"
12:18:45.045 [Forwarding findElement on session 18063075-812d-4a4c-a6cd-30fbf03bc7bd to remote] DEBUG org.apache.http.wire - http-outgoing-9 << "[\r][\n]"
12:18:45.045 [Forwarding findElement on session 18063075-812d-4a4c-a6cd-30fbf03bc7bd to remote] DEBUG org.apache.http.wire - http-outgoing-9 << "{"status":0,"value":{"ELEMENT":"F1000000-0000-0000-B019-000000000000"},"sessionId":"18063075-812d-4a4c-a6cd-30fbf03bc7bd"}"
&amp#27;[35m[HT12:18:45.046 [Forwarding findElement on session 18063075-812d-4a4c-a6cd-30fbf03bc7bd to remote] DEBUG org.apache.http.headers - http-outgoing-9 << HTTP/1.1 200 OK
TP]&amp#27;[39m &amp#27;[37m<-- POST /wd/hub/session/18063075-812d-4a4c-a6cd-30fbf03bc7bd/element &amp#27;[39m&amp#27;[32m200&amp#27;[39m &amp#27;[90m340 ms - 122&amp#27;[39m
12:18:45.046 [Forwarding findElement on session 18063075-812d-4a4c-a6cd-30fbf03bc7bd to remote] DEBUG org.apache.http.headers - http-outgoing-9 << X-Powered-By: Express
&amp#27;[12:18:45.046 [Forwarding findElement on session 18063075-812d-4a4c-a6cd-30fbf03bc7bd to remote] DEBUG org.apache.http.headers - http-outgoing-9 << Access-Control-Allow-Origin: *
35m[H12:18:45.046 [Forwarding findElement on session 18063075-812d-4a4c-a6cd-30fbf03bc7bd to remote] DEBUG org.apache.http.headers - http-outgoing-9 << Access-Control-Allow-Methods: GET,POST,PUT,OPTIONS,DELETE
12:18:45.046 [Forwarding findElement on session 18063075-812d-4a4c-a6cd-30fbf03bc7bd to remote] DEBUG org.apache.http.headers - http-outgoing-9 << Access-Control-Allow-Headers: origin, content-type, accept
TTP]&amp#27;[39m &amp#27;[90m&amp#27;[39m
12:18:45.047 [Forwarding findElement on session 18063075-812d-4a4c-a6cd-30fbf03bc7bd to remote] DEBUG org.apache.http.headers - http-outgoing-9 << Vary: X-HTTP-Method-Override
12:18:45.047 [Forwarding findElement on session 18063075-812d-4a4c-a6cd-30fbf03bc7bd to remote] DEBUG org.apache.http.headers - http-outgoing-9 << Content-Type: application/json; charset=utf-8
12:18:45.047 [Forwarding findElement on session 18063075-812d-4a4c-a6cd-30fbf03bc7bd to remote] DEBUG org.apache.http.headers - http-outgoing-9 << Content-Length: 122
12:18:45.047 [Forwarding findElement on session 18063075-812d-4a4c-a6cd-30fbf03bc7bd to remote] DEBUG org.apache.http.headers - http-outgoing-9 << ETag: W/"7a-2r6nvnp0LU9YJCbEGSmvxrz50C0"
12:18:45.047 [Forwarding findElement on session 18063075-812d-4a4c-a6cd-30fbf03bc7bd to remote] DEBUG org.apache.http.headers - http-outgoing-9 << Date: Fri, 23 Aug 2019 06:48:45 GMT
12:18:45.047 [Forwarding findElement on session 18063075-812d-4a4c-a6cd-30fbf03bc7bd to remote] DEBUG org.apache.http.headers - http-outgoing-9 << Connection: keep-alive
12:18:45.047 [Forwarding findElement on session 18063075-812d-4a4c-a6cd-30fbf03bc7bd to remote] DEBUG o.a.h.impl.execchain.MainClientExec - Connection can be kept alive indefinitely
12:18:45.047 [Forwarding findElement on session 18063075-812d-4a4c-a6cd-30fbf03bc7bd to remote] DEBUG o.a.h.i.c.PoolingHttpClientConnectionManager - Connection [id: 9][route: {}->http://localhost:4723] can be kept alive indefinitely
12:18:45.047 [Forwarding findElement on session 18063075-812d-4a4c-a6cd-30fbf03bc7bd to remote] DEBUG o.a.h.i.c.PoolingHttpClientConnectionManager - Connection released: [id: 9][route: {}->http://localhost:4723][total kept alive: 1; route allocated: 1 of 2000; total allocated: 1 of 2000]
12:18:45.048 [Forwarding clickElement on session 18063075-812d-4a4c-a6cd-30fbf03bc7bd to remote] DEBUG o.a.h.c.protocol.RequestAddCookies - CookieSpec selected: default
12:18:45.048 [Forwarding clickElement on session 18063075-812d-4a4c-a6cd-30fbf03bc7bd to remote] DEBUG o.a.h.c.protocol.RequestAuthCache - Auth cache not set in the context
12:18:45.048 [Forwarding clickElement on session 18063075-812d-4a4c-a6cd-30fbf03bc7bd to remote] DEBUG o.a.h.i.c.PoolingHttpClientConnectionManager - Connection request: [route: {}->http://localhost:4723][total kept alive: 1; route allocated: 1 of 2000; total allocated: 1 of 2000]
12:18:45.048 [Forwarding clickElement on session 18063075-812d-4a4c-a6cd-30fbf03bc7bd to remote] DEBUG o.a.h.i.c.PoolingHttpClientConnectionManager - Connection leased: [id: 9][route: {}->http://localhost:4723][total kept alive: 0; route allocated: 1 of 2000; total allocated: 1 of 2000]
12:18:45.048 [Forwarding clickElement on session 18063075-812d-4a4c-a6cd-30fbf03bc7bd to remote] DEBUG o.a.h.impl.execchain.MainClientExec - Stale connection check
12:18:45.049 [Forwarding clickElement on session 18063075-812d-4a4c-a6cd-30fbf03bc7bd to remote] DEBUG org.apache.http.wire - http-outgoing-9 << "[read] I/O error: Read timed out"
12:18:45.049 [Forwarding clickElement on session 18063075-812d-4a4c-a6cd-30fbf03bc7bd to remote] DEBUG o.a.h.i.c.DefaultManagedHttpClientConnection - http-outgoing-9: set socket timeout to 10800000
12:18:45.049 [Forwarding clickElement on session 18063075-812d-4a4c-a6cd-30fbf03bc7bd to remote] DEBUG o.a.h.impl.execchain.MainClientExec - Executing request POST /wd/hub/session/18063075-812d-4a4c-a6cd-30fbf03bc7bd/element/F1000000-0000-0000-B019-000000000000/click HTTP/1.1
12:18:45.049 [Forwarding clickElement on session 18063075-812d-4a4c-a6cd-30fbf03bc7bd to remote] DEBUG o.a.h.impl.execchain.MainClientExec - Target auth state: UNCHALLENGED
12:18:45.049 [Forwarding clickElement on session 18063075-812d-4a4c-a6cd-30fbf03bc7bd to remote] DEBUG o.a.h.impl.execchain.MainClientExec - Proxy auth state: UNCHALLENGED
12:18:45.049 [Forwarding clickElement on session 18063075-812d-4a4c-a6cd-30fbf03bc7bd to remote] DEBUG org.apache.http.headers - http-outgoing-9 >> POST /wd/hub/session/18063075-812d-4a4c-a6cd-30fbf03bc7bd/element/F1000000-0000-0000-B019-000000000000/click HTTP/1.1
12:18:45.049 [Forwarding clickElement on session 18063075-812d-4a4c-a6cd-30fbf03bc7bd to remote] DEBUG org.apache.http.headers - http-outgoing-9 >> Content-Type: application/json; charset=utf-8
12:18:45.049 [Forwarding clickElement on session 18063075-812d-4a4c-a6cd-30fbf03bc7bd to remote] DEBUG org.apache.http.headers - http-outgoing-9 >> Content-Length: 45
12:18:45.049 [Forwarding clickElement on session 18063075-812d-4a4c-a6cd-30fbf03bc7bd to remote] DEBUG org.apache.http.headers - http-outgoing-9 >> Host: localhost:4723
12:18:45.049 [Forwarding clickElement on session 18063075-812d-4a4c-a6cd-30fbf03bc7bd to remote] DEBUG org.apache.http.headers - http-outgoing-9 >> Connection: Keep-Alive
12:18:45.049 [Forwarding clickElement on session 18063075-812d-4a4c-a6cd-30fbf03bc7bd to remote] DEBUG org.apache.http.headers - http-outgoing-9 >> User-Agent: Apache-HttpClient/4.5.2 (Java/1.8.0_171)
12:18:45.049 [Forwarding clickElement on session 18063075-812d-4a4c-a6cd-30fbf03bc7bd to remote] DEBUG org.apache.http.headers - http-outgoing-9 >> Accept-Encoding: gzip,deflate
12:18:45.049 [Forwarding clickElement on session 18063075-812d-4a4c-a6cd-30fbf03bc7bd to remote] DEBUG org.apache.http.wire - http-outgoing-9 >> "POST /wd/hub/session/18063075-812d-4a4c-a6cd-30fbf03bc7bd/element/F1000000-0000-0000-B019-000000000000/click HTTP/1.1[\r][\n]"
12:18:45.049 [Forwarding clickElement on session 18063075-812d-4a4c-a6cd-30fbf03bc7bd to remote] DEBUG org.apache.http.wire - http-outgoing-9 >> "Content-Type: application/json; charset=utf-8[\r][\n]"
12:18:45.049 [Forwarding clickElement on session 18063075-812d-4a4c-a6cd-30fbf03bc7bd to remote] DEBUG org.apache.http.wire - http-outgoing-9 >> "Content-Length: 45[\r][\n]"
12:18:45.049 [Forwarding clickElement on session 18063075-812d-4a4c-a6cd-30fbf03bc7bd to remote] DEBUG org.apache.http.wire - http-outgoing-9 >> "Host: localhost:4723[\r][\n]"
12:18:45.049 [Forwarding clickElement on session 18063075-812d-4a4c-a6cd-30fbf03bc7bd to remote] DEBUG org.apache.http.wire - http-outgoing-9 >> "Connection: Keep-Alive[\r][\n]"
12:18:45.049 [Forwarding clickElement on session 18063075-812d-4a4c-a6cd-30fbf03bc7bd to remote] DEBUG org.apache.http.wire - http-outgoing-9 >> "User-Agent: Apache-HttpClient/4.5.2 (Java/1.8.0_171)[\r][\n]"
12:18:45.049 [Forwarding clickElement on session 18063075-812d-4a4c-a6cd-30fbf03bc7bd to remote] DEBUG org.apache.http.wire - http-outgoing-9 >> "Accept-Encoding: gzip,deflate[\r][\n]"
12:18:45.049 [Forwarding clickElement on session 18063075-812d-4a4c-a6cd-30fbf03bc7bd to remote] DEBUG org.apache.http.wire - http-outgoing-9 >> "[\r][\n]"
12:18:45.049 [Forwarding clickElement on session 18063075-812d-4a4c-a6cd-30fbf03bc7bd to remote] DEBUG org.apache.http.wire - http-outgoing-9 >> "{"id":"F1000000-0000-0000-B019-000000000000"}"
&amp#27;[35m[HTTP]&amp#27;[39m &amp#27;[37m-->&amp#27;[39m &amp#27;[37mPOST&amp#27;[39m &amp#27;[37m/wd/hub/session/18063075-812d-4a4c-a6cd-30fbf03bc7bd/element/F1000000-0000-0000-B019-000000000000/click&amp#27;[39m
&amp#27;[35m[HTTP]&amp#27;[39m &amp#27;[90m{"id":"F1000000-0000-0000-B019-000000000000"}&amp#27;[39m
&amp#27;[35m[MJSONWP]&amp#27;[39m Driver proxy active, passing request on via HTTP proxy
&amp#27;[35m[JSONWP Proxy]&amp#27;[39m Replacing sessionId 12:18:45.740 [Forwarding clickElement on session 18063075-812d-4a4c-a6cd-30fbf03bc7bd to remote] DEBUG org.apache.http.wire - http-outgoing-9 << "HTTP/1.1 200 OK[\r][\n]"
E812:18:45.740 [Forwarding clickElement on session 18063075-812d-4a4c-a6cd-30fbf03bc7bd to remote] DEBUG org.apache.http.wire - http-outgoing-9 << "X-Powered-By: Express[\r][\n]"
40B12:18:45.740 [Forwarding clickElement on session 18063075-812d-4a4c-a6cd-30fbf03bc7bd to remote] DEBUG org.apache.http.wire - http-outgoing-9 << "Access-Control-Allow-Origin: *[\r][\n]"
12:18:45.740 [Forwarding clickElement on session 18063075-812d-4a4c-a6cd-30fbf03bc7bd to remote] DEBUG org.apache.http.wire - http-outgoing-9 << "Access-Control-Allow-Methods: GET,POST,PUT,OPTIONS,DELETE[\r][\n]"
F70-6563-4B2D12:18:45.740 [Forwarding clickElement on session 18063075-812d-4a4c-a6cd-30fbf03bc7bd to remote] DEBUG org.apache.http.wire - http-outgoing-9 << "Access-Control-Allow-Headers: origin, content-type, accept[\r][\n]"
12:18:45.740 [Forwarding clickElement on session 18063075-812d-4a4c-a6cd-30fbf03bc7bd to remote] DEBUG org.apache.http.wire - http-outgoing-9 << "Vary: X-HTTP-Method-Override[\r][\n]"
-BA8C-84CB2A9EB8B3 12:18:45.740 [Forwarding clickElement on session 18063075-812d-4a4c-a6cd-30fbf03bc7bd to remote] DEBUG org.apache.http.wire - http-outgoing-9 << "Content-Type: application/json; charset=utf-8[\r][\n]"
with 18063075-12:18:45.740 [Forwarding clickElement on session 18063075-812d-4a4c-a6cd-30fbf03bc7bd to remote] DEBUG org.apache.http.wire - http-outgoing-9 << "Content-Length: 118[\r][\n]"
12:18:45.740 [Forwarding clickElement on session 18063075-812d-4a4c-a6cd-30fbf03bc7bd to remote] DEBUG org.apache.http.wire - http-outgoing-9 << "ETag: W/"76-X/6KJ6rbZSWzyJVAOJtU1zDI95s"[\r][\n]"
812d-4a4c-a6cd-30fbf03bc7bd
12:18:45.740 [Forwarding clickElement on session 18063075-812d-4a4c-a6cd-30fbf03bc7bd to remote] DEBUG org.apache.http.wire - http-outgoing-9 << "Date: Fri, 23 Aug 2019 06:48:45 GMT[\r][\n]"
&amp#27;[3512:18:45.741 [Forwarding clickElement on session 18063075-812d-4a4c-a6cd-30fbf03bc7bd to remote] DEBUG org.apache.http.wire - http-outgoing-9 << "Connection: keep-alive[\r][\n]"
m[HTTP]&amp#27;[39m &amp#27;[37m<-- POST /wd/hub/session/18063075-812d-4a4c-a6cd-30fbf0312:18:45.741 [Forwarding clickElement on session 18063075-812d-4a4c-a6cd-30fbf03bc7bd to remote] DEBUG org.apache.http.wire - http-outgoing-9 << "[\r][\n]"
bc7bd/elem12:18:45.741 [Forwarding clickElement on session 18063075-812d-4a4c-a6cd-30fbf03bc7bd to remote] DEBUG org.apache.http.wire - http-outgoing-9 << "{"status":0,"id":"F1000000-0000-0000-B019-000000000000","value":"","sessionId":"18063075-812d-4a4c-a6cd-30fbf03bc7bd"}"
ent/F1000000-0000-0000-B01912:18:45.741 [Forwarding clickElement on session 18063075-812d-4a4c-a6cd-30fbf03bc7bd to remote] DEBUG org.apache.http.headers - http-outgoing-9 << HTTP/1.1 200 OK
-00012:18:45.742 [Forwarding clickElement on session 18063075-812d-4a4c-a6cd-30fbf03bc7bd to remote] DEBUG org.apache.http.headers - http-outgoing-9 << X-Powered-By: Express
000000000/cli12:18:45.742 [Forwarding clickElement on session 18063075-812d-4a4c-a6cd-30fbf03bc7bd to remote] DEBUG org.apache.http.headers - http-outgoing-9 << Access-Control-Allow-Origin: *
12:18:45.742 [Forwarding clickElement on session 18063075-812d-4a4c-a6cd-30fbf03bc7bd to remote] DEBUG org.apache.http.headers - http-outgoing-9 << Access-Control-Allow-Methods: GET,POST,PUT,OPTIONS,DELETE
12:18:45.742 [Forwarding clickElement on session 18063075-812d-4a4c-a6cd-30fbf03bc7bd to remote] DEBUG org.apache.http.headers - http-outgoing-9 << Access-Control-Allow-Headers: origin, content-type, accept
12:18:45.742 [Forwarding clickElement on session 18063075-812d-4a4c-a6cd-30fbf03bc7bd to remote] DEBUG org.apache.http.headers - http-outgoing-9 << Vary: X-HTTP-Method-Override
ck &amp#27;[39m&amp#27;[32m200&amp#27;[39m &amp#27;[90m690 ms - 118&amp#27;[39m
&amp#27;[3512:18:45.742 [Forwarding clickElement on session 18063075-812d-4a4c-a6cd-30fbf03bc7bd to remote] DEBUG org.apache.http.headers - http-outgoing-9 << Content-Type: application/json; charset=utf-8
m[HTTP]&amp#27;[3912:18:45.742 [Forwarding clickElement on session 18063075-812d-4a4c-a6cd-30fbf03bc7bd to remote] DEBUG org.apache.http.headers - http-outgoing-9 << Content-Length: 118
12:18:45.742 [Forwarding clickElement on session 18063075-812d-4a4c-a6cd-30fbf03bc7bd to remote] DEBUG org.apache.http.headers - http-outgoing-9 << ETag: W/"76-X/6KJ6rbZSWzyJVAOJtU1zDI95s"
12:18:45.742 [Forwarding clickElement on session 18063075-812d-4a4c-a6cd-30fbf03bc7bd to remote] DEBUG org.apache.http.headers - http-outgoing-9 << Date: Fri, 23 Aug 2019 06:48:45 GMT
12:18:45.742 [Forwarding clickElement on session 18063075-812d-4a4c-a6cd-30fbf03bc7bd to remote] DEBUG org.apache.http.headers - http-outgoing-9 << Connection: keep-alive
m &amp#27;[90m&amp#27;[39m
12:18:45.742 [Forwarding clickElement on session 18063075-812d-4a4c-a6cd-30fbf03bc7bd to remote] DEBUG o.a.h.impl.execchain.MainClientExec - Connection can be kept alive indefinitely
12:18:45.743 [Forwarding clickElement on session 18063075-812d-4a4c-a6cd-30fbf03bc7bd to remote] DEBUG o.a.h.i.c.PoolingHttpClientConnectionManager - Connection [id: 9][route: {}->http://localhost:4723] can be kept alive indefinitely
12:18:45.743 [Forwarding clickElement on session 18063075-812d-4a4c-a6cd-30fbf03bc7bd to remote] DEBUG o.a.h.i.c.PoolingHttpClientConnectionManager - Connection released: [id: 9][route: {}->http://localhost:4723][total kept alive: 1; route allocated: 1 of 2000; total allocated: 1 of 2000]
12:18:45.743 [Forwarding findElement on session 18063075-812d-4a4c-a6cd-30fbf03bc7bd to remote] DEBUG o.a.h.c.protocol.RequestAddCookies - CookieSpec selected: default
12:18:45.743 [Forwarding findElement on session 18063075-812d-4a4c-a6cd-30fbf03bc7bd to remote] DEBUG o.a.h.c.protocol.RequestAuthCache - Auth cache not set in the context
12:18:45.743 [Forwarding findElement on session 18063075-812d-4a4c-a6cd-30fbf03bc7bd to remote] DEBUG o.a.h.i.c.PoolingHttpClientConnectionManager - Connection request: [route: {}->http://localhost:4723][total kept alive: 1; route allocated: 1 of 2000; total allocated: 1 of 2000]
12:18:45.743 [Forwarding findElement on session 18063075-812d-4a4c-a6cd-30fbf03bc7bd to remote] DEBUG o.a.h.i.c.PoolingHttpClientConnectionManager - Connection leased: [id: 9][route: {}->http://localhost:4723][total kept alive: 0; route allocated: 1 of 2000; total allocated: 1 of 2000]
12:18:45.743 [Forwarding findElement on session 18063075-812d-4a4c-a6cd-30fbf03bc7bd to remote] DEBUG o.a.h.impl.execchain.MainClientExec - Stale connection check
12:18:45.745 [Forwarding findElement on session 18063075-812d-4a4c-a6cd-30fbf03bc7bd to remote] DEBUG org.apache.http.wire - http-outgoing-9 << "[read] I/O error: Read timed out"
12:18:45.745 [Forwarding findElement on session 18063075-812d-4a4c-a6cd-30fbf03bc7bd to remote] DEBUG o.a.h.i.c.DefaultManagedHttpClientConnection - http-outgoing-9: set socket timeout to 10800000
12:18:45.745 [Forwarding findElement on session 18063075-812d-4a4c-a6cd-30fbf03bc7bd to remote] DEBUG o.a.h.impl.execchain.MainClientExec - Executing request POST /wd/hub/session/18063075-812d-4a4c-a6cd-30fbf03bc7bd/element HTTP/1.1
12:18:45.745 [Forwarding findElement on session 18063075-812d-4a4c-a6cd-30fbf03bc7bd to remote] DEBUG o.a.h.impl.execchain.MainClientExec - Target auth state: UNCHALLENGED
12:18:45.745 [Forwarding findElement on session 18063075-812d-4a4c-a6cd-30fbf03bc7bd to remote] DEBUG o.a.h.impl.execchain.MainClientExec - Proxy auth state: UNCHALLENGED
12:18:45.745 [Forwarding findElement on session 18063075-812d-4a4c-a6cd-30fbf03bc7bd to remote] DEBUG org.apache.http.headers - http-outgoing-9 >> POST /wd/hub/session/18063075-812d-4a4c-a6cd-30fbf03bc7bd/element HTTP/1.1
12:18:45.745 [Forwarding findElement on session 18063075-812d-4a4c-a6cd-30fbf03bc7bd to remote] DEBUG org.apache.http.headers - http-outgoing-9 >> Content-Type: application/json; charset=utf-8
12:18:45.745 [Forwarding findElement on session 18063075-812d-4a4c-a6cd-30fbf03bc7bd to remote] DEBUG org.apache.http.headers - http-outgoing-9 >> Content-Length: 33
12:18:45.745 [Forwarding findElement on session 18063075-812d-4a4c-a6cd-30fbf03bc7bd to remote] DEBUG org.apache.http.headers - http-outgoing-9 >> Host: localhost:4723
12:18:45.745 [Forwarding findElement on session 18063075-812d-4a4c-a6cd-30fbf03bc7bd to remote] DEBUG org.apache.http.headers - http-outgoing-9 >> Connection: Keep-Alive
12:18:45.745 [Forwarding findElement on session 18063075-812d-4a4c-a6cd-30fbf03bc7bd to remote] DEBUG org.apache.http.headers - http-outgoing-9 >> User-Agent: Apache-HttpClient/4.5.2 (Java/1.8.0_171)
12:18:45.745 [Forwarding findElement on session 18063075-812d-4a4c-a6cd-30fbf03bc7bd to remote] DEBUG org.apache.http.headers - http-outgoing-9 >> Accept-Encoding: gzip,deflate
12:18:45.745 [Forwarding findElement on session 18063075-812d-4a4c-a6cd-30fbf03bc7bd to remote] DEBUG org.apache.http.wire - http-outgoing-9 >> "POST /wd/hub/session/18063075-812d-4a4c-a6cd-30fbf03bc7bd/element HTTP/1.1[\r][\n]"
12:18:45.745 [Forwarding findElement on session 18063075-812d-4a4c-a6cd-30fbf03bc7bd to remote] DEBUG org.apache.http.wire - http-outgoing-9 >> "Content-Type: application/json; charset=utf-8[\r][\n]"
12:18:45.745 [Forwarding findElement on session 18063075-812d-4a4c-a6cd-30fbf03bc7bd to remote] DEBUG org.apache.http.wire - http-outgoing-9 >> "Content-Length: 33[\r][\n]"
12:18:45.745 [Forwarding findElement on session 18063075-812d-4a4c-a6cd-30fbf03bc7bd to remote] DEBUG org.apache.http.wire - http-outgoing-9 >> "Host: localhost:4723[\r][\n]"
12:18:45.745 [Forwarding findElement on session 18063075-812d-4a4c-a6cd-30fbf03bc7bd to remote] DEBUG org.apache.http.wire - http-outgoing-9 >> "Connection: Keep-Alive[\r][\n]"
12:18:45.745 [Forwarding findElement on session 18063075-812d-4a4c-a6cd-30fbf03bc7bd to remote] DEBUG org.apache.http.wire - http-outgoing-9 >> "User-Agent: Apache-HttpClient/4.5.2 (Java/1.8.0_171)[\r][\n]"
12:18:45.745 [Forwarding findElement on session 18063075-812d-4a4c-a6cd-30fbf03bc7bd to remote] DEBUG org.apache.http.wire - http-outgoing-9 >> "Accept-Encoding: gzip,deflate[\r][\n]"
12:18:45.745 [Forwarding findElement on session 18063075-812d-4a4c-a6cd-30fbf03bc7bd to remote] DEBUG org.apache.http.wire - http-outgoing-9 >> "[\r][\n]"
12:18:45.745 [Forwarding findElement on session 18063075-812d-4a4c-a6cd-30fbf03bc7bd to remote] DEBUG org.apache.http.wire - http-outgoing-9 >> "{"using":"id","value":"DISCOVER"}"
&amp#27;[35m[HTTP]&amp#27;[39m &amp#27;[37m-->&amp#27;[39m &amp#27;[37mPOST&amp#27;[39m &amp#27;[37m/wd/hub/session/18063075-812d-4a4c-a6cd-30fbf03bc7bd/element&amp#27;[39m
&amp#27;[35m[HTTP]&amp#27;[39m &amp#27;[90m{"using":"id","value":"DISCOVER"}&amp#27;[39m
12:18:46.978 [Forwarding findElement on session 18063075-812d-4a4c-a6cd-30fbf03bc7bd to remote] DEBUG org.apache.http.wire - http-outgoing-9 << "HTTP/1.1 200 OK[\r][\n]"
12:18:46.978 [Forwarding findElement on session 18063075-812d-4a4c-a6cd-30fbf03bc7bd to remote] DEBUG org.apache.http.wire - http-outgoing-9 << "X-Powered-By: Express[\r][\n]"
12:18:46.978 [Forwarding findElement on session 18063075-812d-4a4c-a6cd-30fbf03bc7bd to remote] DEBUG org.apache.http.wire - http-outgoing-9 << "Access-Control-Allow-Origin: *[\r][\n]"
12:18:46.978 [Forwarding findElement on session 18063075-812d-4a4c-a6cd-30fbf03bc7bd to remote] DEBUG org.apache.http.wire - http-outgoing-9 << "Access-Control-Allow-Methods: GET,POST,PUT,OPTIONS,DELETE[\r][\n]"
12:18:46.978 [Forwarding findElement on session 18063075-812d-4a4c-a6cd-30fbf03bc7bd to remote] DEBUG org.apache.http.wire - http-outgoing-9 << "Access-Control-Allow-Headers: origin, content-type, accept[\r][\n]"
12:18:46.978 [Forwarding findElement on session 18063075-812d-4a4c-a6cd-30fbf03bc7bd to remote] DEBUG org.apache.http.wire - http-outgoing-9 << "Vary: X-HTTP-Method-Override[\r][\n]"
12:18:46.978 [Forwarding findElement on session 18063075-812d-4a4c-a6cd-30fbf03bc7bd to remote] DEBUG org.apache.http.wire - http-outgoing-9 << "Content-Type: application/json; charset=utf-8[\r][\n]"
12:18:46.978 [Forwarding findElement on session 18063075-812d-4a4c-a6cd-30fbf03bc7bd to remote] DEBUG org.apache.http.wire - http-outgoing-9 << "Content-Length: 122[\r][\n]"
12:18:46.978 [Forwarding findElement on session 18063075-812d-4a4c-a6cd-30fbf03bc7bd to remote] DEBUG org.apache.http.wire - http-outgoing-9 << "ETag: W/"7a-PGExpKGoo17UUtQrwRvZD6yWyCA"[\r][\n]"
12:18:46.978 [Forwarding findElement on session 18063075-812d-4a4c-a6cd-30fbf03bc7bd to remote] DEBUG org.apache.http.wire - http-outgoing-9 << "Date: Fri, 23 Aug 2019 06:48:46 GMT[\r][\n]"
12:18:46.978 [Forwarding findElement on session 18063075-812d-4a4c-a6cd-30fbf03bc7bd to remote] DEBUG org.apache.http.wire - http-outgoing-9 << "Connection: keep-alive[\r][\n]"
12:18:46.978 [Forwarding findElement on session 18063075-812d-4a4c-a6cd-30fbf03bc7bd to remote] DEBUG org.apache.http.wire - http-outgoing-9 << "[\r][\n]"
12:18:46.978 [Forwarding findElement on session 18063075-812d-4a4c-a6cd-30fbf03bc7bd to remote] DEBUG org.apache.http.wire - http-outgoing-9 << "{"status":0,"value":{"ELEMENT":"1C000000-0000-0000-B019-000000000000"},"sessionId":"18063075-812d-4a4c-a6cd-30fbf03bc7bd"}"
&amp#27;[35m[HT12:18:46.978 [Forwarding findElement on session 18063075-812d-4a4c-a6cd-30fbf03bc7bd to remote] DEBUG org.apache.http.headers - http-outgoing-9 << HTTP/1.1 200 OK
TP]&amp#27;[39m &amp#27;[37m<-- POST /wd/hub/session/18063075-812d-4a4c-a6cd-30fbf03bc12:18:46.978 [Forwarding findElement on session 18063075-812d-4a4c-a6cd-30fbf03bc7bd to remote] DEBUG org.apache.http.headers - http-outgoing-9 << X-Powered-By: Express
7bd/element &amp#27;[39m&amp#27;12:18:46.979 [Forwarding findElement on session 18063075-812d-4a4c-a6cd-30fbf03bc7bd to remote] DEBUG org.apache.http.headers - http-outgoing-9 << Access-Control-Allow-Origin: *
[3212:18:46.979 [Forwarding findElement on session 18063075-812d-4a4c-a6cd-30fbf03bc7bd to remote] DEBUG org.apache.http.headers - http-outgoing-9 << Access-Control-Allow-Methods: GET,POST,PUT,OPTIONS,DELETE
12:18:46.979 [Forwarding findElement on session 18063075-812d-4a4c-a6cd-30fbf03bc7bd to remote] DEBUG org.apache.http.headers - http-outgoing-9 << Access-Control-Allow-Headers: origin, content-type, accept
m200&amp#27;[39m &amp#27;[90m12312:18:46.979 [Forwarding findElement on session 18063075-812d-4a4c-a6cd-30fbf03bc7bd to remote] DEBUG org.apache.http.headers - http-outgoing-9 << Vary: X-HTTP-Method-Override
12:18:46.979 [Forwarding findElement on session 18063075-812d-4a4c-a6cd-30fbf03bc7bd to remote] DEBUG org.apache.http.headers - http-outgoing-9 << Content-Type: application/json; charset=utf-8
12:18:46.979 [Forwarding findElement on session 18063075-812d-4a4c-a6cd-30fbf03bc7bd to remote] DEBUG org.apache.http.headers - http-outgoing-9 << Content-Length: 122
2 ms - 122&amp#27;[39m
12:18:46.979 [Forwarding findElement on session 18063075-812d-4a4c-a6cd-30fbf03bc7bd to remote] DEBUG org.apache.http.headers - http-outgoing-9 << ETag: W/"7a-PGExpKGoo17UUtQrwRvZD6yWyCA"
12:18:46.979 [Forwarding findElement on session 18063075-812d-4a4c-a6cd-30fbf03bc7bd to remote] DEBUG org.apache.http.headers - http-outgoing-9 << Date: Fri, 23 Aug 2019 06:48:46 GMT
12:18:46.979 [Forwarding findElement on session 18063075-812d-4a4c-a6cd-30fbf03bc7bd to remote] DEBUG org.apache.http.headers - http-outgoing-9 << Connection: keep-alive
&amp#27;[35m[HTTP]&amp#27;[3912:18:46.980 [Forwarding findElement on session 18063075-812d-4a4c-a6cd-30fbf03bc7bd to remote] DEBUG o.a.h.impl.execchain.MainClientExec - Connection can be kept alive indefinitely
m &amp#27;[90m&amp#27;[39m
12:18:46.980 [Forwarding findElement on session 18063075-812d-4a4c-a6cd-30fbf03bc7bd to remote] DEBUG o.a.h.i.c.PoolingHttpClientConnectionManager - Connection [id: 9][route: {}->http://localhost:4723] can be kept alive indefinitely
12:18:46.980 [Forwarding findElement on session 18063075-812d-4a4c-a6cd-30fbf03bc7bd to remote] DEBUG o.a.h.i.c.PoolingHttpClientConnectionManager - Connection released: [id: 9][route: {}->http://localhost:4723][total kept alive: 1; route allocated: 1 of 2000; total allocated: 1 of 2000]
12:18:46.980 [Forwarding isElementDisplayed on session 18063075-812d-4a4c-a6cd-30fbf03bc7bd to remote] DEBUG o.a.h.c.protocol.RequestAddCookies - CookieSpec selected: default
12:18:46.981 [Forwarding isElementDisplayed on session 18063075-812d-4a4c-a6cd-30fbf03bc7bd to remote] DEBUG o.a.h.c.protocol.RequestAuthCache - Auth cache not set in the context
12:18:46.981 [Forwarding isElementDisplayed on session 18063075-812d-4a4c-a6cd-30fbf03bc7bd to remote] DEBUG o.a.h.i.c.PoolingHttpClientConnectionManager - Connection request: [route: {}->http://localhost:4723][total kept alive: 1; route allocated: 1 of 2000; total allocated: 1 of 2000]
12:18:46.981 [Forwarding isElementDisplayed on session 18063075-812d-4a4c-a6cd-30fbf03bc7bd to remote] DEBUG o.a.h.i.c.PoolingHttpClientConnectionManager - Connection leased: [id: 9][route: {}->http://localhost:4723][total kept alive: 0; route allocated: 1 of 2000; total allocated: 1 of 2000]
12:18:46.981 [Forwarding isElementDisplayed on session 18063075-812d-4a4c-a6cd-30fbf03bc7bd to remote] DEBUG o.a.h.impl.execchain.MainClientExec - Stale connection check
12:18:46.982 [Forwarding isElementDisplayed on session 18063075-812d-4a4c-a6cd-30fbf03bc7bd to remote] DEBUG org.apache.http.wire - http-outgoing-9 << "[read] I/O error: Read timed out"
12:18:46.982 [Forwarding isElementDisplayed on session 18063075-812d-4a4c-a6cd-30fbf03bc7bd to remote] DEBUG o.a.h.i.c.DefaultManagedHttpClientConnection - http-outgoing-9: set socket timeout to 10800000
12:18:46.982 [Forwarding isElementDisplayed on session 18063075-812d-4a4c-a6cd-30fbf03bc7bd to remote] DEBUG o.a.h.impl.execchain.MainClientExec - Executing request GET /wd/hub/session/18063075-812d-4a4c-a6cd-30fbf03bc7bd/element/1C000000-0000-0000-B019-000000000000/displayed HTTP/1.1
12:18:46.982 [Forwarding isElementDisplayed on session 18063075-812d-4a4c-a6cd-30fbf03bc7bd to remote] DEBUG o.a.h.impl.execchain.MainClientExec - Target auth state: UNCHALLENGED
12:18:46.982 [Forwarding isElementDisplayed on session 18063075-812d-4a4c-a6cd-30fbf03bc7bd to remote] DEBUG o.a.h.impl.execchain.MainClientExec - Proxy auth state: UNCHALLENGED
12:18:46.982 [Forwarding isElementDisplayed on session 18063075-812d-4a4c-a6cd-30fbf03bc7bd to remote] DEBUG org.apache.http.headers - http-outgoing-9 >> GET /wd/hub/session/18063075-812d-4a4c-a6cd-30fbf03bc7bd/element/1C000000-0000-0000-B019-000000000000/displayed HTTP/1.1
12:18:46.982 [Forwarding isElementDisplayed on session 18063075-812d-4a4c-a6cd-30fbf03bc7bd to remote] DEBUG org.apache.http.headers - http-outgoing-9 >> Cache-Control: no-cache
12:18:46.982 [Forwarding isElementDisplayed on session 18063075-812d-4a4c-a6cd-30fbf03bc7bd to remote] DEBUG org.apache.http.headers - http-outgoing-9 >> Host: localhost:4723
12:18:46.982 [Forwarding isElementDisplayed on session 18063075-812d-4a4c-a6cd-30fbf03bc7bd to remote] DEBUG org.apache.http.headers - http-outgoing-9 >> Connection: Keep-Alive
12:18:46.982 [Forwarding isElementDisplayed on session 18063075-812d-4a4c-a6cd-30fbf03bc7bd to remote] DEBUG org.apache.http.headers - http-outgoing-9 >> User-Agent: Apache-HttpClient/4.5.2 (Java/1.8.0_171)
12:18:46.982 [Forwarding isElementDisplayed on session 18063075-812d-4a4c-a6cd-30fbf03bc7bd to remote] DEBUG org.apache.http.headers - http-outgoing-9 >> Accept-Encoding: gzip,deflate
12:18:46.982 [Forwarding isElementDisplayed on session 18063075-812d-4a4c-a6cd-30fbf03bc7bd to remote] DEBUG org.apache.http.wire - http-outgoing-9 >> "GET /wd/hub/session/18063075-812d-4a4c-a6cd-30fbf03bc7bd/element/1C000000-0000-0000-B019-000000000000/displayed HTTP/1.1[\r][\n]"
12:18:46.982 [Forwarding isElementDisplayed on session 18063075-812d-4a4c-a6cd-30fbf03bc7bd to remote] DEBUG org.apache.http.wire - http-outgoing-9 >> "Cache-Control: no-cache[\r][\n]"
12:18:46.982 [Forwarding isElementDisplayed on session 18063075-812d-4a4c-a6cd-30fbf03bc7bd to remote] DEBUG org.apache.http.wire - http-outgoing-9 >> "Host: localhost:4723[\r][\n]"
12:18:46.982 [Forwarding isElementDisplayed on session 18063075-812d-4a4c-a6cd-30fbf03bc7bd to remote] DEBUG org.apache.http.wire - http-outgoing-9 >> "Connection: Keep-Alive[\r][\n]"
12:18:46.982 [Forwarding isElementDisplayed on session 18063075-812d-4a4c-a6cd-30fbf03bc7bd to remote] DEBUG org.apache.http.wire - http-outgoing-9 >> "User-Agent: Apache-HttpClient/4.5.2 (Java/1.8.0_171)[\r][\n]"
12:18:46.982 [Forwarding isElementDisplayed on session 18063075-812d-4a4c-a6cd-30fbf03bc7bd to remote] DEBUG org.apache.http.wire - http-outgoing-9 >> "Accept-Encoding: gzip,deflate[\r][\n]"
12:18:46.982 [Forwarding isElementDisplayed on session 18063075-812d-4a4c-a6cd-30fbf03bc7bd to remote] DEBUG org.apache.http.wire - http-outgoing-9 >> "[\r][\n]"
&amp#27;[35m[HTTP]&amp#27;[39m &amp#27;[37m-->&amp#27;[39m &amp#27;[37mGET&amp#27;[39m &amp#27;[37m/wd/hub/session/18063075-812d-4a4c-a6cd-30fbf03bc7bd/element/1C000000-0000-0000-B019-000000000000/displayed&amp#27;[39m
&amp#27;[35m[HTTP]&amp#27;[39m &amp#27;[90m{}&amp#27;[39m
&amp#27;[35m[MJSONWP]&amp#27;[39m Driver proxy active, passing request on via HTTP proxy
&amp#27;[35m[JSONWP Proxy]&amp#27;[39m Replacing sessionId E840BF70-6563-4B2D-BA8C-84CB2A9EB8B3 with12:18:47.572 [Forwarding isElementDisplayed on session 18063075-812d-4a4c-a6cd-30fbf03bc7bd to remote] DEBUG org.apache.http.wire - http-outgoing-9 << "HTTP/1.1 200 OK[\r][\n]"
12:18:47.572 [Forwarding isElementDisplayed on session 18063075-812d-4a4c-a6cd-30fbf03bc7bd to remote] DEBUG org.apache.http.wire - http-outgoing-9 << "X-Powered-By: Express[\r][\n]"
 18063075-812d-4a4c-a612:18:47.572 [Forwarding isElementDisplayed on session 18063075-812d-4a4c-a6cd-30fbf03bc7bd to remote] DEBUG org.apache.http.wire - http-outgoing-9 << "Access-Control-Allow-Origin: *[\r][\n]"
cd-12:18:47.573 [Forwarding isElementDisplayed on session 18063075-812d-4a4c-a6cd-30fbf03bc7bd to remote] DEBUG org.apache.http.wire - http-outgoing-9 << "Access-Control-Allow-Methods: GET,POST,PUT,OPTIONS,DELETE[\r][\n]"
12:18:47.573 [Forwarding isElementDisplayed on session 18063075-812d-4a4c-a6cd-30fbf03bc7bd to remote] DEBUG org.apache.http.wire - http-outgoing-9 << "Access-Control-Allow-Headers: origin, content-type, accept[\r][\n]"
30fb12:18:47.573 [Forwarding isElementDisplayed on session 18063075-812d-4a4c-a6cd-30fbf03bc7bd to remote] DEBUG org.apache.http.wire - http-outgoing-9 << "Content-Type: application/json; charset=utf-8[\r][\n]"
f03bc7bd
12:18:47.573 [Forwarding isElementDisplayed on session 18063075-812d-4a4c-a6cd-30fbf03bc7bd to remote] DEBUG org.apache.http.wire - http-outgoing-9 << "Content-Length: 76[\r][\n]"
12:18:47.573 [Forwarding isElementDisplayed on session 18063075-812d-4a4c-a6cd-30fbf03bc7bd to remote] DEBUG org.apache.http.wire - http-outgoing-9 << "ETag: W/"4c-Y7k244UeXncxktz3h+rJR8RJids"[\r][\n]"
12:18:47.573 [Forwarding isElementDisplayed on session 18063075-812d-4a4c-a6cd-30fbf03bc7bd to remote] DEBUG org.apache.http.wire - http-outgoing-9 << "Date: Fri, 23 Aug 2019 06:48:47 GMT[\r][\n]"
12:18:47.573 [Forwarding isElementDisplayed on session 18063075-812d-4a4c-a6cd-30fbf03bc7bd to remote] DEBUG org.apache.http.wire - http-outgoing-9 << "Connection: keep-alive[\r][\n]"
12:18:47.573 [Forwarding isElementDisplayed on session 18063075-812d-4a4c-a6cd-30fbf03bc7bd to remote] DEBUG org.apache.http.wire - http-outgoing-9 << "[\r][\n]"
&amp#27;[35m12:18:47.573 [Forwarding isElementDisplayed on session 18063075-812d-4a4c-a6cd-30fbf03bc7bd to remote] DEBUG org.apache.http.wire - http-outgoing-9 << "{"value":true,"sessionId":"18063075-812d-4a4c-a6cd-30fbf03bc7bd","status":0}"
[HTTP]&amp#27;[39m &amp#27;12:18:47.573 [Forwarding isElementDisplayed on session 18063075-812d-4a4c-a6cd-30fbf03bc7bd to remote] DEBUG org.apache.http.headers - http-outgoing-9 << HTTP/1.1 200 OK
[37m<-- GET /wd/hub12:18:47.573 [Forwarding isElementDisplayed on session 18063075-812d-4a4c-a6cd-30fbf03bc7bd to remote] DEBUG org.apache.http.headers - http-outgoing-9 << X-Powered-By: Express
12:18:47.573 [Forwarding isElementDisplayed on session 18063075-812d-4a4c-a6cd-30fbf03bc7bd to remote] DEBUG org.apache.http.headers - http-outgoing-9 << Access-Control-Allow-Origin: *
12:18:47.573 [Forwarding isElementDisplayed on session 18063075-812d-4a4c-a6cd-30fbf03bc7bd to remote] DEBUG org.apache.http.headers - http-outgoing-9 << Access-Control-Allow-Methods: GET,POST,PUT,OPTIONS,DELETE
/session/18063075-812d-4a4c-a6cd-30fbf03bc7bd/element/1C000000-0000-0000-B019-000000000000/displayed &amp#27;[39m&amp#27;[32m200&amp#27;[39m &amp#27;[90m589 ms - 76&amp#27;[39m
&amp#27;[35m[HTTP]&amp#27;[39m &amp#27;[90m&amp#27;[39m12:18:47.573 [Forwarding isElementDisplayed on session 18063075-812d-4a4c-a6cd-30fbf03bc7bd to remote] DEBUG org.apache.http.headers - http-outgoing-9 << Access-Control-Allow-Headers: origin, content-type, accept

12:18:47.575 [Forwarding isElementDisplayed on session 18063075-812d-4a4c-a6cd-30fbf03bc7bd to remote] DEBUG org.apache.http.headers - http-outgoing-9 << Content-Type: application/json; charset=utf-8
12:18:47.575 [Forwarding isElementDisplayed on session 18063075-812d-4a4c-a6cd-30fbf03bc7bd to remote] DEBUG org.apache.http.headers - http-outgoing-9 << Content-Length: 76
12:18:47.575 [Forwarding isElementDisplayed on session 18063075-812d-4a4c-a6cd-30fbf03bc7bd to remote] DEBUG org.apache.http.headers - http-outgoing-9 << ETag: W/"4c-Y7k244UeXncxktz3h+rJR8RJids"
12:18:47.575 [Forwarding isElementDisplayed on session 18063075-812d-4a4c-a6cd-30fbf03bc7bd to remote] DEBUG org.apache.http.headers - http-outgoing-9 << Date: Fri, 23 Aug 2019 06:48:47 GMT
12:18:47.575 [Forwarding isElementDisplayed on session 18063075-812d-4a4c-a6cd-30fbf03bc7bd to remote] DEBUG org.apache.http.headers - http-outgoing-9 << Connection: keep-alive
12:18:47.575 [Forwarding isElementDisplayed on session 18063075-812d-4a4c-a6cd-30fbf03bc7bd to remote] DEBUG o.a.h.impl.execchain.MainClientExec - Connection can be kept alive indefinitely
12:18:47.575 [Forwarding isElementDisplayed on session 18063075-812d-4a4c-a6cd-30fbf03bc7bd to remote] DEBUG o.a.h.i.c.PoolingHttpClientConnectionManager - Connection [id: 9][route: {}->http://localhost:4723] can be kept alive indefinitely
12:18:47.575 [Forwarding isElementDisplayed on session 18063075-812d-4a4c-a6cd-30fbf03bc7bd to remote] DEBUG o.a.h.i.c.PoolingHttpClientConnectionManager - Connection released: [id: 9][route: {}->http://localhost:4723][total kept alive: 1; route allocated: 1 of 2000; total allocated: 1 of 2000]
12:18:47.575 [Forwarding findElement on session 18063075-812d-4a4c-a6cd-30fbf03bc7bd to remote] DEBUG o.a.h.c.protocol.RequestAddCookies - CookieSpec selected: default
12:18:47.575 [Forwarding findElement on session 18063075-812d-4a4c-a6cd-30fbf03bc7bd to remote] DEBUG o.a.h.c.protocol.RequestAuthCache - Auth cache not set in the context
12:18:47.575 [Forwarding findElement on session 18063075-812d-4a4c-a6cd-30fbf03bc7bd to remote] DEBUG o.a.h.i.c.PoolingHttpClientConnectionManager - Connection request: [route: {}->http://localhost:4723][total kept alive: 1; route allocated: 1 of 2000; total allocated: 1 of 2000]
12:18:47.575 [Forwarding findElement on session 18063075-812d-4a4c-a6cd-30fbf03bc7bd to remote] DEBUG o.a.h.i.c.PoolingHttpClientConnectionManager - Connection leased: [id: 9][route: {}->http://localhost:4723][total kept alive: 0; route allocated: 1 of 2000; total allocated: 1 of 2000]
12:18:47.575 [Forwarding findElement on session 18063075-812d-4a4c-a6cd-30fbf03bc7bd to remote] DEBUG o.a.h.impl.execchain.MainClientExec - Stale connection check
12:18:47.577 [Forwarding findElement on session 18063075-812d-4a4c-a6cd-30fbf03bc7bd to remote] DEBUG org.apache.http.wire - http-outgoing-9 << "[read] I/O error: Read timed out"
12:18:47.577 [Forwarding findElement on session 18063075-812d-4a4c-a6cd-30fbf03bc7bd to remote] DEBUG o.a.h.i.c.DefaultManagedHttpClientConnection - http-outgoing-9: set socket timeout to 10800000
12:18:47.577 [Forwarding findElement on session 18063075-812d-4a4c-a6cd-30fbf03bc7bd to remote] DEBUG o.a.h.impl.execchain.MainClientExec - Executing request POST /wd/hub/session/18063075-812d-4a4c-a6cd-30fbf03bc7bd/element HTTP/1.1
12:18:47.577 [Forwarding findElement on session 18063075-812d-4a4c-a6cd-30fbf03bc7bd to remote] DEBUG o.a.h.impl.execchain.MainClientExec - Target auth state: UNCHALLENGED
12:18:47.577 [Forwarding findElement on session 18063075-812d-4a4c-a6cd-30fbf03bc7bd to remote] DEBUG o.a.h.impl.execchain.MainClientExec - Proxy auth state: UNCHALLENGED
12:18:47.577 [Forwarding findElement on session 18063075-812d-4a4c-a6cd-30fbf03bc7bd to remote] DEBUG org.apache.http.headers - http-outgoing-9 >> POST /wd/hub/session/18063075-812d-4a4c-a6cd-30fbf03bc7bd/element HTTP/1.1
12:18:47.577 [Forwarding findElement on session 18063075-812d-4a4c-a6cd-30fbf03bc7bd to remote] DEBUG org.apache.http.headers - http-outgoing-9 >> Content-Type: application/json; charset=utf-8
12:18:47.577 [Forwarding findElement on session 18063075-812d-4a4c-a6cd-30fbf03bc7bd to remote] DEBUG org.apache.http.headers - http-outgoing-9 >> Content-Length: 33
12:18:47.577 [Forwarding findElement on session 18063075-812d-4a4c-a6cd-30fbf03bc7bd to remote] DEBUG org.apache.http.headers - http-outgoing-9 >> Host: localhost:4723
12:18:47.577 [Forwarding findElement on session 18063075-812d-4a4c-a6cd-30fbf03bc7bd to remote] DEBUG org.apache.http.headers - http-outgoing-9 >> Connection: Keep-Alive
12:18:47.577 [Forwarding findElement on session 18063075-812d-4a4c-a6cd-30fbf03bc7bd to remote] DEBUG org.apache.http.headers - http-outgoing-9 >> User-Agent: Apache-HttpClient/4.5.2 (Java/1.8.0_171)
12:18:47.577 [Forwarding findElement on session 18063075-812d-4a4c-a6cd-30fbf03bc7bd to remote] DEBUG org.apache.http.headers - http-outgoing-9 >> Accept-Encoding: gzip,deflate
12:18:47.577 [Forwarding findElement on session 18063075-812d-4a4c-a6cd-30fbf03bc7bd to remote] DEBUG org.apache.http.wire - http-outgoing-9 >> "POST /wd/hub/session/18063075-812d-4a4c-a6cd-30fbf03bc7bd/element HTTP/1.1[\r][\n]"
12:18:47.577 [Forwarding findElement on session 18063075-812d-4a4c-a6cd-30fbf03bc7bd to remote] DEBUG org.apache.http.wire - http-outgoing-9 >> "Content-Type: application/json; charset=utf-8[\r][\n]"
12:18:47.577 [Forwarding findElement on session 18063075-812d-4a4c-a6cd-30fbf03bc7bd to remote] DEBUG org.apache.http.wire - http-outgoing-9 >> "Content-Length: 33[\r][\n]"
12:18:47.577 [Forwarding findElement on session 18063075-812d-4a4c-a6cd-30fbf03bc7bd to remote] DEBUG org.apache.http.wire - http-outgoing-9 >> "Host: localhost:4723[\r][\n]"
12:18:47.577 [Forwarding findElement on session 18063075-812d-4a4c-a6cd-30fbf03bc7bd to remote] DEBUG org.apache.http.wire - http-outgoing-9 >> "Connection: Keep-Alive[\r][\n]"
12:18:47.577 [Forwarding findElement on session 18063075-812d-4a4c-a6cd-30fbf03bc7bd to remote] DEBUG org.apache.http.wire - http-outgoing-9 >> "User-Agent: Apache-HttpClient/4.5.2 (Java/1.8.0_171)[\r][\n]"
12:18:47.577 [Forwarding findElement on session 18063075-812d-4a4c-a6cd-30fbf03bc7bd to remote] DEBUG org.apache.http.wire - http-outgoing-9 >> "Accept-Encoding: gzip,deflate[\r][\n]"
12:18:47.577 [Forwarding findElement on session 18063075-812d-4a4c-a6cd-30fbf03bc7bd to remote] DEBUG org.apache.http.wire - http-outgoing-9 >> "[\r][\n]"
12:18:47.577 [Forwarding findElement on session 18063075-812d-4a4c-a6cd-30fbf03bc7bd to remote] DEBUG org.apache.http.wire - http-outgoing-9 >> "{"using":"id","value":"DISCOVER"}"
&amp#27;[35m[HTTP]&amp#27;[39m &amp#27;[37m-->&amp#27;[39m &amp#27;[37mPOST&amp#27;[39m &amp#27;[37m/wd/hub/session/18063075-812d-4a4c-a6cd-30fbf03bc7bd/element&amp#27;[39m
&amp#27;[35m[HTTP]&amp#27;[39m &amp#27;[90m{"using":"id","value":"DISCOVER"}&amp#27;[39m
12:18:48.390 [Forwarding findElement on session 18063075-812d-4a4c-a6cd-30fbf03bc7bd to remote] DEBUG org.apache.http.wire - http-outgoing-9 << "HTTP/1.1 200 OK[\r][\n]"
12:18:48.390 [Forwarding findElement on session 18063075-812d-4a4c-a6cd-30fbf03bc7bd to remote] DEBUG org.apache.http.wire - http-outgoing-9 << "X-Powered-By: Express[\r][\n]"
12:18:48.390 [Forwarding findElement on session 18063075-812d-4a4c-a6cd-30fbf03bc7bd to remote] DEBUG org.apache.http.wire - http-outgoing-9 << "Access-Control-Allow-Origin: *[\r][\n]"
12:18:48.390 [Forwarding findElement on session 18063075-812d-4a4c-a6cd-30fbf03bc7bd to remote] DEBUG org.apache.http.wire - http-outgoing-9 << "Access-Control-Allow-Methods: GET,POST,PUT,OPTIONS,DELETE[\r][\n]"
12:18:48.390 [Forwarding findElement on session 18063075-812d-4a4c-a6cd-30fbf03bc7bd to remote] DEBUG org.apache.http.wire - http-outgoing-9 << "Access-Control-Allow-Headers: origin, content-type, accept[\r][\n]"
12:18:48.390 [Forwarding findElement on session 18063075-812d-4a4c-a6cd-30fbf03bc7bd to remote] DEBUG org.apache.http.wire - http-outgoing-9 << "Vary: X-HTTP-Method-Override[\r][\n]"
12:18:48.390 [Forwarding findElement on session 18063075-812d-4a4c-a6cd-30fbf03bc7bd to remote] DEBUG org.apache.http.wire - http-outgoing-9 << "Content-Type: application/json; charset=utf-8[\r][\n]"
12:18:48.390 [Forwarding findElement on session 18063075-812d-4a4c-a6cd-30fbf03bc7bd to remote] DEBUG org.apache.http.wire - http-outgoing-9 << "Content-Length: 122[\r][\n]"
12:18:48.390 [Forwarding findElement on session 18063075-812d-4a4c-a6cd-30fbf03bc7bd to remote] DEBUG org.apache.http.wire - http-outgoing-9 << "ETag: W/"7a-PGExpKGoo17UUtQrwRvZD6yWyCA"[\r][\n]"
12:18:48.390 [Forwarding findElement on session 18063075-812d-4a4c-a6cd-30fbf03bc7bd to remote] DEBUG org.apache.http.wire - http-outgoing-9 << "Date: Fri, 23 Aug 2019 06:48:48 GMT[\r][\n]"
12:18:48.390 [Forwarding findElement on session 18063075-812d-4a4c-a6cd-30fbf03bc7bd to remote] DEBUG org.apache.http.wire - http-outgoing-9 << "Connection: keep-alive[\r][\n]"
12:18:48.390 [Forwarding findElement on session 18063075-812d-4a4c-a6cd-30fbf03bc7bd to remote] DEBUG org.apache.http.wire - http-outgoing-9 << "[\r][\n]"
12:18:48.390 [Forwarding findElement on session 18063075-812d-4a4c-a6cd-30fbf03bc7bd to remote] DEBUG org.apache.http.wire - http-outgoing-9 << "{"status":0,"value":{"ELEMENT":"1C000000-0000-0000-B019-000000000000"},"sessionId":"18063075-812d-4a4c-a6cd-30fbf03bc7bd"}"
12:18:48.390 [Forwarding findElement on session 18063075-812d-4a4c-a6cd-30fbf03bc7bd to remote] DEBUG org.apache.http.headers - http-outgoing-9 << HTTP/1.1 200 OK
&amp#27;[35m[HTTP]12:18:48.390 [Forwarding findElement on session 18063075-812d-4a4c-a6cd-30fbf03bc7bd to remote] DEBUG org.apache.http.headers - http-outgoing-9 << X-Powered-By: Express
&amp#27;[39m12:18:48.391 [Forwarding findElement on session 18063075-812d-4a4c-a6cd-30fbf03bc7bd to remote] DEBUG org.apache.http.headers - http-outgoing-9 << Access-Control-Allow-Origin: *
 &amp#27;[37m<-- POST12:18:48.391 [Forwarding findElement on session 18063075-812d-4a4c-a6cd-30fbf03bc7bd to remote] DEBUG org.apache.http.headers - http-outgoing-9 << Access-Control-Allow-Methods: GET,POST,PUT,OPTIONS,DELETE
12:18:48.391 [Forwarding findElement on session 18063075-812d-4a4c-a6cd-30fbf03bc7bd to remote] DEBUG org.apache.http.headers - http-outgoing-9 << Access-Control-Allow-Headers: origin, content-type, accept
 /wd/hub/12:18:48.391 [Forwarding findElement on session 18063075-812d-4a4c-a6cd-30fbf03bc7bd to remote] DEBUG org.apache.http.headers - http-outgoing-9 << Vary: X-HTTP-Method-Override
12:18:48.391 [Forwarding findElement on session 18063075-812d-4a4c-a6cd-30fbf03bc7bd to remote] DEBUG org.apache.http.headers - http-outgoing-9 << Content-Type: application/json; charset=utf-8
12:18:48.391 [Forwarding findElement on session 18063075-812d-4a4c-a6cd-30fbf03bc7bd to remote] DEBUG org.apache.http.headers - http-outgoing-9 << Content-Length: 122
12:18:48.391 [Forwarding findElement on session 18063075-812d-4a4c-a6cd-30fbf03bc7bd to remote] DEBUG org.apache.http.headers - http-outgoing-9 << ETag: W/"7a-PGExpKGoo17UUtQrwRvZD6yWyCA"
12:18:48.391 [Forwarding findElement on session 18063075-812d-4a4c-a6cd-30fbf03bc7bd to remote] DEBUG org.apache.http.headers - http-outgoing-9 << Date: Fri, 23 Aug 2019 06:48:48 GMT
sessio12:18:48.391 [Forwarding findElement on session 18063075-812d-4a4c-a6cd-30fbf03bc7bd to remote] DEBUG org.apache.http.headers - http-outgoing-9 << Connection: keep-alive
n/18063075-812d-4a4c-a6cd-30fbf012:18:48.391 [Forwarding findElement on session 18063075-812d-4a4c-a6cd-30fbf03bc7bd to remote] DEBUG o.a.h.impl.execchain.MainClientExec - Connection can be kept alive indefinitely
3bc7bd/element &amp#27;[12:18:48.391 [Forwarding findElement on session 18063075-812d-4a4c-a6cd-30fbf03bc7bd to remote] DEBUG o.a.h.i.c.PoolingHttpClientConnectionManager - Connection [id: 9][route: {}->http://localhost:4723] can be kept alive indefinitely
39m&amp#27;[32m212:18:48.392 [Forwarding findElement on session 18063075-812d-4a4c-a6cd-30fbf03bc7bd to remote] DEBUG o.a.h.i.c.PoolingHttpClientConnectionManager - Connection released: [id: 9][route: {}->http://localhost:4723][total kept alive: 1; route allocated: 1 of 2000; total allocated: 1 of 2000]
00&amp#27;[39m &amp#27;[90m812 ms - 122&amp#27;[39m
&amp#27;[35m[HTTP]&amp#27;[39m &amp#27;[90m&amp#27;[39m
12:18:48.392 [Forwarding clickElement on session 18063075-812d-4a4c-a6cd-30fbf03bc7bd to remote] DEBUG o.a.h.c.protocol.RequestAddCookies - CookieSpec selected: default
12:18:48.392 [Forwarding clickElement on session 18063075-812d-4a4c-a6cd-30fbf03bc7bd to remote] DEBUG o.a.h.c.protocol.RequestAuthCache - Auth cache not set in the context
12:18:48.392 [Forwarding clickElement on session 18063075-812d-4a4c-a6cd-30fbf03bc7bd to remote] DEBUG o.a.h.i.c.PoolingHttpClientConnectionManager - Connection request: [route: {}->http://localhost:4723][total kept alive: 1; route allocated: 1 of 2000; total allocated: 1 of 2000]
12:18:48.392 [Forwarding clickElement on session 18063075-812d-4a4c-a6cd-30fbf03bc7bd to remote] DEBUG o.a.h.i.c.PoolingHttpClientConnectionManager - Connection leased: [id: 9][route: {}->http://localhost:4723][total kept alive: 0; route allocated: 1 of 2000; total allocated: 1 of 2000]
12:18:48.392 [Forwarding clickElement on session 18063075-812d-4a4c-a6cd-30fbf03bc7bd to remote] DEBUG o.a.h.impl.execchain.MainClientExec - Stale connection check
12:18:48.394 [Forwarding clickElement on session 18063075-812d-4a4c-a6cd-30fbf03bc7bd to remote] DEBUG org.apache.http.wire - http-outgoing-9 << "[read] I/O error: Read timed out"
12:18:48.394 [Forwarding clickElement on session 18063075-812d-4a4c-a6cd-30fbf03bc7bd to remote] DEBUG o.a.h.i.c.DefaultManagedHttpClientConnection - http-outgoing-9: set socket timeout to 10800000
12:18:48.394 [Forwarding clickElement on session 18063075-812d-4a4c-a6cd-30fbf03bc7bd to remote] DEBUG o.a.h.impl.execchain.MainClientExec - Executing request POST /wd/hub/session/18063075-812d-4a4c-a6cd-30fbf03bc7bd/element/1C000000-0000-0000-B019-000000000000/click HTTP/1.1
12:18:48.394 [Forwarding clickElement on session 18063075-812d-4a4c-a6cd-30fbf03bc7bd to remote] DEBUG o.a.h.impl.execchain.MainClientExec - Target auth state: UNCHALLENGED
12:18:48.394 [Forwarding clickElement on session 18063075-812d-4a4c-a6cd-30fbf03bc7bd to remote] DEBUG o.a.h.impl.execchain.MainClientExec - Proxy auth state: UNCHALLENGED
12:18:48.394 [Forwarding clickElement on session 18063075-812d-4a4c-a6cd-30fbf03bc7bd to remote] DEBUG org.apache.http.headers - http-outgoing-9 >> POST /wd/hub/session/18063075-812d-4a4c-a6cd-30fbf03bc7bd/element/1C000000-0000-0000-B019-000000000000/click HTTP/1.1
12:18:48.394 [Forwarding clickElement on session 18063075-812d-4a4c-a6cd-30fbf03bc7bd to remote] DEBUG org.apache.http.headers - http-outgoing-9 >> Content-Type: application/json; charset=utf-8
12:18:48.394 [Forwarding clickElement on session 18063075-812d-4a4c-a6cd-30fbf03bc7bd to remote] DEBUG org.apache.http.headers - http-outgoing-9 >> Content-Length: 45
12:18:48.394 [Forwarding clickElement on session 18063075-812d-4a4c-a6cd-30fbf03bc7bd to remote] DEBUG org.apache.http.headers - http-outgoing-9 >> Host: localhost:4723
12:18:48.394 [Forwarding clickElement on session 18063075-812d-4a4c-a6cd-30fbf03bc7bd to remote] DEBUG org.apache.http.headers - http-outgoing-9 >> Connection: Keep-Alive
12:18:48.394 [Forwarding clickElement on session 18063075-812d-4a4c-a6cd-30fbf03bc7bd to remote] DEBUG org.apache.http.headers - http-outgoing-9 >> User-Agent: Apache-HttpClient/4.5.2 (Java/1.8.0_171)
12:18:48.394 [Forwarding clickElement on session 18063075-812d-4a4c-a6cd-30fbf03bc7bd to remote] DEBUG org.apache.http.headers - http-outgoing-9 >> Accept-Encoding: gzip,deflate
12:18:48.394 [Forwarding clickElement on session 18063075-812d-4a4c-a6cd-30fbf03bc7bd to remote] DEBUG org.apache.http.wire - http-outgoing-9 >> "POST /wd/hub/session/18063075-812d-4a4c-a6cd-30fbf03bc7bd/element/1C000000-0000-0000-B019-000000000000/click HTTP/1.1[\r][\n]"
12:18:48.394 [Forwarding clickElement on session 18063075-812d-4a4c-a6cd-30fbf03bc7bd to remote] DEBUG org.apache.http.wire - http-outgoing-9 >> "Content-Type: application/json; charset=utf-8[\r][\n]"
12:18:48.394 [Forwarding clickElement on session 18063075-812d-4a4c-a6cd-30fbf03bc7bd to remote] DEBUG org.apache.http.wire - http-outgoing-9 >> "Content-Length: 45[\r][\n]"
12:18:48.394 [Forwarding clickElement on session 18063075-812d-4a4c-a6cd-30fbf03bc7bd to remote] DEBUG org.apache.http.wire - http-outgoing-9 >> "Host: localhost:4723[\r][\n]"
12:18:48.394 [Forwarding clickElement on session 18063075-812d-4a4c-a6cd-30fbf03bc7bd to remote] DEBUG org.apache.http.wire - http-outgoing-9 >> "Connection: Keep-Alive[\r][\n]"
12:18:48.394 [Forwarding clickElement on session 18063075-812d-4a4c-a6cd-30fbf03bc7bd to remote] DEBUG org.apache.http.wire - http-outgoing-9 >> "User-Agent: Apache-HttpClient/4.5.2 (Java/1.8.0_171)[\r][\n]"
12:18:48.394 [Forwarding clickElement on session 18063075-812d-4a4c-a6cd-30fbf03bc7bd to remote] DEBUG org.apache.http.wire - http-outgoing-9 >> "Accept-Encoding: gzip,deflate[\r][\n]"
12:18:48.394 [Forwarding clickElement on session 18063075-812d-4a4c-a6cd-30fbf03bc7bd to remote] DEBUG org.apache.http.wire - http-outgoing-9 >> "[\r][\n]"
12:18:48.394 [Forwarding clickElement on session 18063075-812d-4a4c-a6cd-30fbf03bc7bd to remote] DEBUG org.apache.http.wire - http-outgoing-9 >> "{"id":"1C000000-0000-0000-B019-000000000000"}"
&amp#27;[35m[HTTP]&amp#27;[39m &amp#27;[37m-->&amp#27;[39m &amp#27;[37mPOST&amp#27;[39m &amp#27;[37m/wd/hub/session/18063075-812d-4a4c-a6cd-30fbf03bc7bd/element/1C000000-0000-0000-B019-000000000000/click&amp#27;[39m
&amp#27;[35m[HTTP]&amp#27;[39m &amp#27;[90m{"id":"1C000000-0000-0000-B019-000000000000"}&amp#27;[39m
&amp#27;[35m[MJSONWP]&amp#27;[39m Driver proxy active, passing request on via HTTP proxy
&amp#27;[35m[JSONWP Proxy]&amp#27;[39m Replacing sessionId E840BF70-6563-4B2D-BA8C-8412:18:49.768 [Forwarding clickElement on session 18063075-812d-4a4c-a6cd-30fbf03bc7bd to remote] DEBUG org.apache.http.wire - http-outgoing-9 << "HTTP/1.1 200 OK[\r][\n]"
12:18:49.768 [Forwarding clickElement on session 18063075-812d-4a4c-a6cd-30fbf03bc7bd to remote] DEBUG org.apache.http.wire - http-outgoing-9 << "X-Powered-By: Express[\r][\n]"
12:18:49.768 [Forwarding clickElement on session 18063075-812d-4a4c-a6cd-30fbf03bc7bd to remote] DEBUG org.apache.http.wire - http-outgoing-9 << "Access-Control-Allow-Origin: *[\r][\n]"
CB2A9EB8B3 with 18063075-81212:18:49.769 [Forwarding clickElement on session 18063075-812d-4a4c-a6cd-30fbf03bc7bd to remote] DEBUG org.apache.http.wire - http-outgoing-9 << "Access-Control-Allow-Methods: GET,POST,PUT,OPTIONS,DELETE[\r][\n]"
d-4a12:18:49.769 [Forwarding clickElement on session 18063075-812d-4a4c-a6cd-30fbf03bc7bd to remote] DEBUG org.apache.http.wire - http-outgoing-9 << "Access-Control-Allow-Headers: origin, content-type, accept[\r][\n]"
4c-a6cd-30fbf03bc7bd
12:18:49.769 [Forwarding clickElement on session 18063075-812d-4a4c-a6cd-30fbf03bc7bd to remote] DEBUG org.apache.http.wire - http-outgoing-9 << "Vary: X-HTTP-Method-Override[\r][\n]"
&amp#27;[35m[HTT12:18:49.770 [Forwarding clickElement on session 18063075-812d-4a4c-a6cd-30fbf03bc7bd to remote] DEBUG org.apache.http.wire - http-outgoing-9 << "Content-Type: application/json; charset=utf-8[\r][\n]"
12:18:49.770 [Forwarding clickElement on session 18063075-812d-4a4c-a6cd-30fbf03bc7bd to remote] DEBUG org.apache.http.wire - http-outgoing-9 << "Content-Length: 118[\r][\n]"
P]12:18:49.770 [Forwarding clickElement on session 18063075-812d-4a4c-a6cd-30fbf03bc7bd to remote] DEBUG org.apache.http.wire - http-outgoing-9 << "ETag: W/"76-Z1wYRSB+5WiMcq8POxMMuBiXqiQ"[\r][\n]"
12:18:49.770 [Forwarding clickElement on session 18063075-812d-4a4c-a6cd-30fbf03bc7bd to remote] DEBUG org.apache.http.wire - http-outgoing-9 << "Date: Fri, 23 Aug 2019 06:48:49 GMT[\r][\n]"
12:18:49.770 [Forwarding clickElement on session 18063075-812d-4a4c-a6cd-30fbf03bc7bd to remote] DEBUG org.apache.http.wire - http-outgoing-9 << "Connection: keep-alive[\r][\n]"
12:18:49.770 [Forwarding clickElement on session 18063075-812d-4a4c-a6cd-30fbf03bc7bd to remote] DEBUG org.apache.http.wire - http-outgoing-9 << "[\r][\n]"
&amp#27;[312:18:49.770 [Forwarding clickElement on session 18063075-812d-4a4c-a6cd-30fbf03bc7bd to remote] DEBUG org.apache.http.wire - http-outgoing-9 << "{"status":0,"id":"1C000000-0000-0000-B019-000000000000","value":"","sessionId":"18063075-812d-4a4c-a6cd-30fbf03bc7bd"}"
9m &amp#27;[37m<-- POST /wd/hub/session/18063075-812d-4a4c-a6cd-30fbf03bc7bd/element/1C000000-0000-0000-B0112:18:49.770 [Forwarding clickElement on session 18063075-812d-4a4c-a6cd-30fbf03bc7bd to remote] DEBUG org.apache.http.headers - http-outgoing-9 << HTTP/1.1 200 OK
9-00012:18:49.771 [Forwarding clickElement on session 18063075-812d-4a4c-a6cd-30fbf03bc7bd to remote] DEBUG org.apache.http.headers - http-outgoing-9 << X-Powered-By: Express
00000000012:18:49.771 [Forwarding clickElement on session 18063075-812d-4a4c-a6cd-30fbf03bc7bd to remote] DEBUG org.apache.http.headers - http-outgoing-9 << Access-Control-Allow-Origin: *
/click &amp#27;[39m&amp#27;[32m200&amp#27;[39m &amp#27;[90m1373 ms - 118&amp#27;[39m
&amp#27;[35m[HTTP]&amp#27;[39m &amp#27;[90m&amp#27;[39m
12:18:49.771 [Forwarding clickElement on session 18063075-812d-4a4c-a6cd-30fbf03bc7bd to remote] DEBUG org.apache.http.headers - http-outgoing-9 << Access-Control-Allow-Methods: GET,POST,PUT,OPTIONS,DELETE
12:18:49.772 [Forwarding clickElement on session 18063075-812d-4a4c-a6cd-30fbf03bc7bd to remote] DEBUG org.apache.http.headers - http-outgoing-9 << Access-Control-Allow-Headers: origin, content-type, accept
12:18:49.772 [Forwarding clickElement on session 18063075-812d-4a4c-a6cd-30fbf03bc7bd to remote] DEBUG org.apache.http.headers - http-outgoing-9 << Vary: X-HTTP-Method-Override
12:18:49.772 [Forwarding clickElement on session 18063075-812d-4a4c-a6cd-30fbf03bc7bd to remote] DEBUG org.apache.http.headers - http-outgoing-9 << Content-Type: application/json; charset=utf-8
12:18:49.772 [Forwarding clickElement on session 18063075-812d-4a4c-a6cd-30fbf03bc7bd to remote] DEBUG org.apache.http.headers - http-outgoing-9 << Content-Length: 118
12:18:49.772 [Forwarding clickElement on session 18063075-812d-4a4c-a6cd-30fbf03bc7bd to remote] DEBUG org.apache.http.headers - http-outgoing-9 << ETag: W/"76-Z1wYRSB+5WiMcq8POxMMuBiXqiQ"
12:18:49.772 [Forwarding clickElement on session 18063075-812d-4a4c-a6cd-30fbf03bc7bd to remote] DEBUG org.apache.http.headers - http-outgoing-9 << Date: Fri, 23 Aug 2019 06:48:49 GMT
12:18:49.772 [Forwarding clickElement on session 18063075-812d-4a4c-a6cd-30fbf03bc7bd to remote] DEBUG org.apache.http.headers - http-outgoing-9 << Connection: keep-alive
12:18:49.772 [Forwarding clickElement on session 18063075-812d-4a4c-a6cd-30fbf03bc7bd to remote] DEBUG o.a.h.impl.execchain.MainClientExec - Connection can be kept alive indefinitely
12:18:49.772 [Forwarding clickElement on session 18063075-812d-4a4c-a6cd-30fbf03bc7bd to remote] DEBUG o.a.h.i.c.PoolingHttpClientConnectionManager - Connection [id: 9][route: {}->http://localhost:4723] can be kept alive indefinitely
12:18:49.772 [Forwarding clickElement on session 18063075-812d-4a4c-a6cd-30fbf03bc7bd to remote] DEBUG o.a.h.i.c.PoolingHttpClientConnectionManager - Connection released: [id: 9][route: {}->http://localhost:4723][total kept alive: 1; route allocated: 1 of 2000; total allocated: 1 of 2000]
12:18:49.773 [Forwarding findElement on session 18063075-812d-4a4c-a6cd-30fbf03bc7bd to remote] DEBUG o.a.h.c.protocol.RequestAddCookies - CookieSpec selected: default
12:18:49.773 [Forwarding findElement on session 18063075-812d-4a4c-a6cd-30fbf03bc7bd to remote] DEBUG o.a.h.c.protocol.RequestAuthCache - Auth cache not set in the context
12:18:49.773 [Forwarding findElement on session 18063075-812d-4a4c-a6cd-30fbf03bc7bd to remote] DEBUG o.a.h.i.c.PoolingHttpClientConnectionManager - Connection request: [route: {}->http://localhost:4723][total kept alive: 1; route allocated: 1 of 2000; total allocated: 1 of 2000]
12:18:49.773 [Forwarding findElement on session 18063075-812d-4a4c-a6cd-30fbf03bc7bd to remote] DEBUG o.a.h.i.c.PoolingHttpClientConnectionManager - Connection leased: [id: 9][route: {}->http://localhost:4723][total kept alive: 0; route allocated: 1 of 2000; total allocated: 1 of 2000]
12:18:49.773 [Forwarding findElement on session 18063075-812d-4a4c-a6cd-30fbf03bc7bd to remote] DEBUG o.a.h.impl.execchain.MainClientExec - Stale connection check
12:18:49.775 [Forwarding findElement on session 18063075-812d-4a4c-a6cd-30fbf03bc7bd to remote] DEBUG org.apache.http.wire - http-outgoing-9 << "[read] I/O error: Read timed out"
12:18:49.775 [Forwarding findElement on session 18063075-812d-4a4c-a6cd-30fbf03bc7bd to remote] DEBUG o.a.h.i.c.DefaultManagedHttpClientConnection - http-outgoing-9: set socket timeout to 10800000
12:18:49.775 [Forwarding findElement on session 18063075-812d-4a4c-a6cd-30fbf03bc7bd to remote] DEBUG o.a.h.impl.execchain.MainClientExec - Executing request POST /wd/hub/session/18063075-812d-4a4c-a6cd-30fbf03bc7bd/element HTTP/1.1
12:18:49.775 [Forwarding findElement on session 18063075-812d-4a4c-a6cd-30fbf03bc7bd to remote] DEBUG o.a.h.impl.execchain.MainClientExec - Target auth state: UNCHALLENGED
12:18:49.775 [Forwarding findElement on session 18063075-812d-4a4c-a6cd-30fbf03bc7bd to remote] DEBUG o.a.h.impl.execchain.MainClientExec - Proxy auth state: UNCHALLENGED
12:18:49.775 [Forwarding findElement on session 18063075-812d-4a4c-a6cd-30fbf03bc7bd to remote] DEBUG org.apache.http.headers - http-outgoing-9 >> POST /wd/hub/session/18063075-812d-4a4c-a6cd-30fbf03bc7bd/element HTTP/1.1
12:18:49.775 [Forwarding findElement on session 18063075-812d-4a4c-a6cd-30fbf03bc7bd to remote] DEBUG org.apache.http.headers - http-outgoing-9 >> Content-Type: application/json; charset=utf-8
12:18:49.775 [Forwarding findElement on session 18063075-812d-4a4c-a6cd-30fbf03bc7bd to remote] DEBUG org.apache.http.headers - http-outgoing-9 >> Content-Length: 31
12:18:49.775 [Forwarding findElement on session 18063075-812d-4a4c-a6cd-30fbf03bc7bd to remote] DEBUG org.apache.http.headers - http-outgoing-9 >> Host: localhost:4723
12:18:49.775 [Forwarding findElement on session 18063075-812d-4a4c-a6cd-30fbf03bc7bd to remote] DEBUG org.apache.http.headers - http-outgoing-9 >> Connection: Keep-Alive
12:18:49.775 [Forwarding findElement on session 18063075-812d-4a4c-a6cd-30fbf03bc7bd to remote] DEBUG org.apache.http.headers - http-outgoing-9 >> User-Agent: Apache-HttpClient/4.5.2 (Java/1.8.0_171)
12:18:49.775 [Forwarding findElement on session 18063075-812d-4a4c-a6cd-30fbf03bc7bd to remote] DEBUG org.apache.http.headers - http-outgoing-9 >> Accept-Encoding: gzip,deflate
12:18:49.775 [Forwarding findElement on session 18063075-812d-4a4c-a6cd-30fbf03bc7bd to remote] DEBUG org.apache.http.wire - http-outgoing-9 >> "POST /wd/hub/session/18063075-812d-4a4c-a6cd-30fbf03bc7bd/element HTTP/1.1[\r][\n]"
12:18:49.775 [Forwarding findElement on session 18063075-812d-4a4c-a6cd-30fbf03bc7bd to remote] DEBUG org.apache.http.wire - http-outgoing-9 >> "Content-Type: application/json; charset=utf-8[\r][\n]"
12:18:49.775 [Forwarding findElement on session 18063075-812d-4a4c-a6cd-30fbf03bc7bd to remote] DEBUG org.apache.http.wire - http-outgoing-9 >> "Content-Length: 31[\r][\n]"
12:18:49.775 [Forwarding findElement on session 18063075-812d-4a4c-a6cd-30fbf03bc7bd to remote] DEBUG org.apache.http.wire - http-outgoing-9 >> "Host: localhost:4723[\r][\n]"
12:18:49.775 [Forwarding findElement on session 18063075-812d-4a4c-a6cd-30fbf03bc7bd to remote] DEBUG org.apache.http.wire - http-outgoing-9 >> "Connection: Keep-Alive[\r][\n]"
12:18:49.775 [Forwarding findElement on session 18063075-812d-4a4c-a6cd-30fbf03bc7bd to remote] DEBUG org.apache.http.wire - http-outgoing-9 >> "User-Agent: Apache-HttpClient/4.5.2 (Java/1.8.0_171)[\r][\n]"
12:18:49.775 [Forwarding findElement on session 18063075-812d-4a4c-a6cd-30fbf03bc7bd to remote] DEBUG org.apache.http.wire - http-outgoing-9 >> "Accept-Encoding: gzip,deflate[\r][\n]"
12:18:49.775 [Forwarding findElement on session 18063075-812d-4a4c-a6cd-30fbf03bc7bd to remote] DEBUG org.apache.http.wire - http-outgoing-9 >> "[\r][\n]"
12:18:49.775 [Forwarding findElement on session 18063075-812d-4a4c-a6cd-30fbf03bc7bd to remote] DEBUG org.apache.http.wire - http-outgoing-9 >> "{"using":"id","value":"MOVIES"}"
&amp#27;[35m[HTTP]&amp#27;[39m &amp#27;[37m-->&amp#27;[39m &amp#27;[37mPOST&amp#27;[39m &amp#27;[37m/wd/hub/session/18063075-812d-4a4c-a6cd-30fbf03bc7bd/element&amp#27;[39m
&amp#27;[35m[HTTP]&amp#27;[39m &amp#27;[90m{"using":"id","value":"MOVIES"}&amp#27;[39m
12:18:50.567 [Forwarding findElement on session 18063075-812d-4a4c-a6cd-30fbf03bc7bd to remote] DEBUG org.apache.http.wire - http-outgoing-9 << "HTTP/1.1 200 OK[\r][\n]"
12:18:50.567 [Forwarding findElement on session 18063075-812d-4a4c-a6cd-30fbf03bc7bd to remote] DEBUG org.apache.http.wire - http-outgoing-9 << "X-Powered-By: Express[\r][\n]"
12:18:50.567 [Forwarding findElement on session 18063075-812d-4a4c-a6cd-30fbf03bc7bd to remote] DEBUG org.apache.http.wire - http-outgoing-9 << "Access-Control-Allow-Origin: *[\r][\n]"
12:18:50.567 [Forwarding findElement on session 18063075-812d-4a4c-a6cd-30fbf03bc7bd to remote] DEBUG org.apache.http.wire - http-outgoing-9 << "Access-Control-Allow-Methods: GET,POST,PUT,OPTIONS,DELETE[\r][\n]"
12:18:50.567 [Forwarding findElement on session 18063075-812d-4a4c-a6cd-30fbf03bc7bd to remote] DEBUG org.apache.http.wire - http-outgoing-9 << "Access-Control-Allow-Headers: origin, content-type, accept[\r][\n]"
12:18:50.567 [Forwarding findElement on session 18063075-812d-4a4c-a6cd-30fbf03bc7bd to remote] DEBUG org.apache.http.wire - http-outgoing-9 << "Vary: X-HTTP-Method-Override[\r][\n]"
12:18:50.567 [Forwarding findElement on session 18063075-812d-4a4c-a6cd-30fbf03bc7bd to remote] DEBUG org.apache.http.wire - http-outgoing-9 << "Content-Type: application/json; charset=utf-8[\r][\n]"
12:18:50.567 [Forwarding findElement on session 18063075-812d-4a4c-a6cd-30fbf03bc7bd to remote] DEBUG org.apache.http.wire - http-outgoing-9 << "Content-Length: 122[\r][\n]"
12:18:50.567 [Forwarding findElement on session 18063075-812d-4a4c-a6cd-30fbf03bc7bd to remote] DEBUG org.apache.http.wire - http-outgoing-9 << "ETag: W/"7a-rU0xMjqXvyKCMRvYWEMwMxY/HDQ"[\r][\n]"
12:18:50.567 [Forwarding findElement on session 18063075-812d-4a4c-a6cd-30fbf03bc7bd to remote] DEBUG org.apache.http.wire - http-outgoing-9 << "Date: Fri, 23 Aug 2019 06:48:50 GMT[\r][\n]"
12:18:50.567 [Forwarding findElement on session 18063075-812d-4a4c-a6cd-30fbf03bc7bd to remote] DEBUG org.apache.http.wire - http-outgoing-9 << "Connection: keep-alive[\r][\n]"
12:18:50.567 [Forwarding findElement on session 18063075-812d-4a4c-a6cd-30fbf03bc7bd to remote] DEBUG org.apache.http.wire - http-outgoing-9 << "[\r][\n]"
12:18:50.567 [Forwarding findElement on session 18063075-812d-4a4c-a6cd-30fbf03bc7bd to remote] DEBUG org.apache.http.wire - http-outgoing-9 << "{"status":0,"value":{"ELEMENT":"1D000000-0000-0000-B019-000000000000"},"sessionId":"18063075-812d-4a4c-a6cd-30fbf03bc7bd"}"
12:18:50.567 [Forwarding findElement on session 18063075-812d-4a4c-a6cd-30fbf03bc7bd to remote] DEBUG org.apache.http.headers - http-outgoing-9 << HTTP/1.1 200 OK
12:18:50.567 [Forwarding findElement on session 18063075-812d-4a4c-a6cd-30fbf03bc7bd to remote] DEBUG org.apache.http.headers - http-outgoing-9 << X-Powered-By: Express
12:18:50.567 [Forwarding findElement on session 18063075-812d-4a4c-a6cd-30fbf03bc7bd to remote] DEBUG org.apache.http.headers - http-outgoing-9 << Access-Control-Allow-Origin: *
12:18:50.567 [Forwarding findElement on session 18063075-812d-4a4c-a6cd-30fbf03bc7bd to remote] DEBUG org.apache.http.headers - http-outgoing-9 << Access-Control-Allow-Methods: GET,POST,PUT,OPTIONS,DELETE
12:18:50.567 [Forwarding findElement on session 18063075-812d-4a4c-a6cd-30fbf03bc7bd to remote] DEBUG org.apache.http.headers - http-outgoing-9 << Access-Control-Allow-Headers: origin, content-type, accept
12:18:50.567 [Forwarding findElement on session 18063075-812d-4a4c-a6cd-30fbf03bc7bd to remote] DEBUG org.apache.http.headers - http-outgoing-9 << Vary: X-HTTP-Method-Override
12:18:50.567 [Forwarding findElement on session 18063075-812d-4a4c-a6cd-30fbf03bc7bd to remote] DEBUG org.apache.http.headers - http-outgoing-9 << Content-Type: application/json; charset=utf-8
&amp#27;[35m[HTTP]&amp#27;[39m &amp#27;[37m<-- POST /wd/12:18:50.567 [Forwarding findElement on session 18063075-812d-4a4c-a6cd-30fbf03bc7bd to remote] DEBUG org.apache.http.headers - http-outgoing-9 << Content-Length: 122
12:18:50.567 [Forwarding findElement on session 18063075-812d-4a4c-a6cd-30fbf03bc7bd to remote] DEBUG org.apache.http.headers - http-outgoing-9 << ETag: W/"7a-rU0xMjqXvyKCMRvYWEMwMxY/HDQ"
hub12:18:50.567 [Forwarding findElement on session 18063075-812d-4a4c-a6cd-30fbf03bc7bd to remote] DEBUG org.apache.http.headers - http-outgoing-9 << Date: Fri, 23 Aug 2019 06:48:50 GMT
/12:18:50.568 [Forwarding findElement on session 18063075-812d-4a4c-a6cd-30fbf03bc7bd to remote] DEBUG org.apache.http.headers - http-outgoing-9 << Connection: keep-alive
session/1812:18:50.568 [Forwarding findElement on session 18063075-812d-4a4c-a6cd-30fbf03bc7bd to remote] DEBUG o.a.h.impl.execchain.MainClientExec - Connection can be kept alive indefinitely
06307512:18:50.568 [Forwarding findElement on session 18063075-812d-4a4c-a6cd-30fbf03bc7bd to remote] DEBUG o.a.h.i.c.PoolingHttpClientConnectionManager - Connection [id: 9][route: {}->http://localhost:4723] can be kept alive indefinitely
-812d-4a4c-a6cd-312:18:50.568 [Forwarding findElement on session 18063075-812d-4a4c-a6cd-30fbf03bc7bd to remote] DEBUG o.a.h.i.c.PoolingHttpClientConnectionManager - Connection released: [id: 9][route: {}->http://localhost:4723][total kept alive: 1; route allocated: 1 of 2000; total allocated: 1 of 2000]
0fbf03bc7bd/element &amp#27;[39m&amp#27;[32m200&amp#27;[39m &amp#27;[90m791 ms - 122&amp#27;[39m
&amp#27;[35m[HTTP]&amp#27;[39m &amp#27;[90m&amp#27;[39m
12:18:50.569 [Forwarding isElementDisplayed on session 18063075-812d-4a4c-a6cd-30fbf03bc7bd to remote] DEBUG o.a.h.c.protocol.RequestAddCookies - CookieSpec selected: default
12:18:50.569 [Forwarding isElementDisplayed on session 18063075-812d-4a4c-a6cd-30fbf03bc7bd to remote] DEBUG o.a.h.c.protocol.RequestAuthCache - Auth cache not set in the context
12:18:50.569 [Forwarding isElementDisplayed on session 18063075-812d-4a4c-a6cd-30fbf03bc7bd to remote] DEBUG o.a.h.i.c.PoolingHttpClientConnectionManager - Connection request: [route: {}->http://localhost:4723][total kept alive: 1; route allocated: 1 of 2000; total allocated: 1 of 2000]
12:18:50.569 [Forwarding isElementDisplayed on session 18063075-812d-4a4c-a6cd-30fbf03bc7bd to remote] DEBUG o.a.h.i.c.PoolingHttpClientConnectionManager - Connection leased: [id: 9][route: {}->http://localhost:4723][total kept alive: 0; route allocated: 1 of 2000; total allocated: 1 of 2000]
12:18:50.569 [Forwarding isElementDisplayed on session 18063075-812d-4a4c-a6cd-30fbf03bc7bd to remote] DEBUG o.a.h.impl.execchain.MainClientExec - Stale connection check
12:18:50.570 [Forwarding isElementDisplayed on session 18063075-812d-4a4c-a6cd-30fbf03bc7bd to remote] DEBUG org.apache.http.wire - http-outgoing-9 << "[read] I/O error: Read timed out"
12:18:50.570 [Forwarding isElementDisplayed on session 18063075-812d-4a4c-a6cd-30fbf03bc7bd to remote] DEBUG o.a.h.i.c.DefaultManagedHttpClientConnection - http-outgoing-9: set socket timeout to 10800000
12:18:50.570 [Forwarding isElementDisplayed on session 18063075-812d-4a4c-a6cd-30fbf03bc7bd to remote] DEBUG o.a.h.impl.execchain.MainClientExec - Executing request GET /wd/hub/session/18063075-812d-4a4c-a6cd-30fbf03bc7bd/element/1D000000-0000-0000-B019-000000000000/displayed HTTP/1.1
12:18:50.570 [Forwarding isElementDisplayed on session 18063075-812d-4a4c-a6cd-30fbf03bc7bd to remote] DEBUG o.a.h.impl.execchain.MainClientExec - Target auth state: UNCHALLENGED
12:18:50.570 [Forwarding isElementDisplayed on session 18063075-812d-4a4c-a6cd-30fbf03bc7bd to remote] DEBUG o.a.h.impl.execchain.MainClientExec - Proxy auth state: UNCHALLENGED
12:18:50.570 [Forwarding isElementDisplayed on session 18063075-812d-4a4c-a6cd-30fbf03bc7bd to remote] DEBUG org.apache.http.headers - http-outgoing-9 >> GET /wd/hub/session/18063075-812d-4a4c-a6cd-30fbf03bc7bd/element/1D000000-0000-0000-B019-000000000000/displayed HTTP/1.1
12:18:50.570 [Forwarding isElementDisplayed on session 18063075-812d-4a4c-a6cd-30fbf03bc7bd to remote] DEBUG org.apache.http.headers - http-outgoing-9 >> Cache-Control: no-cache
12:18:50.570 [Forwarding isElementDisplayed on session 18063075-812d-4a4c-a6cd-30fbf03bc7bd to remote] DEBUG org.apache.http.headers - http-outgoing-9 >> Host: localhost:4723
12:18:50.570 [Forwarding isElementDisplayed on session 18063075-812d-4a4c-a6cd-30fbf03bc7bd to remote] DEBUG org.apache.http.headers - http-outgoing-9 >> Connection: Keep-Alive
12:18:50.570 [Forwarding isElementDisplayed on session 18063075-812d-4a4c-a6cd-30fbf03bc7bd to remote] DEBUG org.apache.http.headers - http-outgoing-9 >> User-Agent: Apache-HttpClient/4.5.2 (Java/1.8.0_171)
12:18:50.570 [Forwarding isElementDisplayed on session 18063075-812d-4a4c-a6cd-30fbf03bc7bd to remote] DEBUG org.apache.http.headers - http-outgoing-9 >> Accept-Encoding: gzip,deflate
12:18:50.570 [Forwarding isElementDisplayed on session 18063075-812d-4a4c-a6cd-30fbf03bc7bd to remote] DEBUG org.apache.http.wire - http-outgoing-9 >> "GET /wd/hub/session/18063075-812d-4a4c-a6cd-30fbf03bc7bd/element/1D000000-0000-0000-B019-000000000000/displayed HTTP/1.1[\r][\n]"
12:18:50.570 [Forwarding isElementDisplayed on session 18063075-812d-4a4c-a6cd-30fbf03bc7bd to remote] DEBUG org.apache.http.wire - http-outgoing-9 >> "Cache-Control: no-cache[\r][\n]"
12:18:50.570 [Forwarding isElementDisplayed on session 18063075-812d-4a4c-a6cd-30fbf03bc7bd to remote] DEBUG org.apache.http.wire - http-outgoing-9 >> "Host: localhost:4723[\r][\n]"
12:18:50.570 [Forwarding isElementDisplayed on session 18063075-812d-4a4c-a6cd-30fbf03bc7bd to remote] DEBUG org.apache.http.wire - http-outgoing-9 >> "Connection: Keep-Alive[\r][\n]"
12:18:50.570 [Forwarding isElementDisplayed on session 18063075-812d-4a4c-a6cd-30fbf03bc7bd to remote] DEBUG org.apache.http.wire - http-outgoing-9 >> "User-Agent: Apache-HttpClient/4.5.2 (Java/1.8.0_171)[\r][\n]"
12:18:50.570 [Forwarding isElementDisplayed on session 18063075-812d-4a4c-a6cd-30fbf03bc7bd to remote] DEBUG org.apache.http.wire - http-outgoing-9 >> "Accept-Encoding: gzip,deflate[\r][\n]"
12:18:50.570 [Forwarding isElementDisplayed on session 18063075-812d-4a4c-a6cd-30fbf03bc7bd to remote] DEBUG org.apache.http.wire - http-outgoing-9 >> "[\r][\n]"
&amp#27;[35m[HTTP]&amp#27;[39m &amp#27;[37m-->&amp#27;[39m &amp#27;[37mGET&amp#27;[39m &amp#27;[37m/wd/hub/session/18063075-812d-4a4c-a6cd-30fbf03bc7bd/element/1D000000-0000-0000-B019-000000000000/displayed&amp#27;[39m
&amp#27;[35m[HTTP]&amp#27;[39m &amp#27;[90m{}&amp#27;[39m
&amp#27;[35m[MJSONWP]&amp#27;[39m Driver proxy active, passing request on via HTTP proxy
&amp#27;[35m[JSONWP Proxy]&amp#27;[39m Replacing sessionId E840BF70-6563-4B2D-BA8C-84CB2A9EB8B3 with 18063075-812d12:18:51.163 [Forwarding isElementDisplayed on session 18063075-812d-4a4c-a6cd-30fbf03bc7bd to remote] DEBUG org.apache.http.wire - http-outgoing-9 << "HTTP/1.1 200 OK[\r][\n]"
-4a4c-a6cd-30fbf03bc7bd
12:18:51.163 [Forwarding isElementDisplayed on session 18063075-812d-4a4c-a6cd-30fbf03bc7bd to remote] DEBUG org.apache.http.wire - http-outgoing-9 << "X-Powered-By: Express[\r][\n]"
&amp#27;[35m[HTTP]&amp#27;[39m &amp#27;[37m<-- GET /wd/hub12:18:51.163 [Forwarding isElementDisplayed on session 18063075-812d-4a4c-a6cd-30fbf03bc7bd to remote] DEBUG org.apache.http.wire - http-outgoing-9 << "Access-Control-Allow-Origin: *[\r][\n]"
/session/18063075-812d-4a4c-a6cd-30fbf03bc7bd/element/1D000000-0000-012:18:51.164 [Forwarding isElementDisplayed on session 18063075-812d-4a4c-a6cd-30fbf03bc7bd to remote] DEBUG org.apache.http.wire - http-outgoing-9 << "Access-Control-Allow-Methods: GET,POST,PUT,OPTIONS,DELETE[\r][\n]"
12:18:51.164 [Forwarding isElementDisplayed on session 18063075-812d-4a4c-a6cd-30fbf03bc7bd to remote] DEBUG org.apache.http.wire - http-outgoing-9 << "Access-Control-Allow-Headers: origin, content-type, accept[\r][\n]"
12:18:51.164 [Forwarding isElementDisplayed on session 18063075-812d-4a4c-a6cd-30fbf03bc7bd to remote] DEBUG org.apache.http.wire - http-outgoing-9 << "Content-Type: application/json; charset=utf-8[\r][\n]"
0012:18:51.164 [Forwarding isElementDisplayed on session 18063075-812d-4a4c-a6cd-30fbf03bc7bd to remote] DEBUG org.apache.http.wire - http-outgoing-9 << "Content-Length: 76[\r][\n]"
12:18:51.164 [Forwarding isElementDisplayed on session 18063075-812d-4a4c-a6cd-30fbf03bc7bd to remote] DEBUG org.apache.http.wire - http-outgoing-9 << "ETag: W/"4c-Y7k244UeXncxktz3h+rJR8RJids"[\r][\n]"
0-B019-00000000000012:18:51.164 [Forwarding isElementDisplayed on session 18063075-812d-4a4c-a6cd-30fbf03bc7bd to remote] DEBUG org.apache.http.wire - http-outgoing-9 << "Date: Fri, 23 Aug 2019 06:48:51 GMT[\r][\n]"
/displayed &amp#27;[3912:18:51.165 [Forwarding isElementDisplayed on session 18063075-812d-4a4c-a6cd-30fbf03bc7bd to remote] DEBUG org.apache.http.wire - http-outgoing-9 << "Connection: keep-alive[\r][\n]"
12:18:51.165 [Forwarding isElementDisplayed on session 18063075-812d-4a4c-a6cd-30fbf03bc7bd to remote] DEBUG org.apache.http.wire - http-outgoing-9 << "[\r][\n]"
12:18:51.165 [Forwarding isElementDisplayed on session 18063075-812d-4a4c-a6cd-30fbf03bc7bd to remote] DEBUG org.apache.http.wire - http-outgoing-9 << "{"value":true,"sessionId":"18063075-812d-4a4c-a6cd-30fbf03bc7bd","status":0}"
m&amp#27;[32m12:18:51.165 [Forwarding isElementDisplayed on session 18063075-812d-4a4c-a6cd-30fbf03bc7bd to remote] DEBUG org.apache.http.headers - http-outgoing-9 << HTTP/1.1 200 OK
12:18:51.165 [Forwarding isElementDisplayed on session 18063075-812d-4a4c-a6cd-30fbf03bc7bd to remote] DEBUG org.apache.http.headers - http-outgoing-9 << X-Powered-By: Express
12:18:51.165 [Forwarding isElementDisplayed on session 18063075-812d-4a4c-a6cd-30fbf03bc7bd to remote] DEBUG org.apache.http.headers - http-outgoing-9 << Access-Control-Allow-Origin: *
12:18:51.165 [Forwarding isElementDisplayed on session 18063075-812d-4a4c-a6cd-30fbf03bc7bd to remote] DEBUG org.apache.http.headers - http-outgoing-9 << Access-Control-Allow-Methods: GET,POST,PUT,OPTIONS,DELETE
12:18:51.165 [Forwarding isElementDisplayed on session 18063075-812d-4a4c-a6cd-30fbf03bc7bd to remote] DEBUG org.apache.http.headers - http-outgoing-9 << Access-Control-Allow-Headers: origin, content-type, accept
12:18:51.165 [Forwarding isElementDisplayed on session 18063075-812d-4a4c-a6cd-30fbf03bc7bd to remote] DEBUG org.apache.http.headers - http-outgoing-9 << Content-Type: application/json; charset=utf-8
12:18:51.165 [Forwarding isElementDisplayed on session 18063075-812d-4a4c-a6cd-30fbf03bc7bd to remote] DEBUG org.apache.http.headers - http-outgoing-9 << Content-Length: 76
12:18:51.165 [Forwarding isElementDisplayed on session 18063075-812d-4a4c-a6cd-30fbf03bc7bd to remote] DEBUG org.apache.http.headers - http-outgoing-9 << ETag: W/"4c-Y7k244UeXncxktz3h+rJR8RJids"
2012:18:51.165 [Forwarding isElementDisplayed on session 18063075-812d-4a4c-a6cd-30fbf03bc7bd to remote] DEBUG org.apache.http.headers - http-outgoing-9 << Date: Fri, 23 Aug 2019 06:48:51 GMT
12:18:51.165 [Forwarding isElementDisplayed on session 18063075-812d-4a4c-a6cd-30fbf03bc7bd to remote] DEBUG org.apache.http.headers - http-outgoing-9 << Connection: keep-alive
0&amp#27;[39m &amp#27;[90m592 ms -12:18:51.165 [Forwarding isElementDisplayed on session 18063075-812d-4a4c-a6cd-30fbf03bc7bd to remote] DEBUG o.a.h.impl.execchain.MainClientExec - Connection can be kept alive indefinitely
 76&amp#27;[39m
&amp#27;[35m[HTTP]12:18:51.165 [Forwarding isElementDisplayed on session 18063075-812d-4a4c-a6cd-30fbf03bc7bd to remote] DEBUG o.a.h.i.c.PoolingHttpClientConnectionManager - Connection [id: 9][route: {}->http://localhost:4723] can be kept alive indefinitely
&amp#27;[312:18:51.165 [Forwarding isElementDisplayed on session 18063075-812d-4a4c-a6cd-30fbf03bc7bd to remote] DEBUG o.a.h.i.c.PoolingHttpClientConnectionManager - Connection released: [id: 9][route: {}->http://localhost:4723][total kept alive: 1; route allocated: 1 of 2000; total allocated: 1 of 2000]
9m &amp#27;[90m&amp#27;[39m
12:18:51.166 [Forwarding findElement on session 18063075-812d-4a4c-a6cd-30fbf03bc7bd to remote] DEBUG o.a.h.c.protocol.RequestAddCookies - CookieSpec selected: default
12:18:51.166 [Forwarding findElement on session 18063075-812d-4a4c-a6cd-30fbf03bc7bd to remote] DEBUG o.a.h.c.protocol.RequestAuthCache - Auth cache not set in the context
12:18:51.166 [Forwarding findElement on session 18063075-812d-4a4c-a6cd-30fbf03bc7bd to remote] DEBUG o.a.h.i.c.PoolingHttpClientConnectionManager - Connection request: [route: {}->http://localhost:4723][total kept alive: 1; route allocated: 1 of 2000; total allocated: 1 of 2000]
12:18:51.166 [Forwarding findElement on session 18063075-812d-4a4c-a6cd-30fbf03bc7bd to remote] DEBUG o.a.h.i.c.PoolingHttpClientConnectionManager - Connection leased: [id: 9][route: {}->http://localhost:4723][total kept alive: 0; route allocated: 1 of 2000; total allocated: 1 of 2000]
12:18:51.166 [Forwarding findElement on session 18063075-812d-4a4c-a6cd-30fbf03bc7bd to remote] DEBUG o.a.h.impl.execchain.MainClientExec - Stale connection check
12:18:51.167 [Forwarding findElement on session 18063075-812d-4a4c-a6cd-30fbf03bc7bd to remote] DEBUG org.apache.http.wire - http-outgoing-9 << "[read] I/O error: Read timed out"
12:18:51.167 [Forwarding findElement on session 18063075-812d-4a4c-a6cd-30fbf03bc7bd to remote] DEBUG o.a.h.i.c.DefaultManagedHttpClientConnection - http-outgoing-9: set socket timeout to 10800000
12:18:51.167 [Forwarding findElement on session 18063075-812d-4a4c-a6cd-30fbf03bc7bd to remote] DEBUG o.a.h.impl.execchain.MainClientExec - Executing request POST /wd/hub/session/18063075-812d-4a4c-a6cd-30fbf03bc7bd/element HTTP/1.1
12:18:51.167 [Forwarding findElement on session 18063075-812d-4a4c-a6cd-30fbf03bc7bd to remote] DEBUG o.a.h.impl.execchain.MainClientExec - Target auth state: UNCHALLENGED
12:18:51.167 [Forwarding findElement on session 18063075-812d-4a4c-a6cd-30fbf03bc7bd to remote] DEBUG o.a.h.impl.execchain.MainClientExec - Proxy auth state: UNCHALLENGED
12:18:51.167 [Forwarding findElement on session 18063075-812d-4a4c-a6cd-30fbf03bc7bd to remote] DEBUG org.apache.http.headers - http-outgoing-9 >> POST /wd/hub/session/18063075-812d-4a4c-a6cd-30fbf03bc7bd/element HTTP/1.1
12:18:51.167 [Forwarding findElement on session 18063075-812d-4a4c-a6cd-30fbf03bc7bd to remote] DEBUG org.apache.http.headers - http-outgoing-9 >> Content-Type: application/json; charset=utf-8
12:18:51.167 [Forwarding findElement on session 18063075-812d-4a4c-a6cd-30fbf03bc7bd to remote] DEBUG org.apache.http.headers - http-outgoing-9 >> Content-Length: 31
12:18:51.167 [Forwarding findElement on session 18063075-812d-4a4c-a6cd-30fbf03bc7bd to remote] DEBUG org.apache.http.headers - http-outgoing-9 >> Host: localhost:4723
12:18:51.167 [Forwarding findElement on session 18063075-812d-4a4c-a6cd-30fbf03bc7bd to remote] DEBUG org.apache.http.headers - http-outgoing-9 >> Connection: Keep-Alive
12:18:51.167 [Forwarding findElement on session 18063075-812d-4a4c-a6cd-30fbf03bc7bd to remote] DEBUG org.apache.http.headers - http-outgoing-9 >> User-Agent: Apache-HttpClient/4.5.2 (Java/1.8.0_171)
12:18:51.167 [Forwarding findElement on session 18063075-812d-4a4c-a6cd-30fbf03bc7bd to remote] DEBUG org.apache.http.headers - http-outgoing-9 >> Accept-Encoding: gzip,deflate
12:18:51.167 [Forwarding findElement on session 18063075-812d-4a4c-a6cd-30fbf03bc7bd to remote] DEBUG org.apache.http.wire - http-outgoing-9 >> "POST /wd/hub/session/18063075-812d-4a4c-a6cd-30fbf03bc7bd/element HTTP/1.1[\r][\n]"
12:18:51.167 [Forwarding findElement on session 18063075-812d-4a4c-a6cd-30fbf03bc7bd to remote] DEBUG org.apache.http.wire - http-outgoing-9 >> "Content-Type: application/json; charset=utf-8[\r][\n]"
12:18:51.167 [Forwarding findElement on session 18063075-812d-4a4c-a6cd-30fbf03bc7bd to remote] DEBUG org.apache.http.wire - http-outgoing-9 >> "Content-Length: 31[\r][\n]"
12:18:51.167 [Forwarding findElement on session 18063075-812d-4a4c-a6cd-30fbf03bc7bd to remote] DEBUG org.apache.http.wire - http-outgoing-9 >> "Host: localhost:4723[\r][\n]"
12:18:51.167 [Forwarding findElement on session 18063075-812d-4a4c-a6cd-30fbf03bc7bd to remote] DEBUG org.apache.http.wire - http-outgoing-9 >> "Connection: Keep-Alive[\r][\n]"
12:18:51.167 [Forwarding findElement on session 18063075-812d-4a4c-a6cd-30fbf03bc7bd to remote] DEBUG org.apache.http.wire - http-outgoing-9 >> "User-Agent: Apache-HttpClient/4.5.2 (Java/1.8.0_171)[\r][\n]"
12:18:51.167 [Forwarding findElement on session 18063075-812d-4a4c-a6cd-30fbf03bc7bd to remote] DEBUG org.apache.http.wire - http-outgoing-9 >> "Accept-Encoding: gzip,deflate[\r][\n]"
12:18:51.167 [Forwarding findElement on session 18063075-812d-4a4c-a6cd-30fbf03bc7bd to remote] DEBUG org.apache.http.wire - http-outgoing-9 >> "[\r][\n]"
12:18:51.167 [Forwarding findElement on session 18063075-812d-4a4c-a6cd-30fbf03bc7bd to remote] DEBUG org.apache.http.wire - http-outgoing-9 >> "{"using":"id","value":"MOVIES"}"
&amp#27;[35m[HTTP]&amp#27;[39m &amp#27;[37m-->&amp#27;[39m &amp#27;[37mPOST&amp#27;[39m &amp#27;[37m/wd/hub/session/18063075-812d-4a4c-a6cd-30fbf03bc7bd/element&amp#27;[39m
&amp#27;[35m[HTTP]&amp#27;[39m &amp#27;[90m{"using":"id","value":"MOVIES"}&amp#27;[39m
12:18:51.936 [Forwarding findElement on session 18063075-812d-4a4c-a6cd-30fbf03bc7bd to remote] DEBUG org.apache.http.wire - http-outgoing-9 << "HTTP/1.1 200 OK[\r][\n]"
12:18:51.936 [Forwarding findElement on session 18063075-812d-4a4c-a6cd-30fbf03bc7bd to remote] DEBUG org.apache.http.wire - http-outgoing-9 << "X-Powered-By: Express[\r][\n]"
12:18:51.936 [Forwarding findElement on session 18063075-812d-4a4c-a6cd-30fbf03bc7bd to remote] DEBUG org.apache.http.wire - http-outgoing-9 << "Access-Control-Allow-Origin: *[\r][\n]"
12:18:51.937 [Forwarding findElement on session 18063075-812d-4a4c-a6cd-30fbf03bc7bd to remote] DEBUG org.apache.http.wire - http-outgoing-9 << "Access-Control-Allow-Methods: GET,POST,PUT,OPTIONS,DELETE[\r][\n]"
12:18:51.937 [Forwarding findElement on session 18063075-812d-4a4c-a6cd-30fbf03bc7bd to remote] DEBUG org.apache.http.wire - http-outgoing-9 << "Access-Control-Allow-Headers: origin, content-type, accept[\r][\n]"
12:18:51.937 [Forwarding findElement on session 18063075-812d-4a4c-a6cd-30fbf03bc7bd to remote] DEBUG org.apache.http.wire - http-outgoing-9 << "Vary: X-HTTP-Method-Override[\r][\n]"
12:18:51.937 [Forwarding findElement on session 18063075-812d-4a4c-a6cd-30fbf03bc7bd to remote] DEBUG org.apache.http.wire - http-outgoing-9 << "Content-Type: application/json; charset=utf-8[\r][\n]"
12:18:51.937 [Forwarding findElement on session 18063075-812d-4a4c-a6cd-30fbf03bc7bd to remote] DEBUG org.apache.http.wire - http-outgoing-9 << "Content-Length: 122[\r][\n]"
12:18:51.937 [Forwarding findElement on session 18063075-812d-4a4c-a6cd-30fbf03bc7bd to remote] DEBUG org.apache.http.wire - http-outgoing-9 << "ETag: W/"7a-rU0xMjqXvyKCMRvYWEMwMxY/HDQ"[\r][\n]"
12:18:51.937 [Forwarding findElement on session 18063075-812d-4a4c-a6cd-30fbf03bc7bd to remote] DEBUG org.apache.http.wire - http-outgoing-9 << "Date: Fri, 23 Aug 2019 06:48:51 GMT[\r][\n]"
12:18:51.937 [Forwarding findElement on session 18063075-812d-4a4c-a6cd-30fbf03bc7bd to remote] DEBUG org.apache.http.wire - http-outgoing-9 << "Connection: keep-alive[\r][\n]"
12:18:51.937 [Forwarding findElement on session 18063075-812d-4a4c-a6cd-30fbf03bc7bd to remote] DEBUG org.apache.http.wire - http-outgoing-9 << "[\r][\n]"
12:18:51.937 [Forwarding findElement on session 18063075-812d-4a4c-a6cd-30fbf03bc7bd to remote] DEBUG org.apache.http.wire - http-outgoing-9 << "{"status":0,"value":{"ELEMENT":"1D000000-0000-0000-B019-000000000000"},"sessionId":"18063075-812d-4a4c-a6cd-30fbf03bc7bd"}"
12:18:51.937 [Forwarding findElement on session 18063075-812d-4a4c-a6cd-30fbf03bc7bd to remote] DEBUG org.apache.http.headers - http-outgoing-9 << HTTP/1.1 200 OK
12:18:51.937 [Forwarding findElement on session 18063075-812d-4a4c-a6cd-30fbf03bc7bd to remote] DEBUG org.apache.http.headers - http-outgoing-9 << X-Powered-By: Express
12:18:51.937 [Forwarding findElement on session 18063075-812d-4a4c-a6cd-30fbf03bc7bd to remote] DEBUG org.apache.http.headers - http-outgoing-9 << Access-Control-Allow-Origin: *
12:18:51.937 [Forwarding findElement on session 18063075-812d-4a4c-a6cd-30fbf03bc7bd to remote] DEBUG org.apache.http.headers - http-outgoing-9 << Access-Control-Allow-Methods: GET,POST,PUT,OPTIONS,DELETE
12:18:51.937 [Forwarding findElement on session 18063075-812d-4a4c-a6cd-30fbf03bc7bd to remote] DEBUG org.apache.http.headers - http-outgoing-9 << Access-Control-Allow-Headers: origin, content-type, accept
12:18:51.937 [Forwarding findElement on session 18063075-812d-4a4c-a6cd-30fbf03bc7bd to remote] DEBUG org.apache.http.headers - http-outgoing-9 << Vary: X-HTTP-Method-Override
&amp#27;[35m[HT12:18:51.937 [Forwarding findElement on session 18063075-812d-4a4c-a6cd-30fbf03bc7bd to remote] DEBUG org.apache.http.headers - http-outgoing-9 << Content-Type: application/json; charset=utf-8
12:18:51.937 [Forwarding findElement on session 18063075-812d-4a4c-a6cd-30fbf03bc7bd to remote] DEBUG org.apache.http.headers - http-outgoing-9 << Content-Length: 122
TP]&amp#27;[39m &amp#27;[12:18:51.937 [Forwarding findElement on session 18063075-812d-4a4c-a6cd-30fbf03bc7bd to remote] DEBUG org.apache.http.headers - http-outgoing-9 << ETag: W/"7a-rU0xMjqXvyKCMRvYWEMwMxY/HDQ"
12:18:51.937 [Forwarding findElement on session 18063075-812d-4a4c-a6cd-30fbf03bc7bd to remote] DEBUG org.apache.http.headers - http-outgoing-9 << Date: Fri, 23 Aug 2019 06:48:51 GMT
12:18:51.937 [Forwarding findElement on session 18063075-812d-4a4c-a6cd-30fbf03bc7bd to remote] DEBUG org.apache.http.headers - http-outgoing-9 << Connection: keep-alive
37m<-- POST /w12:18:51.937 [Forwarding findElement on session 18063075-812d-4a4c-a6cd-30fbf03bc7bd to remote] DEBUG o.a.h.impl.execchain.MainClientExec - Connection can be kept alive indefinitely
d/hub/session/180612:18:51.937 [Forwarding findElement on session 18063075-812d-4a4c-a6cd-30fbf03bc7bd to remote] DEBUG o.a.h.i.c.PoolingHttpClientConnectionManager - Connection [id: 9][route: {}->http://localhost:4723] can be kept alive indefinitely
3075-812d-4a12:18:51.937 [Forwarding findElement on session 18063075-812d-4a4c-a6cd-30fbf03bc7bd to remote] DEBUG o.a.h.i.c.PoolingHttpClientConnectionManager - Connection released: [id: 9][route: {}->http://localhost:4723][total kept alive: 1; route allocated: 1 of 2000; total allocated: 1 of 2000]
4c-a6cd-30fbf03bc7bd/element &amp#27;[39m&amp#27;[32m200&amp#27;[39m &amp#27;[90m768 ms - 122&amp#27;[39m
&amp#27;[35m[HTTP]&amp#27;[39m &amp#27;[90m&amp#27;[39m
12:18:51.938 [Forwarding clickElement on session 18063075-812d-4a4c-a6cd-30fbf03bc7bd to remote] DEBUG o.a.h.c.protocol.RequestAddCookies - CookieSpec selected: default
12:18:51.938 [Forwarding clickElement on session 18063075-812d-4a4c-a6cd-30fbf03bc7bd to remote] DEBUG o.a.h.c.protocol.RequestAuthCache - Auth cache not set in the context
12:18:51.938 [Forwarding clickElement on session 18063075-812d-4a4c-a6cd-30fbf03bc7bd to remote] DEBUG o.a.h.i.c.PoolingHttpClientConnectionManager - Connection request: [route: {}->http://localhost:4723][total kept alive: 1; route allocated: 1 of 2000; total allocated: 1 of 2000]
12:18:51.938 [Forwarding clickElement on session 18063075-812d-4a4c-a6cd-30fbf03bc7bd to remote] DEBUG o.a.h.i.c.PoolingHttpClientConnectionManager - Connection leased: [id: 9][route: {}->http://localhost:4723][total kept alive: 0; route allocated: 1 of 2000; total allocated: 1 of 2000]
12:18:51.938 [Forwarding clickElement on session 18063075-812d-4a4c-a6cd-30fbf03bc7bd to remote] DEBUG o.a.h.impl.execchain.MainClientExec - Stale connection check
12:18:51.940 [Forwarding clickElement on session 18063075-812d-4a4c-a6cd-30fbf03bc7bd to remote] DEBUG org.apache.http.wire - http-outgoing-9 << "[read] I/O error: Read timed out"
12:18:51.940 [Forwarding clickElement on session 18063075-812d-4a4c-a6cd-30fbf03bc7bd to remote] DEBUG o.a.h.i.c.DefaultManagedHttpClientConnection - http-outgoing-9: set socket timeout to 10800000
12:18:51.940 [Forwarding clickElement on session 18063075-812d-4a4c-a6cd-30fbf03bc7bd to remote] DEBUG o.a.h.impl.execchain.MainClientExec - Executing request POST /wd/hub/session/18063075-812d-4a4c-a6cd-30fbf03bc7bd/element/1D000000-0000-0000-B019-000000000000/click HTTP/1.1
12:18:51.940 [Forwarding clickElement on session 18063075-812d-4a4c-a6cd-30fbf03bc7bd to remote] DEBUG o.a.h.impl.execchain.MainClientExec - Target auth state: UNCHALLENGED
12:18:51.940 [Forwarding clickElement on session 18063075-812d-4a4c-a6cd-30fbf03bc7bd to remote] DEBUG o.a.h.impl.execchain.MainClientExec - Proxy auth state: UNCHALLENGED
12:18:51.940 [Forwarding clickElement on session 18063075-812d-4a4c-a6cd-30fbf03bc7bd to remote] DEBUG org.apache.http.headers - http-outgoing-9 >> POST /wd/hub/session/18063075-812d-4a4c-a6cd-30fbf03bc7bd/element/1D000000-0000-0000-B019-000000000000/click HTTP/1.1
12:18:51.940 [Forwarding clickElement on session 18063075-812d-4a4c-a6cd-30fbf03bc7bd to remote] DEBUG org.apache.http.headers - http-outgoing-9 >> Content-Type: application/json; charset=utf-8
12:18:51.940 [Forwarding clickElement on session 18063075-812d-4a4c-a6cd-30fbf03bc7bd to remote] DEBUG org.apache.http.headers - http-outgoing-9 >> Content-Length: 45
12:18:51.940 [Forwarding clickElement on session 18063075-812d-4a4c-a6cd-30fbf03bc7bd to remote] DEBUG org.apache.http.headers - http-outgoing-9 >> Host: localhost:4723
12:18:51.940 [Forwarding clickElement on session 18063075-812d-4a4c-a6cd-30fbf03bc7bd to remote] DEBUG org.apache.http.headers - http-outgoing-9 >> Connection: Keep-Alive
12:18:51.940 [Forwarding clickElement on session 18063075-812d-4a4c-a6cd-30fbf03bc7bd to remote] DEBUG org.apache.http.headers - http-outgoing-9 >> User-Agent: Apache-HttpClient/4.5.2 (Java/1.8.0_171)
12:18:51.940 [Forwarding clickElement on session 18063075-812d-4a4c-a6cd-30fbf03bc7bd to remote] DEBUG org.apache.http.headers - http-outgoing-9 >> Accept-Encoding: gzip,deflate
12:18:51.940 [Forwarding clickElement on session 18063075-812d-4a4c-a6cd-30fbf03bc7bd to remote] DEBUG org.apache.http.wire - http-outgoing-9 >> "POST /wd/hub/session/18063075-812d-4a4c-a6cd-30fbf03bc7bd/element/1D000000-0000-0000-B019-000000000000/click HTTP/1.1[\r][\n]"
12:18:51.940 [Forwarding clickElement on session 18063075-812d-4a4c-a6cd-30fbf03bc7bd to remote] DEBUG org.apache.http.wire - http-outgoing-9 >> "Content-Type: application/json; charset=utf-8[\r][\n]"
12:18:51.940 [Forwarding clickElement on session 18063075-812d-4a4c-a6cd-30fbf03bc7bd to remote] DEBUG org.apache.http.wire - http-outgoing-9 >> "Content-Length: 45[\r][\n]"
12:18:51.940 [Forwarding clickElement on session 18063075-812d-4a4c-a6cd-30fbf03bc7bd to remote] DEBUG org.apache.http.wire - http-outgoing-9 >> "Host: localhost:4723[\r][\n]"
12:18:51.940 [Forwarding clickElement on session 18063075-812d-4a4c-a6cd-30fbf03bc7bd to remote] DEBUG org.apache.http.wire - http-outgoing-9 >> "Connection: Keep-Alive[\r][\n]"
12:18:51.940 [Forwarding clickElement on session 18063075-812d-4a4c-a6cd-30fbf03bc7bd to remote] DEBUG org.apache.http.wire - http-outgoing-9 >> "User-Agent: Apache-HttpClient/4.5.2 (Java/1.8.0_171)[\r][\n]"
12:18:51.940 [Forwarding clickElement on session 18063075-812d-4a4c-a6cd-30fbf03bc7bd to remote] DEBUG org.apache.http.wire - http-outgoing-9 >> "Accept-Encoding: gzip,deflate[\r][\n]"
12:18:51.940 [Forwarding clickElement on session 18063075-812d-4a4c-a6cd-30fbf03bc7bd to remote] DEBUG org.apache.http.wire - http-outgoing-9 >> "[\r][\n]"
12:18:51.940 [Forwarding clickElement on session 18063075-812d-4a4c-a6cd-30fbf03bc7bd to remote] DEBUG org.apache.http.wire - http-outgoing-9 >> "{"id":"1D000000-0000-0000-B019-000000000000"}"
&amp#27;[35m[HTTP]&amp#27;[39m &amp#27;[37m-->&amp#27;[39m &amp#27;[37mPOST&amp#27;[39m &amp#27;[37m/wd/hub/session/18063075-812d-4a4c-a6cd-30fbf03bc7bd/element/1D000000-0000-0000-B019-000000000000/click&amp#27;[39m
&amp#27;[35m[HTTP]&amp#27;[39m &amp#27;[90m{"id":"1D000000-0000-0000-B019-000000000000"}&amp#27;[39m
&amp#27;[35m[MJSONWP]&amp#27;[39m Driver proxy active, passing request on via HTTP proxy
&amp#27;[35m[JSONWP Proxy]&amp#27;[39m Replacing sessionId E840BF70-6563-4B2D-BA8C-84CB2A9EB8B3 with 12:18:53.332 [Forwarding clickElement on session 18063075-812d-4a4c-a6cd-30fbf03bc7bd to remote] DEBUG org.apache.http.wire - http-outgoing-9 << "HTTP/1.1 200 OK[\r][\n]"
18063075-812d-4a4c-a6cd-30fbf03bc7bd
12:18:53.333 [Forwarding clickElement on session 18063075-812d-4a4c-a6cd-30fbf03bc7bd to remote] DEBUG org.apache.http.wire - http-outgoing-9 << "X-Powered-By: Express[\r][\n]"
&amp#27;[35m[H12:18:53.333 [Forwarding clickElement on session 18063075-812d-4a4c-a6cd-30fbf03bc7bd to remote] DEBUG org.apache.http.wire - http-outgoing-9 << "Access-Control-Allow-Origin: *[\r][\n]"
TTP]&amp#27;[39m12:18:53.333 [Forwarding clickElement on session 18063075-812d-4a4c-a6cd-30fbf03bc7bd to remote] DEBUG org.apache.http.wire - http-outgoing-9 << "Access-Control-Allow-Methods: GET,POST,PUT,OPTIONS,DELETE[\r][\n]"
 &amp#27;[37m<-- POST /wd/hub/sess12:18:53.333 [Forwarding clickElement on session 18063075-812d-4a4c-a6cd-30fbf03bc7bd to remote] DEBUG org.apache.http.wire - http-outgoing-9 << "Access-Control-Allow-Headers: origin, content-type, accept[\r][\n]"
12:18:53.333 [Forwarding clickElement on session 18063075-812d-4a4c-a6cd-30fbf03bc7bd to remote] DEBUG org.apache.http.wire - http-outgoing-9 << "Vary: X-HTTP-Method-Override[\r][\n]"
12:18:53.333 [Forwarding clickElement on session 18063075-812d-4a4c-a6cd-30fbf03bc7bd to remote] DEBUG org.apache.http.wire - http-outgoing-9 << "Content-Type: application/json; charset=utf-8[\r][\n]"
12:18:53.333 [Forwarding clickElement on session 18063075-812d-4a4c-a6cd-30fbf03bc7bd to remote] DEBUG org.apache.http.wire - http-outgoing-9 << "Content-Length: 118[\r][\n]"
12:18:53.333 [Forwarding clickElement on session 18063075-812d-4a4c-a6cd-30fbf03bc7bd to remote] DEBUG org.apache.http.wire - http-outgoing-9 << "ETag: W/"76-OsicPHQqH/xxq9F2mF3awvzVGLo"[\r][\n]"
12:18:53.333 [Forwarding clickElement on session 18063075-812d-4a4c-a6cd-30fbf03bc7bd to remote] DEBUG org.apache.http.wire - http-outgoing-9 << "Date: Fri, 23 Aug 2019 06:48:53 GMT[\r][\n]"
12:18:53.333 [Forwarding clickElement on session 18063075-812d-4a4c-a6cd-30fbf03bc7bd to remote] DEBUG org.apache.http.wire - http-outgoing-9 << "Connection: keep-alive[\r][\n]"
12:18:53.333 [Forwarding clickElement on session 18063075-812d-4a4c-a6cd-30fbf03bc7bd to remote] DEBUG org.apache.http.wire - http-outgoing-9 << "[\r][\n]"
12:18:53.333 [Forwarding clickElement on session 18063075-812d-4a4c-a6cd-30fbf03bc7bd to remote] DEBUG org.apache.http.wire - http-outgoing-9 << "{"status":0,"id":"1D000000-0000-0000-B019-000000000000","value":"","sessionId":"18063075-812d-4a4c-a6cd-30fbf03bc7bd"}"
ion/18063075-812d-4a4c-a6cd-30fbf03bc7bd/elemen12:18:53.334 [Forwarding clickElement on session 18063075-812d-4a4c-a6cd-30fbf03bc7bd to remote] DEBUG org.apache.http.headers - http-outgoing-9 << HTTP/1.1 200 OK
t/1D000000-0000-0000-B019-000000000000/click &amp#27;[39m&amp#27;[32m200&amp#27;[39m &amp#27;[90m1392 ms - 118&amp#27;[3912:18:53.334 [Forwarding clickElement on session 18063075-812d-4a4c-a6cd-30fbf03bc7bd to remote] DEBUG org.apache.http.headers - http-outgoing-9 << X-Powered-By: Express
m12:18:53.335 [Forwarding clickElement on session 18063075-812d-4a4c-a6cd-30fbf03bc7bd to remote] DEBUG org.apache.http.headers - http-outgoing-9 << Access-Control-Allow-Origin: *

&amp#27;[35m[HTTP]&amp#27;[39m &amp#27;[90m&amp#27;[39m
12:18:53.335 [Forwarding clickElement on session 18063075-812d-4a4c-a6cd-30fbf03bc7bd to remote] DEBUG org.apache.http.headers - http-outgoing-9 << Access-Control-Allow-Methods: GET,POST,PUT,OPTIONS,DELETE
12:18:53.335 [Forwarding clickElement on session 18063075-812d-4a4c-a6cd-30fbf03bc7bd to remote] DEBUG org.apache.http.headers - http-outgoing-9 << Access-Control-Allow-Headers: origin, content-type, accept
12:18:53.335 [Forwarding clickElement on session 18063075-812d-4a4c-a6cd-30fbf03bc7bd to remote] DEBUG org.apache.http.headers - http-outgoing-9 << Vary: X-HTTP-Method-Override
12:18:53.335 [Forwarding clickElement on session 18063075-812d-4a4c-a6cd-30fbf03bc7bd to remote] DEBUG org.apache.http.headers - http-outgoing-9 << Content-Type: application/json; charset=utf-8
12:18:53.335 [Forwarding clickElement on session 18063075-812d-4a4c-a6cd-30fbf03bc7bd to remote] DEBUG org.apache.http.headers - http-outgoing-9 << Content-Length: 118
12:18:53.335 [Forwarding clickElement on session 18063075-812d-4a4c-a6cd-30fbf03bc7bd to remote] DEBUG org.apache.http.headers - http-outgoing-9 << ETag: W/"76-OsicPHQqH/xxq9F2mF3awvzVGLo"
12:18:53.335 [Forwarding clickElement on session 18063075-812d-4a4c-a6cd-30fbf03bc7bd to remote] DEBUG org.apache.http.headers - http-outgoing-9 << Date: Fri, 23 Aug 2019 06:48:53 GMT
12:18:53.335 [Forwarding clickElement on session 18063075-812d-4a4c-a6cd-30fbf03bc7bd to remote] DEBUG org.apache.http.headers - http-outgoing-9 << Connection: keep-alive
12:18:53.335 [Forwarding clickElement on session 18063075-812d-4a4c-a6cd-30fbf03bc7bd to remote] DEBUG o.a.h.impl.execchain.MainClientExec - Connection can be kept alive indefinitely
12:18:53.335 [Forwarding clickElement on session 18063075-812d-4a4c-a6cd-30fbf03bc7bd to remote] DEBUG o.a.h.i.c.PoolingHttpClientConnectionManager - Connection [id: 9][route: {}->http://localhost:4723] can be kept alive indefinitely
12:18:53.335 [Forwarding clickElement on session 18063075-812d-4a4c-a6cd-30fbf03bc7bd to remote] DEBUG o.a.h.i.c.PoolingHttpClientConnectionManager - Connection released: [id: 9][route: {}->http://localhost:4723][total kept alive: 1; route allocated: 1 of 2000; total allocated: 1 of 2000]
12:18:53.336 [Forwarding findElement on session 18063075-812d-4a4c-a6cd-30fbf03bc7bd to remote] DEBUG o.a.h.c.protocol.RequestAddCookies - CookieSpec selected: default
12:18:53.336 [Forwarding findElement on session 18063075-812d-4a4c-a6cd-30fbf03bc7bd to remote] DEBUG o.a.h.c.protocol.RequestAuthCache - Auth cache not set in the context
12:18:53.336 [Forwarding findElement on session 18063075-812d-4a4c-a6cd-30fbf03bc7bd to remote] DEBUG o.a.h.i.c.PoolingHttpClientConnectionManager - Connection request: [route: {}->http://localhost:4723][total kept alive: 1; route allocated: 1 of 2000; total allocated: 1 of 2000]
12:18:53.336 [Forwarding findElement on session 18063075-812d-4a4c-a6cd-30fbf03bc7bd to remote] DEBUG o.a.h.i.c.PoolingHttpClientConnectionManager - Connection leased: [id: 9][route: {}->http://localhost:4723][total kept alive: 0; route allocated: 1 of 2000; total allocated: 1 of 2000]
12:18:53.336 [Forwarding findElement on session 18063075-812d-4a4c-a6cd-30fbf03bc7bd to remote] DEBUG o.a.h.impl.execchain.MainClientExec - Stale connection check
12:18:53.338 [Forwarding findElement on session 18063075-812d-4a4c-a6cd-30fbf03bc7bd to remote] DEBUG org.apache.http.wire - http-outgoing-9 << "[read] I/O error: Read timed out"
12:18:53.338 [Forwarding findElement on session 18063075-812d-4a4c-a6cd-30fbf03bc7bd to remote] DEBUG o.a.h.i.c.DefaultManagedHttpClientConnection - http-outgoing-9: set socket timeout to 10800000
12:18:53.338 [Forwarding findElement on session 18063075-812d-4a4c-a6cd-30fbf03bc7bd to remote] DEBUG o.a.h.impl.execchain.MainClientExec - Executing request POST /wd/hub/session/18063075-812d-4a4c-a6cd-30fbf03bc7bd/element HTTP/1.1
12:18:53.338 [Forwarding findElement on session 18063075-812d-4a4c-a6cd-30fbf03bc7bd to remote] DEBUG o.a.h.impl.execchain.MainClientExec - Target auth state: UNCHALLENGED
12:18:53.338 [Forwarding findElement on session 18063075-812d-4a4c-a6cd-30fbf03bc7bd to remote] DEBUG o.a.h.impl.execchain.MainClientExec - Proxy auth state: UNCHALLENGED
12:18:53.338 [Forwarding findElement on session 18063075-812d-4a4c-a6cd-30fbf03bc7bd to remote] DEBUG org.apache.http.headers - http-outgoing-9 >> POST /wd/hub/session/18063075-812d-4a4c-a6cd-30fbf03bc7bd/element HTTP/1.1
12:18:53.338 [Forwarding findElement on session 18063075-812d-4a4c-a6cd-30fbf03bc7bd to remote] DEBUG org.apache.http.headers - http-outgoing-9 >> Content-Type: application/json; charset=utf-8
12:18:53.338 [Forwarding findElement on session 18063075-812d-4a4c-a6cd-30fbf03bc7bd to remote] DEBUG org.apache.http.headers - http-outgoing-9 >> Content-Length: 33
12:18:53.338 [Forwarding findElement on session 18063075-812d-4a4c-a6cd-30fbf03bc7bd to remote] DEBUG org.apache.http.headers - http-outgoing-9 >> Host: localhost:4723
12:18:53.338 [Forwarding findElement on session 18063075-812d-4a4c-a6cd-30fbf03bc7bd to remote] DEBUG org.apache.http.headers - http-outgoing-9 >> Connection: Keep-Alive
12:18:53.338 [Forwarding findElement on session 18063075-812d-4a4c-a6cd-30fbf03bc7bd to remote] DEBUG org.apache.http.headers - http-outgoing-9 >> User-Agent: Apache-HttpClient/4.5.2 (Java/1.8.0_171)
12:18:53.338 [Forwarding findElement on session 18063075-812d-4a4c-a6cd-30fbf03bc7bd to remote] DEBUG org.apache.http.headers - http-outgoing-9 >> Accept-Encoding: gzip,deflate
12:18:53.338 [Forwarding findElement on session 18063075-812d-4a4c-a6cd-30fbf03bc7bd to remote] DEBUG org.apache.http.wire - http-outgoing-9 >> "POST /wd/hub/session/18063075-812d-4a4c-a6cd-30fbf03bc7bd/element HTTP/1.1[\r][\n]"
12:18:53.338 [Forwarding findElement on session 18063075-812d-4a4c-a6cd-30fbf03bc7bd to remote] DEBUG org.apache.http.wire - http-outgoing-9 >> "Content-Type: application/json; charset=utf-8[\r][\n]"
12:18:53.338 [Forwarding findElement on session 18063075-812d-4a4c-a6cd-30fbf03bc7bd to remote] DEBUG org.apache.http.wire - http-outgoing-9 >> "Content-Length: 33[\r][\n]"
12:18:53.338 [Forwarding findElement on session 18063075-812d-4a4c-a6cd-30fbf03bc7bd to remote] DEBUG org.apache.http.wire - http-outgoing-9 >> "Host: localhost:4723[\r][\n]"
12:18:53.338 [Forwarding findElement on session 18063075-812d-4a4c-a6cd-30fbf03bc7bd to remote] DEBUG org.apache.http.wire - http-outgoing-9 >> "Connection: Keep-Alive[\r][\n]"
12:18:53.338 [Forwarding findElement on session 18063075-812d-4a4c-a6cd-30fbf03bc7bd to remote] DEBUG org.apache.http.wire - http-outgoing-9 >> "User-Agent: Apache-HttpClient/4.5.2 (Java/1.8.0_171)[\r][\n]"
12:18:53.338 [Forwarding findElement on session 18063075-812d-4a4c-a6cd-30fbf03bc7bd to remote] DEBUG org.apache.http.wire - http-outgoing-9 >> "Accept-Encoding: gzip,deflate[\r][\n]"
12:18:53.338 [Forwarding findElement on session 18063075-812d-4a4c-a6cd-30fbf03bc7bd to remote] DEBUG org.apache.http.wire - http-outgoing-9 >> "[\r][\n]"
12:18:53.338 [Forwarding findElement on session 18063075-812d-4a4c-a6cd-30fbf03bc7bd to remote] DEBUG org.apache.http.wire - http-outgoing-9 >> "{"using":"name","value":"MOVIES"}"
&amp#27;[35m[HTTP]&amp#27;[39m &amp#27;[37m-->&amp#27;[39m &amp#27;[37mPOST&amp#27;[39m &amp#27;[37m/wd/hub/session/18063075-812d-4a4c-a6cd-30fbf03bc7bd/element&amp#27;[39m
&amp#27;[35m[HTTP]&amp#27;[39m &amp#27;[90m{"using":"name","value":"MOVIES"}&amp#27;[39m
12:18:53.494 [Forwarding findElement on session 18063075-812d-4a4c-a6cd-30fbf03bc7bd to remote] DEBUG org.apache.http.wire - http-outgoing-9 << "HTTP/1.1 200 OK[\r][\n]"
12:18:53.494 [Forwarding findElement on session 18063075-812d-4a4c-a6cd-30fbf03bc7bd to remote] DEBUG org.apache.http.wire - http-outgoing-9 << "X-Powered-By: Express[\r][\n]"
12:18:53.494 [Forwarding findElement on session 18063075-812d-4a4c-a6cd-30fbf03bc7bd to remote] DEBUG org.apache.http.wire - http-outgoing-9 << "Access-Control-Allow-Origin: *[\r][\n]"
12:18:53.494 [Forwarding findElement on session 18063075-812d-4a4c-a6cd-30fbf03bc7bd to remote] DEBUG org.apache.http.wire - http-outgoing-9 << "Access-Control-Allow-Methods: GET,POST,PUT,OPTIONS,DELETE[\r][\n]"
12:18:53.494 [Forwarding findElement on session 18063075-812d-4a4c-a6cd-30fbf03bc7bd to remote] DEBUG org.apache.http.wire - http-outgoing-9 << "Access-Control-Allow-Headers: origin, content-type, accept[\r][\n]"
12:18:53.494 [Forwarding findElement on session 18063075-812d-4a4c-a6cd-30fbf03bc7bd to remote] DEBUG org.apache.http.wire - http-outgoing-9 << "Vary: X-HTTP-Method-Override[\r][\n]"
12:18:53.494 [Forwarding findElement on session 18063075-812d-4a4c-a6cd-30fbf03bc7bd to remote] DEBUG org.apache.http.wire - http-outgoing-9 << "Content-Type: application/json; charset=utf-8[\r][\n]"
12:18:53.494 [Forwarding findElement on session 18063075-812d-4a4c-a6cd-30fbf03bc7bd to remote] DEBUG org.apache.http.wire - http-outgoing-9 << "Content-Length: 122[\r][\n]"
12:18:53.494 [Forwarding findElement on session 18063075-812d-4a4c-a6cd-30fbf03bc7bd to remote] DEBUG org.apache.http.wire - http-outgoing-9 << "ETag: W/"7a-rU0xMjqXvyKCMRvYWEMwMxY/HDQ"[\r][\n]"
12:18:53.494 [Forwarding findElement on session 18063075-812d-4a4c-a6cd-30fbf03bc7bd to remote] DEBUG org.apache.http.wire - http-outgoing-9 << "Date: Fri, 23 Aug 2019 06:48:53 GMT[\r][\n]"
12:18:53.494 [Forwarding findElement on session 18063075-812d-4a4c-a6cd-30fbf03bc7bd to remote] DEBUG org.apache.http.wire - http-outgoing-9 << "Connection: keep-alive[\r][\n]"
12:18:53.494 [Forwarding findElement on session 18063075-812d-4a4c-a6cd-30fbf03bc7bd to remote] DEBUG org.apache.http.wire - http-outgoing-9 << "[\r][\n]"
12:18:53.494 [Forwarding findElement on session 18063075-812d-4a4c-a6cd-30fbf03bc7bd to remote] DEBUG org.apache.http.wire - http-outgoing-9 << "{"status":0,"value":{"ELEMENT":"1D000000-0000-0000-B019-000000000000"},"sessionId":"18063075-812d-4a4c-a6cd-30fbf03bc7bd"}"
&amp#27;[35m[HTTP]&amp#27;[39m &amp#27;[37m<-- POST /wd/hub/session/18063075-812d-412:18:53.495 [Forwarding findElement on session 18063075-812d-4a4c-a6cd-30fbf03bc7bd to remote] DEBUG org.apache.http.headers - http-outgoing-9 << HTTP/1.1 200 OK
a4c-a6cd-30fbf03bc7bd/element &amp#27;[39m&amp#27;[32m200&amp#27;[39m &amp#27;[90m156 ms - 122&amp#27;[39m
12:18:53.495 [Forwarding findElement on session 18063075-812d-4a4c-a6cd-30fbf03bc7bd to remote] DEBUG org.apache.http.headers - http-outgoing-9 << X-Powered-By: Express
&amp#27;[35m[HTTP]&amp#27;[39m &amp#27;[90m&amp#27;[39m
12:18:53.496 [Forwarding findElement on session 18063075-812d-4a4c-a6cd-30fbf03bc7bd to remote] DEBUG org.apache.http.headers - http-outgoing-9 << Access-Control-Allow-Origin: *
12:18:53.496 [Forwarding findElement on session 18063075-812d-4a4c-a6cd-30fbf03bc7bd to remote] DEBUG org.apache.http.headers - http-outgoing-9 << Access-Control-Allow-Methods: GET,POST,PUT,OPTIONS,DELETE
12:18:53.496 [Forwarding findElement on session 18063075-812d-4a4c-a6cd-30fbf03bc7bd to remote] DEBUG org.apache.http.headers - http-outgoing-9 << Access-Control-Allow-Headers: origin, content-type, accept
12:18:53.496 [Forwarding findElement on session 18063075-812d-4a4c-a6cd-30fbf03bc7bd to remote] DEBUG org.apache.http.headers - http-outgoing-9 << Vary: X-HTTP-Method-Override
12:18:53.496 [Forwarding findElement on session 18063075-812d-4a4c-a6cd-30fbf03bc7bd to remote] DEBUG org.apache.http.headers - http-outgoing-9 << Content-Type: application/json; charset=utf-8
12:18:53.496 [Forwarding findElement on session 18063075-812d-4a4c-a6cd-30fbf03bc7bd to remote] DEBUG org.apache.http.headers - http-outgoing-9 << Content-Length: 122
12:18:53.496 [Forwarding findElement on session 18063075-812d-4a4c-a6cd-30fbf03bc7bd to remote] DEBUG org.apache.http.headers - http-outgoing-9 << ETag: W/"7a-rU0xMjqXvyKCMRvYWEMwMxY/HDQ"
12:18:53.496 [Forwarding findElement on session 18063075-812d-4a4c-a6cd-30fbf03bc7bd to remote] DEBUG org.apache.http.headers - http-outgoing-9 << Date: Fri, 23 Aug 2019 06:48:53 GMT
12:18:53.496 [Forwarding findElement on session 18063075-812d-4a4c-a6cd-30fbf03bc7bd to remote] DEBUG org.apache.http.headers - http-outgoing-9 << Connection: keep-alive
12:18:53.496 [Forwarding findElement on session 18063075-812d-4a4c-a6cd-30fbf03bc7bd to remote] DEBUG o.a.h.impl.execchain.MainClientExec - Connection can be kept alive indefinitely
12:18:53.496 [Forwarding findElement on session 18063075-812d-4a4c-a6cd-30fbf03bc7bd to remote] DEBUG o.a.h.i.c.PoolingHttpClientConnectionManager - Connection [id: 9][route: {}->http://localhost:4723] can be kept alive indefinitely
12:18:53.496 [Forwarding findElement on session 18063075-812d-4a4c-a6cd-30fbf03bc7bd to remote] DEBUG o.a.h.i.c.PoolingHttpClientConnectionManager - Connection released: [id: 9][route: {}->http://localhost:4723][total kept alive: 1; route allocated: 1 of 2000; total allocated: 1 of 2000]
12:18:53.497 [Forwarding isElementDisplayed on session 18063075-812d-4a4c-a6cd-30fbf03bc7bd to remote] DEBUG o.a.h.c.protocol.RequestAddCookies - CookieSpec selected: default
12:18:53.497 [Forwarding isElementDisplayed on session 18063075-812d-4a4c-a6cd-30fbf03bc7bd to remote] DEBUG o.a.h.c.protocol.RequestAuthCache - Auth cache not set in the context
12:18:53.497 [Forwarding isElementDisplayed on session 18063075-812d-4a4c-a6cd-30fbf03bc7bd to remote] DEBUG o.a.h.i.c.PoolingHttpClientConnectionManager - Connection request: [route: {}->http://localhost:4723][total kept alive: 1; route allocated: 1 of 2000; total allocated: 1 of 2000]
12:18:53.497 [Forwarding isElementDisplayed on session 18063075-812d-4a4c-a6cd-30fbf03bc7bd to remote] DEBUG o.a.h.i.c.PoolingHttpClientConnectionManager - Connection leased: [id: 9][route: {}->http://localhost:4723][total kept alive: 0; route allocated: 1 of 2000; total allocated: 1 of 2000]
12:18:53.497 [Forwarding isElementDisplayed on session 18063075-812d-4a4c-a6cd-30fbf03bc7bd to remote] DEBUG o.a.h.impl.execchain.MainClientExec - Stale connection check
12:18:53.498 [Forwarding isElementDisplayed on session 18063075-812d-4a4c-a6cd-30fbf03bc7bd to remote] DEBUG org.apache.http.wire - http-outgoing-9 << "[read] I/O error: Read timed out"
12:18:53.498 [Forwarding isElementDisplayed on session 18063075-812d-4a4c-a6cd-30fbf03bc7bd to remote] DEBUG o.a.h.i.c.DefaultManagedHttpClientConnection - http-outgoing-9: set socket timeout to 10800000
12:18:53.498 [Forwarding isElementDisplayed on session 18063075-812d-4a4c-a6cd-30fbf03bc7bd to remote] DEBUG o.a.h.impl.execchain.MainClientExec - Executing request GET /wd/hub/session/18063075-812d-4a4c-a6cd-30fbf03bc7bd/element/1D000000-0000-0000-B019-000000000000/displayed HTTP/1.1
12:18:53.498 [Forwarding isElementDisplayed on session 18063075-812d-4a4c-a6cd-30fbf03bc7bd to remote] DEBUG o.a.h.impl.execchain.MainClientExec - Target auth state: UNCHALLENGED
12:18:53.498 [Forwarding isElementDisplayed on session 18063075-812d-4a4c-a6cd-30fbf03bc7bd to remote] DEBUG o.a.h.impl.execchain.MainClientExec - Proxy auth state: UNCHALLENGED
12:18:53.498 [Forwarding isElementDisplayed on session 18063075-812d-4a4c-a6cd-30fbf03bc7bd to remote] DEBUG org.apache.http.headers - http-outgoing-9 >> GET /wd/hub/session/18063075-812d-4a4c-a6cd-30fbf03bc7bd/element/1D000000-0000-0000-B019-000000000000/displayed HTTP/1.1
12:18:53.498 [Forwarding isElementDisplayed on session 18063075-812d-4a4c-a6cd-30fbf03bc7bd to remote] DEBUG org.apache.http.headers - http-outgoing-9 >> Cache-Control: no-cache
12:18:53.498 [Forwarding isElementDisplayed on session 18063075-812d-4a4c-a6cd-30fbf03bc7bd to remote] DEBUG org.apache.http.headers - http-outgoing-9 >> Host: localhost:4723
12:18:53.498 [Forwarding isElementDisplayed on session 18063075-812d-4a4c-a6cd-30fbf03bc7bd to remote] DEBUG org.apache.http.headers - http-outgoing-9 >> Connection: Keep-Alive
12:18:53.498 [Forwarding isElementDisplayed on session 18063075-812d-4a4c-a6cd-30fbf03bc7bd to remote] DEBUG org.apache.http.headers - http-outgoing-9 >> User-Agent: Apache-HttpClient/4.5.2 (Java/1.8.0_171)
12:18:53.498 [Forwarding isElementDisplayed on session 18063075-812d-4a4c-a6cd-30fbf03bc7bd to remote] DEBUG org.apache.http.headers - http-outgoing-9 >> Accept-Encoding: gzip,deflate
12:18:53.498 [Forwarding isElementDisplayed on session 18063075-812d-4a4c-a6cd-30fbf03bc7bd to remote] DEBUG org.apache.http.wire - http-outgoing-9 >> "GET /wd/hub/session/18063075-812d-4a4c-a6cd-30fbf03bc7bd/element/1D000000-0000-0000-B019-000000000000/displayed HTTP/1.1[\r][\n]"
12:18:53.498 [Forwarding isElementDisplayed on session 18063075-812d-4a4c-a6cd-30fbf03bc7bd to remote] DEBUG org.apache.http.wire - http-outgoing-9 >> "Cache-Control: no-cache[\r][\n]"
12:18:53.498 [Forwarding isElementDisplayed on session 18063075-812d-4a4c-a6cd-30fbf03bc7bd to remote] DEBUG org.apache.http.wire - http-outgoing-9 >> "Host: localhost:4723[\r][\n]"
12:18:53.498 [Forwarding isElementDisplayed on session 18063075-812d-4a4c-a6cd-30fbf03bc7bd to remote] DEBUG org.apache.http.wire - http-outgoing-9 >> "Connection: Keep-Alive[\r][\n]"
12:18:53.498 [Forwarding isElementDisplayed on session 18063075-812d-4a4c-a6cd-30fbf03bc7bd to remote] DEBUG org.apache.http.wire - http-outgoing-9 >> "User-Agent: Apache-HttpClient/4.5.2 (Java/1.8.0_171)[\r][\n]"
12:18:53.498 [Forwarding isElementDisplayed on session 18063075-812d-4a4c-a6cd-30fbf03bc7bd to remote] DEBUG org.apache.http.wire - http-outgoing-9 >> "Accept-Encoding: gzip,deflate[\r][\n]"
12:18:53.498 [Forwarding isElementDisplayed on session 18063075-812d-4a4c-a6cd-30fbf03bc7bd to remote] DEBUG org.apache.http.wire - http-outgoing-9 >> "[\r][\n]"
&amp#27;[35m[HTTP]&amp#27;[39m &amp#27;[37m-->&amp#27;[39m &amp#27;[37mGET&amp#27;[39m &amp#27;[37m/wd/hub/session/18063075-812d-4a4c-a6cd-30fbf03bc7bd/element/1D000000-0000-0000-B019-000000000000/displayed&amp#27;[39m
&amp#27;[35m[HTTP]&amp#27;[39m &amp#27;[90m{}&amp#27;[39m
&amp#27;[35m[MJSONWP]&amp#27;[39m Driver proxy active, passing request on via HTTP proxy
&amp#27;[35m[JSONWP Proxy]&amp#27;[39m Replacing sessionId E840BF70-612:18:53.626 [Forwarding isElementDisplayed on session 18063075-812d-4a4c-a6cd-30fbf03bc7bd to remote] DEBUG org.apache.http.wire - http-outgoing-9 << "HTTP/1.1 200 OK[\r][\n]"
56312:18:53.626 [Forwarding isElementDisplayed on session 18063075-812d-4a4c-a6cd-30fbf03bc7bd to remote] DEBUG org.apache.http.wire - http-outgoing-9 << "X-Powered-By: Express[\r][\n]"
12:18:53.627 [Forwarding isElementDisplayed on session 18063075-812d-4a4c-a6cd-30fbf03bc7bd to remote] DEBUG org.apache.http.wire - http-outgoing-9 << "Access-Control-Allow-Origin: *[\r][\n]"
-4B2D-BA8C12:18:53.627 [Forwarding isElementDisplayed on session 18063075-812d-4a4c-a6cd-30fbf03bc7bd to remote] DEBUG org.apache.http.wire - http-outgoing-9 << "Access-Control-Allow-Methods: GET,POST,PUT,OPTIONS,DELETE[\r][\n]"
-84CB2A9EB8B3 with 18063075-812d-4a4c-a6cd-30fbf03bc7bd
&amp#27;[35m[HTTP]&amp#27;[39m &amp#27;[37m<-12:18:53.627 [Forwarding isElementDisplayed on session 18063075-812d-4a4c-a6cd-30fbf03bc7bd to remote] DEBUG org.apache.http.wire - http-outgoing-9 << "Access-Control-Allow-Headers: origin, content-type, accept[\r][\n]"
- G12:18:53.628 [Forwarding isElementDisplayed on session 18063075-812d-4a4c-a6cd-30fbf03bc7bd to remote] DEBUG org.apache.http.wire - http-outgoing-9 << "Content-Type: application/json; charset=utf-8[\r][\n]"
ET /w12:18:53.628 [Forwarding isElementDisplayed on session 18063075-812d-4a4c-a6cd-30fbf03bc7bd to remote] DEBUG org.apache.http.wire - http-outgoing-9 << "Content-Length: 77[\r][\n]"
d/hub/session/18063075-812d-4a4c-a6cd-30fbf0312:18:53.628 [Forwarding isElementDisplayed on session 18063075-812d-4a4c-a6cd-30fbf03bc7bd to remote] DEBUG org.apache.http.wire - http-outgoing-9 << "ETag: W/"4d-tkXZ6WjSQrr3O8HXWzNn3RouXcE"[\r][\n]"
12:18:53.628 [Forwarding isElementDisplayed on session 18063075-812d-4a4c-a6cd-30fbf03bc7bd to remote] DEBUG org.apache.http.wire - http-outgoing-9 << "Date: Fri, 23 Aug 2019 06:48:53 GMT[\r][\n]"
bc7bd/12:18:53.628 [Forwarding isElementDisplayed on session 18063075-812d-4a4c-a6cd-30fbf03bc7bd to remote] DEBUG org.apache.http.wire - http-outgoing-9 << "Connection: keep-alive[\r][\n]"
element/1D000000-000012:18:53.629 [Forwarding isElementDisplayed on session 18063075-812d-4a4c-a6cd-30fbf03bc7bd to remote] DEBUG org.apache.http.wire - http-outgoing-9 << "[\r][\n]"
-0000-B019-00012:18:53.629 [Forwarding isElementDisplayed on session 18063075-812d-4a4c-a6cd-30fbf03bc7bd to remote] DEBUG org.apache.http.wire - http-outgoing-9 << "{"value":false,"sessionId":"18063075-812d-4a4c-a6cd-30fbf03bc7bd","status":0}"
000000012:18:53.629 [Forwarding isElementDisplayed on session 18063075-812d-4a4c-a6cd-30fbf03bc7bd to remote] DEBUG org.apache.http.headers - http-outgoing-9 << HTTP/1.1 200 OK
00/displayed &amp#27;[39m&amp#27;[32m200&amp#27;[39m &amp#27;[9012:18:53.629 [Forwarding isElementDisplayed on session 18063075-812d-4a4c-a6cd-30fbf03bc7bd to remote] DEBUG org.apache.http.headers - http-outgoing-9 << X-Powered-By: Express
m127 ms - 77&amp#27;[39m
&amp#27;[35m[HTTP]&amp#27;[39m &amp#27;[90m&amp#27;[39m
12:18:53.630 [Forwarding isElementDisplayed on session 18063075-812d-4a4c-a6cd-30fbf03bc7bd to remote] DEBUG org.apache.http.headers - http-outgoing-9 << Access-Control-Allow-Origin: *
12:18:53.630 [Forwarding isElementDisplayed on session 18063075-812d-4a4c-a6cd-30fbf03bc7bd to remote] DEBUG org.apache.http.headers - http-outgoing-9 << Access-Control-Allow-Methods: GET,POST,PUT,OPTIONS,DELETE
12:18:53.630 [Forwarding isElementDisplayed on session 18063075-812d-4a4c-a6cd-30fbf03bc7bd to remote] DEBUG org.apache.http.headers - http-outgoing-9 << Access-Control-Allow-Headers: origin, content-type, accept
12:18:53.630 [Forwarding isElementDisplayed on session 18063075-812d-4a4c-a6cd-30fbf03bc7bd to remote] DEBUG org.apache.http.headers - http-outgoing-9 << Content-Type: application/json; charset=utf-8
12:18:53.630 [Forwarding isElementDisplayed on session 18063075-812d-4a4c-a6cd-30fbf03bc7bd to remote] DEBUG org.apache.http.headers - http-outgoing-9 << Content-Length: 77
12:18:53.630 [Forwarding isElementDisplayed on session 18063075-812d-4a4c-a6cd-30fbf03bc7bd to remote] DEBUG org.apache.http.headers - http-outgoing-9 << ETag: W/"4d-tkXZ6WjSQrr3O8HXWzNn3RouXcE"
12:18:53.630 [Forwarding isElementDisplayed on session 18063075-812d-4a4c-a6cd-30fbf03bc7bd to remote] DEBUG org.apache.http.headers - http-outgoing-9 << Date: Fri, 23 Aug 2019 06:48:53 GMT
12:18:53.630 [Forwarding isElementDisplayed on session 18063075-812d-4a4c-a6cd-30fbf03bc7bd to remote] DEBUG org.apache.http.headers - http-outgoing-9 << Connection: keep-alive
12:18:53.630 [Forwarding isElementDisplayed on session 18063075-812d-4a4c-a6cd-30fbf03bc7bd to remote] DEBUG o.a.h.impl.execchain.MainClientExec - Connection can be kept alive indefinitely
12:18:53.631 [Forwarding isElementDisplayed on session 18063075-812d-4a4c-a6cd-30fbf03bc7bd to remote] DEBUG o.a.h.i.c.PoolingHttpClientConnectionManager - Connection [id: 9][route: {}->http://localhost:4723] can be kept alive indefinitely
12:18:53.631 [Forwarding isElementDisplayed on session 18063075-812d-4a4c-a6cd-30fbf03bc7bd to remote] DEBUG o.a.h.i.c.PoolingHttpClientConnectionManager - Connection released: [id: 9][route: {}->http://localhost:4723][total kept alive: 1; route allocated: 1 of 2000; total allocated: 1 of 2000]
12:18:53.631 [Forwarding findElement on session 18063075-812d-4a4c-a6cd-30fbf03bc7bd to remote] DEBUG o.a.h.c.protocol.RequestAddCookies - CookieSpec selected: default
12:18:53.631 [Forwarding findElement on session 18063075-812d-4a4c-a6cd-30fbf03bc7bd to remote] DEBUG o.a.h.c.protocol.RequestAuthCache - Auth cache not set in the context
12:18:53.632 [Forwarding findElement on session 18063075-812d-4a4c-a6cd-30fbf03bc7bd to remote] DEBUG o.a.h.i.c.PoolingHttpClientConnectionManager - Connection request: [route: {}->http://localhost:4723][total kept alive: 1; route allocated: 1 of 2000; total allocated: 1 of 2000]
12:18:53.632 [Forwarding findElement on session 18063075-812d-4a4c-a6cd-30fbf03bc7bd to remote] DEBUG o.a.h.i.c.PoolingHttpClientConnectionManager - Connection leased: [id: 9][route: {}->http://localhost:4723][total kept alive: 0; route allocated: 1 of 2000; total allocated: 1 of 2000]
12:18:53.632 [Forwarding findElement on session 18063075-812d-4a4c-a6cd-30fbf03bc7bd to remote] DEBUG o.a.h.impl.execchain.MainClientExec - Stale connection check
12:18:53.633 [Forwarding findElement on session 18063075-812d-4a4c-a6cd-30fbf03bc7bd to remote] DEBUG org.apache.http.wire - http-outgoing-9 << "[read] I/O error: Read timed out"
12:18:53.633 [Forwarding findElement on session 18063075-812d-4a4c-a6cd-30fbf03bc7bd to remote] DEBUG o.a.h.i.c.DefaultManagedHttpClientConnection - http-outgoing-9: set socket timeout to 10800000
12:18:53.633 [Forwarding findElement on session 18063075-812d-4a4c-a6cd-30fbf03bc7bd to remote] DEBUG o.a.h.impl.execchain.MainClientExec - Executing request POST /wd/hub/session/18063075-812d-4a4c-a6cd-30fbf03bc7bd/element HTTP/1.1
12:18:53.633 [Forwarding findElement on session 18063075-812d-4a4c-a6cd-30fbf03bc7bd to remote] DEBUG o.a.h.impl.execchain.MainClientExec - Target auth state: UNCHALLENGED
12:18:53.633 [Forwarding findElement on session 18063075-812d-4a4c-a6cd-30fbf03bc7bd to remote] DEBUG o.a.h.impl.execchain.MainClientExec - Proxy auth state: UNCHALLENGED
12:18:53.633 [Forwarding findElement on session 18063075-812d-4a4c-a6cd-30fbf03bc7bd to remote] DEBUG org.apache.http.headers - http-outgoing-9 >> POST /wd/hub/session/18063075-812d-4a4c-a6cd-30fbf03bc7bd/element HTTP/1.1
12:18:53.633 [Forwarding findElement on session 18063075-812d-4a4c-a6cd-30fbf03bc7bd to remote] DEBUG org.apache.http.headers - http-outgoing-9 >> Content-Type: application/json; charset=utf-8
12:18:53.633 [Forwarding findElement on session 18063075-812d-4a4c-a6cd-30fbf03bc7bd to remote] DEBUG org.apache.http.headers - http-outgoing-9 >> Content-Length: 33
12:18:53.633 [Forwarding findElement on session 18063075-812d-4a4c-a6cd-30fbf03bc7bd to remote] DEBUG org.apache.http.headers - http-outgoing-9 >> Host: localhost:4723
12:18:53.633 [Forwarding findElement on session 18063075-812d-4a4c-a6cd-30fbf03bc7bd to remote] DEBUG org.apache.http.headers - http-outgoing-9 >> Connection: Keep-Alive
12:18:53.633 [Forwarding findElement on session 18063075-812d-4a4c-a6cd-30fbf03bc7bd to remote] DEBUG org.apache.http.headers - http-outgoing-9 >> User-Agent: Apache-HttpClient/4.5.2 (Java/1.8.0_171)
12:18:53.633 [Forwarding findElement on session 18063075-812d-4a4c-a6cd-30fbf03bc7bd to remote] DEBUG org.apache.http.headers - http-outgoing-9 >> Accept-Encoding: gzip,deflate
12:18:53.633 [Forwarding findElement on session 18063075-812d-4a4c-a6cd-30fbf03bc7bd to remote] DEBUG org.apache.http.wire - http-outgoing-9 >> "POST /wd/hub/session/18063075-812d-4a4c-a6cd-30fbf03bc7bd/element HTTP/1.1[\r][\n]"
12:18:53.633 [Forwarding findElement on session 18063075-812d-4a4c-a6cd-30fbf03bc7bd to remote] DEBUG org.apache.http.wire - http-outgoing-9 >> "Content-Type: application/json; charset=utf-8[\r][\n]"
12:18:53.633 [Forwarding findElement on session 18063075-812d-4a4c-a6cd-30fbf03bc7bd to remote] DEBUG org.apache.http.wire - http-outgoing-9 >> "Content-Length: 33[\r][\n]"
12:18:53.633 [Forwarding findElement on session 18063075-812d-4a4c-a6cd-30fbf03bc7bd to remote] DEBUG org.apache.http.wire - http-outgoing-9 >> "Host: localhost:4723[\r][\n]"
12:18:53.633 [Forwarding findElement on session 18063075-812d-4a4c-a6cd-30fbf03bc7bd to remote] DEBUG org.apache.http.wire - http-outgoing-9 >> "Connection: Keep-Alive[\r][\n]"
12:18:53.633 [Forwarding findElement on session 18063075-812d-4a4c-a6cd-30fbf03bc7bd to remote] DEBUG org.apache.http.wire - http-outgoing-9 >> "User-Agent: Apache-HttpClient/4.5.2 (Java/1.8.0_171)[\r][\n]"
12:18:53.633 [Forwarding findElement on session 18063075-812d-4a4c-a6cd-30fbf03bc7bd to remote] DEBUG org.apache.http.wire - http-outgoing-9 >> "Accept-Encoding: gzip,deflate[\r][\n]"
12:18:53.633 [Forwarding findElement on session 18063075-812d-4a4c-a6cd-30fbf03bc7bd to remote] DEBUG org.apache.http.wire - http-outgoing-9 >> "[\r][\n]"
12:18:53.633 [Forwarding findElement on session 18063075-812d-4a4c-a6cd-30fbf03bc7bd to remote] DEBUG org.apache.http.wire - http-outgoing-9 >> "{"using":"id","value":"DISCOVER"}"
&amp#27;[35m[HTTP]&amp#27;[39m &amp#27;[37m-->&amp#27;[39m &amp#27;[37mPOST&amp#27;[39m &amp#27;[37m/wd/hub/session/18063075-812d-4a4c-a6cd-30fbf03bc7bd/element&amp#27;[39m
&amp#27;[35m[HTTP]&amp#27;[39m &amp#27;[90m{"using":"id","value":"DISCOVER"}&amp#27;[39m
12:18:53.790 [Forwarding findElement on session 18063075-812d-4a4c-a6cd-30fbf03bc7bd to remote] DEBUG org.apache.http.wire - http-outgoing-9 << "HTTP/1.1 200 OK[\r][\n]"
12:18:53.790 [Forwarding findElement on session 18063075-812d-4a4c-a6cd-30fbf03bc7bd to remote] DEBUG org.apache.http.wire - http-outgoing-9 << "X-Powered-By: Express[\r][\n]"
12:18:53.790 [Forwarding findElement on session 18063075-812d-4a4c-a6cd-30fbf03bc7bd to remote] DEBUG org.apache.http.wire - http-outgoing-9 << "Access-Control-Allow-Origin: *[\r][\n]"
12:18:53.790 [Forwarding findElement on session 18063075-812d-4a4c-a6cd-30fbf03bc7bd to remote] DEBUG org.apache.http.wire - http-outgoing-9 << "Access-Control-Allow-Methods: GET,POST,PUT,OPTIONS,DELETE[\r][\n]"
12:18:53.790 [Forwarding findElement on session 18063075-812d-4a4c-a6cd-30fbf03bc7bd to remote] DEBUG org.apache.http.wire - http-outgoing-9 << "Access-Control-Allow-Headers: origin, content-type, accept[\r][\n]"
12:18:53.790 [Forwarding findElement on session 18063075-812d-4a4c-a6cd-30fbf03bc7bd to remote] DEBUG org.apache.http.wire - http-outgoing-9 << "Vary: X-HTTP-Method-Override[\r][\n]"
12:18:53.790 [Forwarding findElement on session 18063075-812d-4a4c-a6cd-30fbf03bc7bd to remote] DEBUG org.apache.http.wire - http-outgoing-9 << "Content-Type: application/json; charset=utf-8[\r][\n]"
12:18:53.790 [Forwarding findElement on session 18063075-812d-4a4c-a6cd-30fbf03bc7bd to remote] DEBUG org.apache.http.wire - http-outgoing-9 << "Content-Length: 122[\r][\n]"
12:18:53.790 [Forwarding findElement on session 18063075-812d-4a4c-a6cd-30fbf03bc7bd to remote] DEBUG org.apache.http.wire - http-outgoing-9 << "ETag: W/"7a-PGExpKGoo17UUtQrwRvZD6yWyCA"[\r][\n]"
12:18:53.790 [Forwarding findElement on session 18063075-812d-4a4c-a6cd-30fbf03bc7bd to remote] DEBUG org.apache.http.wire - http-outgoing-9 << "Date: Fri, 23 Aug 2019 06:48:53 GMT[\r][\n]"
12:18:53.790 [Forwarding findElement on session 18063075-812d-4a4c-a6cd-30fbf03bc7bd to remote] DEBUG org.apache.http.wire - http-outgoing-9 << "Connection: keep-alive[\r][\n]"
12:18:53.790 [Forwarding findElement on session 18063075-812d-4a4c-a6cd-30fbf03bc7bd to remote] DEBUG org.apache.http.wire - http-outgoing-9 << "[\r][\n]"
12:18:53.790 [Forwarding findElement on session 18063075-812d-4a4c-a6cd-30fbf03bc7bd to remote] DEBUG org.apache.http.wire - http-outgoing-9 << "{"status":0,"value":{"ELEMENT":"1C000000-0000-0000-B019-000000000000"},"sessionId":"18063075-812d-4a4c-a6cd-30fbf03bc7bd"}"
&amp#27;12:18:53.790 [Forwarding findElement on session 18063075-812d-4a4c-a6cd-30fbf03bc7bd to remote] DEBUG org.apache.http.headers - http-outgoing-9 << HTTP/1.1 200 OK
[35m[HTTP]&amp#27;[39m &amp#27;[37m<-- POST /wd/hub/session/1806307512:18:53.790 [Forwarding findElement on session 18063075-812d-4a4c-a6cd-30fbf03bc7bd to remote] DEBUG org.apache.http.headers - http-outgoing-9 << X-Powered-By: Express
12:18:53.791 [Forwarding findElement on session 18063075-812d-4a4c-a6cd-30fbf03bc7bd to remote] DEBUG org.apache.http.headers - http-outgoing-9 << Access-Control-Allow-Origin: *
12:18:53.791 [Forwarding findElement on session 18063075-812d-4a4c-a6cd-30fbf03bc7bd to remote] DEBUG org.apache.http.headers - http-outgoing-9 << Access-Control-Allow-Methods: GET,POST,PUT,OPTIONS,DELETE
-812d-4a4c-a6cd-30fbf03bc7bd/element 12:18:53.791 [Forwarding findElement on session 18063075-812d-4a4c-a6cd-30fbf03bc7bd to remote] DEBUG org.apache.http.headers - http-outgoing-9 << Access-Control-Allow-Headers: origin, content-type, accept
&amp#27;[39m&amp#27;[32m20012:18:53.791 [Forwarding findElement on session 18063075-812d-4a4c-a6cd-30fbf03bc7bd to remote] DEBUG org.apache.http.headers - http-outgoing-9 << Vary: X-HTTP-Method-Override
&amp#27;[39m &amp#27;[90m156 ms - 122&amp#27;[39m
12:18:53.791 [Forwarding findElement on session 18063075-812d-4a4c-a6cd-30fbf03bc7bd to remote] DEBUG org.apache.http.headers - http-outgoing-9 << Content-Type: application/json; charset=utf-8
&amp#27;[35m[HTTP]&amp#27;[39m &amp#27;12:18:53.791 [Forwarding findElement on session 18063075-812d-4a4c-a6cd-30fbf03bc7bd to remote] DEBUG org.apache.http.headers - http-outgoing-9 << Content-Length: 122
12:18:53.792 [Forwarding findElement on session 18063075-812d-4a4c-a6cd-30fbf03bc7bd to remote] DEBUG org.apache.http.headers - http-outgoing-9 << ETag: W/"7a-PGExpKGoo17UUtQrwRvZD6yWyCA"
[912:18:53.792 [Forwarding findElement on session 18063075-812d-4a4c-a6cd-30fbf03bc7bd to remote] DEBUG org.apache.http.headers - http-outgoing-9 << Date: Fri, 23 Aug 2019 06:48:53 GMT
0m&amp#27;[39m
12:18:53.792 [Forwarding findElement on session 18063075-812d-4a4c-a6cd-30fbf03bc7bd to remote] DEBUG org.apache.http.headers - http-outgoing-9 << Connection: keep-alive
12:18:53.792 [Forwarding findElement on session 18063075-812d-4a4c-a6cd-30fbf03bc7bd to remote] DEBUG o.a.h.impl.execchain.MainClientExec - Connection can be kept alive indefinitely
12:18:53.792 [Forwarding findElement on session 18063075-812d-4a4c-a6cd-30fbf03bc7bd to remote] DEBUG o.a.h.i.c.PoolingHttpClientConnectionManager - Connection [id: 9][route: {}->http://localhost:4723] can be kept alive indefinitely
12:18:53.792 [Forwarding findElement on session 18063075-812d-4a4c-a6cd-30fbf03bc7bd to remote] DEBUG o.a.h.i.c.PoolingHttpClientConnectionManager - Connection released: [id: 9][route: {}->http://localhost:4723][total kept alive: 1; route allocated: 1 of 2000; total allocated: 1 of 2000]
12:18:53.793 [Forwarding isElementDisplayed on session 18063075-812d-4a4c-a6cd-30fbf03bc7bd to remote] DEBUG o.a.h.c.protocol.RequestAddCookies - CookieSpec selected: default
12:18:53.793 [Forwarding isElementDisplayed on session 18063075-812d-4a4c-a6cd-30fbf03bc7bd to remote] DEBUG o.a.h.c.protocol.RequestAuthCache - Auth cache not set in the context
12:18:53.793 [Forwarding isElementDisplayed on session 18063075-812d-4a4c-a6cd-30fbf03bc7bd to remote] DEBUG o.a.h.i.c.PoolingHttpClientConnectionManager - Connection request: [route: {}->http://localhost:4723][total kept alive: 1; route allocated: 1 of 2000; total allocated: 1 of 2000]
12:18:53.793 [Forwarding isElementDisplayed on session 18063075-812d-4a4c-a6cd-30fbf03bc7bd to remote] DEBUG o.a.h.i.c.PoolingHttpClientConnectionManager - Connection leased: [id: 9][route: {}->http://localhost:4723][total kept alive: 0; route allocated: 1 of 2000; total allocated: 1 of 2000]
12:18:53.793 [Forwarding isElementDisplayed on session 18063075-812d-4a4c-a6cd-30fbf03bc7bd to remote] DEBUG o.a.h.impl.execchain.MainClientExec - Stale connection check
12:18:53.794 [Forwarding isElementDisplayed on session 18063075-812d-4a4c-a6cd-30fbf03bc7bd to remote] DEBUG org.apache.http.wire - http-outgoing-9 << "[read] I/O error: Read timed out"
12:18:53.794 [Forwarding isElementDisplayed on session 18063075-812d-4a4c-a6cd-30fbf03bc7bd to remote] DEBUG o.a.h.i.c.DefaultManagedHttpClientConnection - http-outgoing-9: set socket timeout to 10800000
12:18:53.794 [Forwarding isElementDisplayed on session 18063075-812d-4a4c-a6cd-30fbf03bc7bd to remote] DEBUG o.a.h.impl.execchain.MainClientExec - Executing request GET /wd/hub/session/18063075-812d-4a4c-a6cd-30fbf03bc7bd/element/1C000000-0000-0000-B019-000000000000/displayed HTTP/1.1
12:18:53.794 [Forwarding isElementDisplayed on session 18063075-812d-4a4c-a6cd-30fbf03bc7bd to remote] DEBUG o.a.h.impl.execchain.MainClientExec - Target auth state: UNCHALLENGED
12:18:53.794 [Forwarding isElementDisplayed on session 18063075-812d-4a4c-a6cd-30fbf03bc7bd to remote] DEBUG o.a.h.impl.execchain.MainClientExec - Proxy auth state: UNCHALLENGED
12:18:53.794 [Forwarding isElementDisplayed on session 18063075-812d-4a4c-a6cd-30fbf03bc7bd to remote] DEBUG org.apache.http.headers - http-outgoing-9 >> GET /wd/hub/session/18063075-812d-4a4c-a6cd-30fbf03bc7bd/element/1C000000-0000-0000-B019-000000000000/displayed HTTP/1.1
12:18:53.794 [Forwarding isElementDisplayed on session 18063075-812d-4a4c-a6cd-30fbf03bc7bd to remote] DEBUG org.apache.http.headers - http-outgoing-9 >> Cache-Control: no-cache
12:18:53.794 [Forwarding isElementDisplayed on session 18063075-812d-4a4c-a6cd-30fbf03bc7bd to remote] DEBUG org.apache.http.headers - http-outgoing-9 >> Host: localhost:4723
12:18:53.794 [Forwarding isElementDisplayed on session 18063075-812d-4a4c-a6cd-30fbf03bc7bd to remote] DEBUG org.apache.http.headers - http-outgoing-9 >> Connection: Keep-Alive
12:18:53.794 [Forwarding isElementDisplayed on session 18063075-812d-4a4c-a6cd-30fbf03bc7bd to remote] DEBUG org.apache.http.headers - http-outgoing-9 >> User-Agent: Apache-HttpClient/4.5.2 (Java/1.8.0_171)
12:18:53.794 [Forwarding isElementDisplayed on session 18063075-812d-4a4c-a6cd-30fbf03bc7bd to remote] DEBUG org.apache.http.headers - http-outgoing-9 >> Accept-Encoding: gzip,deflate
12:18:53.794 [Forwarding isElementDisplayed on session 18063075-812d-4a4c-a6cd-30fbf03bc7bd to remote] DEBUG org.apache.http.wire - http-outgoing-9 >> "GET /wd/hub/session/18063075-812d-4a4c-a6cd-30fbf03bc7bd/element/1C000000-0000-0000-B019-000000000000/displayed HTTP/1.1[\r][\n]"
12:18:53.794 [Forwarding isElementDisplayed on session 18063075-812d-4a4c-a6cd-30fbf03bc7bd to remote] DEBUG org.apache.http.wire - http-outgoing-9 >> "Cache-Control: no-cache[\r][\n]"
12:18:53.794 [Forwarding isElementDisplayed on session 18063075-812d-4a4c-a6cd-30fbf03bc7bd to remote] DEBUG org.apache.http.wire - http-outgoing-9 >> "Host: localhost:4723[\r][\n]"
12:18:53.794 [Forwarding isElementDisplayed on session 18063075-812d-4a4c-a6cd-30fbf03bc7bd to remote] DEBUG org.apache.http.wire - http-outgoing-9 >> "Connection: Keep-Alive[\r][\n]"
12:18:53.794 [Forwarding isElementDisplayed on session 18063075-812d-4a4c-a6cd-30fbf03bc7bd to remote] DEBUG org.apache.http.wire - http-outgoing-9 >> "User-Agent: Apache-HttpClient/4.5.2 (Java/1.8.0_171)[\r][\n]"
12:18:53.794 [Forwarding isElementDisplayed on session 18063075-812d-4a4c-a6cd-30fbf03bc7bd to remote] DEBUG org.apache.http.wire - http-outgoing-9 >> "Accept-Encoding: gzip,deflate[\r][\n]"
12:18:53.794 [Forwarding isElementDisplayed on session 18063075-812d-4a4c-a6cd-30fbf03bc7bd to remote] DEBUG org.apache.http.wire - http-outgoing-9 >> "[\r][\n]"
&amp#27;[35m[HTTP]&amp#27;[39m &amp#27;[37m-->&amp#27;[39m &amp#27;[37mGET&amp#27;[39m &amp#27;[37m/wd/hub/session/18063075-812d-4a4c-a6cd-30fbf03bc7bd/element/1C000000-0000-0000-B019-000000000000/displayed&amp#27;[39m
&amp#27;[35m[HTTP]&amp#27;[39m &amp#27;[90m{}&amp#27;[39m
&amp#27;[35m[MJSONWP]&amp#27;[39m Driver proxy active, passing request on via HTTP proxy
&amp#27;[35m[JSONWP Proxy]&amp#27;[39m Replacing sessionId E84012:18:53.922 [Forwarding isElementDisplayed on session 18063075-812d-4a4c-a6cd-30fbf03bc7bd to remote] DEBUG org.apache.http.wire - http-outgoing-9 << "HTTP/1.1 200 OK[\r][\n]"
BF12:18:53.922 [Forwarding isElementDisplayed on session 18063075-812d-4a4c-a6cd-30fbf03bc7bd to remote] DEBUG org.apache.http.wire - http-outgoing-9 << "X-Powered-By: Express[\r][\n]"
70-65612:18:53.922 [Forwarding isElementDisplayed on session 18063075-812d-4a4c-a6cd-30fbf03bc7bd to remote] DEBUG org.apache.http.wire - http-outgoing-9 << "Access-Control-Allow-Origin: *[\r][\n]"
3-4B2D-BA8C-84C12:18:53.922 [Forwarding isElementDisplayed on session 18063075-812d-4a4c-a6cd-30fbf03bc7bd to remote] DEBUG org.apache.http.wire - http-outgoing-9 << "Access-Control-Allow-Methods: GET,POST,PUT,OPTIONS,DELETE[\r][\n]"
B2A12:18:53.922 [Forwarding isElementDisplayed on session 18063075-812d-4a4c-a6cd-30fbf03bc7bd to remote] DEBUG org.apache.http.wire - http-outgoing-9 << "Access-Control-Allow-Headers: origin, content-type, accept[\r][\n]"
9EB8B3 with12:18:53.922 [Forwarding isElementDisplayed on session 18063075-812d-4a4c-a6cd-30fbf03bc7bd to remote] DEBUG org.apache.http.wire - http-outgoing-9 << "Content-Type: application/json; charset=utf-8[\r][\n]"
 18063075-812d-4a4c-a6cd-30fbf03bc7bd
12:18:53.923 [Forwarding isElementDisplayed on session 18063075-812d-4a4c-a6cd-30fbf03bc7bd to remote] DEBUG org.apache.http.wire - http-outgoing-9 << "Content-Length: 77[\r][\n]"
12:18:53.923 [Forwarding isElementDisplayed on session 18063075-812d-4a4c-a6cd-30fbf03bc7bd to remote] DEBUG org.apache.http.wire - http-outgoing-9 << "ETag: W/"4d-tkXZ6WjSQrr3O8HXWzNn3RouXcE"[\r][\n]"
12:18:53.923 [Forwarding isElementDisplayed on session 18063075-812d-4a4c-a6cd-30fbf03bc7bd to remote] DEBUG org.apache.http.wire - http-outgoing-9 << "Date: Fri, 23 Aug 2019 06:48:53 GMT[\r][\n]"
12:18:53.923 [Forwarding isElementDisplayed on session 18063075-812d-4a4c-a6cd-30fbf03bc7bd to remote] DEBUG org.apache.http.wire - http-outgoing-9 << "Connection: keep-alive[\r][\n]"
12:18:53.923 [Forwarding isElementDisplayed on session 18063075-812d-4a4c-a6cd-30fbf03bc7bd to remote] DEBUG org.apache.http.wire - http-outgoing-9 << "[\r][\n]"
12:18:53.923 [Forwarding isElementDisplayed on session 18063075-812d-4a4c-a6cd-30fbf03bc7bd to remote] DEBUG org.apache.http.wire - http-outgoing-9 << "{"value":false,"sessionId":"18063075-812d-4a4c-a6cd-30fbf03bc7bd","status":0}"
12:18:53.923 [Forwarding isElementDisplayed on session 18063075-812d-4a4c-a6cd-30fbf03bc7bd to remote] DEBUG org.apache.http.headers - http-outgoing-9 << HTTP/1.1 200 OK
12:18:53.923 [Forwarding isElementDisplayed on session 18063075-812d-4a4c-a6cd-30fbf03bc7bd to remote] DEBUG org.apache.http.headers - http-outgoing-9 << X-Powered-By: Express
12:18:53.923 [Forwarding isElementDisplayed on session 18063075-812d-4a4c-a6cd-30fbf03bc7bd to remote] DEBUG org.apache.http.headers - http-outgoing-9 << Access-Control-Allow-Origin: *
12:18:53.923 [Forwarding isElementDisplayed on session 18063075-812d-4a4c-a6cd-30fbf03bc7bd to remote] DEBUG org.apache.http.headers - http-outgoing-9 << Access-Control-Allow-Methods: GET,POST,PUT,OPTIONS,DELETE
12:18:53.923 [Forwarding isElementDisplayed on session 18063075-812d-4a4c-a6cd-30fbf03bc7bd to remote] DEBUG org.apache.http.headers - http-outgoing-9 << Access-Control-Allow-Headers: origin, content-type, accept
12:18:53.923 [Forwarding isElementDisplayed on session 18063075-812d-4a4c-a6cd-30fbf03bc7bd to remote] DEBUG org.apache.http.headers - http-outgoing-9 << Content-Type: application/json; charset=utf-8
12:18:53.923 [Forwarding isElementDisplayed on session 18063075-812d-4a4c-a6cd-30fbf03bc7bd to remote] DEBUG org.apache.http.headers - http-outgoing-9 << Content-Length: 77
12:18:53.923 [Forwarding isElementDisplayed on session 18063075-812d-4a4c-a6cd-30fbf03bc7bd to remote] DEBUG org.apache.http.headers - http-outgoing-9 << ETag: W/"4d-tkXZ6WjSQrr3O8HXWzNn3RouXcE"
12:18:53.923 [Forwarding isElementDisplayed on session 18063075-812d-4a4c-a6cd-30fbf03bc7bd to remote] DEBUG org.apache.http.headers - http-outgoing-9 << Date: Fri, 23 Aug 2019 06:48:53 GMT
12:18:53.923 [Forwarding isElementDisplayed on session 18063075-812d-4a4c-a6cd-30fbf03bc7bd to remote] DEBUG org.apache.http.headers - http-outgoing-9 << Connection: keep-alive
12:18:53.923 [Forwarding isElementDisplayed on session 18063075-812d-4a4c-a6cd-30fbf03bc7bd to remote] DEBUG o.a.h.impl.execchain.MainClientExec - Connection can be kept alive indefinitely
&amp#27;[35m[HTTP]&amp#27;[39m &amp#27;[37m<-- GET /wd/hub/session/18063075-812d-4a4c-a6cd-30fbf03bc7bd/element/1C000000-0000-0000-B019-0000012:18:53.924 [Forwarding isElementDisplayed on session 18063075-812d-4a4c-a6cd-30fbf03bc7bd to remote] DEBUG o.a.h.i.c.PoolingHttpClientConnectionManager - Connection [id: 9][route: {}->http://localhost:4723] can be kept alive indefinitely
0000000/di12:18:53.925 [Forwarding isElementDisplayed on session 18063075-812d-4a4c-a6cd-30fbf03bc7bd to remote] DEBUG o.a.h.i.c.PoolingHttpClientConnectionManager - Connection released: [id: 9][route: {}->http://localhost:4723][total kept alive: 1; route allocated: 1 of 2000; total allocated: 1 of 2000]
splayed &amp#27;[39m&amp#27;[32m200&amp#27;[39m &amp#27;[90m127 ms - 77&amp#27;[39m
&amp#27;[35m[HTTP]&amp#27;[39m &amp#27;[90m&amp#27;[39m
]]></system-out>
  </testcase>
  <testcase name="HOOQ_IOS_MOBILE_TVShows_Section" classname="com.automation.ios.iphone.scripts.HOOQ_IOS_IPhone_Sanity" time="23.154">
    <failure type="java.lang.AssertionError:">java.lang.AssertionError: null
	at com.automation.ios.iphone.scripts.HOOQ_IOS_IPhone_Sanity.HOOQ_IOS_MOBILE_TVShows_Section(HOOQ_IOS_IPhone_Sanity.java:130)
</failure>
    <system-out><![CDATA[After Method
Sanity_Production_IOS!B2:D553
27
Device, ScriptName
HOOQ_IPhone
HOOQ_IOS_MOBILE_Login
2
HOOQ_IPhone
HOOQ_IOS_MOBILE_ME
3
HOOQ_IPhone
HOOQ_IOS_MOBILE_Discover
4
HOOQ_IPhone
HOOQ_IOS_MOBILE_Movies_Section
Sanity_Production_IOS!G5:G5
1
Name, Major
FAIL 
Current Date ==> 23
Sanity_Production_IOS!AO5:AO5
1
Name, Major
FAIL 
Sanity_Production_IOS!I5:I5
1
Name, Major
23-Aug-2019 
Sanity_Production_IOS!J5:J5
1
Name, Major
12:18:54 
Sanity_Production_IOS!H5:H5
1
Name, Major
App Version - 3.2.2 
Sanity_Production_IOS!O5:O5
1
Name, Major
8 
Sanity_Production_IOS!O5:O5
1
Name, Major
9 
Sanity_Production_IOS!P5:P5
1
Name, Major
23-Aug-2019 
Sanity_Production_IOS!Q5:Q5
1
Name, Major
12:18:54 
Sanity_Production_IOS!R5:R5
1
Name, Major
App Version - 3.2.2 
Current Date ==> 23
Sanity_Production_IOS!AO5:AO5
1
Name, Major
FAIL 
Before Method
Country ==> IN
ENV ==> prod
In iphone block
12:19:25.478 [Forwarding closeApp on session 18063075-812d-4a4c-a6cd-30fbf03bc7bd to remote] DEBUG o.a.h.c.protocol.RequestAddCookies - CookieSpec selected: default
12:19:25.478 [Forwarding closeApp on session 18063075-812d-4a4c-a6cd-30fbf03bc7bd to remote] DEBUG o.a.h.c.protocol.RequestAuthCache - Auth cache not set in the context
12:19:25.478 [Forwarding closeApp on session 18063075-812d-4a4c-a6cd-30fbf03bc7bd to remote] DEBUG o.a.h.i.c.PoolingHttpClientConnectionManager - Connection request: [route: {}->http://localhost:4723][total kept alive: 1; route allocated: 1 of 2000; total allocated: 1 of 2000]
12:19:25.478 [Forwarding closeApp on session 18063075-812d-4a4c-a6cd-30fbf03bc7bd to remote] DEBUG org.apache.http.wire - http-outgoing-9 << "end of stream"
12:19:25.478 [Forwarding closeApp on session 18063075-812d-4a4c-a6cd-30fbf03bc7bd to remote] DEBUG o.a.h.i.c.DefaultManagedHttpClientConnection - http-outgoing-9: Close connection
12:19:25.478 [Forwarding closeApp on session 18063075-812d-4a4c-a6cd-30fbf03bc7bd to remote] DEBUG o.a.h.i.c.PoolingHttpClientConnectionManager - Connection leased: [id: 10][route: {}->http://localhost:4723][total kept alive: 0; route allocated: 1 of 2000; total allocated: 1 of 2000]
12:19:25.478 [Forwarding closeApp on session 18063075-812d-4a4c-a6cd-30fbf03bc7bd to remote] DEBUG o.a.h.impl.execchain.MainClientExec - Opening connection {}->http://localhost:4723
12:19:25.479 [Forwarding closeApp on session 18063075-812d-4a4c-a6cd-30fbf03bc7bd to remote] DEBUG o.a.h.i.c.DefaultHttpClientConnectionOperator - Connecting to localhost/127.0.0.1:4723
12:19:25.479 [Forwarding closeApp on session 18063075-812d-4a4c-a6cd-30fbf03bc7bd to remote] DEBUG o.a.h.i.c.DefaultHttpClientConnectionOperator - Connection established 127.0.0.1:63575<->127.0.0.1:4723
12:19:25.479 [Forwarding closeApp on session 18063075-812d-4a4c-a6cd-30fbf03bc7bd to remote] DEBUG o.a.h.i.c.DefaultManagedHttpClientConnection - http-outgoing-10: set socket timeout to 10800000
12:19:25.479 [Forwarding closeApp on session 18063075-812d-4a4c-a6cd-30fbf03bc7bd to remote] DEBUG o.a.h.impl.execchain.MainClientExec - Executing request POST /wd/hub/session/18063075-812d-4a4c-a6cd-30fbf03bc7bd/appium/app/close HTTP/1.1
12:19:25.479 [Forwarding closeApp on session 18063075-812d-4a4c-a6cd-30fbf03bc7bd to remote] DEBUG o.a.h.impl.execchain.MainClientExec - Target auth state: UNCHALLENGED
12:19:25.479 [Forwarding closeApp on session 18063075-812d-4a4c-a6cd-30fbf03bc7bd to remote] DEBUG o.a.h.impl.execchain.MainClientExec - Proxy auth state: UNCHALLENGED
12:19:25.479 [Forwarding closeApp on session 18063075-812d-4a4c-a6cd-30fbf03bc7bd to remote] DEBUG org.apache.http.headers - http-outgoing-10 >> POST /wd/hub/session/18063075-812d-4a4c-a6cd-30fbf03bc7bd/appium/app/close HTTP/1.1
12:19:25.479 [Forwarding closeApp on session 18063075-812d-4a4c-a6cd-30fbf03bc7bd to remote] DEBUG org.apache.http.headers - http-outgoing-10 >> Content-Type: application/json; charset=utf-8
12:19:25.479 [Forwarding closeApp on session 18063075-812d-4a4c-a6cd-30fbf03bc7bd to remote] DEBUG org.apache.http.headers - http-outgoing-10 >> Content-Length: 2
12:19:25.479 [Forwarding closeApp on session 18063075-812d-4a4c-a6cd-30fbf03bc7bd to remote] DEBUG org.apache.http.headers - http-outgoing-10 >> Host: localhost:4723
12:19:25.479 [Forwarding closeApp on session 18063075-812d-4a4c-a6cd-30fbf03bc7bd to remote] DEBUG org.apache.http.headers - http-outgoing-10 >> Connection: Keep-Alive
12:19:25.479 [Forwarding closeApp on session 18063075-812d-4a4c-a6cd-30fbf03bc7bd to remote] DEBUG org.apache.http.headers - http-outgoing-10 >> User-Agent: Apache-HttpClient/4.5.2 (Java/1.8.0_171)
12:19:25.479 [Forwarding closeApp on session 18063075-812d-4a4c-a6cd-30fbf03bc7bd to remote] DEBUG org.apache.http.headers - http-outgoing-10 >> Accept-Encoding: gzip,deflate
12:19:25.479 [Forwarding closeApp on session 18063075-812d-4a4c-a6cd-30fbf03bc7bd to remote] DEBUG org.apache.http.wire - http-outgoing-10 >> "POST /wd/hub/session/18063075-812d-4a4c-a6cd-30fbf03bc7bd/appium/app/close HTTP/1.1[\r][\n]"
12:19:25.479 [Forwarding closeApp on session 18063075-812d-4a4c-a6cd-30fbf03bc7bd to remote] DEBUG org.apache.http.wire - http-outgoing-10 >> "Content-Type: application/json; charset=utf-8[\r][\n]"
12:19:25.479 [Forwarding closeApp on session 18063075-812d-4a4c-a6cd-30fbf03bc7bd to remote] DEBUG org.apache.http.wire - http-outgoing-10 >> "Content-Length: 2[\r][\n]"
12:19:25.479 [Forwarding closeApp on session 18063075-812d-4a4c-a6cd-30fbf03bc7bd to remote] DEBUG org.apache.http.wire - http-outgoing-10 >> "Host: localhost:4723[\r][\n]"
12:19:25.479 [Forwarding closeApp on session 18063075-812d-4a4c-a6cd-30fbf03bc7bd to remote] DEBUG org.apache.http.wire - http-outgoing-10 >> "Connection: Keep-Alive[\r][\n]"
12:19:25.479 [Forwarding closeApp on session 18063075-812d-4a4c-a6cd-30fbf03bc7bd to remote] DEBUG org.apache.http.wire - http-outgoing-10 >> "User-Agent: Apache-HttpClient/4.5.2 (Java/1.8.0_171)[\r][\n]"
12:19:25.479 [Forwarding closeApp on session 18063075-812d-4a4c-a6cd-30fbf03bc7bd to remote] DEBUG org.apache.http.wire - http-outgoing-10 >> "Accept-Encoding: gzip,deflate[\r][\n]"
12:19:25.479 [Forwarding closeApp on session 18063075-812d-4a4c-a6cd-30fbf03bc7bd to remote] DEBUG org.apache.http.wire - http-outgoing-10 >> "[\r][\n]"
12:19:25.479 [Forwarding closeApp on session 18063075-812d-4a4c-a6cd-30fbf03bc7bd to remote] DEBUG org.apache.http.wire - http-outgoing-10 >> "{}"
&amp#27;[35m[HTTP]&amp#27;[39m &amp#27;[37m-->&amp#27;[39m &amp#27;[37mPOST&amp#27;[39m &amp#27;[37m/wd/hub/session/18063075-812d-4a4c-a6cd-30fbf03bc7bd/appium/app/close&amp#27;[39m
&amp#27;[35m[HTTP]&amp#27;[39m &amp#27;[90m{}&amp#27;[39m
&amp#27;[35m[XCUITest]&amp#27;[39m Shutting down sub-processes
&amp#27;[35m[XCUITest]&amp#27;[39m Shutting down iproxy process (pid 66092)
&amp#27;[35m[XCUITest]&amp#27;[39m Shutting down xcodebuild process (pid 66093)
&amp#27;[35m[XCUITest]&amp#27;[39m xcodebuild exited with code 'null' and signal 'SIGTERM'
&amp#27;[35m[iOS]&amp#27;[39m Successfully closed the 'com.tv.HOOQ' app.
12:19:26.559 [Forwarding closeApp on session 18063075-812d-4a4c-a6cd-30fbf03bc7bd to remote] DEBUG org.apache.http.wire - http-outgoing-10 << "HTTP/1.1 200 OK[\r][\n]"
12:19:26.559 [Forwarding closeApp on session 18063075-812d-4a4c-a6cd-30fbf03bc7bd to remote] DEBUG org.apache.http.wire - http-outgoing-10 << "X-Powered-By: Express[\r][\n]"
12:19:26.559 [Forwarding closeApp on session 18063075-812d-4a4c-a6cd-30fbf03bc7bd to remote] DEBUG org.apache.http.wire - http-outgoing-10 << "Access-Control-Allow-Origin: *[\r][\n]"
12:19:26.559 [Forwarding closeApp on session 18063075-812d-4a4c-a6cd-30fbf03bc7bd to remote] DEBUG org.apache.http.wire - http-outgoing-10 << "Access-Control-Allow-Methods: GET,POST,PUT,OPTIONS,DELETE[\r][\n]"
12:19:26.559 [Forwarding closeApp on session 18063075-812d-4a4c-a6cd-30fbf03bc7bd to remote] DEBUG org.apache.http.wire - http-outgoing-10 << "Access-Control-Allow-Headers: origin, content-type, accept[\r][\n]"
12:19:26.559 [Forwarding closeApp on session 18063075-812d-4a4c-a6cd-30fbf03bc7bd to remote] DEBUG org.apache.http.wire - http-outgoing-10 << "Vary: X-HTTP-Method-Override[\r][\n]"
12:19:26.559 [Forwarding closeApp on session 18063075-812d-4a4c-a6cd-30fbf03bc7bd to remote] DEBUG org.apache.http.wire - http-outgoing-10 << "Content-Type: application/json; charset=utf-8[\r][\n]"
12:19:26.559 [Forwarding closeApp on session 18063075-812d-4a4c-a6cd-30fbf03bc7bd to remote] DEBUG org.apache.http.wire - http-outgoing-10 << "Content-Length: 76[\r][\n]"
12:19:26.559 [Forwarding closeApp on session 18063075-812d-4a4c-a6cd-30fbf03bc7bd to remote] DEBUG org.apache.http.wire - http-outgoing-10 << "ETag: W/"4c-gmhGQZOu676Rxx5RTHTeOboeR78"[\r][\n]"
12:19:26.559 [Forwarding closeApp on session 18063075-812d-4a4c-a6cd-30fbf03bc7bd to remote] DEBUG org.apache.http.wire - http-outgoing-10 << "Date: Fri, 23 Aug 2019 06:49:26 GMT[\r][\n]"
12:19:26.559 [Forwarding closeApp on session 18063075-812d-4a4c-a6cd-30fbf03bc7bd to remote] DEBUG org.apache.http.wire - http-outgoing-10 << "Connection: keep-alive[\r][\n]"
12:19:26.559 [Forwarding closeApp on session 18063075-812d-4a4c-a6cd-30fbf03bc7bd to remote] DEBUG org.apache.http.wire - http-outgoing-10 << "[\r][\n]"
12:19:26.559 [Forwarding closeApp on session 18063075-812d-4a4c-a6cd-30fbf03bc7bd to remote] DEBUG org.apache.http.wire - http-outgoing-10 << "{"status":0,"value":null,"sessionId":"18063075-812d-4a4c-a6cd-30fbf03bc7bd"}"
12:19:26.560 [Forwarding closeApp on session 18063075-812d-4a4c-a6cd-30fbf03bc7bd to remote] DEBUG org.apache.http.headers - http-outgoing-10 << HTTP/1.1 200 OK
&amp#27;[35m[HTTP]&amp#27;[39m &amp#27;[37m<-- POST /wd/hub/se12:19:26.560 [Forwarding closeApp on session 18063075-812d-4a4c-a6cd-30fbf03bc7bd to remote] DEBUG org.apache.http.headers - http-outgoing-10 << X-Powered-By: Express
ssi12:19:26.560 [Forwarding closeApp on session 18063075-812d-4a4c-a6cd-30fbf03bc7bd to remote] DEBUG org.apache.http.headers - http-outgoing-10 << Access-Control-Allow-Origin: *
on/18063075-812d-4a4c-a6cd-30fbf03bc7bd/appium/app/close &amp#27;[39m&amp#27;[12:19:26.560 [Forwarding closeApp on session 18063075-812d-4a4c-a6cd-30fbf03bc7bd to remote] DEBUG org.apache.http.headers - http-outgoing-10 << Access-Control-Allow-Methods: GET,POST,PUT,OPTIONS,DELETE
3212:19:26.560 [Forwarding closeApp on session 18063075-812d-4a4c-a6cd-30fbf03bc7bd to remote] DEBUG org.apache.http.headers - http-outgoing-10 << Access-Control-Allow-Headers: origin, content-type, accept
m200&amp#27;[39m &amp#27;[90m1079 ms12:19:26.560 [Forwarding closeApp on session 18063075-812d-4a4c-a6cd-30fbf03bc7bd to remote] DEBUG org.apache.http.headers - http-outgoing-10 << Vary: X-HTTP-Method-Override
 - 76&amp#27;[39m
12:19:26.561 [Forwarding closeApp on session 18063075-812d-4a4c-a6cd-30fbf03bc7bd to remote] DEBUG org.apache.http.headers - http-outgoing-10 << Content-Type: application/json; charset=utf-8
&amp#27;[35m[HTTP]&amp#27;[39m &amp#27;[90m&amp#27;[39m
12:19:26.561 [Forwarding closeApp on session 18063075-812d-4a4c-a6cd-30fbf03bc7bd to remote] DEBUG org.apache.http.headers - http-outgoing-10 << Content-Length: 76
12:19:26.561 [Forwarding closeApp on session 18063075-812d-4a4c-a6cd-30fbf03bc7bd to remote] DEBUG org.apache.http.headers - http-outgoing-10 << ETag: W/"4c-gmhGQZOu676Rxx5RTHTeOboeR78"
12:19:26.561 [Forwarding closeApp on session 18063075-812d-4a4c-a6cd-30fbf03bc7bd to remote] DEBUG org.apache.http.headers - http-outgoing-10 << Date: Fri, 23 Aug 2019 06:49:26 GMT
12:19:26.561 [Forwarding closeApp on session 18063075-812d-4a4c-a6cd-30fbf03bc7bd to remote] DEBUG org.apache.http.headers - http-outgoing-10 << Connection: keep-alive
12:19:26.561 [Forwarding closeApp on session 18063075-812d-4a4c-a6cd-30fbf03bc7bd to remote] DEBUG o.a.h.impl.execchain.MainClientExec - Connection can be kept alive indefinitely
12:19:26.561 [Forwarding closeApp on session 18063075-812d-4a4c-a6cd-30fbf03bc7bd to remote] DEBUG o.a.h.i.c.PoolingHttpClientConnectionManager - Connection [id: 10][route: {}->http://localhost:4723] can be kept alive indefinitely
12:19:26.561 [Forwarding closeApp on session 18063075-812d-4a4c-a6cd-30fbf03bc7bd to remote] DEBUG o.a.h.i.c.PoolingHttpClientConnectionManager - Connection released: [id: 10][route: {}->http://localhost:4723][total kept alive: 1; route allocated: 1 of 2000; total allocated: 1 of 2000]
12:19:26.562 [Forwarding runAppInBackground on session 18063075-812d-4a4c-a6cd-30fbf03bc7bd to remote] DEBUG o.a.h.c.protocol.RequestAddCookies - CookieSpec selected: default
12:19:26.562 [Forwarding runAppInBackground on session 18063075-812d-4a4c-a6cd-30fbf03bc7bd to remote] DEBUG o.a.h.c.protocol.RequestAuthCache - Auth cache not set in the context
12:19:26.562 [Forwarding runAppInBackground on session 18063075-812d-4a4c-a6cd-30fbf03bc7bd to remote] DEBUG o.a.h.i.c.PoolingHttpClientConnectionManager - Connection request: [route: {}->http://localhost:4723][total kept alive: 1; route allocated: 1 of 2000; total allocated: 1 of 2000]
12:19:26.562 [Forwarding runAppInBackground on session 18063075-812d-4a4c-a6cd-30fbf03bc7bd to remote] DEBUG o.a.h.i.c.PoolingHttpClientConnectionManager - Connection leased: [id: 10][route: {}->http://localhost:4723][total kept alive: 0; route allocated: 1 of 2000; total allocated: 1 of 2000]
12:19:26.562 [Forwarding runAppInBackground on session 18063075-812d-4a4c-a6cd-30fbf03bc7bd to remote] DEBUG o.a.h.impl.execchain.MainClientExec - Stale connection check
12:19:26.563 [Forwarding runAppInBackground on session 18063075-812d-4a4c-a6cd-30fbf03bc7bd to remote] DEBUG org.apache.http.wire - http-outgoing-10 << "[read] I/O error: Read timed out"
12:19:26.563 [Forwarding runAppInBackground on session 18063075-812d-4a4c-a6cd-30fbf03bc7bd to remote] DEBUG o.a.h.i.c.DefaultManagedHttpClientConnection - http-outgoing-10: set socket timeout to 10800000
12:19:26.563 [Forwarding runAppInBackground on session 18063075-812d-4a4c-a6cd-30fbf03bc7bd to remote] DEBUG o.a.h.impl.execchain.MainClientExec - Executing request POST /wd/hub/session/18063075-812d-4a4c-a6cd-30fbf03bc7bd/appium/app/background HTTP/1.1
12:19:26.563 [Forwarding runAppInBackground on session 18063075-812d-4a4c-a6cd-30fbf03bc7bd to remote] DEBUG o.a.h.impl.execchain.MainClientExec - Target auth state: UNCHALLENGED
12:19:26.563 [Forwarding runAppInBackground on session 18063075-812d-4a4c-a6cd-30fbf03bc7bd to remote] DEBUG o.a.h.impl.execchain.MainClientExec - Proxy auth state: UNCHALLENGED
12:19:26.563 [Forwarding runAppInBackground on session 18063075-812d-4a4c-a6cd-30fbf03bc7bd to remote] DEBUG org.apache.http.headers - http-outgoing-10 >> POST /wd/hub/session/18063075-812d-4a4c-a6cd-30fbf03bc7bd/appium/app/background HTTP/1.1
12:19:26.563 [Forwarding runAppInBackground on session 18063075-812d-4a4c-a6cd-30fbf03bc7bd to remote] DEBUG org.apache.http.headers - http-outgoing-10 >> Content-Type: application/json; charset=utf-8
12:19:26.563 [Forwarding runAppInBackground on session 18063075-812d-4a4c-a6cd-30fbf03bc7bd to remote] DEBUG org.apache.http.headers - http-outgoing-10 >> Content-Length: 13
12:19:26.563 [Forwarding runAppInBackground on session 18063075-812d-4a4c-a6cd-30fbf03bc7bd to remote] DEBUG org.apache.http.headers - http-outgoing-10 >> Host: localhost:4723
12:19:26.563 [Forwarding runAppInBackground on session 18063075-812d-4a4c-a6cd-30fbf03bc7bd to remote] DEBUG org.apache.http.headers - http-outgoing-10 >> Connection: Keep-Alive
12:19:26.563 [Forwarding runAppInBackground on session 18063075-812d-4a4c-a6cd-30fbf03bc7bd to remote] DEBUG org.apache.http.headers - http-outgoing-10 >> User-Agent: Apache-HttpClient/4.5.2 (Java/1.8.0_171)
12:19:26.563 [Forwarding runAppInBackground on session 18063075-812d-4a4c-a6cd-30fbf03bc7bd to remote] DEBUG org.apache.http.headers - http-outgoing-10 >> Accept-Encoding: gzip,deflate
12:19:26.563 [Forwarding runAppInBackground on session 18063075-812d-4a4c-a6cd-30fbf03bc7bd to remote] DEBUG org.apache.http.wire - http-outgoing-10 >> "POST /wd/hub/session/18063075-812d-4a4c-a6cd-30fbf03bc7bd/appium/app/background HTTP/1.1[\r][\n]"
12:19:26.564 [Forwarding runAppInBackground on session 18063075-812d-4a4c-a6cd-30fbf03bc7bd to remote] DEBUG org.apache.http.wire - http-outgoing-10 >> "Content-Type: application/json; charset=utf-8[\r][\n]"
12:19:26.564 [Forwarding runAppInBackground on session 18063075-812d-4a4c-a6cd-30fbf03bc7bd to remote] DEBUG org.apache.http.wire - http-outgoing-10 >> "Content-Length: 13[\r][\n]"
12:19:26.564 [Forwarding runAppInBackground on session 18063075-812d-4a4c-a6cd-30fbf03bc7bd to remote] DEBUG org.apache.http.wire - http-outgoing-10 >> "Host: localhost:4723[\r][\n]"
12:19:26.564 [Forwarding runAppInBackground on session 18063075-812d-4a4c-a6cd-30fbf03bc7bd to remote] DEBUG org.apache.http.wire - http-outgoing-10 >> "Connection: Keep-Alive[\r][\n]"
12:19:26.564 [Forwarding runAppInBackground on session 18063075-812d-4a4c-a6cd-30fbf03bc7bd to remote] DEBUG org.apache.http.wire - http-outgoing-10 >> "User-Agent: Apache-HttpClient/4.5.2 (Java/1.8.0_171)[\r][\n]"
12:19:26.564 [Forwarding runAppInBackground on session 18063075-812d-4a4c-a6cd-30fbf03bc7bd to remote] DEBUG org.apache.http.wire - http-outgoing-10 >> "Accept-Encoding: gzip,deflate[\r][\n]"
12:19:26.564 [Forwarding runAppInBackground on session 18063075-812d-4a4c-a6cd-30fbf03bc7bd to remote] DEBUG org.apache.http.wire - http-outgoing-10 >> "[\r][\n]"
12:19:26.564 [Forwarding runAppInBackground on session 18063075-812d-4a4c-a6cd-30fbf03bc7bd to remote] DEBUG org.apache.http.wire - http-outgoing-10 >> "{"seconds":1}"
&amp#27;[35m[HTTP]&amp#27;[39m &amp#27;[37m-->&amp#27;[39m &amp#27;[37mPOST&amp#27;[39m &amp#27;[37m/wd/hub/session/18063075-812d-4a4c-a6cd-30fbf03bc7bd/appium/app/background&amp#27;[39m
&amp#27;[35m[HTTP]&amp#27;[39m &amp#27;[90m{"seconds":1}&amp#27;[39m
&amp#27;[35m[XCUITest]&amp#27;[39m commands.background: Passing numbers to 'duration' argument is deprecated. See https://github.com/appium/appium/issues/7741
&amp#27;[35m[XCUITest]&amp#27;[39m Proxying to WDA with an unknown route: POST /wda/deactivateApp
12:19:26.571 [Forwarding runAppInBackground on session 18063075-812d-4a4c-a6cd-30fbf03bc7bd to remote] DEBUG org.apache.http.wire - http-outgoing-10 << "HTTP/1.1 500 Internal Server Error[\r][\n]"
12:19:26.571 [Forwarding runAppInBackground on session 18063075-812d-4a4c-a6cd-30fbf03bc7bd to remote] DEBUG org.apache.http.wire - http-outgoing-10 << "X-Powered-By: Express[\r][\n]"
12:19:26.571 [Forwarding runAppInBackground on session 18063075-812d-4a4c-a6cd-30fbf03bc7bd to remote] DEBUG org.apache.http.wire - http-outgoing-10 << "Access-Control-Allow-Origin: *[\r][\n]"
12:19:26.571 [Forwarding runAppInBackground on session 18063075-812d-4a4c-a6cd-30fbf03bc7bd to remote] DEBUG org.apache.http.wire - http-outgoing-10 << "Access-Control-Allow-Methods: GET,POST,PUT,OPTIONS,DELETE[\r][\n]"
12:19:26.571 [Forwarding runAppInBackground on session 18063075-812d-4a4c-a6cd-30fbf03bc7bd to remote] DEBUG org.apache.http.wire - http-outgoing-10 << "Access-Control-Allow-Headers: origin, content-type, accept[\r][\n]"
12:19:26.571 [Forwarding runAppInBackground on session 18063075-812d-4a4c-a6cd-30fbf03bc7bd to remote] DEBUG org.apache.http.wire - http-outgoing-10 << "Vary: X-HTTP-Method-Override[\r][\n]"
12:19:26.571 [Forwarding runAppInBackground on session 18063075-812d-4a4c-a6cd-30fbf03bc7bd to remote] DEBUG org.apache.http.wire - http-outgoing-10 << "Content-Type: application/json; charset=utf-8[\r][\n]"
12:19:26.571 [Forwarding runAppInBackground on session 18063075-812d-4a4c-a6cd-30fbf03bc7bd to remote] DEBUG org.apache.http.wire - http-outgoing-10 << "Content-Length: 223[\r][\n]"
12:19:26.571 [Forwarding runAppInBackground on session 18063075-812d-4a4c-a6cd-30fbf03bc7bd to remote] DEBUG org.apache.http.wire - http-outgoing-10 << "ETag: W/"df-6uBvU7gHRz373YpBLnPPHmj1RKk"[\r][\n]"
12:19:26.571 [Forwarding runAppInBackground on session 18063075-812d-4a4c-a6cd-30fbf03bc7bd to remote] DEBUG org.apache.http.wire - http-outgoing-10 << "Date: Fri, 23 Aug 2019 06:49:26 GMT[\r][\n]"
12:19:26.571 [Forwarding runAppInBackground on session 18063075-812d-4a4c-a6cd-30fbf03bc7bd to remote] DEBUG org.apache.http.wire - http-outgoing-10 << "Connection: keep-alive[\r][\n]"
12:19:26.571 [Forwarding runAppInBackground on session 18063075-812d-4a4c-a6cd-30fbf03bc7bd to remote] DEBUG org.apache.http.wire - http-outgoing-10 << "[\r][\n]"
12:19:26.571 [Forwarding runAppInBackground on session 18063075-812d-4a4c-a6cd-30fbf03bc7bd to remote] DEBUG org.apache.http.wire - http-outgoing-10 << "{"status":13,"value":{"message":"An unknown server-side error occurred while processing the command. Original error: Trying to proxy a session command without session id"},"sessionId":"18063075-812d-4a4c-a6cd-30fbf03bc7bd"}"
12:19:26.571 [Forwarding runAppInBackground on session 18063075-812d-4a4c-a6cd-30fbf03bc7bd to remote] DEBUG org.apache.http.headers - http-outgoing-10 << HTTP/1.1 500 Internal Server Error
12:19:26.571 [Forwarding runAppInBackground on session 18063075-812d-4a4c-a6cd-30fbf03bc7bd to remote] DEBUG org.apache.http.headers - http-outgoing-10 << X-Powered-By: Express
12:19:26.571 [Forwarding runAppInBackground on session 18063075-812d-4a4c-a6cd-30fbf03bc7bd to remote] DEBUG org.apache.http.headers - http-outgoing-10 << Access-Control-Allow-Origin: *
12:19:26.571 [Forwarding runAppInBackground on session 18063075-812d-4a4c-a6cd-30fbf03bc7bd to remote] DEBUG org.apache.http.headers - http-outgoing-10 << Access-Control-Allow-Methods: GET,POST,PUT,OPTIONS,DELETE
12:19:26.571 [Forwarding runAppInBackground on session 18063075-812d-4a4c-a6cd-30fbf03bc7bd to remote] DEBUG org.apache.http.headers - http-outgoing-10 << Access-Control-Allow-Headers: origin, content-type, accept
12:19:26.571 [Forwarding runAppInBackground on session 18063075-812d-4a4c-a6cd-30fbf03bc7bd to remote] DEBUG org.apache.http.headers - http-outgoing-10 << Vary: X-HTTP-Method-Override
12:19:26.571 [Forwarding runAppInBackground on session 18063075-812d-4a4c-a6cd-30fbf03bc7bd to remote] DEBUG org.apache.http.headers - http-outgoing-10 << Content-Type: application/json; charset=utf-8
12:19:26.571 [Forwarding runAppInBackground on session 18063075-812d-4a4c-a6cd-30fbf03bc7bd to remote] DEBUG org.apache.http.headers - http-outgoing-10 << Content-Length: 223
12:19:26.571 [Forwarding runAppInBackground on session 18063075-812d-4a4c-a6cd-30fbf03bc7bd to remote] DEBUG org.apache.http.headers - http-outgoing-10 << ETag: W/"df-6uBvU7gHRz373YpBLnPPHmj1RKk"
12:19:26.571 [Forwarding runAppInBackground on session 18063075-812d-4a4c-a6cd-30fbf03bc7bd to remote] DEBUG org.apache.http.headers - http-outgoing-10 << Date: Fri, 23 Aug 2019 06:49:26 GMT
12:19:26.571 [Forwarding runAppInBackground on session 18063075-812d-4a4c-a6cd-30fbf03bc7bd to remote] DEBUG org.apache.http.headers - http-outgoing-10 << Connection: keep-alive
&amp#27;[35m[HTTP]&amp#27;[3912:19:26.572 [Forwarding runAppInBackground on session 18063075-812d-4a4c-a6cd-30fbf03bc7bd to remote] DEBUG o.a.h.impl.execchain.MainClientExec - Connection can be kept alive indefinitely
m &amp#27;[37m<-- POST 12:19:26.572 [Forwarding runAppInBackground on session 18063075-812d-4a4c-a6cd-30fbf03bc7bd to remote] DEBUG o.a.h.i.c.PoolingHttpClientConnectionManager - Connection [id: 10][route: {}->http://localhost:4723] can be kept alive indefinitely
/wd/hub/session/18063075-812d-4a4c-a6cd-30fbf012:19:26.572 [Forwarding runAppInBackground on session 18063075-812d-4a4c-a6cd-30fbf03bc7bd to remote] DEBUG o.a.h.i.c.PoolingHttpClientConnectionManager - Connection released: [id: 10][route: {}->http://localhost:4723][total kept alive: 1; route allocated: 1 of 2000; total allocated: 1 of 2000]
3bc7bd/appium/app/background &amp#27;[39m&amp#27;[31m500&amp#27;[39m &amp#27;[90m7 ms - 223&amp#27;[39m
&amp#27;[35m[HTTP]&amp#27;[39m &amp#27;[90m&amp#27;[39m
12:19:26.573 [Forwarding launchApp on session 18063075-812d-4a4c-a6cd-30fbf03bc7bd to remote] DEBUG o.a.h.c.protocol.RequestAddCookies - CookieSpec selected: default
12:19:26.573 [Forwarding launchApp on session 18063075-812d-4a4c-a6cd-30fbf03bc7bd to remote] DEBUG o.a.h.c.protocol.RequestAuthCache - Auth cache not set in the context
12:19:26.573 [Forwarding launchApp on session 18063075-812d-4a4c-a6cd-30fbf03bc7bd to remote] DEBUG o.a.h.i.c.PoolingHttpClientConnectionManager - Connection request: [route: {}->http://localhost:4723][total kept alive: 1; route allocated: 1 of 2000; total allocated: 1 of 2000]
12:19:26.573 [Forwarding launchApp on session 18063075-812d-4a4c-a6cd-30fbf03bc7bd to remote] DEBUG o.a.h.i.c.PoolingHttpClientConnectionManager - Connection leased: [id: 10][route: {}->http://localhost:4723][total kept alive: 0; route allocated: 1 of 2000; total allocated: 1 of 2000]
12:19:26.573 [Forwarding launchApp on session 18063075-812d-4a4c-a6cd-30fbf03bc7bd to remote] DEBUG o.a.h.impl.execchain.MainClientExec - Stale connection check
12:19:26.574 [Forwarding launchApp on session 18063075-812d-4a4c-a6cd-30fbf03bc7bd to remote] DEBUG org.apache.http.wire - http-outgoing-10 << "[read] I/O error: Read timed out"
12:19:26.574 [Forwarding launchApp on session 18063075-812d-4a4c-a6cd-30fbf03bc7bd to remote] DEBUG o.a.h.i.c.DefaultManagedHttpClientConnection - http-outgoing-10: set socket timeout to 10800000
12:19:26.574 [Forwarding launchApp on session 18063075-812d-4a4c-a6cd-30fbf03bc7bd to remote] DEBUG o.a.h.impl.execchain.MainClientExec - Executing request POST /wd/hub/session/18063075-812d-4a4c-a6cd-30fbf03bc7bd/appium/app/launch HTTP/1.1
12:19:26.574 [Forwarding launchApp on session 18063075-812d-4a4c-a6cd-30fbf03bc7bd to remote] DEBUG o.a.h.impl.execchain.MainClientExec - Target auth state: UNCHALLENGED
12:19:26.574 [Forwarding launchApp on session 18063075-812d-4a4c-a6cd-30fbf03bc7bd to remote] DEBUG o.a.h.impl.execchain.MainClientExec - Proxy auth state: UNCHALLENGED
12:19:26.574 [Forwarding launchApp on session 18063075-812d-4a4c-a6cd-30fbf03bc7bd to remote] DEBUG org.apache.http.headers - http-outgoing-10 >> POST /wd/hub/session/18063075-812d-4a4c-a6cd-30fbf03bc7bd/appium/app/launch HTTP/1.1
12:19:26.574 [Forwarding launchApp on session 18063075-812d-4a4c-a6cd-30fbf03bc7bd to remote] DEBUG org.apache.http.headers - http-outgoing-10 >> Content-Type: application/json; charset=utf-8
12:19:26.574 [Forwarding launchApp on session 18063075-812d-4a4c-a6cd-30fbf03bc7bd to remote] DEBUG org.apache.http.headers - http-outgoing-10 >> Content-Length: 2
12:19:26.574 [Forwarding launchApp on session 18063075-812d-4a4c-a6cd-30fbf03bc7bd to remote] DEBUG org.apache.http.headers - http-outgoing-10 >> Host: localhost:4723
12:19:26.574 [Forwarding launchApp on session 18063075-812d-4a4c-a6cd-30fbf03bc7bd to remote] DEBUG org.apache.http.headers - http-outgoing-10 >> Connection: Keep-Alive
12:19:26.574 [Forwarding launchApp on session 18063075-812d-4a4c-a6cd-30fbf03bc7bd to remote] DEBUG org.apache.http.headers - http-outgoing-10 >> User-Agent: Apache-HttpClient/4.5.2 (Java/1.8.0_171)
12:19:26.574 [Forwarding launchApp on session 18063075-812d-4a4c-a6cd-30fbf03bc7bd to remote] DEBUG org.apache.http.headers - http-outgoing-10 >> Accept-Encoding: gzip,deflate
12:19:26.574 [Forwarding launchApp on session 18063075-812d-4a4c-a6cd-30fbf03bc7bd to remote] DEBUG org.apache.http.wire - http-outgoing-10 >> "POST /wd/hub/session/18063075-812d-4a4c-a6cd-30fbf03bc7bd/appium/app/launch HTTP/1.1[\r][\n]"
12:19:26.574 [Forwarding launchApp on session 18063075-812d-4a4c-a6cd-30fbf03bc7bd to remote] DEBUG org.apache.http.wire - http-outgoing-10 >> "Content-Type: application/json; charset=utf-8[\r][\n]"
12:19:26.574 [Forwarding launchApp on session 18063075-812d-4a4c-a6cd-30fbf03bc7bd to remote] DEBUG org.apache.http.wire - http-outgoing-10 >> "Content-Length: 2[\r][\n]"
12:19:26.574 [Forwarding launchApp on session 18063075-812d-4a4c-a6cd-30fbf03bc7bd to remote] DEBUG org.apache.http.wire - http-outgoing-10 >> "Host: localhost:4723[\r][\n]"
12:19:26.574 [Forwarding launchApp on session 18063075-812d-4a4c-a6cd-30fbf03bc7bd to remote] DEBUG org.apache.http.wire - http-outgoing-10 >> "Connection: Keep-Alive[\r][\n]"
12:19:26.574 [Forwarding launchApp on session 18063075-812d-4a4c-a6cd-30fbf03bc7bd to remote] DEBUG org.apache.http.wire - http-outgoing-10 >> "User-Agent: Apache-HttpClient/4.5.2 (Java/1.8.0_171)[\r][\n]"
12:19:26.574 [Forwarding launchApp on session 18063075-812d-4a4c-a6cd-30fbf03bc7bd to remote] DEBUG org.apache.http.wire - http-outgoing-10 >> "Accept-Encoding: gzip,deflate[\r][\n]"
12:19:26.574 [Forwarding launchApp on session 18063075-812d-4a4c-a6cd-30fbf03bc7bd to remote] DEBUG org.apache.http.wire - http-outgoing-10 >> "[\r][\n]"
12:19:26.574 [Forwarding launchApp on session 18063075-812d-4a4c-a6cd-30fbf03bc7bd to remote] DEBUG org.apache.http.wire - http-outgoing-10 >> "{}"
&amp#27;[35m[HTTP]&amp#27;[39m &amp#27;[37m-->&amp#27;[39m &amp#27;[37mPOST&amp#27;[39m &amp#27;[37m/wd/hub/session/18063075-812d-4a4c-a6cd-30fbf03bc7bd/appium/app/launch&amp#27;[39m
&amp#27;[35m[HTTP]&amp#27;[39m &amp#27;[90m{}&amp#27;[39m
&amp#27;[35m[XCUITest]&amp#27;[39m Determining device to run tests on: udid: '99c86b97c5530c26636664033d488325036ae4ae', real device: true
&amp#27;[35m[XCUITest]&amp#27;[39m Trying to start iOS log capture but it has already started!
&amp#27;[35m[XCUITest]&amp#27;[39m Setting up real device
&amp#27;[35m[XCUITest]&amp#27;[39m Using WDA path: '/usr/local/lib/node_modules/appium/node_modules/appium-xcuitest-driver/WebDriverAgent'
&amp#27;[35m[XCUITest]&amp#27;[39m Using WDA agent: '/usr/local/lib/node_modules/appium/node_modules/appium-xcuitest-driver/WebDriverAgent/WebDriverAgent.xcodeproj'
&amp#27;[35m[XCUITest]&amp#27;[39m Shutting down sub-processes
&amp#27;[35m[XCUITest]&amp#27;[39m Launching WebDriverAgent on the device
&amp#27;[35m[XCUITest]&amp#27;[39m Skipping setting of the initial display orientation. Set the "orientation" capability to either "LANDSCAPE" or "PORTRAIT", if this is an undesired behavi12:19:45.991 [Forwarding launchApp on session 18063075-812d-4a4c-a6cd-30fbf03bc7bd to remote] DEBUG org.apache.http.wire - http-outgoing-10 << "HTTP/1.1 200 OK[\r][\n]"
or.
12:19:45.991 [Forwarding launchApp on session 18063075-812d-4a4c-a6cd-30fbf03bc7bd to remote] DEBUG org.apache.http.wire - http-outgoing-10 << "X-Powered-By: Express[\r][\n]"
&amp#27;[3512:19:45.991 [Forwarding launchApp on session 18063075-812d-4a4c-a6cd-30fbf03bc7bd to remote] DEBUG org.apache.http.wire - http-outgoing-10 << "Access-Control-Allow-Origin: *[\r][\n]"
m[iO12:19:45.992 [Forwarding launchApp on session 18063075-812d-4a4c-a6cd-30fbf03bc7bd to remote] DEBUG org.apache.http.wire - http-outgoing-10 << "Access-Control-Allow-Methods: GET,POST,PUT,OPTIONS,DELETE[\r][\n]"
S]&amp#27;[39m Successfully lau12:19:45.992 [Forwarding launchApp on session 18063075-812d-4a4c-a6cd-30fbf03bc7bd to remote] DEBUG org.apache.http.wire - http-outgoing-10 << "Access-Control-Allow-Headers: origin, content-type, accept[\r][\n]"
nc12:19:45.992 [Forwarding launchApp on session 18063075-812d-4a4c-a6cd-30fbf03bc7bd to remote] DEBUG org.apache.http.wire - http-outgoing-10 << "Vary: X-HTTP-Method-Override[\r][\n]"
hed the 'com.tv12:19:45.992 [Forwarding launchApp on session 18063075-812d-4a4c-a6cd-30fbf03bc7bd to remote] DEBUG org.apache.http.wire - http-outgoing-10 << "Content-Type: application/json; charset=utf-8[\r][\n]"
.HOOQ' app.
&amp#27;[35m[HTTP]&amp#27;12:19:45.992 [Forwarding launchApp on session 18063075-812d-4a4c-a6cd-30fbf03bc7bd to remote] DEBUG org.apache.http.wire - http-outgoing-10 << "Content-Length: 76[\r][\n]"
[39m &amp#27;[37m<-- PO12:19:45.992 [Forwarding launchApp on session 18063075-812d-4a4c-a6cd-30fbf03bc7bd to remote] DEBUG org.apache.http.wire - http-outgoing-10 << "ETag: W/"4c-gmhGQZOu676Rxx5RTHTeOboeR78"[\r][\n]"
ST /wd/hub/session/18063075-812d-4a4c-a6cd-30fbf03bc7bd/appium/app/launch &amp#27;[39m&amp#27;[32m200&amp#27;[39m &amp#27;[90m19417 ms - 76&amp#27;[39m
&amp#27;[35m[HTTP]&amp#27;[39m &amp#27;[90m&amp#27;[39m
12:19:45.992 [Forwarding launchApp on session 18063075-812d-4a4c-a6cd-30fbf03bc7bd to remote] DEBUG org.apache.http.wire - http-outgoing-10 << "Date: Fri, 23 Aug 2019 06:49:45 GMT[\r][\n]"
12:19:45.994 [Forwarding launchApp on session 18063075-812d-4a4c-a6cd-30fbf03bc7bd to remote] DEBUG org.apache.http.wire - http-outgoing-10 << "Connection: keep-alive[\r][\n]"
12:19:45.994 [Forwarding launchApp on session 18063075-812d-4a4c-a6cd-30fbf03bc7bd to remote] DEBUG org.apache.http.wire - http-outgoing-10 << "[\r][\n]"
12:19:45.994 [Forwarding launchApp on session 18063075-812d-4a4c-a6cd-30fbf03bc7bd to remote] DEBUG org.apache.http.wire - http-outgoing-10 << "{"status":0,"value":null,"sessionId":"18063075-812d-4a4c-a6cd-30fbf03bc7bd"}"
12:19:45.994 [Forwarding launchApp on session 18063075-812d-4a4c-a6cd-30fbf03bc7bd to remote] DEBUG org.apache.http.headers - http-outgoing-10 << HTTP/1.1 200 OK
12:19:45.994 [Forwarding launchApp on session 18063075-812d-4a4c-a6cd-30fbf03bc7bd to remote] DEBUG org.apache.http.headers - http-outgoing-10 << X-Powered-By: Express
12:19:45.994 [Forwarding launchApp on session 18063075-812d-4a4c-a6cd-30fbf03bc7bd to remote] DEBUG org.apache.http.headers - http-outgoing-10 << Access-Control-Allow-Origin: *
12:19:45.994 [Forwarding launchApp on session 18063075-812d-4a4c-a6cd-30fbf03bc7bd to remote] DEBUG org.apache.http.headers - http-outgoing-10 << Access-Control-Allow-Methods: GET,POST,PUT,OPTIONS,DELETE
12:19:45.994 [Forwarding launchApp on session 18063075-812d-4a4c-a6cd-30fbf03bc7bd to remote] DEBUG org.apache.http.headers - http-outgoing-10 << Access-Control-Allow-Headers: origin, content-type, accept
12:19:45.994 [Forwarding launchApp on session 18063075-812d-4a4c-a6cd-30fbf03bc7bd to remote] DEBUG org.apache.http.headers - http-outgoing-10 << Vary: X-HTTP-Method-Override
12:19:45.994 [Forwarding launchApp on session 18063075-812d-4a4c-a6cd-30fbf03bc7bd to remote] DEBUG org.apache.http.headers - http-outgoing-10 << Content-Type: application/json; charset=utf-8
12:19:45.994 [Forwarding launchApp on session 18063075-812d-4a4c-a6cd-30fbf03bc7bd to remote] DEBUG org.apache.http.headers - http-outgoing-10 << Content-Length: 76
12:19:45.994 [Forwarding launchApp on session 18063075-812d-4a4c-a6cd-30fbf03bc7bd to remote] DEBUG org.apache.http.headers - http-outgoing-10 << ETag: W/"4c-gmhGQZOu676Rxx5RTHTeOboeR78"
12:19:45.994 [Forwarding launchApp on session 18063075-812d-4a4c-a6cd-30fbf03bc7bd to remote] DEBUG org.apache.http.headers - http-outgoing-10 << Date: Fri, 23 Aug 2019 06:49:45 GMT
12:19:45.994 [Forwarding launchApp on session 18063075-812d-4a4c-a6cd-30fbf03bc7bd to remote] DEBUG org.apache.http.headers - http-outgoing-10 << Connection: keep-alive
12:19:45.994 [Forwarding launchApp on session 18063075-812d-4a4c-a6cd-30fbf03bc7bd to remote] DEBUG o.a.h.impl.execchain.MainClientExec - Connection can be kept alive indefinitely
12:19:45.994 [Forwarding launchApp on session 18063075-812d-4a4c-a6cd-30fbf03bc7bd to remote] DEBUG o.a.h.i.c.PoolingHttpClientConnectionManager - Connection [id: 10][route: {}->http://localhost:4723] can be kept alive indefinitely
12:19:45.994 [Forwarding launchApp on session 18063075-812d-4a4c-a6cd-30fbf03bc7bd to remote] DEBUG o.a.h.i.c.PoolingHttpClientConnectionManager - Connection released: [id: 10][route: {}->http://localhost:4723][total kept alive: 1; route allocated: 1 of 2000; total allocated: 1 of 2000]
12:19:50.996 [Forwarding findElement on session 18063075-812d-4a4c-a6cd-30fbf03bc7bd to remote] DEBUG o.a.h.c.protocol.RequestAddCookies - CookieSpec selected: default
12:19:50.996 [Forwarding findElement on session 18063075-812d-4a4c-a6cd-30fbf03bc7bd to remote] DEBUG o.a.h.c.protocol.RequestAuthCache - Auth cache not set in the context
12:19:50.996 [Forwarding findElement on session 18063075-812d-4a4c-a6cd-30fbf03bc7bd to remote] DEBUG o.a.h.i.c.PoolingHttpClientConnectionManager - Connection request: [route: {}->http://localhost:4723][total kept alive: 1; route allocated: 1 of 2000; total allocated: 1 of 2000]
12:19:50.996 [Forwarding findElement on session 18063075-812d-4a4c-a6cd-30fbf03bc7bd to remote] DEBUG org.apache.http.wire - http-outgoing-10 << "end of stream"
12:19:50.996 [Forwarding findElement on session 18063075-812d-4a4c-a6cd-30fbf03bc7bd to remote] DEBUG o.a.h.i.c.DefaultManagedHttpClientConnection - http-outgoing-10: Close connection
12:19:50.997 [Forwarding findElement on session 18063075-812d-4a4c-a6cd-30fbf03bc7bd to remote] DEBUG o.a.h.i.c.PoolingHttpClientConnectionManager - Connection leased: [id: 11][route: {}->http://localhost:4723][total kept alive: 0; route allocated: 1 of 2000; total allocated: 1 of 2000]
12:19:50.997 [Forwarding findElement on session 18063075-812d-4a4c-a6cd-30fbf03bc7bd to remote] DEBUG o.a.h.impl.execchain.MainClientExec - Opening connection {}->http://localhost:4723
12:19:50.997 [Forwarding findElement on session 18063075-812d-4a4c-a6cd-30fbf03bc7bd to remote] DEBUG o.a.h.i.c.DefaultHttpClientConnectionOperator - Connecting to localhost/127.0.0.1:4723
12:19:50.997 [Forwarding findElement on session 18063075-812d-4a4c-a6cd-30fbf03bc7bd to remote] DEBUG o.a.h.i.c.DefaultHttpClientConnectionOperator - Connection established 127.0.0.1:63642<->127.0.0.1:4723
12:19:50.997 [Forwarding findElement on session 18063075-812d-4a4c-a6cd-30fbf03bc7bd to remote] DEBUG o.a.h.i.c.DefaultManagedHttpClientConnection - http-outgoing-11: set socket timeout to 10800000
12:19:50.997 [Forwarding findElement on session 18063075-812d-4a4c-a6cd-30fbf03bc7bd to remote] DEBUG o.a.h.impl.execchain.MainClientExec - Executing request POST /wd/hub/session/18063075-812d-4a4c-a6cd-30fbf03bc7bd/element HTTP/1.1
12:19:50.997 [Forwarding findElement on session 18063075-812d-4a4c-a6cd-30fbf03bc7bd to remote] DEBUG o.a.h.impl.execchain.MainClientExec - Target auth state: UNCHALLENGED
12:19:50.997 [Forwarding findElement on session 18063075-812d-4a4c-a6cd-30fbf03bc7bd to remote] DEBUG o.a.h.impl.execchain.MainClientExec - Proxy auth state: UNCHALLENGED
12:19:50.997 [Forwarding findElement on session 18063075-812d-4a4c-a6cd-30fbf03bc7bd to remote] DEBUG org.apache.http.headers - http-outgoing-11 >> POST /wd/hub/session/18063075-812d-4a4c-a6cd-30fbf03bc7bd/element HTTP/1.1
12:19:50.997 [Forwarding findElement on session 18063075-812d-4a4c-a6cd-30fbf03bc7bd to remote] DEBUG org.apache.http.headers - http-outgoing-11 >> Content-Type: application/json; charset=utf-8
12:19:50.997 [Forwarding findElement on session 18063075-812d-4a4c-a6cd-30fbf03bc7bd to remote] DEBUG org.apache.http.headers - http-outgoing-11 >> Content-Length: 32
12:19:50.997 [Forwarding findElement on session 18063075-812d-4a4c-a6cd-30fbf03bc7bd to remote] DEBUG org.apache.http.headers - http-outgoing-11 >> Host: localhost:4723
12:19:50.997 [Forwarding findElement on session 18063075-812d-4a4c-a6cd-30fbf03bc7bd to remote] DEBUG org.apache.http.headers - http-outgoing-11 >> Connection: Keep-Alive
12:19:50.997 [Forwarding findElement on session 18063075-812d-4a4c-a6cd-30fbf03bc7bd to remote] DEBUG org.apache.http.headers - http-outgoing-11 >> User-Agent: Apache-HttpClient/4.5.2 (Java/1.8.0_171)
12:19:50.997 [Forwarding findElement on session 18063075-812d-4a4c-a6cd-30fbf03bc7bd to remote] DEBUG org.apache.http.headers - http-outgoing-11 >> Accept-Encoding: gzip,deflate
12:19:50.997 [Forwarding findElement on session 18063075-812d-4a4c-a6cd-30fbf03bc7bd to remote] DEBUG org.apache.http.wire - http-outgoing-11 >> "POST /wd/hub/session/18063075-812d-4a4c-a6cd-30fbf03bc7bd/element HTTP/1.1[\r][\n]"
12:19:50.997 [Forwarding findElement on session 18063075-812d-4a4c-a6cd-30fbf03bc7bd to remote] DEBUG org.apache.http.wire - http-outgoing-11 >> "Content-Type: application/json; charset=utf-8[\r][\n]"
12:19:50.997 [Forwarding findElement on session 18063075-812d-4a4c-a6cd-30fbf03bc7bd to remote] DEBUG org.apache.http.wire - http-outgoing-11 >> "Content-Length: 32[\r][\n]"
12:19:50.997 [Forwarding findElement on session 18063075-812d-4a4c-a6cd-30fbf03bc7bd to remote] DEBUG org.apache.http.wire - http-outgoing-11 >> "Host: localhost:4723[\r][\n]"
12:19:50.997 [Forwarding findElement on session 18063075-812d-4a4c-a6cd-30fbf03bc7bd to remote] DEBUG org.apache.http.wire - http-outgoing-11 >> "Connection: Keep-Alive[\r][\n]"
12:19:50.997 [Forwarding findElement on session 18063075-812d-4a4c-a6cd-30fbf03bc7bd to remote] DEBUG org.apache.http.wire - http-outgoing-11 >> "User-Agent: Apache-HttpClient/4.5.2 (Java/1.8.0_171)[\r][\n]"
12:19:50.997 [Forwarding findElement on session 18063075-812d-4a4c-a6cd-30fbf03bc7bd to remote] DEBUG org.apache.http.wire - http-outgoing-11 >> "Accept-Encoding: gzip,deflate[\r][\n]"
12:19:50.997 [Forwarding findElement on session 18063075-812d-4a4c-a6cd-30fbf03bc7bd to remote] DEBUG org.apache.http.wire - http-outgoing-11 >> "[\r][\n]"
12:19:50.997 [Forwarding findElement on session 18063075-812d-4a4c-a6cd-30fbf03bc7bd to remote] DEBUG org.apache.http.wire - http-outgoing-11 >> "{"using":"id","value":"icon me"}"
&amp#27;[35m[HTTP]&amp#27;[39m &amp#27;[37m-->&amp#27;[39m &amp#27;[37mPOST&amp#27;[39m &amp#27;[37m/wd/hub/session/18063075-812d-4a4c-a6cd-30fbf03bc7bd/element&amp#27;[39m
&amp#27;[35m[HTTP]&amp#27;[39m &amp#27;[90m{"using":"id","value":"icon me"}&amp#27;[39m
12:19:51.748 [Forwarding findElement on session 18063075-812d-4a4c-a6cd-30fbf03bc7bd to remote] DEBUG org.apache.http.wire - http-outgoing-11 << "HTTP/1.1 200 OK[\r][\n]"
12:19:51.748 [Forwarding findElement on session 18063075-812d-4a4c-a6cd-30fbf03bc7bd to remote] DEBUG org.apache.http.wire - http-outgoing-11 << "X-Powered-By: Express[\r][\n]"
12:19:51.748 [Forwarding findElement on session 18063075-812d-4a4c-a6cd-30fbf03bc7bd to remote] DEBUG org.apache.http.wire - http-outgoing-11 << "Access-Control-Allow-Origin: *[\r][\n]"
12:19:51.748 [Forwarding findElement on session 18063075-812d-4a4c-a6cd-30fbf03bc7bd to remote] DEBUG org.apache.http.wire - http-outgoing-11 << "Access-Control-Allow-Methods: GET,POST,PUT,OPTIONS,DELETE[\r][\n]"
12:19:51.748 [Forwarding findElement on session 18063075-812d-4a4c-a6cd-30fbf03bc7bd to remote] DEBUG org.apache.http.wire - http-outgoing-11 << "Access-Control-Allow-Headers: origin, content-type, accept[\r][\n]"
12:19:51.748 [Forwarding findElement on session 18063075-812d-4a4c-a6cd-30fbf03bc7bd to remote] DEBUG org.apache.http.wire - http-outgoing-11 << "Vary: X-HTTP-Method-Override[\r][\n]"
12:19:51.748 [Forwarding findElement on session 18063075-812d-4a4c-a6cd-30fbf03bc7bd to remote] DEBUG org.apache.http.wire - http-outgoing-11 << "Content-Type: application/json; charset=utf-8[\r][\n]"
12:19:51.748 [Forwarding findElement on session 18063075-812d-4a4c-a6cd-30fbf03bc7bd to remote] DEBUG org.apache.http.wire - http-outgoing-11 << "Content-Length: 122[\r][\n]"
12:19:51.748 [Forwarding findElement on session 18063075-812d-4a4c-a6cd-30fbf03bc7bd to remote] DEBUG org.apache.http.wire - http-outgoing-11 << "ETag: W/"7a-pxYXiwYtFd794s9TRiiVdx+dsrY"[\r][\n]"
12:19:51.748 [Forwarding findElement on session 18063075-812d-4a4c-a6cd-30fbf03bc7bd to remote] DEBUG org.apache.http.wire - http-outgoing-11 << "Date: Fri, 23 Aug 2019 06:49:51 GMT[\r][\n]"
12:19:51.748 [Forwarding findElement on session 18063075-812d-4a4c-a6cd-30fbf03bc7bd to remote] DEBUG org.apache.http.wire - http-outgoing-11 << "Connection: keep-alive[\r][\n]"
12:19:51.748 [Forwarding findElement on session 18063075-812d-4a4c-a6cd-30fbf03bc7bd to remote] DEBUG org.apache.http.wire - http-outgoing-11 << "[\r][\n]"
12:19:51.748 [Forwarding findElement on session 18063075-812d-4a4c-a6cd-30fbf03bc7bd to remote] DEBUG org.apache.http.wire - http-outgoing-11 << "{"status":0,"value":{"ELEMENT":"2D000000-0000-0000-B619-000000000000"},"sessionId":"18063075-812d-4a4c-a6cd-30fbf03bc7bd"}"
&amp#27;[12:19:51.748 [Forwarding findElement on session 18063075-812d-4a4c-a6cd-30fbf03bc7bd to remote] DEBUG org.apache.http.headers - http-outgoing-11 << HTTP/1.1 200 OK
35m[HTTP]&amp#27;12:19:51.748 [Forwarding findElement on session 18063075-812d-4a4c-a6cd-30fbf03bc7bd to remote] DEBUG org.apache.http.headers - http-outgoing-11 << X-Powered-By: Express
[39m12:19:51.749 [Forwarding findElement on session 18063075-812d-4a4c-a6cd-30fbf03bc7bd to remote] DEBUG org.apache.http.headers - http-outgoing-11 << Access-Control-Allow-Origin: *
12:19:51.749 [Forwarding findElement on session 18063075-812d-4a4c-a6cd-30fbf03bc7bd to remote] DEBUG org.apache.http.headers - http-outgoing-11 << Access-Control-Allow-Methods: GET,POST,PUT,OPTIONS,DELETE
 &amp#27;[37m<-- POST /wd/hub/session/18063075-812d-4a4c-a6cd-30fbf03bc7bd/element &amp#27;[39m&amp#27;[32m200&amp#27;[39m &amp#27;[90m750 ms - 122&amp#27;[39m
12:19:51.749 [Forwarding findElement on session 18063075-812d-4a4c-a6cd-30fbf03bc7bd to remote] DEBUG org.apache.http.headers - http-outgoing-11 << Access-Control-Allow-Headers: origin, content-type, accept
&amp#27;[35m[HTTP]&amp#27;[39m &amp#27;[912:19:51.750 [Forwarding findElement on session 18063075-812d-4a4c-a6cd-30fbf03bc7bd to remote] DEBUG org.apache.http.headers - http-outgoing-11 << Vary: X-HTTP-Method-Override
0m&amp#27;[39m
12:19:51.750 [Forwarding findElement on session 18063075-812d-4a4c-a6cd-30fbf03bc7bd to remote] DEBUG org.apache.http.headers - http-outgoing-11 << Content-Type: application/json; charset=utf-8
12:19:51.750 [Forwarding findElement on session 18063075-812d-4a4c-a6cd-30fbf03bc7bd to remote] DEBUG org.apache.http.headers - http-outgoing-11 << Content-Length: 122
12:19:51.750 [Forwarding findElement on session 18063075-812d-4a4c-a6cd-30fbf03bc7bd to remote] DEBUG org.apache.http.headers - http-outgoing-11 << ETag: W/"7a-pxYXiwYtFd794s9TRiiVdx+dsrY"
12:19:51.750 [Forwarding findElement on session 18063075-812d-4a4c-a6cd-30fbf03bc7bd to remote] DEBUG org.apache.http.headers - http-outgoing-11 << Date: Fri, 23 Aug 2019 06:49:51 GMT
12:19:51.750 [Forwarding findElement on session 18063075-812d-4a4c-a6cd-30fbf03bc7bd to remote] DEBUG org.apache.http.headers - http-outgoing-11 << Connection: keep-alive
12:19:51.750 [Forwarding findElement on session 18063075-812d-4a4c-a6cd-30fbf03bc7bd to remote] DEBUG o.a.h.impl.execchain.MainClientExec - Connection can be kept alive indefinitely
12:19:51.750 [Forwarding findElement on session 18063075-812d-4a4c-a6cd-30fbf03bc7bd to remote] DEBUG o.a.h.i.c.PoolingHttpClientConnectionManager - Connection [id: 11][route: {}->http://localhost:4723] can be kept alive indefinitely
12:19:51.750 [Forwarding findElement on session 18063075-812d-4a4c-a6cd-30fbf03bc7bd to remote] DEBUG o.a.h.i.c.PoolingHttpClientConnectionManager - Connection released: [id: 11][route: {}->http://localhost:4723][total kept alive: 1; route allocated: 1 of 2000; total allocated: 1 of 2000]
12:19:51.751 [Forwarding isElementDisplayed on session 18063075-812d-4a4c-a6cd-30fbf03bc7bd to remote] DEBUG o.a.h.c.protocol.RequestAddCookies - CookieSpec selected: default
12:19:51.751 [Forwarding isElementDisplayed on session 18063075-812d-4a4c-a6cd-30fbf03bc7bd to remote] DEBUG o.a.h.c.protocol.RequestAuthCache - Auth cache not set in the context
12:19:51.751 [Forwarding isElementDisplayed on session 18063075-812d-4a4c-a6cd-30fbf03bc7bd to remote] DEBUG o.a.h.i.c.PoolingHttpClientConnectionManager - Connection request: [route: {}->http://localhost:4723][total kept alive: 1; route allocated: 1 of 2000; total allocated: 1 of 2000]
12:19:51.751 [Forwarding isElementDisplayed on session 18063075-812d-4a4c-a6cd-30fbf03bc7bd to remote] DEBUG o.a.h.i.c.PoolingHttpClientConnectionManager - Connection leased: [id: 11][route: {}->http://localhost:4723][total kept alive: 0; route allocated: 1 of 2000; total allocated: 1 of 2000]
12:19:51.751 [Forwarding isElementDisplayed on session 18063075-812d-4a4c-a6cd-30fbf03bc7bd to remote] DEBUG o.a.h.impl.execchain.MainClientExec - Stale connection check
12:19:51.752 [Forwarding isElementDisplayed on session 18063075-812d-4a4c-a6cd-30fbf03bc7bd to remote] DEBUG org.apache.http.wire - http-outgoing-11 << "[read] I/O error: Read timed out"
12:19:51.753 [Forwarding isElementDisplayed on session 18063075-812d-4a4c-a6cd-30fbf03bc7bd to remote] DEBUG o.a.h.i.c.DefaultManagedHttpClientConnection - http-outgoing-11: set socket timeout to 10800000
12:19:51.753 [Forwarding isElementDisplayed on session 18063075-812d-4a4c-a6cd-30fbf03bc7bd to remote] DEBUG o.a.h.impl.execchain.MainClientExec - Executing request GET /wd/hub/session/18063075-812d-4a4c-a6cd-30fbf03bc7bd/element/2D000000-0000-0000-B619-000000000000/displayed HTTP/1.1
12:19:51.753 [Forwarding isElementDisplayed on session 18063075-812d-4a4c-a6cd-30fbf03bc7bd to remote] DEBUG o.a.h.impl.execchain.MainClientExec - Target auth state: UNCHALLENGED
12:19:51.753 [Forwarding isElementDisplayed on session 18063075-812d-4a4c-a6cd-30fbf03bc7bd to remote] DEBUG o.a.h.impl.execchain.MainClientExec - Proxy auth state: UNCHALLENGED
12:19:51.753 [Forwarding isElementDisplayed on session 18063075-812d-4a4c-a6cd-30fbf03bc7bd to remote] DEBUG org.apache.http.headers - http-outgoing-11 >> GET /wd/hub/session/18063075-812d-4a4c-a6cd-30fbf03bc7bd/element/2D000000-0000-0000-B619-000000000000/displayed HTTP/1.1
12:19:51.753 [Forwarding isElementDisplayed on session 18063075-812d-4a4c-a6cd-30fbf03bc7bd to remote] DEBUG org.apache.http.headers - http-outgoing-11 >> Cache-Control: no-cache
12:19:51.753 [Forwarding isElementDisplayed on session 18063075-812d-4a4c-a6cd-30fbf03bc7bd to remote] DEBUG org.apache.http.headers - http-outgoing-11 >> Host: localhost:4723
12:19:51.753 [Forwarding isElementDisplayed on session 18063075-812d-4a4c-a6cd-30fbf03bc7bd to remote] DEBUG org.apache.http.headers - http-outgoing-11 >> Connection: Keep-Alive
12:19:51.753 [Forwarding isElementDisplayed on session 18063075-812d-4a4c-a6cd-30fbf03bc7bd to remote] DEBUG org.apache.http.headers - http-outgoing-11 >> User-Agent: Apache-HttpClient/4.5.2 (Java/1.8.0_171)
12:19:51.753 [Forwarding isElementDisplayed on session 18063075-812d-4a4c-a6cd-30fbf03bc7bd to remote] DEBUG org.apache.http.headers - http-outgoing-11 >> Accept-Encoding: gzip,deflate
12:19:51.753 [Forwarding isElementDisplayed on session 18063075-812d-4a4c-a6cd-30fbf03bc7bd to remote] DEBUG org.apache.http.wire - http-outgoing-11 >> "GET /wd/hub/session/18063075-812d-4a4c-a6cd-30fbf03bc7bd/element/2D000000-0000-0000-B619-000000000000/displayed HTTP/1.1[\r][\n]"
12:19:51.753 [Forwarding isElementDisplayed on session 18063075-812d-4a4c-a6cd-30fbf03bc7bd to remote] DEBUG org.apache.http.wire - http-outgoing-11 >> "Cache-Control: no-cache[\r][\n]"
12:19:51.753 [Forwarding isElementDisplayed on session 18063075-812d-4a4c-a6cd-30fbf03bc7bd to remote] DEBUG org.apache.http.wire - http-outgoing-11 >> "Host: localhost:4723[\r][\n]"
12:19:51.753 [Forwarding isElementDisplayed on session 18063075-812d-4a4c-a6cd-30fbf03bc7bd to remote] DEBUG org.apache.http.wire - http-outgoing-11 >> "Connection: Keep-Alive[\r][\n]"
12:19:51.753 [Forwarding isElementDisplayed on session 18063075-812d-4a4c-a6cd-30fbf03bc7bd to remote] DEBUG org.apache.http.wire - http-outgoing-11 >> "User-Agent: Apache-HttpClient/4.5.2 (Java/1.8.0_171)[\r][\n]"
12:19:51.753 [Forwarding isElementDisplayed on session 18063075-812d-4a4c-a6cd-30fbf03bc7bd to remote] DEBUG org.apache.http.wire - http-outgoing-11 >> "Accept-Encoding: gzip,deflate[\r][\n]"
12:19:51.753 [Forwarding isElementDisplayed on session 18063075-812d-4a4c-a6cd-30fbf03bc7bd to remote] DEBUG org.apache.http.wire - http-outgoing-11 >> "[\r][\n]"
&amp#27;[35m[HTTP]&amp#27;[39m &amp#27;[37m-->&amp#27;[39m &amp#27;[37mGET&amp#27;[39m &amp#27;[37m/wd/hub/session/18063075-812d-4a4c-a6cd-30fbf03bc7bd/element/2D000000-0000-0000-B619-000000000000/displayed&amp#27;[39m
&amp#27;[35m[HTTP]&amp#27;[39m &amp#27;[90m{}&amp#27;[39m
&amp#27;[35m[MJSONWP]&amp#27;[39m Driver proxy active, passing request on via HTTP proxy
&amp#27;[35m[JSONWP Proxy]&amp#27;[39m Replacing sessionId12:19:52.148 [Forwarding isElementDisplayed on session 18063075-812d-4a4c-a6cd-30fbf03bc7bd to remote] DEBUG org.apache.http.wire - http-outgoing-11 << "HTTP/1.1 200 OK[\r][\n]"
 2E21A88C-0D0212:19:52.148 [Forwarding isElementDisplayed on session 18063075-812d-4a4c-a6cd-30fbf03bc7bd to remote] DEBUG org.apache.http.wire - http-outgoing-11 << "X-Powered-By: Express[\r][\n]"
-488A-85F6-312:19:52.148 [Forwarding isElementDisplayed on session 18063075-812d-4a4c-a6cd-30fbf03bc7bd to remote] DEBUG org.apache.http.wire - http-outgoing-11 << "Access-Control-Allow-Origin: *[\r][\n]"
12:19:52.148 [Forwarding isElementDisplayed on session 18063075-812d-4a4c-a6cd-30fbf03bc7bd to remote] DEBUG org.apache.http.wire - http-outgoing-11 << "Access-Control-Allow-Methods: GET,POST,PUT,OPTIONS,DELETE[\r][\n]"
12:19:52.148 [Forwarding isElementDisplayed on session 18063075-812d-4a4c-a6cd-30fbf03bc7bd to remote] DEBUG org.apache.http.wire - http-outgoing-11 << "Access-Control-Allow-Headers: origin, content-type, accept[\r][\n]"
645F1B6103A with 18063075-812d-4a4c-a6cd-30fbf03bc7bd
12:19:52.148 [Forwarding isElementDisplayed on session 18063075-812d-4a4c-a6cd-30fbf03bc7bd to remote] DEBUG org.apache.http.wire - http-outgoing-11 << "Content-Type: application/json; charset=utf-8[\r][\n]"
&amp#27;[35m[HTTP]&amp#27;[39m &amp#27;[37m<-- GE12:19:52.149 [Forwarding isElementDisplayed on session 18063075-812d-4a4c-a6cd-30fbf03bc7bd to remote] DEBUG org.apache.http.wire - http-outgoing-11 << "Content-Length: 76[\r][\n]"
12:19:52.149 [Forwarding isElementDisplayed on session 18063075-812d-4a4c-a6cd-30fbf03bc7bd to remote] DEBUG org.apache.http.wire - http-outgoing-11 << "ETag: W/"4c-Y7k244UeXncxktz3h+rJR8RJids"[\r][\n]"
T /12:19:52.149 [Forwarding isElementDisplayed on session 18063075-812d-4a4c-a6cd-30fbf03bc7bd to remote] DEBUG org.apache.http.wire - http-outgoing-11 << "Date: Fri, 23 Aug 2019 06:49:52 GMT[\r][\n]"
12:19:52.149 [Forwarding isElementDisplayed on session 18063075-812d-4a4c-a6cd-30fbf03bc7bd to remote] DEBUG org.apache.http.wire - http-outgoing-11 << "Connection: keep-alive[\r][\n]"
12:19:52.149 [Forwarding isElementDisplayed on session 18063075-812d-4a4c-a6cd-30fbf03bc7bd to remote] DEBUG org.apache.http.wire - http-outgoing-11 << "[\r][\n]"
wd/hub/session/18063075-812d-4a4c-a6cd-30fbf12:19:52.149 [Forwarding isElementDisplayed on session 18063075-812d-4a4c-a6cd-30fbf03bc7bd to remote] DEBUG org.apache.http.wire - http-outgoing-11 << "{"value":true,"sessionId":"18063075-812d-4a4c-a6cd-30fbf03bc7bd","status":0}"
03bc7bd/element/2D000000-0000-0000-B6112:19:52.149 [Forwarding isElementDisplayed on session 18063075-812d-4a4c-a6cd-30fbf03bc7bd to remote] DEBUG org.apache.http.headers - http-outgoing-11 << HTTP/1.1 200 OK
12:19:52.149 [Forwarding isElementDisplayed on session 18063075-812d-4a4c-a6cd-30fbf03bc7bd to remote] DEBUG org.apache.http.headers - http-outgoing-11 << X-Powered-By: Express
9-000000000000/di12:19:52.149 [Forwarding isElementDisplayed on session 18063075-812d-4a4c-a6cd-30fbf03bc7bd to remote] DEBUG org.apache.http.headers - http-outgoing-11 << Access-Control-Allow-Origin: *
splayed &amp#27;[39m&amp#27;12:19:52.150 [Forwarding isElementDisplayed on session 18063075-812d-4a4c-a6cd-30fbf03bc7bd to remote] DEBUG org.apache.http.headers - http-outgoing-11 << Access-Control-Allow-Methods: GET,POST,PUT,OPTIONS,DELETE
12:19:52.150 [Forwarding isElementDisplayed on session 18063075-812d-4a4c-a6cd-30fbf03bc7bd to remote] DEBUG org.apache.http.headers - http-outgoing-11 << Access-Control-Allow-Headers: origin, content-type, accept
[32m212:19:52.150 [Forwarding isElementDisplayed on session 18063075-812d-4a4c-a6cd-30fbf03bc7bd to remote] DEBUG org.apache.http.headers - http-outgoing-11 << Content-Type: application/json; charset=utf-8
12:19:52.150 [Forwarding isElementDisplayed on session 18063075-812d-4a4c-a6cd-30fbf03bc7bd to remote] DEBUG org.apache.http.headers - http-outgoing-11 << Content-Length: 76
12:19:52.150 [Forwarding isElementDisplayed on session 18063075-812d-4a4c-a6cd-30fbf03bc7bd to remote] DEBUG org.apache.http.headers - http-outgoing-11 << ETag: W/"4c-Y7k244UeXncxktz3h+rJR8RJids"
12:19:52.150 [Forwarding isElementDisplayed on session 18063075-812d-4a4c-a6cd-30fbf03bc7bd to remote] DEBUG org.apache.http.headers - http-outgoing-11 << Date: Fri, 23 Aug 2019 06:49:52 GMT
12:19:52.150 [Forwarding isElementDisplayed on session 18063075-812d-4a4c-a6cd-30fbf03bc7bd to remote] DEBUG org.apache.http.headers - http-outgoing-11 << Connection: keep-alive
00&amp#27;[39m &amp#27;[90m395 ms - 76&amp#27;[312:19:52.150 [Forwarding isElementDisplayed on session 18063075-812d-4a4c-a6cd-30fbf03bc7bd to remote] DEBUG o.a.h.impl.execchain.MainClientExec - Connection can be kept alive indefinitely
9m
&amp#27;[35m[HTTP]&amp#27;[39m &amp#27;[90m&amp#27;[39m
12:19:52.150 [Forwarding isElementDisplayed on session 18063075-812d-4a4c-a6cd-30fbf03bc7bd to remote] DEBUG o.a.h.i.c.PoolingHttpClientConnectionManager - Connection [id: 11][route: {}->http://localhost:4723] can be kept alive indefinitely
12:19:52.150 [Forwarding isElementDisplayed on session 18063075-812d-4a4c-a6cd-30fbf03bc7bd to remote] DEBUG o.a.h.i.c.PoolingHttpClientConnectionManager - Connection released: [id: 11][route: {}->http://localhost:4723][total kept alive: 1; route allocated: 1 of 2000; total allocated: 1 of 2000]
12:19:52.151 [Forwarding findElement on session 18063075-812d-4a4c-a6cd-30fbf03bc7bd to remote] DEBUG o.a.h.c.protocol.RequestAddCookies - CookieSpec selected: default
12:19:52.151 [Forwarding findElement on session 18063075-812d-4a4c-a6cd-30fbf03bc7bd to remote] DEBUG o.a.h.c.protocol.RequestAuthCache - Auth cache not set in the context
12:19:52.151 [Forwarding findElement on session 18063075-812d-4a4c-a6cd-30fbf03bc7bd to remote] DEBUG o.a.h.i.c.PoolingHttpClientConnectionManager - Connection request: [route: {}->http://localhost:4723][total kept alive: 1; route allocated: 1 of 2000; total allocated: 1 of 2000]
12:19:52.151 [Forwarding findElement on session 18063075-812d-4a4c-a6cd-30fbf03bc7bd to remote] DEBUG o.a.h.i.c.PoolingHttpClientConnectionManager - Connection leased: [id: 11][route: {}->http://localhost:4723][total kept alive: 0; route allocated: 1 of 2000; total allocated: 1 of 2000]
12:19:52.151 [Forwarding findElement on session 18063075-812d-4a4c-a6cd-30fbf03bc7bd to remote] DEBUG o.a.h.impl.execchain.MainClientExec - Stale connection check
12:19:52.152 [Forwarding findElement on session 18063075-812d-4a4c-a6cd-30fbf03bc7bd to remote] DEBUG org.apache.http.wire - http-outgoing-11 << "[read] I/O error: Read timed out"
12:19:52.152 [Forwarding findElement on session 18063075-812d-4a4c-a6cd-30fbf03bc7bd to remote] DEBUG o.a.h.i.c.DefaultManagedHttpClientConnection - http-outgoing-11: set socket timeout to 10800000
12:19:52.152 [Forwarding findElement on session 18063075-812d-4a4c-a6cd-30fbf03bc7bd to remote] DEBUG o.a.h.impl.execchain.MainClientExec - Executing request POST /wd/hub/session/18063075-812d-4a4c-a6cd-30fbf03bc7bd/element HTTP/1.1
12:19:52.152 [Forwarding findElement on session 18063075-812d-4a4c-a6cd-30fbf03bc7bd to remote] DEBUG o.a.h.impl.execchain.MainClientExec - Target auth state: UNCHALLENGED
12:19:52.152 [Forwarding findElement on session 18063075-812d-4a4c-a6cd-30fbf03bc7bd to remote] DEBUG o.a.h.impl.execchain.MainClientExec - Proxy auth state: UNCHALLENGED
12:19:52.152 [Forwarding findElement on session 18063075-812d-4a4c-a6cd-30fbf03bc7bd to remote] DEBUG org.apache.http.headers - http-outgoing-11 >> POST /wd/hub/session/18063075-812d-4a4c-a6cd-30fbf03bc7bd/element HTTP/1.1
12:19:52.152 [Forwarding findElement on session 18063075-812d-4a4c-a6cd-30fbf03bc7bd to remote] DEBUG org.apache.http.headers - http-outgoing-11 >> Content-Type: application/json; charset=utf-8
12:19:52.152 [Forwarding findElement on session 18063075-812d-4a4c-a6cd-30fbf03bc7bd to remote] DEBUG org.apache.http.headers - http-outgoing-11 >> Content-Length: 32
12:19:52.153 [Forwarding findElement on session 18063075-812d-4a4c-a6cd-30fbf03bc7bd to remote] DEBUG org.apache.http.headers - http-outgoing-11 >> Host: localhost:4723
12:19:52.153 [Forwarding findElement on session 18063075-812d-4a4c-a6cd-30fbf03bc7bd to remote] DEBUG org.apache.http.headers - http-outgoing-11 >> Connection: Keep-Alive
12:19:52.153 [Forwarding findElement on session 18063075-812d-4a4c-a6cd-30fbf03bc7bd to remote] DEBUG org.apache.http.headers - http-outgoing-11 >> User-Agent: Apache-HttpClient/4.5.2 (Java/1.8.0_171)
12:19:52.153 [Forwarding findElement on session 18063075-812d-4a4c-a6cd-30fbf03bc7bd to remote] DEBUG org.apache.http.headers - http-outgoing-11 >> Accept-Encoding: gzip,deflate
12:19:52.153 [Forwarding findElement on session 18063075-812d-4a4c-a6cd-30fbf03bc7bd to remote] DEBUG org.apache.http.wire - http-outgoing-11 >> "POST /wd/hub/session/18063075-812d-4a4c-a6cd-30fbf03bc7bd/element HTTP/1.1[\r][\n]"
12:19:52.153 [Forwarding findElement on session 18063075-812d-4a4c-a6cd-30fbf03bc7bd to remote] DEBUG org.apache.http.wire - http-outgoing-11 >> "Content-Type: application/json; charset=utf-8[\r][\n]"
12:19:52.153 [Forwarding findElement on session 18063075-812d-4a4c-a6cd-30fbf03bc7bd to remote] DEBUG org.apache.http.wire - http-outgoing-11 >> "Content-Length: 32[\r][\n]"
12:19:52.153 [Forwarding findElement on session 18063075-812d-4a4c-a6cd-30fbf03bc7bd to remote] DEBUG org.apache.http.wire - http-outgoing-11 >> "Host: localhost:4723[\r][\n]"
12:19:52.153 [Forwarding findElement on session 18063075-812d-4a4c-a6cd-30fbf03bc7bd to remote] DEBUG org.apache.http.wire - http-outgoing-11 >> "Connection: Keep-Alive[\r][\n]"
12:19:52.153 [Forwarding findElement on session 18063075-812d-4a4c-a6cd-30fbf03bc7bd to remote] DEBUG org.apache.http.wire - http-outgoing-11 >> "User-Agent: Apache-HttpClient/4.5.2 (Java/1.8.0_171)[\r][\n]"
12:19:52.153 [Forwarding findElement on session 18063075-812d-4a4c-a6cd-30fbf03bc7bd to remote] DEBUG org.apache.http.wire - http-outgoing-11 >> "Accept-Encoding: gzip,deflate[\r][\n]"
12:19:52.153 [Forwarding findElement on session 18063075-812d-4a4c-a6cd-30fbf03bc7bd to remote] DEBUG org.apache.http.wire - http-outgoing-11 >> "[\r][\n]"
12:19:52.153 [Forwarding findElement on session 18063075-812d-4a4c-a6cd-30fbf03bc7bd to remote] DEBUG org.apache.http.wire - http-outgoing-11 >> "{"using":"id","value":"icon me"}"
&amp#27;[35m[HTTP]&amp#27;[39m &amp#27;[37m-->&amp#27;[39m &amp#27;[37mPOST&amp#27;[39m &amp#27;[37m/wd/hub/session/18063075-812d-4a4c-a6cd-30fbf03bc7bd/element&amp#27;[39m
&amp#27;[35m[HTTP]&amp#27;[39m &amp#27;[90m{"using":"id","value":"icon me"}&amp#27;[39m
12:19:52.643 [Forwarding findElement on session 18063075-812d-4a4c-a6cd-30fbf03bc7bd to remote] DEBUG org.apache.http.wire - http-outgoing-11 << "HTTP/1.1 200 OK[\r][\n]"
12:19:52.643 [Forwarding findElement on session 18063075-812d-4a4c-a6cd-30fbf03bc7bd to remote] DEBUG org.apache.http.wire - http-outgoing-11 << "X-Powered-By: Express[\r][\n]"
12:19:52.643 [Forwarding findElement on session 18063075-812d-4a4c-a6cd-30fbf03bc7bd to remote] DEBUG org.apache.http.wire - http-outgoing-11 << "Access-Control-Allow-Origin: *[\r][\n]"
12:19:52.643 [Forwarding findElement on session 18063075-812d-4a4c-a6cd-30fbf03bc7bd to remote] DEBUG org.apache.http.wire - http-outgoing-11 << "Access-Control-Allow-Methods: GET,POST,PUT,OPTIONS,DELETE[\r][\n]"
12:19:52.643 [Forwarding findElement on session 18063075-812d-4a4c-a6cd-30fbf03bc7bd to remote] DEBUG org.apache.http.wire - http-outgoing-11 << "Access-Control-Allow-Headers: origin, content-type, accept[\r][\n]"
12:19:52.643 [Forwarding findElement on session 18063075-812d-4a4c-a6cd-30fbf03bc7bd to remote] DEBUG org.apache.http.wire - http-outgoing-11 << "Vary: X-HTTP-Method-Override[\r][\n]"
12:19:52.643 [Forwarding findElement on session 18063075-812d-4a4c-a6cd-30fbf03bc7bd to remote] DEBUG org.apache.http.wire - http-outgoing-11 << "Content-Type: application/json; charset=utf-8[\r][\n]"
12:19:52.643 [Forwarding findElement on session 18063075-812d-4a4c-a6cd-30fbf03bc7bd to remote] DEBUG org.apache.http.wire - http-outgoing-11 << "Content-Length: 122[\r][\n]"
12:19:52.643 [Forwarding findElement on session 18063075-812d-4a4c-a6cd-30fbf03bc7bd to remote] DEBUG org.apache.http.wire - http-outgoing-11 << "ETag: W/"7a-pxYXiwYtFd794s9TRiiVdx+dsrY"[\r][\n]"
12:19:52.643 [Forwarding findElement on session 18063075-812d-4a4c-a6cd-30fbf03bc7bd to remote] DEBUG org.apache.http.wire - http-outgoing-11 << "Date: Fri, 23 Aug 2019 06:49:52 GMT[\r][\n]"
12:19:52.643 [Forwarding findElement on session 18063075-812d-4a4c-a6cd-30fbf03bc7bd to remote] DEBUG org.apache.http.wire - http-outgoing-11 << "Connection: keep-alive[\r][\n]"
12:19:52.643 [Forwarding findElement on session 18063075-812d-4a4c-a6cd-30fbf03bc7bd to remote] DEBUG org.apache.http.wire - http-outgoing-11 << "[\r][\n]"
12:19:52.643 [Forwarding findElement on session 18063075-812d-4a4c-a6cd-30fbf03bc7bd to remote] DEBUG org.apache.http.wire - http-outgoing-11 << "{"status":0,"value":{"ELEMENT":"2D000000-0000-0000-B619-000000000000"},"sessionId":"18063075-812d-4a4c-a6cd-30fbf03bc7bd"}"
12:19:52.643 [Forwarding findElement on session 18063075-812d-4a4c-a6cd-30fbf03bc7bd to remote] DEBUG org.apache.http.headers - http-outgoing-11 << HTTP/1.1 200 OK
&amp#27;[35m[HTTP]&amp#27;[39m &amp#27;[37m<-- POST /wd/hub/session/18063075-812d-4a12:19:52.643 [Forwarding findElement on session 18063075-812d-4a4c-a6cd-30fbf03bc7bd to remote] DEBUG org.apache.http.headers - http-outgoing-11 << X-Powered-By: Express
412:19:52.644 [Forwarding findElement on session 18063075-812d-4a4c-a6cd-30fbf03bc7bd to remote] DEBUG org.apache.http.headers - http-outgoing-11 << Access-Control-Allow-Origin: *
12:19:52.644 [Forwarding findElement on session 18063075-812d-4a4c-a6cd-30fbf03bc7bd to remote] DEBUG org.apache.http.headers - http-outgoing-11 << Access-Control-Allow-Methods: GET,POST,PUT,OPTIONS,DELETE
c-a6cd-30fbf03bc7bd/elem12:19:52.644 [Forwarding findElement on session 18063075-812d-4a4c-a6cd-30fbf03bc7bd to remote] DEBUG org.apache.http.headers - http-outgoing-11 << Access-Control-Allow-Headers: origin, content-type, accept
12:19:52.644 [Forwarding findElement on session 18063075-812d-4a4c-a6cd-30fbf03bc7bd to remote] DEBUG org.apache.http.headers - http-outgoing-11 << Vary: X-HTTP-Method-Override
12:19:52.644 [Forwarding findElement on session 18063075-812d-4a4c-a6cd-30fbf03bc7bd to remote] DEBUG org.apache.http.headers - http-outgoing-11 << Content-Type: application/json; charset=utf-8
12:19:52.644 [Forwarding findElement on session 18063075-812d-4a4c-a6cd-30fbf03bc7bd to remote] DEBUG org.apache.http.headers - http-outgoing-11 << Content-Length: 122
ent &amp#27;[39m&amp#27;[32m200&amp#27;[39m &amp#27;[90m489 ms - 122&amp#27;[39m
12:19:52.644 [Forwarding findElement on session 18063075-812d-4a4c-a6cd-30fbf03bc7bd to remote] DEBUG org.apache.http.headers - http-outgoing-11 << ETag: W/"7a-pxYXiwYtFd794s9TRiiVdx+dsrY"
12:19:52.644 [Forwarding findElement on session 18063075-812d-4a4c-a6cd-30fbf03bc7bd to remote] DEBUG org.apache.http.headers - http-outgoing-11 << Date: Fri, 23 Aug 2019 06:49:52 GMT
12:19:52.644 [Forwarding findElement on session 18063075-812d-4a4c-a6cd-30fbf03bc7bd to remote] DEBUG org.apache.http.headers - http-outgoing-11 << Connection: keep-alive
&amp#27;[35m[HTTP]12:19:52.644 [Forwarding findElement on session 18063075-812d-4a4c-a6cd-30fbf03bc7bd to remote] DEBUG o.a.h.impl.execchain.MainClientExec - Connection can be kept alive indefinitely
&amp#27;[39m &amp#27;[90m&amp#27;[39m
12:19:52.645 [Forwarding findElement on session 18063075-812d-4a4c-a6cd-30fbf03bc7bd to remote] DEBUG o.a.h.i.c.PoolingHttpClientConnectionManager - Connection [id: 11][route: {}->http://localhost:4723] can be kept alive indefinitely
12:19:52.645 [Forwarding findElement on session 18063075-812d-4a4c-a6cd-30fbf03bc7bd to remote] DEBUG o.a.h.i.c.PoolingHttpClientConnectionManager - Connection released: [id: 11][route: {}->http://localhost:4723][total kept alive: 1; route allocated: 1 of 2000; total allocated: 1 of 2000]
12:19:52.645 [Forwarding isElementDisplayed on session 18063075-812d-4a4c-a6cd-30fbf03bc7bd to remote] DEBUG o.a.h.c.protocol.RequestAddCookies - CookieSpec selected: default
12:19:52.645 [Forwarding isElementDisplayed on session 18063075-812d-4a4c-a6cd-30fbf03bc7bd to remote] DEBUG o.a.h.c.protocol.RequestAuthCache - Auth cache not set in the context
12:19:52.646 [Forwarding isElementDisplayed on session 18063075-812d-4a4c-a6cd-30fbf03bc7bd to remote] DEBUG o.a.h.i.c.PoolingHttpClientConnectionManager - Connection request: [route: {}->http://localhost:4723][total kept alive: 1; route allocated: 1 of 2000; total allocated: 1 of 2000]
12:19:52.646 [Forwarding isElementDisplayed on session 18063075-812d-4a4c-a6cd-30fbf03bc7bd to remote] DEBUG o.a.h.i.c.PoolingHttpClientConnectionManager - Connection leased: [id: 11][route: {}->http://localhost:4723][total kept alive: 0; route allocated: 1 of 2000; total allocated: 1 of 2000]
12:19:52.646 [Forwarding isElementDisplayed on session 18063075-812d-4a4c-a6cd-30fbf03bc7bd to remote] DEBUG o.a.h.impl.execchain.MainClientExec - Stale connection check
12:19:52.647 [Forwarding isElementDisplayed on session 18063075-812d-4a4c-a6cd-30fbf03bc7bd to remote] DEBUG org.apache.http.wire - http-outgoing-11 << "[read] I/O error: Read timed out"
12:19:52.647 [Forwarding isElementDisplayed on session 18063075-812d-4a4c-a6cd-30fbf03bc7bd to remote] DEBUG o.a.h.i.c.DefaultManagedHttpClientConnection - http-outgoing-11: set socket timeout to 10800000
12:19:52.647 [Forwarding isElementDisplayed on session 18063075-812d-4a4c-a6cd-30fbf03bc7bd to remote] DEBUG o.a.h.impl.execchain.MainClientExec - Executing request GET /wd/hub/session/18063075-812d-4a4c-a6cd-30fbf03bc7bd/element/2D000000-0000-0000-B619-000000000000/displayed HTTP/1.1
12:19:52.647 [Forwarding isElementDisplayed on session 18063075-812d-4a4c-a6cd-30fbf03bc7bd to remote] DEBUG o.a.h.impl.execchain.MainClientExec - Target auth state: UNCHALLENGED
12:19:52.647 [Forwarding isElementDisplayed on session 18063075-812d-4a4c-a6cd-30fbf03bc7bd to remote] DEBUG o.a.h.impl.execchain.MainClientExec - Proxy auth state: UNCHALLENGED
12:19:52.647 [Forwarding isElementDisplayed on session 18063075-812d-4a4c-a6cd-30fbf03bc7bd to remote] DEBUG org.apache.http.headers - http-outgoing-11 >> GET /wd/hub/session/18063075-812d-4a4c-a6cd-30fbf03bc7bd/element/2D000000-0000-0000-B619-000000000000/displayed HTTP/1.1
12:19:52.647 [Forwarding isElementDisplayed on session 18063075-812d-4a4c-a6cd-30fbf03bc7bd to remote] DEBUG org.apache.http.headers - http-outgoing-11 >> Cache-Control: no-cache
12:19:52.647 [Forwarding isElementDisplayed on session 18063075-812d-4a4c-a6cd-30fbf03bc7bd to remote] DEBUG org.apache.http.headers - http-outgoing-11 >> Host: localhost:4723
12:19:52.647 [Forwarding isElementDisplayed on session 18063075-812d-4a4c-a6cd-30fbf03bc7bd to remote] DEBUG org.apache.http.headers - http-outgoing-11 >> Connection: Keep-Alive
12:19:52.647 [Forwarding isElementDisplayed on session 18063075-812d-4a4c-a6cd-30fbf03bc7bd to remote] DEBUG org.apache.http.headers - http-outgoing-11 >> User-Agent: Apache-HttpClient/4.5.2 (Java/1.8.0_171)
12:19:52.647 [Forwarding isElementDisplayed on session 18063075-812d-4a4c-a6cd-30fbf03bc7bd to remote] DEBUG org.apache.http.headers - http-outgoing-11 >> Accept-Encoding: gzip,deflate
12:19:52.647 [Forwarding isElementDisplayed on session 18063075-812d-4a4c-a6cd-30fbf03bc7bd to remote] DEBUG org.apache.http.wire - http-outgoing-11 >> "GET /wd/hub/session/18063075-812d-4a4c-a6cd-30fbf03bc7bd/element/2D000000-0000-0000-B619-000000000000/displayed HTTP/1.1[\r][\n]"
12:19:52.647 [Forwarding isElementDisplayed on session 18063075-812d-4a4c-a6cd-30fbf03bc7bd to remote] DEBUG org.apache.http.wire - http-outgoing-11 >> "Cache-Control: no-cache[\r][\n]"
12:19:52.647 [Forwarding isElementDisplayed on session 18063075-812d-4a4c-a6cd-30fbf03bc7bd to remote] DEBUG org.apache.http.wire - http-outgoing-11 >> "Host: localhost:4723[\r][\n]"
12:19:52.647 [Forwarding isElementDisplayed on session 18063075-812d-4a4c-a6cd-30fbf03bc7bd to remote] DEBUG org.apache.http.wire - http-outgoing-11 >> "Connection: Keep-Alive[\r][\n]"
12:19:52.647 [Forwarding isElementDisplayed on session 18063075-812d-4a4c-a6cd-30fbf03bc7bd to remote] DEBUG org.apache.http.wire - http-outgoing-11 >> "User-Agent: Apache-HttpClient/4.5.2 (Java/1.8.0_171)[\r][\n]"
12:19:52.647 [Forwarding isElementDisplayed on session 18063075-812d-4a4c-a6cd-30fbf03bc7bd to remote] DEBUG org.apache.http.wire - http-outgoing-11 >> "Accept-Encoding: gzip,deflate[\r][\n]"
12:19:52.647 [Forwarding isElementDisplayed on session 18063075-812d-4a4c-a6cd-30fbf03bc7bd to remote] DEBUG org.apache.http.wire - http-outgoing-11 >> "[\r][\n]"
&amp#27;[35m[HTTP]&amp#27;[39m &amp#27;[37m-->&amp#27;[39m &amp#27;[37mGET&amp#27;[39m &amp#27;[37m/wd/hub/session/18063075-812d-4a4c-a6cd-30fbf03bc7bd/element/2D000000-0000-0000-B619-000000000000/displayed&amp#27;[39m
&amp#27;[35m[HTTP]&amp#27;[39m &amp#27;[90m{}&amp#27;[39m
&amp#27;[35m[MJSONWP]&amp#27;[39m Driver proxy active, passing request on via HTTP proxy
&amp#27;[35m[JSONWP Proxy]&amp#27;[39m Replacing sessionId 2E21A88C-012:19:53.025 [Forwarding isElementDisplayed on session 18063075-812d-4a4c-a6cd-30fbf03bc7bd to remote] DEBUG org.apache.http.wire - http-outgoing-11 << "HTTP/1.1 200 OK[\r][\n]"
D12:19:53.025 [Forwarding isElementDisplayed on session 18063075-812d-4a4c-a6cd-30fbf03bc7bd to remote] DEBUG org.apache.http.wire - http-outgoing-11 << "X-Powered-By: Express[\r][\n]"
12:19:53.025 [Forwarding isElementDisplayed on session 18063075-812d-4a4c-a6cd-30fbf03bc7bd to remote] DEBUG org.apache.http.wire - http-outgoing-11 << "Access-Control-Allow-Origin: *[\r][\n]"
02-488A-85F6-12:19:53.025 [Forwarding isElementDisplayed on session 18063075-812d-4a4c-a6cd-30fbf03bc7bd to remote] DEBUG org.apache.http.wire - http-outgoing-11 << "Access-Control-Allow-Methods: GET,POST,PUT,OPTIONS,DELETE[\r][\n]"
12:19:53.025 [Forwarding isElementDisplayed on session 18063075-812d-4a4c-a6cd-30fbf03bc7bd to remote] DEBUG org.apache.http.wire - http-outgoing-11 << "Access-Control-Allow-Headers: origin, content-type, accept[\r][\n]"
3645F1B6103A with 18063075-812d-4a4c-a6cd-3012:19:53.025 [Forwarding isElementDisplayed on session 18063075-812d-4a4c-a6cd-30fbf03bc7bd to remote] DEBUG org.apache.http.wire - http-outgoing-11 << "Content-Type: application/json; charset=utf-8[\r][\n]"
fbf03bc7bd
12:19:53.025 [Forwarding isElementDisplayed on session 18063075-812d-4a4c-a6cd-30fbf03bc7bd to remote] DEBUG org.apache.http.wire - http-outgoing-11 << "Content-Length: 76[\r][\n]"
&amp#27;[35m[HTTP]&amp#27;[39m &amp#27;[37m<-- GET /wd/hub/session/18063075-812d-4a4c-a6cd-30fbf03bc7bd/element/2D0012:19:53.026 [Forwarding isElementDisplayed on session 18063075-812d-4a4c-a6cd-30fbf03bc7bd to remote] DEBUG org.apache.http.wire - http-outgoing-11 << "ETag: W/"4c-Y7k244UeXncxktz3h+rJR8RJids"[\r][\n]"
12:19:53.026 [Forwarding isElementDisplayed on session 18063075-812d-4a4c-a6cd-30fbf03bc7bd to remote] DEBUG org.apache.http.wire - http-outgoing-11 << "Date: Fri, 23 Aug 2019 06:49:53 GMT[\r][\n]"
0000-0000-12:19:53.026 [Forwarding isElementDisplayed on session 18063075-812d-4a4c-a6cd-30fbf03bc7bd to remote] DEBUG org.apache.http.wire - http-outgoing-11 << "Connection: keep-alive[\r][\n]"
12:19:53.026 [Forwarding isElementDisplayed on session 18063075-812d-4a4c-a6cd-30fbf03bc7bd to remote] DEBUG org.apache.http.wire - http-outgoing-11 << "[\r][\n]"
0000-B619-0000012:19:53.026 [Forwarding isElementDisplayed on session 18063075-812d-4a4c-a6cd-30fbf03bc7bd to remote] DEBUG org.apache.http.wire - http-outgoing-11 << "{"value":true,"sessionId":"18063075-812d-4a4c-a6cd-30fbf03bc7bd","status":0}"
0000000/disp12:19:53.026 [Forwarding isElementDisplayed on session 18063075-812d-4a4c-a6cd-30fbf03bc7bd to remote] DEBUG org.apache.http.headers - http-outgoing-11 << HTTP/1.1 200 OK
l12:19:53.026 [Forwarding isElementDisplayed on session 18063075-812d-4a4c-a6cd-30fbf03bc7bd to remote] DEBUG org.apache.http.headers - http-outgoing-11 << X-Powered-By: Express
ayed &amp#27;[39m&amp#27;[32m200&amp#27;[39m &amp#27;[90m377 ms - 76&amp#27;[12:19:53.027 [Forwarding isElementDisplayed on session 18063075-812d-4a4c-a6cd-30fbf03bc7bd to remote] DEBUG org.apache.http.headers - http-outgoing-11 << Access-Control-Allow-Origin: *
12:19:53.027 [Forwarding isElementDisplayed on session 18063075-812d-4a4c-a6cd-30fbf03bc7bd to remote] DEBUG org.apache.http.headers - http-outgoing-11 << Access-Control-Allow-Methods: GET,POST,PUT,OPTIONS,DELETE
12:19:53.027 [Forwarding isElementDisplayed on session 18063075-812d-4a4c-a6cd-30fbf03bc7bd to remote] DEBUG org.apache.http.headers - http-outgoing-11 << Access-Control-Allow-Headers: origin, content-type, accept
12:19:53.027 [Forwarding isElementDisplayed on session 18063075-812d-4a4c-a6cd-30fbf03bc7bd to remote] DEBUG org.apache.http.headers - http-outgoing-11 << Content-Type: application/json; charset=utf-8
12:19:53.027 [Forwarding isElementDisplayed on session 18063075-812d-4a4c-a6cd-30fbf03bc7bd to remote] DEBUG org.apache.http.headers - http-outgoing-11 << Content-Length: 76
12:19:53.027 [Forwarding isElementDisplayed on session 18063075-812d-4a4c-a6cd-30fbf03bc7bd to remote] DEBUG org.apache.http.headers - http-outgoing-11 << ETag: W/"4c-Y7k244UeXncxktz3h+rJR8RJids"
12:19:53.027 [Forwarding isElementDisplayed on session 18063075-812d-4a4c-a6cd-30fbf03bc7bd to remote] DEBUG org.apache.http.headers - http-outgoing-11 << Date: Fri, 23 Aug 2019 06:49:53 GMT
12:19:53.027 [Forwarding isElementDisplayed on session 18063075-812d-4a4c-a6cd-30fbf03bc7bd to remote] DEBUG org.apache.http.headers - http-outgoing-11 << Connection: keep-alive
39m
&amp#27;[35m[HTTP]&amp#27;[39m &amp#27;[90m&amp#27;[39m
12:19:53.027 [Forwarding isElementDisplayed on session 18063075-812d-4a4c-a6cd-30fbf03bc7bd to remote] DEBUG o.a.h.impl.execchain.MainClientExec - Connection can be kept alive indefinitely
12:19:53.027 [Forwarding isElementDisplayed on session 18063075-812d-4a4c-a6cd-30fbf03bc7bd to remote] DEBUG o.a.h.i.c.PoolingHttpClientConnectionManager - Connection [id: 11][route: {}->http://localhost:4723] can be kept alive indefinitely
12:19:53.027 [Forwarding isElementDisplayed on session 18063075-812d-4a4c-a6cd-30fbf03bc7bd to remote] DEBUG o.a.h.i.c.PoolingHttpClientConnectionManager - Connection released: [id: 11][route: {}->http://localhost:4723][total kept alive: 1; route allocated: 1 of 2000; total allocated: 1 of 2000]
12:19:53.028 [Forwarding findElement on session 18063075-812d-4a4c-a6cd-30fbf03bc7bd to remote] DEBUG o.a.h.c.protocol.RequestAddCookies - CookieSpec selected: default
12:19:53.028 [Forwarding findElement on session 18063075-812d-4a4c-a6cd-30fbf03bc7bd to remote] DEBUG o.a.h.c.protocol.RequestAuthCache - Auth cache not set in the context
12:19:53.028 [Forwarding findElement on session 18063075-812d-4a4c-a6cd-30fbf03bc7bd to remote] DEBUG o.a.h.i.c.PoolingHttpClientConnectionManager - Connection request: [route: {}->http://localhost:4723][total kept alive: 1; route allocated: 1 of 2000; total allocated: 1 of 2000]
12:19:53.028 [Forwarding findElement on session 18063075-812d-4a4c-a6cd-30fbf03bc7bd to remote] DEBUG o.a.h.i.c.PoolingHttpClientConnectionManager - Connection leased: [id: 11][route: {}->http://localhost:4723][total kept alive: 0; route allocated: 1 of 2000; total allocated: 1 of 2000]
12:19:53.028 [Forwarding findElement on session 18063075-812d-4a4c-a6cd-30fbf03bc7bd to remote] DEBUG o.a.h.impl.execchain.MainClientExec - Stale connection check
12:19:53.029 [Forwarding findElement on session 18063075-812d-4a4c-a6cd-30fbf03bc7bd to remote] DEBUG org.apache.http.wire - http-outgoing-11 << "[read] I/O error: Read timed out"
12:19:53.029 [Forwarding findElement on session 18063075-812d-4a4c-a6cd-30fbf03bc7bd to remote] DEBUG o.a.h.i.c.DefaultManagedHttpClientConnection - http-outgoing-11: set socket timeout to 10800000
12:19:53.029 [Forwarding findElement on session 18063075-812d-4a4c-a6cd-30fbf03bc7bd to remote] DEBUG o.a.h.impl.execchain.MainClientExec - Executing request POST /wd/hub/session/18063075-812d-4a4c-a6cd-30fbf03bc7bd/element HTTP/1.1
12:19:53.029 [Forwarding findElement on session 18063075-812d-4a4c-a6cd-30fbf03bc7bd to remote] DEBUG o.a.h.impl.execchain.MainClientExec - Target auth state: UNCHALLENGED
12:19:53.029 [Forwarding findElement on session 18063075-812d-4a4c-a6cd-30fbf03bc7bd to remote] DEBUG o.a.h.impl.execchain.MainClientExec - Proxy auth state: UNCHALLENGED
12:19:53.029 [Forwarding findElement on session 18063075-812d-4a4c-a6cd-30fbf03bc7bd to remote] DEBUG org.apache.http.headers - http-outgoing-11 >> POST /wd/hub/session/18063075-812d-4a4c-a6cd-30fbf03bc7bd/element HTTP/1.1
12:19:53.029 [Forwarding findElement on session 18063075-812d-4a4c-a6cd-30fbf03bc7bd to remote] DEBUG org.apache.http.headers - http-outgoing-11 >> Content-Type: application/json; charset=utf-8
12:19:53.029 [Forwarding findElement on session 18063075-812d-4a4c-a6cd-30fbf03bc7bd to remote] DEBUG org.apache.http.headers - http-outgoing-11 >> Content-Length: 32
12:19:53.029 [Forwarding findElement on session 18063075-812d-4a4c-a6cd-30fbf03bc7bd to remote] DEBUG org.apache.http.headers - http-outgoing-11 >> Host: localhost:4723
12:19:53.029 [Forwarding findElement on session 18063075-812d-4a4c-a6cd-30fbf03bc7bd to remote] DEBUG org.apache.http.headers - http-outgoing-11 >> Connection: Keep-Alive
12:19:53.029 [Forwarding findElement on session 18063075-812d-4a4c-a6cd-30fbf03bc7bd to remote] DEBUG org.apache.http.headers - http-outgoing-11 >> User-Agent: Apache-HttpClient/4.5.2 (Java/1.8.0_171)
12:19:53.030 [Forwarding findElement on session 18063075-812d-4a4c-a6cd-30fbf03bc7bd to remote] DEBUG org.apache.http.headers - http-outgoing-11 >> Accept-Encoding: gzip,deflate
12:19:53.030 [Forwarding findElement on session 18063075-812d-4a4c-a6cd-30fbf03bc7bd to remote] DEBUG org.apache.http.wire - http-outgoing-11 >> "POST /wd/hub/session/18063075-812d-4a4c-a6cd-30fbf03bc7bd/element HTTP/1.1[\r][\n]"
12:19:53.030 [Forwarding findElement on session 18063075-812d-4a4c-a6cd-30fbf03bc7bd to remote] DEBUG org.apache.http.wire - http-outgoing-11 >> "Content-Type: application/json; charset=utf-8[\r][\n]"
12:19:53.030 [Forwarding findElement on session 18063075-812d-4a4c-a6cd-30fbf03bc7bd to remote] DEBUG org.apache.http.wire - http-outgoing-11 >> "Content-Length: 32[\r][\n]"
12:19:53.030 [Forwarding findElement on session 18063075-812d-4a4c-a6cd-30fbf03bc7bd to remote] DEBUG org.apache.http.wire - http-outgoing-11 >> "Host: localhost:4723[\r][\n]"
12:19:53.030 [Forwarding findElement on session 18063075-812d-4a4c-a6cd-30fbf03bc7bd to remote] DEBUG org.apache.http.wire - http-outgoing-11 >> "Connection: Keep-Alive[\r][\n]"
12:19:53.030 [Forwarding findElement on session 18063075-812d-4a4c-a6cd-30fbf03bc7bd to remote] DEBUG org.apache.http.wire - http-outgoing-11 >> "User-Agent: Apache-HttpClient/4.5.2 (Java/1.8.0_171)[\r][\n]"
12:19:53.030 [Forwarding findElement on session 18063075-812d-4a4c-a6cd-30fbf03bc7bd to remote] DEBUG org.apache.http.wire - http-outgoing-11 >> "Accept-Encoding: gzip,deflate[\r][\n]"
12:19:53.030 [Forwarding findElement on session 18063075-812d-4a4c-a6cd-30fbf03bc7bd to remote] DEBUG org.apache.http.wire - http-outgoing-11 >> "[\r][\n]"
12:19:53.030 [Forwarding findElement on session 18063075-812d-4a4c-a6cd-30fbf03bc7bd to remote] DEBUG org.apache.http.wire - http-outgoing-11 >> "{"using":"id","value":"icon me"}"
&amp#27;[35m[HTTP]&amp#27;[39m &amp#27;[37m-->&amp#27;[39m &amp#27;[37mPOST&amp#27;[39m &amp#27;[37m/wd/hub/session/18063075-812d-4a4c-a6cd-30fbf03bc7bd/element&amp#27;[39m
&amp#27;[35m[HTTP]&amp#27;[39m &amp#27;[90m{"using":"id","value":"icon me"}&amp#27;[39m
12:19:53.519 [Forwarding findElement on session 18063075-812d-4a4c-a6cd-30fbf03bc7bd to remote] DEBUG org.apache.http.wire - http-outgoing-11 << "HTTP/1.1 200 OK[\r][\n]"
12:19:53.519 [Forwarding findElement on session 18063075-812d-4a4c-a6cd-30fbf03bc7bd to remote] DEBUG org.apache.http.wire - http-outgoing-11 << "X-Powered-By: Express[\r][\n]"
12:19:53.519 [Forwarding findElement on session 18063075-812d-4a4c-a6cd-30fbf03bc7bd to remote] DEBUG org.apache.http.wire - http-outgoing-11 << "Access-Control-Allow-Origin: *[\r][\n]"
12:19:53.519 [Forwarding findElement on session 18063075-812d-4a4c-a6cd-30fbf03bc7bd to remote] DEBUG org.apache.http.wire - http-outgoing-11 << "Access-Control-Allow-Methods: GET,POST,PUT,OPTIONS,DELETE[\r][\n]"
12:19:53.519 [Forwarding findElement on session 18063075-812d-4a4c-a6cd-30fbf03bc7bd to remote] DEBUG org.apache.http.wire - http-outgoing-11 << "Access-Control-Allow-Headers: origin, content-type, accept[\r][\n]"
12:19:53.519 [Forwarding findElement on session 18063075-812d-4a4c-a6cd-30fbf03bc7bd to remote] DEBUG org.apache.http.wire - http-outgoing-11 << "Vary: X-HTTP-Method-Override[\r][\n]"
12:19:53.519 [Forwarding findElement on session 18063075-812d-4a4c-a6cd-30fbf03bc7bd to remote] DEBUG org.apache.http.wire - http-outgoing-11 << "Content-Type: application/json; charset=utf-8[\r][\n]"
12:19:53.519 [Forwarding findElement on session 18063075-812d-4a4c-a6cd-30fbf03bc7bd to remote] DEBUG org.apache.http.wire - http-outgoing-11 << "Content-Length: 122[\r][\n]"
12:19:53.519 [Forwarding findElement on session 18063075-812d-4a4c-a6cd-30fbf03bc7bd to remote] DEBUG org.apache.http.wire - http-outgoing-11 << "ETag: W/"7a-pxYXiwYtFd794s9TRiiVdx+dsrY"[\r][\n]"
12:19:53.519 [Forwarding findElement on session 18063075-812d-4a4c-a6cd-30fbf03bc7bd to remote] DEBUG org.apache.http.wire - http-outgoing-11 << "Date: Fri, 23 Aug 2019 06:49:53 GMT[\r][\n]"
12:19:53.519 [Forwarding findElement on session 18063075-812d-4a4c-a6cd-30fbf03bc7bd to remote] DEBUG org.apache.http.wire - http-outgoing-11 << "Connection: keep-alive[\r][\n]"
12:19:53.519 [Forwarding findElement on session 18063075-812d-4a4c-a6cd-30fbf03bc7bd to remote] DEBUG org.apache.http.wire - http-outgoing-11 << "[\r][\n]"
12:19:53.519 [Forwarding findElement on session 18063075-812d-4a4c-a6cd-30fbf03bc7bd to remote] DEBUG org.apache.http.wire - http-outgoing-11 << "{"status":0,"value":{"ELEMENT":"2D000000-0000-0000-B619-000000000000"},"sessionId":"18063075-812d-4a4c-a6cd-30fbf03bc7bd"}"
&amp#27;[3512:19:53.519 [Forwarding findElement on session 18063075-812d-4a4c-a6cd-30fbf03bc7bd to remote] DEBUG org.apache.http.headers - http-outgoing-11 << HTTP/1.1 200 OK
m[12:19:53.519 [Forwarding findElement on session 18063075-812d-4a4c-a6cd-30fbf03bc7bd to remote] DEBUG org.apache.http.headers - http-outgoing-11 << X-Powered-By: Express
12:19:53.519 [Forwarding findElement on session 18063075-812d-4a4c-a6cd-30fbf03bc7bd to remote] DEBUG org.apache.http.headers - http-outgoing-11 << Access-Control-Allow-Origin: *
12:19:53.519 [Forwarding findElement on session 18063075-812d-4a4c-a6cd-30fbf03bc7bd to remote] DEBUG org.apache.http.headers - http-outgoing-11 << Access-Control-Allow-Methods: GET,POST,PUT,OPTIONS,DELETE
12:19:53.519 [Forwarding findElement on session 18063075-812d-4a4c-a6cd-30fbf03bc7bd to remote] DEBUG org.apache.http.headers - http-outgoing-11 << Access-Control-Allow-Headers: origin, content-type, accept
12:19:53.519 [Forwarding findElement on session 18063075-812d-4a4c-a6cd-30fbf03bc7bd to remote] DEBUG org.apache.http.headers - http-outgoing-11 << Vary: X-HTTP-Method-Override
12:19:53.519 [Forwarding findElement on session 18063075-812d-4a4c-a6cd-30fbf03bc7bd to remote] DEBUG org.apache.http.headers - http-outgoing-11 << Content-Type: application/json; charset=utf-8
12:19:53.519 [Forwarding findElement on session 18063075-812d-4a4c-a6cd-30fbf03bc7bd to remote] DEBUG org.apache.http.headers - http-outgoing-11 << Content-Length: 122
12:19:53.519 [Forwarding findElement on session 18063075-812d-4a4c-a6cd-30fbf03bc7bd to remote] DEBUG org.apache.http.headers - http-outgoing-11 << ETag: W/"7a-pxYXiwYtFd794s9TRiiVdx+dsrY"
12:19:53.519 [Forwarding findElement on session 18063075-812d-4a4c-a6cd-30fbf03bc7bd to remote] DEBUG org.apache.http.headers - http-outgoing-11 << Date: Fri, 23 Aug 2019 06:49:53 GMT
12:19:53.519 [Forwarding findElement on session 18063075-812d-4a4c-a6cd-30fbf03bc7bd to remote] DEBUG org.apache.http.headers - http-outgoing-11 << Connection: keep-alive
HTTP]&amp#27;[39m &amp#27;[37m<-- POST /wd/hub/session/18063075-812d-4a4c-a6cd-30fbf03bc7b12:19:53.519 [Forwarding findElement on session 18063075-812d-4a4c-a6cd-30fbf03bc7bd to remote] DEBUG o.a.h.impl.execchain.MainClientExec - Connection can be kept alive indefinitely
d/element &amp#27;[39m&amp#27;[32m20012:19:53.520 [Forwarding findElement on session 18063075-812d-4a4c-a6cd-30fbf03bc7bd to remote] DEBUG o.a.h.i.c.PoolingHttpClientConnectionManager - Connection [id: 11][route: {}->http://localhost:4723] can be kept alive indefinitely
&amp#27;[39m &amp#27;[912:19:53.520 [Forwarding findElement on session 18063075-812d-4a4c-a6cd-30fbf03bc7bd to remote] DEBUG o.a.h.i.c.PoolingHttpClientConnectionManager - Connection released: [id: 11][route: {}->http://localhost:4723][total kept alive: 1; route allocated: 1 of 2000; total allocated: 1 of 2000]
0m489 ms - 122&amp#27;[39m
&amp#27;[35m[HTTP]&amp#27;[39m &amp#27;[90m&amp#27;[39m
12:19:53.521 [Forwarding isElementDisplayed on session 18063075-812d-4a4c-a6cd-30fbf03bc7bd to remote] DEBUG o.a.h.c.protocol.RequestAddCookies - CookieSpec selected: default
12:19:53.521 [Forwarding isElementDisplayed on session 18063075-812d-4a4c-a6cd-30fbf03bc7bd to remote] DEBUG o.a.h.c.protocol.RequestAuthCache - Auth cache not set in the context
12:19:53.521 [Forwarding isElementDisplayed on session 18063075-812d-4a4c-a6cd-30fbf03bc7bd to remote] DEBUG o.a.h.i.c.PoolingHttpClientConnectionManager - Connection request: [route: {}->http://localhost:4723][total kept alive: 1; route allocated: 1 of 2000; total allocated: 1 of 2000]
12:19:53.521 [Forwarding isElementDisplayed on session 18063075-812d-4a4c-a6cd-30fbf03bc7bd to remote] DEBUG o.a.h.i.c.PoolingHttpClientConnectionManager - Connection leased: [id: 11][route: {}->http://localhost:4723][total kept alive: 0; route allocated: 1 of 2000; total allocated: 1 of 2000]
12:19:53.521 [Forwarding isElementDisplayed on session 18063075-812d-4a4c-a6cd-30fbf03bc7bd to remote] DEBUG o.a.h.impl.execchain.MainClientExec - Stale connection check
12:19:53.522 [Forwarding isElementDisplayed on session 18063075-812d-4a4c-a6cd-30fbf03bc7bd to remote] DEBUG org.apache.http.wire - http-outgoing-11 << "[read] I/O error: Read timed out"
12:19:53.522 [Forwarding isElementDisplayed on session 18063075-812d-4a4c-a6cd-30fbf03bc7bd to remote] DEBUG o.a.h.i.c.DefaultManagedHttpClientConnection - http-outgoing-11: set socket timeout to 10800000
12:19:53.522 [Forwarding isElementDisplayed on session 18063075-812d-4a4c-a6cd-30fbf03bc7bd to remote] DEBUG o.a.h.impl.execchain.MainClientExec - Executing request GET /wd/hub/session/18063075-812d-4a4c-a6cd-30fbf03bc7bd/element/2D000000-0000-0000-B619-000000000000/displayed HTTP/1.1
12:19:53.522 [Forwarding isElementDisplayed on session 18063075-812d-4a4c-a6cd-30fbf03bc7bd to remote] DEBUG o.a.h.impl.execchain.MainClientExec - Target auth state: UNCHALLENGED
12:19:53.522 [Forwarding isElementDisplayed on session 18063075-812d-4a4c-a6cd-30fbf03bc7bd to remote] DEBUG o.a.h.impl.execchain.MainClientExec - Proxy auth state: UNCHALLENGED
12:19:53.522 [Forwarding isElementDisplayed on session 18063075-812d-4a4c-a6cd-30fbf03bc7bd to remote] DEBUG org.apache.http.headers - http-outgoing-11 >> GET /wd/hub/session/18063075-812d-4a4c-a6cd-30fbf03bc7bd/element/2D000000-0000-0000-B619-000000000000/displayed HTTP/1.1
12:19:53.522 [Forwarding isElementDisplayed on session 18063075-812d-4a4c-a6cd-30fbf03bc7bd to remote] DEBUG org.apache.http.headers - http-outgoing-11 >> Cache-Control: no-cache
12:19:53.522 [Forwarding isElementDisplayed on session 18063075-812d-4a4c-a6cd-30fbf03bc7bd to remote] DEBUG org.apache.http.headers - http-outgoing-11 >> Host: localhost:4723
12:19:53.522 [Forwarding isElementDisplayed on session 18063075-812d-4a4c-a6cd-30fbf03bc7bd to remote] DEBUG org.apache.http.headers - http-outgoing-11 >> Connection: Keep-Alive
12:19:53.522 [Forwarding isElementDisplayed on session 18063075-812d-4a4c-a6cd-30fbf03bc7bd to remote] DEBUG org.apache.http.headers - http-outgoing-11 >> User-Agent: Apache-HttpClient/4.5.2 (Java/1.8.0_171)
12:19:53.522 [Forwarding isElementDisplayed on session 18063075-812d-4a4c-a6cd-30fbf03bc7bd to remote] DEBUG org.apache.http.headers - http-outgoing-11 >> Accept-Encoding: gzip,deflate
12:19:53.522 [Forwarding isElementDisplayed on session 18063075-812d-4a4c-a6cd-30fbf03bc7bd to remote] DEBUG org.apache.http.wire - http-outgoing-11 >> "GET /wd/hub/session/18063075-812d-4a4c-a6cd-30fbf03bc7bd/element/2D000000-0000-0000-B619-000000000000/displayed HTTP/1.1[\r][\n]"
12:19:53.522 [Forwarding isElementDisplayed on session 18063075-812d-4a4c-a6cd-30fbf03bc7bd to remote] DEBUG org.apache.http.wire - http-outgoing-11 >> "Cache-Control: no-cache[\r][\n]"
12:19:53.522 [Forwarding isElementDisplayed on session 18063075-812d-4a4c-a6cd-30fbf03bc7bd to remote] DEBUG org.apache.http.wire - http-outgoing-11 >> "Host: localhost:4723[\r][\n]"
12:19:53.522 [Forwarding isElementDisplayed on session 18063075-812d-4a4c-a6cd-30fbf03bc7bd to remote] DEBUG org.apache.http.wire - http-outgoing-11 >> "Connection: Keep-Alive[\r][\n]"
12:19:53.522 [Forwarding isElementDisplayed on session 18063075-812d-4a4c-a6cd-30fbf03bc7bd to remote] DEBUG org.apache.http.wire - http-outgoing-11 >> "User-Agent: Apache-HttpClient/4.5.2 (Java/1.8.0_171)[\r][\n]"
12:19:53.522 [Forwarding isElementDisplayed on session 18063075-812d-4a4c-a6cd-30fbf03bc7bd to remote] DEBUG org.apache.http.wire - http-outgoing-11 >> "Accept-Encoding: gzip,deflate[\r][\n]"
12:19:53.522 [Forwarding isElementDisplayed on session 18063075-812d-4a4c-a6cd-30fbf03bc7bd to remote] DEBUG org.apache.http.wire - http-outgoing-11 >> "[\r][\n]"
&amp#27;[35m[HTTP]&amp#27;[39m &amp#27;[37m-->&amp#27;[39m &amp#27;[37mGET&amp#27;[39m &amp#27;[37m/wd/hub/session/18063075-812d-4a4c-a6cd-30fbf03bc7bd/element/2D000000-0000-0000-B619-000000000000/displayed&amp#27;[39m
&amp#27;[35m[HTTP]&amp#27;[39m &amp#27;[90m{}&amp#27;[39m
&amp#27;[35m[MJSONWP]&amp#27;[39m Driver proxy active, passing request on via HTTP proxy
&amp#27;[35m[JSONWP Proxy]&amp#27;[39m Replacing sessionId 2E21A88C-0D02-4812:19:53.902 [Forwarding isElementDisplayed on session 18063075-812d-4a4c-a6cd-30fbf03bc7bd to remote] DEBUG org.apache.http.wire - http-outgoing-11 << "HTTP/1.1 200 OK[\r][\n]"
812:19:53.902 [Forwarding isElementDisplayed on session 18063075-812d-4a4c-a6cd-30fbf03bc7bd to remote] DEBUG org.apache.http.wire - http-outgoing-11 << "X-Powered-By: Express[\r][\n]"
A-85F612:19:53.902 [Forwarding isElementDisplayed on session 18063075-812d-4a4c-a6cd-30fbf03bc7bd to remote] DEBUG org.apache.http.wire - http-outgoing-11 << "Access-Control-Allow-Origin: *[\r][\n]"
-3645F1B6103A with 180612:19:53.902 [Forwarding isElementDisplayed on session 18063075-812d-4a4c-a6cd-30fbf03bc7bd to remote] DEBUG org.apache.http.wire - http-outgoing-11 << "Access-Control-Allow-Methods: GET,POST,PUT,OPTIONS,DELETE[\r][\n]"
12:19:53.902 [Forwarding isElementDisplayed on session 18063075-812d-4a4c-a6cd-30fbf03bc7bd to remote] DEBUG org.apache.http.wire - http-outgoing-11 << "Access-Control-Allow-Headers: origin, content-type, accept[\r][\n]"
12:19:53.902 [Forwarding isElementDisplayed on session 18063075-812d-4a4c-a6cd-30fbf03bc7bd to remote] DEBUG org.apache.http.wire - http-outgoing-11 << "Content-Type: application/json; charset=utf-8[\r][\n]"
12:19:53.902 [Forwarding isElementDisplayed on session 18063075-812d-4a4c-a6cd-30fbf03bc7bd to remote] DEBUG org.apache.http.wire - http-outgoing-11 << "Content-Length: 76[\r][\n]"
12:19:53.902 [Forwarding isElementDisplayed on session 18063075-812d-4a4c-a6cd-30fbf03bc7bd to remote] DEBUG org.apache.http.wire - http-outgoing-11 << "ETag: W/"4c-Y7k244UeXncxktz3h+rJR8RJids"[\r][\n]"
12:19:53.902 [Forwarding isElementDisplayed on session 18063075-812d-4a4c-a6cd-30fbf03bc7bd to remote] DEBUG org.apache.http.wire - http-outgoing-11 << "Date: Fri, 23 Aug 2019 06:49:53 GMT[\r][\n]"
12:19:53.902 [Forwarding isElementDisplayed on session 18063075-812d-4a4c-a6cd-30fbf03bc7bd to remote] DEBUG org.apache.http.wire - http-outgoing-11 << "Connection: keep-alive[\r][\n]"
12:19:53.902 [Forwarding isElementDisplayed on session 18063075-812d-4a4c-a6cd-30fbf03bc7bd to remote] DEBUG org.apache.http.wire - http-outgoing-11 << "[\r][\n]"
3075-812d-4a4c-a6cd-30fbf03bc7bd
12:19:53.902 [Forwarding isElementDisplayed on session 18063075-812d-4a4c-a6cd-30fbf03bc7bd to remote] DEBUG org.apache.http.wire - http-outgoing-11 << "{"value":true,"sessionId":"18063075-812d-4a4c-a6cd-30fbf03bc7bd","status":0}"
&amp#27;[35m[HTTP]12:19:53.903 [Forwarding isElementDisplayed on session 18063075-812d-4a4c-a6cd-30fbf03bc7bd to remote] DEBUG org.apache.http.headers - http-outgoing-11 << HTTP/1.1 200 OK
12:19:53.903 [Forwarding isElementDisplayed on session 18063075-812d-4a4c-a6cd-30fbf03bc7bd to remote] DEBUG org.apache.http.headers - http-outgoing-11 << X-Powered-By: Express
&amp#27;[12:19:53.903 [Forwarding isElementDisplayed on session 18063075-812d-4a4c-a6cd-30fbf03bc7bd to remote] DEBUG org.apache.http.headers - http-outgoing-11 << Access-Control-Allow-Origin: *
39m &amp#27;[37m<-- GET /wd/hub/session/18063075-8112:19:53.903 [Forwarding isElementDisplayed on session 18063075-812d-4a4c-a6cd-30fbf03bc7bd to remote] DEBUG org.apache.http.headers - http-outgoing-11 << Access-Control-Allow-Methods: GET,POST,PUT,OPTIONS,DELETE
12:19:53.903 [Forwarding isElementDisplayed on session 18063075-812d-4a4c-a6cd-30fbf03bc7bd to remote] DEBUG org.apache.http.headers - http-outgoing-11 << Access-Control-Allow-Headers: origin, content-type, accept
12:19:53.903 [Forwarding isElementDisplayed on session 18063075-812d-4a4c-a6cd-30fbf03bc7bd to remote] DEBUG org.apache.http.headers - http-outgoing-11 << Content-Type: application/json; charset=utf-8
12:19:53.903 [Forwarding isElementDisplayed on session 18063075-812d-4a4c-a6cd-30fbf03bc7bd to remote] DEBUG org.apache.http.headers - http-outgoing-11 << Content-Length: 76
12:19:53.903 [Forwarding isElementDisplayed on session 18063075-812d-4a4c-a6cd-30fbf03bc7bd to remote] DEBUG org.apache.http.headers - http-outgoing-11 << ETag: W/"4c-Y7k244UeXncxktz3h+rJR8RJids"
12:19:53.903 [Forwarding isElementDisplayed on session 18063075-812d-4a4c-a6cd-30fbf03bc7bd to remote] DEBUG org.apache.http.headers - http-outgoing-11 << Date: Fri, 23 Aug 2019 06:49:53 GMT
12:19:53.903 [Forwarding isElementDisplayed on session 18063075-812d-4a4c-a6cd-30fbf03bc7bd to remote] DEBUG org.apache.http.headers - http-outgoing-11 << Connection: keep-alive
2d-4a4c-a6cd-30fbf03bc7bd/element/2D000000-00012:19:53.903 [Forwarding isElementDisplayed on session 18063075-812d-4a4c-a6cd-30fbf03bc7bd to remote] DEBUG o.a.h.impl.execchain.MainClientExec - Connection can be kept alive indefinitely
0-0000-B619-000000000000/12:19:53.904 [Forwarding isElementDisplayed on session 18063075-812d-4a4c-a6cd-30fbf03bc7bd to remote] DEBUG o.a.h.i.c.PoolingHttpClientConnectionManager - Connection [id: 11][route: {}->http://localhost:4723] can be kept alive indefinitely
displayed &amp#27;[39m&amp#27;[312:19:53.904 [Forwarding isElementDisplayed on session 18063075-812d-4a4c-a6cd-30fbf03bc7bd to remote] DEBUG o.a.h.i.c.PoolingHttpClientConnectionManager - Connection released: [id: 11][route: {}->http://localhost:4723][total kept alive: 1; route allocated: 1 of 2000; total allocated: 1 of 2000]
2m200&amp#27;[39m &amp#27;[90m377 ms - 76&amp#27;[39m
&amp#27;[35m[HTTP]&amp#27;[39m &amp#27;[90m&amp#27;[39m
12:19:53.904 [Forwarding findElement on session 18063075-812d-4a4c-a6cd-30fbf03bc7bd to remote] DEBUG o.a.h.c.protocol.RequestAddCookies - CookieSpec selected: default
12:19:53.904 [Forwarding findElement on session 18063075-812d-4a4c-a6cd-30fbf03bc7bd to remote] DEBUG o.a.h.c.protocol.RequestAuthCache - Auth cache not set in the context
12:19:53.904 [Forwarding findElement on session 18063075-812d-4a4c-a6cd-30fbf03bc7bd to remote] DEBUG o.a.h.i.c.PoolingHttpClientConnectionManager - Connection request: [route: {}->http://localhost:4723][total kept alive: 1; route allocated: 1 of 2000; total allocated: 1 of 2000]
12:19:53.904 [Forwarding findElement on session 18063075-812d-4a4c-a6cd-30fbf03bc7bd to remote] DEBUG o.a.h.i.c.PoolingHttpClientConnectionManager - Connection leased: [id: 11][route: {}->http://localhost:4723][total kept alive: 0; route allocated: 1 of 2000; total allocated: 1 of 2000]
12:19:53.904 [Forwarding findElement on session 18063075-812d-4a4c-a6cd-30fbf03bc7bd to remote] DEBUG o.a.h.impl.execchain.MainClientExec - Stale connection check
12:19:53.906 [Forwarding findElement on session 18063075-812d-4a4c-a6cd-30fbf03bc7bd to remote] DEBUG org.apache.http.wire - http-outgoing-11 << "[read] I/O error: Read timed out"
12:19:53.906 [Forwarding findElement on session 18063075-812d-4a4c-a6cd-30fbf03bc7bd to remote] DEBUG o.a.h.i.c.DefaultManagedHttpClientConnection - http-outgoing-11: set socket timeout to 10800000
12:19:53.906 [Forwarding findElement on session 18063075-812d-4a4c-a6cd-30fbf03bc7bd to remote] DEBUG o.a.h.impl.execchain.MainClientExec - Executing request POST /wd/hub/session/18063075-812d-4a4c-a6cd-30fbf03bc7bd/element HTTP/1.1
12:19:53.906 [Forwarding findElement on session 18063075-812d-4a4c-a6cd-30fbf03bc7bd to remote] DEBUG o.a.h.impl.execchain.MainClientExec - Target auth state: UNCHALLENGED
12:19:53.906 [Forwarding findElement on session 18063075-812d-4a4c-a6cd-30fbf03bc7bd to remote] DEBUG o.a.h.impl.execchain.MainClientExec - Proxy auth state: UNCHALLENGED
12:19:53.906 [Forwarding findElement on session 18063075-812d-4a4c-a6cd-30fbf03bc7bd to remote] DEBUG org.apache.http.headers - http-outgoing-11 >> POST /wd/hub/session/18063075-812d-4a4c-a6cd-30fbf03bc7bd/element HTTP/1.1
12:19:53.906 [Forwarding findElement on session 18063075-812d-4a4c-a6cd-30fbf03bc7bd to remote] DEBUG org.apache.http.headers - http-outgoing-11 >> Content-Type: application/json; charset=utf-8
12:19:53.906 [Forwarding findElement on session 18063075-812d-4a4c-a6cd-30fbf03bc7bd to remote] DEBUG org.apache.http.headers - http-outgoing-11 >> Content-Length: 32
12:19:53.906 [Forwarding findElement on session 18063075-812d-4a4c-a6cd-30fbf03bc7bd to remote] DEBUG org.apache.http.headers - http-outgoing-11 >> Host: localhost:4723
12:19:53.906 [Forwarding findElement on session 18063075-812d-4a4c-a6cd-30fbf03bc7bd to remote] DEBUG org.apache.http.headers - http-outgoing-11 >> Connection: Keep-Alive
12:19:53.906 [Forwarding findElement on session 18063075-812d-4a4c-a6cd-30fbf03bc7bd to remote] DEBUG org.apache.http.headers - http-outgoing-11 >> User-Agent: Apache-HttpClient/4.5.2 (Java/1.8.0_171)
12:19:53.906 [Forwarding findElement on session 18063075-812d-4a4c-a6cd-30fbf03bc7bd to remote] DEBUG org.apache.http.headers - http-outgoing-11 >> Accept-Encoding: gzip,deflate
12:19:53.906 [Forwarding findElement on session 18063075-812d-4a4c-a6cd-30fbf03bc7bd to remote] DEBUG org.apache.http.wire - http-outgoing-11 >> "POST /wd/hub/session/18063075-812d-4a4c-a6cd-30fbf03bc7bd/element HTTP/1.1[\r][\n]"
12:19:53.906 [Forwarding findElement on session 18063075-812d-4a4c-a6cd-30fbf03bc7bd to remote] DEBUG org.apache.http.wire - http-outgoing-11 >> "Content-Type: application/json; charset=utf-8[\r][\n]"
12:19:53.906 [Forwarding findElement on session 18063075-812d-4a4c-a6cd-30fbf03bc7bd to remote] DEBUG org.apache.http.wire - http-outgoing-11 >> "Content-Length: 32[\r][\n]"
12:19:53.906 [Forwarding findElement on session 18063075-812d-4a4c-a6cd-30fbf03bc7bd to remote] DEBUG org.apache.http.wire - http-outgoing-11 >> "Host: localhost:4723[\r][\n]"
12:19:53.906 [Forwarding findElement on session 18063075-812d-4a4c-a6cd-30fbf03bc7bd to remote] DEBUG org.apache.http.wire - http-outgoing-11 >> "Connection: Keep-Alive[\r][\n]"
12:19:53.906 [Forwarding findElement on session 18063075-812d-4a4c-a6cd-30fbf03bc7bd to remote] DEBUG org.apache.http.wire - http-outgoing-11 >> "User-Agent: Apache-HttpClient/4.5.2 (Java/1.8.0_171)[\r][\n]"
12:19:53.906 [Forwarding findElement on session 18063075-812d-4a4c-a6cd-30fbf03bc7bd to remote] DEBUG org.apache.http.wire - http-outgoing-11 >> "Accept-Encoding: gzip,deflate[\r][\n]"
12:19:53.906 [Forwarding findElement on session 18063075-812d-4a4c-a6cd-30fbf03bc7bd to remote] DEBUG org.apache.http.wire - http-outgoing-11 >> "[\r][\n]"
12:19:53.906 [Forwarding findElement on session 18063075-812d-4a4c-a6cd-30fbf03bc7bd to remote] DEBUG org.apache.http.wire - http-outgoing-11 >> "{"using":"id","value":"icon me"}"
&amp#27;[35m[HTTP]&amp#27;[39m &amp#27;[37m-->&amp#27;[39m &amp#27;[37mPOST&amp#27;[39m &amp#27;[37m/wd/hub/session/18063075-812d-4a4c-a6cd-30fbf03bc7bd/element&amp#27;[39m
&amp#27;[35m[HTTP]&amp#27;[39m &amp#27;[90m{"using":"id","value":"icon me"}&amp#27;[39m
12:19:54.393 [Forwarding findElement on session 18063075-812d-4a4c-a6cd-30fbf03bc7bd to remote] DEBUG org.apache.http.wire - http-outgoing-11 << "HTTP/1.1 200 OK[\r][\n]"
12:19:54.393 [Forwarding findElement on session 18063075-812d-4a4c-a6cd-30fbf03bc7bd to remote] DEBUG org.apache.http.wire - http-outgoing-11 << "X-Powered-By: Express[\r][\n]"
12:19:54.393 [Forwarding findElement on session 18063075-812d-4a4c-a6cd-30fbf03bc7bd to remote] DEBUG org.apache.http.wire - http-outgoing-11 << "Access-Control-Allow-Origin: *[\r][\n]"
12:19:54.393 [Forwarding findElement on session 18063075-812d-4a4c-a6cd-30fbf03bc7bd to remote] DEBUG org.apache.http.wire - http-outgoing-11 << "Access-Control-Allow-Methods: GET,POST,PUT,OPTIONS,DELETE[\r][\n]"
12:19:54.393 [Forwarding findElement on session 18063075-812d-4a4c-a6cd-30fbf03bc7bd to remote] DEBUG org.apache.http.wire - http-outgoing-11 << "Access-Control-Allow-Headers: origin, content-type, accept[\r][\n]"
12:19:54.393 [Forwarding findElement on session 18063075-812d-4a4c-a6cd-30fbf03bc7bd to remote] DEBUG org.apache.http.wire - http-outgoing-11 << "Vary: X-HTTP-Method-Override[\r][\n]"
12:19:54.393 [Forwarding findElement on session 18063075-812d-4a4c-a6cd-30fbf03bc7bd to remote] DEBUG org.apache.http.wire - http-outgoing-11 << "Content-Type: application/json; charset=utf-8[\r][\n]"
12:19:54.393 [Forwarding findElement on session 18063075-812d-4a4c-a6cd-30fbf03bc7bd to remote] DEBUG org.apache.http.wire - http-outgoing-11 << "Content-Length: 122[\r][\n]"
12:19:54.393 [Forwarding findElement on session 18063075-812d-4a4c-a6cd-30fbf03bc7bd to remote] DEBUG org.apache.http.wire - http-outgoing-11 << "ETag: W/"7a-pxYXiwYtFd794s9TRiiVdx+dsrY"[\r][\n]"
12:19:54.393 [Forwarding findElement on session 18063075-812d-4a4c-a6cd-30fbf03bc7bd to remote] DEBUG org.apache.http.wire - http-outgoing-11 << "Date: Fri, 23 Aug 2019 06:49:54 GMT[\r][\n]"
12:19:54.393 [Forwarding findElement on session 18063075-812d-4a4c-a6cd-30fbf03bc7bd to remote] DEBUG org.apache.http.wire - http-outgoing-11 << "Connection: keep-alive[\r][\n]"
12:19:54.393 [Forwarding findElement on session 18063075-812d-4a4c-a6cd-30fbf03bc7bd to remote] DEBUG org.apache.http.wire - http-outgoing-11 << "[\r][\n]"
12:19:54.393 [Forwarding findElement on session 18063075-812d-4a4c-a6cd-30fbf03bc7bd to remote] DEBUG org.apache.http.wire - http-outgoing-11 << "{"status":0,"value":{"ELEMENT":"2D000000-0000-0000-B619-000000000000"},"sessionId":"18063075-812d-4a4c-a6cd-30fbf03bc7bd"}"
&amp#27;[35m[HTTP]&amp#27;[39m &amp#27;[37m<-- POST /wd/hub/session/1806307512:19:54.394 [Forwarding findElement on session 18063075-812d-4a4c-a6cd-30fbf03bc7bd to remote] DEBUG org.apache.http.headers - http-outgoing-11 << HTTP/1.1 200 OK
-812d-4a4c-a6cd-30fbf03b12:19:54.394 [Forwarding findElement on session 18063075-812d-4a4c-a6cd-30fbf03bc7bd to remote] DEBUG org.apache.http.headers - http-outgoing-11 << X-Powered-By: Express
12:19:54.394 [Forwarding findElement on session 18063075-812d-4a4c-a6cd-30fbf03bc7bd to remote] DEBUG org.apache.http.headers - http-outgoing-11 << Access-Control-Allow-Origin: *
c7b12:19:54.394 [Forwarding findElement on session 18063075-812d-4a4c-a6cd-30fbf03bc7bd to remote] DEBUG org.apache.http.headers - http-outgoing-11 << Access-Control-Allow-Methods: GET,POST,PUT,OPTIONS,DELETE
d/12:19:54.394 [Forwarding findElement on session 18063075-812d-4a4c-a6cd-30fbf03bc7bd to remote] DEBUG org.apache.http.headers - http-outgoing-11 << Access-Control-Allow-Headers: origin, content-type, accept
ele12:19:54.394 [Forwarding findElement on session 18063075-812d-4a4c-a6cd-30fbf03bc7bd to remote] DEBUG org.apache.http.headers - http-outgoing-11 << Vary: X-HTTP-Method-Override
12:19:54.394 [Forwarding findElement on session 18063075-812d-4a4c-a6cd-30fbf03bc7bd to remote] DEBUG org.apache.http.headers - http-outgoing-11 << Content-Type: application/json; charset=utf-8
ment &amp#27;[12:19:54.394 [Forwarding findElement on session 18063075-812d-4a4c-a6cd-30fbf03bc7bd to remote] DEBUG org.apache.http.headers - http-outgoing-11 << Content-Length: 122
12:19:54.395 [Forwarding findElement on session 18063075-812d-4a4c-a6cd-30fbf03bc7bd to remote] DEBUG org.apache.http.headers - http-outgoing-11 << ETag: W/"7a-pxYXiwYtFd794s9TRiiVdx+dsrY"
12:19:54.395 [Forwarding findElement on session 18063075-812d-4a4c-a6cd-30fbf03bc7bd to remote] DEBUG org.apache.http.headers - http-outgoing-11 << Date: Fri, 23 Aug 2019 06:49:54 GMT
12:19:54.395 [Forwarding findElement on session 18063075-812d-4a4c-a6cd-30fbf03bc7bd to remote] DEBUG org.apache.http.headers - http-outgoing-11 << Connection: keep-alive
39m&amp#27;[32m200&amp#27;[39m &amp#27;[90m487 ms - 122&amp#27;[39m
&amp#27;[35m[HT12:19:54.395 [Forwarding findElement on session 18063075-812d-4a4c-a6cd-30fbf03bc7bd to remote] DEBUG o.a.h.impl.execchain.MainClientExec - Connection can be kept alive indefinitely
TP]&amp#27;[39m &amp#27;[9012:19:54.395 [Forwarding findElement on session 18063075-812d-4a4c-a6cd-30fbf03bc7bd to remote] DEBUG o.a.h.i.c.PoolingHttpClientConnectionManager - Connection [id: 11][route: {}->http://localhost:4723] can be kept alive indefinitely
m&amp#27;[39m
12:19:54.395 [Forwarding findElement on session 18063075-812d-4a4c-a6cd-30fbf03bc7bd to remote] DEBUG o.a.h.i.c.PoolingHttpClientConnectionManager - Connection released: [id: 11][route: {}->http://localhost:4723][total kept alive: 1; route allocated: 1 of 2000; total allocated: 1 of 2000]
12:19:54.396 [Forwarding clickElement on session 18063075-812d-4a4c-a6cd-30fbf03bc7bd to remote] DEBUG o.a.h.c.protocol.RequestAddCookies - CookieSpec selected: default
12:19:54.396 [Forwarding clickElement on session 18063075-812d-4a4c-a6cd-30fbf03bc7bd to remote] DEBUG o.a.h.c.protocol.RequestAuthCache - Auth cache not set in the context
12:19:54.396 [Forwarding clickElement on session 18063075-812d-4a4c-a6cd-30fbf03bc7bd to remote] DEBUG o.a.h.i.c.PoolingHttpClientConnectionManager - Connection request: [route: {}->http://localhost:4723][total kept alive: 1; route allocated: 1 of 2000; total allocated: 1 of 2000]
12:19:54.396 [Forwarding clickElement on session 18063075-812d-4a4c-a6cd-30fbf03bc7bd to remote] DEBUG o.a.h.i.c.PoolingHttpClientConnectionManager - Connection leased: [id: 11][route: {}->http://localhost:4723][total kept alive: 0; route allocated: 1 of 2000; total allocated: 1 of 2000]
12:19:54.396 [Forwarding clickElement on session 18063075-812d-4a4c-a6cd-30fbf03bc7bd to remote] DEBUG o.a.h.impl.execchain.MainClientExec - Stale connection check
12:19:54.397 [Forwarding clickElement on session 18063075-812d-4a4c-a6cd-30fbf03bc7bd to remote] DEBUG org.apache.http.wire - http-outgoing-11 << "[read] I/O error: Read timed out"
12:19:54.398 [Forwarding clickElement on session 18063075-812d-4a4c-a6cd-30fbf03bc7bd to remote] DEBUG o.a.h.i.c.DefaultManagedHttpClientConnection - http-outgoing-11: set socket timeout to 10800000
12:19:54.398 [Forwarding clickElement on session 18063075-812d-4a4c-a6cd-30fbf03bc7bd to remote] DEBUG o.a.h.impl.execchain.MainClientExec - Executing request POST /wd/hub/session/18063075-812d-4a4c-a6cd-30fbf03bc7bd/element/2D000000-0000-0000-B619-000000000000/click HTTP/1.1
12:19:54.398 [Forwarding clickElement on session 18063075-812d-4a4c-a6cd-30fbf03bc7bd to remote] DEBUG o.a.h.impl.execchain.MainClientExec - Target auth state: UNCHALLENGED
12:19:54.398 [Forwarding clickElement on session 18063075-812d-4a4c-a6cd-30fbf03bc7bd to remote] DEBUG o.a.h.impl.execchain.MainClientExec - Proxy auth state: UNCHALLENGED
12:19:54.398 [Forwarding clickElement on session 18063075-812d-4a4c-a6cd-30fbf03bc7bd to remote] DEBUG org.apache.http.headers - http-outgoing-11 >> POST /wd/hub/session/18063075-812d-4a4c-a6cd-30fbf03bc7bd/element/2D000000-0000-0000-B619-000000000000/click HTTP/1.1
12:19:54.398 [Forwarding clickElement on session 18063075-812d-4a4c-a6cd-30fbf03bc7bd to remote] DEBUG org.apache.http.headers - http-outgoing-11 >> Content-Type: application/json; charset=utf-8
12:19:54.398 [Forwarding clickElement on session 18063075-812d-4a4c-a6cd-30fbf03bc7bd to remote] DEBUG org.apache.http.headers - http-outgoing-11 >> Content-Length: 45
12:19:54.398 [Forwarding clickElement on session 18063075-812d-4a4c-a6cd-30fbf03bc7bd to remote] DEBUG org.apache.http.headers - http-outgoing-11 >> Host: localhost:4723
12:19:54.398 [Forwarding clickElement on session 18063075-812d-4a4c-a6cd-30fbf03bc7bd to remote] DEBUG org.apache.http.headers - http-outgoing-11 >> Connection: Keep-Alive
12:19:54.398 [Forwarding clickElement on session 18063075-812d-4a4c-a6cd-30fbf03bc7bd to remote] DEBUG org.apache.http.headers - http-outgoing-11 >> User-Agent: Apache-HttpClient/4.5.2 (Java/1.8.0_171)
12:19:54.398 [Forwarding clickElement on session 18063075-812d-4a4c-a6cd-30fbf03bc7bd to remote] DEBUG org.apache.http.headers - http-outgoing-11 >> Accept-Encoding: gzip,deflate
12:19:54.398 [Forwarding clickElement on session 18063075-812d-4a4c-a6cd-30fbf03bc7bd to remote] DEBUG org.apache.http.wire - http-outgoing-11 >> "POST /wd/hub/session/18063075-812d-4a4c-a6cd-30fbf03bc7bd/element/2D000000-0000-0000-B619-000000000000/click HTTP/1.1[\r][\n]"
12:19:54.398 [Forwarding clickElement on session 18063075-812d-4a4c-a6cd-30fbf03bc7bd to remote] DEBUG org.apache.http.wire - http-outgoing-11 >> "Content-Type: application/json; charset=utf-8[\r][\n]"
12:19:54.398 [Forwarding clickElement on session 18063075-812d-4a4c-a6cd-30fbf03bc7bd to remote] DEBUG org.apache.http.wire - http-outgoing-11 >> "Content-Length: 45[\r][\n]"
12:19:54.398 [Forwarding clickElement on session 18063075-812d-4a4c-a6cd-30fbf03bc7bd to remote] DEBUG org.apache.http.wire - http-outgoing-11 >> "Host: localhost:4723[\r][\n]"
12:19:54.398 [Forwarding clickElement on session 18063075-812d-4a4c-a6cd-30fbf03bc7bd to remote] DEBUG org.apache.http.wire - http-outgoing-11 >> "Connection: Keep-Alive[\r][\n]"
12:19:54.398 [Forwarding clickElement on session 18063075-812d-4a4c-a6cd-30fbf03bc7bd to remote] DEBUG org.apache.http.wire - http-outgoing-11 >> "User-Agent: Apache-HttpClient/4.5.2 (Java/1.8.0_171)[\r][\n]"
12:19:54.398 [Forwarding clickElement on session 18063075-812d-4a4c-a6cd-30fbf03bc7bd to remote] DEBUG org.apache.http.wire - http-outgoing-11 >> "Accept-Encoding: gzip,deflate[\r][\n]"
12:19:54.398 [Forwarding clickElement on session 18063075-812d-4a4c-a6cd-30fbf03bc7bd to remote] DEBUG org.apache.http.wire - http-outgoing-11 >> "[\r][\n]"
12:19:54.398 [Forwarding clickElement on session 18063075-812d-4a4c-a6cd-30fbf03bc7bd to remote] DEBUG org.apache.http.wire - http-outgoing-11 >> "{"id":"2D000000-0000-0000-B619-000000000000"}"
&amp#27;[35m[HTTP]&amp#27;[39m &amp#27;[37m-->&amp#27;[39m &amp#27;[37mPOST&amp#27;[39m &amp#27;[37m/wd/hub/session/18063075-812d-4a4c-a6cd-30fbf03bc7bd/element/2D000000-0000-0000-B619-000000000000/click&amp#27;[39m
&amp#27;[35m[HTTP]&amp#27;[39m &amp#27;[90m{"id":"2D000000-0000-0000-B619-000000000000"}&amp#27;[39m
&amp#27;[35m[MJSONWP]&amp#27;[39m Driver proxy active, passing request on via HTTP proxy
&amp#27;[35m[JSONWP Proxy]&amp#27;[39m Replacing sessionId 2E21A88C-0D02-488A-85F6-12:19:55.242 [Forwarding clickElement on session 18063075-812d-4a4c-a6cd-30fbf03bc7bd to remote] DEBUG org.apache.http.wire - http-outgoing-11 << "HTTP/1.1 200 OK[\r][\n]"
3645F1B6103A with 1806312:19:55.242 [Forwarding clickElement on session 18063075-812d-4a4c-a6cd-30fbf03bc7bd to remote] DEBUG org.apache.http.wire - http-outgoing-11 << "X-Powered-By: Express[\r][\n]"
075-812d-4a4c-a6cd-30fbf03bc7bd
12:19:55.243 [Forwarding clickElement on session 18063075-812d-4a4c-a6cd-30fbf03bc7bd to remote] DEBUG org.apache.http.wire - http-outgoing-11 << "Access-Control-Allow-Origin: *[\r][\n]"
&amp#27;[35m[HTTP]&amp#27;[39m &amp#27;12:19:55.243 [Forwarding clickElement on session 18063075-812d-4a4c-a6cd-30fbf03bc7bd to remote] DEBUG org.apache.http.wire - http-outgoing-11 << "Access-Control-Allow-Methods: GET,POST,PUT,OPTIONS,DELETE[\r][\n]"
[37m<-- POST /wd/hub/sessi12:19:55.243 [Forwarding clickElement on session 18063075-812d-4a4c-a6cd-30fbf03bc7bd to remote] DEBUG org.apache.http.wire - http-outgoing-11 << "Access-Control-Allow-Headers: origin, content-type, accept[\r][\n]"
on/18063075-812d-4a4c-a6cd-312:19:55.244 [Forwarding clickElement on session 18063075-812d-4a4c-a6cd-30fbf03bc7bd to remote] DEBUG org.apache.http.wire - http-outgoing-11 << "Vary: X-HTTP-Method-Override[\r][\n]"
0fbf03bc7bd/12:19:55.244 [Forwarding clickElement on session 18063075-812d-4a4c-a6cd-30fbf03bc7bd to remote] DEBUG org.apache.http.wire - http-outgoing-11 << "Content-Type: application/json; charset=utf-8[\r][\n]"
12:19:55.244 [Forwarding clickElement on session 18063075-812d-4a4c-a6cd-30fbf03bc7bd to remote] DEBUG org.apache.http.wire - http-outgoing-11 << "Content-Length: 118[\r][\n]"
element/2D000000-0000-0000-B619-00000000000012:19:55.244 [Forwarding clickElement on session 18063075-812d-4a4c-a6cd-30fbf03bc7bd to remote] DEBUG org.apache.http.wire - http-outgoing-11 << "ETag: W/"76-rGdBDVp38hZQ260i2b7hEjnskjQ"[\r][\n]"
/click &amp#27;[39m&amp#27;[32m200&amp#27;[39m &amp#27;[90m844 ms - 118&amp#27;[39m
12:19:55.244 [Forwarding clickElement on session 18063075-812d-4a4c-a6cd-30fbf03bc7bd to remote] DEBUG org.apache.http.wire - http-outgoing-11 << "Date: Fri, 23 Aug 2019 06:49:55 GMT[\r][\n]"
&amp#27;[35m[HTTP]&amp#27;[39m &amp#27;[90m&amp#27;[39m
12:19:55.245 [Forwarding clickElement on session 18063075-812d-4a4c-a6cd-30fbf03bc7bd to remote] DEBUG org.apache.http.wire - http-outgoing-11 << "Connection: keep-alive[\r][\n]"
12:19:55.245 [Forwarding clickElement on session 18063075-812d-4a4c-a6cd-30fbf03bc7bd to remote] DEBUG org.apache.http.wire - http-outgoing-11 << "[\r][\n]"
12:19:55.245 [Forwarding clickElement on session 18063075-812d-4a4c-a6cd-30fbf03bc7bd to remote] DEBUG org.apache.http.wire - http-outgoing-11 << "{"status":0,"id":"2D000000-0000-0000-B619-000000000000","value":"","sessionId":"18063075-812d-4a4c-a6cd-30fbf03bc7bd"}"
12:19:55.245 [Forwarding clickElement on session 18063075-812d-4a4c-a6cd-30fbf03bc7bd to remote] DEBUG org.apache.http.headers - http-outgoing-11 << HTTP/1.1 200 OK
12:19:55.245 [Forwarding clickElement on session 18063075-812d-4a4c-a6cd-30fbf03bc7bd to remote] DEBUG org.apache.http.headers - http-outgoing-11 << X-Powered-By: Express
12:19:55.245 [Forwarding clickElement on session 18063075-812d-4a4c-a6cd-30fbf03bc7bd to remote] DEBUG org.apache.http.headers - http-outgoing-11 << Access-Control-Allow-Origin: *
12:19:55.245 [Forwarding clickElement on session 18063075-812d-4a4c-a6cd-30fbf03bc7bd to remote] DEBUG org.apache.http.headers - http-outgoing-11 << Access-Control-Allow-Methods: GET,POST,PUT,OPTIONS,DELETE
12:19:55.245 [Forwarding clickElement on session 18063075-812d-4a4c-a6cd-30fbf03bc7bd to remote] DEBUG org.apache.http.headers - http-outgoing-11 << Access-Control-Allow-Headers: origin, content-type, accept
12:19:55.245 [Forwarding clickElement on session 18063075-812d-4a4c-a6cd-30fbf03bc7bd to remote] DEBUG org.apache.http.headers - http-outgoing-11 << Vary: X-HTTP-Method-Override
12:19:55.245 [Forwarding clickElement on session 18063075-812d-4a4c-a6cd-30fbf03bc7bd to remote] DEBUG org.apache.http.headers - http-outgoing-11 << Content-Type: application/json; charset=utf-8
12:19:55.245 [Forwarding clickElement on session 18063075-812d-4a4c-a6cd-30fbf03bc7bd to remote] DEBUG org.apache.http.headers - http-outgoing-11 << Content-Length: 118
12:19:55.245 [Forwarding clickElement on session 18063075-812d-4a4c-a6cd-30fbf03bc7bd to remote] DEBUG org.apache.http.headers - http-outgoing-11 << ETag: W/"76-rGdBDVp38hZQ260i2b7hEjnskjQ"
12:19:55.245 [Forwarding clickElement on session 18063075-812d-4a4c-a6cd-30fbf03bc7bd to remote] DEBUG org.apache.http.headers - http-outgoing-11 << Date: Fri, 23 Aug 2019 06:49:55 GMT
12:19:55.245 [Forwarding clickElement on session 18063075-812d-4a4c-a6cd-30fbf03bc7bd to remote] DEBUG org.apache.http.headers - http-outgoing-11 << Connection: keep-alive
12:19:55.246 [Forwarding clickElement on session 18063075-812d-4a4c-a6cd-30fbf03bc7bd to remote] DEBUG o.a.h.impl.execchain.MainClientExec - Connection can be kept alive indefinitely
12:19:55.246 [Forwarding clickElement on session 18063075-812d-4a4c-a6cd-30fbf03bc7bd to remote] DEBUG o.a.h.i.c.PoolingHttpClientConnectionManager - Connection [id: 11][route: {}->http://localhost:4723] can be kept alive indefinitely
12:19:55.246 [Forwarding clickElement on session 18063075-812d-4a4c-a6cd-30fbf03bc7bd to remote] DEBUG o.a.h.i.c.PoolingHttpClientConnectionManager - Connection released: [id: 11][route: {}->http://localhost:4723][total kept alive: 1; route allocated: 1 of 2000; total allocated: 1 of 2000]
12:19:55.246 [Forwarding findElement on session 18063075-812d-4a4c-a6cd-30fbf03bc7bd to remote] DEBUG o.a.h.c.protocol.RequestAddCookies - CookieSpec selected: default
12:19:55.246 [Forwarding findElement on session 18063075-812d-4a4c-a6cd-30fbf03bc7bd to remote] DEBUG o.a.h.c.protocol.RequestAuthCache - Auth cache not set in the context
12:19:55.246 [Forwarding findElement on session 18063075-812d-4a4c-a6cd-30fbf03bc7bd to remote] DEBUG o.a.h.i.c.PoolingHttpClientConnectionManager - Connection request: [route: {}->http://localhost:4723][total kept alive: 1; route allocated: 1 of 2000; total allocated: 1 of 2000]
12:19:55.246 [Forwarding findElement on session 18063075-812d-4a4c-a6cd-30fbf03bc7bd to remote] DEBUG o.a.h.i.c.PoolingHttpClientConnectionManager - Connection leased: [id: 11][route: {}->http://localhost:4723][total kept alive: 0; route allocated: 1 of 2000; total allocated: 1 of 2000]
12:19:55.246 [Forwarding findElement on session 18063075-812d-4a4c-a6cd-30fbf03bc7bd to remote] DEBUG o.a.h.impl.execchain.MainClientExec - Stale connection check
12:19:55.247 [Forwarding findElement on session 18063075-812d-4a4c-a6cd-30fbf03bc7bd to remote] DEBUG org.apache.http.wire - http-outgoing-11 << "[read] I/O error: Read timed out"
12:19:55.247 [Forwarding findElement on session 18063075-812d-4a4c-a6cd-30fbf03bc7bd to remote] DEBUG o.a.h.i.c.DefaultManagedHttpClientConnection - http-outgoing-11: set socket timeout to 10800000
12:19:55.247 [Forwarding findElement on session 18063075-812d-4a4c-a6cd-30fbf03bc7bd to remote] DEBUG o.a.h.impl.execchain.MainClientExec - Executing request POST /wd/hub/session/18063075-812d-4a4c-a6cd-30fbf03bc7bd/element HTTP/1.1
12:19:55.247 [Forwarding findElement on session 18063075-812d-4a4c-a6cd-30fbf03bc7bd to remote] DEBUG o.a.h.impl.execchain.MainClientExec - Target auth state: UNCHALLENGED
12:19:55.248 [Forwarding findElement on session 18063075-812d-4a4c-a6cd-30fbf03bc7bd to remote] DEBUG o.a.h.impl.execchain.MainClientExec - Proxy auth state: UNCHALLENGED
12:19:55.248 [Forwarding findElement on session 18063075-812d-4a4c-a6cd-30fbf03bc7bd to remote] DEBUG org.apache.http.headers - http-outgoing-11 >> POST /wd/hub/session/18063075-812d-4a4c-a6cd-30fbf03bc7bd/element HTTP/1.1
12:19:55.248 [Forwarding findElement on session 18063075-812d-4a4c-a6cd-30fbf03bc7bd to remote] DEBUG org.apache.http.headers - http-outgoing-11 >> Content-Type: application/json; charset=utf-8
12:19:55.248 [Forwarding findElement on session 18063075-812d-4a4c-a6cd-30fbf03bc7bd to remote] DEBUG org.apache.http.headers - http-outgoing-11 >> Content-Length: 299
12:19:55.248 [Forwarding findElement on session 18063075-812d-4a4c-a6cd-30fbf03bc7bd to remote] DEBUG org.apache.http.headers - http-outgoing-11 >> Host: localhost:4723
12:19:55.248 [Forwarding findElement on session 18063075-812d-4a4c-a6cd-30fbf03bc7bd to remote] DEBUG org.apache.http.headers - http-outgoing-11 >> Connection: Keep-Alive
12:19:55.248 [Forwarding findElement on session 18063075-812d-4a4c-a6cd-30fbf03bc7bd to remote] DEBUG org.apache.http.headers - http-outgoing-11 >> User-Agent: Apache-HttpClient/4.5.2 (Java/1.8.0_171)
12:19:55.248 [Forwarding findElement on session 18063075-812d-4a4c-a6cd-30fbf03bc7bd to remote] DEBUG org.apache.http.headers - http-outgoing-11 >> Accept-Encoding: gzip,deflate
12:19:55.248 [Forwarding findElement on session 18063075-812d-4a4c-a6cd-30fbf03bc7bd to remote] DEBUG org.apache.http.wire - http-outgoing-11 >> "POST /wd/hub/session/18063075-812d-4a4c-a6cd-30fbf03bc7bd/element HTTP/1.1[\r][\n]"
12:19:55.248 [Forwarding findElement on session 18063075-812d-4a4c-a6cd-30fbf03bc7bd to remote] DEBUG org.apache.http.wire - http-outgoing-11 >> "Content-Type: application/json; charset=utf-8[\r][\n]"
12:19:55.248 [Forwarding findElement on session 18063075-812d-4a4c-a6cd-30fbf03bc7bd to remote] DEBUG org.apache.http.wire - http-outgoing-11 >> "Content-Length: 299[\r][\n]"
12:19:55.248 [Forwarding findElement on session 18063075-812d-4a4c-a6cd-30fbf03bc7bd to remote] DEBUG org.apache.http.wire - http-outgoing-11 >> "Host: localhost:4723[\r][\n]"
12:19:55.248 [Forwarding findElement on session 18063075-812d-4a4c-a6cd-30fbf03bc7bd to remote] DEBUG org.apache.http.wire - http-outgoing-11 >> "Connection: Keep-Alive[\r][\n]"
12:19:55.248 [Forwarding findElement on session 18063075-812d-4a4c-a6cd-30fbf03bc7bd to remote] DEBUG org.apache.http.wire - http-outgoing-11 >> "User-Agent: Apache-HttpClient/4.5.2 (Java/1.8.0_171)[\r][\n]"
12:19:55.248 [Forwarding findElement on session 18063075-812d-4a4c-a6cd-30fbf03bc7bd to remote] DEBUG org.apache.http.wire - http-outgoing-11 >> "Accept-Encoding: gzip,deflate[\r][\n]"
12:19:55.248 [Forwarding findElement on session 18063075-812d-4a4c-a6cd-30fbf03bc7bd to remote] DEBUG org.apache.http.wire - http-outgoing-11 >> "[\r][\n]"
12:19:55.248 [Forwarding findElement on session 18063075-812d-4a4c-a6cd-30fbf03bc7bd to remote] DEBUG org.apache.http.wire - http-outgoing-11 >> "{"using":"xpath","value":"//XCUIElementTypeApplication/XCUIElementTypeWindow/XCUIElementTypeOther/XCUIElementTypeOther/XCUIElementTypeOther/XCUIElementTypeOther/XCUIElementTypeOther/XCUIElementTypeOther/XCUIElementTypeOther/XCUIElementTypeTable/XCUIElementTypeCell[10]/XCUIElementTypeStaticText[2]"}"
&amp#27;[35m[HTTP]&amp#27;[39m &amp#27;[37m-->&amp#27;[39m &amp#27;[37mPOST&amp#27;[39m &amp#27;[37m/wd/hub/session/18063075-812d-4a4c-a6cd-30fbf03bc7bd/element&amp#27;[39m
&amp#27;[35m[HTTP]&amp#27;[39m &amp#27;[90m{"using":"xpath","value":"//XCUIElementTypeApplication/XCUIElementTypeWindow/XCUIElementTypeOther/XCUIElementTypeOther/XCUIElementTypeOther/XCUIElementTypeOther/XCUIElementTypeOther/XCUIElementTypeOther/XCUIElementTypeOther/XCUIElementTypeTable/XCUIElementTypeCell[10]/XCUIElementTypeStaticText[2]"}&amp#27;[39m
12:19:59.393 [Forwarding findElement on session 18063075-812d-4a4c-a6cd-30fbf03bc7bd to remote] DEBUG org.apache.http.wire - http-outgoing-11 << "HTTP/1.1 200 OK[\r][\n]"
12:19:59.393 [Forwarding findElement on session 18063075-812d-4a4c-a6cd-30fbf03bc7bd to remote] DEBUG org.apache.http.wire - http-outgoing-11 << "X-Powered-By: Express[\r][\n]"
12:19:59.393 [Forwarding findElement on session 18063075-812d-4a4c-a6cd-30fbf03bc7bd to remote] DEBUG org.apache.http.wire - http-outgoing-11 << "Access-Control-Allow-Origin: *[\r][\n]"
12:19:59.393 [Forwarding findElement on session 18063075-812d-4a4c-a6cd-30fbf03bc7bd to remote] DEBUG org.apache.http.wire - http-outgoing-11 << "Access-Control-Allow-Methods: GET,POST,PUT,OPTIONS,DELETE[\r][\n]"
12:19:59.393 [Forwarding findElement on session 18063075-812d-4a4c-a6cd-30fbf03bc7bd to remote] DEBUG org.apache.http.wire - http-outgoing-11 << "Access-Control-Allow-Headers: origin, content-type, accept[\r][\n]"
12:19:59.393 [Forwarding findElement on session 18063075-812d-4a4c-a6cd-30fbf03bc7bd to remote] DEBUG org.apache.http.wire - http-outgoing-11 << "Vary: X-HTTP-Method-Override[\r][\n]"
12:19:59.393 [Forwarding findElement on session 18063075-812d-4a4c-a6cd-30fbf03bc7bd to remote] DEBUG org.apache.http.wire - http-outgoing-11 << "Content-Type: application/json; charset=utf-8[\r][\n]"
12:19:59.393 [Forwarding findElement on session 18063075-812d-4a4c-a6cd-30fbf03bc7bd to remote] DEBUG org.apache.http.wire - http-outgoing-11 << "Content-Length: 122[\r][\n]"
12:19:59.393 [Forwarding findElement on session 18063075-812d-4a4c-a6cd-30fbf03bc7bd to remote] DEBUG org.apache.http.wire - http-outgoing-11 << "ETag: W/"7a-Lb3/y7hOh8HvdTPRu62o5BcIvTw"[\r][\n]"
12:19:59.393 [Forwarding findElement on session 18063075-812d-4a4c-a6cd-30fbf03bc7bd to remote] DEBUG org.apache.http.wire - http-outgoing-11 << "Date: Fri, 23 Aug 2019 06:49:59 GMT[\r][\n]"
12:19:59.393 [Forwarding findElement on session 18063075-812d-4a4c-a6cd-30fbf03bc7bd to remote] DEBUG org.apache.http.wire - http-outgoing-11 << "Connection: keep-alive[\r][\n]"
12:19:59.393 [Forwarding findElement on session 18063075-812d-4a4c-a6cd-30fbf03bc7bd to remote] DEBUG org.apache.http.wire - http-outgoing-11 << "[\r][\n]"
12:19:59.393 [Forwarding findElement on session 18063075-812d-4a4c-a6cd-30fbf03bc7bd to remote] DEBUG org.apache.http.wire - http-outgoing-11 << "{"status":0,"value":{"ELEMENT":"3D010000-0000-0000-B619-000000000000"},"sessionId":"18063075-812d-4a4c-a6cd-30fbf03bc7bd"}"
12:19:59.393 [Forwarding findElement on session 18063075-812d-4a4c-a6cd-30fbf03bc7bd to remote] DEBUG org.apache.http.headers - http-outgoing-11 << HTTP/1.1 200 OK
12:19:59.393 [Forwarding findElement on session 18063075-812d-4a4c-a6cd-30fbf03bc7bd to remote] DEBUG org.apache.http.headers - http-outgoing-11 << X-Powered-By: Express
12:19:59.393 [Forwarding findElement on session 18063075-812d-4a4c-a6cd-30fbf03bc7bd to remote] DEBUG org.apache.http.headers - http-outgoing-11 << Access-Control-Allow-Origin: *
12:19:59.393 [Forwarding findElement on session 18063075-812d-4a4c-a6cd-30fbf03bc7bd to remote] DEBUG org.apache.http.headers - http-outgoing-11 << Access-Control-Allow-Methods: GET,POST,PUT,OPTIONS,DELETE
12:19:59.393 [Forwarding findElement on session 18063075-812d-4a4c-a6cd-30fbf03bc7bd to remote] DEBUG org.apache.http.headers - http-outgoing-11 << Access-Control-Allow-Headers: origin, content-type, accept
12:19:59.393 [Forwarding findElement on session 18063075-812d-4a4c-a6cd-30fbf03bc7bd to remote] DEBUG org.apache.http.headers - http-outgoing-11 << Vary: X-HTTP-Method-Override
12:19:59.393 [Forwarding findElement on session 18063075-812d-4a4c-a6cd-30fbf03bc7bd to remote] DEBUG org.apache.http.headers - http-outgoing-11 << Content-Type: application/json; charset=utf-8
12:19:59.393 [Forwarding findElement on session 18063075-812d-4a4c-a6cd-30fbf03bc7bd to remote] DEBUG org.apache.http.headers - http-outgoing-11 << Content-Length: 122
12:19:59.393 [Forwarding findElement on session 18063075-812d-4a4c-a6cd-30fbf03bc7bd to remote] DEBUG org.apache.http.headers - http-outgoing-11 << ETag: W/"7a-Lb3/y7hOh8HvdTPRu62o5BcIvTw"
12:19:59.393 [Forwarding findElement on session 18063075-812d-4a4c-a6cd-30fbf03bc7bd to remote] DEBUG org.apache.http.headers - http-outgoing-11 << Date: Fri, 23 Aug 2019 06:49:59 GMT
12:19:59.393 [Forwarding findElement on session 18063075-812d-4a4c-a6cd-30fbf03bc7bd to remote] DEBUG org.apache.http.headers - http-outgoing-11 << Connection: keep-alive
12:19:59.393 [Forwarding findElement on session 18063075-812d-4a4c-a6cd-30fbf03bc7bd to remote] DEBUG o.a.h.impl.execchain.MainClientExec - Connection can be kept alive indefinitely
12:19:59.393 [Forwarding findElement on session 18063075-812d-4a4c-a6cd-30fbf03bc7bd to remote] DEBUG o.a.h.i.c.PoolingHttpClientConnectionManager - Connection [id: 11][route: {}->http://localhost:4723] can be kept alive indefinitely
12:19:59.393 [Forwarding findElement on session 18063075-812d-4a4c-a6cd-30fbf03bc7bd to remote] DEBUG o.a.h.i.c.PoolingHttpClientConnectionManager - Connection released: [id: 11][route: {}->http://localhost:4723][total kept alive: 1; route allocated: 1 of 2000; total allocated: 1 of 2000]
&amp#27;[35m[HTTP]&amp#27;[39m &amp#27;[37m<-- POST /12:19:59.394 [Forwarding findElement on session 18063075-812d-4a4c-a6cd-30fbf03bc7bd to remote] DEBUG o.a.h.c.protocol.RequestAddCookies - CookieSpec selected: default
wd/hub/session/12:19:59.394 [Forwarding findElement on session 18063075-812d-4a4c-a6cd-30fbf03bc7bd to remote] DEBUG o.a.h.c.protocol.RequestAuthCache - Auth cache not set in the context
112:19:59.394 [Forwarding findElement on session 18063075-812d-4a4c-a6cd-30fbf03bc7bd to remote] DEBUG o.a.h.i.c.PoolingHttpClientConnectionManager - Connection request: [route: {}->http://localhost:4723][total kept alive: 1; route allocated: 1 of 2000; total allocated: 1 of 2000]
8063075-812d-4a4c-a6cd-30fbf03bc7bd/element &amp#27;[39m&amp#27;[32m200&amp#27;[39m &amp#27;[90m4145 ms - 122&amp#27;[39m
12:19:59.394 [Forwarding findElement on session 18063075-812d-4a4c-a6cd-30fbf03bc7bd to remote] DEBUG o.a.h.i.c.PoolingHttpClientConnectionManager - Connection leased: [id: 11][route: {}->http://localhost:4723][total kept alive: 0; route allocated: 1 of 2000; total allocated: 1 of 2000]
&amp#27;[3512:19:59.395 [Forwarding findElement on session 18063075-812d-4a4c-a6cd-30fbf03bc7bd to remote] DEBUG o.a.h.impl.execchain.MainClientExec - Stale connection check
m[HTTP]&amp#27;[39m &amp#27;[90m&amp#27;[39m
12:19:59.396 [Forwarding findElement on session 18063075-812d-4a4c-a6cd-30fbf03bc7bd to remote] DEBUG org.apache.http.wire - http-outgoing-11 << "[read] I/O error: Read timed out"
12:19:59.396 [Forwarding findElement on session 18063075-812d-4a4c-a6cd-30fbf03bc7bd to remote] DEBUG o.a.h.i.c.DefaultManagedHttpClientConnection - http-outgoing-11: set socket timeout to 10800000
12:19:59.396 [Forwarding findElement on session 18063075-812d-4a4c-a6cd-30fbf03bc7bd to remote] DEBUG o.a.h.impl.execchain.MainClientExec - Executing request POST /wd/hub/session/18063075-812d-4a4c-a6cd-30fbf03bc7bd/element HTTP/1.1
12:19:59.396 [Forwarding findElement on session 18063075-812d-4a4c-a6cd-30fbf03bc7bd to remote] DEBUG o.a.h.impl.execchain.MainClientExec - Target auth state: UNCHALLENGED
12:19:59.396 [Forwarding findElement on session 18063075-812d-4a4c-a6cd-30fbf03bc7bd to remote] DEBUG o.a.h.impl.execchain.MainClientExec - Proxy auth state: UNCHALLENGED
12:19:59.396 [Forwarding findElement on session 18063075-812d-4a4c-a6cd-30fbf03bc7bd to remote] DEBUG org.apache.http.headers - http-outgoing-11 >> POST /wd/hub/session/18063075-812d-4a4c-a6cd-30fbf03bc7bd/element HTTP/1.1
12:19:59.396 [Forwarding findElement on session 18063075-812d-4a4c-a6cd-30fbf03bc7bd to remote] DEBUG org.apache.http.headers - http-outgoing-11 >> Content-Type: application/json; charset=utf-8
12:19:59.396 [Forwarding findElement on session 18063075-812d-4a4c-a6cd-30fbf03bc7bd to remote] DEBUG org.apache.http.headers - http-outgoing-11 >> Content-Length: 299
12:19:59.396 [Forwarding findElement on session 18063075-812d-4a4c-a6cd-30fbf03bc7bd to remote] DEBUG org.apache.http.headers - http-outgoing-11 >> Host: localhost:4723
12:19:59.396 [Forwarding findElement on session 18063075-812d-4a4c-a6cd-30fbf03bc7bd to remote] DEBUG org.apache.http.headers - http-outgoing-11 >> Connection: Keep-Alive
12:19:59.396 [Forwarding findElement on session 18063075-812d-4a4c-a6cd-30fbf03bc7bd to remote] DEBUG org.apache.http.headers - http-outgoing-11 >> User-Agent: Apache-HttpClient/4.5.2 (Java/1.8.0_171)
12:19:59.396 [Forwarding findElement on session 18063075-812d-4a4c-a6cd-30fbf03bc7bd to remote] DEBUG org.apache.http.headers - http-outgoing-11 >> Accept-Encoding: gzip,deflate
12:19:59.396 [Forwarding findElement on session 18063075-812d-4a4c-a6cd-30fbf03bc7bd to remote] DEBUG org.apache.http.wire - http-outgoing-11 >> "POST /wd/hub/session/18063075-812d-4a4c-a6cd-30fbf03bc7bd/element HTTP/1.1[\r][\n]"
12:19:59.396 [Forwarding findElement on session 18063075-812d-4a4c-a6cd-30fbf03bc7bd to remote] DEBUG org.apache.http.wire - http-outgoing-11 >> "Content-Type: application/json; charset=utf-8[\r][\n]"
12:19:59.396 [Forwarding findElement on session 18063075-812d-4a4c-a6cd-30fbf03bc7bd to remote] DEBUG org.apache.http.wire - http-outgoing-11 >> "Content-Length: 299[\r][\n]"
12:19:59.396 [Forwarding findElement on session 18063075-812d-4a4c-a6cd-30fbf03bc7bd to remote] DEBUG org.apache.http.wire - http-outgoing-11 >> "Host: localhost:4723[\r][\n]"
12:19:59.396 [Forwarding findElement on session 18063075-812d-4a4c-a6cd-30fbf03bc7bd to remote] DEBUG org.apache.http.wire - http-outgoing-11 >> "Connection: Keep-Alive[\r][\n]"
12:19:59.396 [Forwarding findElement on session 18063075-812d-4a4c-a6cd-30fbf03bc7bd to remote] DEBUG org.apache.http.wire - http-outgoing-11 >> "User-Agent: Apache-HttpClient/4.5.2 (Java/1.8.0_171)[\r][\n]"
12:19:59.396 [Forwarding findElement on session 18063075-812d-4a4c-a6cd-30fbf03bc7bd to remote] DEBUG org.apache.http.wire - http-outgoing-11 >> "Accept-Encoding: gzip,deflate[\r][\n]"
12:19:59.396 [Forwarding findElement on session 18063075-812d-4a4c-a6cd-30fbf03bc7bd to remote] DEBUG org.apache.http.wire - http-outgoing-11 >> "[\r][\n]"
12:19:59.396 [Forwarding findElement on session 18063075-812d-4a4c-a6cd-30fbf03bc7bd to remote] DEBUG org.apache.http.wire - http-outgoing-11 >> "{"using":"xpath","value":"//XCUIElementTypeApplication/XCUIElementTypeWindow/XCUIElementTypeOther/XCUIElementTypeOther/XCUIElementTypeOther/XCUIElementTypeOther/XCUIElementTypeOther/XCUIElementTypeOther/XCUIElementTypeOther/XCUIElementTypeTable/XCUIElementTypeCell[10]/XCUIElementTypeStaticText[2]"}"
&amp#27;[35m[HTTP]&amp#27;[39m &amp#27;[37m-->&amp#27;[39m &amp#27;[37mPOST&amp#27;[39m &amp#27;[37m/wd/hub/session/18063075-812d-4a4c-a6cd-30fbf03bc7bd/element&amp#27;[39m
&amp#27;[35m[HTTP]&amp#27;[39m &amp#27;[90m{"using":"xpath","value":"//XCUIElementTypeApplication/XCUIElementTypeWindow/XCUIElementTypeOther/XCUIElementTypeOther/XCUIElementTypeOther/XCUIElementTypeOther/XCUIElementTypeOther/XCUIElementTypeOther/XCUIElementTypeOther/XCUIElementTypeTable/XCUIElementTypeCell[10]/XCUIElementTypeStaticText[2]"}&amp#27;[39m
12:20:03.433 [Forwarding findElement on session 18063075-812d-4a4c-a6cd-30fbf03bc7bd to remote] DEBUG org.apache.http.wire - http-outgoing-11 << "HTTP/1.1 200 OK[\r][\n]"
12:20:03.433 [Forwarding findElement on session 18063075-812d-4a4c-a6cd-30fbf03bc7bd to remote] DEBUG org.apache.http.wire - http-outgoing-11 << "X-Powered-By: Express[\r][\n]"
12:20:03.433 [Forwarding findElement on session 18063075-812d-4a4c-a6cd-30fbf03bc7bd to remote] DEBUG org.apache.http.wire - http-outgoing-11 << "Access-Control-Allow-Origin: *[\r][\n]"
12:20:03.433 [Forwarding findElement on session 18063075-812d-4a4c-a6cd-30fbf03bc7bd to remote] DEBUG org.apache.http.wire - http-outgoing-11 << "Access-Control-Allow-Methods: GET,POST,PUT,OPTIONS,DELETE[\r][\n]"
12:20:03.433 [Forwarding findElement on session 18063075-812d-4a4c-a6cd-30fbf03bc7bd to remote] DEBUG org.apache.http.wire - http-outgoing-11 << "Access-Control-Allow-Headers: origin, content-type, accept[\r][\n]"
12:20:03.433 [Forwarding findElement on session 18063075-812d-4a4c-a6cd-30fbf03bc7bd to remote] DEBUG org.apache.http.wire - http-outgoing-11 << "Vary: X-HTTP-Method-Override[\r][\n]"
12:20:03.433 [Forwarding findElement on session 18063075-812d-4a4c-a6cd-30fbf03bc7bd to remote] DEBUG org.apache.http.wire - http-outgoing-11 << "Content-Type: application/json; charset=utf-8[\r][\n]"
12:20:03.433 [Forwarding findElement on session 18063075-812d-4a4c-a6cd-30fbf03bc7bd to remote] DEBUG org.apache.http.wire - http-outgoing-11 << "Content-Length: 122[\r][\n]"
12:20:03.433 [Forwarding findElement on session 18063075-812d-4a4c-a6cd-30fbf03bc7bd to remote] DEBUG org.apache.http.wire - http-outgoing-11 << "ETag: W/"7a-Lb3/y7hOh8HvdTPRu62o5BcIvTw"[\r][\n]"
12:20:03.433 [Forwarding findElement on session 18063075-812d-4a4c-a6cd-30fbf03bc7bd to remote] DEBUG org.apache.http.wire - http-outgoing-11 << "Date: Fri, 23 Aug 2019 06:50:03 GMT[\r][\n]"
12:20:03.433 [Forwarding findElement on session 18063075-812d-4a4c-a6cd-30fbf03bc7bd to remote] DEBUG org.apache.http.wire - http-outgoing-11 << "Connection: keep-alive[\r][\n]"
12:20:03.433 [Forwarding findElement on session 18063075-812d-4a4c-a6cd-30fbf03bc7bd to remote] DEBUG org.apache.http.wire - http-outgoing-11 << "[\r][\n]"
12:20:03.433 [Forwarding findElement on session 18063075-812d-4a4c-a6cd-30fbf03bc7bd to remote] DEBUG org.apache.http.wire - http-outgoing-11 << "{"status":0,"value":{"ELEMENT":"3D010000-0000-0000-B619-000000000000"},"sessionId":"18063075-812d-4a4c-a6cd-30fbf03bc7bd"}"
&amp#27;[35m[HTTP]&amp#27;[39m &amp#27;[37m<-- POST /wd/hub/session/18063075-812d-4a4c-a6cd-30fbf03bc7bd/element &amp#27;[12:20:03.433 [Forwarding findElement on session 18063075-812d-4a4c-a6cd-30fbf03bc7bd to remote] DEBUG org.apache.http.headers - http-outgoing-11 << HTTP/1.1 200 OK
39m&amp#27;[32m200&amp#27;[39m &amp#27;[90m4036 ms -12:20:03.434 [Forwarding findElement on session 18063075-812d-4a4c-a6cd-30fbf03bc7bd to remote] DEBUG org.apache.http.headers - http-outgoing-11 << X-Powered-By: Express
12:20:03.434 [Forwarding findElement on session 18063075-812d-4a4c-a6cd-30fbf03bc7bd to remote] DEBUG org.apache.http.headers - http-outgoing-11 << Access-Control-Allow-Origin: *
12:20:03.434 [Forwarding findElement on session 18063075-812d-4a4c-a6cd-30fbf03bc7bd to remote] DEBUG org.apache.http.headers - http-outgoing-11 << Access-Control-Allow-Methods: GET,POST,PUT,OPTIONS,DELETE
12:20:03.434 [Forwarding findElement on session 18063075-812d-4a4c-a6cd-30fbf03bc7bd to remote] DEBUG org.apache.http.headers - http-outgoing-11 << Access-Control-Allow-Headers: origin, content-type, accept
12:20:03.434 [Forwarding findElement on session 18063075-812d-4a4c-a6cd-30fbf03bc7bd to remote] DEBUG org.apache.http.headers - http-outgoing-11 << Vary: X-HTTP-Method-Override
12:20:03.434 [Forwarding findElement on session 18063075-812d-4a4c-a6cd-30fbf03bc7bd to remote] DEBUG org.apache.http.headers - http-outgoing-11 << Content-Type: application/json; charset=utf-8
12:20:03.434 [Forwarding findElement on session 18063075-812d-4a4c-a6cd-30fbf03bc7bd to remote] DEBUG org.apache.http.headers - http-outgoing-11 << Content-Length: 122
12:20:03.434 [Forwarding findElement on session 18063075-812d-4a4c-a6cd-30fbf03bc7bd to remote] DEBUG org.apache.http.headers - http-outgoing-11 << ETag: W/"7a-Lb3/y7hOh8HvdTPRu62o5BcIvTw"
12:20:03.434 [Forwarding findElement on session 18063075-812d-4a4c-a6cd-30fbf03bc7bd to remote] DEBUG org.apache.http.headers - http-outgoing-11 << Date: Fri, 23 Aug 2019 06:50:03 GMT
12:20:03.434 [Forwarding findElement on session 18063075-812d-4a4c-a6cd-30fbf03bc7bd to remote] DEBUG org.apache.http.headers - http-outgoing-11 << Connection: keep-alive
 122&amp#27;[312:20:03.434 [Forwarding findElement on session 18063075-812d-4a4c-a6cd-30fbf03bc7bd to remote] DEBUG o.a.h.impl.execchain.MainClientExec - Connection can be kept alive indefinitely
9m
&amp#27;[35m[HTTP]&amp#27;[12:20:03.434 [Forwarding findElement on session 18063075-812d-4a4c-a6cd-30fbf03bc7bd to remote] DEBUG o.a.h.i.c.PoolingHttpClientConnectionManager - Connection [id: 11][route: {}->http://localhost:4723] can be kept alive indefinitely
39m &amp#27;[90m&amp#27;[39m
12:20:03.434 [Forwarding findElement on session 18063075-812d-4a4c-a6cd-30fbf03bc7bd to remote] DEBUG o.a.h.i.c.PoolingHttpClientConnectionManager - Connection released: [id: 11][route: {}->http://localhost:4723][total kept alive: 1; route allocated: 1 of 2000; total allocated: 1 of 2000]
12:20:03.435 [Forwarding getElementText on session 18063075-812d-4a4c-a6cd-30fbf03bc7bd to remote] DEBUG o.a.h.c.protocol.RequestAddCookies - CookieSpec selected: default
12:20:03.435 [Forwarding getElementText on session 18063075-812d-4a4c-a6cd-30fbf03bc7bd to remote] DEBUG o.a.h.c.protocol.RequestAuthCache - Auth cache not set in the context
12:20:03.435 [Forwarding getElementText on session 18063075-812d-4a4c-a6cd-30fbf03bc7bd to remote] DEBUG o.a.h.i.c.PoolingHttpClientConnectionManager - Connection request: [route: {}->http://localhost:4723][total kept alive: 1; route allocated: 1 of 2000; total allocated: 1 of 2000]
12:20:03.435 [Forwarding getElementText on session 18063075-812d-4a4c-a6cd-30fbf03bc7bd to remote] DEBUG o.a.h.i.c.PoolingHttpClientConnectionManager - Connection leased: [id: 11][route: {}->http://localhost:4723][total kept alive: 0; route allocated: 1 of 2000; total allocated: 1 of 2000]
12:20:03.435 [Forwarding getElementText on session 18063075-812d-4a4c-a6cd-30fbf03bc7bd to remote] DEBUG o.a.h.impl.execchain.MainClientExec - Stale connection check
12:20:03.436 [Forwarding getElementText on session 18063075-812d-4a4c-a6cd-30fbf03bc7bd to remote] DEBUG org.apache.http.wire - http-outgoing-11 << "[read] I/O error: Read timed out"
12:20:03.436 [Forwarding getElementText on session 18063075-812d-4a4c-a6cd-30fbf03bc7bd to remote] DEBUG o.a.h.i.c.DefaultManagedHttpClientConnection - http-outgoing-11: set socket timeout to 10800000
12:20:03.437 [Forwarding getElementText on session 18063075-812d-4a4c-a6cd-30fbf03bc7bd to remote] DEBUG o.a.h.impl.execchain.MainClientExec - Executing request GET /wd/hub/session/18063075-812d-4a4c-a6cd-30fbf03bc7bd/element/3D010000-0000-0000-B619-000000000000/text HTTP/1.1
12:20:03.437 [Forwarding getElementText on session 18063075-812d-4a4c-a6cd-30fbf03bc7bd to remote] DEBUG o.a.h.impl.execchain.MainClientExec - Target auth state: UNCHALLENGED
12:20:03.437 [Forwarding getElementText on session 18063075-812d-4a4c-a6cd-30fbf03bc7bd to remote] DEBUG o.a.h.impl.execchain.MainClientExec - Proxy auth state: UNCHALLENGED
12:20:03.437 [Forwarding getElementText on session 18063075-812d-4a4c-a6cd-30fbf03bc7bd to remote] DEBUG org.apache.http.headers - http-outgoing-11 >> GET /wd/hub/session/18063075-812d-4a4c-a6cd-30fbf03bc7bd/element/3D010000-0000-0000-B619-000000000000/text HTTP/1.1
12:20:03.437 [Forwarding getElementText on session 18063075-812d-4a4c-a6cd-30fbf03bc7bd to remote] DEBUG org.apache.http.headers - http-outgoing-11 >> Cache-Control: no-cache
12:20:03.437 [Forwarding getElementText on session 18063075-812d-4a4c-a6cd-30fbf03bc7bd to remote] DEBUG org.apache.http.headers - http-outgoing-11 >> Host: localhost:4723
12:20:03.437 [Forwarding getElementText on session 18063075-812d-4a4c-a6cd-30fbf03bc7bd to remote] DEBUG org.apache.http.headers - http-outgoing-11 >> Connection: Keep-Alive
12:20:03.437 [Forwarding getElementText on session 18063075-812d-4a4c-a6cd-30fbf03bc7bd to remote] DEBUG org.apache.http.headers - http-outgoing-11 >> User-Agent: Apache-HttpClient/4.5.2 (Java/1.8.0_171)
12:20:03.437 [Forwarding getElementText on session 18063075-812d-4a4c-a6cd-30fbf03bc7bd to remote] DEBUG org.apache.http.headers - http-outgoing-11 >> Accept-Encoding: gzip,deflate
12:20:03.437 [Forwarding getElementText on session 18063075-812d-4a4c-a6cd-30fbf03bc7bd to remote] DEBUG org.apache.http.wire - http-outgoing-11 >> "GET /wd/hub/session/18063075-812d-4a4c-a6cd-30fbf03bc7bd/element/3D010000-0000-0000-B619-000000000000/text HTTP/1.1[\r][\n]"
12:20:03.437 [Forwarding getElementText on session 18063075-812d-4a4c-a6cd-30fbf03bc7bd to remote] DEBUG org.apache.http.wire - http-outgoing-11 >> "Cache-Control: no-cache[\r][\n]"
12:20:03.437 [Forwarding getElementText on session 18063075-812d-4a4c-a6cd-30fbf03bc7bd to remote] DEBUG org.apache.http.wire - http-outgoing-11 >> "Host: localhost:4723[\r][\n]"
12:20:03.437 [Forwarding getElementText on session 18063075-812d-4a4c-a6cd-30fbf03bc7bd to remote] DEBUG org.apache.http.wire - http-outgoing-11 >> "Connection: Keep-Alive[\r][\n]"
12:20:03.437 [Forwarding getElementText on session 18063075-812d-4a4c-a6cd-30fbf03bc7bd to remote] DEBUG org.apache.http.wire - http-outgoing-11 >> "User-Agent: Apache-HttpClient/4.5.2 (Java/1.8.0_171)[\r][\n]"
12:20:03.437 [Forwarding getElementText on session 18063075-812d-4a4c-a6cd-30fbf03bc7bd to remote] DEBUG org.apache.http.wire - http-outgoing-11 >> "Accept-Encoding: gzip,deflate[\r][\n]"
12:20:03.437 [Forwarding getElementText on session 18063075-812d-4a4c-a6cd-30fbf03bc7bd to remote] DEBUG org.apache.http.wire - http-outgoing-11 >> "[\r][\n]"
&amp#27;[35m[HTTP]&amp#27;[39m &amp#27;[37m-->&amp#27;[39m &amp#27;[37mGET&amp#27;[39m &amp#27;[37m/wd/hub/session/18063075-812d-4a4c-a6cd-30fbf03bc7bd/element/3D010000-0000-0000-B619-000000000000/text&amp#27;[39m
&amp#27;[35m[HTTP]&amp#27;[39m &amp#27;[90m{}&amp#27;[39m
&amp#27;[35m[MJSONWP]&amp#27;[39m Driver proxy active, passing request on via HTTP proxy
&amp#27;[35m[JSONWP Proxy]&amp#27;[39m Replacing sessionId 2E21A88C12:20:03.628 [Forwarding getElementText on session 18063075-812d-4a4c-a6cd-30fbf03bc7bd to remote] DEBUG org.apache.http.wire - http-outgoing-11 << "HTTP/1.1 200 OK[\r][\n]"
-0D02-488A-85F12:20:03.628 [Forwarding getElementText on session 18063075-812d-4a4c-a6cd-30fbf03bc7bd to remote] DEBUG org.apache.http.wire - http-outgoing-11 << "X-Powered-By: Express[\r][\n]"
6-3645F1B6103A with 18063012:20:03.628 [Forwarding getElementText on session 18063075-812d-4a4c-a6cd-30fbf03bc7bd to remote] DEBUG org.apache.http.wire - http-outgoing-11 << "Access-Control-Allow-Origin: *[\r][\n]"
75-812d-4a4c-a6cd-30fbf03bc7bd
12:20:03.629 [Forwarding getElementText on session 18063075-812d-4a4c-a6cd-30fbf03bc7bd to remote] DEBUG org.apache.http.wire - http-outgoing-11 << "Access-Control-Allow-Methods: GET,POST,PUT,OPTIONS,DELETE[\r][\n]"
&amp#27;12:20:03.629 [Forwarding getElementText on session 18063075-812d-4a4c-a6cd-30fbf03bc7bd to remote] DEBUG org.apache.http.wire - http-outgoing-11 << "Access-Control-Allow-Headers: origin, content-type, accept[\r][\n]"
[35m[HTTP]&amp#27;[39m &amp#27;[37m<-- GET /wd/hub/session/18063075-812d-4a4c-a6cd-30fbf03bc7bd/element/3D0100012:20:03.629 [Forwarding getElementText on session 18063075-812d-4a4c-a6cd-30fbf03bc7bd to remote] DEBUG org.apache.http.wire - http-outgoing-11 << "Content-Type: application/json; charset=utf-8[\r][\n]"
0-00012:20:03.630 [Forwarding getElementText on session 18063075-812d-4a4c-a6cd-30fbf03bc7bd to remote] DEBUG org.apache.http.wire - http-outgoing-11 << "Content-Length: 99[\r][\n]"
0-0000-B619-000000000000/text &amp#27;[39m&amp#27;[32m200&amp#27;[39m &amp#27;[90m191 ms - 99&amp#27;[39m
&amp#27;[35m[HTTP]&amp#27;[39m &amp#27;[90m&amp#27;[39m
12:20:03.630 [Forwarding getElementText on session 18063075-812d-4a4c-a6cd-30fbf03bc7bd to remote] DEBUG org.apache.http.wire - http-outgoing-11 << "ETag: W/"63-Upvl/PBkJIQMQvTXHCz/8mvBMSU"[\r][\n]"
12:20:03.630 [Forwarding getElementText on session 18063075-812d-4a4c-a6cd-30fbf03bc7bd to remote] DEBUG org.apache.http.wire - http-outgoing-11 << "Date: Fri, 23 Aug 2019 06:50:03 GMT[\r][\n]"
12:20:03.630 [Forwarding getElementText on session 18063075-812d-4a4c-a6cd-30fbf03bc7bd to remote] DEBUG org.apache.http.wire - http-outgoing-11 << "Connection: keep-alive[\r][\n]"
12:20:03.630 [Forwarding getElementText on session 18063075-812d-4a4c-a6cd-30fbf03bc7bd to remote] DEBUG org.apache.http.wire - http-outgoing-11 << "[\r][\n]"
12:20:03.630 [Forwarding getElementText on session 18063075-812d-4a4c-a6cd-30fbf03bc7bd to remote] DEBUG org.apache.http.wire - http-outgoing-11 << "{"value":"autoiniosfree@yopmail.com","sessionId":"18063075-812d-4a4c-a6cd-30fbf03bc7bd","status":0}"
12:20:03.630 [Forwarding getElementText on session 18063075-812d-4a4c-a6cd-30fbf03bc7bd to remote] DEBUG org.apache.http.headers - http-outgoing-11 << HTTP/1.1 200 OK
12:20:03.631 [Forwarding getElementText on session 18063075-812d-4a4c-a6cd-30fbf03bc7bd to remote] DEBUG org.apache.http.headers - http-outgoing-11 << X-Powered-By: Express
12:20:03.631 [Forwarding getElementText on session 18063075-812d-4a4c-a6cd-30fbf03bc7bd to remote] DEBUG org.apache.http.headers - http-outgoing-11 << Access-Control-Allow-Origin: *
12:20:03.631 [Forwarding getElementText on session 18063075-812d-4a4c-a6cd-30fbf03bc7bd to remote] DEBUG org.apache.http.headers - http-outgoing-11 << Access-Control-Allow-Methods: GET,POST,PUT,OPTIONS,DELETE
12:20:03.631 [Forwarding getElementText on session 18063075-812d-4a4c-a6cd-30fbf03bc7bd to remote] DEBUG org.apache.http.headers - http-outgoing-11 << Access-Control-Allow-Headers: origin, content-type, accept
12:20:03.631 [Forwarding getElementText on session 18063075-812d-4a4c-a6cd-30fbf03bc7bd to remote] DEBUG org.apache.http.headers - http-outgoing-11 << Content-Type: application/json; charset=utf-8
12:20:03.631 [Forwarding getElementText on session 18063075-812d-4a4c-a6cd-30fbf03bc7bd to remote] DEBUG org.apache.http.headers - http-outgoing-11 << Content-Length: 99
12:20:03.631 [Forwarding getElementText on session 18063075-812d-4a4c-a6cd-30fbf03bc7bd to remote] DEBUG org.apache.http.headers - http-outgoing-11 << ETag: W/"63-Upvl/PBkJIQMQvTXHCz/8mvBMSU"
12:20:03.631 [Forwarding getElementText on session 18063075-812d-4a4c-a6cd-30fbf03bc7bd to remote] DEBUG org.apache.http.headers - http-outgoing-11 << Date: Fri, 23 Aug 2019 06:50:03 GMT
12:20:03.631 [Forwarding getElementText on session 18063075-812d-4a4c-a6cd-30fbf03bc7bd to remote] DEBUG org.apache.http.headers - http-outgoing-11 << Connection: keep-alive
12:20:03.631 [Forwarding getElementText on session 18063075-812d-4a4c-a6cd-30fbf03bc7bd to remote] DEBUG o.a.h.impl.execchain.MainClientExec - Connection can be kept alive indefinitely
12:20:03.631 [Forwarding getElementText on session 18063075-812d-4a4c-a6cd-30fbf03bc7bd to remote] DEBUG o.a.h.i.c.PoolingHttpClientConnectionManager - Connection [id: 11][route: {}->http://localhost:4723] can be kept alive indefinitely
12:20:03.631 [Forwarding getElementText on session 18063075-812d-4a4c-a6cd-30fbf03bc7bd to remote] DEBUG o.a.h.i.c.PoolingHttpClientConnectionManager - Connection released: [id: 11][route: {}->http://localhost:4723][total kept alive: 1; route allocated: 1 of 2000; total allocated: 1 of 2000]
12:20:03.631 [Forwarding findElement on session 18063075-812d-4a4c-a6cd-30fbf03bc7bd to remote] DEBUG o.a.h.c.protocol.RequestAddCookies - CookieSpec selected: default
12:20:03.631 [Forwarding findElement on session 18063075-812d-4a4c-a6cd-30fbf03bc7bd to remote] DEBUG o.a.h.c.protocol.RequestAuthCache - Auth cache not set in the context
12:20:03.631 [Forwarding findElement on session 18063075-812d-4a4c-a6cd-30fbf03bc7bd to remote] DEBUG o.a.h.i.c.PoolingHttpClientConnectionManager - Connection request: [route: {}->http://localhost:4723][total kept alive: 1; route allocated: 1 of 2000; total allocated: 1 of 2000]
12:20:03.631 [Forwarding findElement on session 18063075-812d-4a4c-a6cd-30fbf03bc7bd to remote] DEBUG o.a.h.i.c.PoolingHttpClientConnectionManager - Connection leased: [id: 11][route: {}->http://localhost:4723][total kept alive: 0; route allocated: 1 of 2000; total allocated: 1 of 2000]
12:20:03.631 [Forwarding findElement on session 18063075-812d-4a4c-a6cd-30fbf03bc7bd to remote] DEBUG o.a.h.impl.execchain.MainClientExec - Stale connection check
12:20:03.633 [Forwarding findElement on session 18063075-812d-4a4c-a6cd-30fbf03bc7bd to remote] DEBUG org.apache.http.wire - http-outgoing-11 << "[read] I/O error: Read timed out"
12:20:03.633 [Forwarding findElement on session 18063075-812d-4a4c-a6cd-30fbf03bc7bd to remote] DEBUG o.a.h.i.c.DefaultManagedHttpClientConnection - http-outgoing-11: set socket timeout to 10800000
12:20:03.633 [Forwarding findElement on session 18063075-812d-4a4c-a6cd-30fbf03bc7bd to remote] DEBUG o.a.h.impl.execchain.MainClientExec - Executing request POST /wd/hub/session/18063075-812d-4a4c-a6cd-30fbf03bc7bd/element HTTP/1.1
12:20:03.633 [Forwarding findElement on session 18063075-812d-4a4c-a6cd-30fbf03bc7bd to remote] DEBUG o.a.h.impl.execchain.MainClientExec - Target auth state: UNCHALLENGED
12:20:03.633 [Forwarding findElement on session 18063075-812d-4a4c-a6cd-30fbf03bc7bd to remote] DEBUG o.a.h.impl.execchain.MainClientExec - Proxy auth state: UNCHALLENGED
12:20:03.633 [Forwarding findElement on session 18063075-812d-4a4c-a6cd-30fbf03bc7bd to remote] DEBUG org.apache.http.headers - http-outgoing-11 >> POST /wd/hub/session/18063075-812d-4a4c-a6cd-30fbf03bc7bd/element HTTP/1.1
12:20:03.633 [Forwarding findElement on session 18063075-812d-4a4c-a6cd-30fbf03bc7bd to remote] DEBUG org.apache.http.headers - http-outgoing-11 >> Content-Type: application/json; charset=utf-8
12:20:03.633 [Forwarding findElement on session 18063075-812d-4a4c-a6cd-30fbf03bc7bd to remote] DEBUG org.apache.http.headers - http-outgoing-11 >> Content-Length: 42
12:20:03.633 [Forwarding findElement on session 18063075-812d-4a4c-a6cd-30fbf03bc7bd to remote] DEBUG org.apache.http.headers - http-outgoing-11 >> Host: localhost:4723
12:20:03.633 [Forwarding findElement on session 18063075-812d-4a4c-a6cd-30fbf03bc7bd to remote] DEBUG org.apache.http.headers - http-outgoing-11 >> Connection: Keep-Alive
12:20:03.633 [Forwarding findElement on session 18063075-812d-4a4c-a6cd-30fbf03bc7bd to remote] DEBUG org.apache.http.headers - http-outgoing-11 >> User-Agent: Apache-HttpClient/4.5.2 (Java/1.8.0_171)
12:20:03.633 [Forwarding findElement on session 18063075-812d-4a4c-a6cd-30fbf03bc7bd to remote] DEBUG org.apache.http.headers - http-outgoing-11 >> Accept-Encoding: gzip,deflate
12:20:03.633 [Forwarding findElement on session 18063075-812d-4a4c-a6cd-30fbf03bc7bd to remote] DEBUG org.apache.http.wire - http-outgoing-11 >> "POST /wd/hub/session/18063075-812d-4a4c-a6cd-30fbf03bc7bd/element HTTP/1.1[\r][\n]"
12:20:03.633 [Forwarding findElement on session 18063075-812d-4a4c-a6cd-30fbf03bc7bd to remote] DEBUG org.apache.http.wire - http-outgoing-11 >> "Content-Type: application/json; charset=utf-8[\r][\n]"
12:20:03.633 [Forwarding findElement on session 18063075-812d-4a4c-a6cd-30fbf03bc7bd to remote] DEBUG org.apache.http.wire - http-outgoing-11 >> "Content-Length: 42[\r][\n]"
12:20:03.633 [Forwarding findElement on session 18063075-812d-4a4c-a6cd-30fbf03bc7bd to remote] DEBUG org.apache.http.wire - http-outgoing-11 >> "Host: localhost:4723[\r][\n]"
12:20:03.633 [Forwarding findElement on session 18063075-812d-4a4c-a6cd-30fbf03bc7bd to remote] DEBUG org.apache.http.wire - http-outgoing-11 >> "Connection: Keep-Alive[\r][\n]"
12:20:03.633 [Forwarding findElement on session 18063075-812d-4a4c-a6cd-30fbf03bc7bd to remote] DEBUG org.apache.http.wire - http-outgoing-11 >> "User-Agent: Apache-HttpClient/4.5.2 (Java/1.8.0_171)[\r][\n]"
12:20:03.633 [Forwarding findElement on session 18063075-812d-4a4c-a6cd-30fbf03bc7bd to remote] DEBUG org.apache.http.wire - http-outgoing-11 >> "Accept-Encoding: gzip,deflate[\r][\n]"
12:20:03.633 [Forwarding findElement on session 18063075-812d-4a4c-a6cd-30fbf03bc7bd to remote] DEBUG org.apache.http.wire - http-outgoing-11 >> "[\r][\n]"
12:20:03.633 [Forwarding findElement on session 18063075-812d-4a4c-a6cd-30fbf03bc7bd to remote] DEBUG org.apache.http.wire - http-outgoing-11 >> "{"using":"name","value":"navbar back btn"}"
&amp#27;[35m[HTTP]&amp#27;[39m &amp#27;[37m-->&amp#27;[39m &amp#27;[37mPOST&amp#27;[39m &amp#27;[37m/wd/hub/session/18063075-812d-4a4c-a6cd-30fbf03bc7bd/element&amp#27;[39m
&amp#27;[35m[HTTP]&amp#27;[39m &amp#27;[90m{"using":"name","value":"navbar back btn"}&amp#27;[39m
12:20:03.969 [Forwarding findElement on session 18063075-812d-4a4c-a6cd-30fbf03bc7bd to remote] DEBUG org.apache.http.wire - http-outgoing-11 << "HTTP/1.1 200 OK[\r][\n]"
12:20:03.969 [Forwarding findElement on session 18063075-812d-4a4c-a6cd-30fbf03bc7bd to remote] DEBUG org.apache.http.wire - http-outgoing-11 << "X-Powered-By: Express[\r][\n]"
12:20:03.969 [Forwarding findElement on session 18063075-812d-4a4c-a6cd-30fbf03bc7bd to remote] DEBUG org.apache.http.wire - http-outgoing-11 << "Access-Control-Allow-Origin: *[\r][\n]"
12:20:03.969 [Forwarding findElement on session 18063075-812d-4a4c-a6cd-30fbf03bc7bd to remote] DEBUG org.apache.http.wire - http-outgoing-11 << "Access-Control-Allow-Methods: GET,POST,PUT,OPTIONS,DELETE[\r][\n]"
12:20:03.969 [Forwarding findElement on session 18063075-812d-4a4c-a6cd-30fbf03bc7bd to remote] DEBUG org.apache.http.wire - http-outgoing-11 << "Access-Control-Allow-Headers: origin, content-type, accept[\r][\n]"
12:20:03.969 [Forwarding findElement on session 18063075-812d-4a4c-a6cd-30fbf03bc7bd to remote] DEBUG org.apache.http.wire - http-outgoing-11 << "Vary: X-HTTP-Method-Override[\r][\n]"
12:20:03.969 [Forwarding findElement on session 18063075-812d-4a4c-a6cd-30fbf03bc7bd to remote] DEBUG org.apache.http.wire - http-outgoing-11 << "Content-Type: application/json; charset=utf-8[\r][\n]"
12:20:03.969 [Forwarding findElement on session 18063075-812d-4a4c-a6cd-30fbf03bc7bd to remote] DEBUG org.apache.http.wire - http-outgoing-11 << "Content-Length: 122[\r][\n]"
12:20:03.969 [Forwarding findElement on session 18063075-812d-4a4c-a6cd-30fbf03bc7bd to remote] DEBUG org.apache.http.wire - http-outgoing-11 << "ETag: W/"7a-w1zc1uO3AF2T75mFMT0Uo4LpVz4"[\r][\n]"
12:20:03.969 [Forwarding findElement on session 18063075-812d-4a4c-a6cd-30fbf03bc7bd to remote] DEBUG org.apache.http.wire - http-outgoing-11 << "Date: Fri, 23 Aug 2019 06:50:03 GMT[\r][\n]"
12:20:03.969 [Forwarding findElement on session 18063075-812d-4a4c-a6cd-30fbf03bc7bd to remote] DEBUG org.apache.http.wire - http-outgoing-11 << "Connection: keep-alive[\r][\n]"
12:20:03.969 [Forwarding findElement on session 18063075-812d-4a4c-a6cd-30fbf03bc7bd to remote] DEBUG org.apache.http.wire - http-outgoing-11 << "[\r][\n]"
12:20:03.969 [Forwarding findElement on session 18063075-812d-4a4c-a6cd-30fbf03bc7bd to remote] DEBUG org.apache.http.wire - http-outgoing-11 << "{"status":0,"value":{"ELEMENT":"F1000000-0000-0000-B619-000000000000"},"sessionId":"18063075-812d-4a4c-a6cd-30fbf03bc7bd"}"
&amp#27;12:20:03.969 [Forwarding findElement on session 18063075-812d-4a4c-a6cd-30fbf03bc7bd to remote] DEBUG org.apache.http.headers - http-outgoing-11 << HTTP/1.1 200 OK
[35m[HTTP]&amp#27;[39m &amp#27;[37m<--12:20:03.969 [Forwarding findElement on session 18063075-812d-4a4c-a6cd-30fbf03bc7bd to remote] DEBUG org.apache.http.headers - http-outgoing-11 << X-Powered-By: Express
 POST /wd/hub/session/112:20:03.969 [Forwarding findElement on session 18063075-812d-4a4c-a6cd-30fbf03bc7bd to remote] DEBUG org.apache.http.headers - http-outgoing-11 << Access-Control-Allow-Origin: *
12:20:03.969 [Forwarding findElement on session 18063075-812d-4a4c-a6cd-30fbf03bc7bd to remote] DEBUG org.apache.http.headers - http-outgoing-11 << Access-Control-Allow-Methods: GET,POST,PUT,OPTIONS,DELETE
8063075-812d-4a4c-a6cd-30fbf03bc12:20:03.969 [Forwarding findElement on session 18063075-812d-4a4c-a6cd-30fbf03bc7bd to remote] DEBUG org.apache.http.headers - http-outgoing-11 << Access-Control-Allow-Headers: origin, content-type, accept
12:20:03.970 [Forwarding findElement on session 18063075-812d-4a4c-a6cd-30fbf03bc7bd to remote] DEBUG org.apache.http.headers - http-outgoing-11 << Vary: X-HTTP-Method-Override
12:20:03.970 [Forwarding findElement on session 18063075-812d-4a4c-a6cd-30fbf03bc7bd to remote] DEBUG org.apache.http.headers - http-outgoing-11 << Content-Type: application/json; charset=utf-8
7bd/element &amp#27;[39m&amp#27;[32m200&amp#27;[39m &amp#27;[90m335 ms - 12:20:03.970 [Forwarding findElement on session 18063075-812d-4a4c-a6cd-30fbf03bc7bd to remote] DEBUG org.apache.http.headers - http-outgoing-11 << Content-Length: 122
122&amp#27;[39m
12:20:03.970 [Forwarding findElement on session 18063075-812d-4a4c-a6cd-30fbf03bc7bd to remote] DEBUG org.apache.http.headers - http-outgoing-11 << ETag: W/"7a-w1zc1uO3AF2T75mFMT0Uo4LpVz4"
&amp#27;[12:20:03.970 [Forwarding findElement on session 18063075-812d-4a4c-a6cd-30fbf03bc7bd to remote] DEBUG org.apache.http.headers - http-outgoing-11 << Date: Fri, 23 Aug 2019 06:50:03 GMT
12:20:03.970 [Forwarding findElement on session 18063075-812d-4a4c-a6cd-30fbf03bc7bd to remote] DEBUG org.apache.http.headers - http-outgoing-11 << Connection: keep-alive
35m[HTTP]&amp#27;[39m &amp#27;[90m&amp#27;[39m
12:20:03.970 [Forwarding findElement on session 18063075-812d-4a4c-a6cd-30fbf03bc7bd to remote] DEBUG o.a.h.impl.execchain.MainClientExec - Connection can be kept alive indefinitely
12:20:03.970 [Forwarding findElement on session 18063075-812d-4a4c-a6cd-30fbf03bc7bd to remote] DEBUG o.a.h.i.c.PoolingHttpClientConnectionManager - Connection [id: 11][route: {}->http://localhost:4723] can be kept alive indefinitely
12:20:03.970 [Forwarding findElement on session 18063075-812d-4a4c-a6cd-30fbf03bc7bd to remote] DEBUG o.a.h.i.c.PoolingHttpClientConnectionManager - Connection released: [id: 11][route: {}->http://localhost:4723][total kept alive: 1; route allocated: 1 of 2000; total allocated: 1 of 2000]
12:20:03.971 [Forwarding isElementDisplayed on session 18063075-812d-4a4c-a6cd-30fbf03bc7bd to remote] DEBUG o.a.h.c.protocol.RequestAddCookies - CookieSpec selected: default
12:20:03.971 [Forwarding isElementDisplayed on session 18063075-812d-4a4c-a6cd-30fbf03bc7bd to remote] DEBUG o.a.h.c.protocol.RequestAuthCache - Auth cache not set in the context
12:20:03.971 [Forwarding isElementDisplayed on session 18063075-812d-4a4c-a6cd-30fbf03bc7bd to remote] DEBUG o.a.h.i.c.PoolingHttpClientConnectionManager - Connection request: [route: {}->http://localhost:4723][total kept alive: 1; route allocated: 1 of 2000; total allocated: 1 of 2000]
12:20:03.971 [Forwarding isElementDisplayed on session 18063075-812d-4a4c-a6cd-30fbf03bc7bd to remote] DEBUG o.a.h.i.c.PoolingHttpClientConnectionManager - Connection leased: [id: 11][route: {}->http://localhost:4723][total kept alive: 0; route allocated: 1 of 2000; total allocated: 1 of 2000]
12:20:03.971 [Forwarding isElementDisplayed on session 18063075-812d-4a4c-a6cd-30fbf03bc7bd to remote] DEBUG o.a.h.impl.execchain.MainClientExec - Stale connection check
12:20:03.973 [Forwarding isElementDisplayed on session 18063075-812d-4a4c-a6cd-30fbf03bc7bd to remote] DEBUG org.apache.http.wire - http-outgoing-11 << "[read] I/O error: Read timed out"
12:20:03.973 [Forwarding isElementDisplayed on session 18063075-812d-4a4c-a6cd-30fbf03bc7bd to remote] DEBUG o.a.h.i.c.DefaultManagedHttpClientConnection - http-outgoing-11: set socket timeout to 10800000
12:20:03.973 [Forwarding isElementDisplayed on session 18063075-812d-4a4c-a6cd-30fbf03bc7bd to remote] DEBUG o.a.h.impl.execchain.MainClientExec - Executing request GET /wd/hub/session/18063075-812d-4a4c-a6cd-30fbf03bc7bd/element/F1000000-0000-0000-B619-000000000000/displayed HTTP/1.1
12:20:03.973 [Forwarding isElementDisplayed on session 18063075-812d-4a4c-a6cd-30fbf03bc7bd to remote] DEBUG o.a.h.impl.execchain.MainClientExec - Target auth state: UNCHALLENGED
12:20:03.973 [Forwarding isElementDisplayed on session 18063075-812d-4a4c-a6cd-30fbf03bc7bd to remote] DEBUG o.a.h.impl.execchain.MainClientExec - Proxy auth state: UNCHALLENGED
12:20:03.973 [Forwarding isElementDisplayed on session 18063075-812d-4a4c-a6cd-30fbf03bc7bd to remote] DEBUG org.apache.http.headers - http-outgoing-11 >> GET /wd/hub/session/18063075-812d-4a4c-a6cd-30fbf03bc7bd/element/F1000000-0000-0000-B619-000000000000/displayed HTTP/1.1
12:20:03.973 [Forwarding isElementDisplayed on session 18063075-812d-4a4c-a6cd-30fbf03bc7bd to remote] DEBUG org.apache.http.headers - http-outgoing-11 >> Cache-Control: no-cache
12:20:03.973 [Forwarding isElementDisplayed on session 18063075-812d-4a4c-a6cd-30fbf03bc7bd to remote] DEBUG org.apache.http.headers - http-outgoing-11 >> Host: localhost:4723
12:20:03.973 [Forwarding isElementDisplayed on session 18063075-812d-4a4c-a6cd-30fbf03bc7bd to remote] DEBUG org.apache.http.headers - http-outgoing-11 >> Connection: Keep-Alive
12:20:03.973 [Forwarding isElementDisplayed on session 18063075-812d-4a4c-a6cd-30fbf03bc7bd to remote] DEBUG org.apache.http.headers - http-outgoing-11 >> User-Agent: Apache-HttpClient/4.5.2 (Java/1.8.0_171)
12:20:03.973 [Forwarding isElementDisplayed on session 18063075-812d-4a4c-a6cd-30fbf03bc7bd to remote] DEBUG org.apache.http.headers - http-outgoing-11 >> Accept-Encoding: gzip,deflate
12:20:03.973 [Forwarding isElementDisplayed on session 18063075-812d-4a4c-a6cd-30fbf03bc7bd to remote] DEBUG org.apache.http.wire - http-outgoing-11 >> "GET /wd/hub/session/18063075-812d-4a4c-a6cd-30fbf03bc7bd/element/F1000000-0000-0000-B619-000000000000/displayed HTTP/1.1[\r][\n]"
12:20:03.973 [Forwarding isElementDisplayed on session 18063075-812d-4a4c-a6cd-30fbf03bc7bd to remote] DEBUG org.apache.http.wire - http-outgoing-11 >> "Cache-Control: no-cache[\r][\n]"
12:20:03.973 [Forwarding isElementDisplayed on session 18063075-812d-4a4c-a6cd-30fbf03bc7bd to remote] DEBUG org.apache.http.wire - http-outgoing-11 >> "Host: localhost:4723[\r][\n]"
12:20:03.973 [Forwarding isElementDisplayed on session 18063075-812d-4a4c-a6cd-30fbf03bc7bd to remote] DEBUG org.apache.http.wire - http-outgoing-11 >> "Connection: Keep-Alive[\r][\n]"
12:20:03.973 [Forwarding isElementDisplayed on session 18063075-812d-4a4c-a6cd-30fbf03bc7bd to remote] DEBUG org.apache.http.wire - http-outgoing-11 >> "User-Agent: Apache-HttpClient/4.5.2 (Java/1.8.0_171)[\r][\n]"
12:20:03.973 [Forwarding isElementDisplayed on session 18063075-812d-4a4c-a6cd-30fbf03bc7bd to remote] DEBUG org.apache.http.wire - http-outgoing-11 >> "Accept-Encoding: gzip,deflate[\r][\n]"
12:20:03.973 [Forwarding isElementDisplayed on session 18063075-812d-4a4c-a6cd-30fbf03bc7bd to remote] DEBUG org.apache.http.wire - http-outgoing-11 >> "[\r][\n]"
&amp#27;[35m[HTTP]&amp#27;[39m &amp#27;[37m-->&amp#27;[39m &amp#27;[37mGET&amp#27;[39m &amp#27;[37m/wd/hub/session/18063075-812d-4a4c-a6cd-30fbf03bc7bd/element/F1000000-0000-0000-B619-000000000000/displayed&amp#27;[39m
&amp#27;[35m[HTTP]&amp#27;[39m &amp#27;[90m{}&amp#27;[39m
&amp#27;[35m[MJSONWP]&amp#27;[39m Driver proxy active, passing request on via HTTP proxy
&amp#27;[35m[JSONWP Proxy]&amp#27;[39m Replacing sessionId 2E21A88C-12:20:04.229 [Forwarding isElementDisplayed on session 18063075-812d-4a4c-a6cd-30fbf03bc7bd to remote] DEBUG org.apache.http.wire - http-outgoing-11 << "HTTP/1.1 200 OK[\r][\n]"
0D02-48812:20:04.230 [Forwarding isElementDisplayed on session 18063075-812d-4a4c-a6cd-30fbf03bc7bd to remote] DEBUG org.apache.http.wire - http-outgoing-11 << "X-Powered-By: Express[\r][\n]"
A-85F6-3645F1B6103A12:20:04.230 [Forwarding isElementDisplayed on session 18063075-812d-4a4c-a6cd-30fbf03bc7bd to remote] DEBUG org.apache.http.wire - http-outgoing-11 << "Access-Control-Allow-Origin: *[\r][\n]"
 w12:20:04.230 [Forwarding isElementDisplayed on session 18063075-812d-4a4c-a6cd-30fbf03bc7bd to remote] DEBUG org.apache.http.wire - http-outgoing-11 << "Access-Control-Allow-Methods: GET,POST,PUT,OPTIONS,DELETE[\r][\n]"
ith 12:20:04.230 [Forwarding isElementDisplayed on session 18063075-812d-4a4c-a6cd-30fbf03bc7bd to remote] DEBUG org.apache.http.wire - http-outgoing-11 << "Access-Control-Allow-Headers: origin, content-type, accept[\r][\n]"
12:20:04.230 [Forwarding isElementDisplayed on session 18063075-812d-4a4c-a6cd-30fbf03bc7bd to remote] DEBUG org.apache.http.wire - http-outgoing-11 << "Content-Type: application/json; charset=utf-8[\r][\n]"
12:20:04.230 [Forwarding isElementDisplayed on session 18063075-812d-4a4c-a6cd-30fbf03bc7bd to remote] DEBUG org.apache.http.wire - http-outgoing-11 << "Content-Length: 76[\r][\n]"
180630712:20:04.230 [Forwarding isElementDisplayed on session 18063075-812d-4a4c-a6cd-30fbf03bc7bd to remote] DEBUG org.apache.http.wire - http-outgoing-11 << "ETag: W/"4c-Y7k244UeXncxktz3h+rJR8RJids"[\r][\n]"
12:20:04.230 [Forwarding isElementDisplayed on session 18063075-812d-4a4c-a6cd-30fbf03bc7bd to remote] DEBUG org.apache.http.wire - http-outgoing-11 << "Date: Fri, 23 Aug 2019 06:50:04 GMT[\r][\n]"
12:20:04.230 [Forwarding isElementDisplayed on session 18063075-812d-4a4c-a6cd-30fbf03bc7bd to remote] DEBUG org.apache.http.wire - http-outgoing-11 << "Connection: keep-alive[\r][\n]"
5-812d-4a4c12:20:04.230 [Forwarding isElementDisplayed on session 18063075-812d-4a4c-a6cd-30fbf03bc7bd to remote] DEBUG org.apache.http.wire - http-outgoing-11 << "[\r][\n]"
12:20:04.230 [Forwarding isElementDisplayed on session 18063075-812d-4a4c-a6cd-30fbf03bc7bd to remote] DEBUG org.apache.http.wire - http-outgoing-11 << "{"value":true,"sessionId":"18063075-812d-4a4c-a6cd-30fbf03bc7bd","status":0}"
-a6cd-3012:20:04.230 [Forwarding isElementDisplayed on session 18063075-812d-4a4c-a6cd-30fbf03bc7bd to remote] DEBUG org.apache.http.headers - http-outgoing-11 << HTTP/1.1 200 OK
12:20:04.230 [Forwarding isElementDisplayed on session 18063075-812d-4a4c-a6cd-30fbf03bc7bd to remote] DEBUG org.apache.http.headers - http-outgoing-11 << X-Powered-By: Express
fbf03bc7bd
12:20:04.230 [Forwarding isElementDisplayed on session 18063075-812d-4a4c-a6cd-30fbf03bc7bd to remote] DEBUG org.apache.http.headers - http-outgoing-11 << Access-Control-Allow-Origin: *
&amp#27;12:20:04.230 [Forwarding isElementDisplayed on session 18063075-812d-4a4c-a6cd-30fbf03bc7bd to remote] DEBUG org.apache.http.headers - http-outgoing-11 << Access-Control-Allow-Methods: GET,POST,PUT,OPTIONS,DELETE
12:20:04.230 [Forwarding isElementDisplayed on session 18063075-812d-4a4c-a6cd-30fbf03bc7bd to remote] DEBUG org.apache.http.headers - http-outgoing-11 << Access-Control-Allow-Headers: origin, content-type, accept
[35m[HT12:20:04.230 [Forwarding isElementDisplayed on session 18063075-812d-4a4c-a6cd-30fbf03bc7bd to remote] DEBUG org.apache.http.headers - http-outgoing-11 << Content-Type: application/json; charset=utf-8
TP]&amp#27;[39m &amp#27;[37m<-- GET12:20:04.230 [Forwarding isElementDisplayed on session 18063075-812d-4a4c-a6cd-30fbf03bc7bd to remote] DEBUG org.apache.http.headers - http-outgoing-11 << Content-Length: 76
 /12:20:04.231 [Forwarding isElementDisplayed on session 18063075-812d-4a4c-a6cd-30fbf03bc7bd to remote] DEBUG org.apache.http.headers - http-outgoing-11 << ETag: W/"4c-Y7k244UeXncxktz3h+rJR8RJids"
wd/hub/session/18063075-812d-4a4c-a6cd-30fbf03bc7bd/element/F1000000-0000-0000-B619-000000000000/displayed &amp#27;[39m&amp#27;[32m200&amp#27;[39m &amp#27;[90m256 ms - 76&amp#27;[39m
&amp#27;[35m[HTTP]&amp#27;[39m &amp#27;[90m&amp#27;[39m
12:20:04.231 [Forwarding isElementDisplayed on session 18063075-812d-4a4c-a6cd-30fbf03bc7bd to remote] DEBUG org.apache.http.headers - http-outgoing-11 << Date: Fri, 23 Aug 2019 06:50:04 GMT
12:20:04.232 [Forwarding isElementDisplayed on session 18063075-812d-4a4c-a6cd-30fbf03bc7bd to remote] DEBUG org.apache.http.headers - http-outgoing-11 << Connection: keep-alive
12:20:04.232 [Forwarding isElementDisplayed on session 18063075-812d-4a4c-a6cd-30fbf03bc7bd to remote] DEBUG o.a.h.impl.execchain.MainClientExec - Connection can be kept alive indefinitely
12:20:04.232 [Forwarding isElementDisplayed on session 18063075-812d-4a4c-a6cd-30fbf03bc7bd to remote] DEBUG o.a.h.i.c.PoolingHttpClientConnectionManager - Connection [id: 11][route: {}->http://localhost:4723] can be kept alive indefinitely
12:20:04.232 [Forwarding isElementDisplayed on session 18063075-812d-4a4c-a6cd-30fbf03bc7bd to remote] DEBUG o.a.h.i.c.PoolingHttpClientConnectionManager - Connection released: [id: 11][route: {}->http://localhost:4723][total kept alive: 1; route allocated: 1 of 2000; total allocated: 1 of 2000]
12:20:04.233 [Forwarding findElement on session 18063075-812d-4a4c-a6cd-30fbf03bc7bd to remote] DEBUG o.a.h.c.protocol.RequestAddCookies - CookieSpec selected: default
12:20:04.233 [Forwarding findElement on session 18063075-812d-4a4c-a6cd-30fbf03bc7bd to remote] DEBUG o.a.h.c.protocol.RequestAuthCache - Auth cache not set in the context
12:20:04.233 [Forwarding findElement on session 18063075-812d-4a4c-a6cd-30fbf03bc7bd to remote] DEBUG o.a.h.i.c.PoolingHttpClientConnectionManager - Connection request: [route: {}->http://localhost:4723][total kept alive: 1; route allocated: 1 of 2000; total allocated: 1 of 2000]
12:20:04.233 [Forwarding findElement on session 18063075-812d-4a4c-a6cd-30fbf03bc7bd to remote] DEBUG o.a.h.i.c.PoolingHttpClientConnectionManager - Connection leased: [id: 11][route: {}->http://localhost:4723][total kept alive: 0; route allocated: 1 of 2000; total allocated: 1 of 2000]
12:20:04.233 [Forwarding findElement on session 18063075-812d-4a4c-a6cd-30fbf03bc7bd to remote] DEBUG o.a.h.impl.execchain.MainClientExec - Stale connection check
12:20:04.234 [Forwarding findElement on session 18063075-812d-4a4c-a6cd-30fbf03bc7bd to remote] DEBUG org.apache.http.wire - http-outgoing-11 << "[read] I/O error: Read timed out"
12:20:04.234 [Forwarding findElement on session 18063075-812d-4a4c-a6cd-30fbf03bc7bd to remote] DEBUG o.a.h.i.c.DefaultManagedHttpClientConnection - http-outgoing-11: set socket timeout to 10800000
12:20:04.234 [Forwarding findElement on session 18063075-812d-4a4c-a6cd-30fbf03bc7bd to remote] DEBUG o.a.h.impl.execchain.MainClientExec - Executing request POST /wd/hub/session/18063075-812d-4a4c-a6cd-30fbf03bc7bd/element HTTP/1.1
12:20:04.234 [Forwarding findElement on session 18063075-812d-4a4c-a6cd-30fbf03bc7bd to remote] DEBUG o.a.h.impl.execchain.MainClientExec - Target auth state: UNCHALLENGED
12:20:04.234 [Forwarding findElement on session 18063075-812d-4a4c-a6cd-30fbf03bc7bd to remote] DEBUG o.a.h.impl.execchain.MainClientExec - Proxy auth state: UNCHALLENGED
12:20:04.234 [Forwarding findElement on session 18063075-812d-4a4c-a6cd-30fbf03bc7bd to remote] DEBUG org.apache.http.headers - http-outgoing-11 >> POST /wd/hub/session/18063075-812d-4a4c-a6cd-30fbf03bc7bd/element HTTP/1.1
12:20:04.234 [Forwarding findElement on session 18063075-812d-4a4c-a6cd-30fbf03bc7bd to remote] DEBUG org.apache.http.headers - http-outgoing-11 >> Content-Type: application/json; charset=utf-8
12:20:04.234 [Forwarding findElement on session 18063075-812d-4a4c-a6cd-30fbf03bc7bd to remote] DEBUG org.apache.http.headers - http-outgoing-11 >> Content-Length: 42
12:20:04.234 [Forwarding findElement on session 18063075-812d-4a4c-a6cd-30fbf03bc7bd to remote] DEBUG org.apache.http.headers - http-outgoing-11 >> Host: localhost:4723
12:20:04.234 [Forwarding findElement on session 18063075-812d-4a4c-a6cd-30fbf03bc7bd to remote] DEBUG org.apache.http.headers - http-outgoing-11 >> Connection: Keep-Alive
12:20:04.234 [Forwarding findElement on session 18063075-812d-4a4c-a6cd-30fbf03bc7bd to remote] DEBUG org.apache.http.headers - http-outgoing-11 >> User-Agent: Apache-HttpClient/4.5.2 (Java/1.8.0_171)
12:20:04.234 [Forwarding findElement on session 18063075-812d-4a4c-a6cd-30fbf03bc7bd to remote] DEBUG org.apache.http.headers - http-outgoing-11 >> Accept-Encoding: gzip,deflate
12:20:04.234 [Forwarding findElement on session 18063075-812d-4a4c-a6cd-30fbf03bc7bd to remote] DEBUG org.apache.http.wire - http-outgoing-11 >> "POST /wd/hub/session/18063075-812d-4a4c-a6cd-30fbf03bc7bd/element HTTP/1.1[\r][\n]"
12:20:04.234 [Forwarding findElement on session 18063075-812d-4a4c-a6cd-30fbf03bc7bd to remote] DEBUG org.apache.http.wire - http-outgoing-11 >> "Content-Type: application/json; charset=utf-8[\r][\n]"
12:20:04.234 [Forwarding findElement on session 18063075-812d-4a4c-a6cd-30fbf03bc7bd to remote] DEBUG org.apache.http.wire - http-outgoing-11 >> "Content-Length: 42[\r][\n]"
12:20:04.234 [Forwarding findElement on session 18063075-812d-4a4c-a6cd-30fbf03bc7bd to remote] DEBUG org.apache.http.wire - http-outgoing-11 >> "Host: localhost:4723[\r][\n]"
12:20:04.234 [Forwarding findElement on session 18063075-812d-4a4c-a6cd-30fbf03bc7bd to remote] DEBUG org.apache.http.wire - http-outgoing-11 >> "Connection: Keep-Alive[\r][\n]"
12:20:04.234 [Forwarding findElement on session 18063075-812d-4a4c-a6cd-30fbf03bc7bd to remote] DEBUG org.apache.http.wire - http-outgoing-11 >> "User-Agent: Apache-HttpClient/4.5.2 (Java/1.8.0_171)[\r][\n]"
12:20:04.234 [Forwarding findElement on session 18063075-812d-4a4c-a6cd-30fbf03bc7bd to remote] DEBUG org.apache.http.wire - http-outgoing-11 >> "Accept-Encoding: gzip,deflate[\r][\n]"
12:20:04.234 [Forwarding findElement on session 18063075-812d-4a4c-a6cd-30fbf03bc7bd to remote] DEBUG org.apache.http.wire - http-outgoing-11 >> "[\r][\n]"
12:20:04.234 [Forwarding findElement on session 18063075-812d-4a4c-a6cd-30fbf03bc7bd to remote] DEBUG org.apache.http.wire - http-outgoing-11 >> "{"using":"name","value":"navbar back btn"}"
&amp#27;[35m[HTTP]&amp#27;[39m &amp#27;[37m-->&amp#27;[39m &amp#27;[37mPOST&amp#27;[39m &amp#27;[37m/wd/hub/session/18063075-812d-4a4c-a6cd-30fbf03bc7bd/element&amp#27;[39m
&amp#27;[35m[HTTP]&amp#27;[39m &amp#27;[90m{"using":"name","value":"navbar back btn"}&amp#27;[39m
12:20:04.570 [Forwarding findElement on session 18063075-812d-4a4c-a6cd-30fbf03bc7bd to remote] DEBUG org.apache.http.wire - http-outgoing-11 << "HTTP/1.1 200 OK[\r][\n]"
12:20:04.570 [Forwarding findElement on session 18063075-812d-4a4c-a6cd-30fbf03bc7bd to remote] DEBUG org.apache.http.wire - http-outgoing-11 << "X-Powered-By: Express[\r][\n]"
12:20:04.570 [Forwarding findElement on session 18063075-812d-4a4c-a6cd-30fbf03bc7bd to remote] DEBUG org.apache.http.wire - http-outgoing-11 << "Access-Control-Allow-Origin: *[\r][\n]"
12:20:04.570 [Forwarding findElement on session 18063075-812d-4a4c-a6cd-30fbf03bc7bd to remote] DEBUG org.apache.http.wire - http-outgoing-11 << "Access-Control-Allow-Methods: GET,POST,PUT,OPTIONS,DELETE[\r][\n]"
12:20:04.570 [Forwarding findElement on session 18063075-812d-4a4c-a6cd-30fbf03bc7bd to remote] DEBUG org.apache.http.wire - http-outgoing-11 << "Access-Control-Allow-Headers: origin, content-type, accept[\r][\n]"
12:20:04.570 [Forwarding findElement on session 18063075-812d-4a4c-a6cd-30fbf03bc7bd to remote] DEBUG org.apache.http.wire - http-outgoing-11 << "Vary: X-HTTP-Method-Override[\r][\n]"
12:20:04.570 [Forwarding findElement on session 18063075-812d-4a4c-a6cd-30fbf03bc7bd to remote] DEBUG org.apache.http.wire - http-outgoing-11 << "Content-Type: application/json; charset=utf-8[\r][\n]"
12:20:04.570 [Forwarding findElement on session 18063075-812d-4a4c-a6cd-30fbf03bc7bd to remote] DEBUG org.apache.http.wire - http-outgoing-11 << "Content-Length: 122[\r][\n]"
12:20:04.570 [Forwarding findElement on session 18063075-812d-4a4c-a6cd-30fbf03bc7bd to remote] DEBUG org.apache.http.wire - http-outgoing-11 << "ETag: W/"7a-w1zc1uO3AF2T75mFMT0Uo4LpVz4"[\r][\n]"
12:20:04.570 [Forwarding findElement on session 18063075-812d-4a4c-a6cd-30fbf03bc7bd to remote] DEBUG org.apache.http.wire - http-outgoing-11 << "Date: Fri, 23 Aug 2019 06:50:04 GMT[\r][\n]"
12:20:04.570 [Forwarding findElement on session 18063075-812d-4a4c-a6cd-30fbf03bc7bd to remote] DEBUG org.apache.http.wire - http-outgoing-11 << "Connection: keep-alive[\r][\n]"
12:20:04.570 [Forwarding findElement on session 18063075-812d-4a4c-a6cd-30fbf03bc7bd to remote] DEBUG org.apache.http.wire - http-outgoing-11 << "[\r][\n]"
12:20:04.570 [Forwarding findElement on session 18063075-812d-4a4c-a6cd-30fbf03bc7bd to remote] DEBUG org.apache.http.wire - http-outgoing-11 << "{"status":0,"value":{"ELEMENT":"F1000000-0000-0000-B619-000000000000"},"sessionId":"18063075-812d-4a4c-a6cd-30fbf03bc7bd"}"
12:20:04.570 [Forwarding findElement on session 18063075-812d-4a4c-a6cd-30fbf03bc7bd to remote] DEBUG org.apache.http.headers - http-outgoing-11 << HTTP/1.1 200 OK
&amp#27;[35m[HTTP]&amp#27;[39m &amp#27;[37m<-- POST /wd/hub/session/18063012:20:04.570 [Forwarding findElement on session 18063075-812d-4a4c-a6cd-30fbf03bc7bd to remote] DEBUG org.apache.http.headers - http-outgoing-11 << X-Powered-By: Express
75-812d-4a4c-a6cd-30fbf03bc7bd/element &amp#27;[39m&amp#27;[32m200&amp#27;[39m &amp#27;[90m335 ms - 122&amp#27;[39m
12:20:04.571 [Forwarding findElement on session 18063075-812d-4a4c-a6cd-30fbf03bc7bd to remote] DEBUG org.apache.http.headers - http-outgoing-11 << Access-Control-Allow-Origin: *
&amp#27;[35m[HTTP]&amp#27;[39m &amp#27;[90m&amp#27;[39m
12:20:04.571 [Forwarding findElement on session 18063075-812d-4a4c-a6cd-30fbf03bc7bd to remote] DEBUG org.apache.http.headers - http-outgoing-11 << Access-Control-Allow-Methods: GET,POST,PUT,OPTIONS,DELETE
12:20:04.571 [Forwarding findElement on session 18063075-812d-4a4c-a6cd-30fbf03bc7bd to remote] DEBUG org.apache.http.headers - http-outgoing-11 << Access-Control-Allow-Headers: origin, content-type, accept
12:20:04.571 [Forwarding findElement on session 18063075-812d-4a4c-a6cd-30fbf03bc7bd to remote] DEBUG org.apache.http.headers - http-outgoing-11 << Vary: X-HTTP-Method-Override
12:20:04.571 [Forwarding findElement on session 18063075-812d-4a4c-a6cd-30fbf03bc7bd to remote] DEBUG org.apache.http.headers - http-outgoing-11 << Content-Type: application/json; charset=utf-8
12:20:04.571 [Forwarding findElement on session 18063075-812d-4a4c-a6cd-30fbf03bc7bd to remote] DEBUG org.apache.http.headers - http-outgoing-11 << Content-Length: 122
12:20:04.571 [Forwarding findElement on session 18063075-812d-4a4c-a6cd-30fbf03bc7bd to remote] DEBUG org.apache.http.headers - http-outgoing-11 << ETag: W/"7a-w1zc1uO3AF2T75mFMT0Uo4LpVz4"
12:20:04.571 [Forwarding findElement on session 18063075-812d-4a4c-a6cd-30fbf03bc7bd to remote] DEBUG org.apache.http.headers - http-outgoing-11 << Date: Fri, 23 Aug 2019 06:50:04 GMT
12:20:04.571 [Forwarding findElement on session 18063075-812d-4a4c-a6cd-30fbf03bc7bd to remote] DEBUG org.apache.http.headers - http-outgoing-11 << Connection: keep-alive
12:20:04.571 [Forwarding findElement on session 18063075-812d-4a4c-a6cd-30fbf03bc7bd to remote] DEBUG o.a.h.impl.execchain.MainClientExec - Connection can be kept alive indefinitely
12:20:04.572 [Forwarding findElement on session 18063075-812d-4a4c-a6cd-30fbf03bc7bd to remote] DEBUG o.a.h.i.c.PoolingHttpClientConnectionManager - Connection [id: 11][route: {}->http://localhost:4723] can be kept alive indefinitely
12:20:04.572 [Forwarding findElement on session 18063075-812d-4a4c-a6cd-30fbf03bc7bd to remote] DEBUG o.a.h.i.c.PoolingHttpClientConnectionManager - Connection released: [id: 11][route: {}->http://localhost:4723][total kept alive: 1; route allocated: 1 of 2000; total allocated: 1 of 2000]
12:20:04.572 [Forwarding isElementDisplayed on session 18063075-812d-4a4c-a6cd-30fbf03bc7bd to remote] DEBUG o.a.h.c.protocol.RequestAddCookies - CookieSpec selected: default
12:20:04.572 [Forwarding isElementDisplayed on session 18063075-812d-4a4c-a6cd-30fbf03bc7bd to remote] DEBUG o.a.h.c.protocol.RequestAuthCache - Auth cache not set in the context
12:20:04.572 [Forwarding isElementDisplayed on session 18063075-812d-4a4c-a6cd-30fbf03bc7bd to remote] DEBUG o.a.h.i.c.PoolingHttpClientConnectionManager - Connection request: [route: {}->http://localhost:4723][total kept alive: 1; route allocated: 1 of 2000; total allocated: 1 of 2000]
12:20:04.572 [Forwarding isElementDisplayed on session 18063075-812d-4a4c-a6cd-30fbf03bc7bd to remote] DEBUG o.a.h.i.c.PoolingHttpClientConnectionManager - Connection leased: [id: 11][route: {}->http://localhost:4723][total kept alive: 0; route allocated: 1 of 2000; total allocated: 1 of 2000]
12:20:04.572 [Forwarding isElementDisplayed on session 18063075-812d-4a4c-a6cd-30fbf03bc7bd to remote] DEBUG o.a.h.impl.execchain.MainClientExec - Stale connection check
12:20:04.574 [Forwarding isElementDisplayed on session 18063075-812d-4a4c-a6cd-30fbf03bc7bd to remote] DEBUG org.apache.http.wire - http-outgoing-11 << "[read] I/O error: Read timed out"
12:20:04.574 [Forwarding isElementDisplayed on session 18063075-812d-4a4c-a6cd-30fbf03bc7bd to remote] DEBUG o.a.h.i.c.DefaultManagedHttpClientConnection - http-outgoing-11: set socket timeout to 10800000
12:20:04.574 [Forwarding isElementDisplayed on session 18063075-812d-4a4c-a6cd-30fbf03bc7bd to remote] DEBUG o.a.h.impl.execchain.MainClientExec - Executing request GET /wd/hub/session/18063075-812d-4a4c-a6cd-30fbf03bc7bd/element/F1000000-0000-0000-B619-000000000000/displayed HTTP/1.1
12:20:04.574 [Forwarding isElementDisplayed on session 18063075-812d-4a4c-a6cd-30fbf03bc7bd to remote] DEBUG o.a.h.impl.execchain.MainClientExec - Target auth state: UNCHALLENGED
12:20:04.574 [Forwarding isElementDisplayed on session 18063075-812d-4a4c-a6cd-30fbf03bc7bd to remote] DEBUG o.a.h.impl.execchain.MainClientExec - Proxy auth state: UNCHALLENGED
12:20:04.574 [Forwarding isElementDisplayed on session 18063075-812d-4a4c-a6cd-30fbf03bc7bd to remote] DEBUG org.apache.http.headers - http-outgoing-11 >> GET /wd/hub/session/18063075-812d-4a4c-a6cd-30fbf03bc7bd/element/F1000000-0000-0000-B619-000000000000/displayed HTTP/1.1
12:20:04.574 [Forwarding isElementDisplayed on session 18063075-812d-4a4c-a6cd-30fbf03bc7bd to remote] DEBUG org.apache.http.headers - http-outgoing-11 >> Cache-Control: no-cache
12:20:04.574 [Forwarding isElementDisplayed on session 18063075-812d-4a4c-a6cd-30fbf03bc7bd to remote] DEBUG org.apache.http.headers - http-outgoing-11 >> Host: localhost:4723
12:20:04.574 [Forwarding isElementDisplayed on session 18063075-812d-4a4c-a6cd-30fbf03bc7bd to remote] DEBUG org.apache.http.headers - http-outgoing-11 >> Connection: Keep-Alive
12:20:04.574 [Forwarding isElementDisplayed on session 18063075-812d-4a4c-a6cd-30fbf03bc7bd to remote] DEBUG org.apache.http.headers - http-outgoing-11 >> User-Agent: Apache-HttpClient/4.5.2 (Java/1.8.0_171)
12:20:04.574 [Forwarding isElementDisplayed on session 18063075-812d-4a4c-a6cd-30fbf03bc7bd to remote] DEBUG org.apache.http.headers - http-outgoing-11 >> Accept-Encoding: gzip,deflate
12:20:04.574 [Forwarding isElementDisplayed on session 18063075-812d-4a4c-a6cd-30fbf03bc7bd to remote] DEBUG org.apache.http.wire - http-outgoing-11 >> "GET /wd/hub/session/18063075-812d-4a4c-a6cd-30fbf03bc7bd/element/F1000000-0000-0000-B619-000000000000/displayed HTTP/1.1[\r][\n]"
12:20:04.574 [Forwarding isElementDisplayed on session 18063075-812d-4a4c-a6cd-30fbf03bc7bd to remote] DEBUG org.apache.http.wire - http-outgoing-11 >> "Cache-Control: no-cache[\r][\n]"
12:20:04.574 [Forwarding isElementDisplayed on session 18063075-812d-4a4c-a6cd-30fbf03bc7bd to remote] DEBUG org.apache.http.wire - http-outgoing-11 >> "Host: localhost:4723[\r][\n]"
12:20:04.574 [Forwarding isElementDisplayed on session 18063075-812d-4a4c-a6cd-30fbf03bc7bd to remote] DEBUG org.apache.http.wire - http-outgoing-11 >> "Connection: Keep-Alive[\r][\n]"
12:20:04.574 [Forwarding isElementDisplayed on session 18063075-812d-4a4c-a6cd-30fbf03bc7bd to remote] DEBUG org.apache.http.wire - http-outgoing-11 >> "User-Agent: Apache-HttpClient/4.5.2 (Java/1.8.0_171)[\r][\n]"
12:20:04.574 [Forwarding isElementDisplayed on session 18063075-812d-4a4c-a6cd-30fbf03bc7bd to remote] DEBUG org.apache.http.wire - http-outgoing-11 >> "Accept-Encoding: gzip,deflate[\r][\n]"
12:20:04.574 [Forwarding isElementDisplayed on session 18063075-812d-4a4c-a6cd-30fbf03bc7bd to remote] DEBUG org.apache.http.wire - http-outgoing-11 >> "[\r][\n]"
&amp#27;[35m[HTTP]&amp#27;[39m &amp#27;[37m-->&amp#27;[39m &amp#27;[37mGET&amp#27;[39m &amp#27;[37m/wd/hub/session/18063075-812d-4a4c-a6cd-30fbf03bc7bd/element/F1000000-0000-0000-B619-000000000000/displayed&amp#27;[39m
&amp#27;[35m[HTTP]&amp#27;[39m &amp#27;[90m{}&amp#27;[39m
&amp#27;[35m[MJSONWP]&amp#27;[39m Driver proxy active, passing request on via HTTP proxy
&amp#27;[35m[JSONWP Proxy]&amp#27;[39m Replacing sessionId 2E21A88C12:20:04.828 [Forwarding isElementDisplayed on session 18063075-812d-4a4c-a6cd-30fbf03bc7bd to remote] DEBUG org.apache.http.wire - http-outgoing-11 << "HTTP/1.1 200 OK[\r][\n]"
-0D02-488A-85F6-3645F1B6103A with 18063075-812d-4a4c-a6cd-30fbf03bc7bd
12:20:04.828 [Forwarding isElementDisplayed on session 18063075-812d-4a4c-a6cd-30fbf03bc7bd to remote] DEBUG org.apache.http.wire - http-outgoing-11 << "X-Powered-By: Express[\r][\n]"
&amp#27;[35m[HTT12:20:04.829 [Forwarding isElementDisplayed on session 18063075-812d-4a4c-a6cd-30fbf03bc7bd to remote] DEBUG org.apache.http.wire - http-outgoing-11 << "Access-Control-Allow-Origin: *[\r][\n]"
P]&amp#27;[39m &amp#27;[37m<-- GET /wd/hub/session/18063075-81212:20:04.829 [Forwarding isElementDisplayed on session 18063075-812d-4a4c-a6cd-30fbf03bc7bd to remote] DEBUG org.apache.http.wire - http-outgoing-11 << "Access-Control-Allow-Methods: GET,POST,PUT,OPTIONS,DELETE[\r][\n]"
12:20:04.829 [Forwarding isElementDisplayed on session 18063075-812d-4a4c-a6cd-30fbf03bc7bd to remote] DEBUG org.apache.http.wire - http-outgoing-11 << "Access-Control-Allow-Headers: origin, content-type, accept[\r][\n]"
d-4a4c-a6cd-30fbf03bc7bd/elemen12:20:04.829 [Forwarding isElementDisplayed on session 18063075-812d-4a4c-a6cd-30fbf03bc7bd to remote] DEBUG org.apache.http.wire - http-outgoing-11 << "Content-Type: application/json; charset=utf-8[\r][\n]"
t/F100000012:20:04.830 [Forwarding isElementDisplayed on session 18063075-812d-4a4c-a6cd-30fbf03bc7bd to remote] DEBUG org.apache.http.wire - http-outgoing-11 << "Content-Length: 76[\r][\n]"
-012:20:04.830 [Forwarding isElementDisplayed on session 18063075-812d-4a4c-a6cd-30fbf03bc7bd to remote] DEBUG org.apache.http.wire - http-outgoing-11 << "ETag: W/"4c-Y7k244UeXncxktz3h+rJR8RJids"[\r][\n]"
000-0000-B619-000000000000/displayed &amp#27;[39m&amp#27;[32m200&amp#27;[39m &amp#27;[90m254 ms - 76&amp#27;[39m
&amp#27;[35m[H12:20:04.830 [Forwarding isElementDisplayed on session 18063075-812d-4a4c-a6cd-30fbf03bc7bd to remote] DEBUG org.apache.http.wire - http-outgoing-11 << "Date: Fri, 23 Aug 2019 06:50:04 GMT[\r][\n]"
TTP]&amp#27;[39m &amp#27;[90m&amp#27;[39m
12:20:04.830 [Forwarding isElementDisplayed on session 18063075-812d-4a4c-a6cd-30fbf03bc7bd to remote] DEBUG org.apache.http.wire - http-outgoing-11 << "Connection: keep-alive[\r][\n]"
12:20:04.831 [Forwarding isElementDisplayed on session 18063075-812d-4a4c-a6cd-30fbf03bc7bd to remote] DEBUG org.apache.http.wire - http-outgoing-11 << "[\r][\n]"
12:20:04.831 [Forwarding isElementDisplayed on session 18063075-812d-4a4c-a6cd-30fbf03bc7bd to remote] DEBUG org.apache.http.wire - http-outgoing-11 << "{"value":true,"sessionId":"18063075-812d-4a4c-a6cd-30fbf03bc7bd","status":0}"
12:20:04.831 [Forwarding isElementDisplayed on session 18063075-812d-4a4c-a6cd-30fbf03bc7bd to remote] DEBUG org.apache.http.headers - http-outgoing-11 << HTTP/1.1 200 OK
12:20:04.831 [Forwarding isElementDisplayed on session 18063075-812d-4a4c-a6cd-30fbf03bc7bd to remote] DEBUG org.apache.http.headers - http-outgoing-11 << X-Powered-By: Express
12:20:04.831 [Forwarding isElementDisplayed on session 18063075-812d-4a4c-a6cd-30fbf03bc7bd to remote] DEBUG org.apache.http.headers - http-outgoing-11 << Access-Control-Allow-Origin: *
12:20:04.831 [Forwarding isElementDisplayed on session 18063075-812d-4a4c-a6cd-30fbf03bc7bd to remote] DEBUG org.apache.http.headers - http-outgoing-11 << Access-Control-Allow-Methods: GET,POST,PUT,OPTIONS,DELETE
12:20:04.831 [Forwarding isElementDisplayed on session 18063075-812d-4a4c-a6cd-30fbf03bc7bd to remote] DEBUG org.apache.http.headers - http-outgoing-11 << Access-Control-Allow-Headers: origin, content-type, accept
12:20:04.831 [Forwarding isElementDisplayed on session 18063075-812d-4a4c-a6cd-30fbf03bc7bd to remote] DEBUG org.apache.http.headers - http-outgoing-11 << Content-Type: application/json; charset=utf-8
12:20:04.831 [Forwarding isElementDisplayed on session 18063075-812d-4a4c-a6cd-30fbf03bc7bd to remote] DEBUG org.apache.http.headers - http-outgoing-11 << Content-Length: 76
12:20:04.831 [Forwarding isElementDisplayed on session 18063075-812d-4a4c-a6cd-30fbf03bc7bd to remote] DEBUG org.apache.http.headers - http-outgoing-11 << ETag: W/"4c-Y7k244UeXncxktz3h+rJR8RJids"
12:20:04.831 [Forwarding isElementDisplayed on session 18063075-812d-4a4c-a6cd-30fbf03bc7bd to remote] DEBUG org.apache.http.headers - http-outgoing-11 << Date: Fri, 23 Aug 2019 06:50:04 GMT
12:20:04.831 [Forwarding isElementDisplayed on session 18063075-812d-4a4c-a6cd-30fbf03bc7bd to remote] DEBUG org.apache.http.headers - http-outgoing-11 << Connection: keep-alive
12:20:04.831 [Forwarding isElementDisplayed on session 18063075-812d-4a4c-a6cd-30fbf03bc7bd to remote] DEBUG o.a.h.impl.execchain.MainClientExec - Connection can be kept alive indefinitely
12:20:04.831 [Forwarding isElementDisplayed on session 18063075-812d-4a4c-a6cd-30fbf03bc7bd to remote] DEBUG o.a.h.i.c.PoolingHttpClientConnectionManager - Connection [id: 11][route: {}->http://localhost:4723] can be kept alive indefinitely
12:20:04.831 [Forwarding isElementDisplayed on session 18063075-812d-4a4c-a6cd-30fbf03bc7bd to remote] DEBUG o.a.h.i.c.PoolingHttpClientConnectionManager - Connection released: [id: 11][route: {}->http://localhost:4723][total kept alive: 1; route allocated: 1 of 2000; total allocated: 1 of 2000]
12:20:04.831 [Forwarding findElement on session 18063075-812d-4a4c-a6cd-30fbf03bc7bd to remote] DEBUG o.a.h.c.protocol.RequestAddCookies - CookieSpec selected: default
12:20:04.831 [Forwarding findElement on session 18063075-812d-4a4c-a6cd-30fbf03bc7bd to remote] DEBUG o.a.h.c.protocol.RequestAuthCache - Auth cache not set in the context
12:20:04.832 [Forwarding findElement on session 18063075-812d-4a4c-a6cd-30fbf03bc7bd to remote] DEBUG o.a.h.i.c.PoolingHttpClientConnectionManager - Connection request: [route: {}->http://localhost:4723][total kept alive: 1; route allocated: 1 of 2000; total allocated: 1 of 2000]
12:20:04.832 [Forwarding findElement on session 18063075-812d-4a4c-a6cd-30fbf03bc7bd to remote] DEBUG o.a.h.i.c.PoolingHttpClientConnectionManager - Connection leased: [id: 11][route: {}->http://localhost:4723][total kept alive: 0; route allocated: 1 of 2000; total allocated: 1 of 2000]
12:20:04.832 [Forwarding findElement on session 18063075-812d-4a4c-a6cd-30fbf03bc7bd to remote] DEBUG o.a.h.impl.execchain.MainClientExec - Stale connection check
12:20:04.833 [Forwarding findElement on session 18063075-812d-4a4c-a6cd-30fbf03bc7bd to remote] DEBUG org.apache.http.wire - http-outgoing-11 << "[read] I/O error: Read timed out"
12:20:04.833 [Forwarding findElement on session 18063075-812d-4a4c-a6cd-30fbf03bc7bd to remote] DEBUG o.a.h.i.c.DefaultManagedHttpClientConnection - http-outgoing-11: set socket timeout to 10800000
12:20:04.833 [Forwarding findElement on session 18063075-812d-4a4c-a6cd-30fbf03bc7bd to remote] DEBUG o.a.h.impl.execchain.MainClientExec - Executing request POST /wd/hub/session/18063075-812d-4a4c-a6cd-30fbf03bc7bd/element HTTP/1.1
12:20:04.833 [Forwarding findElement on session 18063075-812d-4a4c-a6cd-30fbf03bc7bd to remote] DEBUG o.a.h.impl.execchain.MainClientExec - Target auth state: UNCHALLENGED
12:20:04.833 [Forwarding findElement on session 18063075-812d-4a4c-a6cd-30fbf03bc7bd to remote] DEBUG o.a.h.impl.execchain.MainClientExec - Proxy auth state: UNCHALLENGED
12:20:04.833 [Forwarding findElement on session 18063075-812d-4a4c-a6cd-30fbf03bc7bd to remote] DEBUG org.apache.http.headers - http-outgoing-11 >> POST /wd/hub/session/18063075-812d-4a4c-a6cd-30fbf03bc7bd/element HTTP/1.1
12:20:04.833 [Forwarding findElement on session 18063075-812d-4a4c-a6cd-30fbf03bc7bd to remote] DEBUG org.apache.http.headers - http-outgoing-11 >> Content-Type: application/json; charset=utf-8
12:20:04.833 [Forwarding findElement on session 18063075-812d-4a4c-a6cd-30fbf03bc7bd to remote] DEBUG org.apache.http.headers - http-outgoing-11 >> Content-Length: 42
12:20:04.833 [Forwarding findElement on session 18063075-812d-4a4c-a6cd-30fbf03bc7bd to remote] DEBUG org.apache.http.headers - http-outgoing-11 >> Host: localhost:4723
12:20:04.833 [Forwarding findElement on session 18063075-812d-4a4c-a6cd-30fbf03bc7bd to remote] DEBUG org.apache.http.headers - http-outgoing-11 >> Connection: Keep-Alive
12:20:04.833 [Forwarding findElement on session 18063075-812d-4a4c-a6cd-30fbf03bc7bd to remote] DEBUG org.apache.http.headers - http-outgoing-11 >> User-Agent: Apache-HttpClient/4.5.2 (Java/1.8.0_171)
12:20:04.833 [Forwarding findElement on session 18063075-812d-4a4c-a6cd-30fbf03bc7bd to remote] DEBUG org.apache.http.headers - http-outgoing-11 >> Accept-Encoding: gzip,deflate
12:20:04.833 [Forwarding findElement on session 18063075-812d-4a4c-a6cd-30fbf03bc7bd to remote] DEBUG org.apache.http.wire - http-outgoing-11 >> "POST /wd/hub/session/18063075-812d-4a4c-a6cd-30fbf03bc7bd/element HTTP/1.1[\r][\n]"
12:20:04.833 [Forwarding findElement on session 18063075-812d-4a4c-a6cd-30fbf03bc7bd to remote] DEBUG org.apache.http.wire - http-outgoing-11 >> "Content-Type: application/json; charset=utf-8[\r][\n]"
12:20:04.833 [Forwarding findElement on session 18063075-812d-4a4c-a6cd-30fbf03bc7bd to remote] DEBUG org.apache.http.wire - http-outgoing-11 >> "Content-Length: 42[\r][\n]"
12:20:04.833 [Forwarding findElement on session 18063075-812d-4a4c-a6cd-30fbf03bc7bd to remote] DEBUG org.apache.http.wire - http-outgoing-11 >> "Host: localhost:4723[\r][\n]"
12:20:04.833 [Forwarding findElement on session 18063075-812d-4a4c-a6cd-30fbf03bc7bd to remote] DEBUG org.apache.http.wire - http-outgoing-11 >> "Connection: Keep-Alive[\r][\n]"
12:20:04.833 [Forwarding findElement on session 18063075-812d-4a4c-a6cd-30fbf03bc7bd to remote] DEBUG org.apache.http.wire - http-outgoing-11 >> "User-Agent: Apache-HttpClient/4.5.2 (Java/1.8.0_171)[\r][\n]"
12:20:04.833 [Forwarding findElement on session 18063075-812d-4a4c-a6cd-30fbf03bc7bd to remote] DEBUG org.apache.http.wire - http-outgoing-11 >> "Accept-Encoding: gzip,deflate[\r][\n]"
12:20:04.833 [Forwarding findElement on session 18063075-812d-4a4c-a6cd-30fbf03bc7bd to remote] DEBUG org.apache.http.wire - http-outgoing-11 >> "[\r][\n]"
12:20:04.833 [Forwarding findElement on session 18063075-812d-4a4c-a6cd-30fbf03bc7bd to remote] DEBUG org.apache.http.wire - http-outgoing-11 >> "{"using":"name","value":"navbar back btn"}"
&amp#27;[35m[HTTP]&amp#27;[39m &amp#27;[37m-->&amp#27;[39m &amp#27;[37mPOST&amp#27;[39m &amp#27;[37m/wd/hub/session/18063075-812d-4a4c-a6cd-30fbf03bc7bd/element&amp#27;[39m
&amp#27;[35m[HTTP]&amp#27;[39m &amp#27;[90m{"using":"name","value":"navbar back btn"}&amp#27;[39m
12:20:05.177 [Forwarding findElement on session 18063075-812d-4a4c-a6cd-30fbf03bc7bd to remote] DEBUG org.apache.http.wire - http-outgoing-11 << "HTTP/1.1 200 OK[\r][\n]"
12:20:05.177 [Forwarding findElement on session 18063075-812d-4a4c-a6cd-30fbf03bc7bd to remote] DEBUG org.apache.http.wire - http-outgoing-11 << "X-Powered-By: Express[\r][\n]"
12:20:05.177 [Forwarding findElement on session 18063075-812d-4a4c-a6cd-30fbf03bc7bd to remote] DEBUG org.apache.http.wire - http-outgoing-11 << "Access-Control-Allow-Origin: *[\r][\n]"
12:20:05.177 [Forwarding findElement on session 18063075-812d-4a4c-a6cd-30fbf03bc7bd to remote] DEBUG org.apache.http.wire - http-outgoing-11 << "Access-Control-Allow-Methods: GET,POST,PUT,OPTIONS,DELETE[\r][\n]"
&amp#27;[35m[HTTP12:20:05.177 [Forwarding findElement on session 18063075-812d-4a4c-a6cd-30fbf03bc7bd to remote] DEBUG org.apache.http.wire - http-outgoing-11 << "Access-Control-Allow-Headers: origin, content-type, accept[\r][\n]"
12:20:05.177 [Forwarding findElement on session 18063075-812d-4a4c-a6cd-30fbf03bc7bd to remote] DEBUG org.apache.http.wire - http-outgoing-11 << "Vary: X-HTTP-Method-Override[\r][\n]"
]&amp#27;[3912:20:05.177 [Forwarding findElement on session 18063075-812d-4a4c-a6cd-30fbf03bc7bd to remote] DEBUG org.apache.http.wire - http-outgoing-11 << "Content-Type: application/json; charset=utf-8[\r][\n]"
m &amp#27;[12:20:05.177 [Forwarding findElement on session 18063075-812d-4a4c-a6cd-30fbf03bc7bd to remote] DEBUG org.apache.http.wire - http-outgoing-11 << "Content-Length: 122[\r][\n]"
12:20:05.177 [Forwarding findElement on session 18063075-812d-4a4c-a6cd-30fbf03bc7bd to remote] DEBUG org.apache.http.wire - http-outgoing-11 << "ETag: W/"7a-w1zc1uO3AF2T75mFMT0Uo4LpVz4"[\r][\n]"
37m<--12:20:05.177 [Forwarding findElement on session 18063075-812d-4a4c-a6cd-30fbf03bc7bd to remote] DEBUG org.apache.http.wire - http-outgoing-11 << "Date: Fri, 23 Aug 2019 06:50:05 GMT[\r][\n]"
 POST /wd/hub/sess12:20:05.177 [Forwarding findElement on session 18063075-812d-4a4c-a6cd-30fbf03bc7bd to remote] DEBUG org.apache.http.wire - http-outgoing-11 << "Connection: keep-alive[\r][\n]"
12:20:05.177 [Forwarding findElement on session 18063075-812d-4a4c-a6cd-30fbf03bc7bd to remote] DEBUG org.apache.http.wire - http-outgoing-11 << "[\r][\n]"
ion/18063075-812d-4a4c-a6cd-30fbf03bc12:20:05.177 [Forwarding findElement on session 18063075-812d-4a4c-a6cd-30fbf03bc7bd to remote] DEBUG org.apache.http.wire - http-outgoing-11 << "{"status":0,"value":{"ELEMENT":"F1000000-0000-0000-B619-000000000000"},"sessionId":"18063075-812d-4a4c-a6cd-30fbf03bc7bd"}"
7bd/elem12:20:05.178 [Forwarding findElement on session 18063075-812d-4a4c-a6cd-30fbf03bc7bd to remote] DEBUG org.apache.http.headers - http-outgoing-11 << HTTP/1.1 200 OK
12:20:05.178 [Forwarding findElement on session 18063075-812d-4a4c-a6cd-30fbf03bc7bd to remote] DEBUG org.apache.http.headers - http-outgoing-11 << X-Powered-By: Express
12:20:05.178 [Forwarding findElement on session 18063075-812d-4a4c-a6cd-30fbf03bc7bd to remote] DEBUG org.apache.http.headers - http-outgoing-11 << Access-Control-Allow-Origin: *
12:20:05.178 [Forwarding findElement on session 18063075-812d-4a4c-a6cd-30fbf03bc7bd to remote] DEBUG org.apache.http.headers - http-outgoing-11 << Access-Control-Allow-Methods: GET,POST,PUT,OPTIONS,DELETE
12:20:05.178 [Forwarding findElement on session 18063075-812d-4a4c-a6cd-30fbf03bc7bd to remote] DEBUG org.apache.http.headers - http-outgoing-11 << Access-Control-Allow-Headers: origin, content-type, accept
12:20:05.178 [Forwarding findElement on session 18063075-812d-4a4c-a6cd-30fbf03bc7bd to remote] DEBUG org.apache.http.headers - http-outgoing-11 << Vary: X-HTTP-Method-Override
12:20:05.178 [Forwarding findElement on session 18063075-812d-4a4c-a6cd-30fbf03bc7bd to remote] DEBUG org.apache.http.headers - http-outgoing-11 << Content-Type: application/json; charset=utf-8
ent &amp#27;[39m&amp#27;[32m200&amp#27;[39m &amp#27;[90m343 ms - 122&amp#27;[39m
12:20:05.178 [Forwarding findElement on session 18063075-812d-4a4c-a6cd-30fbf03bc7bd to remote] DEBUG org.apache.http.headers - http-outgoing-11 << Content-Length: 122
12:20:05.178 [Forwarding findElement on session 18063075-812d-4a4c-a6cd-30fbf03bc7bd to remote] DEBUG org.apache.http.headers - http-outgoing-11 << ETag: W/"7a-w1zc1uO3AF2T75mFMT0Uo4LpVz4"
12:20:05.178 [Forwarding findElement on session 18063075-812d-4a4c-a6cd-30fbf03bc7bd to remote] DEBUG org.apache.http.headers - http-outgoing-11 << Date: Fri, 23 Aug 2019 06:50:05 GMT
&amp#27;[35m[HTTP]&amp#27;[39m &amp#27;[90m&amp#27;[39m
12:20:05.178 [Forwarding findElement on session 18063075-812d-4a4c-a6cd-30fbf03bc7bd to remote] DEBUG org.apache.http.headers - http-outgoing-11 << Connection: keep-alive
12:20:05.178 [Forwarding findElement on session 18063075-812d-4a4c-a6cd-30fbf03bc7bd to remote] DEBUG o.a.h.impl.execchain.MainClientExec - Connection can be kept alive indefinitely
12:20:05.178 [Forwarding findElement on session 18063075-812d-4a4c-a6cd-30fbf03bc7bd to remote] DEBUG o.a.h.i.c.PoolingHttpClientConnectionManager - Connection [id: 11][route: {}->http://localhost:4723] can be kept alive indefinitely
12:20:05.178 [Forwarding findElement on session 18063075-812d-4a4c-a6cd-30fbf03bc7bd to remote] DEBUG o.a.h.i.c.PoolingHttpClientConnectionManager - Connection released: [id: 11][route: {}->http://localhost:4723][total kept alive: 1; route allocated: 1 of 2000; total allocated: 1 of 2000]
12:20:05.179 [Forwarding clickElement on session 18063075-812d-4a4c-a6cd-30fbf03bc7bd to remote] DEBUG o.a.h.c.protocol.RequestAddCookies - CookieSpec selected: default
12:20:05.179 [Forwarding clickElement on session 18063075-812d-4a4c-a6cd-30fbf03bc7bd to remote] DEBUG o.a.h.c.protocol.RequestAuthCache - Auth cache not set in the context
12:20:05.179 [Forwarding clickElement on session 18063075-812d-4a4c-a6cd-30fbf03bc7bd to remote] DEBUG o.a.h.i.c.PoolingHttpClientConnectionManager - Connection request: [route: {}->http://localhost:4723][total kept alive: 1; route allocated: 1 of 2000; total allocated: 1 of 2000]
12:20:05.179 [Forwarding clickElement on session 18063075-812d-4a4c-a6cd-30fbf03bc7bd to remote] DEBUG o.a.h.i.c.PoolingHttpClientConnectionManager - Connection leased: [id: 11][route: {}->http://localhost:4723][total kept alive: 0; route allocated: 1 of 2000; total allocated: 1 of 2000]
12:20:05.179 [Forwarding clickElement on session 18063075-812d-4a4c-a6cd-30fbf03bc7bd to remote] DEBUG o.a.h.impl.execchain.MainClientExec - Stale connection check
12:20:05.180 [Forwarding clickElement on session 18063075-812d-4a4c-a6cd-30fbf03bc7bd to remote] DEBUG org.apache.http.wire - http-outgoing-11 << "[read] I/O error: Read timed out"
12:20:05.180 [Forwarding clickElement on session 18063075-812d-4a4c-a6cd-30fbf03bc7bd to remote] DEBUG o.a.h.i.c.DefaultManagedHttpClientConnection - http-outgoing-11: set socket timeout to 10800000
12:20:05.180 [Forwarding clickElement on session 18063075-812d-4a4c-a6cd-30fbf03bc7bd to remote] DEBUG o.a.h.impl.execchain.MainClientExec - Executing request POST /wd/hub/session/18063075-812d-4a4c-a6cd-30fbf03bc7bd/element/F1000000-0000-0000-B619-000000000000/click HTTP/1.1
12:20:05.180 [Forwarding clickElement on session 18063075-812d-4a4c-a6cd-30fbf03bc7bd to remote] DEBUG o.a.h.impl.execchain.MainClientExec - Target auth state: UNCHALLENGED
12:20:05.181 [Forwarding clickElement on session 18063075-812d-4a4c-a6cd-30fbf03bc7bd to remote] DEBUG o.a.h.impl.execchain.MainClientExec - Proxy auth state: UNCHALLENGED
12:20:05.181 [Forwarding clickElement on session 18063075-812d-4a4c-a6cd-30fbf03bc7bd to remote] DEBUG org.apache.http.headers - http-outgoing-11 >> POST /wd/hub/session/18063075-812d-4a4c-a6cd-30fbf03bc7bd/element/F1000000-0000-0000-B619-000000000000/click HTTP/1.1
12:20:05.181 [Forwarding clickElement on session 18063075-812d-4a4c-a6cd-30fbf03bc7bd to remote] DEBUG org.apache.http.headers - http-outgoing-11 >> Content-Type: application/json; charset=utf-8
12:20:05.181 [Forwarding clickElement on session 18063075-812d-4a4c-a6cd-30fbf03bc7bd to remote] DEBUG org.apache.http.headers - http-outgoing-11 >> Content-Length: 45
12:20:05.181 [Forwarding clickElement on session 18063075-812d-4a4c-a6cd-30fbf03bc7bd to remote] DEBUG org.apache.http.headers - http-outgoing-11 >> Host: localhost:4723
12:20:05.181 [Forwarding clickElement on session 18063075-812d-4a4c-a6cd-30fbf03bc7bd to remote] DEBUG org.apache.http.headers - http-outgoing-11 >> Connection: Keep-Alive
12:20:05.181 [Forwarding clickElement on session 18063075-812d-4a4c-a6cd-30fbf03bc7bd to remote] DEBUG org.apache.http.headers - http-outgoing-11 >> User-Agent: Apache-HttpClient/4.5.2 (Java/1.8.0_171)
12:20:05.181 [Forwarding clickElement on session 18063075-812d-4a4c-a6cd-30fbf03bc7bd to remote] DEBUG org.apache.http.headers - http-outgoing-11 >> Accept-Encoding: gzip,deflate
12:20:05.181 [Forwarding clickElement on session 18063075-812d-4a4c-a6cd-30fbf03bc7bd to remote] DEBUG org.apache.http.wire - http-outgoing-11 >> "POST /wd/hub/session/18063075-812d-4a4c-a6cd-30fbf03bc7bd/element/F1000000-0000-0000-B619-000000000000/click HTTP/1.1[\r][\n]"
12:20:05.181 [Forwarding clickElement on session 18063075-812d-4a4c-a6cd-30fbf03bc7bd to remote] DEBUG org.apache.http.wire - http-outgoing-11 >> "Content-Type: application/json; charset=utf-8[\r][\n]"
12:20:05.181 [Forwarding clickElement on session 18063075-812d-4a4c-a6cd-30fbf03bc7bd to remote] DEBUG org.apache.http.wire - http-outgoing-11 >> "Content-Length: 45[\r][\n]"
12:20:05.181 [Forwarding clickElement on session 18063075-812d-4a4c-a6cd-30fbf03bc7bd to remote] DEBUG org.apache.http.wire - http-outgoing-11 >> "Host: localhost:4723[\r][\n]"
12:20:05.181 [Forwarding clickElement on session 18063075-812d-4a4c-a6cd-30fbf03bc7bd to remote] DEBUG org.apache.http.wire - http-outgoing-11 >> "Connection: Keep-Alive[\r][\n]"
12:20:05.181 [Forwarding clickElement on session 18063075-812d-4a4c-a6cd-30fbf03bc7bd to remote] DEBUG org.apache.http.wire - http-outgoing-11 >> "User-Agent: Apache-HttpClient/4.5.2 (Java/1.8.0_171)[\r][\n]"
12:20:05.181 [Forwarding clickElement on session 18063075-812d-4a4c-a6cd-30fbf03bc7bd to remote] DEBUG org.apache.http.wire - http-outgoing-11 >> "Accept-Encoding: gzip,deflate[\r][\n]"
12:20:05.181 [Forwarding clickElement on session 18063075-812d-4a4c-a6cd-30fbf03bc7bd to remote] DEBUG org.apache.http.wire - http-outgoing-11 >> "[\r][\n]"
12:20:05.181 [Forwarding clickElement on session 18063075-812d-4a4c-a6cd-30fbf03bc7bd to remote] DEBUG org.apache.http.wire - http-outgoing-11 >> "{"id":"F1000000-0000-0000-B619-000000000000"}"
&amp#27;[35m[HTTP]&amp#27;[39m &amp#27;[37m-->&amp#27;[39m &amp#27;[37mPOST&amp#27;[39m &amp#27;[37m/wd/hub/session/18063075-812d-4a4c-a6cd-30fbf03bc7bd/element/F1000000-0000-0000-B619-000000000000/click&amp#27;[39m
&amp#27;[35m[HTTP]&amp#27;[39m &amp#27;[90m{"id":"F1000000-0000-0000-B619-000000000000"}&amp#27;[39m
&amp#27;[35m[MJSONWP]&amp#27;[39m Driver proxy active, passing request on via HTTP proxy
&amp#27;[35m[JSONWP Proxy]&amp#27;[39m Replacing sessionId 2E21A88C-0D02-412:20:05.851 [Forwarding clickElement on session 18063075-812d-4a4c-a6cd-30fbf03bc7bd to remote] DEBUG org.apache.http.wire - http-outgoing-11 << "HTTP/1.1 200 OK[\r][\n]"
88A-85F6-3645F1B61012:20:05.852 [Forwarding clickElement on session 18063075-812d-4a4c-a6cd-30fbf03bc7bd to remote] DEBUG org.apache.http.wire - http-outgoing-11 << "X-Powered-By: Express[\r][\n]"
12:20:05.852 [Forwarding clickElement on session 18063075-812d-4a4c-a6cd-30fbf03bc7bd to remote] DEBUG org.apache.http.wire - http-outgoing-11 << "Access-Control-Allow-Origin: *[\r][\n]"
3A 12:20:05.852 [Forwarding clickElement on session 18063075-812d-4a4c-a6cd-30fbf03bc7bd to remote] DEBUG org.apache.http.wire - http-outgoing-11 << "Access-Control-Allow-Methods: GET,POST,PUT,OPTIONS,DELETE[\r][\n]"
12:20:05.852 [Forwarding clickElement on session 18063075-812d-4a4c-a6cd-30fbf03bc7bd to remote] DEBUG org.apache.http.wire - http-outgoing-11 << "Access-Control-Allow-Headers: origin, content-type, accept[\r][\n]"
wi12:20:05.852 [Forwarding clickElement on session 18063075-812d-4a4c-a6cd-30fbf03bc7bd to remote] DEBUG org.apache.http.wire - http-outgoing-11 << "Vary: X-HTTP-Method-Override[\r][\n]"
12:20:05.852 [Forwarding clickElement on session 18063075-812d-4a4c-a6cd-30fbf03bc7bd to remote] DEBUG org.apache.http.wire - http-outgoing-11 << "Content-Type: application/json; charset=utf-8[\r][\n]"
12:20:05.852 [Forwarding clickElement on session 18063075-812d-4a4c-a6cd-30fbf03bc7bd to remote] DEBUG org.apache.http.wire - http-outgoing-11 << "Content-Length: 118[\r][\n]"
12:20:05.852 [Forwarding clickElement on session 18063075-812d-4a4c-a6cd-30fbf03bc7bd to remote] DEBUG org.apache.http.wire - http-outgoing-11 << "ETag: W/"76-1RqLID3NrE+IFZn8g1GJSy2GsNo"[\r][\n]"
12:20:05.852 [Forwarding clickElement on session 18063075-812d-4a4c-a6cd-30fbf03bc7bd to remote] DEBUG org.apache.http.wire - http-outgoing-11 << "Date: Fri, 23 Aug 2019 06:50:05 GMT[\r][\n]"
12:20:05.852 [Forwarding clickElement on session 18063075-812d-4a4c-a6cd-30fbf03bc7bd to remote] DEBUG org.apache.http.wire - http-outgoing-11 << "Connection: keep-alive[\r][\n]"
12:20:05.852 [Forwarding clickElement on session 18063075-812d-4a4c-a6cd-30fbf03bc7bd to remote] DEBUG org.apache.http.wire - http-outgoing-11 << "[\r][\n]"
th 1806312:20:05.852 [Forwarding clickElement on session 18063075-812d-4a4c-a6cd-30fbf03bc7bd to remote] DEBUG org.apache.http.wire - http-outgoing-11 << "{"status":0,"id":"F1000000-0000-0000-B619-000000000000","value":"","sessionId":"18063075-812d-4a4c-a6cd-30fbf03bc7bd"}"
075-812d-4a12:20:05.852 [Forwarding clickElement on session 18063075-812d-4a4c-a6cd-30fbf03bc7bd to remote] DEBUG org.apache.http.headers - http-outgoing-11 << HTTP/1.1 200 OK
4c-a6cd-30fbf03bc7bd
12:20:05.853 [Forwarding clickElement on session 18063075-812d-4a4c-a6cd-30fbf03bc7bd to remote] DEBUG org.apache.http.headers - http-outgoing-11 << X-Powered-By: Express
&amp#27;[35m[HTTP]&amp#27;[39m &amp#27;[37m<-12:20:05.853 [Forwarding clickElement on session 18063075-812d-4a4c-a6cd-30fbf03bc7bd to remote] DEBUG org.apache.http.headers - http-outgoing-11 << Access-Control-Allow-Origin: *
12:20:05.853 [Forwarding clickElement on session 18063075-812d-4a4c-a6cd-30fbf03bc7bd to remote] DEBUG org.apache.http.headers - http-outgoing-11 << Access-Control-Allow-Methods: GET,POST,PUT,OPTIONS,DELETE
- POST /wd/hub/session/18063075-812d-4a4c-a6cd-30f12:20:05.853 [Forwarding clickElement on session 18063075-812d-4a4c-a6cd-30fbf03bc7bd to remote] DEBUG org.apache.http.headers - http-outgoing-11 << Access-Control-Allow-Headers: origin, content-type, accept
12:20:05.854 [Forwarding clickElement on session 18063075-812d-4a4c-a6cd-30fbf03bc7bd to remote] DEBUG org.apache.http.headers - http-outgoing-11 << Vary: X-HTTP-Method-Override
12:20:05.854 [Forwarding clickElement on session 18063075-812d-4a4c-a6cd-30fbf03bc7bd to remote] DEBUG org.apache.http.headers - http-outgoing-11 << Content-Type: application/json; charset=utf-8
bf03bc712:20:05.854 [Forwarding clickElement on session 18063075-812d-4a4c-a6cd-30fbf03bc7bd to remote] DEBUG org.apache.http.headers - http-outgoing-11 << Content-Length: 118
12:20:05.854 [Forwarding clickElement on session 18063075-812d-4a4c-a6cd-30fbf03bc7bd to remote] DEBUG org.apache.http.headers - http-outgoing-11 << ETag: W/"76-1RqLID3NrE+IFZn8g1GJSy2GsNo"
bd/el12:20:05.854 [Forwarding clickElement on session 18063075-812d-4a4c-a6cd-30fbf03bc7bd to remote] DEBUG org.apache.http.headers - http-outgoing-11 << Date: Fri, 23 Aug 2019 06:50:05 GMT
12:20:05.854 [Forwarding clickElement on session 18063075-812d-4a4c-a6cd-30fbf03bc7bd to remote] DEBUG org.apache.http.headers - http-outgoing-11 << Connection: keep-alive
ement/F100012:20:05.854 [Forwarding clickElement on session 18063075-812d-4a4c-a6cd-30fbf03bc7bd to remote] DEBUG o.a.h.impl.execchain.MainClientExec - Connection can be kept alive indefinitely
000-0000-0000-B619-000000000000/click &amp#27;[39m&amp#27;12:20:05.854 [Forwarding clickElement on session 18063075-812d-4a4c-a6cd-30fbf03bc7bd to remote] DEBUG o.a.h.i.c.PoolingHttpClientConnectionManager - Connection [id: 11][route: {}->http://localhost:4723] can be kept alive indefinitely
[32m200&amp#27;[39m &amp#27;[90m670 ms - 112:20:05.854 [Forwarding clickElement on session 18063075-812d-4a4c-a6cd-30fbf03bc7bd to remote] DEBUG o.a.h.i.c.PoolingHttpClientConnectionManager - Connection released: [id: 11][route: {}->http://localhost:4723][total kept alive: 1; route allocated: 1 of 2000; total allocated: 1 of 2000]
18&amp#27;[39m
&amp#27;[35m[HTTP]&amp#27;[39m &amp#27;[90m&amp#27;[39m
12:20:05.855 [Forwarding findElement on session 18063075-812d-4a4c-a6cd-30fbf03bc7bd to remote] DEBUG o.a.h.c.protocol.RequestAddCookies - CookieSpec selected: default
12:20:05.856 [Forwarding findElement on session 18063075-812d-4a4c-a6cd-30fbf03bc7bd to remote] DEBUG o.a.h.c.protocol.RequestAuthCache - Auth cache not set in the context
12:20:05.856 [Forwarding findElement on session 18063075-812d-4a4c-a6cd-30fbf03bc7bd to remote] DEBUG o.a.h.i.c.PoolingHttpClientConnectionManager - Connection request: [route: {}->http://localhost:4723][total kept alive: 1; route allocated: 1 of 2000; total allocated: 1 of 2000]
12:20:05.856 [Forwarding findElement on session 18063075-812d-4a4c-a6cd-30fbf03bc7bd to remote] DEBUG o.a.h.i.c.PoolingHttpClientConnectionManager - Connection leased: [id: 11][route: {}->http://localhost:4723][total kept alive: 0; route allocated: 1 of 2000; total allocated: 1 of 2000]
12:20:05.856 [Forwarding findElement on session 18063075-812d-4a4c-a6cd-30fbf03bc7bd to remote] DEBUG o.a.h.impl.execchain.MainClientExec - Stale connection check
12:20:05.857 [Forwarding findElement on session 18063075-812d-4a4c-a6cd-30fbf03bc7bd to remote] DEBUG org.apache.http.wire - http-outgoing-11 << "[read] I/O error: Read timed out"
12:20:05.857 [Forwarding findElement on session 18063075-812d-4a4c-a6cd-30fbf03bc7bd to remote] DEBUG o.a.h.i.c.DefaultManagedHttpClientConnection - http-outgoing-11: set socket timeout to 10800000
12:20:05.857 [Forwarding findElement on session 18063075-812d-4a4c-a6cd-30fbf03bc7bd to remote] DEBUG o.a.h.impl.execchain.MainClientExec - Executing request POST /wd/hub/session/18063075-812d-4a4c-a6cd-30fbf03bc7bd/element HTTP/1.1
12:20:05.857 [Forwarding findElement on session 18063075-812d-4a4c-a6cd-30fbf03bc7bd to remote] DEBUG o.a.h.impl.execchain.MainClientExec - Target auth state: UNCHALLENGED
12:20:05.857 [Forwarding findElement on session 18063075-812d-4a4c-a6cd-30fbf03bc7bd to remote] DEBUG o.a.h.impl.execchain.MainClientExec - Proxy auth state: UNCHALLENGED
12:20:05.857 [Forwarding findElement on session 18063075-812d-4a4c-a6cd-30fbf03bc7bd to remote] DEBUG org.apache.http.headers - http-outgoing-11 >> POST /wd/hub/session/18063075-812d-4a4c-a6cd-30fbf03bc7bd/element HTTP/1.1
12:20:05.857 [Forwarding findElement on session 18063075-812d-4a4c-a6cd-30fbf03bc7bd to remote] DEBUG org.apache.http.headers - http-outgoing-11 >> Content-Type: application/json; charset=utf-8
12:20:05.857 [Forwarding findElement on session 18063075-812d-4a4c-a6cd-30fbf03bc7bd to remote] DEBUG org.apache.http.headers - http-outgoing-11 >> Content-Length: 33
12:20:05.857 [Forwarding findElement on session 18063075-812d-4a4c-a6cd-30fbf03bc7bd to remote] DEBUG org.apache.http.headers - http-outgoing-11 >> Host: localhost:4723
12:20:05.857 [Forwarding findElement on session 18063075-812d-4a4c-a6cd-30fbf03bc7bd to remote] DEBUG org.apache.http.headers - http-outgoing-11 >> Connection: Keep-Alive
12:20:05.857 [Forwarding findElement on session 18063075-812d-4a4c-a6cd-30fbf03bc7bd to remote] DEBUG org.apache.http.headers - http-outgoing-11 >> User-Agent: Apache-HttpClient/4.5.2 (Java/1.8.0_171)
12:20:05.857 [Forwarding findElement on session 18063075-812d-4a4c-a6cd-30fbf03bc7bd to remote] DEBUG org.apache.http.headers - http-outgoing-11 >> Accept-Encoding: gzip,deflate
12:20:05.857 [Forwarding findElement on session 18063075-812d-4a4c-a6cd-30fbf03bc7bd to remote] DEBUG org.apache.http.wire - http-outgoing-11 >> "POST /wd/hub/session/18063075-812d-4a4c-a6cd-30fbf03bc7bd/element HTTP/1.1[\r][\n]"
12:20:05.857 [Forwarding findElement on session 18063075-812d-4a4c-a6cd-30fbf03bc7bd to remote] DEBUG org.apache.http.wire - http-outgoing-11 >> "Content-Type: application/json; charset=utf-8[\r][\n]"
12:20:05.857 [Forwarding findElement on session 18063075-812d-4a4c-a6cd-30fbf03bc7bd to remote] DEBUG org.apache.http.wire - http-outgoing-11 >> "Content-Length: 33[\r][\n]"
12:20:05.857 [Forwarding findElement on session 18063075-812d-4a4c-a6cd-30fbf03bc7bd to remote] DEBUG org.apache.http.wire - http-outgoing-11 >> "Host: localhost:4723[\r][\n]"
12:20:05.857 [Forwarding findElement on session 18063075-812d-4a4c-a6cd-30fbf03bc7bd to remote] DEBUG org.apache.http.wire - http-outgoing-11 >> "Connection: Keep-Alive[\r][\n]"
12:20:05.857 [Forwarding findElement on session 18063075-812d-4a4c-a6cd-30fbf03bc7bd to remote] DEBUG org.apache.http.wire - http-outgoing-11 >> "User-Agent: Apache-HttpClient/4.5.2 (Java/1.8.0_171)[\r][\n]"
12:20:05.857 [Forwarding findElement on session 18063075-812d-4a4c-a6cd-30fbf03bc7bd to remote] DEBUG org.apache.http.wire - http-outgoing-11 >> "Accept-Encoding: gzip,deflate[\r][\n]"
12:20:05.857 [Forwarding findElement on session 18063075-812d-4a4c-a6cd-30fbf03bc7bd to remote] DEBUG org.apache.http.wire - http-outgoing-11 >> "[\r][\n]"
12:20:05.857 [Forwarding findElement on session 18063075-812d-4a4c-a6cd-30fbf03bc7bd to remote] DEBUG org.apache.http.wire - http-outgoing-11 >> "{"using":"id","value":"DISCOVER"}"
&amp#27;[35m[HTTP]&amp#27;[39m &amp#27;[37m-->&amp#27;[39m &amp#27;[37mPOST&amp#27;[39m &amp#27;[37m/wd/hub/session/18063075-812d-4a4c-a6cd-30fbf03bc7bd/element&amp#27;[39m
&amp#27;[35m[HTTP]&amp#27;[39m &amp#27;[90m{"using":"id","value":"DISCOVER"}&amp#27;[39m
12:20:07.117 [Forwarding findElement on session 18063075-812d-4a4c-a6cd-30fbf03bc7bd to remote] DEBUG org.apache.http.wire - http-outgoing-11 << "HTTP/1.1 200 OK[\r][\n]"
12:20:07.117 [Forwarding findElement on session 18063075-812d-4a4c-a6cd-30fbf03bc7bd to remote] DEBUG org.apache.http.wire - http-outgoing-11 << "X-Powered-By: Express[\r][\n]"
12:20:07.117 [Forwarding findElement on session 18063075-812d-4a4c-a6cd-30fbf03bc7bd to remote] DEBUG org.apache.http.wire - http-outgoing-11 << "Access-Control-Allow-Origin: *[\r][\n]"
12:20:07.117 [Forwarding findElement on session 18063075-812d-4a4c-a6cd-30fbf03bc7bd to remote] DEBUG org.apache.http.wire - http-outgoing-11 << "Access-Control-Allow-Methods: GET,POST,PUT,OPTIONS,DELETE[\r][\n]"
12:20:07.117 [Forwarding findElement on session 18063075-812d-4a4c-a6cd-30fbf03bc7bd to remote] DEBUG org.apache.http.wire - http-outgoing-11 << "Access-Control-Allow-Headers: origin, content-type, accept[\r][\n]"
12:20:07.117 [Forwarding findElement on session 18063075-812d-4a4c-a6cd-30fbf03bc7bd to remote] DEBUG org.apache.http.wire - http-outgoing-11 << "Vary: X-HTTP-Method-Override[\r][\n]"
12:20:07.118 [Forwarding findElement on session 18063075-812d-4a4c-a6cd-30fbf03bc7bd to remote] DEBUG org.apache.http.wire - http-outgoing-11 << "Content-Type: application/json; charset=utf-8[\r][\n]"
12:20:07.118 [Forwarding findElement on session 18063075-812d-4a4c-a6cd-30fbf03bc7bd to remote] DEBUG org.apache.http.wire - http-outgoing-11 << "Content-Length: 122[\r][\n]"
12:20:07.118 [Forwarding findElement on session 18063075-812d-4a4c-a6cd-30fbf03bc7bd to remote] DEBUG org.apache.http.wire - http-outgoing-11 << "ETag: W/"7a-ZvtuHq066+docxOX0iB5rb0rdDA"[\r][\n]"
12:20:07.118 [Forwarding findElement on session 18063075-812d-4a4c-a6cd-30fbf03bc7bd to remote] DEBUG org.apache.http.wire - http-outgoing-11 << "Date: Fri, 23 Aug 2019 06:50:07 GMT[\r][\n]"
&amp#27;[35m[H12:20:07.118 [Forwarding findElement on session 18063075-812d-4a4c-a6cd-30fbf03bc7bd to remote] DEBUG org.apache.http.wire - http-outgoing-11 << "Connection: keep-alive[\r][\n]"
TTP12:20:07.118 [Forwarding findElement on session 18063075-812d-4a4c-a6cd-30fbf03bc7bd to remote] DEBUG org.apache.http.wire - http-outgoing-11 << "[\r][\n]"
]&amp#27;[39m &amp#27;[37m<-- POST /wd/hub/s12:20:07.118 [Forwarding findElement on session 18063075-812d-4a4c-a6cd-30fbf03bc7bd to remote] DEBUG org.apache.http.wire - http-outgoing-11 << "{"status":0,"value":{"ELEMENT":"1C000000-0000-0000-B619-000000000000"},"sessionId":"18063075-812d-4a4c-a6cd-30fbf03bc7bd"}"
ession/18063075-812d-4a4c-a6cd-30fbf03bc7bd/element &amp#27;[39m&amp#27;[32m200&amp#27;[3912:20:07.118 [Forwarding findElement on session 18063075-812d-4a4c-a6cd-30fbf03bc7bd to remote] DEBUG org.apache.http.headers - http-outgoing-11 << HTTP/1.1 200 OK
12:20:07.119 [Forwarding findElement on session 18063075-812d-4a4c-a6cd-30fbf03bc7bd to remote] DEBUG org.apache.http.headers - http-outgoing-11 << X-Powered-By: Express
12:20:07.119 [Forwarding findElement on session 18063075-812d-4a4c-a6cd-30fbf03bc7bd to remote] DEBUG org.apache.http.headers - http-outgoing-11 << Access-Control-Allow-Origin: *
12:20:07.119 [Forwarding findElement on session 18063075-812d-4a4c-a6cd-30fbf03bc7bd to remote] DEBUG org.apache.http.headers - http-outgoing-11 << Access-Control-Allow-Methods: GET,POST,PUT,OPTIONS,DELETE
12:20:07.119 [Forwarding findElement on session 18063075-812d-4a4c-a6cd-30fbf03bc7bd to remote] DEBUG org.apache.http.headers - http-outgoing-11 << Access-Control-Allow-Headers: origin, content-type, accept
12:20:07.119 [Forwarding findElement on session 18063075-812d-4a4c-a6cd-30fbf03bc7bd to remote] DEBUG org.apache.http.headers - http-outgoing-11 << Vary: X-HTTP-Method-Override
12:20:07.119 [Forwarding findElement on session 18063075-812d-4a4c-a6cd-30fbf03bc7bd to remote] DEBUG org.apache.http.headers - http-outgoing-11 << Content-Type: application/json; charset=utf-8
12:20:07.119 [Forwarding findElement on session 18063075-812d-4a4c-a6cd-30fbf03bc7bd to remote] DEBUG org.apache.http.headers - http-outgoing-11 << Content-Length: 122
12:20:07.119 [Forwarding findElement on session 18063075-812d-4a4c-a6cd-30fbf03bc7bd to remote] DEBUG org.apache.http.headers - http-outgoing-11 << ETag: W/"7a-ZvtuHq066+docxOX0iB5rb0rdDA"
12:20:07.119 [Forwarding findElement on session 18063075-812d-4a4c-a6cd-30fbf03bc7bd to remote] DEBUG org.apache.http.headers - http-outgoing-11 << Date: Fri, 23 Aug 2019 06:50:07 GMT
12:20:07.119 [Forwarding findElement on session 18063075-812d-4a4c-a6cd-30fbf03bc7bd to remote] DEBUG org.apache.http.headers - http-outgoing-11 << Connection: keep-alive
m &amp#27;[90m112:20:07.119 [Forwarding findElement on session 18063075-812d-4a4c-a6cd-30fbf03bc7bd to remote] DEBUG o.a.h.impl.execchain.MainClientExec - Connection can be kept alive indefinitely
259 ms - 112:20:07.119 [Forwarding findElement on session 18063075-812d-4a4c-a6cd-30fbf03bc7bd to remote] DEBUG o.a.h.i.c.PoolingHttpClientConnectionManager - Connection [id: 11][route: {}->http://localhost:4723] can be kept alive indefinitely
22&amp#27;[39m
12:20:07.119 [Forwarding findElement on session 18063075-812d-4a4c-a6cd-30fbf03bc7bd to remote] DEBUG o.a.h.i.c.PoolingHttpClientConnectionManager - Connection released: [id: 11][route: {}->http://localhost:4723][total kept alive: 1; route allocated: 1 of 2000; total allocated: 1 of 2000]
&amp#27;[35m[HTTP]&amp#27;[39m &amp#27;[90m&amp#27;[39m
12:20:07.120 [Forwarding isElementDisplayed on session 18063075-812d-4a4c-a6cd-30fbf03bc7bd to remote] DEBUG o.a.h.c.protocol.RequestAddCookies - CookieSpec selected: default
12:20:07.120 [Forwarding isElementDisplayed on session 18063075-812d-4a4c-a6cd-30fbf03bc7bd to remote] DEBUG o.a.h.c.protocol.RequestAuthCache - Auth cache not set in the context
12:20:07.120 [Forwarding isElementDisplayed on session 18063075-812d-4a4c-a6cd-30fbf03bc7bd to remote] DEBUG o.a.h.i.c.PoolingHttpClientConnectionManager - Connection request: [route: {}->http://localhost:4723][total kept alive: 1; route allocated: 1 of 2000; total allocated: 1 of 2000]
12:20:07.120 [Forwarding isElementDisplayed on session 18063075-812d-4a4c-a6cd-30fbf03bc7bd to remote] DEBUG o.a.h.i.c.PoolingHttpClientConnectionManager - Connection leased: [id: 11][route: {}->http://localhost:4723][total kept alive: 0; route allocated: 1 of 2000; total allocated: 1 of 2000]
12:20:07.120 [Forwarding isElementDisplayed on session 18063075-812d-4a4c-a6cd-30fbf03bc7bd to remote] DEBUG o.a.h.impl.execchain.MainClientExec - Stale connection check
12:20:07.121 [Forwarding isElementDisplayed on session 18063075-812d-4a4c-a6cd-30fbf03bc7bd to remote] DEBUG org.apache.http.wire - http-outgoing-11 << "[read] I/O error: Read timed out"
12:20:07.121 [Forwarding isElementDisplayed on session 18063075-812d-4a4c-a6cd-30fbf03bc7bd to remote] DEBUG o.a.h.i.c.DefaultManagedHttpClientConnection - http-outgoing-11: set socket timeout to 10800000
12:20:07.121 [Forwarding isElementDisplayed on session 18063075-812d-4a4c-a6cd-30fbf03bc7bd to remote] DEBUG o.a.h.impl.execchain.MainClientExec - Executing request GET /wd/hub/session/18063075-812d-4a4c-a6cd-30fbf03bc7bd/element/1C000000-0000-0000-B619-000000000000/displayed HTTP/1.1
12:20:07.121 [Forwarding isElementDisplayed on session 18063075-812d-4a4c-a6cd-30fbf03bc7bd to remote] DEBUG o.a.h.impl.execchain.MainClientExec - Target auth state: UNCHALLENGED
12:20:07.121 [Forwarding isElementDisplayed on session 18063075-812d-4a4c-a6cd-30fbf03bc7bd to remote] DEBUG o.a.h.impl.execchain.MainClientExec - Proxy auth state: UNCHALLENGED
12:20:07.121 [Forwarding isElementDisplayed on session 18063075-812d-4a4c-a6cd-30fbf03bc7bd to remote] DEBUG org.apache.http.headers - http-outgoing-11 >> GET /wd/hub/session/18063075-812d-4a4c-a6cd-30fbf03bc7bd/element/1C000000-0000-0000-B619-000000000000/displayed HTTP/1.1
12:20:07.122 [Forwarding isElementDisplayed on session 18063075-812d-4a4c-a6cd-30fbf03bc7bd to remote] DEBUG org.apache.http.headers - http-outgoing-11 >> Cache-Control: no-cache
12:20:07.122 [Forwarding isElementDisplayed on session 18063075-812d-4a4c-a6cd-30fbf03bc7bd to remote] DEBUG org.apache.http.headers - http-outgoing-11 >> Host: localhost:4723
12:20:07.122 [Forwarding isElementDisplayed on session 18063075-812d-4a4c-a6cd-30fbf03bc7bd to remote] DEBUG org.apache.http.headers - http-outgoing-11 >> Connection: Keep-Alive
12:20:07.122 [Forwarding isElementDisplayed on session 18063075-812d-4a4c-a6cd-30fbf03bc7bd to remote] DEBUG org.apache.http.headers - http-outgoing-11 >> User-Agent: Apache-HttpClient/4.5.2 (Java/1.8.0_171)
12:20:07.122 [Forwarding isElementDisplayed on session 18063075-812d-4a4c-a6cd-30fbf03bc7bd to remote] DEBUG org.apache.http.headers - http-outgoing-11 >> Accept-Encoding: gzip,deflate
12:20:07.122 [Forwarding isElementDisplayed on session 18063075-812d-4a4c-a6cd-30fbf03bc7bd to remote] DEBUG org.apache.http.wire - http-outgoing-11 >> "GET /wd/hub/session/18063075-812d-4a4c-a6cd-30fbf03bc7bd/element/1C000000-0000-0000-B619-000000000000/displayed HTTP/1.1[\r][\n]"
12:20:07.122 [Forwarding isElementDisplayed on session 18063075-812d-4a4c-a6cd-30fbf03bc7bd to remote] DEBUG org.apache.http.wire - http-outgoing-11 >> "Cache-Control: no-cache[\r][\n]"
12:20:07.122 [Forwarding isElementDisplayed on session 18063075-812d-4a4c-a6cd-30fbf03bc7bd to remote] DEBUG org.apache.http.wire - http-outgoing-11 >> "Host: localhost:4723[\r][\n]"
12:20:07.122 [Forwarding isElementDisplayed on session 18063075-812d-4a4c-a6cd-30fbf03bc7bd to remote] DEBUG org.apache.http.wire - http-outgoing-11 >> "Connection: Keep-Alive[\r][\n]"
12:20:07.122 [Forwarding isElementDisplayed on session 18063075-812d-4a4c-a6cd-30fbf03bc7bd to remote] DEBUG org.apache.http.wire - http-outgoing-11 >> "User-Agent: Apache-HttpClient/4.5.2 (Java/1.8.0_171)[\r][\n]"
12:20:07.122 [Forwarding isElementDisplayed on session 18063075-812d-4a4c-a6cd-30fbf03bc7bd to remote] DEBUG org.apache.http.wire - http-outgoing-11 >> "Accept-Encoding: gzip,deflate[\r][\n]"
12:20:07.122 [Forwarding isElementDisplayed on session 18063075-812d-4a4c-a6cd-30fbf03bc7bd to remote] DEBUG org.apache.http.wire - http-outgoing-11 >> "[\r][\n]"
&amp#27;[35m[HTTP]&amp#27;[39m &amp#27;[37m-->&amp#27;[39m &amp#27;[37mGET&amp#27;[39m &amp#27;[37m/wd/hub/session/18063075-812d-4a4c-a6cd-30fbf03bc7bd/element/1C000000-0000-0000-B619-000000000000/displayed&amp#27;[39m
&amp#27;[35m[HTTP]&amp#27;[39m &amp#27;[90m{}&amp#27;[39m
&amp#27;[35m[MJSONWP]&amp#27;[39m Driver proxy active, passing request on via HTTP proxy
&amp#27;[35m[JSONWP Proxy]&amp#27;[39m Replacing sessionId 2E21A88C-0D02-488A-85F6-3612:20:07.707 [Forwarding isElementDisplayed on session 18063075-812d-4a4c-a6cd-30fbf03bc7bd to remote] DEBUG org.apache.http.wire - http-outgoing-11 << "HTTP/1.1 200 OK[\r][\n]"
45F1B6103A with 1812:20:07.707 [Forwarding isElementDisplayed on session 18063075-812d-4a4c-a6cd-30fbf03bc7bd to remote] DEBUG org.apache.http.wire - http-outgoing-11 << "X-Powered-By: Express[\r][\n]"
063075-812d-4a4c12:20:07.708 [Forwarding isElementDisplayed on session 18063075-812d-4a4c-a6cd-30fbf03bc7bd to remote] DEBUG org.apache.http.wire - http-outgoing-11 << "Access-Control-Allow-Origin: *[\r][\n]"
-12:20:07.708 [Forwarding isElementDisplayed on session 18063075-812d-4a4c-a6cd-30fbf03bc7bd to remote] DEBUG org.apache.http.wire - http-outgoing-11 << "Access-Control-Allow-Methods: GET,POST,PUT,OPTIONS,DELETE[\r][\n]"
a6cd-30fbf03bc7bd
12:20:07.708 [Forwarding isElementDisplayed on session 18063075-812d-4a4c-a6cd-30fbf03bc7bd to remote] DEBUG org.apache.http.wire - http-outgoing-11 << "Access-Control-Allow-Headers: origin, content-type, accept[\r][\n]"
12:20:07.708 [Forwarding isElementDisplayed on session 18063075-812d-4a4c-a6cd-30fbf03bc7bd to remote] DEBUG org.apache.http.wire - http-outgoing-11 << "Content-Type: application/json; charset=utf-8[\r][\n]"
12:20:07.708 [Forwarding isElementDisplayed on session 18063075-812d-4a4c-a6cd-30fbf03bc7bd to remote] DEBUG org.apache.http.wire - http-outgoing-11 << "Content-Length: 76[\r][\n]"
12:20:07.708 [Forwarding isElementDisplayed on session 18063075-812d-4a4c-a6cd-30fbf03bc7bd to remote] DEBUG org.apache.http.wire - http-outgoing-11 << "ETag: W/"4c-Y7k244UeXncxktz3h+rJR8RJids"[\r][\n]"
&amp#27;[35m[HTTP]&amp#27;[39m &amp#27;[12:20:07.708 [Forwarding isElementDisplayed on session 18063075-812d-4a4c-a6cd-30fbf03bc7bd to remote] DEBUG org.apache.http.wire - http-outgoing-11 << "Date: Fri, 23 Aug 2019 06:50:07 GMT[\r][\n]"
12:20:07.708 [Forwarding isElementDisplayed on session 18063075-812d-4a4c-a6cd-30fbf03bc7bd to remote] DEBUG org.apache.http.wire - http-outgoing-11 << "Connection: keep-alive[\r][\n]"
12:20:07.708 [Forwarding isElementDisplayed on session 18063075-812d-4a4c-a6cd-30fbf03bc7bd to remote] DEBUG org.apache.http.wire - http-outgoing-11 << "[\r][\n]"
37m<-- 12:20:07.708 [Forwarding isElementDisplayed on session 18063075-812d-4a4c-a6cd-30fbf03bc7bd to remote] DEBUG org.apache.http.wire - http-outgoing-11 << "{"value":true,"sessionId":"18063075-812d-4a4c-a6cd-30fbf03bc7bd","status":0}"
GET /wd/hub/session/18063012:20:07.708 [Forwarding isElementDisplayed on session 18063075-812d-4a4c-a6cd-30fbf03bc7bd to remote] DEBUG org.apache.http.headers - http-outgoing-11 << HTTP/1.1 200 OK
75-812d-4a4c-a6cd-30fbf03bc7bd/element/1C000000-0000-0000-B619-000000000000/displayed &amp#27;[39m&amp#27;[32m200&amp#27;[39m &amp#27;[90m585 ms - 76&amp#27;[39m
12:20:07.708 [Forwarding isElementDisplayed on session 18063075-812d-4a4c-a6cd-30fbf03bc7bd to remote] DEBUG org.apache.http.headers - http-outgoing-11 << X-Powered-By: Express
&amp#27;[35m[HTTP]&amp#27;[39m &amp#27;[90m&amp#27;[39m
12:20:07.709 [Forwarding isElementDisplayed on session 18063075-812d-4a4c-a6cd-30fbf03bc7bd to remote] DEBUG org.apache.http.headers - http-outgoing-11 << Access-Control-Allow-Origin: *
12:20:07.709 [Forwarding isElementDisplayed on session 18063075-812d-4a4c-a6cd-30fbf03bc7bd to remote] DEBUG org.apache.http.headers - http-outgoing-11 << Access-Control-Allow-Methods: GET,POST,PUT,OPTIONS,DELETE
12:20:07.709 [Forwarding isElementDisplayed on session 18063075-812d-4a4c-a6cd-30fbf03bc7bd to remote] DEBUG org.apache.http.headers - http-outgoing-11 << Access-Control-Allow-Headers: origin, content-type, accept
12:20:07.709 [Forwarding isElementDisplayed on session 18063075-812d-4a4c-a6cd-30fbf03bc7bd to remote] DEBUG org.apache.http.headers - http-outgoing-11 << Content-Type: application/json; charset=utf-8
12:20:07.709 [Forwarding isElementDisplayed on session 18063075-812d-4a4c-a6cd-30fbf03bc7bd to remote] DEBUG org.apache.http.headers - http-outgoing-11 << Content-Length: 76
12:20:07.709 [Forwarding isElementDisplayed on session 18063075-812d-4a4c-a6cd-30fbf03bc7bd to remote] DEBUG org.apache.http.headers - http-outgoing-11 << ETag: W/"4c-Y7k244UeXncxktz3h+rJR8RJids"
12:20:07.710 [Forwarding isElementDisplayed on session 18063075-812d-4a4c-a6cd-30fbf03bc7bd to remote] DEBUG org.apache.http.headers - http-outgoing-11 << Date: Fri, 23 Aug 2019 06:50:07 GMT
12:20:07.710 [Forwarding isElementDisplayed on session 18063075-812d-4a4c-a6cd-30fbf03bc7bd to remote] DEBUG org.apache.http.headers - http-outgoing-11 << Connection: keep-alive
12:20:07.710 [Forwarding isElementDisplayed on session 18063075-812d-4a4c-a6cd-30fbf03bc7bd to remote] DEBUG o.a.h.impl.execchain.MainClientExec - Connection can be kept alive indefinitely
12:20:07.710 [Forwarding isElementDisplayed on session 18063075-812d-4a4c-a6cd-30fbf03bc7bd to remote] DEBUG o.a.h.i.c.PoolingHttpClientConnectionManager - Connection [id: 11][route: {}->http://localhost:4723] can be kept alive indefinitely
12:20:07.710 [Forwarding isElementDisplayed on session 18063075-812d-4a4c-a6cd-30fbf03bc7bd to remote] DEBUG o.a.h.i.c.PoolingHttpClientConnectionManager - Connection released: [id: 11][route: {}->http://localhost:4723][total kept alive: 1; route allocated: 1 of 2000; total allocated: 1 of 2000]
12:20:07.710 [Forwarding findElement on session 18063075-812d-4a4c-a6cd-30fbf03bc7bd to remote] DEBUG o.a.h.c.protocol.RequestAddCookies - CookieSpec selected: default
12:20:07.710 [Forwarding findElement on session 18063075-812d-4a4c-a6cd-30fbf03bc7bd to remote] DEBUG o.a.h.c.protocol.RequestAuthCache - Auth cache not set in the context
12:20:07.710 [Forwarding findElement on session 18063075-812d-4a4c-a6cd-30fbf03bc7bd to remote] DEBUG o.a.h.i.c.PoolingHttpClientConnectionManager - Connection request: [route: {}->http://localhost:4723][total kept alive: 1; route allocated: 1 of 2000; total allocated: 1 of 2000]
12:20:07.710 [Forwarding findElement on session 18063075-812d-4a4c-a6cd-30fbf03bc7bd to remote] DEBUG o.a.h.i.c.PoolingHttpClientConnectionManager - Connection leased: [id: 11][route: {}->http://localhost:4723][total kept alive: 0; route allocated: 1 of 2000; total allocated: 1 of 2000]
12:20:07.710 [Forwarding findElement on session 18063075-812d-4a4c-a6cd-30fbf03bc7bd to remote] DEBUG o.a.h.impl.execchain.MainClientExec - Stale connection check
12:20:07.712 [Forwarding findElement on session 18063075-812d-4a4c-a6cd-30fbf03bc7bd to remote] DEBUG org.apache.http.wire - http-outgoing-11 << "[read] I/O error: Read timed out"
12:20:07.712 [Forwarding findElement on session 18063075-812d-4a4c-a6cd-30fbf03bc7bd to remote] DEBUG o.a.h.i.c.DefaultManagedHttpClientConnection - http-outgoing-11: set socket timeout to 10800000
12:20:07.712 [Forwarding findElement on session 18063075-812d-4a4c-a6cd-30fbf03bc7bd to remote] DEBUG o.a.h.impl.execchain.MainClientExec - Executing request POST /wd/hub/session/18063075-812d-4a4c-a6cd-30fbf03bc7bd/element HTTP/1.1
12:20:07.712 [Forwarding findElement on session 18063075-812d-4a4c-a6cd-30fbf03bc7bd to remote] DEBUG o.a.h.impl.execchain.MainClientExec - Target auth state: UNCHALLENGED
12:20:07.712 [Forwarding findElement on session 18063075-812d-4a4c-a6cd-30fbf03bc7bd to remote] DEBUG o.a.h.impl.execchain.MainClientExec - Proxy auth state: UNCHALLENGED
12:20:07.712 [Forwarding findElement on session 18063075-812d-4a4c-a6cd-30fbf03bc7bd to remote] DEBUG org.apache.http.headers - http-outgoing-11 >> POST /wd/hub/session/18063075-812d-4a4c-a6cd-30fbf03bc7bd/element HTTP/1.1
12:20:07.712 [Forwarding findElement on session 18063075-812d-4a4c-a6cd-30fbf03bc7bd to remote] DEBUG org.apache.http.headers - http-outgoing-11 >> Content-Type: application/json; charset=utf-8
12:20:07.712 [Forwarding findElement on session 18063075-812d-4a4c-a6cd-30fbf03bc7bd to remote] DEBUG org.apache.http.headers - http-outgoing-11 >> Content-Length: 33
12:20:07.712 [Forwarding findElement on session 18063075-812d-4a4c-a6cd-30fbf03bc7bd to remote] DEBUG org.apache.http.headers - http-outgoing-11 >> Host: localhost:4723
12:20:07.712 [Forwarding findElement on session 18063075-812d-4a4c-a6cd-30fbf03bc7bd to remote] DEBUG org.apache.http.headers - http-outgoing-11 >> Connection: Keep-Alive
12:20:07.712 [Forwarding findElement on session 18063075-812d-4a4c-a6cd-30fbf03bc7bd to remote] DEBUG org.apache.http.headers - http-outgoing-11 >> User-Agent: Apache-HttpClient/4.5.2 (Java/1.8.0_171)
12:20:07.712 [Forwarding findElement on session 18063075-812d-4a4c-a6cd-30fbf03bc7bd to remote] DEBUG org.apache.http.headers - http-outgoing-11 >> Accept-Encoding: gzip,deflate
12:20:07.712 [Forwarding findElement on session 18063075-812d-4a4c-a6cd-30fbf03bc7bd to remote] DEBUG org.apache.http.wire - http-outgoing-11 >> "POST /wd/hub/session/18063075-812d-4a4c-a6cd-30fbf03bc7bd/element HTTP/1.1[\r][\n]"
12:20:07.712 [Forwarding findElement on session 18063075-812d-4a4c-a6cd-30fbf03bc7bd to remote] DEBUG org.apache.http.wire - http-outgoing-11 >> "Content-Type: application/json; charset=utf-8[\r][\n]"
12:20:07.712 [Forwarding findElement on session 18063075-812d-4a4c-a6cd-30fbf03bc7bd to remote] DEBUG org.apache.http.wire - http-outgoing-11 >> "Content-Length: 33[\r][\n]"
12:20:07.712 [Forwarding findElement on session 18063075-812d-4a4c-a6cd-30fbf03bc7bd to remote] DEBUG org.apache.http.wire - http-outgoing-11 >> "Host: localhost:4723[\r][\n]"
12:20:07.712 [Forwarding findElement on session 18063075-812d-4a4c-a6cd-30fbf03bc7bd to remote] DEBUG org.apache.http.wire - http-outgoing-11 >> "Connection: Keep-Alive[\r][\n]"
12:20:07.712 [Forwarding findElement on session 18063075-812d-4a4c-a6cd-30fbf03bc7bd to remote] DEBUG org.apache.http.wire - http-outgoing-11 >> "User-Agent: Apache-HttpClient/4.5.2 (Java/1.8.0_171)[\r][\n]"
12:20:07.712 [Forwarding findElement on session 18063075-812d-4a4c-a6cd-30fbf03bc7bd to remote] DEBUG org.apache.http.wire - http-outgoing-11 >> "Accept-Encoding: gzip,deflate[\r][\n]"
12:20:07.712 [Forwarding findElement on session 18063075-812d-4a4c-a6cd-30fbf03bc7bd to remote] DEBUG org.apache.http.wire - http-outgoing-11 >> "[\r][\n]"
12:20:07.712 [Forwarding findElement on session 18063075-812d-4a4c-a6cd-30fbf03bc7bd to remote] DEBUG org.apache.http.wire - http-outgoing-11 >> "{"using":"id","value":"DISCOVER"}"
&amp#27;[35m[HTTP]&amp#27;[39m &amp#27;[37m-->&amp#27;[39m &amp#27;[37mPOST&amp#27;[39m &amp#27;[37m/wd/hub/session/18063075-812d-4a4c-a6cd-30fbf03bc7bd/element&amp#27;[39m
&amp#27;[35m[HTTP]&amp#27;[39m &amp#27;[90m{"using":"id","value":"DISCOVER"}&amp#27;[39m
12:20:08.476 [Forwarding findElement on session 18063075-812d-4a4c-a6cd-30fbf03bc7bd to remote] DEBUG org.apache.http.wire - http-outgoing-11 << "HTTP/1.1 200 OK[\r][\n]"
12:20:08.476 [Forwarding findElement on session 18063075-812d-4a4c-a6cd-30fbf03bc7bd to remote] DEBUG org.apache.http.wire - http-outgoing-11 << "X-Powered-By: Express[\r][\n]"
12:20:08.476 [Forwarding findElement on session 18063075-812d-4a4c-a6cd-30fbf03bc7bd to remote] DEBUG org.apache.http.wire - http-outgoing-11 << "Access-Control-Allow-Origin: *[\r][\n]"
12:20:08.476 [Forwarding findElement on session 18063075-812d-4a4c-a6cd-30fbf03bc7bd to remote] DEBUG org.apache.http.wire - http-outgoing-11 << "Access-Control-Allow-Methods: GET,POST,PUT,OPTIONS,DELETE[\r][\n]"
12:20:08.476 [Forwarding findElement on session 18063075-812d-4a4c-a6cd-30fbf03bc7bd to remote] DEBUG org.apache.http.wire - http-outgoing-11 << "Access-Control-Allow-Headers: origin, content-type, accept[\r][\n]"
12:20:08.476 [Forwarding findElement on session 18063075-812d-4a4c-a6cd-30fbf03bc7bd to remote] DEBUG org.apache.http.wire - http-outgoing-11 << "Vary: X-HTTP-Method-Override[\r][\n]"
12:20:08.476 [Forwarding findElement on session 18063075-812d-4a4c-a6cd-30fbf03bc7bd to remote] DEBUG org.apache.http.wire - http-outgoing-11 << "Content-Type: application/json; charset=utf-8[\r][\n]"
12:20:08.476 [Forwarding findElement on session 18063075-812d-4a4c-a6cd-30fbf03bc7bd to remote] DEBUG org.apache.http.wire - http-outgoing-11 << "Content-Length: 122[\r][\n]"
12:20:08.476 [Forwarding findElement on session 18063075-812d-4a4c-a6cd-30fbf03bc7bd to remote] DEBUG org.apache.http.wire - http-outgoing-11 << "ETag: W/"7a-ZvtuHq066+docxOX0iB5rb0rdDA"[\r][\n]"
12:20:08.476 [Forwarding findElement on session 18063075-812d-4a4c-a6cd-30fbf03bc7bd to remote] DEBUG org.apache.http.wire - http-outgoing-11 << "Date: Fri, 23 Aug 2019 06:50:08 GMT[\r][\n]"
12:20:08.476 [Forwarding findElement on session 18063075-812d-4a4c-a6cd-30fbf03bc7bd to remote] DEBUG org.apache.http.wire - http-outgoing-11 << "Connection: keep-alive[\r][\n]"
12:20:08.476 [Forwarding findElement on session 18063075-812d-4a4c-a6cd-30fbf03bc7bd to remote] DEBUG org.apache.http.wire - http-outgoing-11 << "[\r][\n]"
12:20:08.476 [Forwarding findElement on session 18063075-812d-4a4c-a6cd-30fbf03bc7bd to remote] DEBUG org.apache.http.wire - http-outgoing-11 << "{"status":0,"value":{"ELEMENT":"1C000000-0000-0000-B619-000000000000"},"sessionId":"18063075-812d-4a4c-a6cd-30fbf03bc7bd"}"
&amp#27;[35m[HTTP]&amp#27;[39m &amp#27;[37m<-- POST /wd/hub/sessi12:20:08.476 [Forwarding findElement on session 18063075-812d-4a4c-a6cd-30fbf03bc7bd to remote] DEBUG org.apache.http.headers - http-outgoing-11 << HTTP/1.1 200 OK
on/18063075-812d-4a4c-a6cd12:20:08.476 [Forwarding findElement on session 18063075-812d-4a4c-a6cd-30fbf03bc7bd to remote] DEBUG org.apache.http.headers - http-outgoing-11 << X-Powered-By: Express
12:20:08.477 [Forwarding findElement on session 18063075-812d-4a4c-a6cd-30fbf03bc7bd to remote] DEBUG org.apache.http.headers - http-outgoing-11 << Access-Control-Allow-Origin: *
12:20:08.477 [Forwarding findElement on session 18063075-812d-4a4c-a6cd-30fbf03bc7bd to remote] DEBUG org.apache.http.headers - http-outgoing-11 << Access-Control-Allow-Methods: GET,POST,PUT,OPTIONS,DELETE
12:20:08.477 [Forwarding findElement on session 18063075-812d-4a4c-a6cd-30fbf03bc7bd to remote] DEBUG org.apache.http.headers - http-outgoing-11 << Access-Control-Allow-Headers: origin, content-type, accept
12:20:08.477 [Forwarding findElement on session 18063075-812d-4a4c-a6cd-30fbf03bc7bd to remote] DEBUG org.apache.http.headers - http-outgoing-11 << Vary: X-HTTP-Method-Override
12:20:08.477 [Forwarding findElement on session 18063075-812d-4a4c-a6cd-30fbf03bc7bd to remote] DEBUG org.apache.http.headers - http-outgoing-11 << Content-Type: application/json; charset=utf-8
-30fbf03bc7bd/element &amp#27;[39m&amp#27;[32m20012:20:08.477 [Forwarding findElement on session 18063075-812d-4a4c-a6cd-30fbf03bc7bd to remote] DEBUG org.apache.http.headers - http-outgoing-11 << Content-Length: 122
&amp#27;[39m &amp#27;[90m763 ms - 122&amp#27;[39m
12:20:08.477 [Forwarding findElement on session 18063075-812d-4a4c-a6cd-30fbf03bc7bd to remote] DEBUG org.apache.http.headers - http-outgoing-11 << ETag: W/"7a-ZvtuHq066+docxOX0iB5rb0rdDA"
&amp#27;12:20:08.477 [Forwarding findElement on session 18063075-812d-4a4c-a6cd-30fbf03bc7bd to remote] DEBUG org.apache.http.headers - http-outgoing-11 << Date: Fri, 23 Aug 2019 06:50:08 GMT
12:20:08.477 [Forwarding findElement on session 18063075-812d-4a4c-a6cd-30fbf03bc7bd to remote] DEBUG org.apache.http.headers - http-outgoing-11 << Connection: keep-alive
[35m[HTTP]&amp#27;[39m &amp#27;[90m&amp#27;12:20:08.477 [Forwarding findElement on session 18063075-812d-4a4c-a6cd-30fbf03bc7bd to remote] DEBUG o.a.h.impl.execchain.MainClientExec - Connection can be kept alive indefinitely
[39m
12:20:08.478 [Forwarding findElement on session 18063075-812d-4a4c-a6cd-30fbf03bc7bd to remote] DEBUG o.a.h.i.c.PoolingHttpClientConnectionManager - Connection [id: 11][route: {}->http://localhost:4723] can be kept alive indefinitely
12:20:08.478 [Forwarding findElement on session 18063075-812d-4a4c-a6cd-30fbf03bc7bd to remote] DEBUG o.a.h.i.c.PoolingHttpClientConnectionManager - Connection released: [id: 11][route: {}->http://localhost:4723][total kept alive: 1; route allocated: 1 of 2000; total allocated: 1 of 2000]
12:20:08.478 [Forwarding clickElement on session 18063075-812d-4a4c-a6cd-30fbf03bc7bd to remote] DEBUG o.a.h.c.protocol.RequestAddCookies - CookieSpec selected: default
12:20:08.478 [Forwarding clickElement on session 18063075-812d-4a4c-a6cd-30fbf03bc7bd to remote] DEBUG o.a.h.c.protocol.RequestAuthCache - Auth cache not set in the context
12:20:08.478 [Forwarding clickElement on session 18063075-812d-4a4c-a6cd-30fbf03bc7bd to remote] DEBUG o.a.h.i.c.PoolingHttpClientConnectionManager - Connection request: [route: {}->http://localhost:4723][total kept alive: 1; route allocated: 1 of 2000; total allocated: 1 of 2000]
12:20:08.479 [Forwarding clickElement on session 18063075-812d-4a4c-a6cd-30fbf03bc7bd to remote] DEBUG o.a.h.i.c.PoolingHttpClientConnectionManager - Connection leased: [id: 11][route: {}->http://localhost:4723][total kept alive: 0; route allocated: 1 of 2000; total allocated: 1 of 2000]
12:20:08.479 [Forwarding clickElement on session 18063075-812d-4a4c-a6cd-30fbf03bc7bd to remote] DEBUG o.a.h.impl.execchain.MainClientExec - Stale connection check
12:20:08.480 [Forwarding clickElement on session 18063075-812d-4a4c-a6cd-30fbf03bc7bd to remote] DEBUG org.apache.http.wire - http-outgoing-11 << "[read] I/O error: Read timed out"
12:20:08.480 [Forwarding clickElement on session 18063075-812d-4a4c-a6cd-30fbf03bc7bd to remote] DEBUG o.a.h.i.c.DefaultManagedHttpClientConnection - http-outgoing-11: set socket timeout to 10800000
12:20:08.480 [Forwarding clickElement on session 18063075-812d-4a4c-a6cd-30fbf03bc7bd to remote] DEBUG o.a.h.impl.execchain.MainClientExec - Executing request POST /wd/hub/session/18063075-812d-4a4c-a6cd-30fbf03bc7bd/element/1C000000-0000-0000-B619-000000000000/click HTTP/1.1
12:20:08.480 [Forwarding clickElement on session 18063075-812d-4a4c-a6cd-30fbf03bc7bd to remote] DEBUG o.a.h.impl.execchain.MainClientExec - Target auth state: UNCHALLENGED
12:20:08.480 [Forwarding clickElement on session 18063075-812d-4a4c-a6cd-30fbf03bc7bd to remote] DEBUG o.a.h.impl.execchain.MainClientExec - Proxy auth state: UNCHALLENGED
12:20:08.480 [Forwarding clickElement on session 18063075-812d-4a4c-a6cd-30fbf03bc7bd to remote] DEBUG org.apache.http.headers - http-outgoing-11 >> POST /wd/hub/session/18063075-812d-4a4c-a6cd-30fbf03bc7bd/element/1C000000-0000-0000-B619-000000000000/click HTTP/1.1
12:20:08.480 [Forwarding clickElement on session 18063075-812d-4a4c-a6cd-30fbf03bc7bd to remote] DEBUG org.apache.http.headers - http-outgoing-11 >> Content-Type: application/json; charset=utf-8
12:20:08.480 [Forwarding clickElement on session 18063075-812d-4a4c-a6cd-30fbf03bc7bd to remote] DEBUG org.apache.http.headers - http-outgoing-11 >> Content-Length: 45
12:20:08.480 [Forwarding clickElement on session 18063075-812d-4a4c-a6cd-30fbf03bc7bd to remote] DEBUG org.apache.http.headers - http-outgoing-11 >> Host: localhost:4723
12:20:08.480 [Forwarding clickElement on session 18063075-812d-4a4c-a6cd-30fbf03bc7bd to remote] DEBUG org.apache.http.headers - http-outgoing-11 >> Connection: Keep-Alive
12:20:08.480 [Forwarding clickElement on session 18063075-812d-4a4c-a6cd-30fbf03bc7bd to remote] DEBUG org.apache.http.headers - http-outgoing-11 >> User-Agent: Apache-HttpClient/4.5.2 (Java/1.8.0_171)
12:20:08.480 [Forwarding clickElement on session 18063075-812d-4a4c-a6cd-30fbf03bc7bd to remote] DEBUG org.apache.http.headers - http-outgoing-11 >> Accept-Encoding: gzip,deflate
12:20:08.480 [Forwarding clickElement on session 18063075-812d-4a4c-a6cd-30fbf03bc7bd to remote] DEBUG org.apache.http.wire - http-outgoing-11 >> "POST /wd/hub/session/18063075-812d-4a4c-a6cd-30fbf03bc7bd/element/1C000000-0000-0000-B619-000000000000/click HTTP/1.1[\r][\n]"
12:20:08.480 [Forwarding clickElement on session 18063075-812d-4a4c-a6cd-30fbf03bc7bd to remote] DEBUG org.apache.http.wire - http-outgoing-11 >> "Content-Type: application/json; charset=utf-8[\r][\n]"
12:20:08.480 [Forwarding clickElement on session 18063075-812d-4a4c-a6cd-30fbf03bc7bd to remote] DEBUG org.apache.http.wire - http-outgoing-11 >> "Content-Length: 45[\r][\n]"
12:20:08.480 [Forwarding clickElement on session 18063075-812d-4a4c-a6cd-30fbf03bc7bd to remote] DEBUG org.apache.http.wire - http-outgoing-11 >> "Host: localhost:4723[\r][\n]"
12:20:08.480 [Forwarding clickElement on session 18063075-812d-4a4c-a6cd-30fbf03bc7bd to remote] DEBUG org.apache.http.wire - http-outgoing-11 >> "Connection: Keep-Alive[\r][\n]"
12:20:08.480 [Forwarding clickElement on session 18063075-812d-4a4c-a6cd-30fbf03bc7bd to remote] DEBUG org.apache.http.wire - http-outgoing-11 >> "User-Agent: Apache-HttpClient/4.5.2 (Java/1.8.0_171)[\r][\n]"
12:20:08.480 [Forwarding clickElement on session 18063075-812d-4a4c-a6cd-30fbf03bc7bd to remote] DEBUG org.apache.http.wire - http-outgoing-11 >> "Accept-Encoding: gzip,deflate[\r][\n]"
12:20:08.480 [Forwarding clickElement on session 18063075-812d-4a4c-a6cd-30fbf03bc7bd to remote] DEBUG org.apache.http.wire - http-outgoing-11 >> "[\r][\n]"
12:20:08.480 [Forwarding clickElement on session 18063075-812d-4a4c-a6cd-30fbf03bc7bd to remote] DEBUG org.apache.http.wire - http-outgoing-11 >> "{"id":"1C000000-0000-0000-B619-000000000000"}"
&amp#27;[35m[HTTP]&amp#27;[39m &amp#27;[37m-->&amp#27;[39m &amp#27;[37mPOST&amp#27;[39m &amp#27;[37m/wd/hub/session/18063075-812d-4a4c-a6cd-30fbf03bc7bd/element/1C000000-0000-0000-B619-000000000000/click&amp#27;[39m
&amp#27;[35m[HTTP]&amp#27;[39m &amp#27;[90m{"id":"1C000000-0000-0000-B619-000000000000"}&amp#27;[39m
&amp#27;[35m[MJSONWP]&amp#27;[39m Driver proxy active, passing request on via HTTP proxy
&amp#27;[35m[JSONWP Proxy]&amp#27;[39m Replacing sessionId 2E212:20:09.867 [Forwarding clickElement on session 18063075-812d-4a4c-a6cd-30fbf03bc7bd to remote] DEBUG org.apache.http.wire - http-outgoing-11 << "HTTP/1.1 200 OK[\r][\n]"
1A88C-0D02-488A-85F612:20:09.867 [Forwarding clickElement on session 18063075-812d-4a4c-a6cd-30fbf03bc7bd to remote] DEBUG org.apache.http.wire - http-outgoing-11 << "X-Powered-By: Express[\r][\n]"
-3645F1B6103A w12:20:09.867 [Forwarding clickElement on session 18063075-812d-4a4c-a6cd-30fbf03bc7bd to remote] DEBUG org.apache.http.wire - http-outgoing-11 << "Access-Control-Allow-Origin: *[\r][\n]"
ith 18063075-812d-4a4c-a6cd-30fbf03bc7bd
12:20:09.868 [Forwarding clickElement on session 18063075-812d-4a4c-a6cd-30fbf03bc7bd to remote] DEBUG org.apache.http.wire - http-outgoing-11 << "Access-Control-Allow-Methods: GET,POST,PUT,OPTIONS,DELETE[\r][\n]"
&amp#27;[3512:20:09.868 [Forwarding clickElement on session 18063075-812d-4a4c-a6cd-30fbf03bc7bd to remote] DEBUG org.apache.http.wire - http-outgoing-11 << "Access-Control-Allow-Headers: origin, content-type, accept[\r][\n]"
m[H12:20:09.868 [Forwarding clickElement on session 18063075-812d-4a4c-a6cd-30fbf03bc7bd to remote] DEBUG org.apache.http.wire - http-outgoing-11 << "Vary: X-HTTP-Method-Override[\r][\n]"
TTP12:20:09.868 [Forwarding clickElement on session 18063075-812d-4a4c-a6cd-30fbf03bc7bd to remote] DEBUG org.apache.http.wire - http-outgoing-11 << "Content-Type: application/json; charset=utf-8[\r][\n]"
]&amp#27;[39m &amp#27;[37m<-- POST /wd/hub/sessi12:20:09.868 [Forwarding clickElement on session 18063075-812d-4a4c-a6cd-30fbf03bc7bd to remote] DEBUG org.apache.http.wire - http-outgoing-11 << "Content-Length: 118[\r][\n]"
on/18063075-812d-4a4c-a6cd-30fbf03bc712:20:09.869 [Forwarding clickElement on session 18063075-812d-4a4c-a6cd-30fbf03bc7bd to remote] DEBUG org.apache.http.wire - http-outgoing-11 << "ETag: W/"76-aZfVxJ4NE5SDxzUH7/jYmFZUdeo"[\r][\n]"
bd/element/1C0000012:20:09.869 [Forwarding clickElement on session 18063075-812d-4a4c-a6cd-30fbf03bc7bd to remote] DEBUG org.apache.http.wire - http-outgoing-11 << "Date: Fri, 23 Aug 2019 06:50:09 GMT[\r][\n]"
0-000012:20:09.869 [Forwarding clickElement on session 18063075-812d-4a4c-a6cd-30fbf03bc7bd to remote] DEBUG org.apache.http.wire - http-outgoing-11 << "Connection: keep-alive[\r][\n]"
-0000-B619-000000000000/clic12:20:09.869 [Forwarding clickElement on session 18063075-812d-4a4c-a6cd-30fbf03bc7bd to remote] DEBUG org.apache.http.wire - http-outgoing-11 << "[\r][\n]"
k &amp#27;[12:20:09.870 [Forwarding clickElement on session 18063075-812d-4a4c-a6cd-30fbf03bc7bd to remote] DEBUG org.apache.http.wire - http-outgoing-11 << "{"status":0,"id":"1C000000-0000-0000-B619-000000000000","value":"","sessionId":"18063075-812d-4a4c-a6cd-30fbf03bc7bd"}"
39m&amp#27;[32m200&amp#27;[39m &amp#27;[90m1386 ms12:20:09.870 [Forwarding clickElement on session 18063075-812d-4a4c-a6cd-30fbf03bc7bd to remote] DEBUG org.apache.http.headers - http-outgoing-11 << HTTP/1.1 200 OK
12:20:09.870 [Forwarding clickElement on session 18063075-812d-4a4c-a6cd-30fbf03bc7bd to remote] DEBUG org.apache.http.headers - http-outgoing-11 << X-Powered-By: Express
12:20:09.870 [Forwarding clickElement on session 18063075-812d-4a4c-a6cd-30fbf03bc7bd to remote] DEBUG org.apache.http.headers - http-outgoing-11 << Access-Control-Allow-Origin: *
12:20:09.870 [Forwarding clickElement on session 18063075-812d-4a4c-a6cd-30fbf03bc7bd to remote] DEBUG org.apache.http.headers - http-outgoing-11 << Access-Control-Allow-Methods: GET,POST,PUT,OPTIONS,DELETE
 -12:20:09.870 [Forwarding clickElement on session 18063075-812d-4a4c-a6cd-30fbf03bc7bd to remote] DEBUG org.apache.http.headers - http-outgoing-11 << Access-Control-Allow-Headers: origin, content-type, accept
 118&amp#27;[39m
&amp#27;[35m[HTTP]&amp#27;[39m &amp#27;[90m&amp#27;[39m
12:20:09.870 [Forwarding clickElement on session 18063075-812d-4a4c-a6cd-30fbf03bc7bd to remote] DEBUG org.apache.http.headers - http-outgoing-11 << Vary: X-HTTP-Method-Override
12:20:09.871 [Forwarding clickElement on session 18063075-812d-4a4c-a6cd-30fbf03bc7bd to remote] DEBUG org.apache.http.headers - http-outgoing-11 << Content-Type: application/json; charset=utf-8
12:20:09.871 [Forwarding clickElement on session 18063075-812d-4a4c-a6cd-30fbf03bc7bd to remote] DEBUG org.apache.http.headers - http-outgoing-11 << Content-Length: 118
12:20:09.871 [Forwarding clickElement on session 18063075-812d-4a4c-a6cd-30fbf03bc7bd to remote] DEBUG org.apache.http.headers - http-outgoing-11 << ETag: W/"76-aZfVxJ4NE5SDxzUH7/jYmFZUdeo"
12:20:09.871 [Forwarding clickElement on session 18063075-812d-4a4c-a6cd-30fbf03bc7bd to remote] DEBUG org.apache.http.headers - http-outgoing-11 << Date: Fri, 23 Aug 2019 06:50:09 GMT
12:20:09.871 [Forwarding clickElement on session 18063075-812d-4a4c-a6cd-30fbf03bc7bd to remote] DEBUG org.apache.http.headers - http-outgoing-11 << Connection: keep-alive
12:20:09.871 [Forwarding clickElement on session 18063075-812d-4a4c-a6cd-30fbf03bc7bd to remote] DEBUG o.a.h.impl.execchain.MainClientExec - Connection can be kept alive indefinitely
12:20:09.871 [Forwarding clickElement on session 18063075-812d-4a4c-a6cd-30fbf03bc7bd to remote] DEBUG o.a.h.i.c.PoolingHttpClientConnectionManager - Connection [id: 11][route: {}->http://localhost:4723] can be kept alive indefinitely
12:20:09.871 [Forwarding clickElement on session 18063075-812d-4a4c-a6cd-30fbf03bc7bd to remote] DEBUG o.a.h.i.c.PoolingHttpClientConnectionManager - Connection released: [id: 11][route: {}->http://localhost:4723][total kept alive: 1; route allocated: 1 of 2000; total allocated: 1 of 2000]
12:20:09.872 [Forwarding findElement on session 18063075-812d-4a4c-a6cd-30fbf03bc7bd to remote] DEBUG o.a.h.c.protocol.RequestAddCookies - CookieSpec selected: default
12:20:09.872 [Forwarding findElement on session 18063075-812d-4a4c-a6cd-30fbf03bc7bd to remote] DEBUG o.a.h.c.protocol.RequestAuthCache - Auth cache not set in the context
12:20:09.872 [Forwarding findElement on session 18063075-812d-4a4c-a6cd-30fbf03bc7bd to remote] DEBUG o.a.h.i.c.PoolingHttpClientConnectionManager - Connection request: [route: {}->http://localhost:4723][total kept alive: 1; route allocated: 1 of 2000; total allocated: 1 of 2000]
12:20:09.872 [Forwarding findElement on session 18063075-812d-4a4c-a6cd-30fbf03bc7bd to remote] DEBUG o.a.h.i.c.PoolingHttpClientConnectionManager - Connection leased: [id: 11][route: {}->http://localhost:4723][total kept alive: 0; route allocated: 1 of 2000; total allocated: 1 of 2000]
12:20:09.872 [Forwarding findElement on session 18063075-812d-4a4c-a6cd-30fbf03bc7bd to remote] DEBUG o.a.h.impl.execchain.MainClientExec - Stale connection check
12:20:09.873 [Forwarding findElement on session 18063075-812d-4a4c-a6cd-30fbf03bc7bd to remote] DEBUG org.apache.http.wire - http-outgoing-11 << "[read] I/O error: Read timed out"
12:20:09.873 [Forwarding findElement on session 18063075-812d-4a4c-a6cd-30fbf03bc7bd to remote] DEBUG o.a.h.i.c.DefaultManagedHttpClientConnection - http-outgoing-11: set socket timeout to 10800000
12:20:09.873 [Forwarding findElement on session 18063075-812d-4a4c-a6cd-30fbf03bc7bd to remote] DEBUG o.a.h.impl.execchain.MainClientExec - Executing request POST /wd/hub/session/18063075-812d-4a4c-a6cd-30fbf03bc7bd/element HTTP/1.1
12:20:09.873 [Forwarding findElement on session 18063075-812d-4a4c-a6cd-30fbf03bc7bd to remote] DEBUG o.a.h.impl.execchain.MainClientExec - Target auth state: UNCHALLENGED
12:20:09.873 [Forwarding findElement on session 18063075-812d-4a4c-a6cd-30fbf03bc7bd to remote] DEBUG o.a.h.impl.execchain.MainClientExec - Proxy auth state: UNCHALLENGED
12:20:09.873 [Forwarding findElement on session 18063075-812d-4a4c-a6cd-30fbf03bc7bd to remote] DEBUG org.apache.http.headers - http-outgoing-11 >> POST /wd/hub/session/18063075-812d-4a4c-a6cd-30fbf03bc7bd/element HTTP/1.1
12:20:09.873 [Forwarding findElement on session 18063075-812d-4a4c-a6cd-30fbf03bc7bd to remote] DEBUG org.apache.http.headers - http-outgoing-11 >> Content-Type: application/json; charset=utf-8
12:20:09.873 [Forwarding findElement on session 18063075-812d-4a4c-a6cd-30fbf03bc7bd to remote] DEBUG org.apache.http.headers - http-outgoing-11 >> Content-Length: 33
12:20:09.873 [Forwarding findElement on session 18063075-812d-4a4c-a6cd-30fbf03bc7bd to remote] DEBUG org.apache.http.headers - http-outgoing-11 >> Host: localhost:4723
12:20:09.873 [Forwarding findElement on session 18063075-812d-4a4c-a6cd-30fbf03bc7bd to remote] DEBUG org.apache.http.headers - http-outgoing-11 >> Connection: Keep-Alive
12:20:09.873 [Forwarding findElement on session 18063075-812d-4a4c-a6cd-30fbf03bc7bd to remote] DEBUG org.apache.http.headers - http-outgoing-11 >> User-Agent: Apache-HttpClient/4.5.2 (Java/1.8.0_171)
12:20:09.873 [Forwarding findElement on session 18063075-812d-4a4c-a6cd-30fbf03bc7bd to remote] DEBUG org.apache.http.headers - http-outgoing-11 >> Accept-Encoding: gzip,deflate
12:20:09.874 [Forwarding findElement on session 18063075-812d-4a4c-a6cd-30fbf03bc7bd to remote] DEBUG org.apache.http.wire - http-outgoing-11 >> "POST /wd/hub/session/18063075-812d-4a4c-a6cd-30fbf03bc7bd/element HTTP/1.1[\r][\n]"
12:20:09.874 [Forwarding findElement on session 18063075-812d-4a4c-a6cd-30fbf03bc7bd to remote] DEBUG org.apache.http.wire - http-outgoing-11 >> "Content-Type: application/json; charset=utf-8[\r][\n]"
12:20:09.874 [Forwarding findElement on session 18063075-812d-4a4c-a6cd-30fbf03bc7bd to remote] DEBUG org.apache.http.wire - http-outgoing-11 >> "Content-Length: 33[\r][\n]"
12:20:09.874 [Forwarding findElement on session 18063075-812d-4a4c-a6cd-30fbf03bc7bd to remote] DEBUG org.apache.http.wire - http-outgoing-11 >> "Host: localhost:4723[\r][\n]"
12:20:09.874 [Forwarding findElement on session 18063075-812d-4a4c-a6cd-30fbf03bc7bd to remote] DEBUG org.apache.http.wire - http-outgoing-11 >> "Connection: Keep-Alive[\r][\n]"
12:20:09.874 [Forwarding findElement on session 18063075-812d-4a4c-a6cd-30fbf03bc7bd to remote] DEBUG org.apache.http.wire - http-outgoing-11 >> "User-Agent: Apache-HttpClient/4.5.2 (Java/1.8.0_171)[\r][\n]"
12:20:09.874 [Forwarding findElement on session 18063075-812d-4a4c-a6cd-30fbf03bc7bd to remote] DEBUG org.apache.http.wire - http-outgoing-11 >> "Accept-Encoding: gzip,deflate[\r][\n]"
12:20:09.874 [Forwarding findElement on session 18063075-812d-4a4c-a6cd-30fbf03bc7bd to remote] DEBUG org.apache.http.wire - http-outgoing-11 >> "[\r][\n]"
12:20:09.874 [Forwarding findElement on session 18063075-812d-4a4c-a6cd-30fbf03bc7bd to remote] DEBUG org.apache.http.wire - http-outgoing-11 >> "{"using":"id","value":"TV SHOWS"}"
&amp#27;[35m[HTTP]&amp#27;[39m &amp#27;[37m-->&amp#27;[39m &amp#27;[37mPOST&amp#27;[39m &amp#27;[37m/wd/hub/session/18063075-812d-4a4c-a6cd-30fbf03bc7bd/element&amp#27;[39m
&amp#27;[35m[HTTP]&amp#27;[39m &amp#27;[90m{"using":"id","value":"TV SHOWS"}&amp#27;[39m
12:20:10.657 [Forwarding findElement on session 18063075-812d-4a4c-a6cd-30fbf03bc7bd to remote] DEBUG org.apache.http.wire - http-outgoing-11 << "HTTP/1.1 200 OK[\r][\n]"
12:20:10.657 [Forwarding findElement on session 18063075-812d-4a4c-a6cd-30fbf03bc7bd to remote] DEBUG org.apache.http.wire - http-outgoing-11 << "X-Powered-By: Express[\r][\n]"
12:20:10.657 [Forwarding findElement on session 18063075-812d-4a4c-a6cd-30fbf03bc7bd to remote] DEBUG org.apache.http.wire - http-outgoing-11 << "Access-Control-Allow-Origin: *[\r][\n]"
12:20:10.657 [Forwarding findElement on session 18063075-812d-4a4c-a6cd-30fbf03bc7bd to remote] DEBUG org.apache.http.wire - http-outgoing-11 << "Access-Control-Allow-Methods: GET,POST,PUT,OPTIONS,DELETE[\r][\n]"
12:20:10.657 [Forwarding findElement on session 18063075-812d-4a4c-a6cd-30fbf03bc7bd to remote] DEBUG org.apache.http.wire - http-outgoing-11 << "Access-Control-Allow-Headers: origin, content-type, accept[\r][\n]"
12:20:10.657 [Forwarding findElement on session 18063075-812d-4a4c-a6cd-30fbf03bc7bd to remote] DEBUG org.apache.http.wire - http-outgoing-11 << "Vary: X-HTTP-Method-Override[\r][\n]"
12:20:10.657 [Forwarding findElement on session 18063075-812d-4a4c-a6cd-30fbf03bc7bd to remote] DEBUG org.apache.http.wire - http-outgoing-11 << "Content-Type: application/json; charset=utf-8[\r][\n]"
12:20:10.657 [Forwarding findElement on session 18063075-812d-4a4c-a6cd-30fbf03bc7bd to remote] DEBUG org.apache.http.wire - http-outgoing-11 << "Content-Length: 122[\r][\n]"
12:20:10.657 [Forwarding findElement on session 18063075-812d-4a4c-a6cd-30fbf03bc7bd to remote] DEBUG org.apache.http.wire - http-outgoing-11 << "ETag: W/"7a-WMNopTNm5/on+gVrKin4eBW72bI"[\r][\n]"
12:20:10.657 [Forwarding findElement on session 18063075-812d-4a4c-a6cd-30fbf03bc7bd to remote] DEBUG org.apache.http.wire - http-outgoing-11 << "Date: Fri, 23 Aug 2019 06:50:10 GMT[\r][\n]"
12:20:10.657 [Forwarding findElement on session 18063075-812d-4a4c-a6cd-30fbf03bc7bd to remote] DEBUG org.apache.http.wire - http-outgoing-11 << "Connection: keep-alive[\r][\n]"
12:20:10.657 [Forwarding findElement on session 18063075-812d-4a4c-a6cd-30fbf03bc7bd to remote] DEBUG org.apache.http.wire - http-outgoing-11 << "[\r][\n]"
12:20:10.657 [Forwarding findElement on session 18063075-812d-4a4c-a6cd-30fbf03bc7bd to remote] DEBUG org.apache.http.wire - http-outgoing-11 << "{"status":0,"value":{"ELEMENT":"1E000000-0000-0000-B619-000000000000"},"sessionId":"18063075-812d-4a4c-a6cd-30fbf03bc7bd"}"
&amp#27;[35m[HTTP]&amp#27;12:20:10.657 [Forwarding findElement on session 18063075-812d-4a4c-a6cd-30fbf03bc7bd to remote] DEBUG org.apache.http.headers - http-outgoing-11 << HTTP/1.1 200 OK
[39m &amp#27;12:20:10.657 [Forwarding findElement on session 18063075-812d-4a4c-a6cd-30fbf03bc7bd to remote] DEBUG org.apache.http.headers - http-outgoing-11 << X-Powered-By: Express
12:20:10.657 [Forwarding findElement on session 18063075-812d-4a4c-a6cd-30fbf03bc7bd to remote] DEBUG org.apache.http.headers - http-outgoing-11 << Access-Control-Allow-Origin: *
12:20:10.657 [Forwarding findElement on session 18063075-812d-4a4c-a6cd-30fbf03bc7bd to remote] DEBUG org.apache.http.headers - http-outgoing-11 << Access-Control-Allow-Methods: GET,POST,PUT,OPTIONS,DELETE
12:20:10.657 [Forwarding findElement on session 18063075-812d-4a4c-a6cd-30fbf03bc7bd to remote] DEBUG org.apache.http.headers - http-outgoing-11 << Access-Control-Allow-Headers: origin, content-type, accept
12:20:10.657 [Forwarding findElement on session 18063075-812d-4a4c-a6cd-30fbf03bc7bd to remote] DEBUG org.apache.http.headers - http-outgoing-11 << Vary: X-HTTP-Method-Override
12:20:10.657 [Forwarding findElement on session 18063075-812d-4a4c-a6cd-30fbf03bc7bd to remote] DEBUG org.apache.http.headers - http-outgoing-11 << Content-Type: application/json; charset=utf-8
12:20:10.657 [Forwarding findElement on session 18063075-812d-4a4c-a6cd-30fbf03bc7bd to remote] DEBUG org.apache.http.headers - http-outgoing-11 << Content-Length: 122
12:20:10.657 [Forwarding findElement on session 18063075-812d-4a4c-a6cd-30fbf03bc7bd to remote] DEBUG org.apache.http.headers - http-outgoing-11 << ETag: W/"7a-WMNopTNm5/on+gVrKin4eBW72bI"
12:20:10.657 [Forwarding findElement on session 18063075-812d-4a4c-a6cd-30fbf03bc7bd to remote] DEBUG org.apache.http.headers - http-outgoing-11 << Date: Fri, 23 Aug 2019 06:50:10 GMT
12:20:10.657 [Forwarding findElement on session 18063075-812d-4a4c-a6cd-30fbf03bc7bd to remote] DEBUG org.apache.http.headers - http-outgoing-11 << Connection: keep-alive
[37m<-- POST /wd/hub/session/18063075-812d-4a4c-a6cd-30fbf03bc7bd/ele12:20:10.657 [Forwarding findElement on session 18063075-812d-4a4c-a6cd-30fbf03bc7bd to remote] DEBUG o.a.h.impl.execchain.MainClientExec - Connection can be kept alive indefinitely
ment &amp#27;[39m&amp#27;[32m200&amp#27;[39m &amp#27;[90m782 ms - 122&amp#27;[39m
12:20:10.658 [Forwarding findElement on session 18063075-812d-4a4c-a6cd-30fbf03bc7bd to remote] DEBUG o.a.h.i.c.PoolingHttpClientConnectionManager - Connection [id: 11][route: {}->http://localhost:4723] can be kept alive indefinitely
&amp#27;[35m[HTTP]&amp#27;[39m &amp#27;[90m&amp#27;[39m
12:20:10.658 [Forwarding findElement on session 18063075-812d-4a4c-a6cd-30fbf03bc7bd to remote] DEBUG o.a.h.i.c.PoolingHttpClientConnectionManager - Connection released: [id: 11][route: {}->http://localhost:4723][total kept alive: 1; route allocated: 1 of 2000; total allocated: 1 of 2000]
12:20:10.659 [Forwarding isElementDisplayed on session 18063075-812d-4a4c-a6cd-30fbf03bc7bd to remote] DEBUG o.a.h.c.protocol.RequestAddCookies - CookieSpec selected: default
12:20:10.659 [Forwarding isElementDisplayed on session 18063075-812d-4a4c-a6cd-30fbf03bc7bd to remote] DEBUG o.a.h.c.protocol.RequestAuthCache - Auth cache not set in the context
12:20:10.659 [Forwarding isElementDisplayed on session 18063075-812d-4a4c-a6cd-30fbf03bc7bd to remote] DEBUG o.a.h.i.c.PoolingHttpClientConnectionManager - Connection request: [route: {}->http://localhost:4723][total kept alive: 1; route allocated: 1 of 2000; total allocated: 1 of 2000]
12:20:10.659 [Forwarding isElementDisplayed on session 18063075-812d-4a4c-a6cd-30fbf03bc7bd to remote] DEBUG o.a.h.i.c.PoolingHttpClientConnectionManager - Connection leased: [id: 11][route: {}->http://localhost:4723][total kept alive: 0; route allocated: 1 of 2000; total allocated: 1 of 2000]
12:20:10.659 [Forwarding isElementDisplayed on session 18063075-812d-4a4c-a6cd-30fbf03bc7bd to remote] DEBUG o.a.h.impl.execchain.MainClientExec - Stale connection check
12:20:10.660 [Forwarding isElementDisplayed on session 18063075-812d-4a4c-a6cd-30fbf03bc7bd to remote] DEBUG org.apache.http.wire - http-outgoing-11 << "[read] I/O error: Read timed out"
12:20:10.660 [Forwarding isElementDisplayed on session 18063075-812d-4a4c-a6cd-30fbf03bc7bd to remote] DEBUG o.a.h.i.c.DefaultManagedHttpClientConnection - http-outgoing-11: set socket timeout to 10800000
12:20:10.660 [Forwarding isElementDisplayed on session 18063075-812d-4a4c-a6cd-30fbf03bc7bd to remote] DEBUG o.a.h.impl.execchain.MainClientExec - Executing request GET /wd/hub/session/18063075-812d-4a4c-a6cd-30fbf03bc7bd/element/1E000000-0000-0000-B619-000000000000/displayed HTTP/1.1
12:20:10.660 [Forwarding isElementDisplayed on session 18063075-812d-4a4c-a6cd-30fbf03bc7bd to remote] DEBUG o.a.h.impl.execchain.MainClientExec - Target auth state: UNCHALLENGED
12:20:10.660 [Forwarding isElementDisplayed on session 18063075-812d-4a4c-a6cd-30fbf03bc7bd to remote] DEBUG o.a.h.impl.execchain.MainClientExec - Proxy auth state: UNCHALLENGED
12:20:10.660 [Forwarding isElementDisplayed on session 18063075-812d-4a4c-a6cd-30fbf03bc7bd to remote] DEBUG org.apache.http.headers - http-outgoing-11 >> GET /wd/hub/session/18063075-812d-4a4c-a6cd-30fbf03bc7bd/element/1E000000-0000-0000-B619-000000000000/displayed HTTP/1.1
12:20:10.660 [Forwarding isElementDisplayed on session 18063075-812d-4a4c-a6cd-30fbf03bc7bd to remote] DEBUG org.apache.http.headers - http-outgoing-11 >> Cache-Control: no-cache
12:20:10.660 [Forwarding isElementDisplayed on session 18063075-812d-4a4c-a6cd-30fbf03bc7bd to remote] DEBUG org.apache.http.headers - http-outgoing-11 >> Host: localhost:4723
12:20:10.660 [Forwarding isElementDisplayed on session 18063075-812d-4a4c-a6cd-30fbf03bc7bd to remote] DEBUG org.apache.http.headers - http-outgoing-11 >> Connection: Keep-Alive
12:20:10.660 [Forwarding isElementDisplayed on session 18063075-812d-4a4c-a6cd-30fbf03bc7bd to remote] DEBUG org.apache.http.headers - http-outgoing-11 >> User-Agent: Apache-HttpClient/4.5.2 (Java/1.8.0_171)
12:20:10.660 [Forwarding isElementDisplayed on session 18063075-812d-4a4c-a6cd-30fbf03bc7bd to remote] DEBUG org.apache.http.headers - http-outgoing-11 >> Accept-Encoding: gzip,deflate
12:20:10.660 [Forwarding isElementDisplayed on session 18063075-812d-4a4c-a6cd-30fbf03bc7bd to remote] DEBUG org.apache.http.wire - http-outgoing-11 >> "GET /wd/hub/session/18063075-812d-4a4c-a6cd-30fbf03bc7bd/element/1E000000-0000-0000-B619-000000000000/displayed HTTP/1.1[\r][\n]"
12:20:10.661 [Forwarding isElementDisplayed on session 18063075-812d-4a4c-a6cd-30fbf03bc7bd to remote] DEBUG org.apache.http.wire - http-outgoing-11 >> "Cache-Control: no-cache[\r][\n]"
12:20:10.661 [Forwarding isElementDisplayed on session 18063075-812d-4a4c-a6cd-30fbf03bc7bd to remote] DEBUG org.apache.http.wire - http-outgoing-11 >> "Host: localhost:4723[\r][\n]"
12:20:10.661 [Forwarding isElementDisplayed on session 18063075-812d-4a4c-a6cd-30fbf03bc7bd to remote] DEBUG org.apache.http.wire - http-outgoing-11 >> "Connection: Keep-Alive[\r][\n]"
12:20:10.661 [Forwarding isElementDisplayed on session 18063075-812d-4a4c-a6cd-30fbf03bc7bd to remote] DEBUG org.apache.http.wire - http-outgoing-11 >> "User-Agent: Apache-HttpClient/4.5.2 (Java/1.8.0_171)[\r][\n]"
12:20:10.661 [Forwarding isElementDisplayed on session 18063075-812d-4a4c-a6cd-30fbf03bc7bd to remote] DEBUG org.apache.http.wire - http-outgoing-11 >> "Accept-Encoding: gzip,deflate[\r][\n]"
12:20:10.661 [Forwarding isElementDisplayed on session 18063075-812d-4a4c-a6cd-30fbf03bc7bd to remote] DEBUG org.apache.http.wire - http-outgoing-11 >> "[\r][\n]"
&amp#27;[35m[HTTP]&amp#27;[39m &amp#27;[37m-->&amp#27;[39m &amp#27;[37mGET&amp#27;[39m &amp#27;[37m/wd/hub/session/18063075-812d-4a4c-a6cd-30fbf03bc7bd/element/1E000000-0000-0000-B619-000000000000/displayed&amp#27;[39m
&amp#27;[35m[HTTP]&amp#27;[39m &amp#27;[90m{}&amp#27;[39m
&amp#27;[35m[MJSONWP]&amp#27;[39m Driver proxy active, passing request on via HTTP proxy
&amp#27;[35m[JSONWP Proxy]&amp#27;[39m Replacing sessionId 2E21A88C-0D02-488A-85F6-3645F1B6103A with 18012:20:11.252 [Forwarding isElementDisplayed on session 18063075-812d-4a4c-a6cd-30fbf03bc7bd to remote] DEBUG org.apache.http.wire - http-outgoing-11 << "HTTP/1.1 200 OK[\r][\n]"
63075-812d-4a4c-a6cd-30fbf03bc7bd12:20:11.253 [Forwarding isElementDisplayed on session 18063075-812d-4a4c-a6cd-30fbf03bc7bd to remote] DEBUG org.apache.http.wire - http-outgoing-11 << "X-Powered-By: Express[\r][\n]"
12:20:11.253 [Forwarding isElementDisplayed on session 18063075-812d-4a4c-a6cd-30fbf03bc7bd to remote] DEBUG org.apache.http.wire - http-outgoing-11 << "Access-Control-Allow-Origin: *[\r][\n]"
12:20:11.253 [Forwarding isElementDisplayed on session 18063075-812d-4a4c-a6cd-30fbf03bc7bd to remote] DEBUG org.apache.http.wire - http-outgoing-11 << "Access-Control-Allow-Methods: GET,POST,PUT,OPTIONS,DELETE[\r][\n]"
12:20:11.253 [Forwarding isElementDisplayed on session 18063075-812d-4a4c-a6cd-30fbf03bc7bd to remote] DEBUG org.apache.http.wire - http-outgoing-11 << "Access-Control-Allow-Headers: origin, content-type, accept[\r][\n]"
12:20:11.253 [Forwarding isElementDisplayed on session 18063075-812d-4a4c-a6cd-30fbf03bc7bd to remote] DEBUG org.apache.http.wire - http-outgoing-11 << "Content-Type: application/json; charset=utf-8[\r][\n]"
12:20:11.253 [Forwarding isElementDisplayed on session 18063075-812d-4a4c-a6cd-30fbf03bc7bd to remote] DEBUG org.apache.http.wire - http-outgoing-11 << "Content-Length: 76[\r][\n]"
12:20:11.253 [Forwarding isElementDisplayed on session 18063075-812d-4a4c-a6cd-30fbf03bc7bd to remote] DEBUG org.apache.http.wire - http-outgoing-11 << "ETag: W/"4c-Y7k244UeXncxktz3h+rJR8RJids"[\r][\n]"
12:20:11.253 [Forwarding isElementDisplayed on session 18063075-812d-4a4c-a6cd-30fbf03bc7bd to remote] DEBUG org.apache.http.wire - http-outgoing-11 << "Date: Fri, 23 Aug 2019 06:50:11 GMT[\r][\n]"
12:20:11.253 [Forwarding isElementDisplayed on session 18063075-812d-4a4c-a6cd-30fbf03bc7bd to remote] DEBUG org.apache.http.wire - http-outgoing-11 << "Connection: keep-alive[\r][\n]"

&amp#27;[312:20:11.253 [Forwarding isElementDisplayed on session 18063075-812d-4a4c-a6cd-30fbf03bc7bd to remote] DEBUG org.apache.http.wire - http-outgoing-11 << "[\r][\n]"
12:20:11.253 [Forwarding isElementDisplayed on session 18063075-812d-4a4c-a6cd-30fbf03bc7bd to remote] DEBUG org.apache.http.wire - http-outgoing-11 << "{"value":true,"sessionId":"18063075-812d-4a4c-a6cd-30fbf03bc7bd","status":0}"
5m[HTTP]&amp#27;[39m &amp#27;[37m<-- GET /wd/hub/12:20:11.253 [Forwarding isElementDisplayed on session 18063075-812d-4a4c-a6cd-30fbf03bc7bd to remote] DEBUG org.apache.http.headers - http-outgoing-11 << HTTP/1.1 200 OK
12:20:11.253 [Forwarding isElementDisplayed on session 18063075-812d-4a4c-a6cd-30fbf03bc7bd to remote] DEBUG org.apache.http.headers - http-outgoing-11 << X-Powered-By: Express
session/18063075-812d-4a4c-a6cd-30fbf03bc7bd/element12:20:11.253 [Forwarding isElementDisplayed on session 18063075-812d-4a4c-a6cd-30fbf03bc7bd to remote] DEBUG org.apache.http.headers - http-outgoing-11 << Access-Control-Allow-Origin: *
/1E0000012:20:11.254 [Forwarding isElementDisplayed on session 18063075-812d-4a4c-a6cd-30fbf03bc7bd to remote] DEBUG org.apache.http.headers - http-outgoing-11 << Access-Control-Allow-Methods: GET,POST,PUT,OPTIONS,DELETE
12:20:11.254 [Forwarding isElementDisplayed on session 18063075-812d-4a4c-a6cd-30fbf03bc7bd to remote] DEBUG org.apache.http.headers - http-outgoing-11 << Access-Control-Allow-Headers: origin, content-type, accept
12:20:11.254 [Forwarding isElementDisplayed on session 18063075-812d-4a4c-a6cd-30fbf03bc7bd to remote] DEBUG org.apache.http.headers - http-outgoing-11 << Content-Type: application/json; charset=utf-8
12:20:11.254 [Forwarding isElementDisplayed on session 18063075-812d-4a4c-a6cd-30fbf03bc7bd to remote] DEBUG org.apache.http.headers - http-outgoing-11 << Content-Length: 76
12:20:11.254 [Forwarding isElementDisplayed on session 18063075-812d-4a4c-a6cd-30fbf03bc7bd to remote] DEBUG org.apache.http.headers - http-outgoing-11 << ETag: W/"4c-Y7k244UeXncxktz3h+rJR8RJids"
12:20:11.254 [Forwarding isElementDisplayed on session 18063075-812d-4a4c-a6cd-30fbf03bc7bd to remote] DEBUG org.apache.http.headers - http-outgoing-11 << Date: Fri, 23 Aug 2019 06:50:11 GMT
12:20:11.254 [Forwarding isElementDisplayed on session 18063075-812d-4a4c-a6cd-30fbf03bc7bd to remote] DEBUG org.apache.http.headers - http-outgoing-11 << Connection: keep-alive
0-0000-0000-B619-000000000000/displayed &amp#27;[39m&amp#27;[32m200&amp#27;[39m &amp#27;[90m591 ms - 76&amp#27;[39m
&amp#27;[35m[HT12:20:11.254 [Forwarding isElementDisplayed on session 18063075-812d-4a4c-a6cd-30fbf03bc7bd to remote] DEBUG o.a.h.impl.execchain.MainClientExec - Connection can be kept alive indefinitely
TP]&amp#27;[39m &amp#27;[90m&amp#27;[39m
12:20:11.254 [Forwarding isElementDisplayed on session 18063075-812d-4a4c-a6cd-30fbf03bc7bd to remote] DEBUG o.a.h.i.c.PoolingHttpClientConnectionManager - Connection [id: 11][route: {}->http://localhost:4723] can be kept alive indefinitely
12:20:11.254 [Forwarding isElementDisplayed on session 18063075-812d-4a4c-a6cd-30fbf03bc7bd to remote] DEBUG o.a.h.i.c.PoolingHttpClientConnectionManager - Connection released: [id: 11][route: {}->http://localhost:4723][total kept alive: 1; route allocated: 1 of 2000; total allocated: 1 of 2000]
12:20:11.255 [Forwarding findElement on session 18063075-812d-4a4c-a6cd-30fbf03bc7bd to remote] DEBUG o.a.h.c.protocol.RequestAddCookies - CookieSpec selected: default
12:20:11.255 [Forwarding findElement on session 18063075-812d-4a4c-a6cd-30fbf03bc7bd to remote] DEBUG o.a.h.c.protocol.RequestAuthCache - Auth cache not set in the context
12:20:11.255 [Forwarding findElement on session 18063075-812d-4a4c-a6cd-30fbf03bc7bd to remote] DEBUG o.a.h.i.c.PoolingHttpClientConnectionManager - Connection request: [route: {}->http://localhost:4723][total kept alive: 1; route allocated: 1 of 2000; total allocated: 1 of 2000]
12:20:11.255 [Forwarding findElement on session 18063075-812d-4a4c-a6cd-30fbf03bc7bd to remote] DEBUG o.a.h.i.c.PoolingHttpClientConnectionManager - Connection leased: [id: 11][route: {}->http://localhost:4723][total kept alive: 0; route allocated: 1 of 2000; total allocated: 1 of 2000]
12:20:11.255 [Forwarding findElement on session 18063075-812d-4a4c-a6cd-30fbf03bc7bd to remote] DEBUG o.a.h.impl.execchain.MainClientExec - Stale connection check
12:20:11.257 [Forwarding findElement on session 18063075-812d-4a4c-a6cd-30fbf03bc7bd to remote] DEBUG org.apache.http.wire - http-outgoing-11 << "[read] I/O error: Read timed out"
12:20:11.257 [Forwarding findElement on session 18063075-812d-4a4c-a6cd-30fbf03bc7bd to remote] DEBUG o.a.h.i.c.DefaultManagedHttpClientConnection - http-outgoing-11: set socket timeout to 10800000
12:20:11.257 [Forwarding findElement on session 18063075-812d-4a4c-a6cd-30fbf03bc7bd to remote] DEBUG o.a.h.impl.execchain.MainClientExec - Executing request POST /wd/hub/session/18063075-812d-4a4c-a6cd-30fbf03bc7bd/element HTTP/1.1
12:20:11.257 [Forwarding findElement on session 18063075-812d-4a4c-a6cd-30fbf03bc7bd to remote] DEBUG o.a.h.impl.execchain.MainClientExec - Target auth state: UNCHALLENGED
12:20:11.257 [Forwarding findElement on session 18063075-812d-4a4c-a6cd-30fbf03bc7bd to remote] DEBUG o.a.h.impl.execchain.MainClientExec - Proxy auth state: UNCHALLENGED
12:20:11.257 [Forwarding findElement on session 18063075-812d-4a4c-a6cd-30fbf03bc7bd to remote] DEBUG org.apache.http.headers - http-outgoing-11 >> POST /wd/hub/session/18063075-812d-4a4c-a6cd-30fbf03bc7bd/element HTTP/1.1
12:20:11.257 [Forwarding findElement on session 18063075-812d-4a4c-a6cd-30fbf03bc7bd to remote] DEBUG org.apache.http.headers - http-outgoing-11 >> Content-Type: application/json; charset=utf-8
12:20:11.257 [Forwarding findElement on session 18063075-812d-4a4c-a6cd-30fbf03bc7bd to remote] DEBUG org.apache.http.headers - http-outgoing-11 >> Content-Length: 33
12:20:11.257 [Forwarding findElement on session 18063075-812d-4a4c-a6cd-30fbf03bc7bd to remote] DEBUG org.apache.http.headers - http-outgoing-11 >> Host: localhost:4723
12:20:11.257 [Forwarding findElement on session 18063075-812d-4a4c-a6cd-30fbf03bc7bd to remote] DEBUG org.apache.http.headers - http-outgoing-11 >> Connection: Keep-Alive
12:20:11.257 [Forwarding findElement on session 18063075-812d-4a4c-a6cd-30fbf03bc7bd to remote] DEBUG org.apache.http.headers - http-outgoing-11 >> User-Agent: Apache-HttpClient/4.5.2 (Java/1.8.0_171)
12:20:11.257 [Forwarding findElement on session 18063075-812d-4a4c-a6cd-30fbf03bc7bd to remote] DEBUG org.apache.http.headers - http-outgoing-11 >> Accept-Encoding: gzip,deflate
12:20:11.257 [Forwarding findElement on session 18063075-812d-4a4c-a6cd-30fbf03bc7bd to remote] DEBUG org.apache.http.wire - http-outgoing-11 >> "POST /wd/hub/session/18063075-812d-4a4c-a6cd-30fbf03bc7bd/element HTTP/1.1[\r][\n]"
12:20:11.257 [Forwarding findElement on session 18063075-812d-4a4c-a6cd-30fbf03bc7bd to remote] DEBUG org.apache.http.wire - http-outgoing-11 >> "Content-Type: application/json; charset=utf-8[\r][\n]"
12:20:11.257 [Forwarding findElement on session 18063075-812d-4a4c-a6cd-30fbf03bc7bd to remote] DEBUG org.apache.http.wire - http-outgoing-11 >> "Content-Length: 33[\r][\n]"
12:20:11.257 [Forwarding findElement on session 18063075-812d-4a4c-a6cd-30fbf03bc7bd to remote] DEBUG org.apache.http.wire - http-outgoing-11 >> "Host: localhost:4723[\r][\n]"
12:20:11.257 [Forwarding findElement on session 18063075-812d-4a4c-a6cd-30fbf03bc7bd to remote] DEBUG org.apache.http.wire - http-outgoing-11 >> "Connection: Keep-Alive[\r][\n]"
12:20:11.257 [Forwarding findElement on session 18063075-812d-4a4c-a6cd-30fbf03bc7bd to remote] DEBUG org.apache.http.wire - http-outgoing-11 >> "User-Agent: Apache-HttpClient/4.5.2 (Java/1.8.0_171)[\r][\n]"
12:20:11.257 [Forwarding findElement on session 18063075-812d-4a4c-a6cd-30fbf03bc7bd to remote] DEBUG org.apache.http.wire - http-outgoing-11 >> "Accept-Encoding: gzip,deflate[\r][\n]"
12:20:11.257 [Forwarding findElement on session 18063075-812d-4a4c-a6cd-30fbf03bc7bd to remote] DEBUG org.apache.http.wire - http-outgoing-11 >> "[\r][\n]"
12:20:11.257 [Forwarding findElement on session 18063075-812d-4a4c-a6cd-30fbf03bc7bd to remote] DEBUG org.apache.http.wire - http-outgoing-11 >> "{"using":"id","value":"TV SHOWS"}"
&amp#27;[35m[HTTP]&amp#27;[39m &amp#27;[37m-->&amp#27;[39m &amp#27;[37mPOST&amp#27;[39m &amp#27;[37m/wd/hub/session/18063075-812d-4a4c-a6cd-30fbf03bc7bd/element&amp#27;[39m
&amp#27;[35m[HTTP]&amp#27;[39m &amp#27;[90m{"using":"id","value":"TV SHOWS"}&amp#27;[39m
12:20:12.026 [Forwarding findElement on session 18063075-812d-4a4c-a6cd-30fbf03bc7bd to remote] DEBUG org.apache.http.wire - http-outgoing-11 << "HTTP/1.1 200 OK[\r][\n]"
12:20:12.026 [Forwarding findElement on session 18063075-812d-4a4c-a6cd-30fbf03bc7bd to remote] DEBUG org.apache.http.wire - http-outgoing-11 << "X-Powered-By: Express[\r][\n]"
12:20:12.026 [Forwarding findElement on session 18063075-812d-4a4c-a6cd-30fbf03bc7bd to remote] DEBUG org.apache.http.wire - http-outgoing-11 << "Access-Control-Allow-Origin: *[\r][\n]"
12:20:12.026 [Forwarding findElement on session 18063075-812d-4a4c-a6cd-30fbf03bc7bd to remote] DEBUG org.apache.http.wire - http-outgoing-11 << "Access-Control-Allow-Methods: GET,POST,PUT,OPTIONS,DELETE[\r][\n]"
12:20:12.026 [Forwarding findElement on session 18063075-812d-4a4c-a6cd-30fbf03bc7bd to remote] DEBUG org.apache.http.wire - http-outgoing-11 << "Access-Control-Allow-Headers: origin, content-type, accept[\r][\n]"
12:20:12.026 [Forwarding findElement on session 18063075-812d-4a4c-a6cd-30fbf03bc7bd to remote] DEBUG org.apache.http.wire - http-outgoing-11 << "Vary: X-HTTP-Method-Override[\r][\n]"
12:20:12.026 [Forwarding findElement on session 18063075-812d-4a4c-a6cd-30fbf03bc7bd to remote] DEBUG org.apache.http.wire - http-outgoing-11 << "Content-Type: application/json; charset=utf-8[\r][\n]"
12:20:12.026 [Forwarding findElement on session 18063075-812d-4a4c-a6cd-30fbf03bc7bd to remote] DEBUG org.apache.http.wire - http-outgoing-11 << "Content-Length: 122[\r][\n]"
12:20:12.026 [Forwarding findElement on session 18063075-812d-4a4c-a6cd-30fbf03bc7bd to remote] DEBUG org.apache.http.wire - http-outgoing-11 << "ETag: W/"7a-WMNopTNm5/on+gVrKin4eBW72bI"[\r][\n]"
12:20:12.026 [Forwarding findElement on session 18063075-812d-4a4c-a6cd-30fbf03bc7bd to remote] DEBUG org.apache.http.wire - http-outgoing-11 << "Date: Fri, 23 Aug 2019 06:50:12 GMT[\r][\n]"
12:20:12.026 [Forwarding findElement on session 18063075-812d-4a4c-a6cd-30fbf03bc7bd to remote] DEBUG org.apache.http.wire - http-outgoing-11 << "Connection: keep-alive[\r][\n]"
12:20:12.026 [Forwarding findElement on session 18063075-812d-4a4c-a6cd-30fbf03bc7bd to remote] DEBUG org.apache.http.wire - http-outgoing-11 << "[\r][\n]"
12:20:12.026 [Forwarding findElement on session 18063075-812d-4a4c-a6cd-30fbf03bc7bd to remote] DEBUG org.apache.http.wire - http-outgoing-11 << "{"status":0,"value":{"ELEMENT":"1E000000-0000-0000-B619-000000000000"},"sessionId":"18063075-812d-4a4c-a6cd-30fbf03bc7bd"}"
&amp#27;[312:20:12.027 [Forwarding findElement on session 18063075-812d-4a4c-a6cd-30fbf03bc7bd to remote] DEBUG org.apache.http.headers - http-outgoing-11 << HTTP/1.1 200 OK
5m[HTTP]&amp#27;[39m &amp#27;[37m<-- POST /wd/hub/session/18063075-812d-4a4c-a6cd-30fbf03bc7bd/element &amp#27;[39m&amp#27;[32m200&amp#27;[39m &amp#27;[90m769 ms - 122&amp#27;[39m
12:20:12.027 [Forwarding findElement on session 18063075-812d-4a4c-a6cd-30fbf03bc7bd to remote] DEBUG org.apache.http.headers - http-outgoing-11 << X-Powered-By: Express
&amp#27;[35m[HTTP]&amp#27;[39m &amp#27;[912:20:12.028 [Forwarding findElement on session 18063075-812d-4a4c-a6cd-30fbf03bc7bd to remote] DEBUG org.apache.http.headers - http-outgoing-11 << Access-Control-Allow-Origin: *
12:20:12.028 [Forwarding findElement on session 18063075-812d-4a4c-a6cd-30fbf03bc7bd to remote] DEBUG org.apache.http.headers - http-outgoing-11 << Access-Control-Allow-Methods: GET,POST,PUT,OPTIONS,DELETE
0m&amp#27;[39m
12:20:12.028 [Forwarding findElement on session 18063075-812d-4a4c-a6cd-30fbf03bc7bd to remote] DEBUG org.apache.http.headers - http-outgoing-11 << Access-Control-Allow-Headers: origin, content-type, accept
12:20:12.028 [Forwarding findElement on session 18063075-812d-4a4c-a6cd-30fbf03bc7bd to remote] DEBUG org.apache.http.headers - http-outgoing-11 << Vary: X-HTTP-Method-Override
12:20:12.028 [Forwarding findElement on session 18063075-812d-4a4c-a6cd-30fbf03bc7bd to remote] DEBUG org.apache.http.headers - http-outgoing-11 << Content-Type: application/json; charset=utf-8
12:20:12.028 [Forwarding findElement on session 18063075-812d-4a4c-a6cd-30fbf03bc7bd to remote] DEBUG org.apache.http.headers - http-outgoing-11 << Content-Length: 122
12:20:12.028 [Forwarding findElement on session 18063075-812d-4a4c-a6cd-30fbf03bc7bd to remote] DEBUG org.apache.http.headers - http-outgoing-11 << ETag: W/"7a-WMNopTNm5/on+gVrKin4eBW72bI"
12:20:12.028 [Forwarding findElement on session 18063075-812d-4a4c-a6cd-30fbf03bc7bd to remote] DEBUG org.apache.http.headers - http-outgoing-11 << Date: Fri, 23 Aug 2019 06:50:12 GMT
12:20:12.028 [Forwarding findElement on session 18063075-812d-4a4c-a6cd-30fbf03bc7bd to remote] DEBUG org.apache.http.headers - http-outgoing-11 << Connection: keep-alive
12:20:12.028 [Forwarding findElement on session 18063075-812d-4a4c-a6cd-30fbf03bc7bd to remote] DEBUG o.a.h.impl.execchain.MainClientExec - Connection can be kept alive indefinitely
12:20:12.028 [Forwarding findElement on session 18063075-812d-4a4c-a6cd-30fbf03bc7bd to remote] DEBUG o.a.h.i.c.PoolingHttpClientConnectionManager - Connection [id: 11][route: {}->http://localhost:4723] can be kept alive indefinitely
12:20:12.028 [Forwarding findElement on session 18063075-812d-4a4c-a6cd-30fbf03bc7bd to remote] DEBUG o.a.h.i.c.PoolingHttpClientConnectionManager - Connection released: [id: 11][route: {}->http://localhost:4723][total kept alive: 1; route allocated: 1 of 2000; total allocated: 1 of 2000]
12:20:12.029 [Forwarding clickElement on session 18063075-812d-4a4c-a6cd-30fbf03bc7bd to remote] DEBUG o.a.h.c.protocol.RequestAddCookies - CookieSpec selected: default
12:20:12.029 [Forwarding clickElement on session 18063075-812d-4a4c-a6cd-30fbf03bc7bd to remote] DEBUG o.a.h.c.protocol.RequestAuthCache - Auth cache not set in the context
12:20:12.029 [Forwarding clickElement on session 18063075-812d-4a4c-a6cd-30fbf03bc7bd to remote] DEBUG o.a.h.i.c.PoolingHttpClientConnectionManager - Connection request: [route: {}->http://localhost:4723][total kept alive: 1; route allocated: 1 of 2000; total allocated: 1 of 2000]
12:20:12.029 [Forwarding clickElement on session 18063075-812d-4a4c-a6cd-30fbf03bc7bd to remote] DEBUG o.a.h.i.c.PoolingHttpClientConnectionManager - Connection leased: [id: 11][route: {}->http://localhost:4723][total kept alive: 0; route allocated: 1 of 2000; total allocated: 1 of 2000]
12:20:12.029 [Forwarding clickElement on session 18063075-812d-4a4c-a6cd-30fbf03bc7bd to remote] DEBUG o.a.h.impl.execchain.MainClientExec - Stale connection check
12:20:12.031 [Forwarding clickElement on session 18063075-812d-4a4c-a6cd-30fbf03bc7bd to remote] DEBUG org.apache.http.wire - http-outgoing-11 << "[read] I/O error: Read timed out"
12:20:12.031 [Forwarding clickElement on session 18063075-812d-4a4c-a6cd-30fbf03bc7bd to remote] DEBUG o.a.h.i.c.DefaultManagedHttpClientConnection - http-outgoing-11: set socket timeout to 10800000
12:20:12.031 [Forwarding clickElement on session 18063075-812d-4a4c-a6cd-30fbf03bc7bd to remote] DEBUG o.a.h.impl.execchain.MainClientExec - Executing request POST /wd/hub/session/18063075-812d-4a4c-a6cd-30fbf03bc7bd/element/1E000000-0000-0000-B619-000000000000/click HTTP/1.1
12:20:12.031 [Forwarding clickElement on session 18063075-812d-4a4c-a6cd-30fbf03bc7bd to remote] DEBUG o.a.h.impl.execchain.MainClientExec - Target auth state: UNCHALLENGED
12:20:12.031 [Forwarding clickElement on session 18063075-812d-4a4c-a6cd-30fbf03bc7bd to remote] DEBUG o.a.h.impl.execchain.MainClientExec - Proxy auth state: UNCHALLENGED
12:20:12.031 [Forwarding clickElement on session 18063075-812d-4a4c-a6cd-30fbf03bc7bd to remote] DEBUG org.apache.http.headers - http-outgoing-11 >> POST /wd/hub/session/18063075-812d-4a4c-a6cd-30fbf03bc7bd/element/1E000000-0000-0000-B619-000000000000/click HTTP/1.1
12:20:12.031 [Forwarding clickElement on session 18063075-812d-4a4c-a6cd-30fbf03bc7bd to remote] DEBUG org.apache.http.headers - http-outgoing-11 >> Content-Type: application/json; charset=utf-8
12:20:12.031 [Forwarding clickElement on session 18063075-812d-4a4c-a6cd-30fbf03bc7bd to remote] DEBUG org.apache.http.headers - http-outgoing-11 >> Content-Length: 45
12:20:12.031 [Forwarding clickElement on session 18063075-812d-4a4c-a6cd-30fbf03bc7bd to remote] DEBUG org.apache.http.headers - http-outgoing-11 >> Host: localhost:4723
12:20:12.031 [Forwarding clickElement on session 18063075-812d-4a4c-a6cd-30fbf03bc7bd to remote] DEBUG org.apache.http.headers - http-outgoing-11 >> Connection: Keep-Alive
12:20:12.031 [Forwarding clickElement on session 18063075-812d-4a4c-a6cd-30fbf03bc7bd to remote] DEBUG org.apache.http.headers - http-outgoing-11 >> User-Agent: Apache-HttpClient/4.5.2 (Java/1.8.0_171)
12:20:12.031 [Forwarding clickElement on session 18063075-812d-4a4c-a6cd-30fbf03bc7bd to remote] DEBUG org.apache.http.headers - http-outgoing-11 >> Accept-Encoding: gzip,deflate
12:20:12.031 [Forwarding clickElement on session 18063075-812d-4a4c-a6cd-30fbf03bc7bd to remote] DEBUG org.apache.http.wire - http-outgoing-11 >> "POST /wd/hub/session/18063075-812d-4a4c-a6cd-30fbf03bc7bd/element/1E000000-0000-0000-B619-000000000000/click HTTP/1.1[\r][\n]"
12:20:12.031 [Forwarding clickElement on session 18063075-812d-4a4c-a6cd-30fbf03bc7bd to remote] DEBUG org.apache.http.wire - http-outgoing-11 >> "Content-Type: application/json; charset=utf-8[\r][\n]"
12:20:12.031 [Forwarding clickElement on session 18063075-812d-4a4c-a6cd-30fbf03bc7bd to remote] DEBUG org.apache.http.wire - http-outgoing-11 >> "Content-Length: 45[\r][\n]"
12:20:12.031 [Forwarding clickElement on session 18063075-812d-4a4c-a6cd-30fbf03bc7bd to remote] DEBUG org.apache.http.wire - http-outgoing-11 >> "Host: localhost:4723[\r][\n]"
12:20:12.031 [Forwarding clickElement on session 18063075-812d-4a4c-a6cd-30fbf03bc7bd to remote] DEBUG org.apache.http.wire - http-outgoing-11 >> "Connection: Keep-Alive[\r][\n]"
12:20:12.031 [Forwarding clickElement on session 18063075-812d-4a4c-a6cd-30fbf03bc7bd to remote] DEBUG org.apache.http.wire - http-outgoing-11 >> "User-Agent: Apache-HttpClient/4.5.2 (Java/1.8.0_171)[\r][\n]"
12:20:12.031 [Forwarding clickElement on session 18063075-812d-4a4c-a6cd-30fbf03bc7bd to remote] DEBUG org.apache.http.wire - http-outgoing-11 >> "Accept-Encoding: gzip,deflate[\r][\n]"
12:20:12.031 [Forwarding clickElement on session 18063075-812d-4a4c-a6cd-30fbf03bc7bd to remote] DEBUG org.apache.http.wire - http-outgoing-11 >> "[\r][\n]"
12:20:12.031 [Forwarding clickElement on session 18063075-812d-4a4c-a6cd-30fbf03bc7bd to remote] DEBUG org.apache.http.wire - http-outgoing-11 >> "{"id":"1E000000-0000-0000-B619-000000000000"}"
&amp#27;[35m[HTTP]&amp#27;[39m &amp#27;[37m-->&amp#27;[39m &amp#27;[37mPOST&amp#27;[39m &amp#27;[37m/wd/hub/session/18063075-812d-4a4c-a6cd-30fbf03bc7bd/element/1E000000-0000-0000-B619-000000000000/click&amp#27;[39m
&amp#27;[35m[HTTP]&amp#27;[39m &amp#27;[90m{"id":"1E000000-0000-0000-B619-000000000000"}&amp#27;[39m
&amp#27;[35m[MJSONWP]&amp#27;[39m Driver proxy active, passing request on via HTTP proxy
&amp#27;[35m[JSONWP Proxy]&amp#27;[39m Replacing sessionId 2E21A88C-0D02-488A-85F6-3645F1B6103A with 18063075-812d-4a4c-a6cd-30fbf03bc7bd
12:20:13.421 [Forwarding clickElement on session 18063075-812d-4a4c-a6cd-30fbf03bc7bd to remote] DEBUG org.apache.http.wire - http-outgoing-11 << "HTTP/1.1 200 OK[\r][\n]"
&amp#27;[35m[HTTP]&amp#27;[12:20:13.423 [Forwarding clickElement on session 18063075-812d-4a4c-a6cd-30fbf03bc7bd to remote] DEBUG org.apache.http.wire - http-outgoing-11 << "X-Powered-By: Express[\r][\n]"
39m &amp#27;[37m<-- POST /wd/hub/session/18063075-12:20:13.423 [Forwarding clickElement on session 18063075-812d-4a4c-a6cd-30fbf03bc7bd to remote] DEBUG org.apache.http.wire - http-outgoing-11 << "Access-Control-Allow-Origin: *[\r][\n]"
812d-4a4c-a6cd-30fbf03bc7bd/element/1E000000-0000-0000-B619-000000000000/click &amp#27;[39m&amp#27;[32m200&amp#27;[39m &amp#27;[90m1389 ms - 118&amp#27;[312:20:13.423 [Forwarding clickElement on session 18063075-812d-4a4c-a6cd-30fbf03bc7bd to remote] DEBUG org.apache.http.wire - http-outgoing-11 << "Access-Control-Allow-Methods: GET,POST,PUT,OPTIONS,DELETE[\r][\n]"
9m
&amp#27;[35m[HTTP]&amp#27;[39m &amp#27;[12:20:13.424 [Forwarding clickElement on session 18063075-812d-4a4c-a6cd-30fbf03bc7bd to remote] DEBUG org.apache.http.wire - http-outgoing-11 << "Access-Control-Allow-Headers: origin, content-type, accept[\r][\n]"
90m&amp#27;12:20:13.425 [Forwarding clickElement on session 18063075-812d-4a4c-a6cd-30fbf03bc7bd to remote] DEBUG org.apache.http.wire - http-outgoing-11 << "Vary: X-HTTP-Method-Override[\r][\n]"
[312:20:13.425 [Forwarding clickElement on session 18063075-812d-4a4c-a6cd-30fbf03bc7bd to remote] DEBUG org.apache.http.wire - http-outgoing-11 << "Content-Type: application/json; charset=utf-8[\r][\n]"
12:20:13.425 [Forwarding clickElement on session 18063075-812d-4a4c-a6cd-30fbf03bc7bd to remote] DEBUG org.apache.http.wire - http-outgoing-11 << "Content-Length: 118[\r][\n]"
9m12:20:13.425 [Forwarding clickElement on session 18063075-812d-4a4c-a6cd-30fbf03bc7bd to remote] DEBUG org.apache.http.wire - http-outgoing-11 << "ETag: W/"76-JI2V4EG1QJXcWy0Q/fgOxfmbYgo"[\r][\n]"

12:20:13.425 [Forwarding clickElement on session 18063075-812d-4a4c-a6cd-30fbf03bc7bd to remote] DEBUG org.apache.http.wire - http-outgoing-11 << "Date: Fri, 23 Aug 2019 06:50:13 GMT[\r][\n]"
12:20:13.425 [Forwarding clickElement on session 18063075-812d-4a4c-a6cd-30fbf03bc7bd to remote] DEBUG org.apache.http.wire - http-outgoing-11 << "Connection: keep-alive[\r][\n]"
12:20:13.425 [Forwarding clickElement on session 18063075-812d-4a4c-a6cd-30fbf03bc7bd to remote] DEBUG org.apache.http.wire - http-outgoing-11 << "[\r][\n]"
12:20:13.425 [Forwarding clickElement on session 18063075-812d-4a4c-a6cd-30fbf03bc7bd to remote] DEBUG org.apache.http.wire - http-outgoing-11 << "{"status":0,"id":"1E000000-0000-0000-B619-000000000000","value":"","sessionId":"18063075-812d-4a4c-a6cd-30fbf03bc7bd"}"
12:20:13.425 [Forwarding clickElement on session 18063075-812d-4a4c-a6cd-30fbf03bc7bd to remote] DEBUG org.apache.http.headers - http-outgoing-11 << HTTP/1.1 200 OK
12:20:13.425 [Forwarding clickElement on session 18063075-812d-4a4c-a6cd-30fbf03bc7bd to remote] DEBUG org.apache.http.headers - http-outgoing-11 << X-Powered-By: Express
12:20:13.425 [Forwarding clickElement on session 18063075-812d-4a4c-a6cd-30fbf03bc7bd to remote] DEBUG org.apache.http.headers - http-outgoing-11 << Access-Control-Allow-Origin: *
12:20:13.425 [Forwarding clickElement on session 18063075-812d-4a4c-a6cd-30fbf03bc7bd to remote] DEBUG org.apache.http.headers - http-outgoing-11 << Access-Control-Allow-Methods: GET,POST,PUT,OPTIONS,DELETE
12:20:13.425 [Forwarding clickElement on session 18063075-812d-4a4c-a6cd-30fbf03bc7bd to remote] DEBUG org.apache.http.headers - http-outgoing-11 << Access-Control-Allow-Headers: origin, content-type, accept
12:20:13.425 [Forwarding clickElement on session 18063075-812d-4a4c-a6cd-30fbf03bc7bd to remote] DEBUG org.apache.http.headers - http-outgoing-11 << Vary: X-HTTP-Method-Override
12:20:13.425 [Forwarding clickElement on session 18063075-812d-4a4c-a6cd-30fbf03bc7bd to remote] DEBUG org.apache.http.headers - http-outgoing-11 << Content-Type: application/json; charset=utf-8
12:20:13.425 [Forwarding clickElement on session 18063075-812d-4a4c-a6cd-30fbf03bc7bd to remote] DEBUG org.apache.http.headers - http-outgoing-11 << Content-Length: 118
12:20:13.425 [Forwarding clickElement on session 18063075-812d-4a4c-a6cd-30fbf03bc7bd to remote] DEBUG org.apache.http.headers - http-outgoing-11 << ETag: W/"76-JI2V4EG1QJXcWy0Q/fgOxfmbYgo"
12:20:13.425 [Forwarding clickElement on session 18063075-812d-4a4c-a6cd-30fbf03bc7bd to remote] DEBUG org.apache.http.headers - http-outgoing-11 << Date: Fri, 23 Aug 2019 06:50:13 GMT
12:20:13.425 [Forwarding clickElement on session 18063075-812d-4a4c-a6cd-30fbf03bc7bd to remote] DEBUG org.apache.http.headers - http-outgoing-11 << Connection: keep-alive
12:20:13.425 [Forwarding clickElement on session 18063075-812d-4a4c-a6cd-30fbf03bc7bd to remote] DEBUG o.a.h.impl.execchain.MainClientExec - Connection can be kept alive indefinitely
12:20:13.425 [Forwarding clickElement on session 18063075-812d-4a4c-a6cd-30fbf03bc7bd to remote] DEBUG o.a.h.i.c.PoolingHttpClientConnectionManager - Connection [id: 11][route: {}->http://localhost:4723] can be kept alive indefinitely
12:20:13.425 [Forwarding clickElement on session 18063075-812d-4a4c-a6cd-30fbf03bc7bd to remote] DEBUG o.a.h.i.c.PoolingHttpClientConnectionManager - Connection released: [id: 11][route: {}->http://localhost:4723][total kept alive: 1; route allocated: 1 of 2000; total allocated: 1 of 2000]
12:20:13.426 [Forwarding findElement on session 18063075-812d-4a4c-a6cd-30fbf03bc7bd to remote] DEBUG o.a.h.c.protocol.RequestAddCookies - CookieSpec selected: default
12:20:13.426 [Forwarding findElement on session 18063075-812d-4a4c-a6cd-30fbf03bc7bd to remote] DEBUG o.a.h.c.protocol.RequestAuthCache - Auth cache not set in the context
12:20:13.426 [Forwarding findElement on session 18063075-812d-4a4c-a6cd-30fbf03bc7bd to remote] DEBUG o.a.h.i.c.PoolingHttpClientConnectionManager - Connection request: [route: {}->http://localhost:4723][total kept alive: 1; route allocated: 1 of 2000; total allocated: 1 of 2000]
12:20:13.426 [Forwarding findElement on session 18063075-812d-4a4c-a6cd-30fbf03bc7bd to remote] DEBUG o.a.h.i.c.PoolingHttpClientConnectionManager - Connection leased: [id: 11][route: {}->http://localhost:4723][total kept alive: 0; route allocated: 1 of 2000; total allocated: 1 of 2000]
12:20:13.426 [Forwarding findElement on session 18063075-812d-4a4c-a6cd-30fbf03bc7bd to remote] DEBUG o.a.h.impl.execchain.MainClientExec - Stale connection check
12:20:13.428 [Forwarding findElement on session 18063075-812d-4a4c-a6cd-30fbf03bc7bd to remote] DEBUG org.apache.http.wire - http-outgoing-11 << "[read] I/O error: Read timed out"
12:20:13.428 [Forwarding findElement on session 18063075-812d-4a4c-a6cd-30fbf03bc7bd to remote] DEBUG o.a.h.i.c.DefaultManagedHttpClientConnection - http-outgoing-11: set socket timeout to 10800000
12:20:13.428 [Forwarding findElement on session 18063075-812d-4a4c-a6cd-30fbf03bc7bd to remote] DEBUG o.a.h.impl.execchain.MainClientExec - Executing request POST /wd/hub/session/18063075-812d-4a4c-a6cd-30fbf03bc7bd/element HTTP/1.1
12:20:13.428 [Forwarding findElement on session 18063075-812d-4a4c-a6cd-30fbf03bc7bd to remote] DEBUG o.a.h.impl.execchain.MainClientExec - Target auth state: UNCHALLENGED
12:20:13.428 [Forwarding findElement on session 18063075-812d-4a4c-a6cd-30fbf03bc7bd to remote] DEBUG o.a.h.impl.execchain.MainClientExec - Proxy auth state: UNCHALLENGED
12:20:13.428 [Forwarding findElement on session 18063075-812d-4a4c-a6cd-30fbf03bc7bd to remote] DEBUG org.apache.http.headers - http-outgoing-11 >> POST /wd/hub/session/18063075-812d-4a4c-a6cd-30fbf03bc7bd/element HTTP/1.1
12:20:13.428 [Forwarding findElement on session 18063075-812d-4a4c-a6cd-30fbf03bc7bd to remote] DEBUG org.apache.http.headers - http-outgoing-11 >> Content-Type: application/json; charset=utf-8
12:20:13.428 [Forwarding findElement on session 18063075-812d-4a4c-a6cd-30fbf03bc7bd to remote] DEBUG org.apache.http.headers - http-outgoing-11 >> Content-Length: 35
12:20:13.428 [Forwarding findElement on session 18063075-812d-4a4c-a6cd-30fbf03bc7bd to remote] DEBUG org.apache.http.headers - http-outgoing-11 >> Host: localhost:4723
12:20:13.428 [Forwarding findElement on session 18063075-812d-4a4c-a6cd-30fbf03bc7bd to remote] DEBUG org.apache.http.headers - http-outgoing-11 >> Connection: Keep-Alive
12:20:13.428 [Forwarding findElement on session 18063075-812d-4a4c-a6cd-30fbf03bc7bd to remote] DEBUG org.apache.http.headers - http-outgoing-11 >> User-Agent: Apache-HttpClient/4.5.2 (Java/1.8.0_171)
12:20:13.428 [Forwarding findElement on session 18063075-812d-4a4c-a6cd-30fbf03bc7bd to remote] DEBUG org.apache.http.headers - http-outgoing-11 >> Accept-Encoding: gzip,deflate
12:20:13.428 [Forwarding findElement on session 18063075-812d-4a4c-a6cd-30fbf03bc7bd to remote] DEBUG org.apache.http.wire - http-outgoing-11 >> "POST /wd/hub/session/18063075-812d-4a4c-a6cd-30fbf03bc7bd/element HTTP/1.1[\r][\n]"
12:20:13.428 [Forwarding findElement on session 18063075-812d-4a4c-a6cd-30fbf03bc7bd to remote] DEBUG org.apache.http.wire - http-outgoing-11 >> "Content-Type: application/json; charset=utf-8[\r][\n]"
12:20:13.428 [Forwarding findElement on session 18063075-812d-4a4c-a6cd-30fbf03bc7bd to remote] DEBUG org.apache.http.wire - http-outgoing-11 >> "Content-Length: 35[\r][\n]"
12:20:13.428 [Forwarding findElement on session 18063075-812d-4a4c-a6cd-30fbf03bc7bd to remote] DEBUG org.apache.http.wire - http-outgoing-11 >> "Host: localhost:4723[\r][\n]"
12:20:13.428 [Forwarding findElement on session 18063075-812d-4a4c-a6cd-30fbf03bc7bd to remote] DEBUG org.apache.http.wire - http-outgoing-11 >> "Connection: Keep-Alive[\r][\n]"
12:20:13.428 [Forwarding findElement on session 18063075-812d-4a4c-a6cd-30fbf03bc7bd to remote] DEBUG org.apache.http.wire - http-outgoing-11 >> "User-Agent: Apache-HttpClient/4.5.2 (Java/1.8.0_171)[\r][\n]"
12:20:13.428 [Forwarding findElement on session 18063075-812d-4a4c-a6cd-30fbf03bc7bd to remote] DEBUG org.apache.http.wire - http-outgoing-11 >> "Accept-Encoding: gzip,deflate[\r][\n]"
12:20:13.428 [Forwarding findElement on session 18063075-812d-4a4c-a6cd-30fbf03bc7bd to remote] DEBUG org.apache.http.wire - http-outgoing-11 >> "[\r][\n]"
12:20:13.428 [Forwarding findElement on session 18063075-812d-4a4c-a6cd-30fbf03bc7bd to remote] DEBUG org.apache.http.wire - http-outgoing-11 >> "{"using":"name","value":"TV SHOWS"}"
&amp#27;[35m[HTTP]&amp#27;[39m &amp#27;[37m-->&amp#27;[39m &amp#27;[37mPOST&amp#27;[39m &amp#27;[37m/wd/hub/session/18063075-812d-4a4c-a6cd-30fbf03bc7bd/element&amp#27;[39m
&amp#27;[35m[HTTP]&amp#27;[39m &amp#27;[90m{"using":"name","value":"TV SHOWS"}&amp#27;[39m
12:20:13.588 [Forwarding findElement on session 18063075-812d-4a4c-a6cd-30fbf03bc7bd to remote] DEBUG org.apache.http.wire - http-outgoing-11 << "HTTP/1.1 200 OK[\r][\n]"
12:20:13.588 [Forwarding findElement on session 18063075-812d-4a4c-a6cd-30fbf03bc7bd to remote] DEBUG org.apache.http.wire - http-outgoing-11 << "X-Powered-By: Express[\r][\n]"
12:20:13.588 [Forwarding findElement on session 18063075-812d-4a4c-a6cd-30fbf03bc7bd to remote] DEBUG org.apache.http.wire - http-outgoing-11 << "Access-Control-Allow-Origin: *[\r][\n]"
12:20:13.588 [Forwarding findElement on session 18063075-812d-4a4c-a6cd-30fbf03bc7bd to remote] DEBUG org.apache.http.wire - http-outgoing-11 << "Access-Control-Allow-Methods: GET,POST,PUT,OPTIONS,DELETE[\r][\n]"
12:20:13.588 [Forwarding findElement on session 18063075-812d-4a4c-a6cd-30fbf03bc7bd to remote] DEBUG org.apache.http.wire - http-outgoing-11 << "Access-Control-Allow-Headers: origin, content-type, accept[\r][\n]"
12:20:13.588 [Forwarding findElement on session 18063075-812d-4a4c-a6cd-30fbf03bc7bd to remote] DEBUG org.apache.http.wire - http-outgoing-11 << "Vary: X-HTTP-Method-Override[\r][\n]"
12:20:13.588 [Forwarding findElement on session 18063075-812d-4a4c-a6cd-30fbf03bc7bd to remote] DEBUG org.apache.http.wire - http-outgoing-11 << "Content-Type: application/json; charset=utf-8[\r][\n]"
12:20:13.588 [Forwarding findElement on session 18063075-812d-4a4c-a6cd-30fbf03bc7bd to remote] DEBUG org.apache.http.wire - http-outgoing-11 << "Content-Length: 122[\r][\n]"
12:20:13.588 [Forwarding findElement on session 18063075-812d-4a4c-a6cd-30fbf03bc7bd to remote] DEBUG org.apache.http.wire - http-outgoing-11 << "ETag: W/"7a-WMNopTNm5/on+gVrKin4eBW72bI"[\r][\n]"
12:20:13.588 [Forwarding findElement on session 18063075-812d-4a4c-a6cd-30fbf03bc7bd to remote] DEBUG org.apache.http.wire - http-outgoing-11 << "Date: Fri, 23 Aug 2019 06:50:13 GMT[\r][\n]"
12:20:13.588 [Forwarding findElement on session 18063075-812d-4a4c-a6cd-30fbf03bc7bd to remote] DEBUG org.apache.http.wire - http-outgoing-11 << "Connection: keep-alive[\r][\n]"
&amp#27;[35m[HTTP]&amp#27;[39m &amp#27;[37m<-- POST /wd/hub/session/18063075-812d12:20:13.588 [Forwarding findElement on session 18063075-812d-4a4c-a6cd-30fbf03bc7bd to remote] DEBUG org.apache.http.wire - http-outgoing-11 << "[\r][\n]"
-412:20:13.589 [Forwarding findElement on session 18063075-812d-4a4c-a6cd-30fbf03bc7bd to remote] DEBUG org.apache.http.wire - http-outgoing-11 << "{"status":0,"value":{"ELEMENT":"1E000000-0000-0000-B619-000000000000"},"sessionId":"18063075-812d-4a4c-a6cd-30fbf03bc7bd"}"
a4c-a6cd-30fbf03bc7bd/e12:20:13.589 [Forwarding findElement on session 18063075-812d-4a4c-a6cd-30fbf03bc7bd to remote] DEBUG org.apache.http.headers - http-outgoing-11 << HTTP/1.1 200 OK
lement &amp#27;[39m&amp#27;[32m200&amp#27;[39m &amp#27;[90m159 ms - 122&amp#27;[39m
12:20:13.589 [Forwarding findElement on session 18063075-812d-4a4c-a6cd-30fbf03bc7bd to remote] DEBUG org.apache.http.headers - http-outgoing-11 << X-Powered-By: Express
&amp#27;[312:20:13.589 [Forwarding findElement on session 18063075-812d-4a4c-a6cd-30fbf03bc7bd to remote] DEBUG org.apache.http.headers - http-outgoing-11 << Access-Control-Allow-Origin: *
5m[HTTP]&amp#27;[39m &amp#27;[90m&amp#27;[39m
12:20:13.589 [Forwarding findElement on session 18063075-812d-4a4c-a6cd-30fbf03bc7bd to remote] DEBUG org.apache.http.headers - http-outgoing-11 << Access-Control-Allow-Methods: GET,POST,PUT,OPTIONS,DELETE
12:20:13.590 [Forwarding findElement on session 18063075-812d-4a4c-a6cd-30fbf03bc7bd to remote] DEBUG org.apache.http.headers - http-outgoing-11 << Access-Control-Allow-Headers: origin, content-type, accept
12:20:13.590 [Forwarding findElement on session 18063075-812d-4a4c-a6cd-30fbf03bc7bd to remote] DEBUG org.apache.http.headers - http-outgoing-11 << Vary: X-HTTP-Method-Override
12:20:13.590 [Forwarding findElement on session 18063075-812d-4a4c-a6cd-30fbf03bc7bd to remote] DEBUG org.apache.http.headers - http-outgoing-11 << Content-Type: application/json; charset=utf-8
12:20:13.590 [Forwarding findElement on session 18063075-812d-4a4c-a6cd-30fbf03bc7bd to remote] DEBUG org.apache.http.headers - http-outgoing-11 << Content-Length: 122
12:20:13.590 [Forwarding findElement on session 18063075-812d-4a4c-a6cd-30fbf03bc7bd to remote] DEBUG org.apache.http.headers - http-outgoing-11 << ETag: W/"7a-WMNopTNm5/on+gVrKin4eBW72bI"
12:20:13.590 [Forwarding findElement on session 18063075-812d-4a4c-a6cd-30fbf03bc7bd to remote] DEBUG org.apache.http.headers - http-outgoing-11 << Date: Fri, 23 Aug 2019 06:50:13 GMT
12:20:13.590 [Forwarding findElement on session 18063075-812d-4a4c-a6cd-30fbf03bc7bd to remote] DEBUG org.apache.http.headers - http-outgoing-11 << Connection: keep-alive
12:20:13.590 [Forwarding findElement on session 18063075-812d-4a4c-a6cd-30fbf03bc7bd to remote] DEBUG o.a.h.impl.execchain.MainClientExec - Connection can be kept alive indefinitely
12:20:13.590 [Forwarding findElement on session 18063075-812d-4a4c-a6cd-30fbf03bc7bd to remote] DEBUG o.a.h.i.c.PoolingHttpClientConnectionManager - Connection [id: 11][route: {}->http://localhost:4723] can be kept alive indefinitely
12:20:13.590 [Forwarding findElement on session 18063075-812d-4a4c-a6cd-30fbf03bc7bd to remote] DEBUG o.a.h.i.c.PoolingHttpClientConnectionManager - Connection released: [id: 11][route: {}->http://localhost:4723][total kept alive: 1; route allocated: 1 of 2000; total allocated: 1 of 2000]
12:20:13.590 [Forwarding isElementDisplayed on session 18063075-812d-4a4c-a6cd-30fbf03bc7bd to remote] DEBUG o.a.h.c.protocol.RequestAddCookies - CookieSpec selected: default
12:20:13.590 [Forwarding isElementDisplayed on session 18063075-812d-4a4c-a6cd-30fbf03bc7bd to remote] DEBUG o.a.h.c.protocol.RequestAuthCache - Auth cache not set in the context
12:20:13.591 [Forwarding isElementDisplayed on session 18063075-812d-4a4c-a6cd-30fbf03bc7bd to remote] DEBUG o.a.h.i.c.PoolingHttpClientConnectionManager - Connection request: [route: {}->http://localhost:4723][total kept alive: 1; route allocated: 1 of 2000; total allocated: 1 of 2000]
12:20:13.591 [Forwarding isElementDisplayed on session 18063075-812d-4a4c-a6cd-30fbf03bc7bd to remote] DEBUG o.a.h.i.c.PoolingHttpClientConnectionManager - Connection leased: [id: 11][route: {}->http://localhost:4723][total kept alive: 0; route allocated: 1 of 2000; total allocated: 1 of 2000]
12:20:13.591 [Forwarding isElementDisplayed on session 18063075-812d-4a4c-a6cd-30fbf03bc7bd to remote] DEBUG o.a.h.impl.execchain.MainClientExec - Stale connection check
12:20:13.592 [Forwarding isElementDisplayed on session 18063075-812d-4a4c-a6cd-30fbf03bc7bd to remote] DEBUG org.apache.http.wire - http-outgoing-11 << "[read] I/O error: Read timed out"
12:20:13.592 [Forwarding isElementDisplayed on session 18063075-812d-4a4c-a6cd-30fbf03bc7bd to remote] DEBUG o.a.h.i.c.DefaultManagedHttpClientConnection - http-outgoing-11: set socket timeout to 10800000
12:20:13.592 [Forwarding isElementDisplayed on session 18063075-812d-4a4c-a6cd-30fbf03bc7bd to remote] DEBUG o.a.h.impl.execchain.MainClientExec - Executing request GET /wd/hub/session/18063075-812d-4a4c-a6cd-30fbf03bc7bd/element/1E000000-0000-0000-B619-000000000000/displayed HTTP/1.1
12:20:13.592 [Forwarding isElementDisplayed on session 18063075-812d-4a4c-a6cd-30fbf03bc7bd to remote] DEBUG o.a.h.impl.execchain.MainClientExec - Target auth state: UNCHALLENGED
12:20:13.592 [Forwarding isElementDisplayed on session 18063075-812d-4a4c-a6cd-30fbf03bc7bd to remote] DEBUG o.a.h.impl.execchain.MainClientExec - Proxy auth state: UNCHALLENGED
12:20:13.592 [Forwarding isElementDisplayed on session 18063075-812d-4a4c-a6cd-30fbf03bc7bd to remote] DEBUG org.apache.http.headers - http-outgoing-11 >> GET /wd/hub/session/18063075-812d-4a4c-a6cd-30fbf03bc7bd/element/1E000000-0000-0000-B619-000000000000/displayed HTTP/1.1
12:20:13.592 [Forwarding isElementDisplayed on session 18063075-812d-4a4c-a6cd-30fbf03bc7bd to remote] DEBUG org.apache.http.headers - http-outgoing-11 >> Cache-Control: no-cache
12:20:13.592 [Forwarding isElementDisplayed on session 18063075-812d-4a4c-a6cd-30fbf03bc7bd to remote] DEBUG org.apache.http.headers - http-outgoing-11 >> Host: localhost:4723
12:20:13.592 [Forwarding isElementDisplayed on session 18063075-812d-4a4c-a6cd-30fbf03bc7bd to remote] DEBUG org.apache.http.headers - http-outgoing-11 >> Connection: Keep-Alive
12:20:13.592 [Forwarding isElementDisplayed on session 18063075-812d-4a4c-a6cd-30fbf03bc7bd to remote] DEBUG org.apache.http.headers - http-outgoing-11 >> User-Agent: Apache-HttpClient/4.5.2 (Java/1.8.0_171)
12:20:13.592 [Forwarding isElementDisplayed on session 18063075-812d-4a4c-a6cd-30fbf03bc7bd to remote] DEBUG org.apache.http.headers - http-outgoing-11 >> Accept-Encoding: gzip,deflate
12:20:13.592 [Forwarding isElementDisplayed on session 18063075-812d-4a4c-a6cd-30fbf03bc7bd to remote] DEBUG org.apache.http.wire - http-outgoing-11 >> "GET /wd/hub/session/18063075-812d-4a4c-a6cd-30fbf03bc7bd/element/1E000000-0000-0000-B619-000000000000/displayed HTTP/1.1[\r][\n]"
12:20:13.592 [Forwarding isElementDisplayed on session 18063075-812d-4a4c-a6cd-30fbf03bc7bd to remote] DEBUG org.apache.http.wire - http-outgoing-11 >> "Cache-Control: no-cache[\r][\n]"
12:20:13.592 [Forwarding isElementDisplayed on session 18063075-812d-4a4c-a6cd-30fbf03bc7bd to remote] DEBUG org.apache.http.wire - http-outgoing-11 >> "Host: localhost:4723[\r][\n]"
12:20:13.592 [Forwarding isElementDisplayed on session 18063075-812d-4a4c-a6cd-30fbf03bc7bd to remote] DEBUG org.apache.http.wire - http-outgoing-11 >> "Connection: Keep-Alive[\r][\n]"
12:20:13.592 [Forwarding isElementDisplayed on session 18063075-812d-4a4c-a6cd-30fbf03bc7bd to remote] DEBUG org.apache.http.wire - http-outgoing-11 >> "User-Agent: Apache-HttpClient/4.5.2 (Java/1.8.0_171)[\r][\n]"
12:20:13.592 [Forwarding isElementDisplayed on session 18063075-812d-4a4c-a6cd-30fbf03bc7bd to remote] DEBUG org.apache.http.wire - http-outgoing-11 >> "Accept-Encoding: gzip,deflate[\r][\n]"
12:20:13.592 [Forwarding isElementDisplayed on session 18063075-812d-4a4c-a6cd-30fbf03bc7bd to remote] DEBUG org.apache.http.wire - http-outgoing-11 >> "[\r][\n]"
&amp#27;[35m[HTTP]&amp#27;[39m &amp#27;[37m-->&amp#27;[39m &amp#27;[37mGET&amp#27;[39m &amp#27;[37m/wd/hub/session/18063075-812d-4a4c-a6cd-30fbf03bc7bd/element/1E000000-0000-0000-B619-000000000000/displayed&amp#27;[39m
&amp#27;[35m[HTTP]&amp#27;[39m &amp#27;[90m{}&amp#27;[39m
&amp#27;[35m[MJSONWP]&amp#27;[39m Driver proxy active, passing request on via HTTP proxy
&amp#27;[35m[JSONWP Proxy]&amp#27;[39m Replacing sessionId 2E21A88C-0D02-488A-85F6-3645F1B6103A with 18063075-812d-4a4c-a6cd-30f12:20:13.725 [Forwarding isElementDisplayed on session 18063075-812d-4a4c-a6cd-30fbf03bc7bd to remote] DEBUG org.apache.http.wire - http-outgoing-11 << "HTTP/1.1 200 OK[\r][\n]"
bf03bc7bd
12:20:13.726 [Forwarding isElementDisplayed on session 18063075-812d-4a4c-a6cd-30fbf03bc7bd to remote] DEBUG org.apache.http.wire - http-outgoing-11 << "X-Powered-By: Express[\r][\n]"
&amp#27;[35m[HTTP]&amp#27;12:20:13.726 [Forwarding isElementDisplayed on session 18063075-812d-4a4c-a6cd-30fbf03bc7bd to remote] DEBUG org.apache.http.wire - http-outgoing-11 << "Access-Control-Allow-Origin: *[\r][\n]"
12:20:13.726 [Forwarding isElementDisplayed on session 18063075-812d-4a4c-a6cd-30fbf03bc7bd to remote] DEBUG org.apache.http.wire - http-outgoing-11 << "Access-Control-Allow-Methods: GET,POST,PUT,OPTIONS,DELETE[\r][\n]"
12:20:13.726 [Forwarding isElementDisplayed on session 18063075-812d-4a4c-a6cd-30fbf03bc7bd to remote] DEBUG org.apache.http.wire - http-outgoing-11 << "Access-Control-Allow-Headers: origin, content-type, accept[\r][\n]"
12:20:13.726 [Forwarding isElementDisplayed on session 18063075-812d-4a4c-a6cd-30fbf03bc7bd to remote] DEBUG org.apache.http.wire - http-outgoing-11 << "Content-Type: application/json; charset=utf-8[\r][\n]"
12:20:13.726 [Forwarding isElementDisplayed on session 18063075-812d-4a4c-a6cd-30fbf03bc7bd to remote] DEBUG org.apache.http.wire - http-outgoing-11 << "Content-Length: 77[\r][\n]"
12:20:13.726 [Forwarding isElementDisplayed on session 18063075-812d-4a4c-a6cd-30fbf03bc7bd to remote] DEBUG org.apache.http.wire - http-outgoing-11 << "ETag: W/"4d-tkXZ6WjSQrr3O8HXWzNn3RouXcE"[\r][\n]"
12:20:13.726 [Forwarding isElementDisplayed on session 18063075-812d-4a4c-a6cd-30fbf03bc7bd to remote] DEBUG org.apache.http.wire - http-outgoing-11 << "Date: Fri, 23 Aug 2019 06:50:13 GMT[\r][\n]"
12:20:13.726 [Forwarding isElementDisplayed on session 18063075-812d-4a4c-a6cd-30fbf03bc7bd to remote] DEBUG org.apache.http.wire - http-outgoing-11 << "Connection: keep-alive[\r][\n]"
12:20:13.726 [Forwarding isElementDisplayed on session 18063075-812d-4a4c-a6cd-30fbf03bc7bd to remote] DEBUG org.apache.http.wire - http-outgoing-11 << "[\r][\n]"
12:20:13.726 [Forwarding isElementDisplayed on session 18063075-812d-4a4c-a6cd-30fbf03bc7bd to remote] DEBUG org.apache.http.wire - http-outgoing-11 << "{"value":false,"sessionId":"18063075-812d-4a4c-a6cd-30fbf03bc7bd","status":0}"
[39m &amp#27;[12:20:13.726 [Forwarding isElementDisplayed on session 18063075-812d-4a4c-a6cd-30fbf03bc7bd to remote] DEBUG org.apache.http.headers - http-outgoing-11 << HTTP/1.1 200 OK
12:20:13.726 [Forwarding isElementDisplayed on session 18063075-812d-4a4c-a6cd-30fbf03bc7bd to remote] DEBUG org.apache.http.headers - http-outgoing-11 << X-Powered-By: Express
37m<-- GET /wd12:20:13.726 [Forwarding isElementDisplayed on session 18063075-812d-4a4c-a6cd-30fbf03bc7bd to remote] DEBUG org.apache.http.headers - http-outgoing-11 << Access-Control-Allow-Origin: *
/hub/session/18063075-812d-4a4c-a6cd-30fbf03bc7bd/element/1E000000-0000-012:20:13.727 [Forwarding isElementDisplayed on session 18063075-812d-4a4c-a6cd-30fbf03bc7bd to remote] DEBUG org.apache.http.headers - http-outgoing-11 << Access-Control-Allow-Methods: GET,POST,PUT,OPTIONS,DELETE
000-B619-012:20:13.727 [Forwarding isElementDisplayed on session 18063075-812d-4a4c-a6cd-30fbf03bc7bd to remote] DEBUG org.apache.http.headers - http-outgoing-11 << Access-Control-Allow-Headers: origin, content-type, accept
12:20:13.727 [Forwarding isElementDisplayed on session 18063075-812d-4a4c-a6cd-30fbf03bc7bd to remote] DEBUG org.apache.http.headers - http-outgoing-11 << Content-Type: application/json; charset=utf-8
00000000000/displayed &amp#27;[39m&amp#27;[32m200&amp#27;[39m &amp#27;[90m133 ms -12:20:13.727 [Forwarding isElementDisplayed on session 18063075-812d-4a4c-a6cd-30fbf03bc7bd to remote] DEBUG org.apache.http.headers - http-outgoing-11 << Content-Length: 77
 77&amp#27;12:20:13.728 [Forwarding isElementDisplayed on session 18063075-812d-4a4c-a6cd-30fbf03bc7bd to remote] DEBUG org.apache.http.headers - http-outgoing-11 << ETag: W/"4d-tkXZ6WjSQrr3O8HXWzNn3RouXcE"
12:20:13.728 [Forwarding isElementDisplayed on session 18063075-812d-4a4c-a6cd-30fbf03bc7bd to remote] DEBUG org.apache.http.headers - http-outgoing-11 << Date: Fri, 23 Aug 2019 06:50:13 GMT
[39m
&amp#27;[312:20:13.728 [Forwarding isElementDisplayed on session 18063075-812d-4a4c-a6cd-30fbf03bc7bd to remote] DEBUG org.apache.http.headers - http-outgoing-11 << Connection: keep-alive
5m[HTTP]&amp#27;[39m &amp#27;[90m&amp#27;[39m
12:20:13.728 [Forwarding isElementDisplayed on session 18063075-812d-4a4c-a6cd-30fbf03bc7bd to remote] DEBUG o.a.h.impl.execchain.MainClientExec - Connection can be kept alive indefinitely
12:20:13.728 [Forwarding isElementDisplayed on session 18063075-812d-4a4c-a6cd-30fbf03bc7bd to remote] DEBUG o.a.h.i.c.PoolingHttpClientConnectionManager - Connection [id: 11][route: {}->http://localhost:4723] can be kept alive indefinitely
12:20:13.728 [Forwarding isElementDisplayed on session 18063075-812d-4a4c-a6cd-30fbf03bc7bd to remote] DEBUG o.a.h.i.c.PoolingHttpClientConnectionManager - Connection released: [id: 11][route: {}->http://localhost:4723][total kept alive: 1; route allocated: 1 of 2000; total allocated: 1 of 2000]
12:20:13.729 [Forwarding findElement on session 18063075-812d-4a4c-a6cd-30fbf03bc7bd to remote] DEBUG o.a.h.c.protocol.RequestAddCookies - CookieSpec selected: default
12:20:13.729 [Forwarding findElement on session 18063075-812d-4a4c-a6cd-30fbf03bc7bd to remote] DEBUG o.a.h.c.protocol.RequestAuthCache - Auth cache not set in the context
12:20:13.729 [Forwarding findElement on session 18063075-812d-4a4c-a6cd-30fbf03bc7bd to remote] DEBUG o.a.h.i.c.PoolingHttpClientConnectionManager - Connection request: [route: {}->http://localhost:4723][total kept alive: 1; route allocated: 1 of 2000; total allocated: 1 of 2000]
12:20:13.729 [Forwarding findElement on session 18063075-812d-4a4c-a6cd-30fbf03bc7bd to remote] DEBUG o.a.h.i.c.PoolingHttpClientConnectionManager - Connection leased: [id: 11][route: {}->http://localhost:4723][total kept alive: 0; route allocated: 1 of 2000; total allocated: 1 of 2000]
12:20:13.729 [Forwarding findElement on session 18063075-812d-4a4c-a6cd-30fbf03bc7bd to remote] DEBUG o.a.h.impl.execchain.MainClientExec - Stale connection check
12:20:13.730 [Forwarding findElement on session 18063075-812d-4a4c-a6cd-30fbf03bc7bd to remote] DEBUG org.apache.http.wire - http-outgoing-11 << "[read] I/O error: Read timed out"
12:20:13.731 [Forwarding findElement on session 18063075-812d-4a4c-a6cd-30fbf03bc7bd to remote] DEBUG o.a.h.i.c.DefaultManagedHttpClientConnection - http-outgoing-11: set socket timeout to 10800000
12:20:13.731 [Forwarding findElement on session 18063075-812d-4a4c-a6cd-30fbf03bc7bd to remote] DEBUG o.a.h.impl.execchain.MainClientExec - Executing request POST /wd/hub/session/18063075-812d-4a4c-a6cd-30fbf03bc7bd/element HTTP/1.1
12:20:13.731 [Forwarding findElement on session 18063075-812d-4a4c-a6cd-30fbf03bc7bd to remote] DEBUG o.a.h.impl.execchain.MainClientExec - Target auth state: UNCHALLENGED
12:20:13.731 [Forwarding findElement on session 18063075-812d-4a4c-a6cd-30fbf03bc7bd to remote] DEBUG o.a.h.impl.execchain.MainClientExec - Proxy auth state: UNCHALLENGED
12:20:13.731 [Forwarding findElement on session 18063075-812d-4a4c-a6cd-30fbf03bc7bd to remote] DEBUG org.apache.http.headers - http-outgoing-11 >> POST /wd/hub/session/18063075-812d-4a4c-a6cd-30fbf03bc7bd/element HTTP/1.1
12:20:13.731 [Forwarding findElement on session 18063075-812d-4a4c-a6cd-30fbf03bc7bd to remote] DEBUG org.apache.http.headers - http-outgoing-11 >> Content-Type: application/json; charset=utf-8
12:20:13.731 [Forwarding findElement on session 18063075-812d-4a4c-a6cd-30fbf03bc7bd to remote] DEBUG org.apache.http.headers - http-outgoing-11 >> Content-Length: 33
12:20:13.731 [Forwarding findElement on session 18063075-812d-4a4c-a6cd-30fbf03bc7bd to remote] DEBUG org.apache.http.headers - http-outgoing-11 >> Host: localhost:4723
12:20:13.731 [Forwarding findElement on session 18063075-812d-4a4c-a6cd-30fbf03bc7bd to remote] DEBUG org.apache.http.headers - http-outgoing-11 >> Connection: Keep-Alive
12:20:13.731 [Forwarding findElement on session 18063075-812d-4a4c-a6cd-30fbf03bc7bd to remote] DEBUG org.apache.http.headers - http-outgoing-11 >> User-Agent: Apache-HttpClient/4.5.2 (Java/1.8.0_171)
12:20:13.731 [Forwarding findElement on session 18063075-812d-4a4c-a6cd-30fbf03bc7bd to remote] DEBUG org.apache.http.headers - http-outgoing-11 >> Accept-Encoding: gzip,deflate
12:20:13.731 [Forwarding findElement on session 18063075-812d-4a4c-a6cd-30fbf03bc7bd to remote] DEBUG org.apache.http.wire - http-outgoing-11 >> "POST /wd/hub/session/18063075-812d-4a4c-a6cd-30fbf03bc7bd/element HTTP/1.1[\r][\n]"
12:20:13.731 [Forwarding findElement on session 18063075-812d-4a4c-a6cd-30fbf03bc7bd to remote] DEBUG org.apache.http.wire - http-outgoing-11 >> "Content-Type: application/json; charset=utf-8[\r][\n]"
12:20:13.731 [Forwarding findElement on session 18063075-812d-4a4c-a6cd-30fbf03bc7bd to remote] DEBUG org.apache.http.wire - http-outgoing-11 >> "Content-Length: 33[\r][\n]"
12:20:13.731 [Forwarding findElement on session 18063075-812d-4a4c-a6cd-30fbf03bc7bd to remote] DEBUG org.apache.http.wire - http-outgoing-11 >> "Host: localhost:4723[\r][\n]"
12:20:13.731 [Forwarding findElement on session 18063075-812d-4a4c-a6cd-30fbf03bc7bd to remote] DEBUG org.apache.http.wire - http-outgoing-11 >> "Connection: Keep-Alive[\r][\n]"
12:20:13.731 [Forwarding findElement on session 18063075-812d-4a4c-a6cd-30fbf03bc7bd to remote] DEBUG org.apache.http.wire - http-outgoing-11 >> "User-Agent: Apache-HttpClient/4.5.2 (Java/1.8.0_171)[\r][\n]"
12:20:13.731 [Forwarding findElement on session 18063075-812d-4a4c-a6cd-30fbf03bc7bd to remote] DEBUG org.apache.http.wire - http-outgoing-11 >> "Accept-Encoding: gzip,deflate[\r][\n]"
12:20:13.731 [Forwarding findElement on session 18063075-812d-4a4c-a6cd-30fbf03bc7bd to remote] DEBUG org.apache.http.wire - http-outgoing-11 >> "[\r][\n]"
12:20:13.731 [Forwarding findElement on session 18063075-812d-4a4c-a6cd-30fbf03bc7bd to remote] DEBUG org.apache.http.wire - http-outgoing-11 >> "{"using":"id","value":"DISCOVER"}"
&amp#27;[35m[HTTP]&amp#27;[39m &amp#27;[37m-->&amp#27;[39m &amp#27;[37mPOST&amp#27;[39m &amp#27;[37m/wd/hub/session/18063075-812d-4a4c-a6cd-30fbf03bc7bd/element&amp#27;[39m
&amp#27;[35m[HTTP]&amp#27;[39m &amp#27;[90m{"using":"id","value":"DISCOVER"}&amp#27;[39m
12:20:13.894 [Forwarding findElement on session 18063075-812d-4a4c-a6cd-30fbf03bc7bd to remote] DEBUG org.apache.http.wire - http-outgoing-11 << "HTTP/1.1 200 OK[\r][\n]"
12:20:13.894 [Forwarding findElement on session 18063075-812d-4a4c-a6cd-30fbf03bc7bd to remote] DEBUG org.apache.http.wire - http-outgoing-11 << "X-Powered-By: Express[\r][\n]"
12:20:13.894 [Forwarding findElement on session 18063075-812d-4a4c-a6cd-30fbf03bc7bd to remote] DEBUG org.apache.http.wire - http-outgoing-11 << "Access-Control-Allow-Origin: *[\r][\n]"
12:20:13.894 [Forwarding findElement on session 18063075-812d-4a4c-a6cd-30fbf03bc7bd to remote] DEBUG org.apache.http.wire - http-outgoing-11 << "Access-Control-Allow-Methods: GET,POST,PUT,OPTIONS,DELETE[\r][\n]"
12:20:13.894 [Forwarding findElement on session 18063075-812d-4a4c-a6cd-30fbf03bc7bd to remote] DEBUG org.apache.http.wire - http-outgoing-11 << "Access-Control-Allow-Headers: origin, content-type, accept[\r][\n]"
12:20:13.894 [Forwarding findElement on session 18063075-812d-4a4c-a6cd-30fbf03bc7bd to remote] DEBUG org.apache.http.wire - http-outgoing-11 << "Vary: X-HTTP-Method-Override[\r][\n]"
12:20:13.894 [Forwarding findElement on session 18063075-812d-4a4c-a6cd-30fbf03bc7bd to remote] DEBUG org.apache.http.wire - http-outgoing-11 << "Content-Type: application/json; charset=utf-8[\r][\n]"
12:20:13.894 [Forwarding findElement on session 18063075-812d-4a4c-a6cd-30fbf03bc7bd to remote] DEBUG org.apache.http.wire - http-outgoing-11 << "Content-Length: 122[\r][\n]"
12:20:13.894 [Forwarding findElement on session 18063075-812d-4a4c-a6cd-30fbf03bc7bd to remote] DEBUG org.apache.http.wire - http-outgoing-11 << "ETag: W/"7a-ZvtuHq066+docxOX0iB5rb0rdDA"[\r][\n]"
12:20:13.894 [Forwarding findElement on session 18063075-812d-4a4c-a6cd-30fbf03bc7bd to remote] DEBUG org.apache.http.wire - http-outgoing-11 << "Date: Fri, 23 Aug 2019 06:50:13 GMT[\r][\n]"
12:20:13.894 [Forwarding findElement on session 18063075-812d-4a4c-a6cd-30fbf03bc7bd to remote] DEBUG org.apache.http.wire - http-outgoing-11 << "Connection: keep-alive[\r][\n]"
12:20:13.894 [Forwarding findElement on session 18063075-812d-4a4c-a6cd-30fbf03bc7bd to remote] DEBUG org.apache.http.wire - http-outgoing-11 << "[\r][\n]"
12:20:13.894 [Forwarding findElement on session 18063075-812d-4a4c-a6cd-30fbf03bc7bd to remote] DEBUG org.apache.http.wire - http-outgoing-11 << "{"status":0,"value":{"ELEMENT":"1C000000-0000-0000-B619-000000000000"},"sessionId":"18063075-812d-4a4c-a6cd-30fbf03bc7bd"}"
&amp#27;[35m[12:20:13.894 [Forwarding findElement on session 18063075-812d-4a4c-a6cd-30fbf03bc7bd to remote] DEBUG org.apache.http.headers - http-outgoing-11 << HTTP/1.1 200 OK
HTTP]&amp#27;[39m &amp#27;[3712:20:13.894 [Forwarding findElement on session 18063075-812d-4a4c-a6cd-30fbf03bc7bd to remote] DEBUG org.apache.http.headers - http-outgoing-11 << X-Powered-By: Express
12:20:13.894 [Forwarding findElement on session 18063075-812d-4a4c-a6cd-30fbf03bc7bd to remote] DEBUG org.apache.http.headers - http-outgoing-11 << Access-Control-Allow-Origin: *
12:20:13.894 [Forwarding findElement on session 18063075-812d-4a4c-a6cd-30fbf03bc7bd to remote] DEBUG org.apache.http.headers - http-outgoing-11 << Access-Control-Allow-Methods: GET,POST,PUT,OPTIONS,DELETE
m<-- POS12:20:13.894 [Forwarding findElement on session 18063075-812d-4a4c-a6cd-30fbf03bc7bd to remote] DEBUG org.apache.http.headers - http-outgoing-11 << Access-Control-Allow-Headers: origin, content-type, accept
12:20:13.894 [Forwarding findElement on session 18063075-812d-4a4c-a6cd-30fbf03bc7bd to remote] DEBUG org.apache.http.headers - http-outgoing-11 << Vary: X-HTTP-Method-Override
T /wd/hub/sessi12:20:13.894 [Forwarding findElement on session 18063075-812d-4a4c-a6cd-30fbf03bc7bd to remote] DEBUG org.apache.http.headers - http-outgoing-11 << Content-Type: application/json; charset=utf-8
on/18063075-812d-412:20:13.894 [Forwarding findElement on session 18063075-812d-4a4c-a6cd-30fbf03bc7bd to remote] DEBUG org.apache.http.headers - http-outgoing-11 << Content-Length: 122
a4c-a6cd-30fbf03bc7bd/element &amp#27;[39m&amp#27;[32m200&amp#27;[39m &amp#27;[90m16212:20:13.895 [Forwarding findElement on session 18063075-812d-4a4c-a6cd-30fbf03bc7bd to remote] DEBUG org.apache.http.headers - http-outgoing-11 << ETag: W/"7a-ZvtuHq066+docxOX0iB5rb0rdDA"
12:20:13.895 [Forwarding findElement on session 18063075-812d-4a4c-a6cd-30fbf03bc7bd to remote] DEBUG org.apache.http.headers - http-outgoing-11 << Date: Fri, 23 Aug 2019 06:50:13 GMT
12:20:13.895 [Forwarding findElement on session 18063075-812d-4a4c-a6cd-30fbf03bc7bd to remote] DEBUG org.apache.http.headers - http-outgoing-11 << Connection: keep-alive
 ms - 122&amp#27;[39m
12:20:13.895 [Forwarding findElement on session 18063075-812d-4a4c-a6cd-30fbf03bc7bd to remote] DEBUG o.a.h.impl.execchain.MainClientExec - Connection can be kept alive indefinitely
&amp#27;[35m[HTTP]&amp#27;[39m &amp#27;[90m&amp#27;[39m
12:20:13.895 [Forwarding findElement on session 18063075-812d-4a4c-a6cd-30fbf03bc7bd to remote] DEBUG o.a.h.i.c.PoolingHttpClientConnectionManager - Connection [id: 11][route: {}->http://localhost:4723] can be kept alive indefinitely
12:20:13.895 [Forwarding findElement on session 18063075-812d-4a4c-a6cd-30fbf03bc7bd to remote] DEBUG o.a.h.i.c.PoolingHttpClientConnectionManager - Connection released: [id: 11][route: {}->http://localhost:4723][total kept alive: 1; route allocated: 1 of 2000; total allocated: 1 of 2000]
12:20:13.896 [Forwarding isElementDisplayed on session 18063075-812d-4a4c-a6cd-30fbf03bc7bd to remote] DEBUG o.a.h.c.protocol.RequestAddCookies - CookieSpec selected: default
12:20:13.896 [Forwarding isElementDisplayed on session 18063075-812d-4a4c-a6cd-30fbf03bc7bd to remote] DEBUG o.a.h.c.protocol.RequestAuthCache - Auth cache not set in the context
12:20:13.896 [Forwarding isElementDisplayed on session 18063075-812d-4a4c-a6cd-30fbf03bc7bd to remote] DEBUG o.a.h.i.c.PoolingHttpClientConnectionManager - Connection request: [route: {}->http://localhost:4723][total kept alive: 1; route allocated: 1 of 2000; total allocated: 1 of 2000]
12:20:13.896 [Forwarding isElementDisplayed on session 18063075-812d-4a4c-a6cd-30fbf03bc7bd to remote] DEBUG o.a.h.i.c.PoolingHttpClientConnectionManager - Connection leased: [id: 11][route: {}->http://localhost:4723][total kept alive: 0; route allocated: 1 of 2000; total allocated: 1 of 2000]
12:20:13.896 [Forwarding isElementDisplayed on session 18063075-812d-4a4c-a6cd-30fbf03bc7bd to remote] DEBUG o.a.h.impl.execchain.MainClientExec - Stale connection check
12:20:13.897 [Forwarding isElementDisplayed on session 18063075-812d-4a4c-a6cd-30fbf03bc7bd to remote] DEBUG org.apache.http.wire - http-outgoing-11 << "[read] I/O error: Read timed out"
12:20:13.897 [Forwarding isElementDisplayed on session 18063075-812d-4a4c-a6cd-30fbf03bc7bd to remote] DEBUG o.a.h.i.c.DefaultManagedHttpClientConnection - http-outgoing-11: set socket timeout to 10800000
12:20:13.897 [Forwarding isElementDisplayed on session 18063075-812d-4a4c-a6cd-30fbf03bc7bd to remote] DEBUG o.a.h.impl.execchain.MainClientExec - Executing request GET /wd/hub/session/18063075-812d-4a4c-a6cd-30fbf03bc7bd/element/1C000000-0000-0000-B619-000000000000/displayed HTTP/1.1
12:20:13.897 [Forwarding isElementDisplayed on session 18063075-812d-4a4c-a6cd-30fbf03bc7bd to remote] DEBUG o.a.h.impl.execchain.MainClientExec - Target auth state: UNCHALLENGED
12:20:13.897 [Forwarding isElementDisplayed on session 18063075-812d-4a4c-a6cd-30fbf03bc7bd to remote] DEBUG o.a.h.impl.execchain.MainClientExec - Proxy auth state: UNCHALLENGED
12:20:13.897 [Forwarding isElementDisplayed on session 18063075-812d-4a4c-a6cd-30fbf03bc7bd to remote] DEBUG org.apache.http.headers - http-outgoing-11 >> GET /wd/hub/session/18063075-812d-4a4c-a6cd-30fbf03bc7bd/element/1C000000-0000-0000-B619-000000000000/displayed HTTP/1.1
12:20:13.897 [Forwarding isElementDisplayed on session 18063075-812d-4a4c-a6cd-30fbf03bc7bd to remote] DEBUG org.apache.http.headers - http-outgoing-11 >> Cache-Control: no-cache
12:20:13.897 [Forwarding isElementDisplayed on session 18063075-812d-4a4c-a6cd-30fbf03bc7bd to remote] DEBUG org.apache.http.headers - http-outgoing-11 >> Host: localhost:4723
12:20:13.897 [Forwarding isElementDisplayed on session 18063075-812d-4a4c-a6cd-30fbf03bc7bd to remote] DEBUG org.apache.http.headers - http-outgoing-11 >> Connection: Keep-Alive
12:20:13.897 [Forwarding isElementDisplayed on session 18063075-812d-4a4c-a6cd-30fbf03bc7bd to remote] DEBUG org.apache.http.headers - http-outgoing-11 >> User-Agent: Apache-HttpClient/4.5.2 (Java/1.8.0_171)
12:20:13.897 [Forwarding isElementDisplayed on session 18063075-812d-4a4c-a6cd-30fbf03bc7bd to remote] DEBUG org.apache.http.headers - http-outgoing-11 >> Accept-Encoding: gzip,deflate
12:20:13.897 [Forwarding isElementDisplayed on session 18063075-812d-4a4c-a6cd-30fbf03bc7bd to remote] DEBUG org.apache.http.wire - http-outgoing-11 >> "GET /wd/hub/session/18063075-812d-4a4c-a6cd-30fbf03bc7bd/element/1C000000-0000-0000-B619-000000000000/displayed HTTP/1.1[\r][\n]"
12:20:13.897 [Forwarding isElementDisplayed on session 18063075-812d-4a4c-a6cd-30fbf03bc7bd to remote] DEBUG org.apache.http.wire - http-outgoing-11 >> "Cache-Control: no-cache[\r][\n]"
12:20:13.897 [Forwarding isElementDisplayed on session 18063075-812d-4a4c-a6cd-30fbf03bc7bd to remote] DEBUG org.apache.http.wire - http-outgoing-11 >> "Host: localhost:4723[\r][\n]"
12:20:13.897 [Forwarding isElementDisplayed on session 18063075-812d-4a4c-a6cd-30fbf03bc7bd to remote] DEBUG org.apache.http.wire - http-outgoing-11 >> "Connection: Keep-Alive[\r][\n]"
12:20:13.897 [Forwarding isElementDisplayed on session 18063075-812d-4a4c-a6cd-30fbf03bc7bd to remote] DEBUG org.apache.http.wire - http-outgoing-11 >> "User-Agent: Apache-HttpClient/4.5.2 (Java/1.8.0_171)[\r][\n]"
12:20:13.897 [Forwarding isElementDisplayed on session 18063075-812d-4a4c-a6cd-30fbf03bc7bd to remote] DEBUG org.apache.http.wire - http-outgoing-11 >> "Accept-Encoding: gzip,deflate[\r][\n]"
12:20:13.897 [Forwarding isElementDisplayed on session 18063075-812d-4a4c-a6cd-30fbf03bc7bd to remote] DEBUG org.apache.http.wire - http-outgoing-11 >> "[\r][\n]"
&amp#27;[35m[HTTP]&amp#27;[39m &amp#27;[37m-->&amp#27;[39m &amp#27;[37mGET&amp#27;[39m &amp#27;[37m/wd/hub/session/18063075-812d-4a4c-a6cd-30fbf03bc7bd/element/1C000000-0000-0000-B619-000000000000/displayed&amp#27;[39m
&amp#27;[35m[HTTP]&amp#27;[39m &amp#27;[90m{}&amp#27;[39m
&amp#27;[35m[MJSONWP]&amp#27;[39m Driver proxy active, passing request on via HTTP proxy
&amp#27;[35m[JSONWP Proxy]&amp#27;[39m Replacing sessionId 2E21A88C-0D02-48812:20:14.147 [Forwarding isElementDisplayed on session 18063075-812d-4a4c-a6cd-30fbf03bc7bd to remote] DEBUG org.apache.http.wire - http-outgoing-11 << "HTTP/1.1 200 OK[\r][\n]"
A-85F6-3645F1B610312:20:14.147 [Forwarding isElementDisplayed on session 18063075-812d-4a4c-a6cd-30fbf03bc7bd to remote] DEBUG org.apache.http.wire - http-outgoing-11 << "X-Powered-By: Express[\r][\n]"
A with 18063075-812d-4a4c-12:20:14.147 [Forwarding isElementDisplayed on session 18063075-812d-4a4c-a6cd-30fbf03bc7bd to remote] DEBUG org.apache.http.wire - http-outgoing-11 << "Access-Control-Allow-Origin: *[\r][\n]"
12:20:14.148 [Forwarding isElementDisplayed on session 18063075-812d-4a4c-a6cd-30fbf03bc7bd to remote] DEBUG org.apache.http.wire - http-outgoing-11 << "Access-Control-Allow-Methods: GET,POST,PUT,OPTIONS,DELETE[\r][\n]"
12:20:14.148 [Forwarding isElementDisplayed on session 18063075-812d-4a4c-a6cd-30fbf03bc7bd to remote] DEBUG org.apache.http.wire - http-outgoing-11 << "Access-Control-Allow-Headers: origin, content-type, accept[\r][\n]"
12:20:14.148 [Forwarding isElementDisplayed on session 18063075-812d-4a4c-a6cd-30fbf03bc7bd to remote] DEBUG org.apache.http.wire - http-outgoing-11 << "Content-Type: application/json; charset=utf-8[\r][\n]"
12:20:14.148 [Forwarding isElementDisplayed on session 18063075-812d-4a4c-a6cd-30fbf03bc7bd to remote] DEBUG org.apache.http.wire - http-outgoing-11 << "Content-Length: 77[\r][\n]"
12:20:14.148 [Forwarding isElementDisplayed on session 18063075-812d-4a4c-a6cd-30fbf03bc7bd to remote] DEBUG org.apache.http.wire - http-outgoing-11 << "ETag: W/"4d-tkXZ6WjSQrr3O8HXWzNn3RouXcE"[\r][\n]"
12:20:14.148 [Forwarding isElementDisplayed on session 18063075-812d-4a4c-a6cd-30fbf03bc7bd to remote] DEBUG org.apache.http.wire - http-outgoing-11 << "Date: Fri, 23 Aug 2019 06:50:14 GMT[\r][\n]"
12:20:14.148 [Forwarding isElementDisplayed on session 18063075-812d-4a4c-a6cd-30fbf03bc7bd to remote] DEBUG org.apache.http.wire - http-outgoing-11 << "Connection: keep-alive[\r][\n]"
12:20:14.148 [Forwarding isElementDisplayed on session 18063075-812d-4a4c-a6cd-30fbf03bc7bd to remote] DEBUG org.apache.http.wire - http-outgoing-11 << "[\r][\n]"
12:20:14.148 [Forwarding isElementDisplayed on session 18063075-812d-4a4c-a6cd-30fbf03bc7bd to remote] DEBUG org.apache.http.wire - http-outgoing-11 << "{"value":false,"sessionId":"18063075-812d-4a4c-a6cd-30fbf03bc7bd","status":0}"
a6cd-30fbf03bc712:20:14.148 [Forwarding isElementDisplayed on session 18063075-812d-4a4c-a6cd-30fbf03bc7bd to remote] DEBUG org.apache.http.headers - http-outgoing-11 << HTTP/1.1 200 OK
bd
12:20:14.148 [Forwarding isElementDisplayed on session 18063075-812d-4a4c-a6cd-30fbf03bc7bd to remote] DEBUG org.apache.http.headers - http-outgoing-11 << X-Powered-By: Express
12:20:14.148 [Forwarding isElementDisplayed on session 18063075-812d-4a4c-a6cd-30fbf03bc7bd to remote] DEBUG org.apache.http.headers - http-outgoing-11 << Access-Control-Allow-Origin: *
12:20:14.148 [Forwarding isElementDisplayed on session 18063075-812d-4a4c-a6cd-30fbf03bc7bd to remote] DEBUG org.apache.http.headers - http-outgoing-11 << Access-Control-Allow-Methods: GET,POST,PUT,OPTIONS,DELETE
&amp#27;[35m[HTTP]&amp#27;[39m &amp#27;[37m<-- 12:20:14.148 [Forwarding isElementDisplayed on session 18063075-812d-4a4c-a6cd-30fbf03bc7bd to remote] DEBUG org.apache.http.headers - http-outgoing-11 << Access-Control-Allow-Headers: origin, content-type, accept
12:20:14.148 [Forwarding isElementDisplayed on session 18063075-812d-4a4c-a6cd-30fbf03bc7bd to remote] DEBUG org.apache.http.headers - http-outgoing-11 << Content-Type: application/json; charset=utf-8
GET /wd/hu12:20:14.148 [Forwarding isElementDisplayed on session 18063075-812d-4a4c-a6cd-30fbf03bc7bd to remote] DEBUG org.apache.http.headers - http-outgoing-11 << Content-Length: 77
12:20:14.148 [Forwarding isElementDisplayed on session 18063075-812d-4a4c-a6cd-30fbf03bc7bd to remote] DEBUG org.apache.http.headers - http-outgoing-11 << ETag: W/"4d-tkXZ6WjSQrr3O8HXWzNn3RouXcE"
b/session/1806312:20:14.148 [Forwarding isElementDisplayed on session 18063075-812d-4a4c-a6cd-30fbf03bc7bd to remote] DEBUG org.apache.http.headers - http-outgoing-11 << Date: Fri, 23 Aug 2019 06:50:14 GMT
075-81212:20:14.149 [Forwarding isElementDisplayed on session 18063075-812d-4a4c-a6cd-30fbf03bc7bd to remote] DEBUG org.apache.http.headers - http-outgoing-11 << Connection: keep-alive
d-4a4c-a6c12:20:14.149 [Forwarding isElementDisplayed on session 18063075-812d-4a4c-a6cd-30fbf03bc7bd to remote] DEBUG o.a.h.impl.execchain.MainClientExec - Connection can be kept alive indefinitely
d-30fbf03bc7bd/element/1C000000-0000-012:20:14.149 [Forwarding isElementDisplayed on session 18063075-812d-4a4c-a6cd-30fbf03bc7bd to remote] DEBUG o.a.h.i.c.PoolingHttpClientConnectionManager - Connection [id: 11][route: {}->http://localhost:4723] can be kept alive indefinitely
000-B619-012:20:14.149 [Forwarding isElementDisplayed on session 18063075-812d-4a4c-a6cd-30fbf03bc7bd to remote] DEBUG o.a.h.i.c.PoolingHttpClientConnectionManager - Connection released: [id: 11][route: {}->http://localhost:4723][total kept alive: 1; route allocated: 1 of 2000; total allocated: 1 of 2000]
00000000000/displayed &amp#27;[39m&amp#27;[32m200&amp#27;[39m &amp#27;[90m249 ms - 77&amp#27;[39m
&amp#27;[35m[HTTP]&amp#27;[39m &amp#27;[90m&amp#27;[39m
]]></system-out>
  </testcase>
  <testcase name="HOOQ_IOS_MOBILE_Rent_Section" classname="com.automation.ios.iphone.scripts.HOOQ_IOS_IPhone_Sanity" time="104.069"/>
  <testcase name="HOOQ_IOS_MOBILE_Search_Movie" classname="com.automation.ios.iphone.scripts.HOOQ_IOS_IPhone_Sanity" time="53.552"/>
  <testcase name="HOOQ_IOS_MOBILE_Content_Details_Movie" classname="com.automation.ios.iphone.scripts.HOOQ_IOS_IPhone_Sanity" time="128.196">
    <failure type="java.lang.AssertionError:">java.lang.AssertionError: null
	at com.automation.ios.iphone.scripts.HOOQ_IOS_IPhone_Sanity.HOOQ_IOS_MOBILE_Content_Details_Movie(HOOQ_IOS_IPhone_Sanity.java:216)
</failure>
    <system-out><![CDATA[After Method
Sanity_Production_IOS!B2:D553
27
Device, ScriptName
HOOQ_IPhone
HOOQ_IOS_MOBILE_Login
2
HOOQ_IPhone
HOOQ_IOS_MOBILE_ME
3
HOOQ_IPhone
HOOQ_IOS_MOBILE_Discover
4
HOOQ_IPhone
HOOQ_IOS_MOBILE_Movies_Section
5
HOOQ_IPhone
HOOQ_IOS_MOBILE_TVShows_Section
6
HOOQ_IPhone
HOOQ_IOS_MOBILE_Rent_Section
7
HOOQ_IPhone
HOOQ_IOS_MOBILE_Search_Movie
Sanity_Production_IOS!G8:G8
1
Name, Major
PASS 
Current Date ==> 23
Sanity_Production_IOS!AO8:AO8
1
Name, Major
PASS 
Sanity_Production_IOS!I8:I8
1
Name, Major
23-Aug-2019 
Sanity_Production_IOS!J8:J8
1
Name, Major
12:24:54 
Sanity_Production_IOS!H8:H8
1
Name, Major
App Version - 3.2.2 
Sanity_Production_IOS!K8:K8
1
Name, Major
110 
Sanity_Production_IOS!K8:K8
1
Name, Major
111 
Sanity_Production_IOS!L8:L8
1
Name, Major
23-Aug-2019 
Sanity_Production_IOS!M8:M8
1
Name, Major
12:24:54 
Sanity_Production_IOS!N8:N8
1
Name, Major
App Version - 3.2.2 
Current Date ==> 23
Sanity_Production_IOS!AO8:AO8
1
Name, Major
PASS 
Before Method
Country ==> IN
ENV ==> prod
In iphone block
12:25:25.674 [Forwarding closeApp on session 18063075-812d-4a4c-a6cd-30fbf03bc7bd to remote] DEBUG o.a.h.c.protocol.RequestAddCookies - CookieSpec selected: default
12:25:25.674 [Forwarding closeApp on session 18063075-812d-4a4c-a6cd-30fbf03bc7bd to remote] DEBUG o.a.h.c.protocol.RequestAuthCache - Auth cache not set in the context
12:25:25.674 [Forwarding closeApp on session 18063075-812d-4a4c-a6cd-30fbf03bc7bd to remote] DEBUG o.a.h.i.c.PoolingHttpClientConnectionManager - Connection request: [route: {}->http://localhost:4723][total kept alive: 1; route allocated: 1 of 2000; total allocated: 1 of 2000]
12:25:25.674 [Forwarding closeApp on session 18063075-812d-4a4c-a6cd-30fbf03bc7bd to remote] DEBUG org.apache.http.wire - http-outgoing-18 << "end of stream"
12:25:25.674 [Forwarding closeApp on session 18063075-812d-4a4c-a6cd-30fbf03bc7bd to remote] DEBUG o.a.h.i.c.DefaultManagedHttpClientConnection - http-outgoing-18: Close connection
12:25:25.675 [Forwarding closeApp on session 18063075-812d-4a4c-a6cd-30fbf03bc7bd to remote] DEBUG o.a.h.i.c.PoolingHttpClientConnectionManager - Connection leased: [id: 19][route: {}->http://localhost:4723][total kept alive: 0; route allocated: 1 of 2000; total allocated: 1 of 2000]
12:25:25.675 [Forwarding closeApp on session 18063075-812d-4a4c-a6cd-30fbf03bc7bd to remote] DEBUG o.a.h.impl.execchain.MainClientExec - Opening connection {}->http://localhost:4723
12:25:25.675 [Forwarding closeApp on session 18063075-812d-4a4c-a6cd-30fbf03bc7bd to remote] DEBUG o.a.h.i.c.DefaultHttpClientConnectionOperator - Connecting to localhost/127.0.0.1:4723
12:25:25.676 [Forwarding closeApp on session 18063075-812d-4a4c-a6cd-30fbf03bc7bd to remote] DEBUG o.a.h.i.c.DefaultHttpClientConnectionOperator - Connection established 127.0.0.1:64420<->127.0.0.1:4723
12:25:25.676 [Forwarding closeApp on session 18063075-812d-4a4c-a6cd-30fbf03bc7bd to remote] DEBUG o.a.h.i.c.DefaultManagedHttpClientConnection - http-outgoing-19: set socket timeout to 10800000
12:25:25.676 [Forwarding closeApp on session 18063075-812d-4a4c-a6cd-30fbf03bc7bd to remote] DEBUG o.a.h.impl.execchain.MainClientExec - Executing request POST /wd/hub/session/18063075-812d-4a4c-a6cd-30fbf03bc7bd/appium/app/close HTTP/1.1
12:25:25.676 [Forwarding closeApp on session 18063075-812d-4a4c-a6cd-30fbf03bc7bd to remote] DEBUG o.a.h.impl.execchain.MainClientExec - Target auth state: UNCHALLENGED
12:25:25.676 [Forwarding closeApp on session 18063075-812d-4a4c-a6cd-30fbf03bc7bd to remote] DEBUG o.a.h.impl.execchain.MainClientExec - Proxy auth state: UNCHALLENGED
12:25:25.676 [Forwarding closeApp on session 18063075-812d-4a4c-a6cd-30fbf03bc7bd to remote] DEBUG org.apache.http.headers - http-outgoing-19 >> POST /wd/hub/session/18063075-812d-4a4c-a6cd-30fbf03bc7bd/appium/app/close HTTP/1.1
12:25:25.676 [Forwarding closeApp on session 18063075-812d-4a4c-a6cd-30fbf03bc7bd to remote] DEBUG org.apache.http.headers - http-outgoing-19 >> Content-Type: application/json; charset=utf-8
12:25:25.676 [Forwarding closeApp on session 18063075-812d-4a4c-a6cd-30fbf03bc7bd to remote] DEBUG org.apache.http.headers - http-outgoing-19 >> Content-Length: 2
12:25:25.676 [Forwarding closeApp on session 18063075-812d-4a4c-a6cd-30fbf03bc7bd to remote] DEBUG org.apache.http.headers - http-outgoing-19 >> Host: localhost:4723
12:25:25.676 [Forwarding closeApp on session 18063075-812d-4a4c-a6cd-30fbf03bc7bd to remote] DEBUG org.apache.http.headers - http-outgoing-19 >> Connection: Keep-Alive
12:25:25.676 [Forwarding closeApp on session 18063075-812d-4a4c-a6cd-30fbf03bc7bd to remote] DEBUG org.apache.http.headers - http-outgoing-19 >> User-Agent: Apache-HttpClient/4.5.2 (Java/1.8.0_171)
12:25:25.676 [Forwarding closeApp on session 18063075-812d-4a4c-a6cd-30fbf03bc7bd to remote] DEBUG org.apache.http.headers - http-outgoing-19 >> Accept-Encoding: gzip,deflate
12:25:25.676 [Forwarding closeApp on session 18063075-812d-4a4c-a6cd-30fbf03bc7bd to remote] DEBUG org.apache.http.wire - http-outgoing-19 >> "POST /wd/hub/session/18063075-812d-4a4c-a6cd-30fbf03bc7bd/appium/app/close HTTP/1.1[\r][\n]"
12:25:25.676 [Forwarding closeApp on session 18063075-812d-4a4c-a6cd-30fbf03bc7bd to remote] DEBUG org.apache.http.wire - http-outgoing-19 >> "Content-Type: application/json; charset=utf-8[\r][\n]"
12:25:25.676 [Forwarding closeApp on session 18063075-812d-4a4c-a6cd-30fbf03bc7bd to remote] DEBUG org.apache.http.wire - http-outgoing-19 >> "Content-Length: 2[\r][\n]"
12:25:25.676 [Forwarding closeApp on session 18063075-812d-4a4c-a6cd-30fbf03bc7bd to remote] DEBUG org.apache.http.wire - http-outgoing-19 >> "Host: localhost:4723[\r][\n]"
12:25:25.676 [Forwarding closeApp on session 18063075-812d-4a4c-a6cd-30fbf03bc7bd to remote] DEBUG org.apache.http.wire - http-outgoing-19 >> "Connection: Keep-Alive[\r][\n]"
12:25:25.676 [Forwarding closeApp on session 18063075-812d-4a4c-a6cd-30fbf03bc7bd to remote] DEBUG org.apache.http.wire - http-outgoing-19 >> "User-Agent: Apache-HttpClient/4.5.2 (Java/1.8.0_171)[\r][\n]"
12:25:25.676 [Forwarding closeApp on session 18063075-812d-4a4c-a6cd-30fbf03bc7bd to remote] DEBUG org.apache.http.wire - http-outgoing-19 >> "Accept-Encoding: gzip,deflate[\r][\n]"
12:25:25.676 [Forwarding closeApp on session 18063075-812d-4a4c-a6cd-30fbf03bc7bd to remote] DEBUG org.apache.http.wire - http-outgoing-19 >> "[\r][\n]"
12:25:25.676 [Forwarding closeApp on session 18063075-812d-4a4c-a6cd-30fbf03bc7bd to remote] DEBUG org.apache.http.wire - http-outgoing-19 >> "{}"
&amp#27;[35m[HTTP]&amp#27;[39m &amp#27;[37m-->&amp#27;[39m &amp#27;[37mPOST&amp#27;[39m &amp#27;[37m/wd/hub/session/18063075-812d-4a4c-a6cd-30fbf03bc7bd/appium/app/close&amp#27;[39m
&amp#27;[35m[HTTP]&amp#27;[39m &amp#27;[90m{}&amp#27;[39m
&amp#27;[35m[XCUITest]&amp#27;[39m Shutting down sub-processes
&amp#27;[35m[XCUITest]&amp#27;[39m Shutting down iproxy process (pid 66366)
&amp#27;[35m[XCUITest]&amp#27;[39m Shutting down xcodebuild process (pid 66367)
&amp#27;[35m[XCUITest]&amp#27;[39m xcodebuild exited with code 'null' and signal 'SIGTERM'
&amp#27;[35m[iOS]&amp#27;[39m Successfully closed the 'com.tv.HOOQ' app.
12:25:26.737 [Forwarding closeApp on session 18063075-812d-4a4c-a6cd-30fbf03bc7bd to remote] DEBUG org.apache.http.wire - http-outgoing-19 << "HTTP/1.1 200 OK[\r][\n]"
12:25:26.737 [Forwarding closeApp on session 18063075-812d-4a4c-a6cd-30fbf03bc7bd to remote] DEBUG org.apache.http.wire - http-outgoing-19 << "X-Powered-By: Express[\r][\n]"
12:25:26.737 [Forwarding closeApp on session 18063075-812d-4a4c-a6cd-30fbf03bc7bd to remote] DEBUG org.apache.http.wire - http-outgoing-19 << "Access-Control-Allow-Origin: *[\r][\n]"
12:25:26.737 [Forwarding closeApp on session 18063075-812d-4a4c-a6cd-30fbf03bc7bd to remote] DEBUG org.apache.http.wire - http-outgoing-19 << "Access-Control-Allow-Methods: GET,POST,PUT,OPTIONS,DELETE[\r][\n]"
12:25:26.737 [Forwarding closeApp on session 18063075-812d-4a4c-a6cd-30fbf03bc7bd to remote] DEBUG org.apache.http.wire - http-outgoing-19 << "Access-Control-Allow-Headers: origin, content-type, accept[\r][\n]"
12:25:26.737 [Forwarding closeApp on session 18063075-812d-4a4c-a6cd-30fbf03bc7bd to remote] DEBUG org.apache.http.wire - http-outgoing-19 << "Vary: X-HTTP-Method-Override[\r][\n]"
12:25:26.737 [Forwarding closeApp on session 18063075-812d-4a4c-a6cd-30fbf03bc7bd to remote] DEBUG org.apache.http.wire - http-outgoing-19 << "Content-Type: application/json; charset=utf-8[\r][\n]"
12:25:26.737 [Forwarding closeApp on session 18063075-812d-4a4c-a6cd-30fbf03bc7bd to remote] DEBUG org.apache.http.wire - http-outgoing-19 << "Content-Length: 76[\r][\n]"
12:25:26.737 [Forwarding closeApp on session 18063075-812d-4a4c-a6cd-30fbf03bc7bd to remote] DEBUG org.apache.http.wire - http-outgoing-19 << "ETag: W/"4c-gmhGQZOu676Rxx5RTHTeOboeR78"[\r][\n]"
12:25:26.737 [Forwarding closeApp on session 18063075-812d-4a4c-a6cd-30fbf03bc7bd to remote] DEBUG org.apache.http.wire - http-outgoing-19 << "Date: Fri, 23 Aug 2019 06:55:26 GMT[\r][\n]"
12:25:26.737 [Forwarding closeApp on session 18063075-812d-4a4c-a6cd-30fbf03bc7bd to remote] DEBUG org.apache.http.wire - http-outgoing-19 << "Connection: keep-alive[\r][\n]"
12:25:26.737 [Forwarding closeApp on session 18063075-812d-4a4c-a6cd-30fbf03bc7bd to remote] DEBUG org.apache.http.wire - http-outgoing-19 << "[\r][\n]"
12:25:26.737 [Forwarding closeApp on session 18063075-812d-4a4c-a6cd-30fbf03bc7bd to remote] DEBUG org.apache.http.wire - http-outgoing-19 << "{"status":0,"value":null,"sessionId":"18063075-812d-4a4c-a6cd-30fbf03bc7bd"}"
12:25:26.737 [Forwarding closeApp on session 18063075-812d-4a4c-a6cd-30fbf03bc7bd to remote] DEBUG org.apache.http.headers - http-outgoing-19 << HTTP/1.1 200 OK
&amp#27;12:25:26.737 [Forwarding closeApp on session 18063075-812d-4a4c-a6cd-30fbf03bc7bd to remote] DEBUG org.apache.http.headers - http-outgoing-19 << X-Powered-By: Express
[35m[HTTP]&amp#27;[39m &amp#27;[37m<-- POST /wd/hub/session/18063075-812d-4a4c-a6cd-30fbf012:25:26.737 [Forwarding closeApp on session 18063075-812d-4a4c-a6cd-30fbf03bc7bd to remote] DEBUG org.apache.http.headers - http-outgoing-19 << Access-Control-Allow-Origin: *
12:25:26.737 [Forwarding closeApp on session 18063075-812d-4a4c-a6cd-30fbf03bc7bd to remote] DEBUG org.apache.http.headers - http-outgoing-19 << Access-Control-Allow-Methods: GET,POST,PUT,OPTIONS,DELETE
3bc7bd/appium/app/12:25:26.737 [Forwarding closeApp on session 18063075-812d-4a4c-a6cd-30fbf03bc7bd to remote] DEBUG org.apache.http.headers - http-outgoing-19 << Access-Control-Allow-Headers: origin, content-type, accept
close &amp#27;[39m&amp#27;[32m12:25:26.738 [Forwarding closeApp on session 18063075-812d-4a4c-a6cd-30fbf03bc7bd to remote] DEBUG org.apache.http.headers - http-outgoing-19 << Vary: X-HTTP-Method-Override
200&amp#27;[39m &amp#27;[912:25:26.738 [Forwarding closeApp on session 18063075-812d-4a4c-a6cd-30fbf03bc7bd to remote] DEBUG org.apache.http.headers - http-outgoing-19 << Content-Type: application/json; charset=utf-8
0m1060 ms - 76&amp#27;[39m
12:25:26.738 [Forwarding closeApp on session 18063075-812d-4a4c-a6cd-30fbf03bc7bd to remote] DEBUG org.apache.http.headers - http-outgoing-19 << Content-Length: 76
&amp#27;[312:25:26.738 [Forwarding closeApp on session 18063075-812d-4a4c-a6cd-30fbf03bc7bd to remote] DEBUG org.apache.http.headers - http-outgoing-19 << ETag: W/"4c-gmhGQZOu676Rxx5RTHTeOboeR78"
5m[HTTP]&amp#27;[39m &amp#27;[90m&amp#27;[39m
12:25:26.738 [Forwarding closeApp on session 18063075-812d-4a4c-a6cd-30fbf03bc7bd to remote] DEBUG org.apache.http.headers - http-outgoing-19 << Date: Fri, 23 Aug 2019 06:55:26 GMT
12:25:26.738 [Forwarding closeApp on session 18063075-812d-4a4c-a6cd-30fbf03bc7bd to remote] DEBUG org.apache.http.headers - http-outgoing-19 << Connection: keep-alive
12:25:26.738 [Forwarding closeApp on session 18063075-812d-4a4c-a6cd-30fbf03bc7bd to remote] DEBUG o.a.h.impl.execchain.MainClientExec - Connection can be kept alive indefinitely
12:25:26.738 [Forwarding closeApp on session 18063075-812d-4a4c-a6cd-30fbf03bc7bd to remote] DEBUG o.a.h.i.c.PoolingHttpClientConnectionManager - Connection [id: 19][route: {}->http://localhost:4723] can be kept alive indefinitely
12:25:26.739 [Forwarding closeApp on session 18063075-812d-4a4c-a6cd-30fbf03bc7bd to remote] DEBUG o.a.h.i.c.PoolingHttpClientConnectionManager - Connection released: [id: 19][route: {}->http://localhost:4723][total kept alive: 1; route allocated: 1 of 2000; total allocated: 1 of 2000]
12:25:26.739 [Forwarding runAppInBackground on session 18063075-812d-4a4c-a6cd-30fbf03bc7bd to remote] DEBUG o.a.h.c.protocol.RequestAddCookies - CookieSpec selected: default
12:25:26.740 [Forwarding runAppInBackground on session 18063075-812d-4a4c-a6cd-30fbf03bc7bd to remote] DEBUG o.a.h.c.protocol.RequestAuthCache - Auth cache not set in the context
12:25:26.740 [Forwarding runAppInBackground on session 18063075-812d-4a4c-a6cd-30fbf03bc7bd to remote] DEBUG o.a.h.i.c.PoolingHttpClientConnectionManager - Connection request: [route: {}->http://localhost:4723][total kept alive: 1; route allocated: 1 of 2000; total allocated: 1 of 2000]
12:25:26.740 [Forwarding runAppInBackground on session 18063075-812d-4a4c-a6cd-30fbf03bc7bd to remote] DEBUG o.a.h.i.c.PoolingHttpClientConnectionManager - Connection leased: [id: 19][route: {}->http://localhost:4723][total kept alive: 0; route allocated: 1 of 2000; total allocated: 1 of 2000]
12:25:26.740 [Forwarding runAppInBackground on session 18063075-812d-4a4c-a6cd-30fbf03bc7bd to remote] DEBUG o.a.h.impl.execchain.MainClientExec - Stale connection check
12:25:26.741 [Forwarding runAppInBackground on session 18063075-812d-4a4c-a6cd-30fbf03bc7bd to remote] DEBUG org.apache.http.wire - http-outgoing-19 << "[read] I/O error: Read timed out"
12:25:26.741 [Forwarding runAppInBackground on session 18063075-812d-4a4c-a6cd-30fbf03bc7bd to remote] DEBUG o.a.h.i.c.DefaultManagedHttpClientConnection - http-outgoing-19: set socket timeout to 10800000
12:25:26.741 [Forwarding runAppInBackground on session 18063075-812d-4a4c-a6cd-30fbf03bc7bd to remote] DEBUG o.a.h.impl.execchain.MainClientExec - Executing request POST /wd/hub/session/18063075-812d-4a4c-a6cd-30fbf03bc7bd/appium/app/background HTTP/1.1
12:25:26.741 [Forwarding runAppInBackground on session 18063075-812d-4a4c-a6cd-30fbf03bc7bd to remote] DEBUG o.a.h.impl.execchain.MainClientExec - Target auth state: UNCHALLENGED
12:25:26.741 [Forwarding runAppInBackground on session 18063075-812d-4a4c-a6cd-30fbf03bc7bd to remote] DEBUG o.a.h.impl.execchain.MainClientExec - Proxy auth state: UNCHALLENGED
12:25:26.741 [Forwarding runAppInBackground on session 18063075-812d-4a4c-a6cd-30fbf03bc7bd to remote] DEBUG org.apache.http.headers - http-outgoing-19 >> POST /wd/hub/session/18063075-812d-4a4c-a6cd-30fbf03bc7bd/appium/app/background HTTP/1.1
12:25:26.741 [Forwarding runAppInBackground on session 18063075-812d-4a4c-a6cd-30fbf03bc7bd to remote] DEBUG org.apache.http.headers - http-outgoing-19 >> Content-Type: application/json; charset=utf-8
12:25:26.742 [Forwarding runAppInBackground on session 18063075-812d-4a4c-a6cd-30fbf03bc7bd to remote] DEBUG org.apache.http.headers - http-outgoing-19 >> Content-Length: 13
12:25:26.742 [Forwarding runAppInBackground on session 18063075-812d-4a4c-a6cd-30fbf03bc7bd to remote] DEBUG org.apache.http.headers - http-outgoing-19 >> Host: localhost:4723
12:25:26.742 [Forwarding runAppInBackground on session 18063075-812d-4a4c-a6cd-30fbf03bc7bd to remote] DEBUG org.apache.http.headers - http-outgoing-19 >> Connection: Keep-Alive
12:25:26.742 [Forwarding runAppInBackground on session 18063075-812d-4a4c-a6cd-30fbf03bc7bd to remote] DEBUG org.apache.http.headers - http-outgoing-19 >> User-Agent: Apache-HttpClient/4.5.2 (Java/1.8.0_171)
12:25:26.742 [Forwarding runAppInBackground on session 18063075-812d-4a4c-a6cd-30fbf03bc7bd to remote] DEBUG org.apache.http.headers - http-outgoing-19 >> Accept-Encoding: gzip,deflate
12:25:26.742 [Forwarding runAppInBackground on session 18063075-812d-4a4c-a6cd-30fbf03bc7bd to remote] DEBUG org.apache.http.wire - http-outgoing-19 >> "POST /wd/hub/session/18063075-812d-4a4c-a6cd-30fbf03bc7bd/appium/app/background HTTP/1.1[\r][\n]"
12:25:26.742 [Forwarding runAppInBackground on session 18063075-812d-4a4c-a6cd-30fbf03bc7bd to remote] DEBUG org.apache.http.wire - http-outgoing-19 >> "Content-Type: application/json; charset=utf-8[\r][\n]"
12:25:26.742 [Forwarding runAppInBackground on session 18063075-812d-4a4c-a6cd-30fbf03bc7bd to remote] DEBUG org.apache.http.wire - http-outgoing-19 >> "Content-Length: 13[\r][\n]"
12:25:26.742 [Forwarding runAppInBackground on session 18063075-812d-4a4c-a6cd-30fbf03bc7bd to remote] DEBUG org.apache.http.wire - http-outgoing-19 >> "Host: localhost:4723[\r][\n]"
12:25:26.742 [Forwarding runAppInBackground on session 18063075-812d-4a4c-a6cd-30fbf03bc7bd to remote] DEBUG org.apache.http.wire - http-outgoing-19 >> "Connection: Keep-Alive[\r][\n]"
12:25:26.742 [Forwarding runAppInBackground on session 18063075-812d-4a4c-a6cd-30fbf03bc7bd to remote] DEBUG org.apache.http.wire - http-outgoing-19 >> "User-Agent: Apache-HttpClient/4.5.2 (Java/1.8.0_171)[\r][\n]"
12:25:26.742 [Forwarding runAppInBackground on session 18063075-812d-4a4c-a6cd-30fbf03bc7bd to remote] DEBUG org.apache.http.wire - http-outgoing-19 >> "Accept-Encoding: gzip,deflate[\r][\n]"
12:25:26.742 [Forwarding runAppInBackground on session 18063075-812d-4a4c-a6cd-30fbf03bc7bd to remote] DEBUG org.apache.http.wire - http-outgoing-19 >> "[\r][\n]"
12:25:26.742 [Forwarding runAppInBackground on session 18063075-812d-4a4c-a6cd-30fbf03bc7bd to remote] DEBUG org.apache.http.wire - http-outgoing-19 >> "{"seconds":1}"
&amp#27;[35m[HTTP]&amp#27;[39m &amp#27;[37m-->&amp#27;[39m &amp#27;[37mPOST&amp#27;[39m &amp#27;[37m/wd/hub/session/18063075-812d-4a4c-a6cd-30fbf03bc7bd/appium/app/background&amp#27;[39m
&amp#27;[35m[HTTP]&amp#27;[39m &amp#27;[90m{"seconds":1}&amp#27;[39m
&amp#27;[35m[XCUITest]&amp#27;[39m commands.background: Passing numbers to 'duration' argument is deprecated. See https://github.com/appium/appium/issues/7741
&amp#27;[35m[XCUITest]&amp#27;[39m Proxying to WDA with an unknown route: POST /wda/deactivateApp
12:25:26.752 [Forwarding runAppInBackground on session 18063075-812d-4a4c-a6cd-30fbf03bc7bd to remote] DEBUG org.apache.http.wire - http-outgoing-19 << "HTTP/1.1 500 Internal Server Error[\r][\n]"
12:25:26.752 [Forwarding runAppInBackground on session 18063075-812d-4a4c-a6cd-30fbf03bc7bd to remote] DEBUG org.apache.http.wire - http-outgoing-19 << "X-Powered-By: Express[\r][\n]"
12:25:26.752 [Forwarding runAppInBackground on session 18063075-812d-4a4c-a6cd-30fbf03bc7bd to remote] DEBUG org.apache.http.wire - http-outgoing-19 << "Access-Control-Allow-Origin: *[\r][\n]"
12:25:26.752 [Forwarding runAppInBackground on session 18063075-812d-4a4c-a6cd-30fbf03bc7bd to remote] DEBUG org.apache.http.wire - http-outgoing-19 << "Access-Control-Allow-Methods: GET,POST,PUT,OPTIONS,DELETE[\r][\n]"
12:25:26.752 [Forwarding runAppInBackground on session 18063075-812d-4a4c-a6cd-30fbf03bc7bd to remote] DEBUG org.apache.http.wire - http-outgoing-19 << "Access-Control-Allow-Headers: origin, content-type, accept[\r][\n]"
12:25:26.752 [Forwarding runAppInBackground on session 18063075-812d-4a4c-a6cd-30fbf03bc7bd to remote] DEBUG org.apache.http.wire - http-outgoing-19 << "Vary: X-HTTP-Method-Override[\r][\n]"
12:25:26.752 [Forwarding runAppInBackground on session 18063075-812d-4a4c-a6cd-30fbf03bc7bd to remote] DEBUG org.apache.http.wire - http-outgoing-19 << "Content-Type: application/json; charset=utf-8[\r][\n]"
12:25:26.752 [Forwarding runAppInBackground on session 18063075-812d-4a4c-a6cd-30fbf03bc7bd to remote] DEBUG org.apache.http.wire - http-outgoing-19 << "Content-Length: 223[\r][\n]"
12:25:26.752 [Forwarding runAppInBackground on session 18063075-812d-4a4c-a6cd-30fbf03bc7bd to remote] DEBUG org.apache.http.wire - http-outgoing-19 << "ETag: W/"df-6uBvU7gHRz373YpBLnPPHmj1RKk"[\r][\n]"
12:25:26.752 [Forwarding runAppInBackground on session 18063075-812d-4a4c-a6cd-30fbf03bc7bd to remote] DEBUG org.apache.http.wire - http-outgoing-19 << "Date: Fri, 23 Aug 2019 06:55:26 GMT[\r][\n]"
12:25:26.752 [Forwarding runAppInBackground on session 18063075-812d-4a4c-a6cd-30fbf03bc7bd to remote] DEBUG org.apache.http.wire - http-outgoing-19 << "Connection: keep-alive[\r][\n]"
12:25:26.752 [Forwarding runAppInBackground on session 18063075-812d-4a4c-a6cd-30fbf03bc7bd to remote] DEBUG org.apache.http.wire - http-outgoing-19 << "[\r][\n]"
12:25:26.752 [Forwarding runAppInBackground on session 18063075-812d-4a4c-a6cd-30fbf03bc7bd to remote] DEBUG org.apache.http.wire - http-outgoing-19 << "{"status":13,"value":{"message":"An unknown server-side error occurred while processing the command. Original error: Trying to proxy a session command without session id"},"sessionId":"18063075-812d-4a4c-a6cd-30fbf03bc7bd"}"
&amp#27;[12:25:26.752 [Forwarding runAppInBackground on session 18063075-812d-4a4c-a6cd-30fbf03bc7bd to remote] DEBUG org.apache.http.headers - http-outgoing-19 << HTTP/1.1 500 Internal Server Error
35m[HTTP]&amp#27;[39m &amp#27;[37m<-- POST /wd/hub/session/18063075-812d-4a12:25:26.752 [Forwarding runAppInBackground on session 18063075-812d-4a4c-a6cd-30fbf03bc7bd to remote] DEBUG org.apache.http.headers - http-outgoing-19 << X-Powered-By: Express
4c-a12:25:26.753 [Forwarding runAppInBackground on session 18063075-812d-4a4c-a6cd-30fbf03bc7bd to remote] DEBUG org.apache.http.headers - http-outgoing-19 << Access-Control-Allow-Origin: *
6cd-30fbf03bc7bd/appium/app/background &amp#27;[39m&amp#27;[31m500&amp#27;[39m &amp#27;[90m10 ms - 223&amp#27;[39m
12:25:26.753 [Forwarding runAppInBackground on session 18063075-812d-4a4c-a6cd-30fbf03bc7bd to remote] DEBUG org.apache.http.headers - http-outgoing-19 << Access-Control-Allow-Methods: GET,POST,PUT,OPTIONS,DELETE
&amp#27;[35m[HTTP]&amp#27;[39m &amp#27;[90m&amp#27;[39m
12:25:26.754 [Forwarding runAppInBackground on session 18063075-812d-4a4c-a6cd-30fbf03bc7bd to remote] DEBUG org.apache.http.headers - http-outgoing-19 << Access-Control-Allow-Headers: origin, content-type, accept
12:25:26.754 [Forwarding runAppInBackground on session 18063075-812d-4a4c-a6cd-30fbf03bc7bd to remote] DEBUG org.apache.http.headers - http-outgoing-19 << Vary: X-HTTP-Method-Override
12:25:26.754 [Forwarding runAppInBackground on session 18063075-812d-4a4c-a6cd-30fbf03bc7bd to remote] DEBUG org.apache.http.headers - http-outgoing-19 << Content-Type: application/json; charset=utf-8
12:25:26.754 [Forwarding runAppInBackground on session 18063075-812d-4a4c-a6cd-30fbf03bc7bd to remote] DEBUG org.apache.http.headers - http-outgoing-19 << Content-Length: 223
12:25:26.754 [Forwarding runAppInBackground on session 18063075-812d-4a4c-a6cd-30fbf03bc7bd to remote] DEBUG org.apache.http.headers - http-outgoing-19 << ETag: W/"df-6uBvU7gHRz373YpBLnPPHmj1RKk"
12:25:26.754 [Forwarding runAppInBackground on session 18063075-812d-4a4c-a6cd-30fbf03bc7bd to remote] DEBUG org.apache.http.headers - http-outgoing-19 << Date: Fri, 23 Aug 2019 06:55:26 GMT
12:25:26.754 [Forwarding runAppInBackground on session 18063075-812d-4a4c-a6cd-30fbf03bc7bd to remote] DEBUG org.apache.http.headers - http-outgoing-19 << Connection: keep-alive
12:25:26.754 [Forwarding runAppInBackground on session 18063075-812d-4a4c-a6cd-30fbf03bc7bd to remote] DEBUG o.a.h.impl.execchain.MainClientExec - Connection can be kept alive indefinitely
12:25:26.754 [Forwarding runAppInBackground on session 18063075-812d-4a4c-a6cd-30fbf03bc7bd to remote] DEBUG o.a.h.i.c.PoolingHttpClientConnectionManager - Connection [id: 19][route: {}->http://localhost:4723] can be kept alive indefinitely
12:25:26.754 [Forwarding runAppInBackground on session 18063075-812d-4a4c-a6cd-30fbf03bc7bd to remote] DEBUG o.a.h.i.c.PoolingHttpClientConnectionManager - Connection released: [id: 19][route: {}->http://localhost:4723][total kept alive: 1; route allocated: 1 of 2000; total allocated: 1 of 2000]
12:25:26.755 [Forwarding launchApp on session 18063075-812d-4a4c-a6cd-30fbf03bc7bd to remote] DEBUG o.a.h.c.protocol.RequestAddCookies - CookieSpec selected: default
12:25:26.756 [Forwarding launchApp on session 18063075-812d-4a4c-a6cd-30fbf03bc7bd to remote] DEBUG o.a.h.c.protocol.RequestAuthCache - Auth cache not set in the context
12:25:26.756 [Forwarding launchApp on session 18063075-812d-4a4c-a6cd-30fbf03bc7bd to remote] DEBUG o.a.h.i.c.PoolingHttpClientConnectionManager - Connection request: [route: {}->http://localhost:4723][total kept alive: 1; route allocated: 1 of 2000; total allocated: 1 of 2000]
12:25:26.756 [Forwarding launchApp on session 18063075-812d-4a4c-a6cd-30fbf03bc7bd to remote] DEBUG o.a.h.i.c.PoolingHttpClientConnectionManager - Connection leased: [id: 19][route: {}->http://localhost:4723][total kept alive: 0; route allocated: 1 of 2000; total allocated: 1 of 2000]
12:25:26.756 [Forwarding launchApp on session 18063075-812d-4a4c-a6cd-30fbf03bc7bd to remote] DEBUG o.a.h.impl.execchain.MainClientExec - Stale connection check
12:25:26.757 [Forwarding launchApp on session 18063075-812d-4a4c-a6cd-30fbf03bc7bd to remote] DEBUG org.apache.http.wire - http-outgoing-19 << "[read] I/O error: Read timed out"
12:25:26.757 [Forwarding launchApp on session 18063075-812d-4a4c-a6cd-30fbf03bc7bd to remote] DEBUG o.a.h.i.c.DefaultManagedHttpClientConnection - http-outgoing-19: set socket timeout to 10800000
12:25:26.757 [Forwarding launchApp on session 18063075-812d-4a4c-a6cd-30fbf03bc7bd to remote] DEBUG o.a.h.impl.execchain.MainClientExec - Executing request POST /wd/hub/session/18063075-812d-4a4c-a6cd-30fbf03bc7bd/appium/app/launch HTTP/1.1
12:25:26.757 [Forwarding launchApp on session 18063075-812d-4a4c-a6cd-30fbf03bc7bd to remote] DEBUG o.a.h.impl.execchain.MainClientExec - Target auth state: UNCHALLENGED
12:25:26.757 [Forwarding launchApp on session 18063075-812d-4a4c-a6cd-30fbf03bc7bd to remote] DEBUG o.a.h.impl.execchain.MainClientExec - Proxy auth state: UNCHALLENGED
12:25:26.757 [Forwarding launchApp on session 18063075-812d-4a4c-a6cd-30fbf03bc7bd to remote] DEBUG org.apache.http.headers - http-outgoing-19 >> POST /wd/hub/session/18063075-812d-4a4c-a6cd-30fbf03bc7bd/appium/app/launch HTTP/1.1
12:25:26.757 [Forwarding launchApp on session 18063075-812d-4a4c-a6cd-30fbf03bc7bd to remote] DEBUG org.apache.http.headers - http-outgoing-19 >> Content-Type: application/json; charset=utf-8
12:25:26.757 [Forwarding launchApp on session 18063075-812d-4a4c-a6cd-30fbf03bc7bd to remote] DEBUG org.apache.http.headers - http-outgoing-19 >> Content-Length: 2
12:25:26.757 [Forwarding launchApp on session 18063075-812d-4a4c-a6cd-30fbf03bc7bd to remote] DEBUG org.apache.http.headers - http-outgoing-19 >> Host: localhost:4723
12:25:26.757 [Forwarding launchApp on session 18063075-812d-4a4c-a6cd-30fbf03bc7bd to remote] DEBUG org.apache.http.headers - http-outgoing-19 >> Connection: Keep-Alive
12:25:26.757 [Forwarding launchApp on session 18063075-812d-4a4c-a6cd-30fbf03bc7bd to remote] DEBUG org.apache.http.headers - http-outgoing-19 >> User-Agent: Apache-HttpClient/4.5.2 (Java/1.8.0_171)
12:25:26.757 [Forwarding launchApp on session 18063075-812d-4a4c-a6cd-30fbf03bc7bd to remote] DEBUG org.apache.http.headers - http-outgoing-19 >> Accept-Encoding: gzip,deflate
12:25:26.757 [Forwarding launchApp on session 18063075-812d-4a4c-a6cd-30fbf03bc7bd to remote] DEBUG org.apache.http.wire - http-outgoing-19 >> "POST /wd/hub/session/18063075-812d-4a4c-a6cd-30fbf03bc7bd/appium/app/launch HTTP/1.1[\r][\n]"
12:25:26.757 [Forwarding launchApp on session 18063075-812d-4a4c-a6cd-30fbf03bc7bd to remote] DEBUG org.apache.http.wire - http-outgoing-19 >> "Content-Type: application/json; charset=utf-8[\r][\n]"
12:25:26.757 [Forwarding launchApp on session 18063075-812d-4a4c-a6cd-30fbf03bc7bd to remote] DEBUG org.apache.http.wire - http-outgoing-19 >> "Content-Length: 2[\r][\n]"
12:25:26.757 [Forwarding launchApp on session 18063075-812d-4a4c-a6cd-30fbf03bc7bd to remote] DEBUG org.apache.http.wire - http-outgoing-19 >> "Host: localhost:4723[\r][\n]"
12:25:26.757 [Forwarding launchApp on session 18063075-812d-4a4c-a6cd-30fbf03bc7bd to remote] DEBUG org.apache.http.wire - http-outgoing-19 >> "Connection: Keep-Alive[\r][\n]"
12:25:26.757 [Forwarding launchApp on session 18063075-812d-4a4c-a6cd-30fbf03bc7bd to remote] DEBUG org.apache.http.wire - http-outgoing-19 >> "User-Agent: Apache-HttpClient/4.5.2 (Java/1.8.0_171)[\r][\n]"
12:25:26.757 [Forwarding launchApp on session 18063075-812d-4a4c-a6cd-30fbf03bc7bd to remote] DEBUG org.apache.http.wire - http-outgoing-19 >> "Accept-Encoding: gzip,deflate[\r][\n]"
12:25:26.757 [Forwarding launchApp on session 18063075-812d-4a4c-a6cd-30fbf03bc7bd to remote] DEBUG org.apache.http.wire - http-outgoing-19 >> "[\r][\n]"
12:25:26.757 [Forwarding launchApp on session 18063075-812d-4a4c-a6cd-30fbf03bc7bd to remote] DEBUG org.apache.http.wire - http-outgoing-19 >> "{}"
&amp#27;[35m[HTTP]&amp#27;[39m &amp#27;[37m-->&amp#27;[39m &amp#27;[37mPOST&amp#27;[39m &amp#27;[37m/wd/hub/session/18063075-812d-4a4c-a6cd-30fbf03bc7bd/appium/app/launch&amp#27;[39m
&amp#27;[35m[HTTP]&amp#27;[39m &amp#27;[90m{}&amp#27;[39m
&amp#27;[35m[XCUITest]&amp#27;[39m Determining device to run tests on: udid: '99c86b97c5530c26636664033d488325036ae4ae', real device: true
&amp#27;[35m[XCUITest]&amp#27;[39m Trying to start iOS log capture but it has already started!
&amp#27;[35m[XCUITest]&amp#27;[39m Setting up real device
&amp#27;[35m[XCUITest]&amp#27;[39m Using WDA path: '/usr/local/lib/node_modules/appium/node_modules/appium-xcuitest-driver/WebDriverAgent'
&amp#27;[35m[XCUITest]&amp#27;[39m Using WDA agent: '/usr/local/lib/node_modules/appium/node_modules/appium-xcuitest-driver/WebDriverAgent/WebDriverAgent.xcodeproj'
&amp#27;[35m[XCUITest]&amp#27;[39m Shutting down sub-processes
&amp#27;[35m[XCUITest]&amp#27;[39m Launching WebDriverAgent on the device
&amp#27;[35m[XCUITest]&amp#27;[39m Skipping setting of the initial display orientation. Set the "orientation" capability to either "LANDSCAPE" or "PORTRAIT", if this is an undesired behavior.
&amp#27;[35m[iOS]&amp#27;[39m Success12:25:46.233 [Forwarding launchApp on session 18063075-812d-4a4c-a6cd-30fbf03bc7bd to remote] DEBUG org.apache.http.wire - http-outgoing-19 << "HTTP/1.1 200 OK[\r][\n]"
fully launche12:25:46.234 [Forwarding launchApp on session 18063075-812d-4a4c-a6cd-30fbf03bc7bd to remote] DEBUG org.apache.http.wire - http-outgoing-19 << "X-Powered-By: Express[\r][\n]"
d the 'com.tv.HOOQ' app.
12:25:46.234 [Forwarding launchApp on session 18063075-812d-4a4c-a6cd-30fbf03bc7bd to remote] DEBUG org.apache.http.wire - http-outgoing-19 << "Access-Control-Allow-Origin: *[\r][\n]"
&amp#27;12:25:46.234 [Forwarding launchApp on session 18063075-812d-4a4c-a6cd-30fbf03bc7bd to remote] DEBUG org.apache.http.wire - http-outgoing-19 << "Access-Control-Allow-Methods: GET,POST,PUT,OPTIONS,DELETE[\r][\n]"
[312:25:46.234 [Forwarding launchApp on session 18063075-812d-4a4c-a6cd-30fbf03bc7bd to remote] DEBUG org.apache.http.wire - http-outgoing-19 << "Access-Control-Allow-Headers: origin, content-type, accept[\r][\n]"
5m[HTTP]&amp#27;[39m &amp#27;[37m<-- POS12:25:46.234 [Forwarding launchApp on session 18063075-812d-4a4c-a6cd-30fbf03bc7bd to remote] DEBUG org.apache.http.wire - http-outgoing-19 << "Vary: X-HTTP-Method-Override[\r][\n]"
T /wd/h12:25:46.234 [Forwarding launchApp on session 18063075-812d-4a4c-a6cd-30fbf03bc7bd to remote] DEBUG org.apache.http.wire - http-outgoing-19 << "Content-Type: application/json; charset=utf-8[\r][\n]"
ub/se12:25:46.235 [Forwarding launchApp on session 18063075-812d-4a4c-a6cd-30fbf03bc7bd to remote] DEBUG org.apache.http.wire - http-outgoing-19 << "Content-Length: 76[\r][\n]"
ssion/1806312:25:46.235 [Forwarding launchApp on session 18063075-812d-4a4c-a6cd-30fbf03bc7bd to remote] DEBUG org.apache.http.wire - http-outgoing-19 << "ETag: W/"4c-gmhGQZOu676Rxx5RTHTeOboeR78"[\r][\n]"
12:25:46.235 [Forwarding launchApp on session 18063075-812d-4a4c-a6cd-30fbf03bc7bd to remote] DEBUG org.apache.http.wire - http-outgoing-19 << "Date: Fri, 23 Aug 2019 06:55:46 GMT[\r][\n]"
12:25:46.235 [Forwarding launchApp on session 18063075-812d-4a4c-a6cd-30fbf03bc7bd to remote] DEBUG org.apache.http.wire - http-outgoing-19 << "Connection: keep-alive[\r][\n]"
12:25:46.235 [Forwarding launchApp on session 18063075-812d-4a4c-a6cd-30fbf03bc7bd to remote] DEBUG org.apache.http.wire - http-outgoing-19 << "[\r][\n]"
075-812d-4a412:25:46.235 [Forwarding launchApp on session 18063075-812d-4a4c-a6cd-30fbf03bc7bd to remote] DEBUG org.apache.http.wire - http-outgoing-19 << "{"status":0,"value":null,"sessionId":"18063075-812d-4a4c-a6cd-30fbf03bc7bd"}"
c-a6cd-30fbf03bc7bd/appium/app/launch &amp#27;[12:25:46.235 [Forwarding launchApp on session 18063075-812d-4a4c-a6cd-30fbf03bc7bd to remote] DEBUG org.apache.http.headers - http-outgoing-19 << HTTP/1.1 200 OK
39m&amp#27;[32m200&amp#27;[39m &amp#27;[90m19476 ms 12:25:46.235 [Forwarding launchApp on session 18063075-812d-4a4c-a6cd-30fbf03bc7bd to remote] DEBUG org.apache.http.headers - http-outgoing-19 << X-Powered-By: Express
- 76&amp#27;[39m
&amp#27;[35m[HTTP]12:25:46.235 [Forwarding launchApp on session 18063075-812d-4a4c-a6cd-30fbf03bc7bd to remote] DEBUG org.apache.http.headers - http-outgoing-19 << Access-Control-Allow-Origin: *
&amp#27;12:25:46.236 [Forwarding launchApp on session 18063075-812d-4a4c-a6cd-30fbf03bc7bd to remote] DEBUG org.apache.http.headers - http-outgoing-19 << Access-Control-Allow-Methods: GET,POST,PUT,OPTIONS,DELETE
[39m &amp#27;[90m&amp#27;[39m
12:25:46.236 [Forwarding launchApp on session 18063075-812d-4a4c-a6cd-30fbf03bc7bd to remote] DEBUG org.apache.http.headers - http-outgoing-19 << Access-Control-Allow-Headers: origin, content-type, accept
12:25:46.236 [Forwarding launchApp on session 18063075-812d-4a4c-a6cd-30fbf03bc7bd to remote] DEBUG org.apache.http.headers - http-outgoing-19 << Vary: X-HTTP-Method-Override
12:25:46.236 [Forwarding launchApp on session 18063075-812d-4a4c-a6cd-30fbf03bc7bd to remote] DEBUG org.apache.http.headers - http-outgoing-19 << Content-Type: application/json; charset=utf-8
12:25:46.236 [Forwarding launchApp on session 18063075-812d-4a4c-a6cd-30fbf03bc7bd to remote] DEBUG org.apache.http.headers - http-outgoing-19 << Content-Length: 76
12:25:46.236 [Forwarding launchApp on session 18063075-812d-4a4c-a6cd-30fbf03bc7bd to remote] DEBUG org.apache.http.headers - http-outgoing-19 << ETag: W/"4c-gmhGQZOu676Rxx5RTHTeOboeR78"
12:25:46.236 [Forwarding launchApp on session 18063075-812d-4a4c-a6cd-30fbf03bc7bd to remote] DEBUG org.apache.http.headers - http-outgoing-19 << Date: Fri, 23 Aug 2019 06:55:46 GMT
12:25:46.236 [Forwarding launchApp on session 18063075-812d-4a4c-a6cd-30fbf03bc7bd to remote] DEBUG org.apache.http.headers - http-outgoing-19 << Connection: keep-alive
12:25:46.236 [Forwarding launchApp on session 18063075-812d-4a4c-a6cd-30fbf03bc7bd to remote] DEBUG o.a.h.impl.execchain.MainClientExec - Connection can be kept alive indefinitely
12:25:46.236 [Forwarding launchApp on session 18063075-812d-4a4c-a6cd-30fbf03bc7bd to remote] DEBUG o.a.h.i.c.PoolingHttpClientConnectionManager - Connection [id: 19][route: {}->http://localhost:4723] can be kept alive indefinitely
12:25:46.236 [Forwarding launchApp on session 18063075-812d-4a4c-a6cd-30fbf03bc7bd to remote] DEBUG o.a.h.i.c.PoolingHttpClientConnectionManager - Connection released: [id: 19][route: {}->http://localhost:4723][total kept alive: 1; route allocated: 1 of 2000; total allocated: 1 of 2000]
12:25:51.244 [Forwarding findElement on session 18063075-812d-4a4c-a6cd-30fbf03bc7bd to remote] DEBUG o.a.h.c.protocol.RequestAddCookies - CookieSpec selected: default
12:25:51.244 [Forwarding findElement on session 18063075-812d-4a4c-a6cd-30fbf03bc7bd to remote] DEBUG o.a.h.c.protocol.RequestAuthCache - Auth cache not set in the context
12:25:51.244 [Forwarding findElement on session 18063075-812d-4a4c-a6cd-30fbf03bc7bd to remote] DEBUG o.a.h.i.c.PoolingHttpClientConnectionManager - Connection request: [route: {}->http://localhost:4723][total kept alive: 1; route allocated: 1 of 2000; total allocated: 1 of 2000]
12:25:51.244 [Forwarding findElement on session 18063075-812d-4a4c-a6cd-30fbf03bc7bd to remote] DEBUG org.apache.http.wire - http-outgoing-19 << "end of stream"
12:25:51.244 [Forwarding findElement on session 18063075-812d-4a4c-a6cd-30fbf03bc7bd to remote] DEBUG o.a.h.i.c.DefaultManagedHttpClientConnection - http-outgoing-19: Close connection
12:25:51.244 [Forwarding findElement on session 18063075-812d-4a4c-a6cd-30fbf03bc7bd to remote] DEBUG o.a.h.i.c.PoolingHttpClientConnectionManager - Connection leased: [id: 20][route: {}->http://localhost:4723][total kept alive: 0; route allocated: 1 of 2000; total allocated: 1 of 2000]
12:25:51.245 [Forwarding findElement on session 18063075-812d-4a4c-a6cd-30fbf03bc7bd to remote] DEBUG o.a.h.impl.execchain.MainClientExec - Opening connection {}->http://localhost:4723
12:25:51.245 [Forwarding findElement on session 18063075-812d-4a4c-a6cd-30fbf03bc7bd to remote] DEBUG o.a.h.i.c.DefaultHttpClientConnectionOperator - Connecting to localhost/127.0.0.1:4723
12:25:51.245 [Forwarding findElement on session 18063075-812d-4a4c-a6cd-30fbf03bc7bd to remote] DEBUG o.a.h.i.c.DefaultHttpClientConnectionOperator - Connection established 127.0.0.1:64487<->127.0.0.1:4723
12:25:51.245 [Forwarding findElement on session 18063075-812d-4a4c-a6cd-30fbf03bc7bd to remote] DEBUG o.a.h.i.c.DefaultManagedHttpClientConnection - http-outgoing-20: set socket timeout to 10800000
12:25:51.245 [Forwarding findElement on session 18063075-812d-4a4c-a6cd-30fbf03bc7bd to remote] DEBUG o.a.h.impl.execchain.MainClientExec - Executing request POST /wd/hub/session/18063075-812d-4a4c-a6cd-30fbf03bc7bd/element HTTP/1.1
12:25:51.245 [Forwarding findElement on session 18063075-812d-4a4c-a6cd-30fbf03bc7bd to remote] DEBUG o.a.h.impl.execchain.MainClientExec - Target auth state: UNCHALLENGED
12:25:51.245 [Forwarding findElement on session 18063075-812d-4a4c-a6cd-30fbf03bc7bd to remote] DEBUG o.a.h.impl.execchain.MainClientExec - Proxy auth state: UNCHALLENGED
12:25:51.246 [Forwarding findElement on session 18063075-812d-4a4c-a6cd-30fbf03bc7bd to remote] DEBUG org.apache.http.headers - http-outgoing-20 >> POST /wd/hub/session/18063075-812d-4a4c-a6cd-30fbf03bc7bd/element HTTP/1.1
12:25:51.246 [Forwarding findElement on session 18063075-812d-4a4c-a6cd-30fbf03bc7bd to remote] DEBUG org.apache.http.headers - http-outgoing-20 >> Content-Type: application/json; charset=utf-8
12:25:51.246 [Forwarding findElement on session 18063075-812d-4a4c-a6cd-30fbf03bc7bd to remote] DEBUG org.apache.http.headers - http-outgoing-20 >> Content-Length: 32
12:25:51.246 [Forwarding findElement on session 18063075-812d-4a4c-a6cd-30fbf03bc7bd to remote] DEBUG org.apache.http.headers - http-outgoing-20 >> Host: localhost:4723
12:25:51.246 [Forwarding findElement on session 18063075-812d-4a4c-a6cd-30fbf03bc7bd to remote] DEBUG org.apache.http.headers - http-outgoing-20 >> Connection: Keep-Alive
12:25:51.246 [Forwarding findElement on session 18063075-812d-4a4c-a6cd-30fbf03bc7bd to remote] DEBUG org.apache.http.headers - http-outgoing-20 >> User-Agent: Apache-HttpClient/4.5.2 (Java/1.8.0_171)
12:25:51.246 [Forwarding findElement on session 18063075-812d-4a4c-a6cd-30fbf03bc7bd to remote] DEBUG org.apache.http.headers - http-outgoing-20 >> Accept-Encoding: gzip,deflate
12:25:51.246 [Forwarding findElement on session 18063075-812d-4a4c-a6cd-30fbf03bc7bd to remote] DEBUG org.apache.http.wire - http-outgoing-20 >> "POST /wd/hub/session/18063075-812d-4a4c-a6cd-30fbf03bc7bd/element HTTP/1.1[\r][\n]"
12:25:51.246 [Forwarding findElement on session 18063075-812d-4a4c-a6cd-30fbf03bc7bd to remote] DEBUG org.apache.http.wire - http-outgoing-20 >> "Content-Type: application/json; charset=utf-8[\r][\n]"
12:25:51.246 [Forwarding findElement on session 18063075-812d-4a4c-a6cd-30fbf03bc7bd to remote] DEBUG org.apache.http.wire - http-outgoing-20 >> "Content-Length: 32[\r][\n]"
12:25:51.246 [Forwarding findElement on session 18063075-812d-4a4c-a6cd-30fbf03bc7bd to remote] DEBUG org.apache.http.wire - http-outgoing-20 >> "Host: localhost:4723[\r][\n]"
12:25:51.246 [Forwarding findElement on session 18063075-812d-4a4c-a6cd-30fbf03bc7bd to remote] DEBUG org.apache.http.wire - http-outgoing-20 >> "Connection: Keep-Alive[\r][\n]"
12:25:51.246 [Forwarding findElement on session 18063075-812d-4a4c-a6cd-30fbf03bc7bd to remote] DEBUG org.apache.http.wire - http-outgoing-20 >> "User-Agent: Apache-HttpClient/4.5.2 (Java/1.8.0_171)[\r][\n]"
12:25:51.246 [Forwarding findElement on session 18063075-812d-4a4c-a6cd-30fbf03bc7bd to remote] DEBUG org.apache.http.wire - http-outgoing-20 >> "Accept-Encoding: gzip,deflate[\r][\n]"
12:25:51.246 [Forwarding findElement on session 18063075-812d-4a4c-a6cd-30fbf03bc7bd to remote] DEBUG org.apache.http.wire - http-outgoing-20 >> "[\r][\n]"
12:25:51.246 [Forwarding findElement on session 18063075-812d-4a4c-a6cd-30fbf03bc7bd to remote] DEBUG org.apache.http.wire - http-outgoing-20 >> "{"using":"id","value":"icon me"}"
&amp#27;[35m[HTTP]&amp#27;[39m &amp#27;[37m-->&amp#27;[39m &amp#27;[37mPOST&amp#27;[39m &amp#27;[37m/wd/hub/session/18063075-812d-4a4c-a6cd-30fbf03bc7bd/element&amp#27;[39m
&amp#27;[35m[HTTP]&amp#27;[39m &amp#27;[90m{"using":"id","value":"icon me"}&amp#27;[39m
12:25:51.995 [Forwarding findElement on session 18063075-812d-4a4c-a6cd-30fbf03bc7bd to remote] DEBUG org.apache.http.wire - http-outgoing-20 << "HTTP/1.1 200 OK[\r][\n]"
12:25:51.995 [Forwarding findElement on session 18063075-812d-4a4c-a6cd-30fbf03bc7bd to remote] DEBUG org.apache.http.wire - http-outgoing-20 << "X-Powered-By: Express[\r][\n]"
12:25:51.995 [Forwarding findElement on session 18063075-812d-4a4c-a6cd-30fbf03bc7bd to remote] DEBUG org.apache.http.wire - http-outgoing-20 << "Access-Control-Allow-Origin: *[\r][\n]"
12:25:51.995 [Forwarding findElement on session 18063075-812d-4a4c-a6cd-30fbf03bc7bd to remote] DEBUG org.apache.http.wire - http-outgoing-20 << "Access-Control-Allow-Methods: GET,POST,PUT,OPTIONS,DELETE[\r][\n]"
12:25:51.995 [Forwarding findElement on session 18063075-812d-4a4c-a6cd-30fbf03bc7bd to remote] DEBUG org.apache.http.wire - http-outgoing-20 << "Access-Control-Allow-Headers: origin, content-type, accept[\r][\n]"
12:25:51.995 [Forwarding findElement on session 18063075-812d-4a4c-a6cd-30fbf03bc7bd to remote] DEBUG org.apache.http.wire - http-outgoing-20 << "Vary: X-HTTP-Method-Override[\r][\n]"
12:25:51.995 [Forwarding findElement on session 18063075-812d-4a4c-a6cd-30fbf03bc7bd to remote] DEBUG org.apache.http.wire - http-outgoing-20 << "Content-Type: application/json; charset=utf-8[\r][\n]"
12:25:51.995 [Forwarding findElement on session 18063075-812d-4a4c-a6cd-30fbf03bc7bd to remote] DEBUG org.apache.http.wire - http-outgoing-20 << "Content-Length: 122[\r][\n]"
12:25:51.995 [Forwarding findElement on session 18063075-812d-4a4c-a6cd-30fbf03bc7bd to remote] DEBUG org.apache.http.wire - http-outgoing-20 << "ETag: W/"7a-/thejtkXUtgS4+BZtEvJ6HYU9UQ"[\r][\n]"
12:25:51.995 [Forwarding findElement on session 18063075-812d-4a4c-a6cd-30fbf03bc7bd to remote] DEBUG org.apache.http.wire - http-outgoing-20 << "Date: Fri, 23 Aug 2019 06:55:51 GMT[\r][\n]"
12:25:51.995 [Forwarding findElement on session 18063075-812d-4a4c-a6cd-30fbf03bc7bd to remote] DEBUG org.apache.http.wire - http-outgoing-20 << "Connection: keep-alive[\r][\n]"
12:25:51.995 [Forwarding findElement on session 18063075-812d-4a4c-a6cd-30fbf03bc7bd to remote] DEBUG org.apache.http.wire - http-outgoing-20 << "[\r][\n]"
12:25:51.995 [Forwarding findElement on session 18063075-812d-4a4c-a6cd-30fbf03bc7bd to remote] DEBUG org.apache.http.wire - http-outgoing-20 << "{"status":0,"value":{"ELEMENT":"2D000000-0000-0000-CF19-000000000000"},"sessionId":"18063075-812d-4a4c-a6cd-30fbf03bc7bd"}"
12:25:51.995 [Forwarding findElement on session 18063075-812d-4a4c-a6cd-30fbf03bc7bd to remote] DEBUG org.apache.http.headers - http-outgoing-20 << HTTP/1.1 200 OK
12:25:51.995 [Forwarding findElement on session 18063075-812d-4a4c-a6cd-30fbf03bc7bd to remote] DEBUG org.apache.http.headers - http-outgoing-20 << X-Powered-By: Express
12:25:51.995 [Forwarding findElement on session 18063075-812d-4a4c-a6cd-30fbf03bc7bd to remote] DEBUG org.apache.http.headers - http-outgoing-20 << Access-Control-Allow-Origin: *
12:25:51.995 [Forwarding findElement on session 18063075-812d-4a4c-a6cd-30fbf03bc7bd to remote] DEBUG org.apache.http.headers - http-outgoing-20 << Access-Control-Allow-Methods: GET,POST,PUT,OPTIONS,DELETE
12:25:51.995 [Forwarding findElement on session 18063075-812d-4a4c-a6cd-30fbf03bc7bd to remote] DEBUG org.apache.http.headers - http-outgoing-20 << Access-Control-Allow-Headers: origin, content-type, accept
12:25:51.995 [Forwarding findElement on session 18063075-812d-4a4c-a6cd-30fbf03bc7bd to remote] DEBUG org.apache.http.headers - http-outgoing-20 << Vary: X-HTTP-Method-Override
12:25:51.995 [Forwarding findElement on session 18063075-812d-4a4c-a6cd-30fbf03bc7bd to remote] DEBUG org.apache.http.headers - http-outgoing-20 << Content-Type: application/json; charset=utf-8
12:25:51.995 [Forwarding findElement on session 18063075-812d-4a4c-a6cd-30fbf03bc7bd to remote] DEBUG org.apache.http.headers - http-outgoing-20 << Content-Length: 122
12:25:51.995 [Forwarding findElement on session 18063075-812d-4a4c-a6cd-30fbf03bc7bd to remote] DEBUG org.apache.http.headers - http-outgoing-20 << ETag: W/"7a-/thejtkXUtgS4+BZtEvJ6HYU9UQ"
12:25:51.995 [Forwarding findElement on session 18063075-812d-4a4c-a6cd-30fbf03bc7bd to remote] DEBUG org.apache.http.headers - http-outgoing-20 << Date: Fri, 23 Aug 2019 06:55:51 GMT
12:25:51.995 [Forwarding findElement on session 18063075-812d-4a4c-a6cd-30fbf03bc7bd to remote] DEBUG org.apache.http.headers - http-outgoing-20 << Connection: keep-alive
&amp#27;[35m[HTTP]&amp#27;[39m &amp#27;[37m<-- POST /wd/hub/s12:25:51.996 [Forwarding findElement on session 18063075-812d-4a4c-a6cd-30fbf03bc7bd to remote] DEBUG o.a.h.impl.execchain.MainClientExec - Connection can be kept alive indefinitely
ession/18063075-812d-412:25:51.996 [Forwarding findElement on session 18063075-812d-4a4c-a6cd-30fbf03bc7bd to remote] DEBUG o.a.h.i.c.PoolingHttpClientConnectionManager - Connection [id: 20][route: {}->http://localhost:4723] can be kept alive indefinitely
a4c-12:25:51.996 [Forwarding findElement on session 18063075-812d-4a4c-a6cd-30fbf03bc7bd to remote] DEBUG o.a.h.i.c.PoolingHttpClientConnectionManager - Connection released: [id: 20][route: {}->http://localhost:4723][total kept alive: 1; route allocated: 1 of 2000; total allocated: 1 of 2000]
a6cd-30fbf03bc7bd/element &amp#27;[39m&amp#27;[32m200&amp#27;[39m &amp#27;[90m748 ms - 122&amp#27;[39m
&amp#27;[35m[HTTP]&amp#27;[39m &amp#27;[90m&amp#27;[39m
12:25:51.997 [Forwarding isElementDisplayed on session 18063075-812d-4a4c-a6cd-30fbf03bc7bd to remote] DEBUG o.a.h.c.protocol.RequestAddCookies - CookieSpec selected: default
12:25:51.997 [Forwarding isElementDisplayed on session 18063075-812d-4a4c-a6cd-30fbf03bc7bd to remote] DEBUG o.a.h.c.protocol.RequestAuthCache - Auth cache not set in the context
12:25:51.997 [Forwarding isElementDisplayed on session 18063075-812d-4a4c-a6cd-30fbf03bc7bd to remote] DEBUG o.a.h.i.c.PoolingHttpClientConnectionManager - Connection request: [route: {}->http://localhost:4723][total kept alive: 1; route allocated: 1 of 2000; total allocated: 1 of 2000]
12:25:51.997 [Forwarding isElementDisplayed on session 18063075-812d-4a4c-a6cd-30fbf03bc7bd to remote] DEBUG o.a.h.i.c.PoolingHttpClientConnectionManager - Connection leased: [id: 20][route: {}->http://localhost:4723][total kept alive: 0; route allocated: 1 of 2000; total allocated: 1 of 2000]
12:25:51.997 [Forwarding isElementDisplayed on session 18063075-812d-4a4c-a6cd-30fbf03bc7bd to remote] DEBUG o.a.h.impl.execchain.MainClientExec - Stale connection check
12:25:51.999 [Forwarding isElementDisplayed on session 18063075-812d-4a4c-a6cd-30fbf03bc7bd to remote] DEBUG org.apache.http.wire - http-outgoing-20 << "[read] I/O error: Read timed out"
12:25:51.999 [Forwarding isElementDisplayed on session 18063075-812d-4a4c-a6cd-30fbf03bc7bd to remote] DEBUG o.a.h.i.c.DefaultManagedHttpClientConnection - http-outgoing-20: set socket timeout to 10800000
12:25:51.999 [Forwarding isElementDisplayed on session 18063075-812d-4a4c-a6cd-30fbf03bc7bd to remote] DEBUG o.a.h.impl.execchain.MainClientExec - Executing request GET /wd/hub/session/18063075-812d-4a4c-a6cd-30fbf03bc7bd/element/2D000000-0000-0000-CF19-000000000000/displayed HTTP/1.1
12:25:51.999 [Forwarding isElementDisplayed on session 18063075-812d-4a4c-a6cd-30fbf03bc7bd to remote] DEBUG o.a.h.impl.execchain.MainClientExec - Target auth state: UNCHALLENGED
12:25:51.999 [Forwarding isElementDisplayed on session 18063075-812d-4a4c-a6cd-30fbf03bc7bd to remote] DEBUG o.a.h.impl.execchain.MainClientExec - Proxy auth state: UNCHALLENGED
12:25:51.999 [Forwarding isElementDisplayed on session 18063075-812d-4a4c-a6cd-30fbf03bc7bd to remote] DEBUG org.apache.http.headers - http-outgoing-20 >> GET /wd/hub/session/18063075-812d-4a4c-a6cd-30fbf03bc7bd/element/2D000000-0000-0000-CF19-000000000000/displayed HTTP/1.1
12:25:51.999 [Forwarding isElementDisplayed on session 18063075-812d-4a4c-a6cd-30fbf03bc7bd to remote] DEBUG org.apache.http.headers - http-outgoing-20 >> Cache-Control: no-cache
12:25:51.999 [Forwarding isElementDisplayed on session 18063075-812d-4a4c-a6cd-30fbf03bc7bd to remote] DEBUG org.apache.http.headers - http-outgoing-20 >> Host: localhost:4723
12:25:51.999 [Forwarding isElementDisplayed on session 18063075-812d-4a4c-a6cd-30fbf03bc7bd to remote] DEBUG org.apache.http.headers - http-outgoing-20 >> Connection: Keep-Alive
12:25:51.999 [Forwarding isElementDisplayed on session 18063075-812d-4a4c-a6cd-30fbf03bc7bd to remote] DEBUG org.apache.http.headers - http-outgoing-20 >> User-Agent: Apache-HttpClient/4.5.2 (Java/1.8.0_171)
12:25:51.999 [Forwarding isElementDisplayed on session 18063075-812d-4a4c-a6cd-30fbf03bc7bd to remote] DEBUG org.apache.http.headers - http-outgoing-20 >> Accept-Encoding: gzip,deflate
12:25:51.999 [Forwarding isElementDisplayed on session 18063075-812d-4a4c-a6cd-30fbf03bc7bd to remote] DEBUG org.apache.http.wire - http-outgoing-20 >> "GET /wd/hub/session/18063075-812d-4a4c-a6cd-30fbf03bc7bd/element/2D000000-0000-0000-CF19-000000000000/displayed HTTP/1.1[\r][\n]"
12:25:51.999 [Forwarding isElementDisplayed on session 18063075-812d-4a4c-a6cd-30fbf03bc7bd to remote] DEBUG org.apache.http.wire - http-outgoing-20 >> "Cache-Control: no-cache[\r][\n]"
12:25:51.999 [Forwarding isElementDisplayed on session 18063075-812d-4a4c-a6cd-30fbf03bc7bd to remote] DEBUG org.apache.http.wire - http-outgoing-20 >> "Host: localhost:4723[\r][\n]"
12:25:51.999 [Forwarding isElementDisplayed on session 18063075-812d-4a4c-a6cd-30fbf03bc7bd to remote] DEBUG org.apache.http.wire - http-outgoing-20 >> "Connection: Keep-Alive[\r][\n]"
12:25:51.999 [Forwarding isElementDisplayed on session 18063075-812d-4a4c-a6cd-30fbf03bc7bd to remote] DEBUG org.apache.http.wire - http-outgoing-20 >> "User-Agent: Apache-HttpClient/4.5.2 (Java/1.8.0_171)[\r][\n]"
12:25:51.999 [Forwarding isElementDisplayed on session 18063075-812d-4a4c-a6cd-30fbf03bc7bd to remote] DEBUG org.apache.http.wire - http-outgoing-20 >> "Accept-Encoding: gzip,deflate[\r][\n]"
12:25:51.999 [Forwarding isElementDisplayed on session 18063075-812d-4a4c-a6cd-30fbf03bc7bd to remote] DEBUG org.apache.http.wire - http-outgoing-20 >> "[\r][\n]"
&amp#27;[35m[HTTP]&amp#27;[39m &amp#27;[37m-->&amp#27;[39m &amp#27;[37mGET&amp#27;[39m &amp#27;[37m/wd/hub/session/18063075-812d-4a4c-a6cd-30fbf03bc7bd/element/2D000000-0000-0000-CF19-000000000000/displayed&amp#27;[39m
&amp#27;[35m[HTTP]&amp#27;[39m &amp#27;[90m{}&amp#27;[39m
&amp#27;[35m[MJSONWP]&amp#27;[39m Driver proxy active, passing request on via HTTP proxy
&amp#27;[35m[JSONWP Proxy]&amp#27;[39m Replacing sessionId B74F9560-FF94-4D04-9569-9BCC996503BA with 18063012:25:52.386 [Forwarding isElementDisplayed on session 18063075-812d-4a4c-a6cd-30fbf03bc7bd to remote] DEBUG org.apache.http.wire - http-outgoing-20 << "HTTP/1.1 200 OK[\r][\n]"
75-812d-4a4c-a6cd-30fbf03bc7bd
12:25:52.386 [Forwarding isElementDisplayed on session 18063075-812d-4a4c-a6cd-30fbf03bc7bd to remote] DEBUG org.apache.http.wire - http-outgoing-20 << "X-Powered-By: Express[\r][\n]"
&amp#27;[35m[H12:25:52.386 [Forwarding isElementDisplayed on session 18063075-812d-4a4c-a6cd-30fbf03bc7bd to remote] DEBUG org.apache.http.wire - http-outgoing-20 << "Access-Control-Allow-Origin: *[\r][\n]"
TTP]&amp#27;[3912:25:52.386 [Forwarding isElementDisplayed on session 18063075-812d-4a4c-a6cd-30fbf03bc7bd to remote] DEBUG org.apache.http.wire - http-outgoing-20 << "Access-Control-Allow-Methods: GET,POST,PUT,OPTIONS,DELETE[\r][\n]"
m &amp#27;[37m<-- G12:25:52.386 [Forwarding isElementDisplayed on session 18063075-812d-4a4c-a6cd-30fbf03bc7bd to remote] DEBUG org.apache.http.wire - http-outgoing-20 << "Access-Control-Allow-Headers: origin, content-type, accept[\r][\n]"
ET 12:25:52.386 [Forwarding isElementDisplayed on session 18063075-812d-4a4c-a6cd-30fbf03bc7bd to remote] DEBUG org.apache.http.wire - http-outgoing-20 << "Content-Type: application/json; charset=utf-8[\r][\n]"
12:25:52.386 [Forwarding isElementDisplayed on session 18063075-812d-4a4c-a6cd-30fbf03bc7bd to remote] DEBUG org.apache.http.wire - http-outgoing-20 << "Content-Length: 76[\r][\n]"
12:25:52.386 [Forwarding isElementDisplayed on session 18063075-812d-4a4c-a6cd-30fbf03bc7bd to remote] DEBUG org.apache.http.wire - http-outgoing-20 << "ETag: W/"4c-Y7k244UeXncxktz3h+rJR8RJids"[\r][\n]"
/wd/hub/sessio12:25:52.386 [Forwarding isElementDisplayed on session 18063075-812d-4a4c-a6cd-30fbf03bc7bd to remote] DEBUG org.apache.http.wire - http-outgoing-20 << "Date: Fri, 23 Aug 2019 06:55:52 GMT[\r][\n]"
n/12:25:52.386 [Forwarding isElementDisplayed on session 18063075-812d-4a4c-a6cd-30fbf03bc7bd to remote] DEBUG org.apache.http.wire - http-outgoing-20 << "Connection: keep-alive[\r][\n]"
18063075-8112:25:52.386 [Forwarding isElementDisplayed on session 18063075-812d-4a4c-a6cd-30fbf03bc7bd to remote] DEBUG org.apache.http.wire - http-outgoing-20 << "[\r][\n]"
2d-4a412:25:52.387 [Forwarding isElementDisplayed on session 18063075-812d-4a4c-a6cd-30fbf03bc7bd to remote] DEBUG org.apache.http.wire - http-outgoing-20 << "{"value":true,"sessionId":"18063075-812d-4a4c-a6cd-30fbf03bc7bd","status":0}"
c-a6cd-30fbf03bc7bd/element/2D000000-0000-0000-CF19-000000000000/displayed &amp#27;[39m&amp#27;[32m200&amp#27;[39m 12:25:52.387 [Forwarding isElementDisplayed on session 18063075-812d-4a4c-a6cd-30fbf03bc7bd to remote] DEBUG org.apache.http.headers - http-outgoing-20 << HTTP/1.1 200 OK
&amp#27;[12:25:52.387 [Forwarding isElementDisplayed on session 18063075-812d-4a4c-a6cd-30fbf03bc7bd to remote] DEBUG org.apache.http.headers - http-outgoing-20 << X-Powered-By: Express
12:25:52.387 [Forwarding isElementDisplayed on session 18063075-812d-4a4c-a6cd-30fbf03bc7bd to remote] DEBUG org.apache.http.headers - http-outgoing-20 << Access-Control-Allow-Origin: *
12:25:52.387 [Forwarding isElementDisplayed on session 18063075-812d-4a4c-a6cd-30fbf03bc7bd to remote] DEBUG org.apache.http.headers - http-outgoing-20 << Access-Control-Allow-Methods: GET,POST,PUT,OPTIONS,DELETE
12:25:52.387 [Forwarding isElementDisplayed on session 18063075-812d-4a4c-a6cd-30fbf03bc7bd to remote] DEBUG org.apache.http.headers - http-outgoing-20 << Access-Control-Allow-Headers: origin, content-type, accept
12:25:52.387 [Forwarding isElementDisplayed on session 18063075-812d-4a4c-a6cd-30fbf03bc7bd to remote] DEBUG org.apache.http.headers - http-outgoing-20 << Content-Type: application/json; charset=utf-8
12:25:52.387 [Forwarding isElementDisplayed on session 18063075-812d-4a4c-a6cd-30fbf03bc7bd to remote] DEBUG org.apache.http.headers - http-outgoing-20 << Content-Length: 76
12:25:52.387 [Forwarding isElementDisplayed on session 18063075-812d-4a4c-a6cd-30fbf03bc7bd to remote] DEBUG org.apache.http.headers - http-outgoing-20 << ETag: W/"4c-Y7k244UeXncxktz3h+rJR8RJids"
12:25:52.387 [Forwarding isElementDisplayed on session 18063075-812d-4a4c-a6cd-30fbf03bc7bd to remote] DEBUG org.apache.http.headers - http-outgoing-20 << Date: Fri, 23 Aug 2019 06:55:52 GMT
12:25:52.387 [Forwarding isElementDisplayed on session 18063075-812d-4a4c-a6cd-30fbf03bc7bd to remote] DEBUG org.apache.http.headers - http-outgoing-20 << Connection: keep-alive
90m386 ms - 76&amp#27;[39m
&amp#27;[35m[HTTP]&amp#27;[39m &amp#27;[90m&amp#27;[39m
12:25:52.387 [Forwarding isElementDisplayed on session 18063075-812d-4a4c-a6cd-30fbf03bc7bd to remote] DEBUG o.a.h.impl.execchain.MainClientExec - Connection can be kept alive indefinitely
12:25:52.388 [Forwarding isElementDisplayed on session 18063075-812d-4a4c-a6cd-30fbf03bc7bd to remote] DEBUG o.a.h.i.c.PoolingHttpClientConnectionManager - Connection [id: 20][route: {}->http://localhost:4723] can be kept alive indefinitely
12:25:52.388 [Forwarding isElementDisplayed on session 18063075-812d-4a4c-a6cd-30fbf03bc7bd to remote] DEBUG o.a.h.i.c.PoolingHttpClientConnectionManager - Connection released: [id: 20][route: {}->http://localhost:4723][total kept alive: 1; route allocated: 1 of 2000; total allocated: 1 of 2000]
12:25:52.388 [Forwarding findElement on session 18063075-812d-4a4c-a6cd-30fbf03bc7bd to remote] DEBUG o.a.h.c.protocol.RequestAddCookies - CookieSpec selected: default
12:25:52.388 [Forwarding findElement on session 18063075-812d-4a4c-a6cd-30fbf03bc7bd to remote] DEBUG o.a.h.c.protocol.RequestAuthCache - Auth cache not set in the context
12:25:52.388 [Forwarding findElement on session 18063075-812d-4a4c-a6cd-30fbf03bc7bd to remote] DEBUG o.a.h.i.c.PoolingHttpClientConnectionManager - Connection request: [route: {}->http://localhost:4723][total kept alive: 1; route allocated: 1 of 2000; total allocated: 1 of 2000]
12:25:52.388 [Forwarding findElement on session 18063075-812d-4a4c-a6cd-30fbf03bc7bd to remote] DEBUG o.a.h.i.c.PoolingHttpClientConnectionManager - Connection leased: [id: 20][route: {}->http://localhost:4723][total kept alive: 0; route allocated: 1 of 2000; total allocated: 1 of 2000]
12:25:52.388 [Forwarding findElement on session 18063075-812d-4a4c-a6cd-30fbf03bc7bd to remote] DEBUG o.a.h.impl.execchain.MainClientExec - Stale connection check
12:25:52.390 [Forwarding findElement on session 18063075-812d-4a4c-a6cd-30fbf03bc7bd to remote] DEBUG org.apache.http.wire - http-outgoing-20 << "[read] I/O error: Read timed out"
12:25:52.390 [Forwarding findElement on session 18063075-812d-4a4c-a6cd-30fbf03bc7bd to remote] DEBUG o.a.h.i.c.DefaultManagedHttpClientConnection - http-outgoing-20: set socket timeout to 10800000
12:25:52.390 [Forwarding findElement on session 18063075-812d-4a4c-a6cd-30fbf03bc7bd to remote] DEBUG o.a.h.impl.execchain.MainClientExec - Executing request POST /wd/hub/session/18063075-812d-4a4c-a6cd-30fbf03bc7bd/element HTTP/1.1
12:25:52.390 [Forwarding findElement on session 18063075-812d-4a4c-a6cd-30fbf03bc7bd to remote] DEBUG o.a.h.impl.execchain.MainClientExec - Target auth state: UNCHALLENGED
12:25:52.390 [Forwarding findElement on session 18063075-812d-4a4c-a6cd-30fbf03bc7bd to remote] DEBUG o.a.h.impl.execchain.MainClientExec - Proxy auth state: UNCHALLENGED
12:25:52.390 [Forwarding findElement on session 18063075-812d-4a4c-a6cd-30fbf03bc7bd to remote] DEBUG org.apache.http.headers - http-outgoing-20 >> POST /wd/hub/session/18063075-812d-4a4c-a6cd-30fbf03bc7bd/element HTTP/1.1
12:25:52.390 [Forwarding findElement on session 18063075-812d-4a4c-a6cd-30fbf03bc7bd to remote] DEBUG org.apache.http.headers - http-outgoing-20 >> Content-Type: application/json; charset=utf-8
12:25:52.390 [Forwarding findElement on session 18063075-812d-4a4c-a6cd-30fbf03bc7bd to remote] DEBUG org.apache.http.headers - http-outgoing-20 >> Content-Length: 32
12:25:52.390 [Forwarding findElement on session 18063075-812d-4a4c-a6cd-30fbf03bc7bd to remote] DEBUG org.apache.http.headers - http-outgoing-20 >> Host: localhost:4723
12:25:52.390 [Forwarding findElement on session 18063075-812d-4a4c-a6cd-30fbf03bc7bd to remote] DEBUG org.apache.http.headers - http-outgoing-20 >> Connection: Keep-Alive
12:25:52.390 [Forwarding findElement on session 18063075-812d-4a4c-a6cd-30fbf03bc7bd to remote] DEBUG org.apache.http.headers - http-outgoing-20 >> User-Agent: Apache-HttpClient/4.5.2 (Java/1.8.0_171)
12:25:52.390 [Forwarding findElement on session 18063075-812d-4a4c-a6cd-30fbf03bc7bd to remote] DEBUG org.apache.http.headers - http-outgoing-20 >> Accept-Encoding: gzip,deflate
12:25:52.390 [Forwarding findElement on session 18063075-812d-4a4c-a6cd-30fbf03bc7bd to remote] DEBUG org.apache.http.wire - http-outgoing-20 >> "POST /wd/hub/session/18063075-812d-4a4c-a6cd-30fbf03bc7bd/element HTTP/1.1[\r][\n]"
12:25:52.390 [Forwarding findElement on session 18063075-812d-4a4c-a6cd-30fbf03bc7bd to remote] DEBUG org.apache.http.wire - http-outgoing-20 >> "Content-Type: application/json; charset=utf-8[\r][\n]"
12:25:52.390 [Forwarding findElement on session 18063075-812d-4a4c-a6cd-30fbf03bc7bd to remote] DEBUG org.apache.http.wire - http-outgoing-20 >> "Content-Length: 32[\r][\n]"
12:25:52.390 [Forwarding findElement on session 18063075-812d-4a4c-a6cd-30fbf03bc7bd to remote] DEBUG org.apache.http.wire - http-outgoing-20 >> "Host: localhost:4723[\r][\n]"
12:25:52.390 [Forwarding findElement on session 18063075-812d-4a4c-a6cd-30fbf03bc7bd to remote] DEBUG org.apache.http.wire - http-outgoing-20 >> "Connection: Keep-Alive[\r][\n]"
12:25:52.390 [Forwarding findElement on session 18063075-812d-4a4c-a6cd-30fbf03bc7bd to remote] DEBUG org.apache.http.wire - http-outgoing-20 >> "User-Agent: Apache-HttpClient/4.5.2 (Java/1.8.0_171)[\r][\n]"
12:25:52.390 [Forwarding findElement on session 18063075-812d-4a4c-a6cd-30fbf03bc7bd to remote] DEBUG org.apache.http.wire - http-outgoing-20 >> "Accept-Encoding: gzip,deflate[\r][\n]"
12:25:52.390 [Forwarding findElement on session 18063075-812d-4a4c-a6cd-30fbf03bc7bd to remote] DEBUG org.apache.http.wire - http-outgoing-20 >> "[\r][\n]"
12:25:52.390 [Forwarding findElement on session 18063075-812d-4a4c-a6cd-30fbf03bc7bd to remote] DEBUG org.apache.http.wire - http-outgoing-20 >> "{"using":"id","value":"icon me"}"
&amp#27;[35m[HTTP]&amp#27;[39m &amp#27;[37m-->&amp#27;[39m &amp#27;[37mPOST&amp#27;[39m &amp#27;[37m/wd/hub/session/18063075-812d-4a4c-a6cd-30fbf03bc7bd/element&amp#27;[39m
&amp#27;[35m[HTTP]&amp#27;[39m &amp#27;[90m{"using":"id","value":"icon me"}&amp#27;[39m
12:25:52.885 [Forwarding findElement on session 18063075-812d-4a4c-a6cd-30fbf03bc7bd to remote] DEBUG org.apache.http.wire - http-outgoing-20 << "HTTP/1.1 200 OK[\r][\n]"
12:25:52.885 [Forwarding findElement on session 18063075-812d-4a4c-a6cd-30fbf03bc7bd to remote] DEBUG org.apache.http.wire - http-outgoing-20 << "X-Powered-By: Express[\r][\n]"
12:25:52.885 [Forwarding findElement on session 18063075-812d-4a4c-a6cd-30fbf03bc7bd to remote] DEBUG org.apache.http.wire - http-outgoing-20 << "Access-Control-Allow-Origin: *[\r][\n]"
12:25:52.885 [Forwarding findElement on session 18063075-812d-4a4c-a6cd-30fbf03bc7bd to remote] DEBUG org.apache.http.wire - http-outgoing-20 << "Access-Control-Allow-Methods: GET,POST,PUT,OPTIONS,DELETE[\r][\n]"
12:25:52.885 [Forwarding findElement on session 18063075-812d-4a4c-a6cd-30fbf03bc7bd to remote] DEBUG org.apache.http.wire - http-outgoing-20 << "Access-Control-Allow-Headers: origin, content-type, accept[\r][\n]"
12:25:52.885 [Forwarding findElement on session 18063075-812d-4a4c-a6cd-30fbf03bc7bd to remote] DEBUG org.apache.http.wire - http-outgoing-20 << "Vary: X-HTTP-Method-Override[\r][\n]"
12:25:52.885 [Forwarding findElement on session 18063075-812d-4a4c-a6cd-30fbf03bc7bd to remote] DEBUG org.apache.http.wire - http-outgoing-20 << "Content-Type: application/json; charset=utf-8[\r][\n]"
12:25:52.885 [Forwarding findElement on session 18063075-812d-4a4c-a6cd-30fbf03bc7bd to remote] DEBUG org.apache.http.wire - http-outgoing-20 << "Content-Length: 122[\r][\n]"
12:25:52.885 [Forwarding findElement on session 18063075-812d-4a4c-a6cd-30fbf03bc7bd to remote] DEBUG org.apache.http.wire - http-outgoing-20 << "ETag: W/"7a-/thejtkXUtgS4+BZtEvJ6HYU9UQ"[\r][\n]"
12:25:52.885 [Forwarding findElement on session 18063075-812d-4a4c-a6cd-30fbf03bc7bd to remote] DEBUG org.apache.http.wire - http-outgoing-20 << "Date: Fri, 23 Aug 2019 06:55:52 GMT[\r][\n]"
12:25:52.885 [Forwarding findElement on session 18063075-812d-4a4c-a6cd-30fbf03bc7bd to remote] DEBUG org.apache.http.wire - http-outgoing-20 << "Connection: keep-alive[\r][\n]"
12:25:52.885 [Forwarding findElement on session 18063075-812d-4a4c-a6cd-30fbf03bc7bd to remote] DEBUG org.apache.http.wire - http-outgoing-20 << "[\r][\n]"
12:25:52.885 [Forwarding findElement on session 18063075-812d-4a4c-a6cd-30fbf03bc7bd to remote] DEBUG org.apache.http.wire - http-outgoing-20 << "{"status":0,"value":{"ELEMENT":"2D000000-0000-0000-CF19-000000000000"},"sessionId":"18063075-812d-4a4c-a6cd-30fbf03bc7bd"}"
12:25:52.885 [Forwarding findElement on session 18063075-812d-4a4c-a6cd-30fbf03bc7bd to remote] DEBUG org.apache.http.headers - http-outgoing-20 << HTTP/1.1 200 OK
12:25:52.885 [Forwarding findElement on session 18063075-812d-4a4c-a6cd-30fbf03bc7bd to remote] DEBUG org.apache.http.headers - http-outgoing-20 << X-Powered-By: Express
12:25:52.885 [Forwarding findElement on session 18063075-812d-4a4c-a6cd-30fbf03bc7bd to remote] DEBUG org.apache.http.headers - http-outgoing-20 << Access-Control-Allow-Origin: *
12:25:52.885 [Forwarding findElement on session 18063075-812d-4a4c-a6cd-30fbf03bc7bd to remote] DEBUG org.apache.http.headers - http-outgoing-20 << Access-Control-Allow-Methods: GET,POST,PUT,OPTIONS,DELETE
12:25:52.885 [Forwarding findElement on session 18063075-812d-4a4c-a6cd-30fbf03bc7bd to remote] DEBUG org.apache.http.headers - http-outgoing-20 << Access-Control-Allow-Headers: origin, content-type, accept
&amp#27;[35m[HTTP]&amp#27;[39m &amp#27;[37m<-- POST /wd/hub/session/18063075-812d-12:25:52.885 [Forwarding findElement on session 18063075-812d-4a4c-a6cd-30fbf03bc7bd to remote] DEBUG org.apache.http.headers - http-outgoing-20 << Vary: X-HTTP-Method-Override
12:25:52.886 [Forwarding findElement on session 18063075-812d-4a4c-a6cd-30fbf03bc7bd to remote] DEBUG org.apache.http.headers - http-outgoing-20 << Content-Type: application/json; charset=utf-8
12:25:52.886 [Forwarding findElement on session 18063075-812d-4a4c-a6cd-30fbf03bc7bd to remote] DEBUG org.apache.http.headers - http-outgoing-20 << Content-Length: 122
4a4c-a6cd-30fbf03bc7bd/elemen12:25:52.886 [Forwarding findElement on session 18063075-812d-4a4c-a6cd-30fbf03bc7bd to remote] DEBUG org.apache.http.headers - http-outgoing-20 << ETag: W/"7a-/thejtkXUtgS4+BZtEvJ6HYU9UQ"
12:25:52.886 [Forwarding findElement on session 18063075-812d-4a4c-a6cd-30fbf03bc7bd to remote] DEBUG org.apache.http.headers - http-outgoing-20 << Date: Fri, 23 Aug 2019 06:55:52 GMT
12:25:52.886 [Forwarding findElement on session 18063075-812d-4a4c-a6cd-30fbf03bc7bd to remote] DEBUG org.apache.http.headers - http-outgoing-20 << Connection: keep-alive
t &amp#27;[39m12:25:52.886 [Forwarding findElement on session 18063075-812d-4a4c-a6cd-30fbf03bc7bd to remote] DEBUG o.a.h.impl.execchain.MainClientExec - Connection can be kept alive indefinitely
&amp#27;[32m200&amp#27;[39m &amp#27;[90m494 ms 12:25:52.886 [Forwarding findElement on session 18063075-812d-4a4c-a6cd-30fbf03bc7bd to remote] DEBUG o.a.h.i.c.PoolingHttpClientConnectionManager - Connection [id: 20][route: {}->http://localhost:4723] can be kept alive indefinitely
- 122&amp#27;[39m
12:25:52.886 [Forwarding findElement on session 18063075-812d-4a4c-a6cd-30fbf03bc7bd to remote] DEBUG o.a.h.i.c.PoolingHttpClientConnectionManager - Connection released: [id: 20][route: {}->http://localhost:4723][total kept alive: 1; route allocated: 1 of 2000; total allocated: 1 of 2000]
&amp#27;[35m[HTTP]&amp#27;[39m &amp#27;[90m&amp#27;[39m
12:25:52.887 [Forwarding isElementDisplayed on session 18063075-812d-4a4c-a6cd-30fbf03bc7bd to remote] DEBUG o.a.h.c.protocol.RequestAddCookies - CookieSpec selected: default
12:25:52.887 [Forwarding isElementDisplayed on session 18063075-812d-4a4c-a6cd-30fbf03bc7bd to remote] DEBUG o.a.h.c.protocol.RequestAuthCache - Auth cache not set in the context
12:25:52.887 [Forwarding isElementDisplayed on session 18063075-812d-4a4c-a6cd-30fbf03bc7bd to remote] DEBUG o.a.h.i.c.PoolingHttpClientConnectionManager - Connection request: [route: {}->http://localhost:4723][total kept alive: 1; route allocated: 1 of 2000; total allocated: 1 of 2000]
12:25:52.887 [Forwarding isElementDisplayed on session 18063075-812d-4a4c-a6cd-30fbf03bc7bd to remote] DEBUG o.a.h.i.c.PoolingHttpClientConnectionManager - Connection leased: [id: 20][route: {}->http://localhost:4723][total kept alive: 0; route allocated: 1 of 2000; total allocated: 1 of 2000]
12:25:52.887 [Forwarding isElementDisplayed on session 18063075-812d-4a4c-a6cd-30fbf03bc7bd to remote] DEBUG o.a.h.impl.execchain.MainClientExec - Stale connection check
12:25:52.889 [Forwarding isElementDisplayed on session 18063075-812d-4a4c-a6cd-30fbf03bc7bd to remote] DEBUG org.apache.http.wire - http-outgoing-20 << "[read] I/O error: Read timed out"
12:25:52.889 [Forwarding isElementDisplayed on session 18063075-812d-4a4c-a6cd-30fbf03bc7bd to remote] DEBUG o.a.h.i.c.DefaultManagedHttpClientConnection - http-outgoing-20: set socket timeout to 10800000
12:25:52.889 [Forwarding isElementDisplayed on session 18063075-812d-4a4c-a6cd-30fbf03bc7bd to remote] DEBUG o.a.h.impl.execchain.MainClientExec - Executing request GET /wd/hub/session/18063075-812d-4a4c-a6cd-30fbf03bc7bd/element/2D000000-0000-0000-CF19-000000000000/displayed HTTP/1.1
12:25:52.889 [Forwarding isElementDisplayed on session 18063075-812d-4a4c-a6cd-30fbf03bc7bd to remote] DEBUG o.a.h.impl.execchain.MainClientExec - Target auth state: UNCHALLENGED
12:25:52.889 [Forwarding isElementDisplayed on session 18063075-812d-4a4c-a6cd-30fbf03bc7bd to remote] DEBUG o.a.h.impl.execchain.MainClientExec - Proxy auth state: UNCHALLENGED
12:25:52.889 [Forwarding isElementDisplayed on session 18063075-812d-4a4c-a6cd-30fbf03bc7bd to remote] DEBUG org.apache.http.headers - http-outgoing-20 >> GET /wd/hub/session/18063075-812d-4a4c-a6cd-30fbf03bc7bd/element/2D000000-0000-0000-CF19-000000000000/displayed HTTP/1.1
12:25:52.889 [Forwarding isElementDisplayed on session 18063075-812d-4a4c-a6cd-30fbf03bc7bd to remote] DEBUG org.apache.http.headers - http-outgoing-20 >> Cache-Control: no-cache
12:25:52.889 [Forwarding isElementDisplayed on session 18063075-812d-4a4c-a6cd-30fbf03bc7bd to remote] DEBUG org.apache.http.headers - http-outgoing-20 >> Host: localhost:4723
12:25:52.889 [Forwarding isElementDisplayed on session 18063075-812d-4a4c-a6cd-30fbf03bc7bd to remote] DEBUG org.apache.http.headers - http-outgoing-20 >> Connection: Keep-Alive
12:25:52.889 [Forwarding isElementDisplayed on session 18063075-812d-4a4c-a6cd-30fbf03bc7bd to remote] DEBUG org.apache.http.headers - http-outgoing-20 >> User-Agent: Apache-HttpClient/4.5.2 (Java/1.8.0_171)
12:25:52.889 [Forwarding isElementDisplayed on session 18063075-812d-4a4c-a6cd-30fbf03bc7bd to remote] DEBUG org.apache.http.headers - http-outgoing-20 >> Accept-Encoding: gzip,deflate
12:25:52.889 [Forwarding isElementDisplayed on session 18063075-812d-4a4c-a6cd-30fbf03bc7bd to remote] DEBUG org.apache.http.wire - http-outgoing-20 >> "GET /wd/hub/session/18063075-812d-4a4c-a6cd-30fbf03bc7bd/element/2D000000-0000-0000-CF19-000000000000/displayed HTTP/1.1[\r][\n]"
12:25:52.889 [Forwarding isElementDisplayed on session 18063075-812d-4a4c-a6cd-30fbf03bc7bd to remote] DEBUG org.apache.http.wire - http-outgoing-20 >> "Cache-Control: no-cache[\r][\n]"
12:25:52.889 [Forwarding isElementDisplayed on session 18063075-812d-4a4c-a6cd-30fbf03bc7bd to remote] DEBUG org.apache.http.wire - http-outgoing-20 >> "Host: localhost:4723[\r][\n]"
12:25:52.889 [Forwarding isElementDisplayed on session 18063075-812d-4a4c-a6cd-30fbf03bc7bd to remote] DEBUG org.apache.http.wire - http-outgoing-20 >> "Connection: Keep-Alive[\r][\n]"
12:25:52.889 [Forwarding isElementDisplayed on session 18063075-812d-4a4c-a6cd-30fbf03bc7bd to remote] DEBUG org.apache.http.wire - http-outgoing-20 >> "User-Agent: Apache-HttpClient/4.5.2 (Java/1.8.0_171)[\r][\n]"
12:25:52.889 [Forwarding isElementDisplayed on session 18063075-812d-4a4c-a6cd-30fbf03bc7bd to remote] DEBUG org.apache.http.wire - http-outgoing-20 >> "Accept-Encoding: gzip,deflate[\r][\n]"
12:25:52.889 [Forwarding isElementDisplayed on session 18063075-812d-4a4c-a6cd-30fbf03bc7bd to remote] DEBUG org.apache.http.wire - http-outgoing-20 >> "[\r][\n]"
&amp#27;[35m[HTTP]&amp#27;[39m &amp#27;[37m-->&amp#27;[39m &amp#27;[37mGET&amp#27;[39m &amp#27;[37m/wd/hub/session/18063075-812d-4a4c-a6cd-30fbf03bc7bd/element/2D000000-0000-0000-CF19-000000000000/displayed&amp#27;[39m
&amp#27;[35m[HTTP]&amp#27;[39m &amp#27;[90m{}&amp#27;[39m
&amp#27;[35m[MJSONWP]&amp#27;[39m Driver proxy active, passing request on via HTTP proxy
&amp#27;[35m[JSONWP Proxy]&amp#27;[39m Replacing sessionId B74F9560-FF94-4D04-9569-9BCC996503BA with 18063075-812d-412:25:53.268 [Forwarding isElementDisplayed on session 18063075-812d-4a4c-a6cd-30fbf03bc7bd to remote] DEBUG org.apache.http.wire - http-outgoing-20 << "HTTP/1.1 200 OK[\r][\n]"
a4c-a6cd-30fbf03bc7bd
12:25:53.268 [Forwarding isElementDisplayed on session 18063075-812d-4a4c-a6cd-30fbf03bc7bd to remote] DEBUG org.apache.http.wire - http-outgoing-20 << "X-Powered-By: Express[\r][\n]"
&amp#27;[35m[HT12:25:53.269 [Forwarding isElementDisplayed on session 18063075-812d-4a4c-a6cd-30fbf03bc7bd to remote] DEBUG org.apache.http.wire - http-outgoing-20 << "Access-Control-Allow-Origin: *[\r][\n]"
TP12:25:53.269 [Forwarding isElementDisplayed on session 18063075-812d-4a4c-a6cd-30fbf03bc7bd to remote] DEBUG org.apache.http.wire - http-outgoing-20 << "Access-Control-Allow-Methods: GET,POST,PUT,OPTIONS,DELETE[\r][\n]"
]&amp#27;[12:25:53.269 [Forwarding isElementDisplayed on session 18063075-812d-4a4c-a6cd-30fbf03bc7bd to remote] DEBUG org.apache.http.wire - http-outgoing-20 << "Access-Control-Allow-Headers: origin, content-type, accept[\r][\n]"
12:25:53.269 [Forwarding isElementDisplayed on session 18063075-812d-4a4c-a6cd-30fbf03bc7bd to remote] DEBUG org.apache.http.wire - http-outgoing-20 << "Content-Type: application/json; charset=utf-8[\r][\n]"
12:25:53.269 [Forwarding isElementDisplayed on session 18063075-812d-4a4c-a6cd-30fbf03bc7bd to remote] DEBUG org.apache.http.wire - http-outgoing-20 << "Content-Length: 76[\r][\n]"
39m &amp#27;[37m<-- GET /wd/hub/session/18063075-812d-4a4c-a6cd-30fbf03bc7bd/element/2D00012:25:53.269 [Forwarding isElementDisplayed on session 18063075-812d-4a4c-a6cd-30fbf03bc7bd to remote] DEBUG org.apache.http.wire - http-outgoing-20 << "ETag: W/"4c-Y7k244UeXncxktz3h+rJR8RJids"[\r][\n]"
12:25:53.269 [Forwarding isElementDisplayed on session 18063075-812d-4a4c-a6cd-30fbf03bc7bd to remote] DEBUG org.apache.http.wire - http-outgoing-20 << "Date: Fri, 23 Aug 2019 06:55:53 GMT[\r][\n]"
000-0000-0000-CF19-000000000000/displayed &amp#27;[39m12:25:53.269 [Forwarding isElementDisplayed on session 18063075-812d-4a4c-a6cd-30fbf03bc7bd to remote] DEBUG org.apache.http.wire - http-outgoing-20 << "Connection: keep-alive[\r][\n]"
&amp#27;[32m200&amp#27;[39m &amp#27;[90m312:25:53.270 [Forwarding isElementDisplayed on session 18063075-812d-4a4c-a6cd-30fbf03bc7bd to remote] DEBUG org.apache.http.wire - http-outgoing-20 << "[\r][\n]"
78 ms - 76&amp#27;[39m
12:25:53.270 [Forwarding isElementDisplayed on session 18063075-812d-4a4c-a6cd-30fbf03bc7bd to remote] DEBUG org.apache.http.wire - http-outgoing-20 << "{"value":true,"sessionId":"18063075-812d-4a4c-a6cd-30fbf03bc7bd","status":0}"
&amp#27;[12:25:53.270 [Forwarding isElementDisplayed on session 18063075-812d-4a4c-a6cd-30fbf03bc7bd to remote] DEBUG org.apache.http.headers - http-outgoing-20 << HTTP/1.1 200 OK
35m[HTTP]&amp#27;[39m &amp#27;[90m&amp#27;[39m
12:25:53.270 [Forwarding isElementDisplayed on session 18063075-812d-4a4c-a6cd-30fbf03bc7bd to remote] DEBUG org.apache.http.headers - http-outgoing-20 << X-Powered-By: Express
12:25:53.270 [Forwarding isElementDisplayed on session 18063075-812d-4a4c-a6cd-30fbf03bc7bd to remote] DEBUG org.apache.http.headers - http-outgoing-20 << Access-Control-Allow-Origin: *
12:25:53.270 [Forwarding isElementDisplayed on session 18063075-812d-4a4c-a6cd-30fbf03bc7bd to remote] DEBUG org.apache.http.headers - http-outgoing-20 << Access-Control-Allow-Methods: GET,POST,PUT,OPTIONS,DELETE
12:25:53.270 [Forwarding isElementDisplayed on session 18063075-812d-4a4c-a6cd-30fbf03bc7bd to remote] DEBUG org.apache.http.headers - http-outgoing-20 << Access-Control-Allow-Headers: origin, content-type, accept
12:25:53.270 [Forwarding isElementDisplayed on session 18063075-812d-4a4c-a6cd-30fbf03bc7bd to remote] DEBUG org.apache.http.headers - http-outgoing-20 << Content-Type: application/json; charset=utf-8
12:25:53.270 [Forwarding isElementDisplayed on session 18063075-812d-4a4c-a6cd-30fbf03bc7bd to remote] DEBUG org.apache.http.headers - http-outgoing-20 << Content-Length: 76
12:25:53.270 [Forwarding isElementDisplayed on session 18063075-812d-4a4c-a6cd-30fbf03bc7bd to remote] DEBUG org.apache.http.headers - http-outgoing-20 << ETag: W/"4c-Y7k244UeXncxktz3h+rJR8RJids"
12:25:53.270 [Forwarding isElementDisplayed on session 18063075-812d-4a4c-a6cd-30fbf03bc7bd to remote] DEBUG org.apache.http.headers - http-outgoing-20 << Date: Fri, 23 Aug 2019 06:55:53 GMT
12:25:53.270 [Forwarding isElementDisplayed on session 18063075-812d-4a4c-a6cd-30fbf03bc7bd to remote] DEBUG org.apache.http.headers - http-outgoing-20 << Connection: keep-alive
12:25:53.270 [Forwarding isElementDisplayed on session 18063075-812d-4a4c-a6cd-30fbf03bc7bd to remote] DEBUG o.a.h.impl.execchain.MainClientExec - Connection can be kept alive indefinitely
12:25:53.270 [Forwarding isElementDisplayed on session 18063075-812d-4a4c-a6cd-30fbf03bc7bd to remote] DEBUG o.a.h.i.c.PoolingHttpClientConnectionManager - Connection [id: 20][route: {}->http://localhost:4723] can be kept alive indefinitely
12:25:53.271 [Forwarding isElementDisplayed on session 18063075-812d-4a4c-a6cd-30fbf03bc7bd to remote] DEBUG o.a.h.i.c.PoolingHttpClientConnectionManager - Connection released: [id: 20][route: {}->http://localhost:4723][total kept alive: 1; route allocated: 1 of 2000; total allocated: 1 of 2000]
12:25:53.271 [Forwarding findElement on session 18063075-812d-4a4c-a6cd-30fbf03bc7bd to remote] DEBUG o.a.h.c.protocol.RequestAddCookies - CookieSpec selected: default
12:25:53.271 [Forwarding findElement on session 18063075-812d-4a4c-a6cd-30fbf03bc7bd to remote] DEBUG o.a.h.c.protocol.RequestAuthCache - Auth cache not set in the context
12:25:53.271 [Forwarding findElement on session 18063075-812d-4a4c-a6cd-30fbf03bc7bd to remote] DEBUG o.a.h.i.c.PoolingHttpClientConnectionManager - Connection request: [route: {}->http://localhost:4723][total kept alive: 1; route allocated: 1 of 2000; total allocated: 1 of 2000]
12:25:53.271 [Forwarding findElement on session 18063075-812d-4a4c-a6cd-30fbf03bc7bd to remote] DEBUG o.a.h.i.c.PoolingHttpClientConnectionManager - Connection leased: [id: 20][route: {}->http://localhost:4723][total kept alive: 0; route allocated: 1 of 2000; total allocated: 1 of 2000]
12:25:53.271 [Forwarding findElement on session 18063075-812d-4a4c-a6cd-30fbf03bc7bd to remote] DEBUG o.a.h.impl.execchain.MainClientExec - Stale connection check
12:25:53.273 [Forwarding findElement on session 18063075-812d-4a4c-a6cd-30fbf03bc7bd to remote] DEBUG org.apache.http.wire - http-outgoing-20 << "[read] I/O error: Read timed out"
12:25:53.273 [Forwarding findElement on session 18063075-812d-4a4c-a6cd-30fbf03bc7bd to remote] DEBUG o.a.h.i.c.DefaultManagedHttpClientConnection - http-outgoing-20: set socket timeout to 10800000
12:25:53.273 [Forwarding findElement on session 18063075-812d-4a4c-a6cd-30fbf03bc7bd to remote] DEBUG o.a.h.impl.execchain.MainClientExec - Executing request POST /wd/hub/session/18063075-812d-4a4c-a6cd-30fbf03bc7bd/element HTTP/1.1
12:25:53.273 [Forwarding findElement on session 18063075-812d-4a4c-a6cd-30fbf03bc7bd to remote] DEBUG o.a.h.impl.execchain.MainClientExec - Target auth state: UNCHALLENGED
12:25:53.273 [Forwarding findElement on session 18063075-812d-4a4c-a6cd-30fbf03bc7bd to remote] DEBUG o.a.h.impl.execchain.MainClientExec - Proxy auth state: UNCHALLENGED
12:25:53.273 [Forwarding findElement on session 18063075-812d-4a4c-a6cd-30fbf03bc7bd to remote] DEBUG org.apache.http.headers - http-outgoing-20 >> POST /wd/hub/session/18063075-812d-4a4c-a6cd-30fbf03bc7bd/element HTTP/1.1
12:25:53.273 [Forwarding findElement on session 18063075-812d-4a4c-a6cd-30fbf03bc7bd to remote] DEBUG org.apache.http.headers - http-outgoing-20 >> Content-Type: application/json; charset=utf-8
12:25:53.273 [Forwarding findElement on session 18063075-812d-4a4c-a6cd-30fbf03bc7bd to remote] DEBUG org.apache.http.headers - http-outgoing-20 >> Content-Length: 32
12:25:53.273 [Forwarding findElement on session 18063075-812d-4a4c-a6cd-30fbf03bc7bd to remote] DEBUG org.apache.http.headers - http-outgoing-20 >> Host: localhost:4723
12:25:53.273 [Forwarding findElement on session 18063075-812d-4a4c-a6cd-30fbf03bc7bd to remote] DEBUG org.apache.http.headers - http-outgoing-20 >> Connection: Keep-Alive
12:25:53.273 [Forwarding findElement on session 18063075-812d-4a4c-a6cd-30fbf03bc7bd to remote] DEBUG org.apache.http.headers - http-outgoing-20 >> User-Agent: Apache-HttpClient/4.5.2 (Java/1.8.0_171)
12:25:53.273 [Forwarding findElement on session 18063075-812d-4a4c-a6cd-30fbf03bc7bd to remote] DEBUG org.apache.http.headers - http-outgoing-20 >> Accept-Encoding: gzip,deflate
12:25:53.273 [Forwarding findElement on session 18063075-812d-4a4c-a6cd-30fbf03bc7bd to remote] DEBUG org.apache.http.wire - http-outgoing-20 >> "POST /wd/hub/session/18063075-812d-4a4c-a6cd-30fbf03bc7bd/element HTTP/1.1[\r][\n]"
12:25:53.273 [Forwarding findElement on session 18063075-812d-4a4c-a6cd-30fbf03bc7bd to remote] DEBUG org.apache.http.wire - http-outgoing-20 >> "Content-Type: application/json; charset=utf-8[\r][\n]"
12:25:53.273 [Forwarding findElement on session 18063075-812d-4a4c-a6cd-30fbf03bc7bd to remote] DEBUG org.apache.http.wire - http-outgoing-20 >> "Content-Length: 32[\r][\n]"
12:25:53.273 [Forwarding findElement on session 18063075-812d-4a4c-a6cd-30fbf03bc7bd to remote] DEBUG org.apache.http.wire - http-outgoing-20 >> "Host: localhost:4723[\r][\n]"
12:25:53.273 [Forwarding findElement on session 18063075-812d-4a4c-a6cd-30fbf03bc7bd to remote] DEBUG org.apache.http.wire - http-outgoing-20 >> "Connection: Keep-Alive[\r][\n]"
12:25:53.273 [Forwarding findElement on session 18063075-812d-4a4c-a6cd-30fbf03bc7bd to remote] DEBUG org.apache.http.wire - http-outgoing-20 >> "User-Agent: Apache-HttpClient/4.5.2 (Java/1.8.0_171)[\r][\n]"
12:25:53.273 [Forwarding findElement on session 18063075-812d-4a4c-a6cd-30fbf03bc7bd to remote] DEBUG org.apache.http.wire - http-outgoing-20 >> "Accept-Encoding: gzip,deflate[\r][\n]"
12:25:53.273 [Forwarding findElement on session 18063075-812d-4a4c-a6cd-30fbf03bc7bd to remote] DEBUG org.apache.http.wire - http-outgoing-20 >> "[\r][\n]"
12:25:53.273 [Forwarding findElement on session 18063075-812d-4a4c-a6cd-30fbf03bc7bd to remote] DEBUG org.apache.http.wire - http-outgoing-20 >> "{"using":"id","value":"icon me"}"
&amp#27;[35m[HTTP]&amp#27;[39m &amp#27;[37m-->&amp#27;[39m &amp#27;[37mPOST&amp#27;[39m &amp#27;[37m/wd/hub/session/18063075-812d-4a4c-a6cd-30fbf03bc7bd/element&amp#27;[39m
&amp#27;[35m[HTTP]&amp#27;[39m &amp#27;[90m{"using":"id","value":"icon me"}&amp#27;[39m
12:25:53.758 [Forwarding findElement on session 18063075-812d-4a4c-a6cd-30fbf03bc7bd to remote] DEBUG org.apache.http.wire - http-outgoing-20 << "HTTP/1.1 200 OK[\r][\n]"
12:25:53.758 [Forwarding findElement on session 18063075-812d-4a4c-a6cd-30fbf03bc7bd to remote] DEBUG org.apache.http.wire - http-outgoing-20 << "X-Powered-By: Express[\r][\n]"
12:25:53.758 [Forwarding findElement on session 18063075-812d-4a4c-a6cd-30fbf03bc7bd to remote] DEBUG org.apache.http.wire - http-outgoing-20 << "Access-Control-Allow-Origin: *[\r][\n]"
12:25:53.758 [Forwarding findElement on session 18063075-812d-4a4c-a6cd-30fbf03bc7bd to remote] DEBUG org.apache.http.wire - http-outgoing-20 << "Access-Control-Allow-Methods: GET,POST,PUT,OPTIONS,DELETE[\r][\n]"
12:25:53.758 [Forwarding findElement on session 18063075-812d-4a4c-a6cd-30fbf03bc7bd to remote] DEBUG org.apache.http.wire - http-outgoing-20 << "Access-Control-Allow-Headers: origin, content-type, accept[\r][\n]"
12:25:53.758 [Forwarding findElement on session 18063075-812d-4a4c-a6cd-30fbf03bc7bd to remote] DEBUG org.apache.http.wire - http-outgoing-20 << "Vary: X-HTTP-Method-Override[\r][\n]"
12:25:53.758 [Forwarding findElement on session 18063075-812d-4a4c-a6cd-30fbf03bc7bd to remote] DEBUG org.apache.http.wire - http-outgoing-20 << "Content-Type: application/json; charset=utf-8[\r][\n]"
12:25:53.758 [Forwarding findElement on session 18063075-812d-4a4c-a6cd-30fbf03bc7bd to remote] DEBUG org.apache.http.wire - http-outgoing-20 << "Content-Length: 122[\r][\n]"
12:25:53.758 [Forwarding findElement on session 18063075-812d-4a4c-a6cd-30fbf03bc7bd to remote] DEBUG org.apache.http.wire - http-outgoing-20 << "ETag: W/"7a-/thejtkXUtgS4+BZtEvJ6HYU9UQ"[\r][\n]"
12:25:53.758 [Forwarding findElement on session 18063075-812d-4a4c-a6cd-30fbf03bc7bd to remote] DEBUG org.apache.http.wire - http-outgoing-20 << "Date: Fri, 23 Aug 2019 06:55:53 GMT[\r][\n]"
12:25:53.758 [Forwarding findElement on session 18063075-812d-4a4c-a6cd-30fbf03bc7bd to remote] DEBUG org.apache.http.wire - http-outgoing-20 << "Connection: keep-alive[\r][\n]"
12:25:53.758 [Forwarding findElement on session 18063075-812d-4a4c-a6cd-30fbf03bc7bd to remote] DEBUG org.apache.http.wire - http-outgoing-20 << "[\r][\n]"
12:25:53.758 [Forwarding findElement on session 18063075-812d-4a4c-a6cd-30fbf03bc7bd to remote] DEBUG org.apache.http.wire - http-outgoing-20 << "{"status":0,"value":{"ELEMENT":"2D000000-0000-0000-CF19-000000000000"},"sessionId":"18063075-812d-4a4c-a6cd-30fbf03bc7bd"}"
&amp#27;12:25:53.758 [Forwarding findElement on session 18063075-812d-4a4c-a6cd-30fbf03bc7bd to remote] DEBUG org.apache.http.headers - http-outgoing-20 << HTTP/1.1 200 OK
[35m[HTTP]&amp#27;[39m &amp#27;[37m<-- POST /wd/hub/session/1812:25:53.758 [Forwarding findElement on session 18063075-812d-4a4c-a6cd-30fbf03bc7bd to remote] DEBUG org.apache.http.headers - http-outgoing-20 << X-Powered-By: Express
063075-812d-4a4c-a6c12:25:53.759 [Forwarding findElement on session 18063075-812d-4a4c-a6cd-30fbf03bc7bd to remote] DEBUG org.apache.http.headers - http-outgoing-20 << Access-Control-Allow-Origin: *
12:25:53.759 [Forwarding findElement on session 18063075-812d-4a4c-a6cd-30fbf03bc7bd to remote] DEBUG org.apache.http.headers - http-outgoing-20 << Access-Control-Allow-Methods: GET,POST,PUT,OPTIONS,DELETE
12:25:53.759 [Forwarding findElement on session 18063075-812d-4a4c-a6cd-30fbf03bc7bd to remote] DEBUG org.apache.http.headers - http-outgoing-20 << Access-Control-Allow-Headers: origin, content-type, accept
12:25:53.759 [Forwarding findElement on session 18063075-812d-4a4c-a6cd-30fbf03bc7bd to remote] DEBUG org.apache.http.headers - http-outgoing-20 << Vary: X-HTTP-Method-Override
12:25:53.759 [Forwarding findElement on session 18063075-812d-4a4c-a6cd-30fbf03bc7bd to remote] DEBUG org.apache.http.headers - http-outgoing-20 << Content-Type: application/json; charset=utf-8
12:25:53.759 [Forwarding findElement on session 18063075-812d-4a4c-a6cd-30fbf03bc7bd to remote] DEBUG org.apache.http.headers - http-outgoing-20 << Content-Length: 122
12:25:53.759 [Forwarding findElement on session 18063075-812d-4a4c-a6cd-30fbf03bc7bd to remote] DEBUG org.apache.http.headers - http-outgoing-20 << ETag: W/"7a-/thejtkXUtgS4+BZtEvJ6HYU9UQ"
12:25:53.759 [Forwarding findElement on session 18063075-812d-4a4c-a6cd-30fbf03bc7bd to remote] DEBUG org.apache.http.headers - http-outgoing-20 << Date: Fri, 23 Aug 2019 06:55:53 GMT
12:25:53.759 [Forwarding findElement on session 18063075-812d-4a4c-a6cd-30fbf03bc7bd to remote] DEBUG org.apache.http.headers - http-outgoing-20 << Connection: keep-alive
d-30fbf12:25:53.759 [Forwarding findElement on session 18063075-812d-4a4c-a6cd-30fbf03bc7bd to remote] DEBUG o.a.h.impl.execchain.MainClientExec - Connection can be kept alive indefinitely
03bc7bd/element &amp#27;[39m&amp#27;[32m200&amp#27;[39m12:25:53.759 [Forwarding findElement on session 18063075-812d-4a4c-a6cd-30fbf03bc7bd to remote] DEBUG o.a.h.i.c.PoolingHttpClientConnectionManager - Connection [id: 20][route: {}->http://localhost:4723] can be kept alive indefinitely
 &amp#27;[90m4812:25:53.760 [Forwarding findElement on session 18063075-812d-4a4c-a6cd-30fbf03bc7bd to remote] DEBUG o.a.h.i.c.PoolingHttpClientConnectionManager - Connection released: [id: 20][route: {}->http://localhost:4723][total kept alive: 1; route allocated: 1 of 2000; total allocated: 1 of 2000]
5 ms - 122&amp#27;[39m
&amp#27;[35m[HTTP]&amp#27;[39m &amp#27;[90m&amp#27;[39m
12:25:53.760 [Forwarding isElementDisplayed on session 18063075-812d-4a4c-a6cd-30fbf03bc7bd to remote] DEBUG o.a.h.c.protocol.RequestAddCookies - CookieSpec selected: default
12:25:53.760 [Forwarding isElementDisplayed on session 18063075-812d-4a4c-a6cd-30fbf03bc7bd to remote] DEBUG o.a.h.c.protocol.RequestAuthCache - Auth cache not set in the context
12:25:53.760 [Forwarding isElementDisplayed on session 18063075-812d-4a4c-a6cd-30fbf03bc7bd to remote] DEBUG o.a.h.i.c.PoolingHttpClientConnectionManager - Connection request: [route: {}->http://localhost:4723][total kept alive: 1; route allocated: 1 of 2000; total allocated: 1 of 2000]
12:25:53.760 [Forwarding isElementDisplayed on session 18063075-812d-4a4c-a6cd-30fbf03bc7bd to remote] DEBUG o.a.h.i.c.PoolingHttpClientConnectionManager - Connection leased: [id: 20][route: {}->http://localhost:4723][total kept alive: 0; route allocated: 1 of 2000; total allocated: 1 of 2000]
12:25:53.760 [Forwarding isElementDisplayed on session 18063075-812d-4a4c-a6cd-30fbf03bc7bd to remote] DEBUG o.a.h.impl.execchain.MainClientExec - Stale connection check
12:25:53.762 [Forwarding isElementDisplayed on session 18063075-812d-4a4c-a6cd-30fbf03bc7bd to remote] DEBUG org.apache.http.wire - http-outgoing-20 << "[read] I/O error: Read timed out"
12:25:53.762 [Forwarding isElementDisplayed on session 18063075-812d-4a4c-a6cd-30fbf03bc7bd to remote] DEBUG o.a.h.i.c.DefaultManagedHttpClientConnection - http-outgoing-20: set socket timeout to 10800000
12:25:53.762 [Forwarding isElementDisplayed on session 18063075-812d-4a4c-a6cd-30fbf03bc7bd to remote] DEBUG o.a.h.impl.execchain.MainClientExec - Executing request GET /wd/hub/session/18063075-812d-4a4c-a6cd-30fbf03bc7bd/element/2D000000-0000-0000-CF19-000000000000/displayed HTTP/1.1
12:25:53.762 [Forwarding isElementDisplayed on session 18063075-812d-4a4c-a6cd-30fbf03bc7bd to remote] DEBUG o.a.h.impl.execchain.MainClientExec - Target auth state: UNCHALLENGED
12:25:53.762 [Forwarding isElementDisplayed on session 18063075-812d-4a4c-a6cd-30fbf03bc7bd to remote] DEBUG o.a.h.impl.execchain.MainClientExec - Proxy auth state: UNCHALLENGED
12:25:53.762 [Forwarding isElementDisplayed on session 18063075-812d-4a4c-a6cd-30fbf03bc7bd to remote] DEBUG org.apache.http.headers - http-outgoing-20 >> GET /wd/hub/session/18063075-812d-4a4c-a6cd-30fbf03bc7bd/element/2D000000-0000-0000-CF19-000000000000/displayed HTTP/1.1
12:25:53.762 [Forwarding isElementDisplayed on session 18063075-812d-4a4c-a6cd-30fbf03bc7bd to remote] DEBUG org.apache.http.headers - http-outgoing-20 >> Cache-Control: no-cache
12:25:53.762 [Forwarding isElementDisplayed on session 18063075-812d-4a4c-a6cd-30fbf03bc7bd to remote] DEBUG org.apache.http.headers - http-outgoing-20 >> Host: localhost:4723
12:25:53.762 [Forwarding isElementDisplayed on session 18063075-812d-4a4c-a6cd-30fbf03bc7bd to remote] DEBUG org.apache.http.headers - http-outgoing-20 >> Connection: Keep-Alive
12:25:53.762 [Forwarding isElementDisplayed on session 18063075-812d-4a4c-a6cd-30fbf03bc7bd to remote] DEBUG org.apache.http.headers - http-outgoing-20 >> User-Agent: Apache-HttpClient/4.5.2 (Java/1.8.0_171)
12:25:53.762 [Forwarding isElementDisplayed on session 18063075-812d-4a4c-a6cd-30fbf03bc7bd to remote] DEBUG org.apache.http.headers - http-outgoing-20 >> Accept-Encoding: gzip,deflate
12:25:53.762 [Forwarding isElementDisplayed on session 18063075-812d-4a4c-a6cd-30fbf03bc7bd to remote] DEBUG org.apache.http.wire - http-outgoing-20 >> "GET /wd/hub/session/18063075-812d-4a4c-a6cd-30fbf03bc7bd/element/2D000000-0000-0000-CF19-000000000000/displayed HTTP/1.1[\r][\n]"
12:25:53.762 [Forwarding isElementDisplayed on session 18063075-812d-4a4c-a6cd-30fbf03bc7bd to remote] DEBUG org.apache.http.wire - http-outgoing-20 >> "Cache-Control: no-cache[\r][\n]"
12:25:53.762 [Forwarding isElementDisplayed on session 18063075-812d-4a4c-a6cd-30fbf03bc7bd to remote] DEBUG org.apache.http.wire - http-outgoing-20 >> "Host: localhost:4723[\r][\n]"
12:25:53.762 [Forwarding isElementDisplayed on session 18063075-812d-4a4c-a6cd-30fbf03bc7bd to remote] DEBUG org.apache.http.wire - http-outgoing-20 >> "Connection: Keep-Alive[\r][\n]"
12:25:53.762 [Forwarding isElementDisplayed on session 18063075-812d-4a4c-a6cd-30fbf03bc7bd to remote] DEBUG org.apache.http.wire - http-outgoing-20 >> "User-Agent: Apache-HttpClient/4.5.2 (Java/1.8.0_171)[\r][\n]"
12:25:53.762 [Forwarding isElementDisplayed on session 18063075-812d-4a4c-a6cd-30fbf03bc7bd to remote] DEBUG org.apache.http.wire - http-outgoing-20 >> "Accept-Encoding: gzip,deflate[\r][\n]"
12:25:53.762 [Forwarding isElementDisplayed on session 18063075-812d-4a4c-a6cd-30fbf03bc7bd to remote] DEBUG org.apache.http.wire - http-outgoing-20 >> "[\r][\n]"
&amp#27;[35m[HTTP]&amp#27;[39m &amp#27;[37m-->&amp#27;[39m &amp#27;[37mGET&amp#27;[39m &amp#27;[37m/wd/hub/session/18063075-812d-4a4c-a6cd-30fbf03bc7bd/element/2D000000-0000-0000-CF19-000000000000/displayed&amp#27;[39m
&amp#27;[35m[HTTP]&amp#27;[39m &amp#27;[90m{}&amp#27;[39m
&amp#27;[35m[MJSONWP]&amp#27;[39m Driver proxy active, passing request on via HTTP proxy
&amp#27;[35m[JSONWP Proxy]&amp#27;[39m Replacing sessionId B74F9560-FF912:25:54.140 [Forwarding isElementDisplayed on session 18063075-812d-4a4c-a6cd-30fbf03bc7bd to remote] DEBUG org.apache.http.wire - http-outgoing-20 << "HTTP/1.1 200 OK[\r][\n]"
4-4D04-9512:25:54.140 [Forwarding isElementDisplayed on session 18063075-812d-4a4c-a6cd-30fbf03bc7bd to remote] DEBUG org.apache.http.wire - http-outgoing-20 << "X-Powered-By: Express[\r][\n]"
69-9BCC996503BA with 18063075-812d-4a4c-a6cd-30fbf03bc7bd
12:25:54.140 [Forwarding isElementDisplayed on session 18063075-812d-4a4c-a6cd-30fbf03bc7bd to remote] DEBUG org.apache.http.wire - http-outgoing-20 << "Access-Control-Allow-Origin: *[\r][\n]"
12:25:54.140 [Forwarding isElementDisplayed on session 18063075-812d-4a4c-a6cd-30fbf03bc7bd to remote] DEBUG org.apache.http.wire - http-outgoing-20 << "Access-Control-Allow-Methods: GET,POST,PUT,OPTIONS,DELETE[\r][\n]"
12:25:54.140 [Forwarding isElementDisplayed on session 18063075-812d-4a4c-a6cd-30fbf03bc7bd to remote] DEBUG org.apache.http.wire - http-outgoing-20 << "Access-Control-Allow-Headers: origin, content-type, accept[\r][\n]"
12:25:54.140 [Forwarding isElementDisplayed on session 18063075-812d-4a4c-a6cd-30fbf03bc7bd to remote] DEBUG org.apache.http.wire - http-outgoing-20 << "Content-Type: application/json; charset=utf-8[\r][\n]"
&amp#27;[35m[HTTP]&amp#27;[39m &amp#27;[12:25:54.140 [Forwarding isElementDisplayed on session 18063075-812d-4a4c-a6cd-30fbf03bc7bd to remote] DEBUG org.apache.http.wire - http-outgoing-20 << "Content-Length: 76[\r][\n]"
37m<-- GET /wd/hub12:25:54.141 [Forwarding isElementDisplayed on session 18063075-812d-4a4c-a6cd-30fbf03bc7bd to remote] DEBUG org.apache.http.wire - http-outgoing-20 << "ETag: W/"4c-Y7k244UeXncxktz3h+rJR8RJids"[\r][\n]"
12:25:54.141 [Forwarding isElementDisplayed on session 18063075-812d-4a4c-a6cd-30fbf03bc7bd to remote] DEBUG org.apache.http.wire - http-outgoing-20 << "Date: Fri, 23 Aug 2019 06:55:54 GMT[\r][\n]"
/session/18063075-812d-4a12:25:54.141 [Forwarding isElementDisplayed on session 18063075-812d-4a4c-a6cd-30fbf03bc7bd to remote] DEBUG org.apache.http.wire - http-outgoing-20 << "Connection: keep-alive[\r][\n]"
12:25:54.141 [Forwarding isElementDisplayed on session 18063075-812d-4a4c-a6cd-30fbf03bc7bd to remote] DEBUG org.apache.http.wire - http-outgoing-20 << "[\r][\n]"
4c12:25:54.141 [Forwarding isElementDisplayed on session 18063075-812d-4a4c-a6cd-30fbf03bc7bd to remote] DEBUG org.apache.http.wire - http-outgoing-20 << "{"value":true,"sessionId":"18063075-812d-4a4c-a6cd-30fbf03bc7bd","status":0}"
-a6c12:25:54.141 [Forwarding isElementDisplayed on session 18063075-812d-4a4c-a6cd-30fbf03bc7bd to remote] DEBUG org.apache.http.headers - http-outgoing-20 << HTTP/1.1 200 OK
d-30fbf03bc7bd/element/2D000000-0000-0000-12:25:54.141 [Forwarding isElementDisplayed on session 18063075-812d-4a4c-a6cd-30fbf03bc7bd to remote] DEBUG org.apache.http.headers - http-outgoing-20 << X-Powered-By: Express
12:25:54.141 [Forwarding isElementDisplayed on session 18063075-812d-4a4c-a6cd-30fbf03bc7bd to remote] DEBUG org.apache.http.headers - http-outgoing-20 << Access-Control-Allow-Origin: *
12:25:54.141 [Forwarding isElementDisplayed on session 18063075-812d-4a4c-a6cd-30fbf03bc7bd to remote] DEBUG org.apache.http.headers - http-outgoing-20 << Access-Control-Allow-Methods: GET,POST,PUT,OPTIONS,DELETE
12:25:54.141 [Forwarding isElementDisplayed on session 18063075-812d-4a4c-a6cd-30fbf03bc7bd to remote] DEBUG org.apache.http.headers - http-outgoing-20 << Access-Control-Allow-Headers: origin, content-type, accept
12:25:54.141 [Forwarding isElementDisplayed on session 18063075-812d-4a4c-a6cd-30fbf03bc7bd to remote] DEBUG org.apache.http.headers - http-outgoing-20 << Content-Type: application/json; charset=utf-8
12:25:54.141 [Forwarding isElementDisplayed on session 18063075-812d-4a4c-a6cd-30fbf03bc7bd to remote] DEBUG org.apache.http.headers - http-outgoing-20 << Content-Length: 76
12:25:54.141 [Forwarding isElementDisplayed on session 18063075-812d-4a4c-a6cd-30fbf03bc7bd to remote] DEBUG org.apache.http.headers - http-outgoing-20 << ETag: W/"4c-Y7k244UeXncxktz3h+rJR8RJids"
12:25:54.141 [Forwarding isElementDisplayed on session 18063075-812d-4a4c-a6cd-30fbf03bc7bd to remote] DEBUG org.apache.http.headers - http-outgoing-20 << Date: Fri, 23 Aug 2019 06:55:54 GMT
CF19-00000012:25:54.141 [Forwarding isElementDisplayed on session 18063075-812d-4a4c-a6cd-30fbf03bc7bd to remote] DEBUG org.apache.http.headers - http-outgoing-20 << Connection: keep-alive
000000/displayed &amp#27;[39m&amp#27;[32m200&amp#27;[39m &amp#27;12:25:54.141 [Forwarding isElementDisplayed on session 18063075-812d-4a4c-a6cd-30fbf03bc7bd to remote] DEBUG o.a.h.impl.execchain.MainClientExec - Connection can be kept alive indefinitely
[90m377 ms - 76&amp#27;[39m
&amp#27;[35m[HTTP]&amp#27;[39m &amp#27;[90m&amp#27;[39m
12:25:54.142 [Forwarding isElementDisplayed on session 18063075-812d-4a4c-a6cd-30fbf03bc7bd to remote] DEBUG o.a.h.i.c.PoolingHttpClientConnectionManager - Connection [id: 20][route: {}->http://localhost:4723] can be kept alive indefinitely
12:25:54.142 [Forwarding isElementDisplayed on session 18063075-812d-4a4c-a6cd-30fbf03bc7bd to remote] DEBUG o.a.h.i.c.PoolingHttpClientConnectionManager - Connection released: [id: 20][route: {}->http://localhost:4723][total kept alive: 1; route allocated: 1 of 2000; total allocated: 1 of 2000]
12:25:54.142 [Forwarding findElement on session 18063075-812d-4a4c-a6cd-30fbf03bc7bd to remote] DEBUG o.a.h.c.protocol.RequestAddCookies - CookieSpec selected: default
12:25:54.142 [Forwarding findElement on session 18063075-812d-4a4c-a6cd-30fbf03bc7bd to remote] DEBUG o.a.h.c.protocol.RequestAuthCache - Auth cache not set in the context
12:25:54.142 [Forwarding findElement on session 18063075-812d-4a4c-a6cd-30fbf03bc7bd to remote] DEBUG o.a.h.i.c.PoolingHttpClientConnectionManager - Connection request: [route: {}->http://localhost:4723][total kept alive: 1; route allocated: 1 of 2000; total allocated: 1 of 2000]
12:25:54.143 [Forwarding findElement on session 18063075-812d-4a4c-a6cd-30fbf03bc7bd to remote] DEBUG o.a.h.i.c.PoolingHttpClientConnectionManager - Connection leased: [id: 20][route: {}->http://localhost:4723][total kept alive: 0; route allocated: 1 of 2000; total allocated: 1 of 2000]
12:25:54.143 [Forwarding findElement on session 18063075-812d-4a4c-a6cd-30fbf03bc7bd to remote] DEBUG o.a.h.impl.execchain.MainClientExec - Stale connection check
12:25:54.144 [Forwarding findElement on session 18063075-812d-4a4c-a6cd-30fbf03bc7bd to remote] DEBUG org.apache.http.wire - http-outgoing-20 << "[read] I/O error: Read timed out"
12:25:54.144 [Forwarding findElement on session 18063075-812d-4a4c-a6cd-30fbf03bc7bd to remote] DEBUG o.a.h.i.c.DefaultManagedHttpClientConnection - http-outgoing-20: set socket timeout to 10800000
12:25:54.144 [Forwarding findElement on session 18063075-812d-4a4c-a6cd-30fbf03bc7bd to remote] DEBUG o.a.h.impl.execchain.MainClientExec - Executing request POST /wd/hub/session/18063075-812d-4a4c-a6cd-30fbf03bc7bd/element HTTP/1.1
12:25:54.144 [Forwarding findElement on session 18063075-812d-4a4c-a6cd-30fbf03bc7bd to remote] DEBUG o.a.h.impl.execchain.MainClientExec - Target auth state: UNCHALLENGED
12:25:54.144 [Forwarding findElement on session 18063075-812d-4a4c-a6cd-30fbf03bc7bd to remote] DEBUG o.a.h.impl.execchain.MainClientExec - Proxy auth state: UNCHALLENGED
12:25:54.144 [Forwarding findElement on session 18063075-812d-4a4c-a6cd-30fbf03bc7bd to remote] DEBUG org.apache.http.headers - http-outgoing-20 >> POST /wd/hub/session/18063075-812d-4a4c-a6cd-30fbf03bc7bd/element HTTP/1.1
12:25:54.144 [Forwarding findElement on session 18063075-812d-4a4c-a6cd-30fbf03bc7bd to remote] DEBUG org.apache.http.headers - http-outgoing-20 >> Content-Type: application/json; charset=utf-8
12:25:54.144 [Forwarding findElement on session 18063075-812d-4a4c-a6cd-30fbf03bc7bd to remote] DEBUG org.apache.http.headers - http-outgoing-20 >> Content-Length: 32
12:25:54.144 [Forwarding findElement on session 18063075-812d-4a4c-a6cd-30fbf03bc7bd to remote] DEBUG org.apache.http.headers - http-outgoing-20 >> Host: localhost:4723
12:25:54.144 [Forwarding findElement on session 18063075-812d-4a4c-a6cd-30fbf03bc7bd to remote] DEBUG org.apache.http.headers - http-outgoing-20 >> Connection: Keep-Alive
12:25:54.144 [Forwarding findElement on session 18063075-812d-4a4c-a6cd-30fbf03bc7bd to remote] DEBUG org.apache.http.headers - http-outgoing-20 >> User-Agent: Apache-HttpClient/4.5.2 (Java/1.8.0_171)
12:25:54.144 [Forwarding findElement on session 18063075-812d-4a4c-a6cd-30fbf03bc7bd to remote] DEBUG org.apache.http.headers - http-outgoing-20 >> Accept-Encoding: gzip,deflate
12:25:54.144 [Forwarding findElement on session 18063075-812d-4a4c-a6cd-30fbf03bc7bd to remote] DEBUG org.apache.http.wire - http-outgoing-20 >> "POST /wd/hub/session/18063075-812d-4a4c-a6cd-30fbf03bc7bd/element HTTP/1.1[\r][\n]"
12:25:54.144 [Forwarding findElement on session 18063075-812d-4a4c-a6cd-30fbf03bc7bd to remote] DEBUG org.apache.http.wire - http-outgoing-20 >> "Content-Type: application/json; charset=utf-8[\r][\n]"
12:25:54.144 [Forwarding findElement on session 18063075-812d-4a4c-a6cd-30fbf03bc7bd to remote] DEBUG org.apache.http.wire - http-outgoing-20 >> "Content-Length: 32[\r][\n]"
12:25:54.144 [Forwarding findElement on session 18063075-812d-4a4c-a6cd-30fbf03bc7bd to remote] DEBUG org.apache.http.wire - http-outgoing-20 >> "Host: localhost:4723[\r][\n]"
12:25:54.144 [Forwarding findElement on session 18063075-812d-4a4c-a6cd-30fbf03bc7bd to remote] DEBUG org.apache.http.wire - http-outgoing-20 >> "Connection: Keep-Alive[\r][\n]"
12:25:54.144 [Forwarding findElement on session 18063075-812d-4a4c-a6cd-30fbf03bc7bd to remote] DEBUG org.apache.http.wire - http-outgoing-20 >> "User-Agent: Apache-HttpClient/4.5.2 (Java/1.8.0_171)[\r][\n]"
12:25:54.144 [Forwarding findElement on session 18063075-812d-4a4c-a6cd-30fbf03bc7bd to remote] DEBUG org.apache.http.wire - http-outgoing-20 >> "Accept-Encoding: gzip,deflate[\r][\n]"
12:25:54.144 [Forwarding findElement on session 18063075-812d-4a4c-a6cd-30fbf03bc7bd to remote] DEBUG org.apache.http.wire - http-outgoing-20 >> "[\r][\n]"
12:25:54.144 [Forwarding findElement on session 18063075-812d-4a4c-a6cd-30fbf03bc7bd to remote] DEBUG org.apache.http.wire - http-outgoing-20 >> "{"using":"id","value":"icon me"}"
&amp#27;[35m[HTTP]&amp#27;[39m &amp#27;[37m-->&amp#27;[39m &amp#27;[37mPOST&amp#27;[39m &amp#27;[37m/wd/hub/session/18063075-812d-4a4c-a6cd-30fbf03bc7bd/element&amp#27;[39m
&amp#27;[35m[HTTP]&amp#27;[39m &amp#27;[90m{"using":"id","value":"icon me"}&amp#27;[39m
12:25:54.633 [Forwarding findElement on session 18063075-812d-4a4c-a6cd-30fbf03bc7bd to remote] DEBUG org.apache.http.wire - http-outgoing-20 << "HTTP/1.1 200 OK[\r][\n]"
12:25:54.633 [Forwarding findElement on session 18063075-812d-4a4c-a6cd-30fbf03bc7bd to remote] DEBUG org.apache.http.wire - http-outgoing-20 << "X-Powered-By: Express[\r][\n]"
12:25:54.633 [Forwarding findElement on session 18063075-812d-4a4c-a6cd-30fbf03bc7bd to remote] DEBUG org.apache.http.wire - http-outgoing-20 << "Access-Control-Allow-Origin: *[\r][\n]"
12:25:54.633 [Forwarding findElement on session 18063075-812d-4a4c-a6cd-30fbf03bc7bd to remote] DEBUG org.apache.http.wire - http-outgoing-20 << "Access-Control-Allow-Methods: GET,POST,PUT,OPTIONS,DELETE[\r][\n]"
12:25:54.633 [Forwarding findElement on session 18063075-812d-4a4c-a6cd-30fbf03bc7bd to remote] DEBUG org.apache.http.wire - http-outgoing-20 << "Access-Control-Allow-Headers: origin, content-type, accept[\r][\n]"
12:25:54.633 [Forwarding findElement on session 18063075-812d-4a4c-a6cd-30fbf03bc7bd to remote] DEBUG org.apache.http.wire - http-outgoing-20 << "Vary: X-HTTP-Method-Override[\r][\n]"
12:25:54.633 [Forwarding findElement on session 18063075-812d-4a4c-a6cd-30fbf03bc7bd to remote] DEBUG org.apache.http.wire - http-outgoing-20 << "Content-Type: application/json; charset=utf-8[\r][\n]"
12:25:54.633 [Forwarding findElement on session 18063075-812d-4a4c-a6cd-30fbf03bc7bd to remote] DEBUG org.apache.http.wire - http-outgoing-20 << "Content-Length: 122[\r][\n]"
12:25:54.633 [Forwarding findElement on session 18063075-812d-4a4c-a6cd-30fbf03bc7bd to remote] DEBUG org.apache.http.wire - http-outgoing-20 << "ETag: W/"7a-/thejtkXUtgS4+BZtEvJ6HYU9UQ"[\r][\n]"
12:25:54.634 [Forwarding findElement on session 18063075-812d-4a4c-a6cd-30fbf03bc7bd to remote] DEBUG org.apache.http.wire - http-outgoing-20 << "Date: Fri, 23 Aug 2019 06:55:54 GMT[\r][\n]"
12:25:54.634 [Forwarding findElement on session 18063075-812d-4a4c-a6cd-30fbf03bc7bd to remote] DEBUG org.apache.http.wire - http-outgoing-20 << "Connection: keep-alive[\r][\n]"
12:25:54.634 [Forwarding findElement on session 18063075-812d-4a4c-a6cd-30fbf03bc7bd to remote] DEBUG org.apache.http.wire - http-outgoing-20 << "[\r][\n]"
12:25:54.634 [Forwarding findElement on session 18063075-812d-4a4c-a6cd-30fbf03bc7bd to remote] DEBUG org.apache.http.wire - http-outgoing-20 << "{"status":0,"value":{"ELEMENT":"2D000000-0000-0000-CF19-000000000000"},"sessionId":"18063075-812d-4a4c-a6cd-30fbf03bc7bd"}"
&amp#27;[3512:25:54.634 [Forwarding findElement on session 18063075-812d-4a4c-a6cd-30fbf03bc7bd to remote] DEBUG org.apache.http.headers - http-outgoing-20 << HTTP/1.1 200 OK
12:25:54.634 [Forwarding findElement on session 18063075-812d-4a4c-a6cd-30fbf03bc7bd to remote] DEBUG org.apache.http.headers - http-outgoing-20 << X-Powered-By: Express
12:25:54.634 [Forwarding findElement on session 18063075-812d-4a4c-a6cd-30fbf03bc7bd to remote] DEBUG org.apache.http.headers - http-outgoing-20 << Access-Control-Allow-Origin: *
12:25:54.634 [Forwarding findElement on session 18063075-812d-4a4c-a6cd-30fbf03bc7bd to remote] DEBUG org.apache.http.headers - http-outgoing-20 << Access-Control-Allow-Methods: GET,POST,PUT,OPTIONS,DELETE
12:25:54.634 [Forwarding findElement on session 18063075-812d-4a4c-a6cd-30fbf03bc7bd to remote] DEBUG org.apache.http.headers - http-outgoing-20 << Access-Control-Allow-Headers: origin, content-type, accept
12:25:54.634 [Forwarding findElement on session 18063075-812d-4a4c-a6cd-30fbf03bc7bd to remote] DEBUG org.apache.http.headers - http-outgoing-20 << Vary: X-HTTP-Method-Override
m12:25:54.634 [Forwarding findElement on session 18063075-812d-4a4c-a6cd-30fbf03bc7bd to remote] DEBUG org.apache.http.headers - http-outgoing-20 << Content-Type: application/json; charset=utf-8
[HT12:25:54.634 [Forwarding findElement on session 18063075-812d-4a4c-a6cd-30fbf03bc7bd to remote] DEBUG org.apache.http.headers - http-outgoing-20 << Content-Length: 122
TP]&amp#27;[39m &amp#27;[3712:25:54.634 [Forwarding findElement on session 18063075-812d-4a4c-a6cd-30fbf03bc7bd to remote] DEBUG org.apache.http.headers - http-outgoing-20 << ETag: W/"7a-/thejtkXUtgS4+BZtEvJ6HYU9UQ"
m<-- POST /wd/hub/session12:25:54.634 [Forwarding findElement on session 18063075-812d-4a4c-a6cd-30fbf03bc7bd to remote] DEBUG org.apache.http.headers - http-outgoing-20 << Date: Fri, 23 Aug 2019 06:55:54 GMT
12:25:54.634 [Forwarding findElement on session 18063075-812d-4a4c-a6cd-30fbf03bc7bd to remote] DEBUG org.apache.http.headers - http-outgoing-20 << Connection: keep-alive
/18063075-812d-4a4c-a6cd-30fb12:25:54.634 [Forwarding findElement on session 18063075-812d-4a4c-a6cd-30fbf03bc7bd to remote] DEBUG o.a.h.impl.execchain.MainClientExec - Connection can be kept alive indefinitely
f03bc7bd/element &amp#27;[39m12:25:54.635 [Forwarding findElement on session 18063075-812d-4a4c-a6cd-30fbf03bc7bd to remote] DEBUG o.a.h.i.c.PoolingHttpClientConnectionManager - Connection [id: 20][route: {}->http://localhost:4723] can be kept alive indefinitely
&amp#27;[3212:25:54.635 [Forwarding findElement on session 18063075-812d-4a4c-a6cd-30fbf03bc7bd to remote] DEBUG o.a.h.i.c.PoolingHttpClientConnectionManager - Connection released: [id: 20][route: {}->http://localhost:4723][total kept alive: 1; route allocated: 1 of 2000; total allocated: 1 of 2000]
m200&amp#27;[39m &amp#27;[90m488 ms - 122&amp#27;[39m
&amp#27;[35m[HTTP]&amp#27;[39m &amp#27;[90m&amp#27;[39m
12:25:54.635 [Forwarding clickElement on session 18063075-812d-4a4c-a6cd-30fbf03bc7bd to remote] DEBUG o.a.h.c.protocol.RequestAddCookies - CookieSpec selected: default
12:25:54.635 [Forwarding clickElement on session 18063075-812d-4a4c-a6cd-30fbf03bc7bd to remote] DEBUG o.a.h.c.protocol.RequestAuthCache - Auth cache not set in the context
12:25:54.635 [Forwarding clickElement on session 18063075-812d-4a4c-a6cd-30fbf03bc7bd to remote] DEBUG o.a.h.i.c.PoolingHttpClientConnectionManager - Connection request: [route: {}->http://localhost:4723][total kept alive: 1; route allocated: 1 of 2000; total allocated: 1 of 2000]
12:25:54.635 [Forwarding clickElement on session 18063075-812d-4a4c-a6cd-30fbf03bc7bd to remote] DEBUG o.a.h.i.c.PoolingHttpClientConnectionManager - Connection leased: [id: 20][route: {}->http://localhost:4723][total kept alive: 0; route allocated: 1 of 2000; total allocated: 1 of 2000]
12:25:54.635 [Forwarding clickElement on session 18063075-812d-4a4c-a6cd-30fbf03bc7bd to remote] DEBUG o.a.h.impl.execchain.MainClientExec - Stale connection check
12:25:54.637 [Forwarding clickElement on session 18063075-812d-4a4c-a6cd-30fbf03bc7bd to remote] DEBUG org.apache.http.wire - http-outgoing-20 << "[read] I/O error: Read timed out"
12:25:54.637 [Forwarding clickElement on session 18063075-812d-4a4c-a6cd-30fbf03bc7bd to remote] DEBUG o.a.h.i.c.DefaultManagedHttpClientConnection - http-outgoing-20: set socket timeout to 10800000
12:25:54.637 [Forwarding clickElement on session 18063075-812d-4a4c-a6cd-30fbf03bc7bd to remote] DEBUG o.a.h.impl.execchain.MainClientExec - Executing request POST /wd/hub/session/18063075-812d-4a4c-a6cd-30fbf03bc7bd/element/2D000000-0000-0000-CF19-000000000000/click HTTP/1.1
12:25:54.637 [Forwarding clickElement on session 18063075-812d-4a4c-a6cd-30fbf03bc7bd to remote] DEBUG o.a.h.impl.execchain.MainClientExec - Target auth state: UNCHALLENGED
12:25:54.637 [Forwarding clickElement on session 18063075-812d-4a4c-a6cd-30fbf03bc7bd to remote] DEBUG o.a.h.impl.execchain.MainClientExec - Proxy auth state: UNCHALLENGED
12:25:54.637 [Forwarding clickElement on session 18063075-812d-4a4c-a6cd-30fbf03bc7bd to remote] DEBUG org.apache.http.headers - http-outgoing-20 >> POST /wd/hub/session/18063075-812d-4a4c-a6cd-30fbf03bc7bd/element/2D000000-0000-0000-CF19-000000000000/click HTTP/1.1
12:25:54.637 [Forwarding clickElement on session 18063075-812d-4a4c-a6cd-30fbf03bc7bd to remote] DEBUG org.apache.http.headers - http-outgoing-20 >> Content-Type: application/json; charset=utf-8
12:25:54.637 [Forwarding clickElement on session 18063075-812d-4a4c-a6cd-30fbf03bc7bd to remote] DEBUG org.apache.http.headers - http-outgoing-20 >> Content-Length: 45
12:25:54.637 [Forwarding clickElement on session 18063075-812d-4a4c-a6cd-30fbf03bc7bd to remote] DEBUG org.apache.http.headers - http-outgoing-20 >> Host: localhost:4723
12:25:54.637 [Forwarding clickElement on session 18063075-812d-4a4c-a6cd-30fbf03bc7bd to remote] DEBUG org.apache.http.headers - http-outgoing-20 >> Connection: Keep-Alive
12:25:54.637 [Forwarding clickElement on session 18063075-812d-4a4c-a6cd-30fbf03bc7bd to remote] DEBUG org.apache.http.headers - http-outgoing-20 >> User-Agent: Apache-HttpClient/4.5.2 (Java/1.8.0_171)
12:25:54.637 [Forwarding clickElement on session 18063075-812d-4a4c-a6cd-30fbf03bc7bd to remote] DEBUG org.apache.http.headers - http-outgoing-20 >> Accept-Encoding: gzip,deflate
12:25:54.637 [Forwarding clickElement on session 18063075-812d-4a4c-a6cd-30fbf03bc7bd to remote] DEBUG org.apache.http.wire - http-outgoing-20 >> "POST /wd/hub/session/18063075-812d-4a4c-a6cd-30fbf03bc7bd/element/2D000000-0000-0000-CF19-000000000000/click HTTP/1.1[\r][\n]"
12:25:54.637 [Forwarding clickElement on session 18063075-812d-4a4c-a6cd-30fbf03bc7bd to remote] DEBUG org.apache.http.wire - http-outgoing-20 >> "Content-Type: application/json; charset=utf-8[\r][\n]"
12:25:54.637 [Forwarding clickElement on session 18063075-812d-4a4c-a6cd-30fbf03bc7bd to remote] DEBUG org.apache.http.wire - http-outgoing-20 >> "Content-Length: 45[\r][\n]"
12:25:54.637 [Forwarding clickElement on session 18063075-812d-4a4c-a6cd-30fbf03bc7bd to remote] DEBUG org.apache.http.wire - http-outgoing-20 >> "Host: localhost:4723[\r][\n]"
12:25:54.637 [Forwarding clickElement on session 18063075-812d-4a4c-a6cd-30fbf03bc7bd to remote] DEBUG org.apache.http.wire - http-outgoing-20 >> "Connection: Keep-Alive[\r][\n]"
12:25:54.637 [Forwarding clickElement on session 18063075-812d-4a4c-a6cd-30fbf03bc7bd to remote] DEBUG org.apache.http.wire - http-outgoing-20 >> "User-Agent: Apache-HttpClient/4.5.2 (Java/1.8.0_171)[\r][\n]"
12:25:54.637 [Forwarding clickElement on session 18063075-812d-4a4c-a6cd-30fbf03bc7bd to remote] DEBUG org.apache.http.wire - http-outgoing-20 >> "Accept-Encoding: gzip,deflate[\r][\n]"
12:25:54.637 [Forwarding clickElement on session 18063075-812d-4a4c-a6cd-30fbf03bc7bd to remote] DEBUG org.apache.http.wire - http-outgoing-20 >> "[\r][\n]"
12:25:54.637 [Forwarding clickElement on session 18063075-812d-4a4c-a6cd-30fbf03bc7bd to remote] DEBUG org.apache.http.wire - http-outgoing-20 >> "{"id":"2D000000-0000-0000-CF19-000000000000"}"
&amp#27;[35m[HTTP]&amp#27;[39m &amp#27;[37m-->&amp#27;[39m &amp#27;[37mPOST&amp#27;[39m &amp#27;[37m/wd/hub/session/18063075-812d-4a4c-a6cd-30fbf03bc7bd/element/2D000000-0000-0000-CF19-000000000000/click&amp#27;[39m
&amp#27;[35m[HTTP]&amp#27;[39m &amp#27;[90m{"id":"2D000000-0000-0000-CF19-000000000000"}&amp#27;[39m
&amp#27;[35m[MJSONWP]&amp#27;[39m Driver proxy active, passing request on via HTTP proxy
&amp#27;[35m[JSONWP Proxy]&amp#27;[39m Replacing sessionId B74F9560-FF94-4D04-9569-9BCC996503BA with 18063075-812d-4a4c-a6cd-30fbf03bc7bd
12:25:55.639 [Forwarding clickElement on session 18063075-812d-4a4c-a6cd-30fbf03bc7bd to remote] DEBUG org.apache.http.wire - http-outgoing-20 << "HTTP/1.1 200 OK[\r][\n]"
&amp#27;[35m[HTTP]&amp#27;[39m12:25:55.640 [Forwarding clickElement on session 18063075-812d-4a4c-a6cd-30fbf03bc7bd to remote] DEBUG org.apache.http.wire - http-outgoing-20 << "X-Powered-By: Express[\r][\n]"
 &amp#27;[37m<-- 12:25:55.640 [Forwarding clickElement on session 18063075-812d-4a4c-a6cd-30fbf03bc7bd to remote] DEBUG org.apache.http.wire - http-outgoing-20 << "Access-Control-Allow-Origin: *[\r][\n]"
POST /wd/hub/12:25:55.640 [Forwarding clickElement on session 18063075-812d-4a4c-a6cd-30fbf03bc7bd to remote] DEBUG org.apache.http.wire - http-outgoing-20 << "Access-Control-Allow-Methods: GET,POST,PUT,OPTIONS,DELETE[\r][\n]"
session/18063075-812:25:55.641 [Forwarding clickElement on session 18063075-812d-4a4c-a6cd-30fbf03bc7bd to remote] DEBUG org.apache.http.wire - http-outgoing-20 << "Access-Control-Allow-Headers: origin, content-type, accept[\r][\n]"
12:25:55.641 [Forwarding clickElement on session 18063075-812d-4a4c-a6cd-30fbf03bc7bd to remote] DEBUG org.apache.http.wire - http-outgoing-20 << "Vary: X-HTTP-Method-Override[\r][\n]"
12d-4a412:25:55.641 [Forwarding clickElement on session 18063075-812d-4a4c-a6cd-30fbf03bc7bd to remote] DEBUG org.apache.http.wire - http-outgoing-20 << "Content-Type: application/json; charset=utf-8[\r][\n]"
c-a6cd-30fbf03bc7bd/elem12:25:55.641 [Forwarding clickElement on session 18063075-812d-4a4c-a6cd-30fbf03bc7bd to remote] DEBUG org.apache.http.wire - http-outgoing-20 << "Content-Length: 118[\r][\n]"
12:25:55.641 [Forwarding clickElement on session 18063075-812d-4a4c-a6cd-30fbf03bc7bd to remote] DEBUG org.apache.http.wire - http-outgoing-20 << "ETag: W/"76-NnZBWvtY7PcNtE/LoUtVlEkBBAY"[\r][\n]"
ent/12:25:55.641 [Forwarding clickElement on session 18063075-812d-4a4c-a6cd-30fbf03bc7bd to remote] DEBUG org.apache.http.wire - http-outgoing-20 << "Date: Fri, 23 Aug 2019 06:55:55 GMT[\r][\n]"
12:25:55.641 [Forwarding clickElement on session 18063075-812d-4a4c-a6cd-30fbf03bc7bd to remote] DEBUG org.apache.http.wire - http-outgoing-20 << "Connection: keep-alive[\r][\n]"
12:25:55.641 [Forwarding clickElement on session 18063075-812d-4a4c-a6cd-30fbf03bc7bd to remote] DEBUG org.apache.http.wire - http-outgoing-20 << "[\r][\n]"
2D000000-00012:25:55.641 [Forwarding clickElement on session 18063075-812d-4a4c-a6cd-30fbf03bc7bd to remote] DEBUG org.apache.http.wire - http-outgoing-20 << "{"status":0,"id":"2D000000-0000-0000-CF19-000000000000","value":"","sessionId":"18063075-812d-4a4c-a6cd-30fbf03bc7bd"}"
0-0000-CF19-000000000012:25:55.642 [Forwarding clickElement on session 18063075-812d-4a4c-a6cd-30fbf03bc7bd to remote] DEBUG org.apache.http.headers - http-outgoing-20 << HTTP/1.1 200 OK
00/click 12:25:55.642 [Forwarding clickElement on session 18063075-812d-4a4c-a6cd-30fbf03bc7bd to remote] DEBUG org.apache.http.headers - http-outgoing-20 << X-Powered-By: Express
12:25:55.642 [Forwarding clickElement on session 18063075-812d-4a4c-a6cd-30fbf03bc7bd to remote] DEBUG org.apache.http.headers - http-outgoing-20 << Access-Control-Allow-Origin: *
&amp#27;[39m&amp#27;[32m200&amp#27;[39m &amp#27;[90m1001 ms - 118&amp#27;[39m
&amp#27;[35m[HTTP]&amp#27;[39m &amp#27;[90m&amp#27;[39m
12:25:55.642 [Forwarding clickElement on session 18063075-812d-4a4c-a6cd-30fbf03bc7bd to remote] DEBUG org.apache.http.headers - http-outgoing-20 << Access-Control-Allow-Methods: GET,POST,PUT,OPTIONS,DELETE
12:25:55.643 [Forwarding clickElement on session 18063075-812d-4a4c-a6cd-30fbf03bc7bd to remote] DEBUG org.apache.http.headers - http-outgoing-20 << Access-Control-Allow-Headers: origin, content-type, accept
12:25:55.643 [Forwarding clickElement on session 18063075-812d-4a4c-a6cd-30fbf03bc7bd to remote] DEBUG org.apache.http.headers - http-outgoing-20 << Vary: X-HTTP-Method-Override
12:25:55.643 [Forwarding clickElement on session 18063075-812d-4a4c-a6cd-30fbf03bc7bd to remote] DEBUG org.apache.http.headers - http-outgoing-20 << Content-Type: application/json; charset=utf-8
12:25:55.643 [Forwarding clickElement on session 18063075-812d-4a4c-a6cd-30fbf03bc7bd to remote] DEBUG org.apache.http.headers - http-outgoing-20 << Content-Length: 118
12:25:55.643 [Forwarding clickElement on session 18063075-812d-4a4c-a6cd-30fbf03bc7bd to remote] DEBUG org.apache.http.headers - http-outgoing-20 << ETag: W/"76-NnZBWvtY7PcNtE/LoUtVlEkBBAY"
12:25:55.643 [Forwarding clickElement on session 18063075-812d-4a4c-a6cd-30fbf03bc7bd to remote] DEBUG org.apache.http.headers - http-outgoing-20 << Date: Fri, 23 Aug 2019 06:55:55 GMT
12:25:55.643 [Forwarding clickElement on session 18063075-812d-4a4c-a6cd-30fbf03bc7bd to remote] DEBUG org.apache.http.headers - http-outgoing-20 << Connection: keep-alive
12:25:55.643 [Forwarding clickElement on session 18063075-812d-4a4c-a6cd-30fbf03bc7bd to remote] DEBUG o.a.h.impl.execchain.MainClientExec - Connection can be kept alive indefinitely
12:25:55.643 [Forwarding clickElement on session 18063075-812d-4a4c-a6cd-30fbf03bc7bd to remote] DEBUG o.a.h.i.c.PoolingHttpClientConnectionManager - Connection [id: 20][route: {}->http://localhost:4723] can be kept alive indefinitely
12:25:55.643 [Forwarding clickElement on session 18063075-812d-4a4c-a6cd-30fbf03bc7bd to remote] DEBUG o.a.h.i.c.PoolingHttpClientConnectionManager - Connection released: [id: 20][route: {}->http://localhost:4723][total kept alive: 1; route allocated: 1 of 2000; total allocated: 1 of 2000]
12:25:55.643 [Forwarding findElement on session 18063075-812d-4a4c-a6cd-30fbf03bc7bd to remote] DEBUG o.a.h.c.protocol.RequestAddCookies - CookieSpec selected: default
12:25:55.643 [Forwarding findElement on session 18063075-812d-4a4c-a6cd-30fbf03bc7bd to remote] DEBUG o.a.h.c.protocol.RequestAuthCache - Auth cache not set in the context
12:25:55.643 [Forwarding findElement on session 18063075-812d-4a4c-a6cd-30fbf03bc7bd to remote] DEBUG o.a.h.i.c.PoolingHttpClientConnectionManager - Connection request: [route: {}->http://localhost:4723][total kept alive: 1; route allocated: 1 of 2000; total allocated: 1 of 2000]
12:25:55.644 [Forwarding findElement on session 18063075-812d-4a4c-a6cd-30fbf03bc7bd to remote] DEBUG o.a.h.i.c.PoolingHttpClientConnectionManager - Connection leased: [id: 20][route: {}->http://localhost:4723][total kept alive: 0; route allocated: 1 of 2000; total allocated: 1 of 2000]
12:25:55.644 [Forwarding findElement on session 18063075-812d-4a4c-a6cd-30fbf03bc7bd to remote] DEBUG o.a.h.impl.execchain.MainClientExec - Stale connection check
12:25:55.645 [Forwarding findElement on session 18063075-812d-4a4c-a6cd-30fbf03bc7bd to remote] DEBUG org.apache.http.wire - http-outgoing-20 << "[read] I/O error: Read timed out"
12:25:55.645 [Forwarding findElement on session 18063075-812d-4a4c-a6cd-30fbf03bc7bd to remote] DEBUG o.a.h.i.c.DefaultManagedHttpClientConnection - http-outgoing-20: set socket timeout to 10800000
12:25:55.645 [Forwarding findElement on session 18063075-812d-4a4c-a6cd-30fbf03bc7bd to remote] DEBUG o.a.h.impl.execchain.MainClientExec - Executing request POST /wd/hub/session/18063075-812d-4a4c-a6cd-30fbf03bc7bd/element HTTP/1.1
12:25:55.645 [Forwarding findElement on session 18063075-812d-4a4c-a6cd-30fbf03bc7bd to remote] DEBUG o.a.h.impl.execchain.MainClientExec - Target auth state: UNCHALLENGED
12:25:55.645 [Forwarding findElement on session 18063075-812d-4a4c-a6cd-30fbf03bc7bd to remote] DEBUG o.a.h.impl.execchain.MainClientExec - Proxy auth state: UNCHALLENGED
12:25:55.645 [Forwarding findElement on session 18063075-812d-4a4c-a6cd-30fbf03bc7bd to remote] DEBUG org.apache.http.headers - http-outgoing-20 >> POST /wd/hub/session/18063075-812d-4a4c-a6cd-30fbf03bc7bd/element HTTP/1.1
12:25:55.645 [Forwarding findElement on session 18063075-812d-4a4c-a6cd-30fbf03bc7bd to remote] DEBUG org.apache.http.headers - http-outgoing-20 >> Content-Type: application/json; charset=utf-8
12:25:55.645 [Forwarding findElement on session 18063075-812d-4a4c-a6cd-30fbf03bc7bd to remote] DEBUG org.apache.http.headers - http-outgoing-20 >> Content-Length: 299
12:25:55.645 [Forwarding findElement on session 18063075-812d-4a4c-a6cd-30fbf03bc7bd to remote] DEBUG org.apache.http.headers - http-outgoing-20 >> Host: localhost:4723
12:25:55.645 [Forwarding findElement on session 18063075-812d-4a4c-a6cd-30fbf03bc7bd to remote] DEBUG org.apache.http.headers - http-outgoing-20 >> Connection: Keep-Alive
12:25:55.645 [Forwarding findElement on session 18063075-812d-4a4c-a6cd-30fbf03bc7bd to remote] DEBUG org.apache.http.headers - http-outgoing-20 >> User-Agent: Apache-HttpClient/4.5.2 (Java/1.8.0_171)
12:25:55.645 [Forwarding findElement on session 18063075-812d-4a4c-a6cd-30fbf03bc7bd to remote] DEBUG org.apache.http.headers - http-outgoing-20 >> Accept-Encoding: gzip,deflate
12:25:55.645 [Forwarding findElement on session 18063075-812d-4a4c-a6cd-30fbf03bc7bd to remote] DEBUG org.apache.http.wire - http-outgoing-20 >> "POST /wd/hub/session/18063075-812d-4a4c-a6cd-30fbf03bc7bd/element HTTP/1.1[\r][\n]"
12:25:55.645 [Forwarding findElement on session 18063075-812d-4a4c-a6cd-30fbf03bc7bd to remote] DEBUG org.apache.http.wire - http-outgoing-20 >> "Content-Type: application/json; charset=utf-8[\r][\n]"
12:25:55.645 [Forwarding findElement on session 18063075-812d-4a4c-a6cd-30fbf03bc7bd to remote] DEBUG org.apache.http.wire - http-outgoing-20 >> "Content-Length: 299[\r][\n]"
12:25:55.645 [Forwarding findElement on session 18063075-812d-4a4c-a6cd-30fbf03bc7bd to remote] DEBUG org.apache.http.wire - http-outgoing-20 >> "Host: localhost:4723[\r][\n]"
12:25:55.645 [Forwarding findElement on session 18063075-812d-4a4c-a6cd-30fbf03bc7bd to remote] DEBUG org.apache.http.wire - http-outgoing-20 >> "Connection: Keep-Alive[\r][\n]"
12:25:55.645 [Forwarding findElement on session 18063075-812d-4a4c-a6cd-30fbf03bc7bd to remote] DEBUG org.apache.http.wire - http-outgoing-20 >> "User-Agent: Apache-HttpClient/4.5.2 (Java/1.8.0_171)[\r][\n]"
12:25:55.645 [Forwarding findElement on session 18063075-812d-4a4c-a6cd-30fbf03bc7bd to remote] DEBUG org.apache.http.wire - http-outgoing-20 >> "Accept-Encoding: gzip,deflate[\r][\n]"
12:25:55.645 [Forwarding findElement on session 18063075-812d-4a4c-a6cd-30fbf03bc7bd to remote] DEBUG org.apache.http.wire - http-outgoing-20 >> "[\r][\n]"
12:25:55.645 [Forwarding findElement on session 18063075-812d-4a4c-a6cd-30fbf03bc7bd to remote] DEBUG org.apache.http.wire - http-outgoing-20 >> "{"using":"xpath","value":"//XCUIElementTypeApplication/XCUIElementTypeWindow/XCUIElementTypeOther/XCUIElementTypeOther/XCUIElementTypeOther/XCUIElementTypeOther/XCUIElementTypeOther/XCUIElementTypeOther/XCUIElementTypeOther/XCUIElementTypeTable/XCUIElementTypeCell[10]/XCUIElementTypeStaticText[2]"}"
&amp#27;[35m[HTTP]&amp#27;[39m &amp#27;[37m-->&amp#27;[39m &amp#27;[37mPOST&amp#27;[39m &amp#27;[37m/wd/hub/session/18063075-812d-4a4c-a6cd-30fbf03bc7bd/element&amp#27;[39m
&amp#27;[35m[HTTP]&amp#27;[39m &amp#27;[90m{"using":"xpath","value":"//XCUIElementTypeApplication/XCUIElementTypeWindow/XCUIElementTypeOther/XCUIElementTypeOther/XCUIElementTypeOther/XCUIElementTypeOther/XCUIElementTypeOther/XCUIElementTypeOther/XCUIElementTypeOther/XCUIElementTypeTable/XCUIElementTypeCell[10]/XCUIElementTypeStaticText[2]"}&amp#27;[39m
12:25:59.821 [Forwarding findElement on session 18063075-812d-4a4c-a6cd-30fbf03bc7bd to remote] DEBUG org.apache.http.wire - http-outgoing-20 << "HTTP/1.1 200 OK[\r][\n]"
12:25:59.821 [Forwarding findElement on session 18063075-812d-4a4c-a6cd-30fbf03bc7bd to remote] DEBUG org.apache.http.wire - http-outgoing-20 << "X-Powered-By: Express[\r][\n]"
12:25:59.822 [Forwarding findElement on session 18063075-812d-4a4c-a6cd-30fbf03bc7bd to remote] DEBUG org.apache.http.wire - http-outgoing-20 << "Access-Control-Allow-Origin: *[\r][\n]"
12:25:59.822 [Forwarding findElement on session 18063075-812d-4a4c-a6cd-30fbf03bc7bd to remote] DEBUG org.apache.http.wire - http-outgoing-20 << "Access-Control-Allow-Methods: GET,POST,PUT,OPTIONS,DELETE[\r][\n]"
12:25:59.822 [Forwarding findElement on session 18063075-812d-4a4c-a6cd-30fbf03bc7bd to remote] DEBUG org.apache.http.wire - http-outgoing-20 << "Access-Control-Allow-Headers: origin, content-type, accept[\r][\n]"
12:25:59.822 [Forwarding findElement on session 18063075-812d-4a4c-a6cd-30fbf03bc7bd to remote] DEBUG org.apache.http.wire - http-outgoing-20 << "Vary: X-HTTP-Method-Override[\r][\n]"
12:25:59.822 [Forwarding findElement on session 18063075-812d-4a4c-a6cd-30fbf03bc7bd to remote] DEBUG org.apache.http.wire - http-outgoing-20 << "Content-Type: application/json; charset=utf-8[\r][\n]"
12:25:59.822 [Forwarding findElement on session 18063075-812d-4a4c-a6cd-30fbf03bc7bd to remote] DEBUG org.apache.http.wire - http-outgoing-20 << "Content-Length: 122[\r][\n]"
12:25:59.822 [Forwarding findElement on session 18063075-812d-4a4c-a6cd-30fbf03bc7bd to remote] DEBUG org.apache.http.wire - http-outgoing-20 << "ETag: W/"7a-Wd7p4M3klfTint7ivl0am/Q3//w"[\r][\n]"
12:25:59.822 [Forwarding findElement on session 18063075-812d-4a4c-a6cd-30fbf03bc7bd to remote] DEBUG org.apache.http.wire - http-outgoing-20 << "Date: Fri, 23 Aug 2019 06:55:59 GMT[\r][\n]"
12:25:59.822 [Forwarding findElement on session 18063075-812d-4a4c-a6cd-30fbf03bc7bd to remote] DEBUG org.apache.http.wire - http-outgoing-20 << "Connection: keep-alive[\r][\n]"
12:25:59.822 [Forwarding findElement on session 18063075-812d-4a4c-a6cd-30fbf03bc7bd to remote] DEBUG org.apache.http.wire - http-outgoing-20 << "[\r][\n]"
12:25:59.822 [Forwarding findElement on session 18063075-812d-4a4c-a6cd-30fbf03bc7bd to remote] DEBUG org.apache.http.wire - http-outgoing-20 << "{"status":0,"value":{"ELEMENT":"3D010000-0000-0000-CF19-000000000000"},"sessionId":"18063075-812d-4a4c-a6cd-30fbf03bc7bd"}"
&amp#27;[35m[HTTP]&amp#27;[39m &amp#27;[37m<-- POST /wd/hub/12:25:59.822 [Forwarding findElement on session 18063075-812d-4a4c-a6cd-30fbf03bc7bd to remote] DEBUG org.apache.http.headers - http-outgoing-20 << HTTP/1.1 200 OK
session/112:25:59.822 [Forwarding findElement on session 18063075-812d-4a4c-a6cd-30fbf03bc7bd to remote] DEBUG org.apache.http.headers - http-outgoing-20 << X-Powered-By: Express
12:25:59.822 [Forwarding findElement on session 18063075-812d-4a4c-a6cd-30fbf03bc7bd to remote] DEBUG org.apache.http.headers - http-outgoing-20 << Access-Control-Allow-Origin: *
12:25:59.822 [Forwarding findElement on session 18063075-812d-4a4c-a6cd-30fbf03bc7bd to remote] DEBUG org.apache.http.headers - http-outgoing-20 << Access-Control-Allow-Methods: GET,POST,PUT,OPTIONS,DELETE
12:25:59.822 [Forwarding findElement on session 18063075-812d-4a4c-a6cd-30fbf03bc7bd to remote] DEBUG org.apache.http.headers - http-outgoing-20 << Access-Control-Allow-Headers: origin, content-type, accept
12:25:59.822 [Forwarding findElement on session 18063075-812d-4a4c-a6cd-30fbf03bc7bd to remote] DEBUG org.apache.http.headers - http-outgoing-20 << Vary: X-HTTP-Method-Override
12:25:59.822 [Forwarding findElement on session 18063075-812d-4a4c-a6cd-30fbf03bc7bd to remote] DEBUG org.apache.http.headers - http-outgoing-20 << Content-Type: application/json; charset=utf-8
12:25:59.822 [Forwarding findElement on session 18063075-812d-4a4c-a6cd-30fbf03bc7bd to remote] DEBUG org.apache.http.headers - http-outgoing-20 << Content-Length: 122
12:25:59.822 [Forwarding findElement on session 18063075-812d-4a4c-a6cd-30fbf03bc7bd to remote] DEBUG org.apache.http.headers - http-outgoing-20 << ETag: W/"7a-Wd7p4M3klfTint7ivl0am/Q3//w"
12:25:59.822 [Forwarding findElement on session 18063075-812d-4a4c-a6cd-30fbf03bc7bd to remote] DEBUG org.apache.http.headers - http-outgoing-20 << Date: Fri, 23 Aug 2019 06:55:59 GMT
12:25:59.822 [Forwarding findElement on session 18063075-812d-4a4c-a6cd-30fbf03bc7bd to remote] DEBUG org.apache.http.headers - http-outgoing-20 << Connection: keep-alive
8063075-812d-4a4c-a6cd-30fbf03bc7bd/element &amp#27;[39m&amp#27;[32m200&amp#27;[39m &amp#27;[90m41712:25:59.822 [Forwarding findElement on session 18063075-812d-4a4c-a6cd-30fbf03bc7bd to remote] DEBUG o.a.h.impl.execchain.MainClientExec - Connection can be kept alive indefinitely
5 ms - 122&amp#27;12:25:59.823 [Forwarding findElement on session 18063075-812d-4a4c-a6cd-30fbf03bc7bd to remote] DEBUG o.a.h.i.c.PoolingHttpClientConnectionManager - Connection [id: 20][route: {}->http://localhost:4723] can be kept alive indefinitely
[39m
12:25:59.823 [Forwarding findElement on session 18063075-812d-4a4c-a6cd-30fbf03bc7bd to remote] DEBUG o.a.h.i.c.PoolingHttpClientConnectionManager - Connection released: [id: 20][route: {}->http://localhost:4723][total kept alive: 1; route allocated: 1 of 2000; total allocated: 1 of 2000]
&amp#27;[35m[HTTP]&amp#27;[39m &amp#27;[90m&amp#27;[39m
12:25:59.824 [Forwarding findElement on session 18063075-812d-4a4c-a6cd-30fbf03bc7bd to remote] DEBUG o.a.h.c.protocol.RequestAddCookies - CookieSpec selected: default
12:25:59.824 [Forwarding findElement on session 18063075-812d-4a4c-a6cd-30fbf03bc7bd to remote] DEBUG o.a.h.c.protocol.RequestAuthCache - Auth cache not set in the context
12:25:59.824 [Forwarding findElement on session 18063075-812d-4a4c-a6cd-30fbf03bc7bd to remote] DEBUG o.a.h.i.c.PoolingHttpClientConnectionManager - Connection request: [route: {}->http://localhost:4723][total kept alive: 1; route allocated: 1 of 2000; total allocated: 1 of 2000]
12:25:59.824 [Forwarding findElement on session 18063075-812d-4a4c-a6cd-30fbf03bc7bd to remote] DEBUG o.a.h.i.c.PoolingHttpClientConnectionManager - Connection leased: [id: 20][route: {}->http://localhost:4723][total kept alive: 0; route allocated: 1 of 2000; total allocated: 1 of 2000]
12:25:59.824 [Forwarding findElement on session 18063075-812d-4a4c-a6cd-30fbf03bc7bd to remote] DEBUG o.a.h.impl.execchain.MainClientExec - Stale connection check
12:25:59.825 [Forwarding findElement on session 18063075-812d-4a4c-a6cd-30fbf03bc7bd to remote] DEBUG org.apache.http.wire - http-outgoing-20 << "[read] I/O error: Read timed out"
12:25:59.826 [Forwarding findElement on session 18063075-812d-4a4c-a6cd-30fbf03bc7bd to remote] DEBUG o.a.h.i.c.DefaultManagedHttpClientConnection - http-outgoing-20: set socket timeout to 10800000
12:25:59.826 [Forwarding findElement on session 18063075-812d-4a4c-a6cd-30fbf03bc7bd to remote] DEBUG o.a.h.impl.execchain.MainClientExec - Executing request POST /wd/hub/session/18063075-812d-4a4c-a6cd-30fbf03bc7bd/element HTTP/1.1
12:25:59.826 [Forwarding findElement on session 18063075-812d-4a4c-a6cd-30fbf03bc7bd to remote] DEBUG o.a.h.impl.execchain.MainClientExec - Target auth state: UNCHALLENGED
12:25:59.826 [Forwarding findElement on session 18063075-812d-4a4c-a6cd-30fbf03bc7bd to remote] DEBUG o.a.h.impl.execchain.MainClientExec - Proxy auth state: UNCHALLENGED
12:25:59.826 [Forwarding findElement on session 18063075-812d-4a4c-a6cd-30fbf03bc7bd to remote] DEBUG org.apache.http.headers - http-outgoing-20 >> POST /wd/hub/session/18063075-812d-4a4c-a6cd-30fbf03bc7bd/element HTTP/1.1
12:25:59.826 [Forwarding findElement on session 18063075-812d-4a4c-a6cd-30fbf03bc7bd to remote] DEBUG org.apache.http.headers - http-outgoing-20 >> Content-Type: application/json; charset=utf-8
12:25:59.826 [Forwarding findElement on session 18063075-812d-4a4c-a6cd-30fbf03bc7bd to remote] DEBUG org.apache.http.headers - http-outgoing-20 >> Content-Length: 299
12:25:59.826 [Forwarding findElement on session 18063075-812d-4a4c-a6cd-30fbf03bc7bd to remote] DEBUG org.apache.http.headers - http-outgoing-20 >> Host: localhost:4723
12:25:59.826 [Forwarding findElement on session 18063075-812d-4a4c-a6cd-30fbf03bc7bd to remote] DEBUG org.apache.http.headers - http-outgoing-20 >> Connection: Keep-Alive
12:25:59.826 [Forwarding findElement on session 18063075-812d-4a4c-a6cd-30fbf03bc7bd to remote] DEBUG org.apache.http.headers - http-outgoing-20 >> User-Agent: Apache-HttpClient/4.5.2 (Java/1.8.0_171)
12:25:59.826 [Forwarding findElement on session 18063075-812d-4a4c-a6cd-30fbf03bc7bd to remote] DEBUG org.apache.http.headers - http-outgoing-20 >> Accept-Encoding: gzip,deflate
12:25:59.826 [Forwarding findElement on session 18063075-812d-4a4c-a6cd-30fbf03bc7bd to remote] DEBUG org.apache.http.wire - http-outgoing-20 >> "POST /wd/hub/session/18063075-812d-4a4c-a6cd-30fbf03bc7bd/element HTTP/1.1[\r][\n]"
12:25:59.826 [Forwarding findElement on session 18063075-812d-4a4c-a6cd-30fbf03bc7bd to remote] DEBUG org.apache.http.wire - http-outgoing-20 >> "Content-Type: application/json; charset=utf-8[\r][\n]"
12:25:59.826 [Forwarding findElement on session 18063075-812d-4a4c-a6cd-30fbf03bc7bd to remote] DEBUG org.apache.http.wire - http-outgoing-20 >> "Content-Length: 299[\r][\n]"
12:25:59.826 [Forwarding findElement on session 18063075-812d-4a4c-a6cd-30fbf03bc7bd to remote] DEBUG org.apache.http.wire - http-outgoing-20 >> "Host: localhost:4723[\r][\n]"
12:25:59.826 [Forwarding findElement on session 18063075-812d-4a4c-a6cd-30fbf03bc7bd to remote] DEBUG org.apache.http.wire - http-outgoing-20 >> "Connection: Keep-Alive[\r][\n]"
12:25:59.826 [Forwarding findElement on session 18063075-812d-4a4c-a6cd-30fbf03bc7bd to remote] DEBUG org.apache.http.wire - http-outgoing-20 >> "User-Agent: Apache-HttpClient/4.5.2 (Java/1.8.0_171)[\r][\n]"
12:25:59.826 [Forwarding findElement on session 18063075-812d-4a4c-a6cd-30fbf03bc7bd to remote] DEBUG org.apache.http.wire - http-outgoing-20 >> "Accept-Encoding: gzip,deflate[\r][\n]"
12:25:59.826 [Forwarding findElement on session 18063075-812d-4a4c-a6cd-30fbf03bc7bd to remote] DEBUG org.apache.http.wire - http-outgoing-20 >> "[\r][\n]"
12:25:59.826 [Forwarding findElement on session 18063075-812d-4a4c-a6cd-30fbf03bc7bd to remote] DEBUG org.apache.http.wire - http-outgoing-20 >> "{"using":"xpath","value":"//XCUIElementTypeApplication/XCUIElementTypeWindow/XCUIElementTypeOther/XCUIElementTypeOther/XCUIElementTypeOther/XCUIElementTypeOther/XCUIElementTypeOther/XCUIElementTypeOther/XCUIElementTypeOther/XCUIElementTypeTable/XCUIElementTypeCell[10]/XCUIElementTypeStaticText[2]"}"
&amp#27;[35m[HTTP]&amp#27;[39m &amp#27;[37m-->&amp#27;[39m &amp#27;[37mPOST&amp#27;[39m &amp#27;[37m/wd/hub/session/18063075-812d-4a4c-a6cd-30fbf03bc7bd/element&amp#27;[39m
&amp#27;[35m[HTTP]&amp#27;[39m &amp#27;[90m{"using":"xpath","value":"//XCUIElementTypeApplication/XCUIElementTypeWindow/XCUIElementTypeOther/XCUIElementTypeOther/XCUIElementTypeOther/XCUIElementTypeOther/XCUIElementTypeOther/XCUIElementTypeOther/XCUIElementTypeOther/XCUIElementTypeTable/XCUIElementTypeCell[10]/XCUIElementTypeStaticText[2]"}&amp#27;[39m
12:26:03.849 [Forwarding findElement on session 18063075-812d-4a4c-a6cd-30fbf03bc7bd to remote] DEBUG org.apache.http.wire - http-outgoing-20 << "HTTP/1.1 200 OK[\r][\n]"
12:26:03.849 [Forwarding findElement on session 18063075-812d-4a4c-a6cd-30fbf03bc7bd to remote] DEBUG org.apache.http.wire - http-outgoing-20 << "X-Powered-By: Express[\r][\n]"
12:26:03.849 [Forwarding findElement on session 18063075-812d-4a4c-a6cd-30fbf03bc7bd to remote] DEBUG org.apache.http.wire - http-outgoing-20 << "Access-Control-Allow-Origin: *[\r][\n]"
12:26:03.849 [Forwarding findElement on session 18063075-812d-4a4c-a6cd-30fbf03bc7bd to remote] DEBUG org.apache.http.wire - http-outgoing-20 << "Access-Control-Allow-Methods: GET,POST,PUT,OPTIONS,DELETE[\r][\n]"
12:26:03.849 [Forwarding findElement on session 18063075-812d-4a4c-a6cd-30fbf03bc7bd to remote] DEBUG org.apache.http.wire - http-outgoing-20 << "Access-Control-Allow-Headers: origin, content-type, accept[\r][\n]"
12:26:03.849 [Forwarding findElement on session 18063075-812d-4a4c-a6cd-30fbf03bc7bd to remote] DEBUG org.apache.http.wire - http-outgoing-20 << "Vary: X-HTTP-Method-Override[\r][\n]"
12:26:03.849 [Forwarding findElement on session 18063075-812d-4a4c-a6cd-30fbf03bc7bd to remote] DEBUG org.apache.http.wire - http-outgoing-20 << "Content-Type: application/json; charset=utf-8[\r][\n]"
12:26:03.849 [Forwarding findElement on session 18063075-812d-4a4c-a6cd-30fbf03bc7bd to remote] DEBUG org.apache.http.wire - http-outgoing-20 << "Content-Length: 122[\r][\n]"
12:26:03.849 [Forwarding findElement on session 18063075-812d-4a4c-a6cd-30fbf03bc7bd to remote] DEBUG org.apache.http.wire - http-outgoing-20 << "ETag: W/"7a-Wd7p4M3klfTint7ivl0am/Q3//w"[\r][\n]"
12:26:03.849 [Forwarding findElement on session 18063075-812d-4a4c-a6cd-30fbf03bc7bd to remote] DEBUG org.apache.http.wire - http-outgoing-20 << "Date: Fri, 23 Aug 2019 06:56:03 GMT[\r][\n]"
12:26:03.849 [Forwarding findElement on session 18063075-812d-4a4c-a6cd-30fbf03bc7bd to remote] DEBUG org.apache.http.wire - http-outgoing-20 << "Connection: keep-alive[\r][\n]"
12:26:03.849 [Forwarding findElement on session 18063075-812d-4a4c-a6cd-30fbf03bc7bd to remote] DEBUG org.apache.http.wire - http-outgoing-20 << "[\r][\n]"
12:26:03.849 [Forwarding findElement on session 18063075-812d-4a4c-a6cd-30fbf03bc7bd to remote] DEBUG org.apache.http.wire - http-outgoing-20 << "{"status":0,"value":{"ELEMENT":"3D010000-0000-0000-CF19-000000000000"},"sessionId":"18063075-812d-4a4c-a6cd-30fbf03bc7bd"}"
&amp#27;[12:26:03.849 [Forwarding findElement on session 18063075-812d-4a4c-a6cd-30fbf03bc7bd to remote] DEBUG org.apache.http.headers - http-outgoing-20 << HTTP/1.1 200 OK
12:26:03.849 [Forwarding findElement on session 18063075-812d-4a4c-a6cd-30fbf03bc7bd to remote] DEBUG org.apache.http.headers - http-outgoing-20 << X-Powered-By: Express
12:26:03.849 [Forwarding findElement on session 18063075-812d-4a4c-a6cd-30fbf03bc7bd to remote] DEBUG org.apache.http.headers - http-outgoing-20 << Access-Control-Allow-Origin: *
12:26:03.849 [Forwarding findElement on session 18063075-812d-4a4c-a6cd-30fbf03bc7bd to remote] DEBUG org.apache.http.headers - http-outgoing-20 << Access-Control-Allow-Methods: GET,POST,PUT,OPTIONS,DELETE
12:26:03.849 [Forwarding findElement on session 18063075-812d-4a4c-a6cd-30fbf03bc7bd to remote] DEBUG org.apache.http.headers - http-outgoing-20 << Access-Control-Allow-Headers: origin, content-type, accept
12:26:03.849 [Forwarding findElement on session 18063075-812d-4a4c-a6cd-30fbf03bc7bd to remote] DEBUG org.apache.http.headers - http-outgoing-20 << Vary: X-HTTP-Method-Override
12:26:03.849 [Forwarding findElement on session 18063075-812d-4a4c-a6cd-30fbf03bc7bd to remote] DEBUG org.apache.http.headers - http-outgoing-20 << Content-Type: application/json; charset=utf-8
12:26:03.849 [Forwarding findElement on session 18063075-812d-4a4c-a6cd-30fbf03bc7bd to remote] DEBUG org.apache.http.headers - http-outgoing-20 << Content-Length: 122
12:26:03.849 [Forwarding findElement on session 18063075-812d-4a4c-a6cd-30fbf03bc7bd to remote] DEBUG org.apache.http.headers - http-outgoing-20 << ETag: W/"7a-Wd7p4M3klfTint7ivl0am/Q3//w"
12:26:03.849 [Forwarding findElement on session 18063075-812d-4a4c-a6cd-30fbf03bc7bd to remote] DEBUG org.apache.http.headers - http-outgoing-20 << Date: Fri, 23 Aug 2019 06:56:03 GMT
12:26:03.849 [Forwarding findElement on session 18063075-812d-4a4c-a6cd-30fbf03bc7bd to remote] DEBUG org.apache.http.headers - http-outgoing-20 << Connection: keep-alive
35m[HTTP]&amp#27;[39m &amp#27;[37m<-- POST /wd/hub/session/18063075-812d-4a4c-a6cd-30fbf03b12:26:03.849 [Forwarding findElement on session 18063075-812d-4a4c-a6cd-30fbf03bc7bd to remote] DEBUG o.a.h.impl.execchain.MainClientExec - Connection can be kept alive indefinitely
c7bd/element &amp#27;[12:26:03.850 [Forwarding findElement on session 18063075-812d-4a4c-a6cd-30fbf03bc7bd to remote] DEBUG o.a.h.i.c.PoolingHttpClientConnectionManager - Connection [id: 20][route: {}->http://localhost:4723] can be kept alive indefinitely
39m&amp#27;12:26:03.850 [Forwarding findElement on session 18063075-812d-4a4c-a6cd-30fbf03bc7bd to remote] DEBUG o.a.h.i.c.PoolingHttpClientConnectionManager - Connection released: [id: 20][route: {}->http://localhost:4723][total kept alive: 1; route allocated: 1 of 2000; total allocated: 1 of 2000]
[32m200&amp#27;[39m &amp#27;[90m4022 ms - 122&amp#27;[39m
&amp#27;[35m[HTTP]&amp#27;[39m &amp#27;[90m&amp#27;[39m
12:26:03.851 [Forwarding getElementText on session 18063075-812d-4a4c-a6cd-30fbf03bc7bd to remote] DEBUG o.a.h.c.protocol.RequestAddCookies - CookieSpec selected: default
12:26:03.851 [Forwarding getElementText on session 18063075-812d-4a4c-a6cd-30fbf03bc7bd to remote] DEBUG o.a.h.c.protocol.RequestAuthCache - Auth cache not set in the context
12:26:03.851 [Forwarding getElementText on session 18063075-812d-4a4c-a6cd-30fbf03bc7bd to remote] DEBUG o.a.h.i.c.PoolingHttpClientConnectionManager - Connection request: [route: {}->http://localhost:4723][total kept alive: 1; route allocated: 1 of 2000; total allocated: 1 of 2000]
12:26:03.851 [Forwarding getElementText on session 18063075-812d-4a4c-a6cd-30fbf03bc7bd to remote] DEBUG o.a.h.i.c.PoolingHttpClientConnectionManager - Connection leased: [id: 20][route: {}->http://localhost:4723][total kept alive: 0; route allocated: 1 of 2000; total allocated: 1 of 2000]
12:26:03.851 [Forwarding getElementText on session 18063075-812d-4a4c-a6cd-30fbf03bc7bd to remote] DEBUG o.a.h.impl.execchain.MainClientExec - Stale connection check
12:26:03.853 [Forwarding getElementText on session 18063075-812d-4a4c-a6cd-30fbf03bc7bd to remote] DEBUG org.apache.http.wire - http-outgoing-20 << "[read] I/O error: Read timed out"
12:26:03.853 [Forwarding getElementText on session 18063075-812d-4a4c-a6cd-30fbf03bc7bd to remote] DEBUG o.a.h.i.c.DefaultManagedHttpClientConnection - http-outgoing-20: set socket timeout to 10800000
12:26:03.853 [Forwarding getElementText on session 18063075-812d-4a4c-a6cd-30fbf03bc7bd to remote] DEBUG o.a.h.impl.execchain.MainClientExec - Executing request GET /wd/hub/session/18063075-812d-4a4c-a6cd-30fbf03bc7bd/element/3D010000-0000-0000-CF19-000000000000/text HTTP/1.1
12:26:03.853 [Forwarding getElementText on session 18063075-812d-4a4c-a6cd-30fbf03bc7bd to remote] DEBUG o.a.h.impl.execchain.MainClientExec - Target auth state: UNCHALLENGED
12:26:03.853 [Forwarding getElementText on session 18063075-812d-4a4c-a6cd-30fbf03bc7bd to remote] DEBUG o.a.h.impl.execchain.MainClientExec - Proxy auth state: UNCHALLENGED
12:26:03.853 [Forwarding getElementText on session 18063075-812d-4a4c-a6cd-30fbf03bc7bd to remote] DEBUG org.apache.http.headers - http-outgoing-20 >> GET /wd/hub/session/18063075-812d-4a4c-a6cd-30fbf03bc7bd/element/3D010000-0000-0000-CF19-000000000000/text HTTP/1.1
12:26:03.853 [Forwarding getElementText on session 18063075-812d-4a4c-a6cd-30fbf03bc7bd to remote] DEBUG org.apache.http.headers - http-outgoing-20 >> Cache-Control: no-cache
12:26:03.853 [Forwarding getElementText on session 18063075-812d-4a4c-a6cd-30fbf03bc7bd to remote] DEBUG org.apache.http.headers - http-outgoing-20 >> Host: localhost:4723
12:26:03.853 [Forwarding getElementText on session 18063075-812d-4a4c-a6cd-30fbf03bc7bd to remote] DEBUG org.apache.http.headers - http-outgoing-20 >> Connection: Keep-Alive
12:26:03.853 [Forwarding getElementText on session 18063075-812d-4a4c-a6cd-30fbf03bc7bd to remote] DEBUG org.apache.http.headers - http-outgoing-20 >> User-Agent: Apache-HttpClient/4.5.2 (Java/1.8.0_171)
12:26:03.853 [Forwarding getElementText on session 18063075-812d-4a4c-a6cd-30fbf03bc7bd to remote] DEBUG org.apache.http.headers - http-outgoing-20 >> Accept-Encoding: gzip,deflate
12:26:03.853 [Forwarding getElementText on session 18063075-812d-4a4c-a6cd-30fbf03bc7bd to remote] DEBUG org.apache.http.wire - http-outgoing-20 >> "GET /wd/hub/session/18063075-812d-4a4c-a6cd-30fbf03bc7bd/element/3D010000-0000-0000-CF19-000000000000/text HTTP/1.1[\r][\n]"
12:26:03.853 [Forwarding getElementText on session 18063075-812d-4a4c-a6cd-30fbf03bc7bd to remote] DEBUG org.apache.http.wire - http-outgoing-20 >> "Cache-Control: no-cache[\r][\n]"
12:26:03.853 [Forwarding getElementText on session 18063075-812d-4a4c-a6cd-30fbf03bc7bd to remote] DEBUG org.apache.http.wire - http-outgoing-20 >> "Host: localhost:4723[\r][\n]"
12:26:03.853 [Forwarding getElementText on session 18063075-812d-4a4c-a6cd-30fbf03bc7bd to remote] DEBUG org.apache.http.wire - http-outgoing-20 >> "Connection: Keep-Alive[\r][\n]"
12:26:03.853 [Forwarding getElementText on session 18063075-812d-4a4c-a6cd-30fbf03bc7bd to remote] DEBUG org.apache.http.wire - http-outgoing-20 >> "User-Agent: Apache-HttpClient/4.5.2 (Java/1.8.0_171)[\r][\n]"
12:26:03.853 [Forwarding getElementText on session 18063075-812d-4a4c-a6cd-30fbf03bc7bd to remote] DEBUG org.apache.http.wire - http-outgoing-20 >> "Accept-Encoding: gzip,deflate[\r][\n]"
12:26:03.853 [Forwarding getElementText on session 18063075-812d-4a4c-a6cd-30fbf03bc7bd to remote] DEBUG org.apache.http.wire - http-outgoing-20 >> "[\r][\n]"
&amp#27;[35m[HTTP]&amp#27;[39m &amp#27;[37m-->&amp#27;[39m &amp#27;[37mGET&amp#27;[39m &amp#27;[37m/wd/hub/session/18063075-812d-4a4c-a6cd-30fbf03bc7bd/element/3D010000-0000-0000-CF19-000000000000/text&amp#27;[39m
&amp#27;[35m[HTTP]&amp#27;[39m &amp#27;[90m{}&amp#27;[39m
&amp#27;[35m[MJSONWP]&amp#27;[39m Driver proxy active, passing request on via HTTP proxy
&amp#27;[35m[JSONWP Proxy]&amp#27;[39m Replacing sessionId B74F9560-FF94-4D04-9569-9BCC9965012:26:04.045 [Forwarding getElementText on session 18063075-812d-4a4c-a6cd-30fbf03bc7bd to remote] DEBUG org.apache.http.wire - http-outgoing-20 << "HTTP/1.1 200 OK[\r][\n]"
3BA with 18063075-812d-4a4c-a6cd-30fbf03bc7bd
12:26:04.046 [Forwarding getElementText on session 18063075-812d-4a4c-a6cd-30fbf03bc7bd to remote] DEBUG org.apache.http.wire - http-outgoing-20 << "X-Powered-By: Express[\r][\n]"
&amp#27;[12:26:04.046 [Forwarding getElementText on session 18063075-812d-4a4c-a6cd-30fbf03bc7bd to remote] DEBUG org.apache.http.wire - http-outgoing-20 << "Access-Control-Allow-Origin: *[\r][\n]"
35m[HTTP]&amp#27;[39m &amp#27;[37m<-- GET /wd/hub/session/18063075-812d-4a4c-a6cd-30fbf03bc7bd/element/3D010000-0000-0000-CF19-000000000000/text &amp#27;[39m&amp#27;[32m200&amp#27;[39m &amp#27;[90m192 ms - 99&amp#27;[39m
&amp#27;[35m[HTTP]&amp#27;[39m &amp#27;[90m&amp#27;[39m
12:26:04.046 [Forwarding getElementText on session 18063075-812d-4a4c-a6cd-30fbf03bc7bd to remote] DEBUG org.apache.http.wire - http-outgoing-20 << "Access-Control-Allow-Methods: GET,POST,PUT,OPTIONS,DELETE[\r][\n]"
12:26:04.047 [Forwarding getElementText on session 18063075-812d-4a4c-a6cd-30fbf03bc7bd to remote] DEBUG org.apache.http.wire - http-outgoing-20 << "Access-Control-Allow-Headers: origin, content-type, accept[\r][\n]"
12:26:04.047 [Forwarding getElementText on session 18063075-812d-4a4c-a6cd-30fbf03bc7bd to remote] DEBUG org.apache.http.wire - http-outgoing-20 << "Content-Type: application/json; charset=utf-8[\r][\n]"
12:26:04.047 [Forwarding getElementText on session 18063075-812d-4a4c-a6cd-30fbf03bc7bd to remote] DEBUG org.apache.http.wire - http-outgoing-20 << "Content-Length: 99[\r][\n]"
12:26:04.047 [Forwarding getElementText on session 18063075-812d-4a4c-a6cd-30fbf03bc7bd to remote] DEBUG org.apache.http.wire - http-outgoing-20 << "ETag: W/"63-Upvl/PBkJIQMQvTXHCz/8mvBMSU"[\r][\n]"
12:26:04.047 [Forwarding getElementText on session 18063075-812d-4a4c-a6cd-30fbf03bc7bd to remote] DEBUG org.apache.http.wire - http-outgoing-20 << "Date: Fri, 23 Aug 2019 06:56:04 GMT[\r][\n]"
12:26:04.047 [Forwarding getElementText on session 18063075-812d-4a4c-a6cd-30fbf03bc7bd to remote] DEBUG org.apache.http.wire - http-outgoing-20 << "Connection: keep-alive[\r][\n]"
12:26:04.047 [Forwarding getElementText on session 18063075-812d-4a4c-a6cd-30fbf03bc7bd to remote] DEBUG org.apache.http.wire - http-outgoing-20 << "[\r][\n]"
12:26:04.047 [Forwarding getElementText on session 18063075-812d-4a4c-a6cd-30fbf03bc7bd to remote] DEBUG org.apache.http.wire - http-outgoing-20 << "{"value":"autoiniosfree@yopmail.com","sessionId":"18063075-812d-4a4c-a6cd-30fbf03bc7bd","status":0}"
12:26:04.047 [Forwarding getElementText on session 18063075-812d-4a4c-a6cd-30fbf03bc7bd to remote] DEBUG org.apache.http.headers - http-outgoing-20 << HTTP/1.1 200 OK
12:26:04.048 [Forwarding getElementText on session 18063075-812d-4a4c-a6cd-30fbf03bc7bd to remote] DEBUG org.apache.http.headers - http-outgoing-20 << X-Powered-By: Express
12:26:04.048 [Forwarding getElementText on session 18063075-812d-4a4c-a6cd-30fbf03bc7bd to remote] DEBUG org.apache.http.headers - http-outgoing-20 << Access-Control-Allow-Origin: *
12:26:04.048 [Forwarding getElementText on session 18063075-812d-4a4c-a6cd-30fbf03bc7bd to remote] DEBUG org.apache.http.headers - http-outgoing-20 << Access-Control-Allow-Methods: GET,POST,PUT,OPTIONS,DELETE
12:26:04.048 [Forwarding getElementText on session 18063075-812d-4a4c-a6cd-30fbf03bc7bd to remote] DEBUG org.apache.http.headers - http-outgoing-20 << Access-Control-Allow-Headers: origin, content-type, accept
12:26:04.048 [Forwarding getElementText on session 18063075-812d-4a4c-a6cd-30fbf03bc7bd to remote] DEBUG org.apache.http.headers - http-outgoing-20 << Content-Type: application/json; charset=utf-8
12:26:04.048 [Forwarding getElementText on session 18063075-812d-4a4c-a6cd-30fbf03bc7bd to remote] DEBUG org.apache.http.headers - http-outgoing-20 << Content-Length: 99
12:26:04.048 [Forwarding getElementText on session 18063075-812d-4a4c-a6cd-30fbf03bc7bd to remote] DEBUG org.apache.http.headers - http-outgoing-20 << ETag: W/"63-Upvl/PBkJIQMQvTXHCz/8mvBMSU"
12:26:04.048 [Forwarding getElementText on session 18063075-812d-4a4c-a6cd-30fbf03bc7bd to remote] DEBUG org.apache.http.headers - http-outgoing-20 << Date: Fri, 23 Aug 2019 06:56:04 GMT
12:26:04.048 [Forwarding getElementText on session 18063075-812d-4a4c-a6cd-30fbf03bc7bd to remote] DEBUG org.apache.http.headers - http-outgoing-20 << Connection: keep-alive
12:26:04.048 [Forwarding getElementText on session 18063075-812d-4a4c-a6cd-30fbf03bc7bd to remote] DEBUG o.a.h.impl.execchain.MainClientExec - Connection can be kept alive indefinitely
12:26:04.048 [Forwarding getElementText on session 18063075-812d-4a4c-a6cd-30fbf03bc7bd to remote] DEBUG o.a.h.i.c.PoolingHttpClientConnectionManager - Connection [id: 20][route: {}->http://localhost:4723] can be kept alive indefinitely
12:26:04.048 [Forwarding getElementText on session 18063075-812d-4a4c-a6cd-30fbf03bc7bd to remote] DEBUG o.a.h.i.c.PoolingHttpClientConnectionManager - Connection released: [id: 20][route: {}->http://localhost:4723][total kept alive: 1; route allocated: 1 of 2000; total allocated: 1 of 2000]
12:26:04.048 [Forwarding findElement on session 18063075-812d-4a4c-a6cd-30fbf03bc7bd to remote] DEBUG o.a.h.c.protocol.RequestAddCookies - CookieSpec selected: default
12:26:04.048 [Forwarding findElement on session 18063075-812d-4a4c-a6cd-30fbf03bc7bd to remote] DEBUG o.a.h.c.protocol.RequestAuthCache - Auth cache not set in the context
12:26:04.048 [Forwarding findElement on session 18063075-812d-4a4c-a6cd-30fbf03bc7bd to remote] DEBUG o.a.h.i.c.PoolingHttpClientConnectionManager - Connection request: [route: {}->http://localhost:4723][total kept alive: 1; route allocated: 1 of 2000; total allocated: 1 of 2000]
12:26:04.048 [Forwarding findElement on session 18063075-812d-4a4c-a6cd-30fbf03bc7bd to remote] DEBUG o.a.h.i.c.PoolingHttpClientConnectionManager - Connection leased: [id: 20][route: {}->http://localhost:4723][total kept alive: 0; route allocated: 1 of 2000; total allocated: 1 of 2000]
12:26:04.048 [Forwarding findElement on session 18063075-812d-4a4c-a6cd-30fbf03bc7bd to remote] DEBUG o.a.h.impl.execchain.MainClientExec - Stale connection check
12:26:04.050 [Forwarding findElement on session 18063075-812d-4a4c-a6cd-30fbf03bc7bd to remote] DEBUG org.apache.http.wire - http-outgoing-20 << "[read] I/O error: Read timed out"
12:26:04.050 [Forwarding findElement on session 18063075-812d-4a4c-a6cd-30fbf03bc7bd to remote] DEBUG o.a.h.i.c.DefaultManagedHttpClientConnection - http-outgoing-20: set socket timeout to 10800000
12:26:04.050 [Forwarding findElement on session 18063075-812d-4a4c-a6cd-30fbf03bc7bd to remote] DEBUG o.a.h.impl.execchain.MainClientExec - Executing request POST /wd/hub/session/18063075-812d-4a4c-a6cd-30fbf03bc7bd/element HTTP/1.1
12:26:04.050 [Forwarding findElement on session 18063075-812d-4a4c-a6cd-30fbf03bc7bd to remote] DEBUG o.a.h.impl.execchain.MainClientExec - Target auth state: UNCHALLENGED
12:26:04.050 [Forwarding findElement on session 18063075-812d-4a4c-a6cd-30fbf03bc7bd to remote] DEBUG o.a.h.impl.execchain.MainClientExec - Proxy auth state: UNCHALLENGED
12:26:04.050 [Forwarding findElement on session 18063075-812d-4a4c-a6cd-30fbf03bc7bd to remote] DEBUG org.apache.http.headers - http-outgoing-20 >> POST /wd/hub/session/18063075-812d-4a4c-a6cd-30fbf03bc7bd/element HTTP/1.1
12:26:04.050 [Forwarding findElement on session 18063075-812d-4a4c-a6cd-30fbf03bc7bd to remote] DEBUG org.apache.http.headers - http-outgoing-20 >> Content-Type: application/json; charset=utf-8
12:26:04.050 [Forwarding findElement on session 18063075-812d-4a4c-a6cd-30fbf03bc7bd to remote] DEBUG org.apache.http.headers - http-outgoing-20 >> Content-Length: 42
12:26:04.050 [Forwarding findElement on session 18063075-812d-4a4c-a6cd-30fbf03bc7bd to remote] DEBUG org.apache.http.headers - http-outgoing-20 >> Host: localhost:4723
12:26:04.050 [Forwarding findElement on session 18063075-812d-4a4c-a6cd-30fbf03bc7bd to remote] DEBUG org.apache.http.headers - http-outgoing-20 >> Connection: Keep-Alive
12:26:04.050 [Forwarding findElement on session 18063075-812d-4a4c-a6cd-30fbf03bc7bd to remote] DEBUG org.apache.http.headers - http-outgoing-20 >> User-Agent: Apache-HttpClient/4.5.2 (Java/1.8.0_171)
12:26:04.050 [Forwarding findElement on session 18063075-812d-4a4c-a6cd-30fbf03bc7bd to remote] DEBUG org.apache.http.headers - http-outgoing-20 >> Accept-Encoding: gzip,deflate
12:26:04.050 [Forwarding findElement on session 18063075-812d-4a4c-a6cd-30fbf03bc7bd to remote] DEBUG org.apache.http.wire - http-outgoing-20 >> "POST /wd/hub/session/18063075-812d-4a4c-a6cd-30fbf03bc7bd/element HTTP/1.1[\r][\n]"
12:26:04.050 [Forwarding findElement on session 18063075-812d-4a4c-a6cd-30fbf03bc7bd to remote] DEBUG org.apache.http.wire - http-outgoing-20 >> "Content-Type: application/json; charset=utf-8[\r][\n]"
12:26:04.050 [Forwarding findElement on session 18063075-812d-4a4c-a6cd-30fbf03bc7bd to remote] DEBUG org.apache.http.wire - http-outgoing-20 >> "Content-Length: 42[\r][\n]"
12:26:04.050 [Forwarding findElement on session 18063075-812d-4a4c-a6cd-30fbf03bc7bd to remote] DEBUG org.apache.http.wire - http-outgoing-20 >> "Host: localhost:4723[\r][\n]"
12:26:04.050 [Forwarding findElement on session 18063075-812d-4a4c-a6cd-30fbf03bc7bd to remote] DEBUG org.apache.http.wire - http-outgoing-20 >> "Connection: Keep-Alive[\r][\n]"
12:26:04.050 [Forwarding findElement on session 18063075-812d-4a4c-a6cd-30fbf03bc7bd to remote] DEBUG org.apache.http.wire - http-outgoing-20 >> "User-Agent: Apache-HttpClient/4.5.2 (Java/1.8.0_171)[\r][\n]"
12:26:04.050 [Forwarding findElement on session 18063075-812d-4a4c-a6cd-30fbf03bc7bd to remote] DEBUG org.apache.http.wire - http-outgoing-20 >> "Accept-Encoding: gzip,deflate[\r][\n]"
12:26:04.050 [Forwarding findElement on session 18063075-812d-4a4c-a6cd-30fbf03bc7bd to remote] DEBUG org.apache.http.wire - http-outgoing-20 >> "[\r][\n]"
12:26:04.050 [Forwarding findElement on session 18063075-812d-4a4c-a6cd-30fbf03bc7bd to remote] DEBUG org.apache.http.wire - http-outgoing-20 >> "{"using":"name","value":"navbar back btn"}"
&amp#27;[35m[HTTP]&amp#27;[39m &amp#27;[37m-->&amp#27;[39m &amp#27;[37mPOST&amp#27;[39m &amp#27;[37m/wd/hub/session/18063075-812d-4a4c-a6cd-30fbf03bc7bd/element&amp#27;[39m
&amp#27;[35m[HTTP]&amp#27;[39m &amp#27;[90m{"using":"name","value":"navbar back btn"}&amp#27;[39m
12:26:04.383 [Forwarding findElement on session 18063075-812d-4a4c-a6cd-30fbf03bc7bd to remote] DEBUG org.apache.http.wire - http-outgoing-20 << "HTTP/1.1 200 OK[\r][\n]"
12:26:04.383 [Forwarding findElement on session 18063075-812d-4a4c-a6cd-30fbf03bc7bd to remote] DEBUG org.apache.http.wire - http-outgoing-20 << "X-Powered-By: Express[\r][\n]"
12:26:04.383 [Forwarding findElement on session 18063075-812d-4a4c-a6cd-30fbf03bc7bd to remote] DEBUG org.apache.http.wire - http-outgoing-20 << "Access-Control-Allow-Origin: *[\r][\n]"
12:26:04.383 [Forwarding findElement on session 18063075-812d-4a4c-a6cd-30fbf03bc7bd to remote] DEBUG org.apache.http.wire - http-outgoing-20 << "Access-Control-Allow-Methods: GET,POST,PUT,OPTIONS,DELETE[\r][\n]"
12:26:04.383 [Forwarding findElement on session 18063075-812d-4a4c-a6cd-30fbf03bc7bd to remote] DEBUG org.apache.http.wire - http-outgoing-20 << "Access-Control-Allow-Headers: origin, content-type, accept[\r][\n]"
12:26:04.383 [Forwarding findElement on session 18063075-812d-4a4c-a6cd-30fbf03bc7bd to remote] DEBUG org.apache.http.wire - http-outgoing-20 << "Vary: X-HTTP-Method-Override[\r][\n]"
12:26:04.383 [Forwarding findElement on session 18063075-812d-4a4c-a6cd-30fbf03bc7bd to remote] DEBUG org.apache.http.wire - http-outgoing-20 << "Content-Type: application/json; charset=utf-8[\r][\n]"
12:26:04.383 [Forwarding findElement on session 18063075-812d-4a4c-a6cd-30fbf03bc7bd to remote] DEBUG org.apache.http.wire - http-outgoing-20 << "Content-Length: 122[\r][\n]"
12:26:04.383 [Forwarding findElement on session 18063075-812d-4a4c-a6cd-30fbf03bc7bd to remote] DEBUG org.apache.http.wire - http-outgoing-20 << "ETag: W/"7a-jbauHYGAwIGhKmiBDfySX0KGu5o"[\r][\n]"
12:26:04.383 [Forwarding findElement on session 18063075-812d-4a4c-a6cd-30fbf03bc7bd to remote] DEBUG org.apache.http.wire - http-outgoing-20 << "Date: Fri, 23 Aug 2019 06:56:04 GMT[\r][\n]"
12:26:04.383 [Forwarding findElement on session 18063075-812d-4a4c-a6cd-30fbf03bc7bd to remote] DEBUG org.apache.http.wire - http-outgoing-20 << "Connection: keep-alive[\r][\n]"
12:26:04.383 [Forwarding findElement on session 18063075-812d-4a4c-a6cd-30fbf03bc7bd to remote] DEBUG org.apache.http.wire - http-outgoing-20 << "[\r][\n]"
12:26:04.383 [Forwarding findElement on session 18063075-812d-4a4c-a6cd-30fbf03bc7bd to remote] DEBUG org.apache.http.wire - http-outgoing-20 << "{"status":0,"value":{"ELEMENT":"F1000000-0000-0000-CF19-000000000000"},"sessionId":"18063075-812d-4a4c-a6cd-30fbf03bc7bd"}"
&amp#27;[3512:26:04.383 [Forwarding findElement on session 18063075-812d-4a4c-a6cd-30fbf03bc7bd to remote] DEBUG org.apache.http.headers - http-outgoing-20 << HTTP/1.1 200 OK
m[HTTP]&amp#27;[39m &amp#27;[37m<-- POST /wd/hub/s12:26:04.383 [Forwarding findElement on session 18063075-812d-4a4c-a6cd-30fbf03bc7bd to remote] DEBUG org.apache.http.headers - http-outgoing-20 << X-Powered-By: Express
es12:26:04.384 [Forwarding findElement on session 18063075-812d-4a4c-a6cd-30fbf03bc7bd to remote] DEBUG org.apache.http.headers - http-outgoing-20 << Access-Control-Allow-Origin: *
12:26:04.384 [Forwarding findElement on session 18063075-812d-4a4c-a6cd-30fbf03bc7bd to remote] DEBUG org.apache.http.headers - http-outgoing-20 << Access-Control-Allow-Methods: GET,POST,PUT,OPTIONS,DELETE
12:26:04.384 [Forwarding findElement on session 18063075-812d-4a4c-a6cd-30fbf03bc7bd to remote] DEBUG org.apache.http.headers - http-outgoing-20 << Access-Control-Allow-Headers: origin, content-type, accept
12:26:04.384 [Forwarding findElement on session 18063075-812d-4a4c-a6cd-30fbf03bc7bd to remote] DEBUG org.apache.http.headers - http-outgoing-20 << Vary: X-HTTP-Method-Override
12:26:04.384 [Forwarding findElement on session 18063075-812d-4a4c-a6cd-30fbf03bc7bd to remote] DEBUG org.apache.http.headers - http-outgoing-20 << Content-Type: application/json; charset=utf-8
12:26:04.384 [Forwarding findElement on session 18063075-812d-4a4c-a6cd-30fbf03bc7bd to remote] DEBUG org.apache.http.headers - http-outgoing-20 << Content-Length: 122
12:26:04.384 [Forwarding findElement on session 18063075-812d-4a4c-a6cd-30fbf03bc7bd to remote] DEBUG org.apache.http.headers - http-outgoing-20 << ETag: W/"7a-jbauHYGAwIGhKmiBDfySX0KGu5o"
12:26:04.384 [Forwarding findElement on session 18063075-812d-4a4c-a6cd-30fbf03bc7bd to remote] DEBUG org.apache.http.headers - http-outgoing-20 << Date: Fri, 23 Aug 2019 06:56:04 GMT
12:26:04.384 [Forwarding findElement on session 18063075-812d-4a4c-a6cd-30fbf03bc7bd to remote] DEBUG org.apache.http.headers - http-outgoing-20 << Connection: keep-alive
sion/18063075-812d-4a4c-a6cd-30fbf03bc7bd/element &amp#27;[39m&amp#27;[32m200&amp#27;[39m &amp#27;[90m332 ms - 122&amp#27;[39m
12:26:04.384 [Forwarding findElement on session 18063075-812d-4a4c-a6cd-30fbf03bc7bd to remote] DEBUG o.a.h.impl.execchain.MainClientExec - Connection can be kept alive indefinitely
&amp#27;[35m[HTTP]&amp#27;[39m &amp#27;[90m&amp#27;[39m
12:26:04.385 [Forwarding findElement on session 18063075-812d-4a4c-a6cd-30fbf03bc7bd to remote] DEBUG o.a.h.i.c.PoolingHttpClientConnectionManager - Connection [id: 20][route: {}->http://localhost:4723] can be kept alive indefinitely
12:26:04.385 [Forwarding findElement on session 18063075-812d-4a4c-a6cd-30fbf03bc7bd to remote] DEBUG o.a.h.i.c.PoolingHttpClientConnectionManager - Connection released: [id: 20][route: {}->http://localhost:4723][total kept alive: 1; route allocated: 1 of 2000; total allocated: 1 of 2000]
12:26:04.385 [Forwarding isElementDisplayed on session 18063075-812d-4a4c-a6cd-30fbf03bc7bd to remote] DEBUG o.a.h.c.protocol.RequestAddCookies - CookieSpec selected: default
12:26:04.385 [Forwarding isElementDisplayed on session 18063075-812d-4a4c-a6cd-30fbf03bc7bd to remote] DEBUG o.a.h.c.protocol.RequestAuthCache - Auth cache not set in the context
12:26:04.385 [Forwarding isElementDisplayed on session 18063075-812d-4a4c-a6cd-30fbf03bc7bd to remote] DEBUG o.a.h.i.c.PoolingHttpClientConnectionManager - Connection request: [route: {}->http://localhost:4723][total kept alive: 1; route allocated: 1 of 2000; total allocated: 1 of 2000]
12:26:04.385 [Forwarding isElementDisplayed on session 18063075-812d-4a4c-a6cd-30fbf03bc7bd to remote] DEBUG o.a.h.i.c.PoolingHttpClientConnectionManager - Connection leased: [id: 20][route: {}->http://localhost:4723][total kept alive: 0; route allocated: 1 of 2000; total allocated: 1 of 2000]
12:26:04.385 [Forwarding isElementDisplayed on session 18063075-812d-4a4c-a6cd-30fbf03bc7bd to remote] DEBUG o.a.h.impl.execchain.MainClientExec - Stale connection check
12:26:04.387 [Forwarding isElementDisplayed on session 18063075-812d-4a4c-a6cd-30fbf03bc7bd to remote] DEBUG org.apache.http.wire - http-outgoing-20 << "[read] I/O error: Read timed out"
12:26:04.387 [Forwarding isElementDisplayed on session 18063075-812d-4a4c-a6cd-30fbf03bc7bd to remote] DEBUG o.a.h.i.c.DefaultManagedHttpClientConnection - http-outgoing-20: set socket timeout to 10800000
12:26:04.387 [Forwarding isElementDisplayed on session 18063075-812d-4a4c-a6cd-30fbf03bc7bd to remote] DEBUG o.a.h.impl.execchain.MainClientExec - Executing request GET /wd/hub/session/18063075-812d-4a4c-a6cd-30fbf03bc7bd/element/F1000000-0000-0000-CF19-000000000000/displayed HTTP/1.1
12:26:04.387 [Forwarding isElementDisplayed on session 18063075-812d-4a4c-a6cd-30fbf03bc7bd to remote] DEBUG o.a.h.impl.execchain.MainClientExec - Target auth state: UNCHALLENGED
12:26:04.387 [Forwarding isElementDisplayed on session 18063075-812d-4a4c-a6cd-30fbf03bc7bd to remote] DEBUG o.a.h.impl.execchain.MainClientExec - Proxy auth state: UNCHALLENGED
12:26:04.387 [Forwarding isElementDisplayed on session 18063075-812d-4a4c-a6cd-30fbf03bc7bd to remote] DEBUG org.apache.http.headers - http-outgoing-20 >> GET /wd/hub/session/18063075-812d-4a4c-a6cd-30fbf03bc7bd/element/F1000000-0000-0000-CF19-000000000000/displayed HTTP/1.1
12:26:04.387 [Forwarding isElementDisplayed on session 18063075-812d-4a4c-a6cd-30fbf03bc7bd to remote] DEBUG org.apache.http.headers - http-outgoing-20 >> Cache-Control: no-cache
12:26:04.387 [Forwarding isElementDisplayed on session 18063075-812d-4a4c-a6cd-30fbf03bc7bd to remote] DEBUG org.apache.http.headers - http-outgoing-20 >> Host: localhost:4723
12:26:04.387 [Forwarding isElementDisplayed on session 18063075-812d-4a4c-a6cd-30fbf03bc7bd to remote] DEBUG org.apache.http.headers - http-outgoing-20 >> Connection: Keep-Alive
12:26:04.387 [Forwarding isElementDisplayed on session 18063075-812d-4a4c-a6cd-30fbf03bc7bd to remote] DEBUG org.apache.http.headers - http-outgoing-20 >> User-Agent: Apache-HttpClient/4.5.2 (Java/1.8.0_171)
12:26:04.387 [Forwarding isElementDisplayed on session 18063075-812d-4a4c-a6cd-30fbf03bc7bd to remote] DEBUG org.apache.http.headers - http-outgoing-20 >> Accept-Encoding: gzip,deflate
12:26:04.387 [Forwarding isElementDisplayed on session 18063075-812d-4a4c-a6cd-30fbf03bc7bd to remote] DEBUG org.apache.http.wire - http-outgoing-20 >> "GET /wd/hub/session/18063075-812d-4a4c-a6cd-30fbf03bc7bd/element/F1000000-0000-0000-CF19-000000000000/displayed HTTP/1.1[\r][\n]"
12:26:04.387 [Forwarding isElementDisplayed on session 18063075-812d-4a4c-a6cd-30fbf03bc7bd to remote] DEBUG org.apache.http.wire - http-outgoing-20 >> "Cache-Control: no-cache[\r][\n]"
12:26:04.387 [Forwarding isElementDisplayed on session 18063075-812d-4a4c-a6cd-30fbf03bc7bd to remote] DEBUG org.apache.http.wire - http-outgoing-20 >> "Host: localhost:4723[\r][\n]"
12:26:04.387 [Forwarding isElementDisplayed on session 18063075-812d-4a4c-a6cd-30fbf03bc7bd to remote] DEBUG org.apache.http.wire - http-outgoing-20 >> "Connection: Keep-Alive[\r][\n]"
12:26:04.387 [Forwarding isElementDisplayed on session 18063075-812d-4a4c-a6cd-30fbf03bc7bd to remote] DEBUG org.apache.http.wire - http-outgoing-20 >> "User-Agent: Apache-HttpClient/4.5.2 (Java/1.8.0_171)[\r][\n]"
12:26:04.387 [Forwarding isElementDisplayed on session 18063075-812d-4a4c-a6cd-30fbf03bc7bd to remote] DEBUG org.apache.http.wire - http-outgoing-20 >> "Accept-Encoding: gzip,deflate[\r][\n]"
12:26:04.387 [Forwarding isElementDisplayed on session 18063075-812d-4a4c-a6cd-30fbf03bc7bd to remote] DEBUG org.apache.http.wire - http-outgoing-20 >> "[\r][\n]"
&amp#27;[35m[HTTP]&amp#27;[39m &amp#27;[37m-->&amp#27;[39m &amp#27;[37mGET&amp#27;[39m &amp#27;[37m/wd/hub/session/18063075-812d-4a4c-a6cd-30fbf03bc7bd/element/F1000000-0000-0000-CF19-000000000000/displayed&amp#27;[39m
&amp#27;[35m[HTTP]&amp#27;[39m &amp#27;[90m{}&amp#27;[39m
&amp#27;[35m[MJSONWP]&amp#27;[39m Driver proxy active, passing request on via HTTP proxy
&amp#27;[35m[JSONWP Proxy]&amp#27;[39m Replacing sessionId B74F9560-FF94-4D04-9569-9BCC996503BA with12:26:04.648 [Forwarding isElementDisplayed on session 18063075-812d-4a4c-a6cd-30fbf03bc7bd to remote] DEBUG org.apache.http.wire - http-outgoing-20 << "HTTP/1.1 200 OK[\r][\n]"
 18063075-812d-4a4c-a6cd-30f12:26:04.649 [Forwarding isElementDisplayed on session 18063075-812d-4a4c-a6cd-30fbf03bc7bd to remote] DEBUG org.apache.http.wire - http-outgoing-20 << "X-Powered-By: Express[\r][\n]"
bf03bc7bd12:26:04.649 [Forwarding isElementDisplayed on session 18063075-812d-4a4c-a6cd-30fbf03bc7bd to remote] DEBUG org.apache.http.wire - http-outgoing-20 << "Access-Control-Allow-Origin: *[\r][\n]"

12:26:04.649 [Forwarding isElementDisplayed on session 18063075-812d-4a4c-a6cd-30fbf03bc7bd to remote] DEBUG org.apache.http.wire - http-outgoing-20 << "Access-Control-Allow-Methods: GET,POST,PUT,OPTIONS,DELETE[\r][\n]"
&amp#27;[312:26:04.649 [Forwarding isElementDisplayed on session 18063075-812d-4a4c-a6cd-30fbf03bc7bd to remote] DEBUG org.apache.http.wire - http-outgoing-20 << "Access-Control-Allow-Headers: origin, content-type, accept[\r][\n]"
12:26:04.649 [Forwarding isElementDisplayed on session 18063075-812d-4a4c-a6cd-30fbf03bc7bd to remote] DEBUG org.apache.http.wire - http-outgoing-20 << "Content-Type: application/json; charset=utf-8[\r][\n]"
5m12:26:04.649 [Forwarding isElementDisplayed on session 18063075-812d-4a4c-a6cd-30fbf03bc7bd to remote] DEBUG org.apache.http.wire - http-outgoing-20 << "Content-Length: 76[\r][\n]"
[HTTP]&amp#27;[39m &amp#27;[37m<-- GE12:26:04.649 [Forwarding isElementDisplayed on session 18063075-812d-4a4c-a6cd-30fbf03bc7bd to remote] DEBUG org.apache.http.wire - http-outgoing-20 << "ETag: W/"4c-Y7k244UeXncxktz3h+rJR8RJids"[\r][\n]"
12:26:04.649 [Forwarding isElementDisplayed on session 18063075-812d-4a4c-a6cd-30fbf03bc7bd to remote] DEBUG org.apache.http.wire - http-outgoing-20 << "Date: Fri, 23 Aug 2019 06:56:04 GMT[\r][\n]"
T /wd/hub/session/18063075-812d-12:26:04.649 [Forwarding isElementDisplayed on session 18063075-812d-4a4c-a6cd-30fbf03bc7bd to remote] DEBUG org.apache.http.wire - http-outgoing-20 << "Connection: keep-alive[\r][\n]"
4a4c-a6cd-30fbf03bc7bd/element/F1000000-0000-0000-CF19-000000000012:26:04.650 [Forwarding isElementDisplayed on session 18063075-812d-4a4c-a6cd-30fbf03bc7bd to remote] DEBUG org.apache.http.wire - http-outgoing-20 << "[\r][\n]"
12:26:04.650 [Forwarding isElementDisplayed on session 18063075-812d-4a4c-a6cd-30fbf03bc7bd to remote] DEBUG org.apache.http.wire - http-outgoing-20 << "{"value":true,"sessionId":"18063075-812d-4a4c-a6cd-30fbf03bc7bd","status":0}"
00/displa12:26:04.650 [Forwarding isElementDisplayed on session 18063075-812d-4a4c-a6cd-30fbf03bc7bd to remote] DEBUG org.apache.http.headers - http-outgoing-20 << HTTP/1.1 200 OK
yed &amp#27;[39m&amp#27;[32m200&amp#27;[39m &amp#27;[90m260 ms - 76&amp#27;[39m
&amp#27;[35m[HTTP]12:26:04.650 [Forwarding isElementDisplayed on session 18063075-812d-4a4c-a6cd-30fbf03bc7bd to remote] DEBUG org.apache.http.headers - http-outgoing-20 << X-Powered-By: Express
12:26:04.651 [Forwarding isElementDisplayed on session 18063075-812d-4a4c-a6cd-30fbf03bc7bd to remote] DEBUG org.apache.http.headers - http-outgoing-20 << Access-Control-Allow-Origin: *
12:26:04.651 [Forwarding isElementDisplayed on session 18063075-812d-4a4c-a6cd-30fbf03bc7bd to remote] DEBUG org.apache.http.headers - http-outgoing-20 << Access-Control-Allow-Methods: GET,POST,PUT,OPTIONS,DELETE
&amp#27;[39m &amp#27;[90m&amp#27;[312:26:04.651 [Forwarding isElementDisplayed on session 18063075-812d-4a4c-a6cd-30fbf03bc7bd to remote] DEBUG org.apache.http.headers - http-outgoing-20 << Access-Control-Allow-Headers: origin, content-type, accept
12:26:04.651 [Forwarding isElementDisplayed on session 18063075-812d-4a4c-a6cd-30fbf03bc7bd to remote] DEBUG org.apache.http.headers - http-outgoing-20 << Content-Type: application/json; charset=utf-8
12:26:04.651 [Forwarding isElementDisplayed on session 18063075-812d-4a4c-a6cd-30fbf03bc7bd to remote] DEBUG org.apache.http.headers - http-outgoing-20 << Content-Length: 76
12:26:04.651 [Forwarding isElementDisplayed on session 18063075-812d-4a4c-a6cd-30fbf03bc7bd to remote] DEBUG org.apache.http.headers - http-outgoing-20 << ETag: W/"4c-Y7k244UeXncxktz3h+rJR8RJids"
12:26:04.651 [Forwarding isElementDisplayed on session 18063075-812d-4a4c-a6cd-30fbf03bc7bd to remote] DEBUG org.apache.http.headers - http-outgoing-20 << Date: Fri, 23 Aug 2019 06:56:04 GMT
12:26:04.651 [Forwarding isElementDisplayed on session 18063075-812d-4a4c-a6cd-30fbf03bc7bd to remote] DEBUG org.apache.http.headers - http-outgoing-20 << Connection: keep-alive
9m
12:26:04.651 [Forwarding isElementDisplayed on session 18063075-812d-4a4c-a6cd-30fbf03bc7bd to remote] DEBUG o.a.h.impl.execchain.MainClientExec - Connection can be kept alive indefinitely
12:26:04.651 [Forwarding isElementDisplayed on session 18063075-812d-4a4c-a6cd-30fbf03bc7bd to remote] DEBUG o.a.h.i.c.PoolingHttpClientConnectionManager - Connection [id: 20][route: {}->http://localhost:4723] can be kept alive indefinitely
12:26:04.651 [Forwarding isElementDisplayed on session 18063075-812d-4a4c-a6cd-30fbf03bc7bd to remote] DEBUG o.a.h.i.c.PoolingHttpClientConnectionManager - Connection released: [id: 20][route: {}->http://localhost:4723][total kept alive: 1; route allocated: 1 of 2000; total allocated: 1 of 2000]
12:26:04.651 [Forwarding findElement on session 18063075-812d-4a4c-a6cd-30fbf03bc7bd to remote] DEBUG o.a.h.c.protocol.RequestAddCookies - CookieSpec selected: default
12:26:04.651 [Forwarding findElement on session 18063075-812d-4a4c-a6cd-30fbf03bc7bd to remote] DEBUG o.a.h.c.protocol.RequestAuthCache - Auth cache not set in the context
12:26:04.651 [Forwarding findElement on session 18063075-812d-4a4c-a6cd-30fbf03bc7bd to remote] DEBUG o.a.h.i.c.PoolingHttpClientConnectionManager - Connection request: [route: {}->http://localhost:4723][total kept alive: 1; route allocated: 1 of 2000; total allocated: 1 of 2000]
12:26:04.652 [Forwarding findElement on session 18063075-812d-4a4c-a6cd-30fbf03bc7bd to remote] DEBUG o.a.h.i.c.PoolingHttpClientConnectionManager - Connection leased: [id: 20][route: {}->http://localhost:4723][total kept alive: 0; route allocated: 1 of 2000; total allocated: 1 of 2000]
12:26:04.652 [Forwarding findElement on session 18063075-812d-4a4c-a6cd-30fbf03bc7bd to remote] DEBUG o.a.h.impl.execchain.MainClientExec - Stale connection check
12:26:04.653 [Forwarding findElement on session 18063075-812d-4a4c-a6cd-30fbf03bc7bd to remote] DEBUG org.apache.http.wire - http-outgoing-20 << "[read] I/O error: Read timed out"
12:26:04.653 [Forwarding findElement on session 18063075-812d-4a4c-a6cd-30fbf03bc7bd to remote] DEBUG o.a.h.i.c.DefaultManagedHttpClientConnection - http-outgoing-20: set socket timeout to 10800000
12:26:04.653 [Forwarding findElement on session 18063075-812d-4a4c-a6cd-30fbf03bc7bd to remote] DEBUG o.a.h.impl.execchain.MainClientExec - Executing request POST /wd/hub/session/18063075-812d-4a4c-a6cd-30fbf03bc7bd/element HTTP/1.1
12:26:04.653 [Forwarding findElement on session 18063075-812d-4a4c-a6cd-30fbf03bc7bd to remote] DEBUG o.a.h.impl.execchain.MainClientExec - Target auth state: UNCHALLENGED
12:26:04.653 [Forwarding findElement on session 18063075-812d-4a4c-a6cd-30fbf03bc7bd to remote] DEBUG o.a.h.impl.execchain.MainClientExec - Proxy auth state: UNCHALLENGED
12:26:04.653 [Forwarding findElement on session 18063075-812d-4a4c-a6cd-30fbf03bc7bd to remote] DEBUG org.apache.http.headers - http-outgoing-20 >> POST /wd/hub/session/18063075-812d-4a4c-a6cd-30fbf03bc7bd/element HTTP/1.1
12:26:04.653 [Forwarding findElement on session 18063075-812d-4a4c-a6cd-30fbf03bc7bd to remote] DEBUG org.apache.http.headers - http-outgoing-20 >> Content-Type: application/json; charset=utf-8
12:26:04.653 [Forwarding findElement on session 18063075-812d-4a4c-a6cd-30fbf03bc7bd to remote] DEBUG org.apache.http.headers - http-outgoing-20 >> Content-Length: 42
12:26:04.653 [Forwarding findElement on session 18063075-812d-4a4c-a6cd-30fbf03bc7bd to remote] DEBUG org.apache.http.headers - http-outgoing-20 >> Host: localhost:4723
12:26:04.653 [Forwarding findElement on session 18063075-812d-4a4c-a6cd-30fbf03bc7bd to remote] DEBUG org.apache.http.headers - http-outgoing-20 >> Connection: Keep-Alive
12:26:04.653 [Forwarding findElement on session 18063075-812d-4a4c-a6cd-30fbf03bc7bd to remote] DEBUG org.apache.http.headers - http-outgoing-20 >> User-Agent: Apache-HttpClient/4.5.2 (Java/1.8.0_171)
12:26:04.653 [Forwarding findElement on session 18063075-812d-4a4c-a6cd-30fbf03bc7bd to remote] DEBUG org.apache.http.headers - http-outgoing-20 >> Accept-Encoding: gzip,deflate
12:26:04.653 [Forwarding findElement on session 18063075-812d-4a4c-a6cd-30fbf03bc7bd to remote] DEBUG org.apache.http.wire - http-outgoing-20 >> "POST /wd/hub/session/18063075-812d-4a4c-a6cd-30fbf03bc7bd/element HTTP/1.1[\r][\n]"
12:26:04.653 [Forwarding findElement on session 18063075-812d-4a4c-a6cd-30fbf03bc7bd to remote] DEBUG org.apache.http.wire - http-outgoing-20 >> "Content-Type: application/json; charset=utf-8[\r][\n]"
12:26:04.653 [Forwarding findElement on session 18063075-812d-4a4c-a6cd-30fbf03bc7bd to remote] DEBUG org.apache.http.wire - http-outgoing-20 >> "Content-Length: 42[\r][\n]"
12:26:04.653 [Forwarding findElement on session 18063075-812d-4a4c-a6cd-30fbf03bc7bd to remote] DEBUG org.apache.http.wire - http-outgoing-20 >> "Host: localhost:4723[\r][\n]"
12:26:04.653 [Forwarding findElement on session 18063075-812d-4a4c-a6cd-30fbf03bc7bd to remote] DEBUG org.apache.http.wire - http-outgoing-20 >> "Connection: Keep-Alive[\r][\n]"
12:26:04.653 [Forwarding findElement on session 18063075-812d-4a4c-a6cd-30fbf03bc7bd to remote] DEBUG org.apache.http.wire - http-outgoing-20 >> "User-Agent: Apache-HttpClient/4.5.2 (Java/1.8.0_171)[\r][\n]"
12:26:04.653 [Forwarding findElement on session 18063075-812d-4a4c-a6cd-30fbf03bc7bd to remote] DEBUG org.apache.http.wire - http-outgoing-20 >> "Accept-Encoding: gzip,deflate[\r][\n]"
12:26:04.653 [Forwarding findElement on session 18063075-812d-4a4c-a6cd-30fbf03bc7bd to remote] DEBUG org.apache.http.wire - http-outgoing-20 >> "[\r][\n]"
12:26:04.653 [Forwarding findElement on session 18063075-812d-4a4c-a6cd-30fbf03bc7bd to remote] DEBUG org.apache.http.wire - http-outgoing-20 >> "{"using":"name","value":"navbar back btn"}"
&amp#27;[35m[HTTP]&amp#27;[39m &amp#27;[37m-->&amp#27;[39m &amp#27;[37mPOST&amp#27;[39m &amp#27;[37m/wd/hub/session/18063075-812d-4a4c-a6cd-30fbf03bc7bd/element&amp#27;[39m
&amp#27;[35m[HTTP]&amp#27;[39m &amp#27;[90m{"using":"name","value":"navbar back btn"}&amp#27;[39m
12:26:04.999 [Forwarding findElement on session 18063075-812d-4a4c-a6cd-30fbf03bc7bd to remote] DEBUG org.apache.http.wire - http-outgoing-20 << "HTTP/1.1 200 OK[\r][\n]"
12:26:04.999 [Forwarding findElement on session 18063075-812d-4a4c-a6cd-30fbf03bc7bd to remote] DEBUG org.apache.http.wire - http-outgoing-20 << "X-Powered-By: Express[\r][\n]"
12:26:04.999 [Forwarding findElement on session 18063075-812d-4a4c-a6cd-30fbf03bc7bd to remote] DEBUG org.apache.http.wire - http-outgoing-20 << "Access-Control-Allow-Origin: *[\r][\n]"
12:26:04.999 [Forwarding findElement on session 18063075-812d-4a4c-a6cd-30fbf03bc7bd to remote] DEBUG org.apache.http.wire - http-outgoing-20 << "Access-Control-Allow-Methods: GET,POST,PUT,OPTIONS,DELETE[\r][\n]"
12:26:04.999 [Forwarding findElement on session 18063075-812d-4a4c-a6cd-30fbf03bc7bd to remote] DEBUG org.apache.http.wire - http-outgoing-20 << "Access-Control-Allow-Headers: origin, content-type, accept[\r][\n]"
12:26:04.999 [Forwarding findElement on session 18063075-812d-4a4c-a6cd-30fbf03bc7bd to remote] DEBUG org.apache.http.wire - http-outgoing-20 << "Vary: X-HTTP-Method-Override[\r][\n]"
12:26:04.999 [Forwarding findElement on session 18063075-812d-4a4c-a6cd-30fbf03bc7bd to remote] DEBUG org.apache.http.wire - http-outgoing-20 << "Content-Type: application/json; charset=utf-8[\r][\n]"
12:26:04.999 [Forwarding findElement on session 18063075-812d-4a4c-a6cd-30fbf03bc7bd to remote] DEBUG org.apache.http.wire - http-outgoing-20 << "Content-Length: 122[\r][\n]"
12:26:04.999 [Forwarding findElement on session 18063075-812d-4a4c-a6cd-30fbf03bc7bd to remote] DEBUG org.apache.http.wire - http-outgoing-20 << "ETag: W/"7a-jbauHYGAwIGhKmiBDfySX0KGu5o"[\r][\n]"
12:26:04.999 [Forwarding findElement on session 18063075-812d-4a4c-a6cd-30fbf03bc7bd to remote] DEBUG org.apache.http.wire - http-outgoing-20 << "Date: Fri, 23 Aug 2019 06:56:04 GMT[\r][\n]"
12:26:04.999 [Forwarding findElement on session 18063075-812d-4a4c-a6cd-30fbf03bc7bd to remote] DEBUG org.apache.http.wire - http-outgoing-20 << "Connection: keep-alive[\r][\n]"
12:26:04.999 [Forwarding findElement on session 18063075-812d-4a4c-a6cd-30fbf03bc7bd to remote] DEBUG org.apache.http.wire - http-outgoing-20 << "[\r][\n]"
12:26:04.999 [Forwarding findElement on session 18063075-812d-4a4c-a6cd-30fbf03bc7bd to remote] DEBUG org.apache.http.wire - http-outgoing-20 << "{"status":0,"value":{"ELEMENT":"F1000000-0000-0000-CF19-000000000000"},"sessionId":"18063075-812d-4a4c-a6cd-30fbf03bc7bd"}"
12:26:04.999 [Forwarding findElement on session 18063075-812d-4a4c-a6cd-30fbf03bc7bd to remote] DEBUG org.apache.http.headers - http-outgoing-20 << HTTP/1.1 200 OK
12:26:04.999 [Forwarding findElement on session 18063075-812d-4a4c-a6cd-30fbf03bc7bd to remote] DEBUG org.apache.http.headers - http-outgoing-20 << X-Powered-By: Express
12:26:04.999 [Forwarding findElement on session 18063075-812d-4a4c-a6cd-30fbf03bc7bd to remote] DEBUG org.apache.http.headers - http-outgoing-20 << Access-Control-Allow-Origin: *
12:26:04.999 [Forwarding findElement on session 18063075-812d-4a4c-a6cd-30fbf03bc7bd to remote] DEBUG org.apache.http.headers - http-outgoing-20 << Access-Control-Allow-Methods: GET,POST,PUT,OPTIONS,DELETE
12:26:04.999 [Forwarding findElement on session 18063075-812d-4a4c-a6cd-30fbf03bc7bd to remote] DEBUG org.apache.http.headers - http-outgoing-20 << Access-Control-Allow-Headers: origin, content-type, accept
12:26:04.999 [Forwarding findElement on session 18063075-812d-4a4c-a6cd-30fbf03bc7bd to remote] DEBUG org.apache.http.headers - http-outgoing-20 << Vary: X-HTTP-Method-Override
12:26:04.999 [Forwarding findElement on session 18063075-812d-4a4c-a6cd-30fbf03bc7bd to remote] DEBUG org.apache.http.headers - http-outgoing-20 << Content-Type: application/json; charset=utf-8
12:26:04.999 [Forwarding findElement on session 18063075-812d-4a4c-a6cd-30fbf03bc7bd to remote] DEBUG org.apache.http.headers - http-outgoing-20 << Content-Length: 122
&amp#27;[35m[HT12:26:04.999 [Forwarding findElement on session 18063075-812d-4a4c-a6cd-30fbf03bc7bd to remote] DEBUG org.apache.http.headers - http-outgoing-20 << ETag: W/"7a-jbauHYGAwIGhKmiBDfySX0KGu5o"
TP]&amp#27;[39m &amp#27;[37m<-- POST /wd/hub/session/18063075-812d-4a4c-a6cd-30fbf03bc7bd/element &amp#27;[39m&amp#27;[32m200&amp#27;[39m &amp#27;[90m345 ms - 12:26:04.999 [Forwarding findElement on session 18063075-812d-4a4c-a6cd-30fbf03bc7bd to remote] DEBUG org.apache.http.headers - http-outgoing-20 << Date: Fri, 23 Aug 2019 06:56:04 GMT
12212:26:05.000 [Forwarding findElement on session 18063075-812d-4a4c-a6cd-30fbf03bc7bd to remote] DEBUG org.apache.http.headers - http-outgoing-20 << Connection: keep-alive
&amp#27;[39m
12:26:05.000 [Forwarding findElement on session 18063075-812d-4a4c-a6cd-30fbf03bc7bd to remote] DEBUG o.a.h.impl.execchain.MainClientExec - Connection can be kept alive indefinitely
&amp#27;[35m[HTTP]&amp#27;[39m &amp#27;[90m&amp#27;[39m
12:26:05.000 [Forwarding findElement on session 18063075-812d-4a4c-a6cd-30fbf03bc7bd to remote] DEBUG o.a.h.i.c.PoolingHttpClientConnectionManager - Connection [id: 20][route: {}->http://localhost:4723] can be kept alive indefinitely
12:26:05.001 [Forwarding findElement on session 18063075-812d-4a4c-a6cd-30fbf03bc7bd to remote] DEBUG o.a.h.i.c.PoolingHttpClientConnectionManager - Connection released: [id: 20][route: {}->http://localhost:4723][total kept alive: 1; route allocated: 1 of 2000; total allocated: 1 of 2000]
12:26:05.001 [Forwarding isElementDisplayed on session 18063075-812d-4a4c-a6cd-30fbf03bc7bd to remote] DEBUG o.a.h.c.protocol.RequestAddCookies - CookieSpec selected: default
12:26:05.001 [Forwarding isElementDisplayed on session 18063075-812d-4a4c-a6cd-30fbf03bc7bd to remote] DEBUG o.a.h.c.protocol.RequestAuthCache - Auth cache not set in the context
12:26:05.001 [Forwarding isElementDisplayed on session 18063075-812d-4a4c-a6cd-30fbf03bc7bd to remote] DEBUG o.a.h.i.c.PoolingHttpClientConnectionManager - Connection request: [route: {}->http://localhost:4723][total kept alive: 1; route allocated: 1 of 2000; total allocated: 1 of 2000]
12:26:05.001 [Forwarding isElementDisplayed on session 18063075-812d-4a4c-a6cd-30fbf03bc7bd to remote] DEBUG o.a.h.i.c.PoolingHttpClientConnectionManager - Connection leased: [id: 20][route: {}->http://localhost:4723][total kept alive: 0; route allocated: 1 of 2000; total allocated: 1 of 2000]
12:26:05.001 [Forwarding isElementDisplayed on session 18063075-812d-4a4c-a6cd-30fbf03bc7bd to remote] DEBUG o.a.h.impl.execchain.MainClientExec - Stale connection check
12:26:05.003 [Forwarding isElementDisplayed on session 18063075-812d-4a4c-a6cd-30fbf03bc7bd to remote] DEBUG org.apache.http.wire - http-outgoing-20 << "[read] I/O error: Read timed out"
12:26:05.003 [Forwarding isElementDisplayed on session 18063075-812d-4a4c-a6cd-30fbf03bc7bd to remote] DEBUG o.a.h.i.c.DefaultManagedHttpClientConnection - http-outgoing-20: set socket timeout to 10800000
12:26:05.003 [Forwarding isElementDisplayed on session 18063075-812d-4a4c-a6cd-30fbf03bc7bd to remote] DEBUG o.a.h.impl.execchain.MainClientExec - Executing request GET /wd/hub/session/18063075-812d-4a4c-a6cd-30fbf03bc7bd/element/F1000000-0000-0000-CF19-000000000000/displayed HTTP/1.1
12:26:05.003 [Forwarding isElementDisplayed on session 18063075-812d-4a4c-a6cd-30fbf03bc7bd to remote] DEBUG o.a.h.impl.execchain.MainClientExec - Target auth state: UNCHALLENGED
12:26:05.003 [Forwarding isElementDisplayed on session 18063075-812d-4a4c-a6cd-30fbf03bc7bd to remote] DEBUG o.a.h.impl.execchain.MainClientExec - Proxy auth state: UNCHALLENGED
12:26:05.003 [Forwarding isElementDisplayed on session 18063075-812d-4a4c-a6cd-30fbf03bc7bd to remote] DEBUG org.apache.http.headers - http-outgoing-20 >> GET /wd/hub/session/18063075-812d-4a4c-a6cd-30fbf03bc7bd/element/F1000000-0000-0000-CF19-000000000000/displayed HTTP/1.1
12:26:05.003 [Forwarding isElementDisplayed on session 18063075-812d-4a4c-a6cd-30fbf03bc7bd to remote] DEBUG org.apache.http.headers - http-outgoing-20 >> Cache-Control: no-cache
12:26:05.003 [Forwarding isElementDisplayed on session 18063075-812d-4a4c-a6cd-30fbf03bc7bd to remote] DEBUG org.apache.http.headers - http-outgoing-20 >> Host: localhost:4723
12:26:05.003 [Forwarding isElementDisplayed on session 18063075-812d-4a4c-a6cd-30fbf03bc7bd to remote] DEBUG org.apache.http.headers - http-outgoing-20 >> Connection: Keep-Alive
12:26:05.003 [Forwarding isElementDisplayed on session 18063075-812d-4a4c-a6cd-30fbf03bc7bd to remote] DEBUG org.apache.http.headers - http-outgoing-20 >> User-Agent: Apache-HttpClient/4.5.2 (Java/1.8.0_171)
12:26:05.003 [Forwarding isElementDisplayed on session 18063075-812d-4a4c-a6cd-30fbf03bc7bd to remote] DEBUG org.apache.http.headers - http-outgoing-20 >> Accept-Encoding: gzip,deflate
12:26:05.003 [Forwarding isElementDisplayed on session 18063075-812d-4a4c-a6cd-30fbf03bc7bd to remote] DEBUG org.apache.http.wire - http-outgoing-20 >> "GET /wd/hub/session/18063075-812d-4a4c-a6cd-30fbf03bc7bd/element/F1000000-0000-0000-CF19-000000000000/displayed HTTP/1.1[\r][\n]"
12:26:05.003 [Forwarding isElementDisplayed on session 18063075-812d-4a4c-a6cd-30fbf03bc7bd to remote] DEBUG org.apache.http.wire - http-outgoing-20 >> "Cache-Control: no-cache[\r][\n]"
12:26:05.003 [Forwarding isElementDisplayed on session 18063075-812d-4a4c-a6cd-30fbf03bc7bd to remote] DEBUG org.apache.http.wire - http-outgoing-20 >> "Host: localhost:4723[\r][\n]"
12:26:05.003 [Forwarding isElementDisplayed on session 18063075-812d-4a4c-a6cd-30fbf03bc7bd to remote] DEBUG org.apache.http.wire - http-outgoing-20 >> "Connection: Keep-Alive[\r][\n]"
12:26:05.003 [Forwarding isElementDisplayed on session 18063075-812d-4a4c-a6cd-30fbf03bc7bd to remote] DEBUG org.apache.http.wire - http-outgoing-20 >> "User-Agent: Apache-HttpClient/4.5.2 (Java/1.8.0_171)[\r][\n]"
12:26:05.003 [Forwarding isElementDisplayed on session 18063075-812d-4a4c-a6cd-30fbf03bc7bd to remote] DEBUG org.apache.http.wire - http-outgoing-20 >> "Accept-Encoding: gzip,deflate[\r][\n]"
12:26:05.003 [Forwarding isElementDisplayed on session 18063075-812d-4a4c-a6cd-30fbf03bc7bd to remote] DEBUG org.apache.http.wire - http-outgoing-20 >> "[\r][\n]"
&amp#27;[35m[HTTP]&amp#27;[39m &amp#27;[37m-->&amp#27;[39m &amp#27;[37mGET&amp#27;[39m &amp#27;[37m/wd/hub/session/18063075-812d-4a4c-a6cd-30fbf03bc7bd/element/F1000000-0000-0000-CF19-000000000000/displayed&amp#27;[39m
&amp#27;[35m[HTTP]&amp#27;[39m &amp#27;[90m{}&amp#27;[39m
&amp#27;[35m[MJSONWP]&amp#27;[39m Driver proxy active, passing request on via HTTP proxy
&amp#27;[35m[JSONWP Proxy]&amp#27;[39m Replacing sessionId B74F9560-FF94-4D04-9569-9BCC996503BA with12:26:05.259 [Forwarding isElementDisplayed on session 18063075-812d-4a4c-a6cd-30fbf03bc7bd to remote] DEBUG org.apache.http.wire - http-outgoing-20 << "HTTP/1.1 200 OK[\r][\n]"
 18012:26:05.259 [Forwarding isElementDisplayed on session 18063075-812d-4a4c-a6cd-30fbf03bc7bd to remote] DEBUG org.apache.http.wire - http-outgoing-20 << "X-Powered-By: Express[\r][\n]"
63075-812d-4a4c-a6cd-30fbf03b12:26:05.259 [Forwarding isElementDisplayed on session 18063075-812d-4a4c-a6cd-30fbf03bc7bd to remote] DEBUG org.apache.http.wire - http-outgoing-20 << "Access-Control-Allow-Origin: *[\r][\n]"
c7bd
12:26:05.259 [Forwarding isElementDisplayed on session 18063075-812d-4a4c-a6cd-30fbf03bc7bd to remote] DEBUG org.apache.http.wire - http-outgoing-20 << "Access-Control-Allow-Methods: GET,POST,PUT,OPTIONS,DELETE[\r][\n]"
&amp#27;[35m[HTTP]&amp#27;[12:26:05.260 [Forwarding isElementDisplayed on session 18063075-812d-4a4c-a6cd-30fbf03bc7bd to remote] DEBUG org.apache.http.wire - http-outgoing-20 << "Access-Control-Allow-Headers: origin, content-type, accept[\r][\n]"
12:26:05.260 [Forwarding isElementDisplayed on session 18063075-812d-4a4c-a6cd-30fbf03bc7bd to remote] DEBUG org.apache.http.wire - http-outgoing-20 << "Content-Type: application/json; charset=utf-8[\r][\n]"
39m &amp#27;[37m<-- GET /wd/hub/session/18063075-812d-4a4c-a612:26:05.260 [Forwarding isElementDisplayed on session 18063075-812d-4a4c-a6cd-30fbf03bc7bd to remote] DEBUG org.apache.http.wire - http-outgoing-20 << "Content-Length: 76[\r][\n]"
cd-30fbf03bc7bd/ele12:26:05.260 [Forwarding isElementDisplayed on session 18063075-812d-4a4c-a6cd-30fbf03bc7bd to remote] DEBUG org.apache.http.wire - http-outgoing-20 << "ETag: W/"4c-Y7k244UeXncxktz3h+rJR8RJids"[\r][\n]"
ment/F112:26:05.260 [Forwarding isElementDisplayed on session 18063075-812d-4a4c-a6cd-30fbf03bc7bd to remote] DEBUG org.apache.http.wire - http-outgoing-20 << "Date: Fri, 23 Aug 2019 06:56:05 GMT[\r][\n]"
000000-0000-0000-CF19-0000000000012:26:05.260 [Forwarding isElementDisplayed on session 18063075-812d-4a4c-a6cd-30fbf03bc7bd to remote] DEBUG org.apache.http.wire - http-outgoing-20 << "Connection: keep-alive[\r][\n]"
0/displayed &amp#27;[39m12:26:05.260 [Forwarding isElementDisplayed on session 18063075-812d-4a4c-a6cd-30fbf03bc7bd to remote] DEBUG org.apache.http.wire - http-outgoing-20 << "[\r][\n]"
&amp#27;12:26:05.261 [Forwarding isElementDisplayed on session 18063075-812d-4a4c-a6cd-30fbf03bc7bd to remote] DEBUG org.apache.http.wire - http-outgoing-20 << "{"value":true,"sessionId":"18063075-812d-4a4c-a6cd-30fbf03bc7bd","status":0}"
[32m200&amp#27;[39m12:26:05.261 [Forwarding isElementDisplayed on session 18063075-812d-4a4c-a6cd-30fbf03bc7bd to remote] DEBUG org.apache.http.headers - http-outgoing-20 << HTTP/1.1 200 OK
 &amp#27;[90m255 ms - 7612:26:05.261 [Forwarding isElementDisplayed on session 18063075-812d-4a4c-a6cd-30fbf03bc7bd to remote] DEBUG org.apache.http.headers - http-outgoing-20 << X-Powered-By: Express
12:26:05.261 [Forwarding isElementDisplayed on session 18063075-812d-4a4c-a6cd-30fbf03bc7bd to remote] DEBUG org.apache.http.headers - http-outgoing-20 << Access-Control-Allow-Origin: *
12:26:05.261 [Forwarding isElementDisplayed on session 18063075-812d-4a4c-a6cd-30fbf03bc7bd to remote] DEBUG org.apache.http.headers - http-outgoing-20 << Access-Control-Allow-Methods: GET,POST,PUT,OPTIONS,DELETE
12:26:05.261 [Forwarding isElementDisplayed on session 18063075-812d-4a4c-a6cd-30fbf03bc7bd to remote] DEBUG org.apache.http.headers - http-outgoing-20 << Access-Control-Allow-Headers: origin, content-type, accept
&amp#27;[39m
&amp#27;[35m[HTTP]12:26:05.261 [Forwarding isElementDisplayed on session 18063075-812d-4a4c-a6cd-30fbf03bc7bd to remote] DEBUG org.apache.http.headers - http-outgoing-20 << Content-Type: application/json; charset=utf-8
12:26:05.261 [Forwarding isElementDisplayed on session 18063075-812d-4a4c-a6cd-30fbf03bc7bd to remote] DEBUG org.apache.http.headers - http-outgoing-20 << Content-Length: 76
12:26:05.261 [Forwarding isElementDisplayed on session 18063075-812d-4a4c-a6cd-30fbf03bc7bd to remote] DEBUG org.apache.http.headers - http-outgoing-20 << ETag: W/"4c-Y7k244UeXncxktz3h+rJR8RJids"
12:26:05.261 [Forwarding isElementDisplayed on session 18063075-812d-4a4c-a6cd-30fbf03bc7bd to remote] DEBUG org.apache.http.headers - http-outgoing-20 << Date: Fri, 23 Aug 2019 06:56:05 GMT
12:26:05.261 [Forwarding isElementDisplayed on session 18063075-812d-4a4c-a6cd-30fbf03bc7bd to remote] DEBUG org.apache.http.headers - http-outgoing-20 << Connection: keep-alive
&amp#27;[39m &amp#27;[90m&amp#27;[39m
12:26:05.261 [Forwarding isElementDisplayed on session 18063075-812d-4a4c-a6cd-30fbf03bc7bd to remote] DEBUG o.a.h.impl.execchain.MainClientExec - Connection can be kept alive indefinitely
12:26:05.261 [Forwarding isElementDisplayed on session 18063075-812d-4a4c-a6cd-30fbf03bc7bd to remote] DEBUG o.a.h.i.c.PoolingHttpClientConnectionManager - Connection [id: 20][route: {}->http://localhost:4723] can be kept alive indefinitely
12:26:05.261 [Forwarding isElementDisplayed on session 18063075-812d-4a4c-a6cd-30fbf03bc7bd to remote] DEBUG o.a.h.i.c.PoolingHttpClientConnectionManager - Connection released: [id: 20][route: {}->http://localhost:4723][total kept alive: 1; route allocated: 1 of 2000; total allocated: 1 of 2000]
12:26:05.262 [Forwarding findElement on session 18063075-812d-4a4c-a6cd-30fbf03bc7bd to remote] DEBUG o.a.h.c.protocol.RequestAddCookies - CookieSpec selected: default
12:26:05.262 [Forwarding findElement on session 18063075-812d-4a4c-a6cd-30fbf03bc7bd to remote] DEBUG o.a.h.c.protocol.RequestAuthCache - Auth cache not set in the context
12:26:05.262 [Forwarding findElement on session 18063075-812d-4a4c-a6cd-30fbf03bc7bd to remote] DEBUG o.a.h.i.c.PoolingHttpClientConnectionManager - Connection request: [route: {}->http://localhost:4723][total kept alive: 1; route allocated: 1 of 2000; total allocated: 1 of 2000]
12:26:05.262 [Forwarding findElement on session 18063075-812d-4a4c-a6cd-30fbf03bc7bd to remote] DEBUG o.a.h.i.c.PoolingHttpClientConnectionManager - Connection leased: [id: 20][route: {}->http://localhost:4723][total kept alive: 0; route allocated: 1 of 2000; total allocated: 1 of 2000]
12:26:05.262 [Forwarding findElement on session 18063075-812d-4a4c-a6cd-30fbf03bc7bd to remote] DEBUG o.a.h.impl.execchain.MainClientExec - Stale connection check
12:26:05.263 [Forwarding findElement on session 18063075-812d-4a4c-a6cd-30fbf03bc7bd to remote] DEBUG org.apache.http.wire - http-outgoing-20 << "[read] I/O error: Read timed out"
12:26:05.263 [Forwarding findElement on session 18063075-812d-4a4c-a6cd-30fbf03bc7bd to remote] DEBUG o.a.h.i.c.DefaultManagedHttpClientConnection - http-outgoing-20: set socket timeout to 10800000
12:26:05.263 [Forwarding findElement on session 18063075-812d-4a4c-a6cd-30fbf03bc7bd to remote] DEBUG o.a.h.impl.execchain.MainClientExec - Executing request POST /wd/hub/session/18063075-812d-4a4c-a6cd-30fbf03bc7bd/element HTTP/1.1
12:26:05.264 [Forwarding findElement on session 18063075-812d-4a4c-a6cd-30fbf03bc7bd to remote] DEBUG o.a.h.impl.execchain.MainClientExec - Target auth state: UNCHALLENGED
12:26:05.264 [Forwarding findElement on session 18063075-812d-4a4c-a6cd-30fbf03bc7bd to remote] DEBUG o.a.h.impl.execchain.MainClientExec - Proxy auth state: UNCHALLENGED
12:26:05.264 [Forwarding findElement on session 18063075-812d-4a4c-a6cd-30fbf03bc7bd to remote] DEBUG org.apache.http.headers - http-outgoing-20 >> POST /wd/hub/session/18063075-812d-4a4c-a6cd-30fbf03bc7bd/element HTTP/1.1
12:26:05.264 [Forwarding findElement on session 18063075-812d-4a4c-a6cd-30fbf03bc7bd to remote] DEBUG org.apache.http.headers - http-outgoing-20 >> Content-Type: application/json; charset=utf-8
12:26:05.264 [Forwarding findElement on session 18063075-812d-4a4c-a6cd-30fbf03bc7bd to remote] DEBUG org.apache.http.headers - http-outgoing-20 >> Content-Length: 42
12:26:05.264 [Forwarding findElement on session 18063075-812d-4a4c-a6cd-30fbf03bc7bd to remote] DEBUG org.apache.http.headers - http-outgoing-20 >> Host: localhost:4723
12:26:05.264 [Forwarding findElement on session 18063075-812d-4a4c-a6cd-30fbf03bc7bd to remote] DEBUG org.apache.http.headers - http-outgoing-20 >> Connection: Keep-Alive
12:26:05.264 [Forwarding findElement on session 18063075-812d-4a4c-a6cd-30fbf03bc7bd to remote] DEBUG org.apache.http.headers - http-outgoing-20 >> User-Agent: Apache-HttpClient/4.5.2 (Java/1.8.0_171)
12:26:05.264 [Forwarding findElement on session 18063075-812d-4a4c-a6cd-30fbf03bc7bd to remote] DEBUG org.apache.http.headers - http-outgoing-20 >> Accept-Encoding: gzip,deflate
12:26:05.264 [Forwarding findElement on session 18063075-812d-4a4c-a6cd-30fbf03bc7bd to remote] DEBUG org.apache.http.wire - http-outgoing-20 >> "POST /wd/hub/session/18063075-812d-4a4c-a6cd-30fbf03bc7bd/element HTTP/1.1[\r][\n]"
12:26:05.264 [Forwarding findElement on session 18063075-812d-4a4c-a6cd-30fbf03bc7bd to remote] DEBUG org.apache.http.wire - http-outgoing-20 >> "Content-Type: application/json; charset=utf-8[\r][\n]"
12:26:05.264 [Forwarding findElement on session 18063075-812d-4a4c-a6cd-30fbf03bc7bd to remote] DEBUG org.apache.http.wire - http-outgoing-20 >> "Content-Length: 42[\r][\n]"
12:26:05.264 [Forwarding findElement on session 18063075-812d-4a4c-a6cd-30fbf03bc7bd to remote] DEBUG org.apache.http.wire - http-outgoing-20 >> "Host: localhost:4723[\r][\n]"
12:26:05.264 [Forwarding findElement on session 18063075-812d-4a4c-a6cd-30fbf03bc7bd to remote] DEBUG org.apache.http.wire - http-outgoing-20 >> "Connection: Keep-Alive[\r][\n]"
12:26:05.264 [Forwarding findElement on session 18063075-812d-4a4c-a6cd-30fbf03bc7bd to remote] DEBUG org.apache.http.wire - http-outgoing-20 >> "User-Agent: Apache-HttpClient/4.5.2 (Java/1.8.0_171)[\r][\n]"
12:26:05.264 [Forwarding findElement on session 18063075-812d-4a4c-a6cd-30fbf03bc7bd to remote] DEBUG org.apache.http.wire - http-outgoing-20 >> "Accept-Encoding: gzip,deflate[\r][\n]"
12:26:05.264 [Forwarding findElement on session 18063075-812d-4a4c-a6cd-30fbf03bc7bd to remote] DEBUG org.apache.http.wire - http-outgoing-20 >> "[\r][\n]"
12:26:05.264 [Forwarding findElement on session 18063075-812d-4a4c-a6cd-30fbf03bc7bd to remote] DEBUG org.apache.http.wire - http-outgoing-20 >> "{"using":"name","value":"navbar back btn"}"
&amp#27;[35m[HTTP]&amp#27;[39m &amp#27;[37m-->&amp#27;[39m &amp#27;[37mPOST&amp#27;[39m &amp#27;[37m/wd/hub/session/18063075-812d-4a4c-a6cd-30fbf03bc7bd/element&amp#27;[39m
&amp#27;[35m[HTTP]&amp#27;[39m &amp#27;[90m{"using":"name","value":"navbar back btn"}&amp#27;[39m
12:26:05.599 [Forwarding findElement on session 18063075-812d-4a4c-a6cd-30fbf03bc7bd to remote] DEBUG org.apache.http.wire - http-outgoing-20 << "HTTP/1.1 200 OK[\r][\n]"
12:26:05.599 [Forwarding findElement on session 18063075-812d-4a4c-a6cd-30fbf03bc7bd to remote] DEBUG org.apache.http.wire - http-outgoing-20 << "X-Powered-By: Express[\r][\n]"
12:26:05.599 [Forwarding findElement on session 18063075-812d-4a4c-a6cd-30fbf03bc7bd to remote] DEBUG org.apache.http.wire - http-outgoing-20 << "Access-Control-Allow-Origin: *[\r][\n]"
12:26:05.599 [Forwarding findElement on session 18063075-812d-4a4c-a6cd-30fbf03bc7bd to remote] DEBUG org.apache.http.wire - http-outgoing-20 << "Access-Control-Allow-Methods: GET,POST,PUT,OPTIONS,DELETE[\r][\n]"
12:26:05.599 [Forwarding findElement on session 18063075-812d-4a4c-a6cd-30fbf03bc7bd to remote] DEBUG org.apache.http.wire - http-outgoing-20 << "Access-Control-Allow-Headers: origin, content-type, accept[\r][\n]"
12:26:05.599 [Forwarding findElement on session 18063075-812d-4a4c-a6cd-30fbf03bc7bd to remote] DEBUG org.apache.http.wire - http-outgoing-20 << "Vary: X-HTTP-Method-Override[\r][\n]"
12:26:05.599 [Forwarding findElement on session 18063075-812d-4a4c-a6cd-30fbf03bc7bd to remote] DEBUG org.apache.http.wire - http-outgoing-20 << "Content-Type: application/json; charset=utf-8[\r][\n]"
12:26:05.599 [Forwarding findElement on session 18063075-812d-4a4c-a6cd-30fbf03bc7bd to remote] DEBUG org.apache.http.wire - http-outgoing-20 << "Content-Length: 122[\r][\n]"
12:26:05.599 [Forwarding findElement on session 18063075-812d-4a4c-a6cd-30fbf03bc7bd to remote] DEBUG org.apache.http.wire - http-outgoing-20 << "ETag: W/"7a-jbauHYGAwIGhKmiBDfySX0KGu5o"[\r][\n]"
12:26:05.599 [Forwarding findElement on session 18063075-812d-4a4c-a6cd-30fbf03bc7bd to remote] DEBUG org.apache.http.wire - http-outgoing-20 << "Date: Fri, 23 Aug 2019 06:56:05 GMT[\r][\n]"
12:26:05.599 [Forwarding findElement on session 18063075-812d-4a4c-a6cd-30fbf03bc7bd to remote] DEBUG org.apache.http.wire - http-outgoing-20 << "Connection: keep-alive[\r][\n]"
12:26:05.599 [Forwarding findElement on session 18063075-812d-4a4c-a6cd-30fbf03bc7bd to remote] DEBUG org.apache.http.wire - http-outgoing-20 << "[\r][\n]"
12:26:05.599 [Forwarding findElement on session 18063075-812d-4a4c-a6cd-30fbf03bc7bd to remote] DEBUG org.apache.http.wire - http-outgoing-20 << "{"status":0,"value":{"ELEMENT":"F1000000-0000-0000-CF19-000000000000"},"sessionId":"18063075-812d-4a4c-a6cd-30fbf03bc7bd"}"
&amp#27;[35m[H12:26:05.599 [Forwarding findElement on session 18063075-812d-4a4c-a6cd-30fbf03bc7bd to remote] DEBUG org.apache.http.headers - http-outgoing-20 << HTTP/1.1 200 OK
TTP]&amp#27;[12:26:05.599 [Forwarding findElement on session 18063075-812d-4a4c-a6cd-30fbf03bc7bd to remote] DEBUG org.apache.http.headers - http-outgoing-20 << X-Powered-By: Express
39m &amp#27;[37m<-- POST /wd/hub/session/18063075-812d-4a412:26:05.599 [Forwarding findElement on session 18063075-812d-4a4c-a6cd-30fbf03bc7bd to remote] DEBUG org.apache.http.headers - http-outgoing-20 << Access-Control-Allow-Origin: *
c-a6cd12:26:05.599 [Forwarding findElement on session 18063075-812d-4a4c-a6cd-30fbf03bc7bd to remote] DEBUG org.apache.http.headers - http-outgoing-20 << Access-Control-Allow-Methods: GET,POST,PUT,OPTIONS,DELETE
12:26:05.599 [Forwarding findElement on session 18063075-812d-4a4c-a6cd-30fbf03bc7bd to remote] DEBUG org.apache.http.headers - http-outgoing-20 << Access-Control-Allow-Headers: origin, content-type, accept
12:26:05.599 [Forwarding findElement on session 18063075-812d-4a4c-a6cd-30fbf03bc7bd to remote] DEBUG org.apache.http.headers - http-outgoing-20 << Vary: X-HTTP-Method-Override
-30fbf03bc7bd/element &amp#27;[39m&amp#27;[32m200&amp#27;[39m &amp#27;[90m334 ms - 122&amp#27;[39m
12:26:05.599 [Forwarding findElement on session 18063075-812d-4a4c-a6cd-30fbf03bc7bd to remote] DEBUG org.apache.http.headers - http-outgoing-20 << Content-Type: application/json; charset=utf-8
&amp#27;[35m[HTTP]&amp#27;[39m &amp#27;[90m12:26:05.600 [Forwarding findElement on session 18063075-812d-4a4c-a6cd-30fbf03bc7bd to remote] DEBUG org.apache.http.headers - http-outgoing-20 << Content-Length: 122
&amp#27;[39m
12:26:05.600 [Forwarding findElement on session 18063075-812d-4a4c-a6cd-30fbf03bc7bd to remote] DEBUG org.apache.http.headers - http-outgoing-20 << ETag: W/"7a-jbauHYGAwIGhKmiBDfySX0KGu5o"
12:26:05.600 [Forwarding findElement on session 18063075-812d-4a4c-a6cd-30fbf03bc7bd to remote] DEBUG org.apache.http.headers - http-outgoing-20 << Date: Fri, 23 Aug 2019 06:56:05 GMT
12:26:05.600 [Forwarding findElement on session 18063075-812d-4a4c-a6cd-30fbf03bc7bd to remote] DEBUG org.apache.http.headers - http-outgoing-20 << Connection: keep-alive
12:26:05.600 [Forwarding findElement on session 18063075-812d-4a4c-a6cd-30fbf03bc7bd to remote] DEBUG o.a.h.impl.execchain.MainClientExec - Connection can be kept alive indefinitely
12:26:05.600 [Forwarding findElement on session 18063075-812d-4a4c-a6cd-30fbf03bc7bd to remote] DEBUG o.a.h.i.c.PoolingHttpClientConnectionManager - Connection [id: 20][route: {}->http://localhost:4723] can be kept alive indefinitely
12:26:05.600 [Forwarding findElement on session 18063075-812d-4a4c-a6cd-30fbf03bc7bd to remote] DEBUG o.a.h.i.c.PoolingHttpClientConnectionManager - Connection released: [id: 20][route: {}->http://localhost:4723][total kept alive: 1; route allocated: 1 of 2000; total allocated: 1 of 2000]
12:26:05.601 [Forwarding clickElement on session 18063075-812d-4a4c-a6cd-30fbf03bc7bd to remote] DEBUG o.a.h.c.protocol.RequestAddCookies - CookieSpec selected: default
12:26:05.601 [Forwarding clickElement on session 18063075-812d-4a4c-a6cd-30fbf03bc7bd to remote] DEBUG o.a.h.c.protocol.RequestAuthCache - Auth cache not set in the context
12:26:05.601 [Forwarding clickElement on session 18063075-812d-4a4c-a6cd-30fbf03bc7bd to remote] DEBUG o.a.h.i.c.PoolingHttpClientConnectionManager - Connection request: [route: {}->http://localhost:4723][total kept alive: 1; route allocated: 1 of 2000; total allocated: 1 of 2000]
12:26:05.601 [Forwarding clickElement on session 18063075-812d-4a4c-a6cd-30fbf03bc7bd to remote] DEBUG o.a.h.i.c.PoolingHttpClientConnectionManager - Connection leased: [id: 20][route: {}->http://localhost:4723][total kept alive: 0; route allocated: 1 of 2000; total allocated: 1 of 2000]
12:26:05.601 [Forwarding clickElement on session 18063075-812d-4a4c-a6cd-30fbf03bc7bd to remote] DEBUG o.a.h.impl.execchain.MainClientExec - Stale connection check
12:26:05.602 [Forwarding clickElement on session 18063075-812d-4a4c-a6cd-30fbf03bc7bd to remote] DEBUG org.apache.http.wire - http-outgoing-20 << "[read] I/O error: Read timed out"
12:26:05.602 [Forwarding clickElement on session 18063075-812d-4a4c-a6cd-30fbf03bc7bd to remote] DEBUG o.a.h.i.c.DefaultManagedHttpClientConnection - http-outgoing-20: set socket timeout to 10800000
12:26:05.602 [Forwarding clickElement on session 18063075-812d-4a4c-a6cd-30fbf03bc7bd to remote] DEBUG o.a.h.impl.execchain.MainClientExec - Executing request POST /wd/hub/session/18063075-812d-4a4c-a6cd-30fbf03bc7bd/element/F1000000-0000-0000-CF19-000000000000/click HTTP/1.1
12:26:05.602 [Forwarding clickElement on session 18063075-812d-4a4c-a6cd-30fbf03bc7bd to remote] DEBUG o.a.h.impl.execchain.MainClientExec - Target auth state: UNCHALLENGED
12:26:05.602 [Forwarding clickElement on session 18063075-812d-4a4c-a6cd-30fbf03bc7bd to remote] DEBUG o.a.h.impl.execchain.MainClientExec - Proxy auth state: UNCHALLENGED
12:26:05.602 [Forwarding clickElement on session 18063075-812d-4a4c-a6cd-30fbf03bc7bd to remote] DEBUG org.apache.http.headers - http-outgoing-20 >> POST /wd/hub/session/18063075-812d-4a4c-a6cd-30fbf03bc7bd/element/F1000000-0000-0000-CF19-000000000000/click HTTP/1.1
12:26:05.602 [Forwarding clickElement on session 18063075-812d-4a4c-a6cd-30fbf03bc7bd to remote] DEBUG org.apache.http.headers - http-outgoing-20 >> Content-Type: application/json; charset=utf-8
12:26:05.602 [Forwarding clickElement on session 18063075-812d-4a4c-a6cd-30fbf03bc7bd to remote] DEBUG org.apache.http.headers - http-outgoing-20 >> Content-Length: 45
12:26:05.602 [Forwarding clickElement on session 18063075-812d-4a4c-a6cd-30fbf03bc7bd to remote] DEBUG org.apache.http.headers - http-outgoing-20 >> Host: localhost:4723
12:26:05.602 [Forwarding clickElement on session 18063075-812d-4a4c-a6cd-30fbf03bc7bd to remote] DEBUG org.apache.http.headers - http-outgoing-20 >> Connection: Keep-Alive
12:26:05.602 [Forwarding clickElement on session 18063075-812d-4a4c-a6cd-30fbf03bc7bd to remote] DEBUG org.apache.http.headers - http-outgoing-20 >> User-Agent: Apache-HttpClient/4.5.2 (Java/1.8.0_171)
12:26:05.602 [Forwarding clickElement on session 18063075-812d-4a4c-a6cd-30fbf03bc7bd to remote] DEBUG org.apache.http.headers - http-outgoing-20 >> Accept-Encoding: gzip,deflate
12:26:05.602 [Forwarding clickElement on session 18063075-812d-4a4c-a6cd-30fbf03bc7bd to remote] DEBUG org.apache.http.wire - http-outgoing-20 >> "POST /wd/hub/session/18063075-812d-4a4c-a6cd-30fbf03bc7bd/element/F1000000-0000-0000-CF19-000000000000/click HTTP/1.1[\r][\n]"
12:26:05.603 [Forwarding clickElement on session 18063075-812d-4a4c-a6cd-30fbf03bc7bd to remote] DEBUG org.apache.http.wire - http-outgoing-20 >> "Content-Type: application/json; charset=utf-8[\r][\n]"
12:26:05.603 [Forwarding clickElement on session 18063075-812d-4a4c-a6cd-30fbf03bc7bd to remote] DEBUG org.apache.http.wire - http-outgoing-20 >> "Content-Length: 45[\r][\n]"
12:26:05.603 [Forwarding clickElement on session 18063075-812d-4a4c-a6cd-30fbf03bc7bd to remote] DEBUG org.apache.http.wire - http-outgoing-20 >> "Host: localhost:4723[\r][\n]"
12:26:05.603 [Forwarding clickElement on session 18063075-812d-4a4c-a6cd-30fbf03bc7bd to remote] DEBUG org.apache.http.wire - http-outgoing-20 >> "Connection: Keep-Alive[\r][\n]"
12:26:05.603 [Forwarding clickElement on session 18063075-812d-4a4c-a6cd-30fbf03bc7bd to remote] DEBUG org.apache.http.wire - http-outgoing-20 >> "User-Agent: Apache-HttpClient/4.5.2 (Java/1.8.0_171)[\r][\n]"
12:26:05.603 [Forwarding clickElement on session 18063075-812d-4a4c-a6cd-30fbf03bc7bd to remote] DEBUG org.apache.http.wire - http-outgoing-20 >> "Accept-Encoding: gzip,deflate[\r][\n]"
12:26:05.603 [Forwarding clickElement on session 18063075-812d-4a4c-a6cd-30fbf03bc7bd to remote] DEBUG org.apache.http.wire - http-outgoing-20 >> "[\r][\n]"
12:26:05.603 [Forwarding clickElement on session 18063075-812d-4a4c-a6cd-30fbf03bc7bd to remote] DEBUG org.apache.http.wire - http-outgoing-20 >> "{"id":"F1000000-0000-0000-CF19-000000000000"}"
&amp#27;[35m[HTTP]&amp#27;[39m &amp#27;[37m-->&amp#27;[39m &amp#27;[37mPOST&amp#27;[39m &amp#27;[37m/wd/hub/session/18063075-812d-4a4c-a6cd-30fbf03bc7bd/element/F1000000-0000-0000-CF19-000000000000/click&amp#27;[39m
&amp#27;[35m[HTTP]&amp#27;[39m &amp#27;[90m{"id":"F1000000-0000-0000-CF19-000000000000"}&amp#27;[39m
&amp#27;[35m[MJSONWP]&amp#27;[39m Driver proxy active, passing request on via HTTP proxy
&amp#27;[35m[JSONWP Proxy]&amp#27;[39m Replacing sessionId B74F9560-FF94-4D04-9569-9BCC996503BA 12:26:06.370 [Forwarding clickElement on session 18063075-812d-4a4c-a6cd-30fbf03bc7bd to remote] DEBUG org.apache.http.wire - http-outgoing-20 << "HTTP/1.1 200 OK[\r][\n]"
with 1812:26:06.370 [Forwarding clickElement on session 18063075-812d-4a4c-a6cd-30fbf03bc7bd to remote] DEBUG org.apache.http.wire - http-outgoing-20 << "X-Powered-By: Express[\r][\n]"
12:26:06.370 [Forwarding clickElement on session 18063075-812d-4a4c-a6cd-30fbf03bc7bd to remote] DEBUG org.apache.http.wire - http-outgoing-20 << "Access-Control-Allow-Origin: *[\r][\n]"
063075-12:26:06.370 [Forwarding clickElement on session 18063075-812d-4a4c-a6cd-30fbf03bc7bd to remote] DEBUG org.apache.http.wire - http-outgoing-20 << "Access-Control-Allow-Methods: GET,POST,PUT,OPTIONS,DELETE[\r][\n]"
812d-4a4c-a6cd-30fbf03bc7bd
&amp#27;12:26:06.370 [Forwarding clickElement on session 18063075-812d-4a4c-a6cd-30fbf03bc7bd to remote] DEBUG org.apache.http.wire - http-outgoing-20 << "Access-Control-Allow-Headers: origin, content-type, accept[\r][\n]"
[35m[HTTP]&amp#27;[39m &amp#27;[37m<-- POST /wd/h12:26:06.371 [Forwarding clickElement on session 18063075-812d-4a4c-a6cd-30fbf03bc7bd to remote] DEBUG org.apache.http.wire - http-outgoing-20 << "Vary: X-HTTP-Method-Override[\r][\n]"
u12:26:06.371 [Forwarding clickElement on session 18063075-812d-4a4c-a6cd-30fbf03bc7bd to remote] DEBUG org.apache.http.wire - http-outgoing-20 << "Content-Type: application/json; charset=utf-8[\r][\n]"
b/sess12:26:06.371 [Forwarding clickElement on session 18063075-812d-4a4c-a6cd-30fbf03bc7bd to remote] DEBUG org.apache.http.wire - http-outgoing-20 << "Content-Length: 118[\r][\n]"
ion/18063075-812d-4a4c-a6cd-30fbf03bc7bd/element/F1012:26:06.371 [Forwarding clickElement on session 18063075-812d-4a4c-a6cd-30fbf03bc7bd to remote] DEBUG org.apache.http.wire - http-outgoing-20 << "ETag: W/"76-g5It5rVsyxaMiwk+cyUBTrrtQ2U"[\r][\n]"
00000-0000-0000-12:26:06.372 [Forwarding clickElement on session 18063075-812d-4a4c-a6cd-30fbf03bc7bd to remote] DEBUG org.apache.http.wire - http-outgoing-20 << "Date: Fri, 23 Aug 2019 06:56:06 GMT[\r][\n]"
12:26:06.372 [Forwarding clickElement on session 18063075-812d-4a4c-a6cd-30fbf03bc7bd to remote] DEBUG org.apache.http.wire - http-outgoing-20 << "Connection: keep-alive[\r][\n]"
12:26:06.372 [Forwarding clickElement on session 18063075-812d-4a4c-a6cd-30fbf03bc7bd to remote] DEBUG org.apache.http.wire - http-outgoing-20 << "[\r][\n]"
CF19-000000000000/click &amp#27;[39m&amp#27;[32m200&amp#27;[39m &amp#27;[9012:26:06.372 [Forwarding clickElement on session 18063075-812d-4a4c-a6cd-30fbf03bc7bd to remote] DEBUG org.apache.http.wire - http-outgoing-20 << "{"status":0,"id":"F1000000-0000-0000-CF19-000000000000","value":"","sessionId":"18063075-812d-4a4c-a6cd-30fbf03bc7bd"}"
m766 ms - 118&amp#27;[39m
&amp#27;[35m[HTTP]&amp#27;[39m &amp#27;[90m&amp#27;[39m12:26:06.373 [Forwarding clickElement on session 18063075-812d-4a4c-a6cd-30fbf03bc7bd to remote] DEBUG org.apache.http.headers - http-outgoing-20 << HTTP/1.1 200 OK
12:26:06.373 [Forwarding clickElement on session 18063075-812d-4a4c-a6cd-30fbf03bc7bd to remote] DEBUG org.apache.http.headers - http-outgoing-20 << X-Powered-By: Express

12:26:06.373 [Forwarding clickElement on session 18063075-812d-4a4c-a6cd-30fbf03bc7bd to remote] DEBUG org.apache.http.headers - http-outgoing-20 << Access-Control-Allow-Origin: *
12:26:06.373 [Forwarding clickElement on session 18063075-812d-4a4c-a6cd-30fbf03bc7bd to remote] DEBUG org.apache.http.headers - http-outgoing-20 << Access-Control-Allow-Methods: GET,POST,PUT,OPTIONS,DELETE
12:26:06.373 [Forwarding clickElement on session 18063075-812d-4a4c-a6cd-30fbf03bc7bd to remote] DEBUG org.apache.http.headers - http-outgoing-20 << Access-Control-Allow-Headers: origin, content-type, accept
12:26:06.373 [Forwarding clickElement on session 18063075-812d-4a4c-a6cd-30fbf03bc7bd to remote] DEBUG org.apache.http.headers - http-outgoing-20 << Vary: X-HTTP-Method-Override
12:26:06.373 [Forwarding clickElement on session 18063075-812d-4a4c-a6cd-30fbf03bc7bd to remote] DEBUG org.apache.http.headers - http-outgoing-20 << Content-Type: application/json; charset=utf-8
12:26:06.373 [Forwarding clickElement on session 18063075-812d-4a4c-a6cd-30fbf03bc7bd to remote] DEBUG org.apache.http.headers - http-outgoing-20 << Content-Length: 118
12:26:06.373 [Forwarding clickElement on session 18063075-812d-4a4c-a6cd-30fbf03bc7bd to remote] DEBUG org.apache.http.headers - http-outgoing-20 << ETag: W/"76-g5It5rVsyxaMiwk+cyUBTrrtQ2U"
12:26:06.373 [Forwarding clickElement on session 18063075-812d-4a4c-a6cd-30fbf03bc7bd to remote] DEBUG org.apache.http.headers - http-outgoing-20 << Date: Fri, 23 Aug 2019 06:56:06 GMT
12:26:06.373 [Forwarding clickElement on session 18063075-812d-4a4c-a6cd-30fbf03bc7bd to remote] DEBUG org.apache.http.headers - http-outgoing-20 << Connection: keep-alive
12:26:06.373 [Forwarding clickElement on session 18063075-812d-4a4c-a6cd-30fbf03bc7bd to remote] DEBUG o.a.h.impl.execchain.MainClientExec - Connection can be kept alive indefinitely
12:26:06.373 [Forwarding clickElement on session 18063075-812d-4a4c-a6cd-30fbf03bc7bd to remote] DEBUG o.a.h.i.c.PoolingHttpClientConnectionManager - Connection [id: 20][route: {}->http://localhost:4723] can be kept alive indefinitely
12:26:06.373 [Forwarding clickElement on session 18063075-812d-4a4c-a6cd-30fbf03bc7bd to remote] DEBUG o.a.h.i.c.PoolingHttpClientConnectionManager - Connection released: [id: 20][route: {}->http://localhost:4723][total kept alive: 1; route allocated: 1 of 2000; total allocated: 1 of 2000]
12:26:06.374 [Forwarding findElement on session 18063075-812d-4a4c-a6cd-30fbf03bc7bd to remote] DEBUG o.a.h.c.protocol.RequestAddCookies - CookieSpec selected: default
12:26:06.374 [Forwarding findElement on session 18063075-812d-4a4c-a6cd-30fbf03bc7bd to remote] DEBUG o.a.h.c.protocol.RequestAuthCache - Auth cache not set in the context
12:26:06.374 [Forwarding findElement on session 18063075-812d-4a4c-a6cd-30fbf03bc7bd to remote] DEBUG o.a.h.i.c.PoolingHttpClientConnectionManager - Connection request: [route: {}->http://localhost:4723][total kept alive: 1; route allocated: 1 of 2000; total allocated: 1 of 2000]
12:26:06.374 [Forwarding findElement on session 18063075-812d-4a4c-a6cd-30fbf03bc7bd to remote] DEBUG o.a.h.i.c.PoolingHttpClientConnectionManager - Connection leased: [id: 20][route: {}->http://localhost:4723][total kept alive: 0; route allocated: 1 of 2000; total allocated: 1 of 2000]
12:26:06.374 [Forwarding findElement on session 18063075-812d-4a4c-a6cd-30fbf03bc7bd to remote] DEBUG o.a.h.impl.execchain.MainClientExec - Stale connection check
12:26:06.376 [Forwarding findElement on session 18063075-812d-4a4c-a6cd-30fbf03bc7bd to remote] DEBUG org.apache.http.wire - http-outgoing-20 << "[read] I/O error: Read timed out"
12:26:06.376 [Forwarding findElement on session 18063075-812d-4a4c-a6cd-30fbf03bc7bd to remote] DEBUG o.a.h.i.c.DefaultManagedHttpClientConnection - http-outgoing-20: set socket timeout to 10800000
12:26:06.376 [Forwarding findElement on session 18063075-812d-4a4c-a6cd-30fbf03bc7bd to remote] DEBUG o.a.h.impl.execchain.MainClientExec - Executing request POST /wd/hub/session/18063075-812d-4a4c-a6cd-30fbf03bc7bd/element HTTP/1.1
12:26:06.376 [Forwarding findElement on session 18063075-812d-4a4c-a6cd-30fbf03bc7bd to remote] DEBUG o.a.h.impl.execchain.MainClientExec - Target auth state: UNCHALLENGED
12:26:06.376 [Forwarding findElement on session 18063075-812d-4a4c-a6cd-30fbf03bc7bd to remote] DEBUG o.a.h.impl.execchain.MainClientExec - Proxy auth state: UNCHALLENGED
12:26:06.376 [Forwarding findElement on session 18063075-812d-4a4c-a6cd-30fbf03bc7bd to remote] DEBUG org.apache.http.headers - http-outgoing-20 >> POST /wd/hub/session/18063075-812d-4a4c-a6cd-30fbf03bc7bd/element HTTP/1.1
12:26:06.376 [Forwarding findElement on session 18063075-812d-4a4c-a6cd-30fbf03bc7bd to remote] DEBUG org.apache.http.headers - http-outgoing-20 >> Content-Type: application/json; charset=utf-8
12:26:06.376 [Forwarding findElement on session 18063075-812d-4a4c-a6cd-30fbf03bc7bd to remote] DEBUG org.apache.http.headers - http-outgoing-20 >> Content-Length: 33
12:26:06.376 [Forwarding findElement on session 18063075-812d-4a4c-a6cd-30fbf03bc7bd to remote] DEBUG org.apache.http.headers - http-outgoing-20 >> Host: localhost:4723
12:26:06.376 [Forwarding findElement on session 18063075-812d-4a4c-a6cd-30fbf03bc7bd to remote] DEBUG org.apache.http.headers - http-outgoing-20 >> Connection: Keep-Alive
12:26:06.376 [Forwarding findElement on session 18063075-812d-4a4c-a6cd-30fbf03bc7bd to remote] DEBUG org.apache.http.headers - http-outgoing-20 >> User-Agent: Apache-HttpClient/4.5.2 (Java/1.8.0_171)
12:26:06.376 [Forwarding findElement on session 18063075-812d-4a4c-a6cd-30fbf03bc7bd to remote] DEBUG org.apache.http.headers - http-outgoing-20 >> Accept-Encoding: gzip,deflate
12:26:06.376 [Forwarding findElement on session 18063075-812d-4a4c-a6cd-30fbf03bc7bd to remote] DEBUG org.apache.http.wire - http-outgoing-20 >> "POST /wd/hub/session/18063075-812d-4a4c-a6cd-30fbf03bc7bd/element HTTP/1.1[\r][\n]"
12:26:06.376 [Forwarding findElement on session 18063075-812d-4a4c-a6cd-30fbf03bc7bd to remote] DEBUG org.apache.http.wire - http-outgoing-20 >> "Content-Type: application/json; charset=utf-8[\r][\n]"
12:26:06.376 [Forwarding findElement on session 18063075-812d-4a4c-a6cd-30fbf03bc7bd to remote] DEBUG org.apache.http.wire - http-outgoing-20 >> "Content-Length: 33[\r][\n]"
12:26:06.376 [Forwarding findElement on session 18063075-812d-4a4c-a6cd-30fbf03bc7bd to remote] DEBUG org.apache.http.wire - http-outgoing-20 >> "Host: localhost:4723[\r][\n]"
12:26:06.376 [Forwarding findElement on session 18063075-812d-4a4c-a6cd-30fbf03bc7bd to remote] DEBUG org.apache.http.wire - http-outgoing-20 >> "Connection: Keep-Alive[\r][\n]"
12:26:06.376 [Forwarding findElement on session 18063075-812d-4a4c-a6cd-30fbf03bc7bd to remote] DEBUG org.apache.http.wire - http-outgoing-20 >> "User-Agent: Apache-HttpClient/4.5.2 (Java/1.8.0_171)[\r][\n]"
12:26:06.376 [Forwarding findElement on session 18063075-812d-4a4c-a6cd-30fbf03bc7bd to remote] DEBUG org.apache.http.wire - http-outgoing-20 >> "Accept-Encoding: gzip,deflate[\r][\n]"
12:26:06.376 [Forwarding findElement on session 18063075-812d-4a4c-a6cd-30fbf03bc7bd to remote] DEBUG org.apache.http.wire - http-outgoing-20 >> "[\r][\n]"
12:26:06.376 [Forwarding findElement on session 18063075-812d-4a4c-a6cd-30fbf03bc7bd to remote] DEBUG org.apache.http.wire - http-outgoing-20 >> "{"using":"id","value":"DISCOVER"}"
&amp#27;[35m[HTTP]&amp#27;[39m &amp#27;[37m-->&amp#27;[39m &amp#27;[37mPOST&amp#27;[39m &amp#27;[37m/wd/hub/session/18063075-812d-4a4c-a6cd-30fbf03bc7bd/element&amp#27;[39m
&amp#27;[35m[HTTP]&amp#27;[39m &amp#27;[90m{"using":"id","value":"DISCOVER"}&amp#27;[39m
12:26:07.633 [Forwarding findElement on session 18063075-812d-4a4c-a6cd-30fbf03bc7bd to remote] DEBUG org.apache.http.wire - http-outgoing-20 << "HTTP/1.1 200 OK[\r][\n]"
12:26:07.633 [Forwarding findElement on session 18063075-812d-4a4c-a6cd-30fbf03bc7bd to remote] DEBUG org.apache.http.wire - http-outgoing-20 << "X-Powered-By: Express[\r][\n]"
12:26:07.633 [Forwarding findElement on session 18063075-812d-4a4c-a6cd-30fbf03bc7bd to remote] DEBUG org.apache.http.wire - http-outgoing-20 << "Access-Control-Allow-Origin: *[\r][\n]"
12:26:07.633 [Forwarding findElement on session 18063075-812d-4a4c-a6cd-30fbf03bc7bd to remote] DEBUG org.apache.http.wire - http-outgoing-20 << "Access-Control-Allow-Methods: GET,POST,PUT,OPTIONS,DELETE[\r][\n]"
12:26:07.633 [Forwarding findElement on session 18063075-812d-4a4c-a6cd-30fbf03bc7bd to remote] DEBUG org.apache.http.wire - http-outgoing-20 << "Access-Control-Allow-Headers: origin, content-type, accept[\r][\n]"
12:26:07.633 [Forwarding findElement on session 18063075-812d-4a4c-a6cd-30fbf03bc7bd to remote] DEBUG org.apache.http.wire - http-outgoing-20 << "Vary: X-HTTP-Method-Override[\r][\n]"
12:26:07.633 [Forwarding findElement on session 18063075-812d-4a4c-a6cd-30fbf03bc7bd to remote] DEBUG org.apache.http.wire - http-outgoing-20 << "Content-Type: application/json; charset=utf-8[\r][\n]"
12:26:07.634 [Forwarding findElement on session 18063075-812d-4a4c-a6cd-30fbf03bc7bd to remote] DEBUG org.apache.http.wire - http-outgoing-20 << "Content-Length: 122[\r][\n]"
12:26:07.634 [Forwarding findElement on session 18063075-812d-4a4c-a6cd-30fbf03bc7bd to remote] DEBUG org.apache.http.wire - http-outgoing-20 << "ETag: W/"7a-4Z1I0XH8Way/iF4ZNHWQspQPr/g"[\r][\n]"
12:26:07.634 [Forwarding findElement on session 18063075-812d-4a4c-a6cd-30fbf03bc7bd to remote] DEBUG org.apache.http.wire - http-outgoing-20 << "Date: Fri, 23 Aug 2019 06:56:07 GMT[\r][\n]"
12:26:07.634 [Forwarding findElement on session 18063075-812d-4a4c-a6cd-30fbf03bc7bd to remote] DEBUG org.apache.http.wire - http-outgoing-20 << "Connection: keep-alive[\r][\n]"
12:26:07.634 [Forwarding findElement on session 18063075-812d-4a4c-a6cd-30fbf03bc7bd to remote] DEBUG org.apache.http.wire - http-outgoing-20 << "[\r][\n]"
&amp#27;[35m[HTTP]&amp#27;[39m &amp#27;[37m<-- POST /wd/hub/ses12:26:07.634 [Forwarding findElement on session 18063075-812d-4a4c-a6cd-30fbf03bc7bd to remote] DEBUG org.apache.http.wire - http-outgoing-20 << "{"status":0,"value":{"ELEMENT":"1C000000-0000-0000-CF19-000000000000"},"sessionId":"18063075-812d-4a4c-a6cd-30fbf03bc7bd"}"
sion/1806307512:26:07.634 [Forwarding findElement on session 18063075-812d-4a4c-a6cd-30fbf03bc7bd to remote] DEBUG org.apache.http.headers - http-outgoing-20 << HTTP/1.1 200 OK
12:26:07.634 [Forwarding findElement on session 18063075-812d-4a4c-a6cd-30fbf03bc7bd to remote] DEBUG org.apache.http.headers - http-outgoing-20 << X-Powered-By: Express
12:26:07.634 [Forwarding findElement on session 18063075-812d-4a4c-a6cd-30fbf03bc7bd to remote] DEBUG org.apache.http.headers - http-outgoing-20 << Access-Control-Allow-Origin: *
12:26:07.634 [Forwarding findElement on session 18063075-812d-4a4c-a6cd-30fbf03bc7bd to remote] DEBUG org.apache.http.headers - http-outgoing-20 << Access-Control-Allow-Methods: GET,POST,PUT,OPTIONS,DELETE
12:26:07.634 [Forwarding findElement on session 18063075-812d-4a4c-a6cd-30fbf03bc7bd to remote] DEBUG org.apache.http.headers - http-outgoing-20 << Access-Control-Allow-Headers: origin, content-type, accept
12:26:07.634 [Forwarding findElement on session 18063075-812d-4a4c-a6cd-30fbf03bc7bd to remote] DEBUG org.apache.http.headers - http-outgoing-20 << Vary: X-HTTP-Method-Override
12:26:07.634 [Forwarding findElement on session 18063075-812d-4a4c-a6cd-30fbf03bc7bd to remote] DEBUG org.apache.http.headers - http-outgoing-20 << Content-Type: application/json; charset=utf-8
12:26:07.634 [Forwarding findElement on session 18063075-812d-4a4c-a6cd-30fbf03bc7bd to remote] DEBUG org.apache.http.headers - http-outgoing-20 << Content-Length: 122
12:26:07.634 [Forwarding findElement on session 18063075-812d-4a4c-a6cd-30fbf03bc7bd to remote] DEBUG org.apache.http.headers - http-outgoing-20 << ETag: W/"7a-4Z1I0XH8Way/iF4ZNHWQspQPr/g"
12:26:07.634 [Forwarding findElement on session 18063075-812d-4a4c-a6cd-30fbf03bc7bd to remote] DEBUG org.apache.http.headers - http-outgoing-20 << Date: Fri, 23 Aug 2019 06:56:07 GMT
12:26:07.634 [Forwarding findElement on session 18063075-812d-4a4c-a6cd-30fbf03bc7bd to remote] DEBUG org.apache.http.headers - http-outgoing-20 << Connection: keep-alive
-812d-4a4c-a6cd-30fbf03bc12:26:07.634 [Forwarding findElement on session 18063075-812d-4a4c-a6cd-30fbf03bc7bd to remote] DEBUG o.a.h.impl.execchain.MainClientExec - Connection can be kept alive indefinitely
7bd/element &amp#27;[39m&amp#27;[32m200&amp#27;[39m &amp#27;[90m1257 ms - 1212:26:07.635 [Forwarding findElement on session 18063075-812d-4a4c-a6cd-30fbf03bc7bd to remote] DEBUG o.a.h.i.c.PoolingHttpClientConnectionManager - Connection [id: 20][route: {}->http://localhost:4723] can be kept alive indefinitely
2&amp#27;[39m
12:26:07.635 [Forwarding findElement on session 18063075-812d-4a4c-a6cd-30fbf03bc7bd to remote] DEBUG o.a.h.i.c.PoolingHttpClientConnectionManager - Connection released: [id: 20][route: {}->http://localhost:4723][total kept alive: 1; route allocated: 1 of 2000; total allocated: 1 of 2000]
&amp#27;[35m[HTTP]&amp#27;[39m &amp#27;[90m&amp#27;[39m
12:26:07.636 [Forwarding isElementDisplayed on session 18063075-812d-4a4c-a6cd-30fbf03bc7bd to remote] DEBUG o.a.h.c.protocol.RequestAddCookies - CookieSpec selected: default
12:26:07.636 [Forwarding isElementDisplayed on session 18063075-812d-4a4c-a6cd-30fbf03bc7bd to remote] DEBUG o.a.h.c.protocol.RequestAuthCache - Auth cache not set in the context
12:26:07.636 [Forwarding isElementDisplayed on session 18063075-812d-4a4c-a6cd-30fbf03bc7bd to remote] DEBUG o.a.h.i.c.PoolingHttpClientConnectionManager - Connection request: [route: {}->http://localhost:4723][total kept alive: 1; route allocated: 1 of 2000; total allocated: 1 of 2000]
12:26:07.636 [Forwarding isElementDisplayed on session 18063075-812d-4a4c-a6cd-30fbf03bc7bd to remote] DEBUG o.a.h.i.c.PoolingHttpClientConnectionManager - Connection leased: [id: 20][route: {}->http://localhost:4723][total kept alive: 0; route allocated: 1 of 2000; total allocated: 1 of 2000]
12:26:07.636 [Forwarding isElementDisplayed on session 18063075-812d-4a4c-a6cd-30fbf03bc7bd to remote] DEBUG o.a.h.impl.execchain.MainClientExec - Stale connection check
12:26:07.637 [Forwarding isElementDisplayed on session 18063075-812d-4a4c-a6cd-30fbf03bc7bd to remote] DEBUG org.apache.http.wire - http-outgoing-20 << "[read] I/O error: Read timed out"
12:26:07.637 [Forwarding isElementDisplayed on session 18063075-812d-4a4c-a6cd-30fbf03bc7bd to remote] DEBUG o.a.h.i.c.DefaultManagedHttpClientConnection - http-outgoing-20: set socket timeout to 10800000
12:26:07.637 [Forwarding isElementDisplayed on session 18063075-812d-4a4c-a6cd-30fbf03bc7bd to remote] DEBUG o.a.h.impl.execchain.MainClientExec - Executing request GET /wd/hub/session/18063075-812d-4a4c-a6cd-30fbf03bc7bd/element/1C000000-0000-0000-CF19-000000000000/displayed HTTP/1.1
12:26:07.637 [Forwarding isElementDisplayed on session 18063075-812d-4a4c-a6cd-30fbf03bc7bd to remote] DEBUG o.a.h.impl.execchain.MainClientExec - Target auth state: UNCHALLENGED
12:26:07.637 [Forwarding isElementDisplayed on session 18063075-812d-4a4c-a6cd-30fbf03bc7bd to remote] DEBUG o.a.h.impl.execchain.MainClientExec - Proxy auth state: UNCHALLENGED
12:26:07.637 [Forwarding isElementDisplayed on session 18063075-812d-4a4c-a6cd-30fbf03bc7bd to remote] DEBUG org.apache.http.headers - http-outgoing-20 >> GET /wd/hub/session/18063075-812d-4a4c-a6cd-30fbf03bc7bd/element/1C000000-0000-0000-CF19-000000000000/displayed HTTP/1.1
12:26:07.637 [Forwarding isElementDisplayed on session 18063075-812d-4a4c-a6cd-30fbf03bc7bd to remote] DEBUG org.apache.http.headers - http-outgoing-20 >> Cache-Control: no-cache
12:26:07.637 [Forwarding isElementDisplayed on session 18063075-812d-4a4c-a6cd-30fbf03bc7bd to remote] DEBUG org.apache.http.headers - http-outgoing-20 >> Host: localhost:4723
12:26:07.637 [Forwarding isElementDisplayed on session 18063075-812d-4a4c-a6cd-30fbf03bc7bd to remote] DEBUG org.apache.http.headers - http-outgoing-20 >> Connection: Keep-Alive
12:26:07.638 [Forwarding isElementDisplayed on session 18063075-812d-4a4c-a6cd-30fbf03bc7bd to remote] DEBUG org.apache.http.headers - http-outgoing-20 >> User-Agent: Apache-HttpClient/4.5.2 (Java/1.8.0_171)
12:26:07.638 [Forwarding isElementDisplayed on session 18063075-812d-4a4c-a6cd-30fbf03bc7bd to remote] DEBUG org.apache.http.headers - http-outgoing-20 >> Accept-Encoding: gzip,deflate
12:26:07.638 [Forwarding isElementDisplayed on session 18063075-812d-4a4c-a6cd-30fbf03bc7bd to remote] DEBUG org.apache.http.wire - http-outgoing-20 >> "GET /wd/hub/session/18063075-812d-4a4c-a6cd-30fbf03bc7bd/element/1C000000-0000-0000-CF19-000000000000/displayed HTTP/1.1[\r][\n]"
12:26:07.638 [Forwarding isElementDisplayed on session 18063075-812d-4a4c-a6cd-30fbf03bc7bd to remote] DEBUG org.apache.http.wire - http-outgoing-20 >> "Cache-Control: no-cache[\r][\n]"
12:26:07.638 [Forwarding isElementDisplayed on session 18063075-812d-4a4c-a6cd-30fbf03bc7bd to remote] DEBUG org.apache.http.wire - http-outgoing-20 >> "Host: localhost:4723[\r][\n]"
12:26:07.638 [Forwarding isElementDisplayed on session 18063075-812d-4a4c-a6cd-30fbf03bc7bd to remote] DEBUG org.apache.http.wire - http-outgoing-20 >> "Connection: Keep-Alive[\r][\n]"
12:26:07.638 [Forwarding isElementDisplayed on session 18063075-812d-4a4c-a6cd-30fbf03bc7bd to remote] DEBUG org.apache.http.wire - http-outgoing-20 >> "User-Agent: Apache-HttpClient/4.5.2 (Java/1.8.0_171)[\r][\n]"
12:26:07.638 [Forwarding isElementDisplayed on session 18063075-812d-4a4c-a6cd-30fbf03bc7bd to remote] DEBUG org.apache.http.wire - http-outgoing-20 >> "Accept-Encoding: gzip,deflate[\r][\n]"
12:26:07.638 [Forwarding isElementDisplayed on session 18063075-812d-4a4c-a6cd-30fbf03bc7bd to remote] DEBUG org.apache.http.wire - http-outgoing-20 >> "[\r][\n]"
&amp#27;[35m[HTTP]&amp#27;[39m &amp#27;[37m-->&amp#27;[39m &amp#27;[37mGET&amp#27;[39m &amp#27;[37m/wd/hub/session/18063075-812d-4a4c-a6cd-30fbf03bc7bd/element/1C000000-0000-0000-CF19-000000000000/displayed&amp#27;[39m
&amp#27;[35m[HTTP]&amp#27;[39m &amp#27;[90m{}&amp#27;[39m
&amp#27;[35m[MJSONWP]&amp#27;[39m Driver proxy active, passing request on via HTTP proxy
&amp#27;[35m[JSONWP Proxy]&amp#27;[39m Replacing sessionId B74F9560-FF94-4D04-956912:26:08.223 [Forwarding isElementDisplayed on session 18063075-812d-4a4c-a6cd-30fbf03bc7bd to remote] DEBUG org.apache.http.wire - http-outgoing-20 << "HTTP/1.1 200 OK[\r][\n]"
-9BCC996503BA with 18063075-812d-4a4c-a6cd-30fbf03bc7bd
12:26:08.223 [Forwarding isElementDisplayed on session 18063075-812d-4a4c-a6cd-30fbf03bc7bd to remote] DEBUG org.apache.http.wire - http-outgoing-20 << "X-Powered-By: Express[\r][\n]"
&amp#27;[35m[HTTP]&amp#27;[39m &amp#27;[312:26:08.223 [Forwarding isElementDisplayed on session 18063075-812d-4a4c-a6cd-30fbf03bc7bd to remote] DEBUG org.apache.http.wire - http-outgoing-20 << "Access-Control-Allow-Origin: *[\r][\n]"
7m<-- GET /wd/hub/session/18063075-812d-4a4c-a6cd-30fbf03bc7bd/element/1C000000-0012:26:08.224 [Forwarding isElementDisplayed on session 18063075-812d-4a4c-a6cd-30fbf03bc7bd to remote] DEBUG org.apache.http.wire - http-outgoing-20 << "Access-Control-Allow-Methods: GET,POST,PUT,OPTIONS,DELETE[\r][\n]"
12:26:08.224 [Forwarding isElementDisplayed on session 18063075-812d-4a4c-a6cd-30fbf03bc7bd to remote] DEBUG org.apache.http.wire - http-outgoing-20 << "Access-Control-Allow-Headers: origin, content-type, accept[\r][\n]"
00-0000-CF1912:26:08.224 [Forwarding isElementDisplayed on session 18063075-812d-4a4c-a6cd-30fbf03bc7bd to remote] DEBUG org.apache.http.wire - http-outgoing-20 << "Content-Type: application/json; charset=utf-8[\r][\n]"
-000000000000/displayed &amp#27;[39m&amp#27;[32m200&amp#27;[39m &amp#27;[90m584 ms 12:26:08.224 [Forwarding isElementDisplayed on session 18063075-812d-4a4c-a6cd-30fbf03bc7bd to remote] DEBUG org.apache.http.wire - http-outgoing-20 << "Content-Length: 76[\r][\n]"
- 12:26:08.225 [Forwarding isElementDisplayed on session 18063075-812d-4a4c-a6cd-30fbf03bc7bd to remote] DEBUG org.apache.http.wire - http-outgoing-20 << "ETag: W/"4c-Y7k244UeXncxktz3h+rJR8RJids"[\r][\n]"
76&amp#27;[39m
&amp#27;[3512:26:08.225 [Forwarding isElementDisplayed on session 18063075-812d-4a4c-a6cd-30fbf03bc7bd to remote] DEBUG org.apache.http.wire - http-outgoing-20 << "Date: Fri, 23 Aug 2019 06:56:08 GMT[\r][\n]"
12:26:08.225 [Forwarding isElementDisplayed on session 18063075-812d-4a4c-a6cd-30fbf03bc7bd to remote] DEBUG org.apache.http.wire - http-outgoing-20 << "Connection: keep-alive[\r][\n]"
m[HTTP]&amp#27;[39m &amp#27;[90m&amp#27;[39m
12:26:08.225 [Forwarding isElementDisplayed on session 18063075-812d-4a4c-a6cd-30fbf03bc7bd to remote] DEBUG org.apache.http.wire - http-outgoing-20 << "[\r][\n]"
12:26:08.225 [Forwarding isElementDisplayed on session 18063075-812d-4a4c-a6cd-30fbf03bc7bd to remote] DEBUG org.apache.http.wire - http-outgoing-20 << "{"value":true,"sessionId":"18063075-812d-4a4c-a6cd-30fbf03bc7bd","status":0}"
12:26:08.225 [Forwarding isElementDisplayed on session 18063075-812d-4a4c-a6cd-30fbf03bc7bd to remote] DEBUG org.apache.http.headers - http-outgoing-20 << HTTP/1.1 200 OK
12:26:08.225 [Forwarding isElementDisplayed on session 18063075-812d-4a4c-a6cd-30fbf03bc7bd to remote] DEBUG org.apache.http.headers - http-outgoing-20 << X-Powered-By: Express
12:26:08.225 [Forwarding isElementDisplayed on session 18063075-812d-4a4c-a6cd-30fbf03bc7bd to remote] DEBUG org.apache.http.headers - http-outgoing-20 << Access-Control-Allow-Origin: *
12:26:08.225 [Forwarding isElementDisplayed on session 18063075-812d-4a4c-a6cd-30fbf03bc7bd to remote] DEBUG org.apache.http.headers - http-outgoing-20 << Access-Control-Allow-Methods: GET,POST,PUT,OPTIONS,DELETE
12:26:08.225 [Forwarding isElementDisplayed on session 18063075-812d-4a4c-a6cd-30fbf03bc7bd to remote] DEBUG org.apache.http.headers - http-outgoing-20 << Access-Control-Allow-Headers: origin, content-type, accept
12:26:08.225 [Forwarding isElementDisplayed on session 18063075-812d-4a4c-a6cd-30fbf03bc7bd to remote] DEBUG org.apache.http.headers - http-outgoing-20 << Content-Type: application/json; charset=utf-8
12:26:08.225 [Forwarding isElementDisplayed on session 18063075-812d-4a4c-a6cd-30fbf03bc7bd to remote] DEBUG org.apache.http.headers - http-outgoing-20 << Content-Length: 76
12:26:08.225 [Forwarding isElementDisplayed on session 18063075-812d-4a4c-a6cd-30fbf03bc7bd to remote] DEBUG org.apache.http.headers - http-outgoing-20 << ETag: W/"4c-Y7k244UeXncxktz3h+rJR8RJids"
12:26:08.225 [Forwarding isElementDisplayed on session 18063075-812d-4a4c-a6cd-30fbf03bc7bd to remote] DEBUG org.apache.http.headers - http-outgoing-20 << Date: Fri, 23 Aug 2019 06:56:08 GMT
12:26:08.225 [Forwarding isElementDisplayed on session 18063075-812d-4a4c-a6cd-30fbf03bc7bd to remote] DEBUG org.apache.http.headers - http-outgoing-20 << Connection: keep-alive
12:26:08.225 [Forwarding isElementDisplayed on session 18063075-812d-4a4c-a6cd-30fbf03bc7bd to remote] DEBUG o.a.h.impl.execchain.MainClientExec - Connection can be kept alive indefinitely
12:26:08.225 [Forwarding isElementDisplayed on session 18063075-812d-4a4c-a6cd-30fbf03bc7bd to remote] DEBUG o.a.h.i.c.PoolingHttpClientConnectionManager - Connection [id: 20][route: {}->http://localhost:4723] can be kept alive indefinitely
12:26:08.225 [Forwarding isElementDisplayed on session 18063075-812d-4a4c-a6cd-30fbf03bc7bd to remote] DEBUG o.a.h.i.c.PoolingHttpClientConnectionManager - Connection released: [id: 20][route: {}->http://localhost:4723][total kept alive: 1; route allocated: 1 of 2000; total allocated: 1 of 2000]
12:26:08.226 [Forwarding findElement on session 18063075-812d-4a4c-a6cd-30fbf03bc7bd to remote] DEBUG o.a.h.c.protocol.RequestAddCookies - CookieSpec selected: default
12:26:08.226 [Forwarding findElement on session 18063075-812d-4a4c-a6cd-30fbf03bc7bd to remote] DEBUG o.a.h.c.protocol.RequestAuthCache - Auth cache not set in the context
12:26:08.226 [Forwarding findElement on session 18063075-812d-4a4c-a6cd-30fbf03bc7bd to remote] DEBUG o.a.h.i.c.PoolingHttpClientConnectionManager - Connection request: [route: {}->http://localhost:4723][total kept alive: 1; route allocated: 1 of 2000; total allocated: 1 of 2000]
12:26:08.226 [Forwarding findElement on session 18063075-812d-4a4c-a6cd-30fbf03bc7bd to remote] DEBUG o.a.h.i.c.PoolingHttpClientConnectionManager - Connection leased: [id: 20][route: {}->http://localhost:4723][total kept alive: 0; route allocated: 1 of 2000; total allocated: 1 of 2000]
12:26:08.226 [Forwarding findElement on session 18063075-812d-4a4c-a6cd-30fbf03bc7bd to remote] DEBUG o.a.h.impl.execchain.MainClientExec - Stale connection check
12:26:08.227 [Forwarding findElement on session 18063075-812d-4a4c-a6cd-30fbf03bc7bd to remote] DEBUG org.apache.http.wire - http-outgoing-20 << "[read] I/O error: Read timed out"
12:26:08.227 [Forwarding findElement on session 18063075-812d-4a4c-a6cd-30fbf03bc7bd to remote] DEBUG o.a.h.i.c.DefaultManagedHttpClientConnection - http-outgoing-20: set socket timeout to 10800000
12:26:08.227 [Forwarding findElement on session 18063075-812d-4a4c-a6cd-30fbf03bc7bd to remote] DEBUG o.a.h.impl.execchain.MainClientExec - Executing request POST /wd/hub/session/18063075-812d-4a4c-a6cd-30fbf03bc7bd/element HTTP/1.1
12:26:08.227 [Forwarding findElement on session 18063075-812d-4a4c-a6cd-30fbf03bc7bd to remote] DEBUG o.a.h.impl.execchain.MainClientExec - Target auth state: UNCHALLENGED
12:26:08.227 [Forwarding findElement on session 18063075-812d-4a4c-a6cd-30fbf03bc7bd to remote] DEBUG o.a.h.impl.execchain.MainClientExec - Proxy auth state: UNCHALLENGED
12:26:08.227 [Forwarding findElement on session 18063075-812d-4a4c-a6cd-30fbf03bc7bd to remote] DEBUG org.apache.http.headers - http-outgoing-20 >> POST /wd/hub/session/18063075-812d-4a4c-a6cd-30fbf03bc7bd/element HTTP/1.1
12:26:08.227 [Forwarding findElement on session 18063075-812d-4a4c-a6cd-30fbf03bc7bd to remote] DEBUG org.apache.http.headers - http-outgoing-20 >> Content-Type: application/json; charset=utf-8
12:26:08.227 [Forwarding findElement on session 18063075-812d-4a4c-a6cd-30fbf03bc7bd to remote] DEBUG org.apache.http.headers - http-outgoing-20 >> Content-Length: 33
12:26:08.227 [Forwarding findElement on session 18063075-812d-4a4c-a6cd-30fbf03bc7bd to remote] DEBUG org.apache.http.headers - http-outgoing-20 >> Host: localhost:4723
12:26:08.227 [Forwarding findElement on session 18063075-812d-4a4c-a6cd-30fbf03bc7bd to remote] DEBUG org.apache.http.headers - http-outgoing-20 >> Connection: Keep-Alive
12:26:08.227 [Forwarding findElement on session 18063075-812d-4a4c-a6cd-30fbf03bc7bd to remote] DEBUG org.apache.http.headers - http-outgoing-20 >> User-Agent: Apache-HttpClient/4.5.2 (Java/1.8.0_171)
12:26:08.227 [Forwarding findElement on session 18063075-812d-4a4c-a6cd-30fbf03bc7bd to remote] DEBUG org.apache.http.headers - http-outgoing-20 >> Accept-Encoding: gzip,deflate
12:26:08.228 [Forwarding findElement on session 18063075-812d-4a4c-a6cd-30fbf03bc7bd to remote] DEBUG org.apache.http.wire - http-outgoing-20 >> "POST /wd/hub/session/18063075-812d-4a4c-a6cd-30fbf03bc7bd/element HTTP/1.1[\r][\n]"
12:26:08.228 [Forwarding findElement on session 18063075-812d-4a4c-a6cd-30fbf03bc7bd to remote] DEBUG org.apache.http.wire - http-outgoing-20 >> "Content-Type: application/json; charset=utf-8[\r][\n]"
12:26:08.228 [Forwarding findElement on session 18063075-812d-4a4c-a6cd-30fbf03bc7bd to remote] DEBUG org.apache.http.wire - http-outgoing-20 >> "Content-Length: 33[\r][\n]"
12:26:08.228 [Forwarding findElement on session 18063075-812d-4a4c-a6cd-30fbf03bc7bd to remote] DEBUG org.apache.http.wire - http-outgoing-20 >> "Host: localhost:4723[\r][\n]"
12:26:08.228 [Forwarding findElement on session 18063075-812d-4a4c-a6cd-30fbf03bc7bd to remote] DEBUG org.apache.http.wire - http-outgoing-20 >> "Connection: Keep-Alive[\r][\n]"
12:26:08.228 [Forwarding findElement on session 18063075-812d-4a4c-a6cd-30fbf03bc7bd to remote] DEBUG org.apache.http.wire - http-outgoing-20 >> "User-Agent: Apache-HttpClient/4.5.2 (Java/1.8.0_171)[\r][\n]"
12:26:08.228 [Forwarding findElement on session 18063075-812d-4a4c-a6cd-30fbf03bc7bd to remote] DEBUG org.apache.http.wire - http-outgoing-20 >> "Accept-Encoding: gzip,deflate[\r][\n]"
12:26:08.228 [Forwarding findElement on session 18063075-812d-4a4c-a6cd-30fbf03bc7bd to remote] DEBUG org.apache.http.wire - http-outgoing-20 >> "[\r][\n]"
12:26:08.228 [Forwarding findElement on session 18063075-812d-4a4c-a6cd-30fbf03bc7bd to remote] DEBUG org.apache.http.wire - http-outgoing-20 >> "{"using":"id","value":"DISCOVER"}"
&amp#27;[35m[HTTP]&amp#27;[39m &amp#27;[37m-->&amp#27;[39m &amp#27;[37mPOST&amp#27;[39m &amp#27;[37m/wd/hub/session/18063075-812d-4a4c-a6cd-30fbf03bc7bd/element&amp#27;[39m
&amp#27;[35m[HTTP]&amp#27;[39m &amp#27;[90m{"using":"id","value":"DISCOVER"}&amp#27;[39m
12:26:08.990 [Forwarding findElement on session 18063075-812d-4a4c-a6cd-30fbf03bc7bd to remote] DEBUG org.apache.http.wire - http-outgoing-20 << "HTTP/1.1 200 OK[\r][\n]"
12:26:08.990 [Forwarding findElement on session 18063075-812d-4a4c-a6cd-30fbf03bc7bd to remote] DEBUG org.apache.http.wire - http-outgoing-20 << "X-Powered-By: Express[\r][\n]"
12:26:08.990 [Forwarding findElement on session 18063075-812d-4a4c-a6cd-30fbf03bc7bd to remote] DEBUG org.apache.http.wire - http-outgoing-20 << "Access-Control-Allow-Origin: *[\r][\n]"
12:26:08.990 [Forwarding findElement on session 18063075-812d-4a4c-a6cd-30fbf03bc7bd to remote] DEBUG org.apache.http.wire - http-outgoing-20 << "Access-Control-Allow-Methods: GET,POST,PUT,OPTIONS,DELETE[\r][\n]"
12:26:08.990 [Forwarding findElement on session 18063075-812d-4a4c-a6cd-30fbf03bc7bd to remote] DEBUG org.apache.http.wire - http-outgoing-20 << "Access-Control-Allow-Headers: origin, content-type, accept[\r][\n]"
12:26:08.990 [Forwarding findElement on session 18063075-812d-4a4c-a6cd-30fbf03bc7bd to remote] DEBUG org.apache.http.wire - http-outgoing-20 << "Vary: X-HTTP-Method-Override[\r][\n]"
12:26:08.990 [Forwarding findElement on session 18063075-812d-4a4c-a6cd-30fbf03bc7bd to remote] DEBUG org.apache.http.wire - http-outgoing-20 << "Content-Type: application/json; charset=utf-8[\r][\n]"
12:26:08.990 [Forwarding findElement on session 18063075-812d-4a4c-a6cd-30fbf03bc7bd to remote] DEBUG org.apache.http.wire - http-outgoing-20 << "Content-Length: 122[\r][\n]"
12:26:08.990 [Forwarding findElement on session 18063075-812d-4a4c-a6cd-30fbf03bc7bd to remote] DEBUG org.apache.http.wire - http-outgoing-20 << "ETag: W/"7a-4Z1I0XH8Way/iF4ZNHWQspQPr/g"[\r][\n]"
12:26:08.990 [Forwarding findElement on session 18063075-812d-4a4c-a6cd-30fbf03bc7bd to remote] DEBUG org.apache.http.wire - http-outgoing-20 << "Date: Fri, 23 Aug 2019 06:56:08 GMT[\r][\n]"
12:26:08.990 [Forwarding findElement on session 18063075-812d-4a4c-a6cd-30fbf03bc7bd to remote] DEBUG org.apache.http.wire - http-outgoing-20 << "Connection: keep-alive[\r][\n]"
12:26:08.990 [Forwarding findElement on session 18063075-812d-4a4c-a6cd-30fbf03bc7bd to remote] DEBUG org.apache.http.wire - http-outgoing-20 << "[\r][\n]"
&amp#27;[35m12:26:08.990 [Forwarding findElement on session 18063075-812d-4a4c-a6cd-30fbf03bc7bd to remote] DEBUG org.apache.http.wire - http-outgoing-20 << "{"status":0,"value":{"ELEMENT":"1C000000-0000-0000-CF19-000000000000"},"sessionId":"18063075-812d-4a4c-a6cd-30fbf03bc7bd"}"
[HTTP]12:26:08.990 [Forwarding findElement on session 18063075-812d-4a4c-a6cd-30fbf03bc7bd to remote] DEBUG org.apache.http.headers - http-outgoing-20 << HTTP/1.1 200 OK
12:26:08.990 [Forwarding findElement on session 18063075-812d-4a4c-a6cd-30fbf03bc7bd to remote] DEBUG org.apache.http.headers - http-outgoing-20 << X-Powered-By: Express
&amp#27;[39m &amp#27;[37m<-- PO12:26:08.990 [Forwarding findElement on session 18063075-812d-4a4c-a6cd-30fbf03bc7bd to remote] DEBUG org.apache.http.headers - http-outgoing-20 << Access-Control-Allow-Origin: *
ST /wd/hub/session/18063075-812d-4a4c-a6cd-30fbf03bc12:26:08.991 [Forwarding findElement on session 18063075-812d-4a4c-a6cd-30fbf03bc7bd to remote] DEBUG org.apache.http.headers - http-outgoing-20 << Access-Control-Allow-Methods: GET,POST,PUT,OPTIONS,DELETE
12:26:08.991 [Forwarding findElement on session 18063075-812d-4a4c-a6cd-30fbf03bc7bd to remote] DEBUG org.apache.http.headers - http-outgoing-20 << Access-Control-Allow-Headers: origin, content-type, accept
7bd/12:26:08.991 [Forwarding findElement on session 18063075-812d-4a4c-a6cd-30fbf03bc7bd to remote] DEBUG org.apache.http.headers - http-outgoing-20 << Vary: X-HTTP-Method-Override
12:26:08.991 [Forwarding findElement on session 18063075-812d-4a4c-a6cd-30fbf03bc7bd to remote] DEBUG org.apache.http.headers - http-outgoing-20 << Content-Type: application/json; charset=utf-8
12:26:08.991 [Forwarding findElement on session 18063075-812d-4a4c-a6cd-30fbf03bc7bd to remote] DEBUG org.apache.http.headers - http-outgoing-20 << Content-Length: 122
12:26:08.991 [Forwarding findElement on session 18063075-812d-4a4c-a6cd-30fbf03bc7bd to remote] DEBUG org.apache.http.headers - http-outgoing-20 << ETag: W/"7a-4Z1I0XH8Way/iF4ZNHWQspQPr/g"
12:26:08.991 [Forwarding findElement on session 18063075-812d-4a4c-a6cd-30fbf03bc7bd to remote] DEBUG org.apache.http.headers - http-outgoing-20 << Date: Fri, 23 Aug 2019 06:56:08 GMT
12:26:08.991 [Forwarding findElement on session 18063075-812d-4a4c-a6cd-30fbf03bc7bd to remote] DEBUG org.apache.http.headers - http-outgoing-20 << Connection: keep-alive
element &amp#27;[39m&amp#27;[312:26:08.991 [Forwarding findElement on session 18063075-812d-4a4c-a6cd-30fbf03bc7bd to remote] DEBUG o.a.h.impl.execchain.MainClientExec - Connection can be kept alive indefinitely
2m200&amp#27;[39m &amp#27;[90m12:26:08.991 [Forwarding findElement on session 18063075-812d-4a4c-a6cd-30fbf03bc7bd to remote] DEBUG o.a.h.i.c.PoolingHttpClientConnectionManager - Connection [id: 20][route: {}->http://localhost:4723] can be kept alive indefinitely
761 12:26:08.991 [Forwarding findElement on session 18063075-812d-4a4c-a6cd-30fbf03bc7bd to remote] DEBUG o.a.h.i.c.PoolingHttpClientConnectionManager - Connection released: [id: 20][route: {}->http://localhost:4723][total kept alive: 1; route allocated: 1 of 2000; total allocated: 1 of 2000]
ms - 122&amp#27;[39m
&amp#27;[35m[HTTP]&amp#27;[39m &amp#27;[90m&amp#27;[39m
12:26:08.992 [Forwarding clickElement on session 18063075-812d-4a4c-a6cd-30fbf03bc7bd to remote] DEBUG o.a.h.c.protocol.RequestAddCookies - CookieSpec selected: default
12:26:08.992 [Forwarding clickElement on session 18063075-812d-4a4c-a6cd-30fbf03bc7bd to remote] DEBUG o.a.h.c.protocol.RequestAuthCache - Auth cache not set in the context
12:26:08.992 [Forwarding clickElement on session 18063075-812d-4a4c-a6cd-30fbf03bc7bd to remote] DEBUG o.a.h.i.c.PoolingHttpClientConnectionManager - Connection request: [route: {}->http://localhost:4723][total kept alive: 1; route allocated: 1 of 2000; total allocated: 1 of 2000]
12:26:08.992 [Forwarding clickElement on session 18063075-812d-4a4c-a6cd-30fbf03bc7bd to remote] DEBUG o.a.h.i.c.PoolingHttpClientConnectionManager - Connection leased: [id: 20][route: {}->http://localhost:4723][total kept alive: 0; route allocated: 1 of 2000; total allocated: 1 of 2000]
12:26:08.992 [Forwarding clickElement on session 18063075-812d-4a4c-a6cd-30fbf03bc7bd to remote] DEBUG o.a.h.impl.execchain.MainClientExec - Stale connection check
12:26:08.994 [Forwarding clickElement on session 18063075-812d-4a4c-a6cd-30fbf03bc7bd to remote] DEBUG org.apache.http.wire - http-outgoing-20 << "[read] I/O error: Read timed out"
12:26:08.994 [Forwarding clickElement on session 18063075-812d-4a4c-a6cd-30fbf03bc7bd to remote] DEBUG o.a.h.i.c.DefaultManagedHttpClientConnection - http-outgoing-20: set socket timeout to 10800000
12:26:08.994 [Forwarding clickElement on session 18063075-812d-4a4c-a6cd-30fbf03bc7bd to remote] DEBUG o.a.h.impl.execchain.MainClientExec - Executing request POST /wd/hub/session/18063075-812d-4a4c-a6cd-30fbf03bc7bd/element/1C000000-0000-0000-CF19-000000000000/click HTTP/1.1
12:26:08.994 [Forwarding clickElement on session 18063075-812d-4a4c-a6cd-30fbf03bc7bd to remote] DEBUG o.a.h.impl.execchain.MainClientExec - Target auth state: UNCHALLENGED
12:26:08.994 [Forwarding clickElement on session 18063075-812d-4a4c-a6cd-30fbf03bc7bd to remote] DEBUG o.a.h.impl.execchain.MainClientExec - Proxy auth state: UNCHALLENGED
12:26:08.994 [Forwarding clickElement on session 18063075-812d-4a4c-a6cd-30fbf03bc7bd to remote] DEBUG org.apache.http.headers - http-outgoing-20 >> POST /wd/hub/session/18063075-812d-4a4c-a6cd-30fbf03bc7bd/element/1C000000-0000-0000-CF19-000000000000/click HTTP/1.1
12:26:08.994 [Forwarding clickElement on session 18063075-812d-4a4c-a6cd-30fbf03bc7bd to remote] DEBUG org.apache.http.headers - http-outgoing-20 >> Content-Type: application/json; charset=utf-8
12:26:08.994 [Forwarding clickElement on session 18063075-812d-4a4c-a6cd-30fbf03bc7bd to remote] DEBUG org.apache.http.headers - http-outgoing-20 >> Content-Length: 45
12:26:08.994 [Forwarding clickElement on session 18063075-812d-4a4c-a6cd-30fbf03bc7bd to remote] DEBUG org.apache.http.headers - http-outgoing-20 >> Host: localhost:4723
12:26:08.994 [Forwarding clickElement on session 18063075-812d-4a4c-a6cd-30fbf03bc7bd to remote] DEBUG org.apache.http.headers - http-outgoing-20 >> Connection: Keep-Alive
12:26:08.994 [Forwarding clickElement on session 18063075-812d-4a4c-a6cd-30fbf03bc7bd to remote] DEBUG org.apache.http.headers - http-outgoing-20 >> User-Agent: Apache-HttpClient/4.5.2 (Java/1.8.0_171)
12:26:08.994 [Forwarding clickElement on session 18063075-812d-4a4c-a6cd-30fbf03bc7bd to remote] DEBUG org.apache.http.headers - http-outgoing-20 >> Accept-Encoding: gzip,deflate
12:26:08.994 [Forwarding clickElement on session 18063075-812d-4a4c-a6cd-30fbf03bc7bd to remote] DEBUG org.apache.http.wire - http-outgoing-20 >> "POST /wd/hub/session/18063075-812d-4a4c-a6cd-30fbf03bc7bd/element/1C000000-0000-0000-CF19-000000000000/click HTTP/1.1[\r][\n]"
12:26:08.994 [Forwarding clickElement on session 18063075-812d-4a4c-a6cd-30fbf03bc7bd to remote] DEBUG org.apache.http.wire - http-outgoing-20 >> "Content-Type: application/json; charset=utf-8[\r][\n]"
12:26:08.994 [Forwarding clickElement on session 18063075-812d-4a4c-a6cd-30fbf03bc7bd to remote] DEBUG org.apache.http.wire - http-outgoing-20 >> "Content-Length: 45[\r][\n]"
12:26:08.994 [Forwarding clickElement on session 18063075-812d-4a4c-a6cd-30fbf03bc7bd to remote] DEBUG org.apache.http.wire - http-outgoing-20 >> "Host: localhost:4723[\r][\n]"
12:26:08.994 [Forwarding clickElement on session 18063075-812d-4a4c-a6cd-30fbf03bc7bd to remote] DEBUG org.apache.http.wire - http-outgoing-20 >> "Connection: Keep-Alive[\r][\n]"
12:26:08.994 [Forwarding clickElement on session 18063075-812d-4a4c-a6cd-30fbf03bc7bd to remote] DEBUG org.apache.http.wire - http-outgoing-20 >> "User-Agent: Apache-HttpClient/4.5.2 (Java/1.8.0_171)[\r][\n]"
12:26:08.994 [Forwarding clickElement on session 18063075-812d-4a4c-a6cd-30fbf03bc7bd to remote] DEBUG org.apache.http.wire - http-outgoing-20 >> "Accept-Encoding: gzip,deflate[\r][\n]"
12:26:08.994 [Forwarding clickElement on session 18063075-812d-4a4c-a6cd-30fbf03bc7bd to remote] DEBUG org.apache.http.wire - http-outgoing-20 >> "[\r][\n]"
12:26:08.994 [Forwarding clickElement on session 18063075-812d-4a4c-a6cd-30fbf03bc7bd to remote] DEBUG org.apache.http.wire - http-outgoing-20 >> "{"id":"1C000000-0000-0000-CF19-000000000000"}"
&amp#27;[35m[HTTP]&amp#27;[39m &amp#27;[37m-->&amp#27;[39m &amp#27;[37mPOST&amp#27;[39m &amp#27;[37m/wd/hub/session/18063075-812d-4a4c-a6cd-30fbf03bc7bd/element/1C000000-0000-0000-CF19-000000000000/click&amp#27;[39m
&amp#27;[35m[HTTP]&amp#27;[39m &amp#27;[90m{"id":"1C000000-0000-0000-CF19-000000000000"}&amp#27;[39m
&amp#27;[35m[MJSONWP]&amp#27;[39m Driver proxy active, passing request on via HTTP proxy
&amp#27;[35m[JSONWP Proxy]&amp#27;[39m Replacing sessionId B74F9560-FF94-4D04-9569-9BCC996503BA with 18063075-812d-4a4c-a6cd-30fbf03bc7bd
12:26:10.400 [Forwarding clickElement on session 18063075-812d-4a4c-a6cd-30fbf03bc7bd to remote] DEBUG org.apache.http.wire - http-outgoing-20 << "HTTP/1.1 200 OK[\r][\n]"
&amp#27;[35m[HTTP]&amp#27;[39m &amp#27;[37m<-- POST /wd/hub/sess12:26:10.401 [Forwarding clickElement on session 18063075-812d-4a4c-a6cd-30fbf03bc7bd to remote] DEBUG org.apache.http.wire - http-outgoing-20 << "X-Powered-By: Express[\r][\n]"
ion/112:26:10.402 [Forwarding clickElement on session 18063075-812d-4a4c-a6cd-30fbf03bc7bd to remote] DEBUG org.apache.http.wire - http-outgoing-20 << "Access-Control-Allow-Origin: *[\r][\n]"
12:26:10.402 [Forwarding clickElement on session 18063075-812d-4a4c-a6cd-30fbf03bc7bd to remote] DEBUG org.apache.http.wire - http-outgoing-20 << "Access-Control-Allow-Methods: GET,POST,PUT,OPTIONS,DELETE[\r][\n]"
12:26:10.402 [Forwarding clickElement on session 18063075-812d-4a4c-a6cd-30fbf03bc7bd to remote] DEBUG org.apache.http.wire - http-outgoing-20 << "Access-Control-Allow-Headers: origin, content-type, accept[\r][\n]"
12:26:10.402 [Forwarding clickElement on session 18063075-812d-4a4c-a6cd-30fbf03bc7bd to remote] DEBUG org.apache.http.wire - http-outgoing-20 << "Vary: X-HTTP-Method-Override[\r][\n]"
12:26:10.402 [Forwarding clickElement on session 18063075-812d-4a4c-a6cd-30fbf03bc7bd to remote] DEBUG org.apache.http.wire - http-outgoing-20 << "Content-Type: application/json; charset=utf-8[\r][\n]"
12:26:10.402 [Forwarding clickElement on session 18063075-812d-4a4c-a6cd-30fbf03bc7bd to remote] DEBUG org.apache.http.wire - http-outgoing-20 << "Content-Length: 118[\r][\n]"
12:26:10.402 [Forwarding clickElement on session 18063075-812d-4a4c-a6cd-30fbf03bc7bd to remote] DEBUG org.apache.http.wire - http-outgoing-20 << "ETag: W/"76-qiSYhSQihk6pdcRM3ICkZHnhZ5I"[\r][\n]"
12:26:10.402 [Forwarding clickElement on session 18063075-812d-4a4c-a6cd-30fbf03bc7bd to remote] DEBUG org.apache.http.wire - http-outgoing-20 << "Date: Fri, 23 Aug 2019 06:56:10 GMT[\r][\n]"
12:26:10.402 [Forwarding clickElement on session 18063075-812d-4a4c-a6cd-30fbf03bc7bd to remote] DEBUG org.apache.http.wire - http-outgoing-20 << "Connection: keep-alive[\r][\n]"
12:26:10.402 [Forwarding clickElement on session 18063075-812d-4a4c-a6cd-30fbf03bc7bd to remote] DEBUG org.apache.http.wire - http-outgoing-20 << "[\r][\n]"
8063075-8112:26:10.402 [Forwarding clickElement on session 18063075-812d-4a4c-a6cd-30fbf03bc7bd to remote] DEBUG org.apache.http.wire - http-outgoing-20 << "{"status":0,"id":"1C000000-0000-0000-CF19-000000000000","value":"","sessionId":"18063075-812d-4a4c-a6cd-30fbf03bc7bd"}"
2d-4a4c-a6cd-30fbf03bc7bd/element/1C000000-0000-12:26:10.402 [Forwarding clickElement on session 18063075-812d-4a4c-a6cd-30fbf03bc7bd to remote] DEBUG org.apache.http.headers - http-outgoing-20 << HTTP/1.1 200 OK
0012:26:10.403 [Forwarding clickElement on session 18063075-812d-4a4c-a6cd-30fbf03bc7bd to remote] DEBUG org.apache.http.headers - http-outgoing-20 << X-Powered-By: Express
12:26:10.403 [Forwarding clickElement on session 18063075-812d-4a4c-a6cd-30fbf03bc7bd to remote] DEBUG org.apache.http.headers - http-outgoing-20 << Access-Control-Allow-Origin: *
12:26:10.403 [Forwarding clickElement on session 18063075-812d-4a4c-a6cd-30fbf03bc7bd to remote] DEBUG org.apache.http.headers - http-outgoing-20 << Access-Control-Allow-Methods: GET,POST,PUT,OPTIONS,DELETE
12:26:10.403 [Forwarding clickElement on session 18063075-812d-4a4c-a6cd-30fbf03bc7bd to remote] DEBUG org.apache.http.headers - http-outgoing-20 << Access-Control-Allow-Headers: origin, content-type, accept
12:26:10.403 [Forwarding clickElement on session 18063075-812d-4a4c-a6cd-30fbf03bc7bd to remote] DEBUG org.apache.http.headers - http-outgoing-20 << Vary: X-HTTP-Method-Override
12:26:10.403 [Forwarding clickElement on session 18063075-812d-4a4c-a6cd-30fbf03bc7bd to remote] DEBUG org.apache.http.headers - http-outgoing-20 << Content-Type: application/json; charset=utf-8
12:26:10.403 [Forwarding clickElement on session 18063075-812d-4a4c-a6cd-30fbf03bc7bd to remote] DEBUG org.apache.http.headers - http-outgoing-20 << Content-Length: 118
00-12:26:10.403 [Forwarding clickElement on session 18063075-812d-4a4c-a6cd-30fbf03bc7bd to remote] DEBUG org.apache.http.headers - http-outgoing-20 << ETag: W/"76-qiSYhSQihk6pdcRM3ICkZHnhZ5I"
CF12:26:10.403 [Forwarding clickElement on session 18063075-812d-4a4c-a6cd-30fbf03bc7bd to remote] DEBUG org.apache.http.headers - http-outgoing-20 << Date: Fri, 23 Aug 2019 06:56:10 GMT
12:26:10.403 [Forwarding clickElement on session 18063075-812d-4a4c-a6cd-30fbf03bc7bd to remote] DEBUG org.apache.http.headers - http-outgoing-20 << Connection: keep-alive
19-000000000000/click &amp#27;[39m&amp#27;[32m200&amp#27;[12:26:10.403 [Forwarding clickElement on session 18063075-812d-4a4c-a6cd-30fbf03bc7bd to remote] DEBUG o.a.h.impl.execchain.MainClientExec - Connection can be kept alive indefinitely
39m &amp#27;[90m1406 ms - 118&amp#27;[39m
&amp#27;[35m[HTTP]&amp#27;[3912:26:10.404 [Forwarding clickElement on session 18063075-812d-4a4c-a6cd-30fbf03bc7bd to remote] DEBUG o.a.h.i.c.PoolingHttpClientConnectionManager - Connection [id: 20][route: {}->http://localhost:4723] can be kept alive indefinitely
m12:26:10.404 [Forwarding clickElement on session 18063075-812d-4a4c-a6cd-30fbf03bc7bd to remote] DEBUG o.a.h.i.c.PoolingHttpClientConnectionManager - Connection released: [id: 20][route: {}->http://localhost:4723][total kept alive: 1; route allocated: 1 of 2000; total allocated: 1 of 2000]
 &amp#27;[90m&amp#27;[39m
12:26:10.405 [Forwarding findElements on session 18063075-812d-4a4c-a6cd-30fbf03bc7bd to remote] DEBUG o.a.h.c.protocol.RequestAddCookies - CookieSpec selected: default
12:26:10.405 [Forwarding findElements on session 18063075-812d-4a4c-a6cd-30fbf03bc7bd to remote] DEBUG o.a.h.c.protocol.RequestAuthCache - Auth cache not set in the context
12:26:10.405 [Forwarding findElements on session 18063075-812d-4a4c-a6cd-30fbf03bc7bd to remote] DEBUG o.a.h.i.c.PoolingHttpClientConnectionManager - Connection request: [route: {}->http://localhost:4723][total kept alive: 1; route allocated: 1 of 2000; total allocated: 1 of 2000]
12:26:10.405 [Forwarding findElements on session 18063075-812d-4a4c-a6cd-30fbf03bc7bd to remote] DEBUG o.a.h.i.c.PoolingHttpClientConnectionManager - Connection leased: [id: 20][route: {}->http://localhost:4723][total kept alive: 0; route allocated: 1 of 2000; total allocated: 1 of 2000]
12:26:10.405 [Forwarding findElements on session 18063075-812d-4a4c-a6cd-30fbf03bc7bd to remote] DEBUG o.a.h.impl.execchain.MainClientExec - Stale connection check
12:26:10.407 [Forwarding findElements on session 18063075-812d-4a4c-a6cd-30fbf03bc7bd to remote] DEBUG org.apache.http.wire - http-outgoing-20 << "[read] I/O error: Read timed out"
12:26:10.407 [Forwarding findElements on session 18063075-812d-4a4c-a6cd-30fbf03bc7bd to remote] DEBUG o.a.h.i.c.DefaultManagedHttpClientConnection - http-outgoing-20: set socket timeout to 10800000
12:26:10.407 [Forwarding findElements on session 18063075-812d-4a4c-a6cd-30fbf03bc7bd to remote] DEBUG o.a.h.impl.execchain.MainClientExec - Executing request POST /wd/hub/session/18063075-812d-4a4c-a6cd-30fbf03bc7bd/elements HTTP/1.1
12:26:10.407 [Forwarding findElements on session 18063075-812d-4a4c-a6cd-30fbf03bc7bd to remote] DEBUG o.a.h.impl.execchain.MainClientExec - Target auth state: UNCHALLENGED
12:26:10.407 [Forwarding findElements on session 18063075-812d-4a4c-a6cd-30fbf03bc7bd to remote] DEBUG o.a.h.impl.execchain.MainClientExec - Proxy auth state: UNCHALLENGED
12:26:10.407 [Forwarding findElements on session 18063075-812d-4a4c-a6cd-30fbf03bc7bd to remote] DEBUG org.apache.http.headers - http-outgoing-20 >> POST /wd/hub/session/18063075-812d-4a4c-a6cd-30fbf03bc7bd/elements HTTP/1.1
12:26:10.407 [Forwarding findElements on session 18063075-812d-4a4c-a6cd-30fbf03bc7bd to remote] DEBUG org.apache.http.headers - http-outgoing-20 >> Content-Type: application/json; charset=utf-8
12:26:10.407 [Forwarding findElements on session 18063075-812d-4a4c-a6cd-30fbf03bc7bd to remote] DEBUG org.apache.http.headers - http-outgoing-20 >> Content-Length: 36
12:26:10.407 [Forwarding findElements on session 18063075-812d-4a4c-a6cd-30fbf03bc7bd to remote] DEBUG org.apache.http.headers - http-outgoing-20 >> Host: localhost:4723
12:26:10.407 [Forwarding findElements on session 18063075-812d-4a4c-a6cd-30fbf03bc7bd to remote] DEBUG org.apache.http.headers - http-outgoing-20 >> Connection: Keep-Alive
12:26:10.407 [Forwarding findElements on session 18063075-812d-4a4c-a6cd-30fbf03bc7bd to remote] DEBUG org.apache.http.headers - http-outgoing-20 >> User-Agent: Apache-HttpClient/4.5.2 (Java/1.8.0_171)
12:26:10.407 [Forwarding findElements on session 18063075-812d-4a4c-a6cd-30fbf03bc7bd to remote] DEBUG org.apache.http.headers - http-outgoing-20 >> Accept-Encoding: gzip,deflate
12:26:10.407 [Forwarding findElements on session 18063075-812d-4a4c-a6cd-30fbf03bc7bd to remote] DEBUG org.apache.http.wire - http-outgoing-20 >> "POST /wd/hub/session/18063075-812d-4a4c-a6cd-30fbf03bc7bd/elements HTTP/1.1[\r][\n]"
12:26:10.407 [Forwarding findElements on session 18063075-812d-4a4c-a6cd-30fbf03bc7bd to remote] DEBUG org.apache.http.wire - http-outgoing-20 >> "Content-Type: application/json; charset=utf-8[\r][\n]"
12:26:10.407 [Forwarding findElements on session 18063075-812d-4a4c-a6cd-30fbf03bc7bd to remote] DEBUG org.apache.http.wire - http-outgoing-20 >> "Content-Length: 36[\r][\n]"
12:26:10.407 [Forwarding findElements on session 18063075-812d-4a4c-a6cd-30fbf03bc7bd to remote] DEBUG org.apache.http.wire - http-outgoing-20 >> "Host: localhost:4723[\r][\n]"
12:26:10.407 [Forwarding findElements on session 18063075-812d-4a4c-a6cd-30fbf03bc7bd to remote] DEBUG org.apache.http.wire - http-outgoing-20 >> "Connection: Keep-Alive[\r][\n]"
12:26:10.407 [Forwarding findElements on session 18063075-812d-4a4c-a6cd-30fbf03bc7bd to remote] DEBUG org.apache.http.wire - http-outgoing-20 >> "User-Agent: Apache-HttpClient/4.5.2 (Java/1.8.0_171)[\r][\n]"
12:26:10.407 [Forwarding findElements on session 18063075-812d-4a4c-a6cd-30fbf03bc7bd to remote] DEBUG org.apache.http.wire - http-outgoing-20 >> "Accept-Encoding: gzip,deflate[\r][\n]"
12:26:10.407 [Forwarding findElements on session 18063075-812d-4a4c-a6cd-30fbf03bc7bd to remote] DEBUG org.apache.http.wire - http-outgoing-20 >> "[\r][\n]"
12:26:10.407 [Forwarding findElements on session 18063075-812d-4a4c-a6cd-30fbf03bc7bd to remote] DEBUG org.apache.http.wire - http-outgoing-20 >> "{"using":"id","value":"icon search"}"
&amp#27;[35m[HTTP]&amp#27;[39m &amp#27;[37m-->&amp#27;[39m &amp#27;[37mPOST&amp#27;[39m &amp#27;[37m/wd/hub/session/18063075-812d-4a4c-a6cd-30fbf03bc7bd/elements&amp#27;[39m
&amp#27;[35m[HTTP]&amp#27;[39m &amp#27;[90m{"using":"id","value":"icon search"}&amp#27;[39m
12:26:11.004 [Forwarding findElements on session 18063075-812d-4a4c-a6cd-30fbf03bc7bd to remote] DEBUG org.apache.http.wire - http-outgoing-20 << "HTTP/1.1 200 OK[\r][\n]"
12:26:11.004 [Forwarding findElements on session 18063075-812d-4a4c-a6cd-30fbf03bc7bd to remote] DEBUG org.apache.http.wire - http-outgoing-20 << "X-Powered-By: Express[\r][\n]"
12:26:11.004 [Forwarding findElements on session 18063075-812d-4a4c-a6cd-30fbf03bc7bd to remote] DEBUG org.apache.http.wire - http-outgoing-20 << "Access-Control-Allow-Origin: *[\r][\n]"
12:26:11.004 [Forwarding findElements on session 18063075-812d-4a4c-a6cd-30fbf03bc7bd to remote] DEBUG org.apache.http.wire - http-outgoing-20 << "Access-Control-Allow-Methods: GET,POST,PUT,OPTIONS,DELETE[\r][\n]"
12:26:11.004 [Forwarding findElements on session 18063075-812d-4a4c-a6cd-30fbf03bc7bd to remote] DEBUG org.apache.http.wire - http-outgoing-20 << "Access-Control-Allow-Headers: origin, content-type, accept[\r][\n]"
12:26:11.004 [Forwarding findElements on session 18063075-812d-4a4c-a6cd-30fbf03bc7bd to remote] DEBUG org.apache.http.wire - http-outgoing-20 << "Vary: X-HTTP-Method-Override[\r][\n]"
12:26:11.004 [Forwarding findElements on session 18063075-812d-4a4c-a6cd-30fbf03bc7bd to remote] DEBUG org.apache.http.wire - http-outgoing-20 << "Content-Type: application/json; charset=utf-8[\r][\n]"
12:26:11.004 [Forwarding findElements on session 18063075-812d-4a4c-a6cd-30fbf03bc7bd to remote] DEBUG org.apache.http.wire - http-outgoing-20 << "Content-Length: 124[\r][\n]"
12:26:11.004 [Forwarding findElements on session 18063075-812d-4a4c-a6cd-30fbf03bc7bd to remote] DEBUG org.apache.http.wire - http-outgoing-20 << "ETag: W/"7c-6h6rK3VRTVdJI5wDw7Sm4Ucsp/0"[\r][\n]"
12:26:11.004 [Forwarding findElements on session 18063075-812d-4a4c-a6cd-30fbf03bc7bd to remote] DEBUG org.apache.http.wire - http-outgoing-20 << "Date: Fri, 23 Aug 2019 06:56:11 GMT[\r][\n]"
12:26:11.004 [Forwarding findElements on session 18063075-812d-4a4c-a6cd-30fbf03bc7bd to remote] DEBUG org.apache.http.wire - http-outgoing-20 << "Connection: keep-alive[\r][\n]"
12:26:11.004 [Forwarding findElements on session 18063075-812d-4a4c-a6cd-30fbf03bc7bd to remote] DEBUG org.apache.http.wire - http-outgoing-20 << "[\r][\n]"
12:26:11.004 [Forwarding findElements on session 18063075-812d-4a4c-a6cd-30fbf03bc7bd to remote] DEBUG org.apache.http.wire - http-outgoing-20 << "{"status":0,"value":[{"ELEMENT":"2C000000-0000-0000-CF19-000000000000"}],"sessionId":"18063075-812d-4a4c-a6cd-30fbf03bc7bd"}"
&amp#27;[35m[HTTP]&amp#27;[39m &amp#27;[37m<-- POST /wd/hub/session/18063075-812d-4a4c-a6cd-30fbf03bc7bd/elements &amp#27;[39m&amp#27;[32m200&amp#27;[39m &amp#27;[90m596 ms - 124&amp#27;[39m
12:26:11.004 [Forwarding findElements on session 18063075-812d-4a4c-a6cd-30fbf03bc7bd to remote] DEBUG org.apache.http.headers - http-outgoing-20 << HTTP/1.1 200 OK
&amp#27;[35m12:26:11.005 [Forwarding findElements on session 18063075-812d-4a4c-a6cd-30fbf03bc7bd to remote] DEBUG org.apache.http.headers - http-outgoing-20 << X-Powered-By: Express
[HTTP12:26:11.005 [Forwarding findElements on session 18063075-812d-4a4c-a6cd-30fbf03bc7bd to remote] DEBUG org.apache.http.headers - http-outgoing-20 << Access-Control-Allow-Origin: *
]&amp#27;[39m &amp#27;[90m&amp#27;[12:26:11.005 [Forwarding findElements on session 18063075-812d-4a4c-a6cd-30fbf03bc7bd to remote] DEBUG org.apache.http.headers - http-outgoing-20 << Access-Control-Allow-Methods: GET,POST,PUT,OPTIONS,DELETE
12:26:11.005 [Forwarding findElements on session 18063075-812d-4a4c-a6cd-30fbf03bc7bd to remote] DEBUG org.apache.http.headers - http-outgoing-20 << Access-Control-Allow-Headers: origin, content-type, accept
39m
12:26:11.005 [Forwarding findElements on session 18063075-812d-4a4c-a6cd-30fbf03bc7bd to remote] DEBUG org.apache.http.headers - http-outgoing-20 << Vary: X-HTTP-Method-Override
12:26:11.005 [Forwarding findElements on session 18063075-812d-4a4c-a6cd-30fbf03bc7bd to remote] DEBUG org.apache.http.headers - http-outgoing-20 << Content-Type: application/json; charset=utf-8
12:26:11.005 [Forwarding findElements on session 18063075-812d-4a4c-a6cd-30fbf03bc7bd to remote] DEBUG org.apache.http.headers - http-outgoing-20 << Content-Length: 124
12:26:11.005 [Forwarding findElements on session 18063075-812d-4a4c-a6cd-30fbf03bc7bd to remote] DEBUG org.apache.http.headers - http-outgoing-20 << ETag: W/"7c-6h6rK3VRTVdJI5wDw7Sm4Ucsp/0"
12:26:11.005 [Forwarding findElements on session 18063075-812d-4a4c-a6cd-30fbf03bc7bd to remote] DEBUG org.apache.http.headers - http-outgoing-20 << Date: Fri, 23 Aug 2019 06:56:11 GMT
12:26:11.005 [Forwarding findElements on session 18063075-812d-4a4c-a6cd-30fbf03bc7bd to remote] DEBUG org.apache.http.headers - http-outgoing-20 << Connection: keep-alive
12:26:11.005 [Forwarding findElements on session 18063075-812d-4a4c-a6cd-30fbf03bc7bd to remote] DEBUG o.a.h.impl.execchain.MainClientExec - Connection can be kept alive indefinitely
12:26:11.006 [Forwarding findElements on session 18063075-812d-4a4c-a6cd-30fbf03bc7bd to remote] DEBUG o.a.h.i.c.PoolingHttpClientConnectionManager - Connection [id: 20][route: {}->http://localhost:4723] can be kept alive indefinitely
12:26:11.006 [Forwarding findElements on session 18063075-812d-4a4c-a6cd-30fbf03bc7bd to remote] DEBUG o.a.h.i.c.PoolingHttpClientConnectionManager - Connection released: [id: 20][route: {}->http://localhost:4723][total kept alive: 1; route allocated: 1 of 2000; total allocated: 1 of 2000]
Top List1
12:26:11.006 [Forwarding clickElement on session 18063075-812d-4a4c-a6cd-30fbf03bc7bd to remote] DEBUG o.a.h.c.protocol.RequestAddCookies - CookieSpec selected: default
12:26:11.006 [Forwarding clickElement on session 18063075-812d-4a4c-a6cd-30fbf03bc7bd to remote] DEBUG o.a.h.c.protocol.RequestAuthCache - Auth cache not set in the context
12:26:11.006 [Forwarding clickElement on session 18063075-812d-4a4c-a6cd-30fbf03bc7bd to remote] DEBUG o.a.h.i.c.PoolingHttpClientConnectionManager - Connection request: [route: {}->http://localhost:4723][total kept alive: 1; route allocated: 1 of 2000; total allocated: 1 of 2000]
12:26:11.006 [Forwarding clickElement on session 18063075-812d-4a4c-a6cd-30fbf03bc7bd to remote] DEBUG o.a.h.i.c.PoolingHttpClientConnectionManager - Connection leased: [id: 20][route: {}->http://localhost:4723][total kept alive: 0; route allocated: 1 of 2000; total allocated: 1 of 2000]
12:26:11.006 [Forwarding clickElement on session 18063075-812d-4a4c-a6cd-30fbf03bc7bd to remote] DEBUG o.a.h.impl.execchain.MainClientExec - Stale connection check
12:26:11.008 [Forwarding clickElement on session 18063075-812d-4a4c-a6cd-30fbf03bc7bd to remote] DEBUG org.apache.http.wire - http-outgoing-20 << "[read] I/O error: Read timed out"
12:26:11.008 [Forwarding clickElement on session 18063075-812d-4a4c-a6cd-30fbf03bc7bd to remote] DEBUG o.a.h.i.c.DefaultManagedHttpClientConnection - http-outgoing-20: set socket timeout to 10800000
12:26:11.008 [Forwarding clickElement on session 18063075-812d-4a4c-a6cd-30fbf03bc7bd to remote] DEBUG o.a.h.impl.execchain.MainClientExec - Executing request POST /wd/hub/session/18063075-812d-4a4c-a6cd-30fbf03bc7bd/element/2C000000-0000-0000-CF19-000000000000/click HTTP/1.1
12:26:11.008 [Forwarding clickElement on session 18063075-812d-4a4c-a6cd-30fbf03bc7bd to remote] DEBUG o.a.h.impl.execchain.MainClientExec - Target auth state: UNCHALLENGED
12:26:11.008 [Forwarding clickElement on session 18063075-812d-4a4c-a6cd-30fbf03bc7bd to remote] DEBUG o.a.h.impl.execchain.MainClientExec - Proxy auth state: UNCHALLENGED
12:26:11.008 [Forwarding clickElement on session 18063075-812d-4a4c-a6cd-30fbf03bc7bd to remote] DEBUG org.apache.http.headers - http-outgoing-20 >> POST /wd/hub/session/18063075-812d-4a4c-a6cd-30fbf03bc7bd/element/2C000000-0000-0000-CF19-000000000000/click HTTP/1.1
12:26:11.008 [Forwarding clickElement on session 18063075-812d-4a4c-a6cd-30fbf03bc7bd to remote] DEBUG org.apache.http.headers - http-outgoing-20 >> Content-Type: application/json; charset=utf-8
12:26:11.008 [Forwarding clickElement on session 18063075-812d-4a4c-a6cd-30fbf03bc7bd to remote] DEBUG org.apache.http.headers - http-outgoing-20 >> Content-Length: 45
12:26:11.008 [Forwarding clickElement on session 18063075-812d-4a4c-a6cd-30fbf03bc7bd to remote] DEBUG org.apache.http.headers - http-outgoing-20 >> Host: localhost:4723
12:26:11.008 [Forwarding clickElement on session 18063075-812d-4a4c-a6cd-30fbf03bc7bd to remote] DEBUG org.apache.http.headers - http-outgoing-20 >> Connection: Keep-Alive
12:26:11.008 [Forwarding clickElement on session 18063075-812d-4a4c-a6cd-30fbf03bc7bd to remote] DEBUG org.apache.http.headers - http-outgoing-20 >> User-Agent: Apache-HttpClient/4.5.2 (Java/1.8.0_171)
12:26:11.008 [Forwarding clickElement on session 18063075-812d-4a4c-a6cd-30fbf03bc7bd to remote] DEBUG org.apache.http.headers - http-outgoing-20 >> Accept-Encoding: gzip,deflate
12:26:11.008 [Forwarding clickElement on session 18063075-812d-4a4c-a6cd-30fbf03bc7bd to remote] DEBUG org.apache.http.wire - http-outgoing-20 >> "POST /wd/hub/session/18063075-812d-4a4c-a6cd-30fbf03bc7bd/element/2C000000-0000-0000-CF19-000000000000/click HTTP/1.1[\r][\n]"
12:26:11.008 [Forwarding clickElement on session 18063075-812d-4a4c-a6cd-30fbf03bc7bd to remote] DEBUG org.apache.http.wire - http-outgoing-20 >> "Content-Type: application/json; charset=utf-8[\r][\n]"
12:26:11.008 [Forwarding clickElement on session 18063075-812d-4a4c-a6cd-30fbf03bc7bd to remote] DEBUG org.apache.http.wire - http-outgoing-20 >> "Content-Length: 45[\r][\n]"
12:26:11.008 [Forwarding clickElement on session 18063075-812d-4a4c-a6cd-30fbf03bc7bd to remote] DEBUG org.apache.http.wire - http-outgoing-20 >> "Host: localhost:4723[\r][\n]"
12:26:11.008 [Forwarding clickElement on session 18063075-812d-4a4c-a6cd-30fbf03bc7bd to remote] DEBUG org.apache.http.wire - http-outgoing-20 >> "Connection: Keep-Alive[\r][\n]"
12:26:11.008 [Forwarding clickElement on session 18063075-812d-4a4c-a6cd-30fbf03bc7bd to remote] DEBUG org.apache.http.wire - http-outgoing-20 >> "User-Agent: Apache-HttpClient/4.5.2 (Java/1.8.0_171)[\r][\n]"
12:26:11.008 [Forwarding clickElement on session 18063075-812d-4a4c-a6cd-30fbf03bc7bd to remote] DEBUG org.apache.http.wire - http-outgoing-20 >> "Accept-Encoding: gzip,deflate[\r][\n]"
12:26:11.008 [Forwarding clickElement on session 18063075-812d-4a4c-a6cd-30fbf03bc7bd to remote] DEBUG org.apache.http.wire - http-outgoing-20 >> "[\r][\n]"
12:26:11.008 [Forwarding clickElement on session 18063075-812d-4a4c-a6cd-30fbf03bc7bd to remote] DEBUG org.apache.http.wire - http-outgoing-20 >> "{"id":"2C000000-0000-0000-CF19-000000000000"}"
&amp#27;[35m[HTTP]&amp#27;[39m &amp#27;[37m-->&amp#27;[39m &amp#27;[37mPOST&amp#27;[39m &amp#27;[37m/wd/hub/session/18063075-812d-4a4c-a6cd-30fbf03bc7bd/element/2C000000-0000-0000-CF19-000000000000/click&amp#27;[39m
&amp#27;[35m[HTTP]&amp#27;[39m &amp#27;[90m{"id":"2C000000-0000-0000-CF19-000000000000"}&amp#27;[39m
&amp#27;[35m[MJSONWP]&amp#27;[39m Driver proxy active, passing request on via HTTP proxy
&amp#27;[35m[JSONWP Proxy]&amp#27;[39m Replacing sessi12:26:12.289 [Forwarding clickElement on session 18063075-812d-4a4c-a6cd-30fbf03bc7bd to remote] DEBUG org.apache.http.wire - http-outgoing-20 << "HTTP/1.1 200 OK[\r][\n]"
onId 12:26:12.289 [Forwarding clickElement on session 18063075-812d-4a4c-a6cd-30fbf03bc7bd to remote] DEBUG org.apache.http.wire - http-outgoing-20 << "X-Powered-By: Express[\r][\n]"
B74F12:26:12.289 [Forwarding clickElement on session 18063075-812d-4a4c-a6cd-30fbf03bc7bd to remote] DEBUG org.apache.http.wire - http-outgoing-20 << "Access-Control-Allow-Origin: *[\r][\n]"
9560-FF9412:26:12.289 [Forwarding clickElement on session 18063075-812d-4a4c-a6cd-30fbf03bc7bd to remote] DEBUG org.apache.http.wire - http-outgoing-20 << "Access-Control-Allow-Methods: GET,POST,PUT,OPTIONS,DELETE[\r][\n]"
-4D04-9569-9BCC996503BA12:26:12.289 [Forwarding clickElement on session 18063075-812d-4a4c-a6cd-30fbf03bc7bd to remote] DEBUG org.apache.http.wire - http-outgoing-20 << "Access-Control-Allow-Headers: origin, content-type, accept[\r][\n]"
12:26:12.289 [Forwarding clickElement on session 18063075-812d-4a4c-a6cd-30fbf03bc7bd to remote] DEBUG org.apache.http.wire - http-outgoing-20 << "Vary: X-HTTP-Method-Override[\r][\n]"
12:26:12.289 [Forwarding clickElement on session 18063075-812d-4a4c-a6cd-30fbf03bc7bd to remote] DEBUG org.apache.http.wire - http-outgoing-20 << "Content-Type: application/json; charset=utf-8[\r][\n]"
12:26:12.289 [Forwarding clickElement on session 18063075-812d-4a4c-a6cd-30fbf03bc7bd to remote] DEBUG org.apache.http.wire - http-outgoing-20 << "Content-Length: 118[\r][\n]"
12:26:12.289 [Forwarding clickElement on session 18063075-812d-4a4c-a6cd-30fbf03bc7bd to remote] DEBUG org.apache.http.wire - http-outgoing-20 << "ETag: W/"76-QLM0K3K3Z13tc0+pNK8t27ZGNKk"[\r][\n]"
12:26:12.289 [Forwarding clickElement on session 18063075-812d-4a4c-a6cd-30fbf03bc7bd to remote] DEBUG org.apache.http.wire - http-outgoing-20 << "Date: Fri, 23 Aug 2019 06:56:12 GMT[\r][\n]"
12:26:12.289 [Forwarding clickElement on session 18063075-812d-4a4c-a6cd-30fbf03bc7bd to remote] DEBUG org.apache.http.wire - http-outgoing-20 << "Connection: keep-alive[\r][\n]"
12:26:12.289 [Forwarding clickElement on session 18063075-812d-4a4c-a6cd-30fbf03bc7bd to remote] DEBUG org.apache.http.wire - http-outgoing-20 << "[\r][\n]"
 wit12:26:12.289 [Forwarding clickElement on session 18063075-812d-4a4c-a6cd-30fbf03bc7bd to remote] DEBUG org.apache.http.wire - http-outgoing-20 << "{"status":0,"id":"2C000000-0000-0000-CF19-000000000000","value":"","sessionId":"18063075-812d-4a4c-a6cd-30fbf03bc7bd"}"
h 180612:26:12.290 [Forwarding clickElement on session 18063075-812d-4a4c-a6cd-30fbf03bc7bd to remote] DEBUG org.apache.http.headers - http-outgoing-20 << HTTP/1.1 200 OK
12:26:12.290 [Forwarding clickElement on session 18063075-812d-4a4c-a6cd-30fbf03bc7bd to remote] DEBUG org.apache.http.headers - http-outgoing-20 << X-Powered-By: Express
12:26:12.290 [Forwarding clickElement on session 18063075-812d-4a4c-a6cd-30fbf03bc7bd to remote] DEBUG org.apache.http.headers - http-outgoing-20 << Access-Control-Allow-Origin: *
12:26:12.290 [Forwarding clickElement on session 18063075-812d-4a4c-a6cd-30fbf03bc7bd to remote] DEBUG org.apache.http.headers - http-outgoing-20 << Access-Control-Allow-Methods: GET,POST,PUT,OPTIONS,DELETE
3075-812d-4a4c-a6c12:26:12.290 [Forwarding clickElement on session 18063075-812d-4a4c-a6cd-30fbf03bc7bd to remote] DEBUG org.apache.http.headers - http-outgoing-20 << Access-Control-Allow-Headers: origin, content-type, accept
d-30fbf03bc7b12:26:12.290 [Forwarding clickElement on session 18063075-812d-4a4c-a6cd-30fbf03bc7bd to remote] DEBUG org.apache.http.headers - http-outgoing-20 << Vary: X-HTTP-Method-Override
d
12:26:12.290 [Forwarding clickElement on session 18063075-812d-4a4c-a6cd-30fbf03bc7bd to remote] DEBUG org.apache.http.headers - http-outgoing-20 << Content-Type: application/json; charset=utf-8
12:26:12.290 [Forwarding clickElement on session 18063075-812d-4a4c-a6cd-30fbf03bc7bd to remote] DEBUG org.apache.http.headers - http-outgoing-20 << Content-Length: 118
12:26:12.290 [Forwarding clickElement on session 18063075-812d-4a4c-a6cd-30fbf03bc7bd to remote] DEBUG org.apache.http.headers - http-outgoing-20 << ETag: W/"76-QLM0K3K3Z13tc0+pNK8t27ZGNKk"
12:26:12.290 [Forwarding clickElement on session 18063075-812d-4a4c-a6cd-30fbf03bc7bd to remote] DEBUG org.apache.http.headers - http-outgoing-20 << Date: Fri, 23 Aug 2019 06:56:12 GMT
12:26:12.290 [Forwarding clickElement on session 18063075-812d-4a4c-a6cd-30fbf03bc7bd to remote] DEBUG org.apache.http.headers - http-outgoing-20 << Connection: keep-alive
&amp#27;[35m[HTTP]&amp#27;12:26:12.290 [Forwarding clickElement on session 18063075-812d-4a4c-a6cd-30fbf03bc7bd to remote] DEBUG o.a.h.impl.execchain.MainClientExec - Connection can be kept alive indefinitely
[39m &amp#27;[37m<--12:26:12.290 [Forwarding clickElement on session 18063075-812d-4a4c-a6cd-30fbf03bc7bd to remote] DEBUG o.a.h.i.c.PoolingHttpClientConnectionManager - Connection [id: 20][route: {}->http://localhost:4723] can be kept alive indefinitely
 POST /wd/hub/session12:26:12.290 [Forwarding clickElement on session 18063075-812d-4a4c-a6cd-30fbf03bc7bd to remote] DEBUG o.a.h.i.c.PoolingHttpClientConnectionManager - Connection released: [id: 20][route: {}->http://localhost:4723][total kept alive: 1; route allocated: 1 of 2000; total allocated: 1 of 2000]
/18063075-812d-4a4c-a6cd-30fbf03bc7bd/element/2C000000-0000-0000-CF19-000000000000/click &amp#27;[39m&amp#27;[32m20012:26:12.291 [Forwarding findElement on session 18063075-812d-4a4c-a6cd-30fbf03bc7bd to remote] DEBUG o.a.h.c.protocol.RequestAddCookies - CookieSpec selected: default
&amp#27;[39m &amp#27;[90m1280 ms - 118&amp#27;[3912:26:12.291 [Forwarding findElement on session 18063075-812d-4a4c-a6cd-30fbf03bc7bd to remote] DEBUG o.a.h.c.protocol.RequestAuthCache - Auth cache not set in the context
m
&amp#27;[12:26:12.292 [Forwarding findElement on session 18063075-812d-4a4c-a6cd-30fbf03bc7bd to remote] DEBUG o.a.h.i.c.PoolingHttpClientConnectionManager - Connection request: [route: {}->http://localhost:4723][total kept alive: 1; route allocated: 1 of 2000; total allocated: 1 of 2000]
35m[HTTP]&amp#27;[39m &amp#27;[90m&amp#27;[39m
12:26:12.292 [Forwarding findElement on session 18063075-812d-4a4c-a6cd-30fbf03bc7bd to remote] DEBUG o.a.h.i.c.PoolingHttpClientConnectionManager - Connection leased: [id: 20][route: {}->http://localhost:4723][total kept alive: 0; route allocated: 1 of 2000; total allocated: 1 of 2000]
12:26:12.292 [Forwarding findElement on session 18063075-812d-4a4c-a6cd-30fbf03bc7bd to remote] DEBUG o.a.h.impl.execchain.MainClientExec - Stale connection check
12:26:12.294 [Forwarding findElement on session 18063075-812d-4a4c-a6cd-30fbf03bc7bd to remote] DEBUG org.apache.http.wire - http-outgoing-20 << "[read] I/O error: Read timed out"
12:26:12.294 [Forwarding findElement on session 18063075-812d-4a4c-a6cd-30fbf03bc7bd to remote] DEBUG o.a.h.i.c.DefaultManagedHttpClientConnection - http-outgoing-20: set socket timeout to 10800000
12:26:12.294 [Forwarding findElement on session 18063075-812d-4a4c-a6cd-30fbf03bc7bd to remote] DEBUG o.a.h.impl.execchain.MainClientExec - Executing request POST /wd/hub/session/18063075-812d-4a4c-a6cd-30fbf03bc7bd/element HTTP/1.1
12:26:12.294 [Forwarding findElement on session 18063075-812d-4a4c-a6cd-30fbf03bc7bd to remote] DEBUG o.a.h.impl.execchain.MainClientExec - Target auth state: UNCHALLENGED
12:26:12.294 [Forwarding findElement on session 18063075-812d-4a4c-a6cd-30fbf03bc7bd to remote] DEBUG o.a.h.impl.execchain.MainClientExec - Proxy auth state: UNCHALLENGED
12:26:12.294 [Forwarding findElement on session 18063075-812d-4a4c-a6cd-30fbf03bc7bd to remote] DEBUG org.apache.http.headers - http-outgoing-20 >> POST /wd/hub/session/18063075-812d-4a4c-a6cd-30fbf03bc7bd/element HTTP/1.1
12:26:12.294 [Forwarding findElement on session 18063075-812d-4a4c-a6cd-30fbf03bc7bd to remote] DEBUG org.apache.http.headers - http-outgoing-20 >> Content-Type: application/json; charset=utf-8
12:26:12.294 [Forwarding findElement on session 18063075-812d-4a4c-a6cd-30fbf03bc7bd to remote] DEBUG org.apache.http.headers - http-outgoing-20 >> Content-Length: 57
12:26:12.294 [Forwarding findElement on session 18063075-812d-4a4c-a6cd-30fbf03bc7bd to remote] DEBUG org.apache.http.headers - http-outgoing-20 >> Host: localhost:4723
12:26:12.294 [Forwarding findElement on session 18063075-812d-4a4c-a6cd-30fbf03bc7bd to remote] DEBUG org.apache.http.headers - http-outgoing-20 >> Connection: Keep-Alive
12:26:12.294 [Forwarding findElement on session 18063075-812d-4a4c-a6cd-30fbf03bc7bd to remote] DEBUG org.apache.http.headers - http-outgoing-20 >> User-Agent: Apache-HttpClient/4.5.2 (Java/1.8.0_171)
12:26:12.294 [Forwarding findElement on session 18063075-812d-4a4c-a6cd-30fbf03bc7bd to remote] DEBUG org.apache.http.headers - http-outgoing-20 >> Accept-Encoding: gzip,deflate
12:26:12.294 [Forwarding findElement on session 18063075-812d-4a4c-a6cd-30fbf03bc7bd to remote] DEBUG org.apache.http.wire - http-outgoing-20 >> "POST /wd/hub/session/18063075-812d-4a4c-a6cd-30fbf03bc7bd/element HTTP/1.1[\r][\n]"
12:26:12.294 [Forwarding findElement on session 18063075-812d-4a4c-a6cd-30fbf03bc7bd to remote] DEBUG org.apache.http.wire - http-outgoing-20 >> "Content-Type: application/json; charset=utf-8[\r][\n]"
12:26:12.294 [Forwarding findElement on session 18063075-812d-4a4c-a6cd-30fbf03bc7bd to remote] DEBUG org.apache.http.wire - http-outgoing-20 >> "Content-Length: 57[\r][\n]"
12:26:12.294 [Forwarding findElement on session 18063075-812d-4a4c-a6cd-30fbf03bc7bd to remote] DEBUG org.apache.http.wire - http-outgoing-20 >> "Host: localhost:4723[\r][\n]"
12:26:12.294 [Forwarding findElement on session 18063075-812d-4a4c-a6cd-30fbf03bc7bd to remote] DEBUG org.apache.http.wire - http-outgoing-20 >> "Connection: Keep-Alive[\r][\n]"
12:26:12.294 [Forwarding findElement on session 18063075-812d-4a4c-a6cd-30fbf03bc7bd to remote] DEBUG org.apache.http.wire - http-outgoing-20 >> "User-Agent: Apache-HttpClient/4.5.2 (Java/1.8.0_171)[\r][\n]"
12:26:12.294 [Forwarding findElement on session 18063075-812d-4a4c-a6cd-30fbf03bc7bd to remote] DEBUG org.apache.http.wire - http-outgoing-20 >> "Accept-Encoding: gzip,deflate[\r][\n]"
12:26:12.294 [Forwarding findElement on session 18063075-812d-4a4c-a6cd-30fbf03bc7bd to remote] DEBUG org.apache.http.wire - http-outgoing-20 >> "[\r][\n]"
12:26:12.294 [Forwarding findElement on session 18063075-812d-4a4c-a6cd-30fbf03bc7bd to remote] DEBUG org.apache.http.wire - http-outgoing-20 >> "{"using":"id","value":"HQSearchSuggestionStandaloneView"}"
&amp#27;[35m[HTTP]&amp#27;[39m &amp#27;[37m-->&amp#27;[39m &amp#27;[37mPOST&amp#27;[39m &amp#27;[37m/wd/hub/session/18063075-812d-4a4c-a6cd-30fbf03bc7bd/element&amp#27;[39m
&amp#27;[35m[HTTP]&amp#27;[39m &amp#27;[90m{"using":"id","value":"HQSearchSuggestionStandaloneView"}&amp#27;[39m
12:26:13.336 [Forwarding findElement on session 18063075-812d-4a4c-a6cd-30fbf03bc7bd to remote] DEBUG org.apache.http.wire - http-outgoing-20 << "HTTP/1.1 200 OK[\r][\n]"
12:26:13.336 [Forwarding findElement on session 18063075-812d-4a4c-a6cd-30fbf03bc7bd to remote] DEBUG org.apache.http.wire - http-outgoing-20 << "X-Powered-By: Express[\r][\n]"
12:26:13.336 [Forwarding findElement on session 18063075-812d-4a4c-a6cd-30fbf03bc7bd to remote] DEBUG org.apache.http.wire - http-outgoing-20 << "Access-Control-Allow-Origin: *[\r][\n]"
12:26:13.336 [Forwarding findElement on session 18063075-812d-4a4c-a6cd-30fbf03bc7bd to remote] DEBUG org.apache.http.wire - http-outgoing-20 << "Access-Control-Allow-Methods: GET,POST,PUT,OPTIONS,DELETE[\r][\n]"
12:26:13.336 [Forwarding findElement on session 18063075-812d-4a4c-a6cd-30fbf03bc7bd to remote] DEBUG org.apache.http.wire - http-outgoing-20 << "Access-Control-Allow-Headers: origin, content-type, accept[\r][\n]"
12:26:13.336 [Forwarding findElement on session 18063075-812d-4a4c-a6cd-30fbf03bc7bd to remote] DEBUG org.apache.http.wire - http-outgoing-20 << "Vary: X-HTTP-Method-Override[\r][\n]"
12:26:13.336 [Forwarding findElement on session 18063075-812d-4a4c-a6cd-30fbf03bc7bd to remote] DEBUG org.apache.http.wire - http-outgoing-20 << "Content-Type: application/json; charset=utf-8[\r][\n]"
12:26:13.336 [Forwarding findElement on session 18063075-812d-4a4c-a6cd-30fbf03bc7bd to remote] DEBUG org.apache.http.wire - http-outgoing-20 << "Content-Length: 122[\r][\n]"
12:26:13.336 [Forwarding findElement on session 18063075-812d-4a4c-a6cd-30fbf03bc7bd to remote] DEBUG org.apache.http.wire - http-outgoing-20 << "ETag: W/"7a-stvuOQnEs9mWUzma3qUBGveD65o"[\r][\n]"
12:26:13.336 [Forwarding findElement on session 18063075-812d-4a4c-a6cd-30fbf03bc7bd to remote] DEBUG org.apache.http.wire - http-outgoing-20 << "Date: Fri, 23 Aug 2019 06:56:13 GMT[\r][\n]"
12:26:13.336 [Forwarding findElement on session 18063075-812d-4a4c-a6cd-30fbf03bc7bd to remote] DEBUG org.apache.http.wire - http-outgoing-20 << "Connection: keep-alive[\r][\n]"
12:26:13.336 [Forwarding findElement on session 18063075-812d-4a4c-a6cd-30fbf03bc7bd to remote] DEBUG org.apache.http.wire - http-outgoing-20 << "[\r][\n]"
12:26:13.336 [Forwarding findElement on session 18063075-812d-4a4c-a6cd-30fbf03bc7bd to remote] DEBUG org.apache.http.wire - http-outgoing-20 << "{"status":0,"value":{"ELEMENT":"F0000000-0000-0000-CF19-000000000000"},"sessionId":"18063075-812d-4a4c-a6cd-30fbf03bc7bd"}"
&amp#27;[35m[HTTP]&amp#27;[39m &amp#27;[37m<-- POST /wd/hub/session/18063075-812d-4a4c-a6cd-30fbf03bc7bd/element &amp#27;[39m&amp#27;[32m200&amp#27;[39m &amp#27;[12:26:13.336 [Forwarding findElement on session 18063075-812d-4a4c-a6cd-30fbf03bc7bd to remote] DEBUG org.apache.http.headers - http-outgoing-20 << HTTP/1.1 200 OK
90m1012:26:13.337 [Forwarding findElement on session 18063075-812d-4a4c-a6cd-30fbf03bc7bd to remote] DEBUG org.apache.http.headers - http-outgoing-20 << X-Powered-By: Express
12:26:13.337 [Forwarding findElement on session 18063075-812d-4a4c-a6cd-30fbf03bc7bd to remote] DEBUG org.apache.http.headers - http-outgoing-20 << Access-Control-Allow-Origin: *
12:26:13.337 [Forwarding findElement on session 18063075-812d-4a4c-a6cd-30fbf03bc7bd to remote] DEBUG org.apache.http.headers - http-outgoing-20 << Access-Control-Allow-Methods: GET,POST,PUT,OPTIONS,DELETE
12:26:13.337 [Forwarding findElement on session 18063075-812d-4a4c-a6cd-30fbf03bc7bd to remote] DEBUG org.apache.http.headers - http-outgoing-20 << Access-Control-Allow-Headers: origin, content-type, accept
41 ms - 122&amp#27;[39m
12:26:13.337 [Forwarding findElement on session 18063075-812d-4a4c-a6cd-30fbf03bc7bd to remote] DEBUG org.apache.http.headers - http-outgoing-20 << Vary: X-HTTP-Method-Override
12:26:13.337 [Forwarding findElement on session 18063075-812d-4a4c-a6cd-30fbf03bc7bd to remote] DEBUG org.apache.http.headers - http-outgoing-20 << Content-Type: application/json; charset=utf-8
&amp#27;[35m[HTTP]&amp#27;[39m &amp#27;[90m&amp#27;[39m
12:26:13.337 [Forwarding findElement on session 18063075-812d-4a4c-a6cd-30fbf03bc7bd to remote] DEBUG org.apache.http.headers - http-outgoing-20 << Content-Length: 122
12:26:13.337 [Forwarding findElement on session 18063075-812d-4a4c-a6cd-30fbf03bc7bd to remote] DEBUG org.apache.http.headers - http-outgoing-20 << ETag: W/"7a-stvuOQnEs9mWUzma3qUBGveD65o"
12:26:13.337 [Forwarding findElement on session 18063075-812d-4a4c-a6cd-30fbf03bc7bd to remote] DEBUG org.apache.http.headers - http-outgoing-20 << Date: Fri, 23 Aug 2019 06:56:13 GMT
12:26:13.337 [Forwarding findElement on session 18063075-812d-4a4c-a6cd-30fbf03bc7bd to remote] DEBUG org.apache.http.headers - http-outgoing-20 << Connection: keep-alive
12:26:13.337 [Forwarding findElement on session 18063075-812d-4a4c-a6cd-30fbf03bc7bd to remote] DEBUG o.a.h.impl.execchain.MainClientExec - Connection can be kept alive indefinitely
12:26:13.338 [Forwarding findElement on session 18063075-812d-4a4c-a6cd-30fbf03bc7bd to remote] DEBUG o.a.h.i.c.PoolingHttpClientConnectionManager - Connection [id: 20][route: {}->http://localhost:4723] can be kept alive indefinitely
12:26:13.338 [Forwarding findElement on session 18063075-812d-4a4c-a6cd-30fbf03bc7bd to remote] DEBUG o.a.h.i.c.PoolingHttpClientConnectionManager - Connection released: [id: 20][route: {}->http://localhost:4723][total kept alive: 1; route allocated: 1 of 2000; total allocated: 1 of 2000]
12:26:13.338 [Forwarding clearElement on session 18063075-812d-4a4c-a6cd-30fbf03bc7bd to remote] DEBUG o.a.h.c.protocol.RequestAddCookies - CookieSpec selected: default
12:26:13.338 [Forwarding clearElement on session 18063075-812d-4a4c-a6cd-30fbf03bc7bd to remote] DEBUG o.a.h.c.protocol.RequestAuthCache - Auth cache not set in the context
12:26:13.338 [Forwarding clearElement on session 18063075-812d-4a4c-a6cd-30fbf03bc7bd to remote] DEBUG o.a.h.i.c.PoolingHttpClientConnectionManager - Connection request: [route: {}->http://localhost:4723][total kept alive: 1; route allocated: 1 of 2000; total allocated: 1 of 2000]
12:26:13.338 [Forwarding clearElement on session 18063075-812d-4a4c-a6cd-30fbf03bc7bd to remote] DEBUG o.a.h.i.c.PoolingHttpClientConnectionManager - Connection leased: [id: 20][route: {}->http://localhost:4723][total kept alive: 0; route allocated: 1 of 2000; total allocated: 1 of 2000]
12:26:13.338 [Forwarding clearElement on session 18063075-812d-4a4c-a6cd-30fbf03bc7bd to remote] DEBUG o.a.h.impl.execchain.MainClientExec - Stale connection check
12:26:13.340 [Forwarding clearElement on session 18063075-812d-4a4c-a6cd-30fbf03bc7bd to remote] DEBUG org.apache.http.wire - http-outgoing-20 << "[read] I/O error: Read timed out"
12:26:13.340 [Forwarding clearElement on session 18063075-812d-4a4c-a6cd-30fbf03bc7bd to remote] DEBUG o.a.h.i.c.DefaultManagedHttpClientConnection - http-outgoing-20: set socket timeout to 10800000
12:26:13.340 [Forwarding clearElement on session 18063075-812d-4a4c-a6cd-30fbf03bc7bd to remote] DEBUG o.a.h.impl.execchain.MainClientExec - Executing request POST /wd/hub/session/18063075-812d-4a4c-a6cd-30fbf03bc7bd/element/F0000000-0000-0000-CF19-000000000000/clear HTTP/1.1
12:26:13.340 [Forwarding clearElement on session 18063075-812d-4a4c-a6cd-30fbf03bc7bd to remote] DEBUG o.a.h.impl.execchain.MainClientExec - Target auth state: UNCHALLENGED
12:26:13.340 [Forwarding clearElement on session 18063075-812d-4a4c-a6cd-30fbf03bc7bd to remote] DEBUG o.a.h.impl.execchain.MainClientExec - Proxy auth state: UNCHALLENGED
12:26:13.340 [Forwarding clearElement on session 18063075-812d-4a4c-a6cd-30fbf03bc7bd to remote] DEBUG org.apache.http.headers - http-outgoing-20 >> POST /wd/hub/session/18063075-812d-4a4c-a6cd-30fbf03bc7bd/element/F0000000-0000-0000-CF19-000000000000/clear HTTP/1.1
12:26:13.340 [Forwarding clearElement on session 18063075-812d-4a4c-a6cd-30fbf03bc7bd to remote] DEBUG org.apache.http.headers - http-outgoing-20 >> Content-Type: application/json; charset=utf-8
12:26:13.340 [Forwarding clearElement on session 18063075-812d-4a4c-a6cd-30fbf03bc7bd to remote] DEBUG org.apache.http.headers - http-outgoing-20 >> Content-Length: 45
12:26:13.340 [Forwarding clearElement on session 18063075-812d-4a4c-a6cd-30fbf03bc7bd to remote] DEBUG org.apache.http.headers - http-outgoing-20 >> Host: localhost:4723
12:26:13.340 [Forwarding clearElement on session 18063075-812d-4a4c-a6cd-30fbf03bc7bd to remote] DEBUG org.apache.http.headers - http-outgoing-20 >> Connection: Keep-Alive
12:26:13.340 [Forwarding clearElement on session 18063075-812d-4a4c-a6cd-30fbf03bc7bd to remote] DEBUG org.apache.http.headers - http-outgoing-20 >> User-Agent: Apache-HttpClient/4.5.2 (Java/1.8.0_171)
12:26:13.340 [Forwarding clearElement on session 18063075-812d-4a4c-a6cd-30fbf03bc7bd to remote] DEBUG org.apache.http.headers - http-outgoing-20 >> Accept-Encoding: gzip,deflate
12:26:13.340 [Forwarding clearElement on session 18063075-812d-4a4c-a6cd-30fbf03bc7bd to remote] DEBUG org.apache.http.wire - http-outgoing-20 >> "POST /wd/hub/session/18063075-812d-4a4c-a6cd-30fbf03bc7bd/element/F0000000-0000-0000-CF19-000000000000/clear HTTP/1.1[\r][\n]"
12:26:13.340 [Forwarding clearElement on session 18063075-812d-4a4c-a6cd-30fbf03bc7bd to remote] DEBUG org.apache.http.wire - http-outgoing-20 >> "Content-Type: application/json; charset=utf-8[\r][\n]"
12:26:13.340 [Forwarding clearElement on session 18063075-812d-4a4c-a6cd-30fbf03bc7bd to remote] DEBUG org.apache.http.wire - http-outgoing-20 >> "Content-Length: 45[\r][\n]"
12:26:13.340 [Forwarding clearElement on session 18063075-812d-4a4c-a6cd-30fbf03bc7bd to remote] DEBUG org.apache.http.wire - http-outgoing-20 >> "Host: localhost:4723[\r][\n]"
12:26:13.340 [Forwarding clearElement on session 18063075-812d-4a4c-a6cd-30fbf03bc7bd to remote] DEBUG org.apache.http.wire - http-outgoing-20 >> "Connection: Keep-Alive[\r][\n]"
12:26:13.340 [Forwarding clearElement on session 18063075-812d-4a4c-a6cd-30fbf03bc7bd to remote] DEBUG org.apache.http.wire - http-outgoing-20 >> "User-Agent: Apache-HttpClient/4.5.2 (Java/1.8.0_171)[\r][\n]"
12:26:13.340 [Forwarding clearElement on session 18063075-812d-4a4c-a6cd-30fbf03bc7bd to remote] DEBUG org.apache.http.wire - http-outgoing-20 >> "Accept-Encoding: gzip,deflate[\r][\n]"
12:26:13.340 [Forwarding clearElement on session 18063075-812d-4a4c-a6cd-30fbf03bc7bd to remote] DEBUG org.apache.http.wire - http-outgoing-20 >> "[\r][\n]"
12:26:13.340 [Forwarding clearElement on session 18063075-812d-4a4c-a6cd-30fbf03bc7bd to remote] DEBUG org.apache.http.wire - http-outgoing-20 >> "{"id":"F0000000-0000-0000-CF19-000000000000"}"
&amp#27;[35m[HTTP]&amp#27;[39m &amp#27;[37m-->&amp#27;[39m &amp#27;[37mPOST&amp#27;[39m &amp#27;[37m/wd/hub/session/18063075-812d-4a4c-a6cd-30fbf03bc7bd/element/F0000000-0000-0000-CF19-000000000000/clear&amp#27;[39m
&amp#27;[35m[HTTP]&amp#27;[39m &amp#27;[90m{"id":"F0000000-0000-0000-CF19-000000000000"}&amp#27;[39m
12:26:13.561 [Forwarding clearElement on session 18063075-812d-4a4c-a6cd-30fbf03bc7bd to remote] DEBUG org.apache.http.wire - http-outgoing-20 << "HTTP/1.1 200 OK[\r][\n]"
12:26:13.561 [Forwarding clearElement on session 18063075-812d-4a4c-a6cd-30fbf03bc7bd to remote] DEBUG org.apache.http.wire - http-outgoing-20 << "X-Powered-By: Express[\r][\n]"
12:26:13.561 [Forwarding clearElement on session 18063075-812d-4a4c-a6cd-30fbf03bc7bd to remote] DEBUG org.apache.http.wire - http-outgoing-20 << "Access-Control-Allow-Origin: *[\r][\n]"
12:26:13.561 [Forwarding clearElement on session 18063075-812d-4a4c-a6cd-30fbf03bc7bd to remote] DEBUG org.apache.http.wire - http-outgoing-20 << "Access-Control-Allow-Methods: GET,POST,PUT,OPTIONS,DELETE[\r][\n]"
12:26:13.561 [Forwarding clearElement on session 18063075-812d-4a4c-a6cd-30fbf03bc7bd to remote] DEBUG org.apache.http.wire - http-outgoing-20 << "Access-Control-Allow-Headers: origin, content-type, accept[\r][\n]"
12:26:13.561 [Forwarding clearElement on session 18063075-812d-4a4c-a6cd-30fbf03bc7bd to remote] DEBUG org.apache.http.wire - http-outgoing-20 << "Vary: X-HTTP-Method-Override[\r][\n]"
12:26:13.562 [Forwarding clearElement on session 18063075-812d-4a4c-a6cd-30fbf03bc7bd to remote] DEBUG org.apache.http.wire - http-outgoing-20 << "Content-Type: application/json; charset=utf-8[\r][\n]"
12:26:13.562 [Forwarding clearElement on session 18063075-812d-4a4c-a6cd-30fbf03bc7bd to remote] DEBUG org.apache.http.wire - http-outgoing-20 << "Content-Length: 76[\r][\n]"
12:26:13.562 [Forwarding clearElement on session 18063075-812d-4a4c-a6cd-30fbf03bc7bd to remote] DEBUG org.apache.http.wire - http-outgoing-20 << "ETag: W/"4c-gmhGQZOu676Rxx5RTHTeOboeR78"[\r][\n]"
12:26:13.562 [Forwarding clearElement on session 18063075-812d-4a4c-a6cd-30fbf03bc7bd to remote] DEBUG org.apache.http.wire - http-outgoing-20 << "Date: Fri, 23 Aug 2019 06:56:13 GMT[\r][\n]"
12:26:13.562 [Forwarding clearElement on session 18063075-812d-4a4c-a6cd-30fbf03bc7bd to remote] DEBUG org.apache.http.wire - http-outgoing-20 << "Connection: keep-alive[\r][\n]"
12:26:13.562 [Forwarding clearElement on session 18063075-812d-4a4c-a6cd-30fbf03bc7bd to remote] DEBUG org.apache.http.wire - http-outgoing-20 << "[\r][\n]"
12:26:13.562 [Forwarding clearElement on session 18063075-812d-4a4c-a6cd-30fbf03bc7bd to remote] DEBUG org.apache.http.wire - http-outgoing-20 << "{"status":0,"value":null,"sessionId":"18063075-812d-4a4c-a6cd-30fbf03bc7bd"}"
12:26:13.562 [Forwarding clearElement on session 18063075-812d-4a4c-a6cd-30fbf03bc7bd to remote] DEBUG org.apache.http.headers - http-outgoing-20 << HTTP/1.1 200 OK
&amp#27;[35m[HTTP]&amp#27;[39m &amp#27;[37m<-- POST /wd/hub/sessio12:26:13.562 [Forwarding clearElement on session 18063075-812d-4a4c-a6cd-30fbf03bc7bd to remote] DEBUG org.apache.http.headers - http-outgoing-20 << X-Powered-By: Express
n/18063075-812d-4a4c-a6c12:26:13.562 [Forwarding clearElement on session 18063075-812d-4a4c-a6cd-30fbf03bc7bd to remote] DEBUG org.apache.http.headers - http-outgoing-20 << Access-Control-Allow-Origin: *
d-30fbf03bc7bd/element/F0000000-0000-0000-CF19-000000000000/clear &amp#27;[39m&amp#27;[32m200&amp#27;[39m &amp#27;[90m220 ms - 76&amp#27;[39m
12:26:13.562 [Forwarding clearElement on session 18063075-812d-4a4c-a6cd-30fbf03bc7bd to remote] DEBUG org.apache.http.headers - http-outgoing-20 << Access-Control-Allow-Methods: GET,POST,PUT,OPTIONS,DELETE
&amp#27;[12:26:13.563 [Forwarding clearElement on session 18063075-812d-4a4c-a6cd-30fbf03bc7bd to remote] DEBUG org.apache.http.headers - http-outgoing-20 << Access-Control-Allow-Headers: origin, content-type, accept
35m[HTTP]&amp#27;[39m &amp#27;[90m&amp#27;[39m
12:26:13.563 [Forwarding clearElement on session 18063075-812d-4a4c-a6cd-30fbf03bc7bd to remote] DEBUG org.apache.http.headers - http-outgoing-20 << Vary: X-HTTP-Method-Override
12:26:13.564 [Forwarding clearElement on session 18063075-812d-4a4c-a6cd-30fbf03bc7bd to remote] DEBUG org.apache.http.headers - http-outgoing-20 << Content-Type: application/json; charset=utf-8
12:26:13.564 [Forwarding clearElement on session 18063075-812d-4a4c-a6cd-30fbf03bc7bd to remote] DEBUG org.apache.http.headers - http-outgoing-20 << Content-Length: 76
12:26:13.564 [Forwarding clearElement on session 18063075-812d-4a4c-a6cd-30fbf03bc7bd to remote] DEBUG org.apache.http.headers - http-outgoing-20 << ETag: W/"4c-gmhGQZOu676Rxx5RTHTeOboeR78"
12:26:13.564 [Forwarding clearElement on session 18063075-812d-4a4c-a6cd-30fbf03bc7bd to remote] DEBUG org.apache.http.headers - http-outgoing-20 << Date: Fri, 23 Aug 2019 06:56:13 GMT
12:26:13.564 [Forwarding clearElement on session 18063075-812d-4a4c-a6cd-30fbf03bc7bd to remote] DEBUG org.apache.http.headers - http-outgoing-20 << Connection: keep-alive
12:26:13.564 [Forwarding clearElement on session 18063075-812d-4a4c-a6cd-30fbf03bc7bd to remote] DEBUG o.a.h.impl.execchain.MainClientExec - Connection can be kept alive indefinitely
12:26:13.564 [Forwarding clearElement on session 18063075-812d-4a4c-a6cd-30fbf03bc7bd to remote] DEBUG o.a.h.i.c.PoolingHttpClientConnectionManager - Connection [id: 20][route: {}->http://localhost:4723] can be kept alive indefinitely
12:26:13.564 [Forwarding clearElement on session 18063075-812d-4a4c-a6cd-30fbf03bc7bd to remote] DEBUG o.a.h.i.c.PoolingHttpClientConnectionManager - Connection released: [id: 20][route: {}->http://localhost:4723][total kept alive: 1; route allocated: 1 of 2000; total allocated: 1 of 2000]
12:26:13.564 [Forwarding sendKeysToElement on session 18063075-812d-4a4c-a6cd-30fbf03bc7bd to remote] DEBUG o.a.h.c.protocol.RequestAddCookies - CookieSpec selected: default
12:26:13.564 [Forwarding sendKeysToElement on session 18063075-812d-4a4c-a6cd-30fbf03bc7bd to remote] DEBUG o.a.h.c.protocol.RequestAuthCache - Auth cache not set in the context
12:26:13.564 [Forwarding sendKeysToElement on session 18063075-812d-4a4c-a6cd-30fbf03bc7bd to remote] DEBUG o.a.h.i.c.PoolingHttpClientConnectionManager - Connection request: [route: {}->http://localhost:4723][total kept alive: 1; route allocated: 1 of 2000; total allocated: 1 of 2000]
12:26:13.564 [Forwarding sendKeysToElement on session 18063075-812d-4a4c-a6cd-30fbf03bc7bd to remote] DEBUG o.a.h.i.c.PoolingHttpClientConnectionManager - Connection leased: [id: 20][route: {}->http://localhost:4723][total kept alive: 0; route allocated: 1 of 2000; total allocated: 1 of 2000]
12:26:13.564 [Forwarding sendKeysToElement on session 18063075-812d-4a4c-a6cd-30fbf03bc7bd to remote] DEBUG o.a.h.impl.execchain.MainClientExec - Stale connection check
12:26:13.566 [Forwarding sendKeysToElement on session 18063075-812d-4a4c-a6cd-30fbf03bc7bd to remote] DEBUG org.apache.http.wire - http-outgoing-20 << "[read] I/O error: Read timed out"
12:26:13.566 [Forwarding sendKeysToElement on session 18063075-812d-4a4c-a6cd-30fbf03bc7bd to remote] DEBUG o.a.h.i.c.DefaultManagedHttpClientConnection - http-outgoing-20: set socket timeout to 10800000
12:26:13.566 [Forwarding sendKeysToElement on session 18063075-812d-4a4c-a6cd-30fbf03bc7bd to remote] DEBUG o.a.h.impl.execchain.MainClientExec - Executing request POST /wd/hub/session/18063075-812d-4a4c-a6cd-30fbf03bc7bd/element/F0000000-0000-0000-CF19-000000000000/value HTTP/1.1
12:26:13.566 [Forwarding sendKeysToElement on session 18063075-812d-4a4c-a6cd-30fbf03bc7bd to remote] DEBUG o.a.h.impl.execchain.MainClientExec - Target auth state: UNCHALLENGED
12:26:13.566 [Forwarding sendKeysToElement on session 18063075-812d-4a4c-a6cd-30fbf03bc7bd to remote] DEBUG o.a.h.impl.execchain.MainClientExec - Proxy auth state: UNCHALLENGED
12:26:13.566 [Forwarding sendKeysToElement on session 18063075-812d-4a4c-a6cd-30fbf03bc7bd to remote] DEBUG org.apache.http.headers - http-outgoing-20 >> POST /wd/hub/session/18063075-812d-4a4c-a6cd-30fbf03bc7bd/element/F0000000-0000-0000-CF19-000000000000/value HTTP/1.1
12:26:13.566 [Forwarding sendKeysToElement on session 18063075-812d-4a4c-a6cd-30fbf03bc7bd to remote] DEBUG org.apache.http.headers - http-outgoing-20 >> Content-Type: application/json; charset=utf-8
12:26:13.566 [Forwarding sendKeysToElement on session 18063075-812d-4a4c-a6cd-30fbf03bc7bd to remote] DEBUG org.apache.http.headers - http-outgoing-20 >> Content-Length: 68
12:26:13.566 [Forwarding sendKeysToElement on session 18063075-812d-4a4c-a6cd-30fbf03bc7bd to remote] DEBUG org.apache.http.headers - http-outgoing-20 >> Host: localhost:4723
12:26:13.566 [Forwarding sendKeysToElement on session 18063075-812d-4a4c-a6cd-30fbf03bc7bd to remote] DEBUG org.apache.http.headers - http-outgoing-20 >> Connection: Keep-Alive
12:26:13.566 [Forwarding sendKeysToElement on session 18063075-812d-4a4c-a6cd-30fbf03bc7bd to remote] DEBUG org.apache.http.headers - http-outgoing-20 >> User-Agent: Apache-HttpClient/4.5.2 (Java/1.8.0_171)
12:26:13.566 [Forwarding sendKeysToElement on session 18063075-812d-4a4c-a6cd-30fbf03bc7bd to remote] DEBUG org.apache.http.headers - http-outgoing-20 >> Accept-Encoding: gzip,deflate
12:26:13.566 [Forwarding sendKeysToElement on session 18063075-812d-4a4c-a6cd-30fbf03bc7bd to remote] DEBUG org.apache.http.wire - http-outgoing-20 >> "POST /wd/hub/session/18063075-812d-4a4c-a6cd-30fbf03bc7bd/element/F0000000-0000-0000-CF19-000000000000/value HTTP/1.1[\r][\n]"
12:26:13.566 [Forwarding sendKeysToElement on session 18063075-812d-4a4c-a6cd-30fbf03bc7bd to remote] DEBUG org.apache.http.wire - http-outgoing-20 >> "Content-Type: application/json; charset=utf-8[\r][\n]"
12:26:13.566 [Forwarding sendKeysToElement on session 18063075-812d-4a4c-a6cd-30fbf03bc7bd to remote] DEBUG org.apache.http.wire - http-outgoing-20 >> "Content-Length: 68[\r][\n]"
12:26:13.566 [Forwarding sendKeysToElement on session 18063075-812d-4a4c-a6cd-30fbf03bc7bd to remote] DEBUG org.apache.http.wire - http-outgoing-20 >> "Host: localhost:4723[\r][\n]"
12:26:13.566 [Forwarding sendKeysToElement on session 18063075-812d-4a4c-a6cd-30fbf03bc7bd to remote] DEBUG org.apache.http.wire - http-outgoing-20 >> "Connection: Keep-Alive[\r][\n]"
12:26:13.566 [Forwarding sendKeysToElement on session 18063075-812d-4a4c-a6cd-30fbf03bc7bd to remote] DEBUG org.apache.http.wire - http-outgoing-20 >> "User-Agent: Apache-HttpClient/4.5.2 (Java/1.8.0_171)[\r][\n]"
12:26:13.566 [Forwarding sendKeysToElement on session 18063075-812d-4a4c-a6cd-30fbf03bc7bd to remote] DEBUG org.apache.http.wire - http-outgoing-20 >> "Accept-Encoding: gzip,deflate[\r][\n]"
12:26:13.566 [Forwarding sendKeysToElement on session 18063075-812d-4a4c-a6cd-30fbf03bc7bd to remote] DEBUG org.apache.http.wire - http-outgoing-20 >> "[\r][\n]"
12:26:13.566 [Forwarding sendKeysToElement on session 18063075-812d-4a4c-a6cd-30fbf03bc7bd to remote] DEBUG org.apache.http.wire - http-outgoing-20 >> "{"id":"F0000000-0000-0000-CF19-000000000000","value":["The Intern"]}"
&amp#27;[35m[HTTP]&amp#27;[39m &amp#27;[37m-->&amp#27;[39m &amp#27;[37mPOST&amp#27;[39m &amp#27;[37m/wd/hub/session/18063075-812d-4a4c-a6cd-30fbf03bc7bd/element/F0000000-0000-0000-CF19-000000000000/value&amp#27;[39m
&amp#27;[35m[HTTP]&amp#27;[39m &amp#27;[90m{"id":"F0000000-0000-0000-CF19-000000000000","value":["The Intern"]}&amp#27;[39m
12:26:14.870 [Forwarding sendKeysToElement on session 18063075-812d-4a4c-a6cd-30fbf03bc7bd to remote] DEBUG org.apache.http.wire - http-outgoing-20 << "HTTP/1.1 200 OK[\r][\n]"
12:26:14.870 [Forwarding sendKeysToElement on session 18063075-812d-4a4c-a6cd-30fbf03bc7bd to remote] DEBUG org.apache.http.wire - http-outgoing-20 << "X-Powered-By: Express[\r][\n]"
12:26:14.870 [Forwarding sendKeysToElement on session 18063075-812d-4a4c-a6cd-30fbf03bc7bd to remote] DEBUG org.apache.http.wire - http-outgoing-20 << "Access-Control-Allow-Origin: *[\r][\n]"
12:26:14.870 [Forwarding sendKeysToElement on session 18063075-812d-4a4c-a6cd-30fbf03bc7bd to remote] DEBUG org.apache.http.wire - http-outgoing-20 << "Access-Control-Allow-Methods: GET,POST,PUT,OPTIONS,DELETE[\r][\n]"
12:26:14.870 [Forwarding sendKeysToElement on session 18063075-812d-4a4c-a6cd-30fbf03bc7bd to remote] DEBUG org.apache.http.wire - http-outgoing-20 << "Access-Control-Allow-Headers: origin, content-type, accept[\r][\n]"
12:26:14.870 [Forwarding sendKeysToElement on session 18063075-812d-4a4c-a6cd-30fbf03bc7bd to remote] DEBUG org.apache.http.wire - http-outgoing-20 << "Vary: X-HTTP-Method-Override[\r][\n]"
12:26:14.870 [Forwarding sendKeysToElement on session 18063075-812d-4a4c-a6cd-30fbf03bc7bd to remote] DEBUG org.apache.http.wire - http-outgoing-20 << "Content-Type: application/json; charset=utf-8[\r][\n]"
12:26:14.870 [Forwarding sendKeysToElement on session 18063075-812d-4a4c-a6cd-30fbf03bc7bd to remote] DEBUG org.apache.http.wire - http-outgoing-20 << "Content-Length: 76[\r][\n]"
12:26:14.870 [Forwarding sendKeysToElement on session 18063075-812d-4a4c-a6cd-30fbf03bc7bd to remote] DEBUG org.apache.http.wire - http-outgoing-20 << "ETag: W/"4c-gmhGQZOu676Rxx5RTHTeOboeR78"[\r][\n]"
12:26:14.870 [Forwarding sendKeysToElement on session 18063075-812d-4a4c-a6cd-30fbf03bc7bd to remote] DEBUG org.apache.http.wire - http-outgoing-20 << "Date: Fri, 23 Aug 2019 06:56:14 GMT[\r][\n]"
12:26:14.870 [Forwarding sendKeysToElement on session 18063075-812d-4a4c-a6cd-30fbf03bc7bd to remote] DEBUG org.apache.http.wire - http-outgoing-20 << "Connection: keep-alive[\r][\n]"
12:26:14.870 [Forwarding sendKeysToElement on session 18063075-812d-4a4c-a6cd-30fbf03bc7bd to remote] DEBUG org.apache.http.wire - http-outgoing-20 << "[\r][\n]"
12:26:14.870 [Forwarding sendKeysToElement on session 18063075-812d-4a4c-a6cd-30fbf03bc7bd to remote] DEBUG org.apache.http.wire - http-outgoing-20 << "{"status":0,"value":null,"sessionId":"18063075-812d-4a4c-a6cd-30fbf03bc7bd"}"
&amp#27;[35m[HTTP]12:26:14.870 [Forwarding sendKeysToElement on session 18063075-812d-4a4c-a6cd-30fbf03bc7bd to remote] DEBUG org.apache.http.headers - http-outgoing-20 << HTTP/1.1 200 OK
&amp#27;[39m &amp#27;[37m<-- PO12:26:14.870 [Forwarding sendKeysToElement on session 18063075-812d-4a4c-a6cd-30fbf03bc7bd to remote] DEBUG org.apache.http.headers - http-outgoing-20 << X-Powered-By: Express
ST /wd/hub/sessio12:26:14.871 [Forwarding sendKeysToElement on session 18063075-812d-4a4c-a6cd-30fbf03bc7bd to remote] DEBUG org.apache.http.headers - http-outgoing-20 << Access-Control-Allow-Origin: *
n/18063075-812d-4a4c-a6cd-30fbf03bc7bd/element/F0000000-0000-0012:26:14.871 [Forwarding sendKeysToElement on session 18063075-812d-4a4c-a6cd-30fbf03bc7bd to remote] DEBUG org.apache.http.headers - http-outgoing-20 << Access-Control-Allow-Methods: GET,POST,PUT,OPTIONS,DELETE
12:26:14.872 [Forwarding sendKeysToElement on session 18063075-812d-4a4c-a6cd-30fbf03bc7bd to remote] DEBUG org.apache.http.headers - http-outgoing-20 << Access-Control-Allow-Headers: origin, content-type, accept
12:26:14.872 [Forwarding sendKeysToElement on session 18063075-812d-4a4c-a6cd-30fbf03bc7bd to remote] DEBUG org.apache.http.headers - http-outgoing-20 << Vary: X-HTTP-Method-Override
12:26:14.872 [Forwarding sendKeysToElement on session 18063075-812d-4a4c-a6cd-30fbf03bc7bd to remote] DEBUG org.apache.http.headers - http-outgoing-20 << Content-Type: application/json; charset=utf-8
12:26:14.872 [Forwarding sendKeysToElement on session 18063075-812d-4a4c-a6cd-30fbf03bc7bd to remote] DEBUG org.apache.http.headers - http-outgoing-20 << Content-Length: 76
12:26:14.872 [Forwarding sendKeysToElement on session 18063075-812d-4a4c-a6cd-30fbf03bc7bd to remote] DEBUG org.apache.http.headers - http-outgoing-20 << ETag: W/"4c-gmhGQZOu676Rxx5RTHTeOboeR78"
00-CF19-000000000000/value &amp#27;[39m&amp#27;[32m200&amp#27;[3912:26:14.872 [Forwarding sendKeysToElement on session 18063075-812d-4a4c-a6cd-30fbf03bc7bd to remote] DEBUG org.apache.http.headers - http-outgoing-20 << Date: Fri, 23 Aug 2019 06:56:14 GMT
m &amp#27;[90m1303 ms - 76&amp#27;[39m
12:26:14.873 [Forwarding sendKeysToElement on session 18063075-812d-4a4c-a6cd-30fbf03bc7bd to remote] DEBUG org.apache.http.headers - http-outgoing-20 << Connection: keep-alive
&amp#27;[35m12:26:14.873 [Forwarding sendKeysToElement on session 18063075-812d-4a4c-a6cd-30fbf03bc7bd to remote] DEBUG o.a.h.impl.execchain.MainClientExec - Connection can be kept alive indefinitely
[HTTP]&amp#27;[39m &amp#27;[12:26:14.873 [Forwarding sendKeysToElement on session 18063075-812d-4a4c-a6cd-30fbf03bc7bd to remote] DEBUG o.a.h.i.c.PoolingHttpClientConnectionManager - Connection [id: 20][route: {}->http://localhost:4723] can be kept alive indefinitely
90m&amp#27;[39m
12:26:14.873 [Forwarding sendKeysToElement on session 18063075-812d-4a4c-a6cd-30fbf03bc7bd to remote] DEBUG o.a.h.i.c.PoolingHttpClientConnectionManager - Connection released: [id: 20][route: {}->http://localhost:4723][total kept alive: 1; route allocated: 1 of 2000; total allocated: 1 of 2000]
12:26:19.879 [Forwarding findElements on session 18063075-812d-4a4c-a6cd-30fbf03bc7bd to remote] DEBUG o.a.h.c.protocol.RequestAddCookies - CookieSpec selected: default
12:26:19.879 [Forwarding findElements on session 18063075-812d-4a4c-a6cd-30fbf03bc7bd to remote] DEBUG o.a.h.c.protocol.RequestAuthCache - Auth cache not set in the context
12:26:19.879 [Forwarding findElements on session 18063075-812d-4a4c-a6cd-30fbf03bc7bd to remote] DEBUG o.a.h.i.c.PoolingHttpClientConnectionManager - Connection request: [route: {}->http://localhost:4723][total kept alive: 1; route allocated: 1 of 2000; total allocated: 1 of 2000]
12:26:19.879 [Forwarding findElements on session 18063075-812d-4a4c-a6cd-30fbf03bc7bd to remote] DEBUG org.apache.http.wire - http-outgoing-20 << "end of stream"
12:26:19.879 [Forwarding findElements on session 18063075-812d-4a4c-a6cd-30fbf03bc7bd to remote] DEBUG o.a.h.i.c.DefaultManagedHttpClientConnection - http-outgoing-20: Close connection
12:26:19.879 [Forwarding findElements on session 18063075-812d-4a4c-a6cd-30fbf03bc7bd to remote] DEBUG o.a.h.i.c.PoolingHttpClientConnectionManager - Connection leased: [id: 21][route: {}->http://localhost:4723][total kept alive: 0; route allocated: 1 of 2000; total allocated: 1 of 2000]
12:26:19.879 [Forwarding findElements on session 18063075-812d-4a4c-a6cd-30fbf03bc7bd to remote] DEBUG o.a.h.impl.execchain.MainClientExec - Opening connection {}->http://localhost:4723
12:26:19.881 [Forwarding findElements on session 18063075-812d-4a4c-a6cd-30fbf03bc7bd to remote] DEBUG o.a.h.i.c.DefaultHttpClientConnectionOperator - Connecting to localhost/127.0.0.1:4723
12:26:19.881 [Forwarding findElements on session 18063075-812d-4a4c-a6cd-30fbf03bc7bd to remote] DEBUG o.a.h.i.c.DefaultHttpClientConnectionOperator - Connection established 127.0.0.1:64544<->127.0.0.1:4723
12:26:19.881 [Forwarding findElements on session 18063075-812d-4a4c-a6cd-30fbf03bc7bd to remote] DEBUG o.a.h.i.c.DefaultManagedHttpClientConnection - http-outgoing-21: set socket timeout to 10800000
12:26:19.881 [Forwarding findElements on session 18063075-812d-4a4c-a6cd-30fbf03bc7bd to remote] DEBUG o.a.h.impl.execchain.MainClientExec - Executing request POST /wd/hub/session/18063075-812d-4a4c-a6cd-30fbf03bc7bd/elements HTTP/1.1
12:26:19.881 [Forwarding findElements on session 18063075-812d-4a4c-a6cd-30fbf03bc7bd to remote] DEBUG o.a.h.impl.execchain.MainClientExec - Target auth state: UNCHALLENGED
12:26:19.881 [Forwarding findElements on session 18063075-812d-4a4c-a6cd-30fbf03bc7bd to remote] DEBUG o.a.h.impl.execchain.MainClientExec - Proxy auth state: UNCHALLENGED
12:26:19.881 [Forwarding findElements on session 18063075-812d-4a4c-a6cd-30fbf03bc7bd to remote] DEBUG org.apache.http.headers - http-outgoing-21 >> POST /wd/hub/session/18063075-812d-4a4c-a6cd-30fbf03bc7bd/elements HTTP/1.1
12:26:19.881 [Forwarding findElements on session 18063075-812d-4a4c-a6cd-30fbf03bc7bd to remote] DEBUG org.apache.http.headers - http-outgoing-21 >> Content-Type: application/json; charset=utf-8
12:26:19.881 [Forwarding findElements on session 18063075-812d-4a4c-a6cd-30fbf03bc7bd to remote] DEBUG org.apache.http.headers - http-outgoing-21 >> Content-Length: 317
12:26:19.881 [Forwarding findElements on session 18063075-812d-4a4c-a6cd-30fbf03bc7bd to remote] DEBUG org.apache.http.headers - http-outgoing-21 >> Host: localhost:4723
12:26:19.881 [Forwarding findElements on session 18063075-812d-4a4c-a6cd-30fbf03bc7bd to remote] DEBUG org.apache.http.headers - http-outgoing-21 >> Connection: Keep-Alive
12:26:19.881 [Forwarding findElements on session 18063075-812d-4a4c-a6cd-30fbf03bc7bd to remote] DEBUG org.apache.http.headers - http-outgoing-21 >> User-Agent: Apache-HttpClient/4.5.2 (Java/1.8.0_171)
12:26:19.881 [Forwarding findElements on session 18063075-812d-4a4c-a6cd-30fbf03bc7bd to remote] DEBUG org.apache.http.headers - http-outgoing-21 >> Accept-Encoding: gzip,deflate
12:26:19.881 [Forwarding findElements on session 18063075-812d-4a4c-a6cd-30fbf03bc7bd to remote] DEBUG org.apache.http.wire - http-outgoing-21 >> "POST /wd/hub/session/18063075-812d-4a4c-a6cd-30fbf03bc7bd/elements HTTP/1.1[\r][\n]"
12:26:19.881 [Forwarding findElements on session 18063075-812d-4a4c-a6cd-30fbf03bc7bd to remote] DEBUG org.apache.http.wire - http-outgoing-21 >> "Content-Type: application/json; charset=utf-8[\r][\n]"
12:26:19.881 [Forwarding findElements on session 18063075-812d-4a4c-a6cd-30fbf03bc7bd to remote] DEBUG org.apache.http.wire - http-outgoing-21 >> "Content-Length: 317[\r][\n]"
12:26:19.881 [Forwarding findElements on session 18063075-812d-4a4c-a6cd-30fbf03bc7bd to remote] DEBUG org.apache.http.wire - http-outgoing-21 >> "Host: localhost:4723[\r][\n]"
12:26:19.881 [Forwarding findElements on session 18063075-812d-4a4c-a6cd-30fbf03bc7bd to remote] DEBUG org.apache.http.wire - http-outgoing-21 >> "Connection: Keep-Alive[\r][\n]"
12:26:19.881 [Forwarding findElements on session 18063075-812d-4a4c-a6cd-30fbf03bc7bd to remote] DEBUG org.apache.http.wire - http-outgoing-21 >> "User-Agent: Apache-HttpClient/4.5.2 (Java/1.8.0_171)[\r][\n]"
12:26:19.881 [Forwarding findElements on session 18063075-812d-4a4c-a6cd-30fbf03bc7bd to remote] DEBUG org.apache.http.wire - http-outgoing-21 >> "Accept-Encoding: gzip,deflate[\r][\n]"
12:26:19.881 [Forwarding findElements on session 18063075-812d-4a4c-a6cd-30fbf03bc7bd to remote] DEBUG org.apache.http.wire - http-outgoing-21 >> "[\r][\n]"
12:26:19.881 [Forwarding findElements on session 18063075-812d-4a4c-a6cd-30fbf03bc7bd to remote] DEBUG org.apache.http.wire - http-outgoing-21 >> "{"using":"xpath","value":"//XCUIElementTypeApplication/XCUIElementTypeWindow/XCUIElementTypeOther/XCUIElementTypeOther/XCUIElementTypeOther/XCUIElementTypeOther/XCUIElementTypeOther/XCUIElementTypeOther/XCUIElementTypeOther/XCUIElementTypeCollectionView/XCUIElementTypeCell/XCUIElementTypeOther/XCUIElementTypeImage"}"
&amp#27;[35m[HTTP]&amp#27;[39m &amp#27;[37m-->&amp#27;[39m &amp#27;[37mPOST&amp#27;[39m &amp#27;[37m/wd/hub/session/18063075-812d-4a4c-a6cd-30fbf03bc7bd/elements&amp#27;[39m
&amp#27;[35m[HTTP]&amp#27;[39m &amp#27;[90m{"using":"xpath","value":"//XCUIElementTypeApplication/XCUIElementTypeWindow/XCUIElementTypeOther/XCUIElementTypeOther/XCUIElementTypeOther/XCUIElementTypeOther/XCUIElementTypeOther/XCUIElementTypeOther/XCUIElementTypeOther/XCUIElementTypeCollectionView/XCUIElementTypeCell/XCUIElementTypeOther/XCUIElementTypeImage"}&amp#27;[39m
12:26:23.013 [Forwarding findElements on session 18063075-812d-4a4c-a6cd-30fbf03bc7bd to remote] DEBUG org.apache.http.wire - http-outgoing-21 << "HTTP/1.1 200 OK[\r][\n]"
12:26:23.013 [Forwarding findElements on session 18063075-812d-4a4c-a6cd-30fbf03bc7bd to remote] DEBUG org.apache.http.wire - http-outgoing-21 << "X-Powered-By: Express[\r][\n]"
12:26:23.013 [Forwarding findElements on session 18063075-812d-4a4c-a6cd-30fbf03bc7bd to remote] DEBUG org.apache.http.wire - http-outgoing-21 << "Access-Control-Allow-Origin: *[\r][\n]"
12:26:23.013 [Forwarding findElements on session 18063075-812d-4a4c-a6cd-30fbf03bc7bd to remote] DEBUG org.apache.http.wire - http-outgoing-21 << "Access-Control-Allow-Methods: GET,POST,PUT,OPTIONS,DELETE[\r][\n]"
12:26:23.013 [Forwarding findElements on session 18063075-812d-4a4c-a6cd-30fbf03bc7bd to remote] DEBUG org.apache.http.wire - http-outgoing-21 << "Access-Control-Allow-Headers: origin, content-type, accept[\r][\n]"
12:26:23.013 [Forwarding findElements on session 18063075-812d-4a4c-a6cd-30fbf03bc7bd to remote] DEBUG org.apache.http.wire - http-outgoing-21 << "Vary: X-HTTP-Method-Override[\r][\n]"
12:26:23.013 [Forwarding findElements on session 18063075-812d-4a4c-a6cd-30fbf03bc7bd to remote] DEBUG org.apache.http.wire - http-outgoing-21 << "Content-Type: application/json; charset=utf-8[\r][\n]"
12:26:23.013 [Forwarding findElements on session 18063075-812d-4a4c-a6cd-30fbf03bc7bd to remote] DEBUG org.apache.http.wire - http-outgoing-21 << "Content-Length: 430[\r][\n]"
12:26:23.013 [Forwarding findElements on session 18063075-812d-4a4c-a6cd-30fbf03bc7bd to remote] DEBUG org.apache.http.wire - http-outgoing-21 << "ETag: W/"1ae-BKeOC4yHIF3ThnTUqDX8JZxe5vk"[\r][\n]"
12:26:23.013 [Forwarding findElements on session 18063075-812d-4a4c-a6cd-30fbf03bc7bd to remote] DEBUG org.apache.http.wire - http-outgoing-21 << "Date: Fri, 23 Aug 2019 06:56:23 GMT[\r][\n]"
12:26:23.013 [Forwarding findElements on session 18063075-812d-4a4c-a6cd-30fbf03bc7bd to remote] DEBUG org.apache.http.wire - http-outgoing-21 << "Connection: keep-alive[\r][\n]"
12:26:23.013 [Forwarding findElements on session 18063075-812d-4a4c-a6cd-30fbf03bc7bd to remote] DEBUG org.apache.http.wire - http-outgoing-21 << "[\r][\n]"
12:26:23.013 [Forwarding findElements on session 18063075-812d-4a4c-a6cd-30fbf03bc7bd to remote] DEBUG org.apache.http.wire - http-outgoing-21 << "{"status":0,"value":[{"ELEMENT":"A5020000-0000-0000-CF19-000000000000"},{"ELEMENT":"A8020000-0000-0000-CF19-000000000000"},{"ELEMENT":"A9020000-0000-0000-CF19-000000000000"},{"ELEMENT":"AB020000-0000-0000-CF19-000000000000"},{"ELEMENT":"AC020000-0000-0000-CF19-000000000000"},{"ELEMENT":"AE020000-0000-0000-CF19-000000000000"},{"ELEMENT":"AF020000-0000-0000-CF19-000000000000"}],"sessionId":"18063075-812d-4a4c-a6cd-30fbf03bc7bd"}"
&amp#27;[35m[HTTP]&amp#27;[39m &amp#27;[37m<--12:26:23.013 [Forwarding findElements on session 18063075-812d-4a4c-a6cd-30fbf03bc7bd to remote] DEBUG org.apache.http.headers - http-outgoing-21 << HTTP/1.1 200 OK
 POST /wd/hub/sessio12:26:23.013 [Forwarding findElements on session 18063075-812d-4a4c-a6cd-30fbf03bc7bd to remote] DEBUG org.apache.http.headers - http-outgoing-21 << X-Powered-By: Express
12:26:23.013 [Forwarding findElements on session 18063075-812d-4a4c-a6cd-30fbf03bc7bd to remote] DEBUG org.apache.http.headers - http-outgoing-21 << Access-Control-Allow-Origin: *
n/18063075-812d-412:26:23.013 [Forwarding findElements on session 18063075-812d-4a4c-a6cd-30fbf03bc7bd to remote] DEBUG org.apache.http.headers - http-outgoing-21 << Access-Control-Allow-Methods: GET,POST,PUT,OPTIONS,DELETE
a12:26:23.014 [Forwarding findElements on session 18063075-812d-4a4c-a6cd-30fbf03bc7bd to remote] DEBUG org.apache.http.headers - http-outgoing-21 << Access-Control-Allow-Headers: origin, content-type, accept
12:26:23.014 [Forwarding findElements on session 18063075-812d-4a4c-a6cd-30fbf03bc7bd to remote] DEBUG org.apache.http.headers - http-outgoing-21 << Vary: X-HTTP-Method-Override
12:26:23.014 [Forwarding findElements on session 18063075-812d-4a4c-a6cd-30fbf03bc7bd to remote] DEBUG org.apache.http.headers - http-outgoing-21 << Content-Type: application/json; charset=utf-8
12:26:23.014 [Forwarding findElements on session 18063075-812d-4a4c-a6cd-30fbf03bc7bd to remote] DEBUG org.apache.http.headers - http-outgoing-21 << Content-Length: 430
12:26:23.014 [Forwarding findElements on session 18063075-812d-4a4c-a6cd-30fbf03bc7bd to remote] DEBUG org.apache.http.headers - http-outgoing-21 << ETag: W/"1ae-BKeOC4yHIF3ThnTUqDX8JZxe5vk"
12:26:23.014 [Forwarding findElements on session 18063075-812d-4a4c-a6cd-30fbf03bc7bd to remote] DEBUG org.apache.http.headers - http-outgoing-21 << Date: Fri, 23 Aug 2019 06:56:23 GMT
12:26:23.014 [Forwarding findElements on session 18063075-812d-4a4c-a6cd-30fbf03bc7bd to remote] DEBUG org.apache.http.headers - http-outgoing-21 << Connection: keep-alive
4c-a6cd-30f12:26:23.014 [Forwarding findElements on session 18063075-812d-4a4c-a6cd-30fbf03bc7bd to remote] DEBUG o.a.h.impl.execchain.MainClientExec - Connection can be kept alive indefinitely
bf03bc7bd/elements 12:26:23.014 [Forwarding findElements on session 18063075-812d-4a4c-a6cd-30fbf03bc7bd to remote] DEBUG o.a.h.i.c.PoolingHttpClientConnectionManager - Connection [id: 21][route: {}->http://localhost:4723] can be kept alive indefinitely
&amp#27;[312:26:23.014 [Forwarding findElements on session 18063075-812d-4a4c-a6cd-30fbf03bc7bd to remote] DEBUG o.a.h.i.c.PoolingHttpClientConnectionManager - Connection released: [id: 21][route: {}->http://localhost:4723][total kept alive: 1; route allocated: 1 of 2000; total allocated: 1 of 2000]
9m&amp#27;[32m200&amp#27;[39m &amp#27;[90m3131 ms - 430&amp#27;[39m
&amp#27;[35m[HTTP]&amp#27;[39m &amp#27;[90m&amp#27;[39m
Total size ==> 7
12:26:23.015 [Forwarding findElement on session 18063075-812d-4a4c-a6cd-30fbf03bc7bd to remote] DEBUG o.a.h.c.protocol.RequestAddCookies - CookieSpec selected: default
12:26:23.015 [Forwarding findElement on session 18063075-812d-4a4c-a6cd-30fbf03bc7bd to remote] DEBUG o.a.h.c.protocol.RequestAuthCache - Auth cache not set in the context
12:26:23.015 [Forwarding findElement on session 18063075-812d-4a4c-a6cd-30fbf03bc7bd to remote] DEBUG o.a.h.i.c.PoolingHttpClientConnectionManager - Connection request: [route: {}->http://localhost:4723][total kept alive: 1; route allocated: 1 of 2000; total allocated: 1 of 2000]
12:26:23.015 [Forwarding findElement on session 18063075-812d-4a4c-a6cd-30fbf03bc7bd to remote] DEBUG o.a.h.i.c.PoolingHttpClientConnectionManager - Connection leased: [id: 21][route: {}->http://localhost:4723][total kept alive: 0; route allocated: 1 of 2000; total allocated: 1 of 2000]
12:26:23.015 [Forwarding findElement on session 18063075-812d-4a4c-a6cd-30fbf03bc7bd to remote] DEBUG o.a.h.impl.execchain.MainClientExec - Stale connection check
12:26:23.017 [Forwarding findElement on session 18063075-812d-4a4c-a6cd-30fbf03bc7bd to remote] DEBUG org.apache.http.wire - http-outgoing-21 << "[read] I/O error: Read timed out"
12:26:23.017 [Forwarding findElement on session 18063075-812d-4a4c-a6cd-30fbf03bc7bd to remote] DEBUG o.a.h.i.c.DefaultManagedHttpClientConnection - http-outgoing-21: set socket timeout to 10800000
12:26:23.017 [Forwarding findElement on session 18063075-812d-4a4c-a6cd-30fbf03bc7bd to remote] DEBUG o.a.h.impl.execchain.MainClientExec - Executing request POST /wd/hub/session/18063075-812d-4a4c-a6cd-30fbf03bc7bd/element HTTP/1.1
12:26:23.017 [Forwarding findElement on session 18063075-812d-4a4c-a6cd-30fbf03bc7bd to remote] DEBUG o.a.h.impl.execchain.MainClientExec - Target auth state: UNCHALLENGED
12:26:23.017 [Forwarding findElement on session 18063075-812d-4a4c-a6cd-30fbf03bc7bd to remote] DEBUG o.a.h.impl.execchain.MainClientExec - Proxy auth state: UNCHALLENGED
12:26:23.017 [Forwarding findElement on session 18063075-812d-4a4c-a6cd-30fbf03bc7bd to remote] DEBUG org.apache.http.headers - http-outgoing-21 >> POST /wd/hub/session/18063075-812d-4a4c-a6cd-30fbf03bc7bd/element HTTP/1.1
12:26:23.017 [Forwarding findElement on session 18063075-812d-4a4c-a6cd-30fbf03bc7bd to remote] DEBUG org.apache.http.headers - http-outgoing-21 >> Content-Type: application/json; charset=utf-8
12:26:23.017 [Forwarding findElement on session 18063075-812d-4a4c-a6cd-30fbf03bc7bd to remote] DEBUG org.apache.http.headers - http-outgoing-21 >> Content-Length: 49
12:26:23.017 [Forwarding findElement on session 18063075-812d-4a4c-a6cd-30fbf03bc7bd to remote] DEBUG org.apache.http.headers - http-outgoing-21 >> Host: localhost:4723
12:26:23.017 [Forwarding findElement on session 18063075-812d-4a4c-a6cd-30fbf03bc7bd to remote] DEBUG org.apache.http.headers - http-outgoing-21 >> Connection: Keep-Alive
12:26:23.017 [Forwarding findElement on session 18063075-812d-4a4c-a6cd-30fbf03bc7bd to remote] DEBUG org.apache.http.headers - http-outgoing-21 >> User-Agent: Apache-HttpClient/4.5.2 (Java/1.8.0_171)
12:26:23.017 [Forwarding findElement on session 18063075-812d-4a4c-a6cd-30fbf03bc7bd to remote] DEBUG org.apache.http.headers - http-outgoing-21 >> Accept-Encoding: gzip,deflate
12:26:23.017 [Forwarding findElement on session 18063075-812d-4a4c-a6cd-30fbf03bc7bd to remote] DEBUG org.apache.http.wire - http-outgoing-21 >> "POST /wd/hub/session/18063075-812d-4a4c-a6cd-30fbf03bc7bd/element HTTP/1.1[\r][\n]"
12:26:23.017 [Forwarding findElement on session 18063075-812d-4a4c-a6cd-30fbf03bc7bd to remote] DEBUG org.apache.http.wire - http-outgoing-21 >> "Content-Type: application/json; charset=utf-8[\r][\n]"
12:26:23.017 [Forwarding findElement on session 18063075-812d-4a4c-a6cd-30fbf03bc7bd to remote] DEBUG org.apache.http.wire - http-outgoing-21 >> "Content-Length: 49[\r][\n]"
12:26:23.017 [Forwarding findElement on session 18063075-812d-4a4c-a6cd-30fbf03bc7bd to remote] DEBUG org.apache.http.wire - http-outgoing-21 >> "Host: localhost:4723[\r][\n]"
12:26:23.017 [Forwarding findElement on session 18063075-812d-4a4c-a6cd-30fbf03bc7bd to remote] DEBUG org.apache.http.wire - http-outgoing-21 >> "Connection: Keep-Alive[\r][\n]"
12:26:23.017 [Forwarding findElement on session 18063075-812d-4a4c-a6cd-30fbf03bc7bd to remote] DEBUG org.apache.http.wire - http-outgoing-21 >> "User-Agent: Apache-HttpClient/4.5.2 (Java/1.8.0_171)[\r][\n]"
12:26:23.017 [Forwarding findElement on session 18063075-812d-4a4c-a6cd-30fbf03bc7bd to remote] DEBUG org.apache.http.wire - http-outgoing-21 >> "Accept-Encoding: gzip,deflate[\r][\n]"
12:26:23.017 [Forwarding findElement on session 18063075-812d-4a4c-a6cd-30fbf03bc7bd to remote] DEBUG org.apache.http.wire - http-outgoing-21 >> "[\r][\n]"
12:26:23.017 [Forwarding findElement on session 18063075-812d-4a4c-a6cd-30fbf03bc7bd to remote] DEBUG org.apache.http.wire - http-outgoing-21 >> "{"using":"xpath","value":"//XCUIElementTypeCell"}"
&amp#27;[35m[HTTP]&amp#27;[39m &amp#27;[37m-->&amp#27;[39m &amp#27;[37mPOST&amp#27;[39m &amp#27;[37m/wd/hub/session/18063075-812d-4a4c-a6cd-30fbf03bc7bd/element&amp#27;[39m
&amp#27;[35m[HTTP]&amp#27;[39m &amp#27;[90m{"using":"xpath","value":"//XCUIElementTypeCell"}&amp#27;[39m
12:26:25.124 [Forwarding findElement on session 18063075-812d-4a4c-a6cd-30fbf03bc7bd to remote] DEBUG org.apache.http.wire - http-outgoing-21 << "HTTP/1.1 200 OK[\r][\n]"
12:26:25.124 [Forwarding findElement on session 18063075-812d-4a4c-a6cd-30fbf03bc7bd to remote] DEBUG org.apache.http.wire - http-outgoing-21 << "X-Powered-By: Express[\r][\n]"
12:26:25.124 [Forwarding findElement on session 18063075-812d-4a4c-a6cd-30fbf03bc7bd to remote] DEBUG org.apache.http.wire - http-outgoing-21 << "Access-Control-Allow-Origin: *[\r][\n]"
12:26:25.124 [Forwarding findElement on session 18063075-812d-4a4c-a6cd-30fbf03bc7bd to remote] DEBUG org.apache.http.wire - http-outgoing-21 << "Access-Control-Allow-Methods: GET,POST,PUT,OPTIONS,DELETE[\r][\n]"
12:26:25.124 [Forwarding findElement on session 18063075-812d-4a4c-a6cd-30fbf03bc7bd to remote] DEBUG org.apache.http.wire - http-outgoing-21 << "Access-Control-Allow-Headers: origin, content-type, accept[\r][\n]"
12:26:25.124 [Forwarding findElement on session 18063075-812d-4a4c-a6cd-30fbf03bc7bd to remote] DEBUG org.apache.http.wire - http-outgoing-21 << "Vary: X-HTTP-Method-Override[\r][\n]"
12:26:25.124 [Forwarding findElement on session 18063075-812d-4a4c-a6cd-30fbf03bc7bd to remote] DEBUG org.apache.http.wire - http-outgoing-21 << "Content-Type: application/json; charset=utf-8[\r][\n]"
12:26:25.124 [Forwarding findElement on session 18063075-812d-4a4c-a6cd-30fbf03bc7bd to remote] DEBUG org.apache.http.wire - http-outgoing-21 << "Content-Length: 122[\r][\n]"
12:26:25.124 [Forwarding findElement on session 18063075-812d-4a4c-a6cd-30fbf03bc7bd to remote] DEBUG org.apache.http.wire - http-outgoing-21 << "ETag: W/"7a-J8yJ7a58qkstagYkkhWIya5J374"[\r][\n]"
12:26:25.124 [Forwarding findElement on session 18063075-812d-4a4c-a6cd-30fbf03bc7bd to remote] DEBUG org.apache.http.wire - http-outgoing-21 << "Date: Fri, 23 Aug 2019 06:56:25 GMT[\r][\n]"
12:26:25.124 [Forwarding findElement on session 18063075-812d-4a4c-a6cd-30fbf03bc7bd to remote] DEBUG org.apache.http.wire - http-outgoing-21 << "Connection: keep-alive[\r][\n]"
12:26:25.124 [Forwarding findElement on session 18063075-812d-4a4c-a6cd-30fbf03bc7bd to remote] DEBUG org.apache.http.wire - http-outgoing-21 << "[\r][\n]"
12:26:25.124 [Forwarding findElement on session 18063075-812d-4a4c-a6cd-30fbf03bc7bd to remote] DEBUG org.apache.http.wire - http-outgoing-21 << "{"status":0,"value":{"ELEMENT":"98020000-0000-0000-CF19-000000000000"},"sessionId":"18063075-812d-4a4c-a6cd-30fbf03bc7bd"}"
&amp#27;[35m[HTTP]&amp#27;[12:26:25.124 [Forwarding findElement on session 18063075-812d-4a4c-a6cd-30fbf03bc7bd to remote] DEBUG org.apache.http.headers - http-outgoing-21 << HTTP/1.1 200 OK
39m &amp#27;[37m<-- POST /wd/hub/session/180630712:26:25.124 [Forwarding findElement on session 18063075-812d-4a4c-a6cd-30fbf03bc7bd to remote] DEBUG org.apache.http.headers - http-outgoing-21 << X-Powered-By: Express
12:26:25.124 [Forwarding findElement on session 18063075-812d-4a4c-a6cd-30fbf03bc7bd to remote] DEBUG org.apache.http.headers - http-outgoing-21 << Access-Control-Allow-Origin: *
12:26:25.124 [Forwarding findElement on session 18063075-812d-4a4c-a6cd-30fbf03bc7bd to remote] DEBUG org.apache.http.headers - http-outgoing-21 << Access-Control-Allow-Methods: GET,POST,PUT,OPTIONS,DELETE
5-812d-4a4c12:26:25.124 [Forwarding findElement on session 18063075-812d-4a4c-a6cd-30fbf03bc7bd to remote] DEBUG org.apache.http.headers - http-outgoing-21 << Access-Control-Allow-Headers: origin, content-type, accept
12:26:25.124 [Forwarding findElement on session 18063075-812d-4a4c-a6cd-30fbf03bc7bd to remote] DEBUG org.apache.http.headers - http-outgoing-21 << Vary: X-HTTP-Method-Override
-a12:26:25.124 [Forwarding findElement on session 18063075-812d-4a4c-a6cd-30fbf03bc7bd to remote] DEBUG org.apache.http.headers - http-outgoing-21 << Content-Type: application/json; charset=utf-8
12:26:25.124 [Forwarding findElement on session 18063075-812d-4a4c-a6cd-30fbf03bc7bd to remote] DEBUG org.apache.http.headers - http-outgoing-21 << Content-Length: 122
12:26:25.124 [Forwarding findElement on session 18063075-812d-4a4c-a6cd-30fbf03bc7bd to remote] DEBUG org.apache.http.headers - http-outgoing-21 << ETag: W/"7a-J8yJ7a58qkstagYkkhWIya5J374"
12:26:25.124 [Forwarding findElement on session 18063075-812d-4a4c-a6cd-30fbf03bc7bd to remote] DEBUG org.apache.http.headers - http-outgoing-21 << Date: Fri, 23 Aug 2019 06:56:25 GMT
12:26:25.124 [Forwarding findElement on session 18063075-812d-4a4c-a6cd-30fbf03bc7bd to remote] DEBUG org.apache.http.headers - http-outgoing-21 << Connection: keep-alive
6cd-3012:26:25.125 [Forwarding findElement on session 18063075-812d-4a4c-a6cd-30fbf03bc7bd to remote] DEBUG o.a.h.impl.execchain.MainClientExec - Connection can be kept alive indefinitely
fbf03bc7bd/element &amp#27;12:26:25.125 [Forwarding findElement on session 18063075-812d-4a4c-a6cd-30fbf03bc7bd to remote] DEBUG o.a.h.i.c.PoolingHttpClientConnectionManager - Connection [id: 21][route: {}->http://localhost:4723] can be kept alive indefinitely
[39m&amp#27;[32m200&amp#27;[39m12:26:25.125 [Forwarding findElement on session 18063075-812d-4a4c-a6cd-30fbf03bc7bd to remote] DEBUG o.a.h.i.c.PoolingHttpClientConnectionManager - Connection released: [id: 21][route: {}->http://localhost:4723][total kept alive: 1; route allocated: 1 of 2000; total allocated: 1 of 2000]
 &amp#27;[90m2106 ms - 122&amp#27;[39m
&amp#27;[35m[HTTP]&amp#27;[39m &amp#27;[90m&amp#27;[39m
12:26:25.125 [Forwarding isElementDisplayed on session 18063075-812d-4a4c-a6cd-30fbf03bc7bd to remote] DEBUG o.a.h.c.protocol.RequestAddCookies - CookieSpec selected: default
12:26:25.126 [Forwarding isElementDisplayed on session 18063075-812d-4a4c-a6cd-30fbf03bc7bd to remote] DEBUG o.a.h.c.protocol.RequestAuthCache - Auth cache not set in the context
12:26:25.126 [Forwarding isElementDisplayed on session 18063075-812d-4a4c-a6cd-30fbf03bc7bd to remote] DEBUG o.a.h.i.c.PoolingHttpClientConnectionManager - Connection request: [route: {}->http://localhost:4723][total kept alive: 1; route allocated: 1 of 2000; total allocated: 1 of 2000]
12:26:25.126 [Forwarding isElementDisplayed on session 18063075-812d-4a4c-a6cd-30fbf03bc7bd to remote] DEBUG o.a.h.i.c.PoolingHttpClientConnectionManager - Connection leased: [id: 21][route: {}->http://localhost:4723][total kept alive: 0; route allocated: 1 of 2000; total allocated: 1 of 2000]
12:26:25.126 [Forwarding isElementDisplayed on session 18063075-812d-4a4c-a6cd-30fbf03bc7bd to remote] DEBUG o.a.h.impl.execchain.MainClientExec - Stale connection check
12:26:25.127 [Forwarding isElementDisplayed on session 18063075-812d-4a4c-a6cd-30fbf03bc7bd to remote] DEBUG org.apache.http.wire - http-outgoing-21 << "[read] I/O error: Read timed out"
12:26:25.127 [Forwarding isElementDisplayed on session 18063075-812d-4a4c-a6cd-30fbf03bc7bd to remote] DEBUG o.a.h.i.c.DefaultManagedHttpClientConnection - http-outgoing-21: set socket timeout to 10800000
12:26:25.127 [Forwarding isElementDisplayed on session 18063075-812d-4a4c-a6cd-30fbf03bc7bd to remote] DEBUG o.a.h.impl.execchain.MainClientExec - Executing request GET /wd/hub/session/18063075-812d-4a4c-a6cd-30fbf03bc7bd/element/98020000-0000-0000-CF19-000000000000/displayed HTTP/1.1
12:26:25.127 [Forwarding isElementDisplayed on session 18063075-812d-4a4c-a6cd-30fbf03bc7bd to remote] DEBUG o.a.h.impl.execchain.MainClientExec - Target auth state: UNCHALLENGED
12:26:25.127 [Forwarding isElementDisplayed on session 18063075-812d-4a4c-a6cd-30fbf03bc7bd to remote] DEBUG o.a.h.impl.execchain.MainClientExec - Proxy auth state: UNCHALLENGED
12:26:25.127 [Forwarding isElementDisplayed on session 18063075-812d-4a4c-a6cd-30fbf03bc7bd to remote] DEBUG org.apache.http.headers - http-outgoing-21 >> GET /wd/hub/session/18063075-812d-4a4c-a6cd-30fbf03bc7bd/element/98020000-0000-0000-CF19-000000000000/displayed HTTP/1.1
12:26:25.127 [Forwarding isElementDisplayed on session 18063075-812d-4a4c-a6cd-30fbf03bc7bd to remote] DEBUG org.apache.http.headers - http-outgoing-21 >> Cache-Control: no-cache
12:26:25.127 [Forwarding isElementDisplayed on session 18063075-812d-4a4c-a6cd-30fbf03bc7bd to remote] DEBUG org.apache.http.headers - http-outgoing-21 >> Host: localhost:4723
12:26:25.127 [Forwarding isElementDisplayed on session 18063075-812d-4a4c-a6cd-30fbf03bc7bd to remote] DEBUG org.apache.http.headers - http-outgoing-21 >> Connection: Keep-Alive
12:26:25.127 [Forwarding isElementDisplayed on session 18063075-812d-4a4c-a6cd-30fbf03bc7bd to remote] DEBUG org.apache.http.headers - http-outgoing-21 >> User-Agent: Apache-HttpClient/4.5.2 (Java/1.8.0_171)
12:26:25.127 [Forwarding isElementDisplayed on session 18063075-812d-4a4c-a6cd-30fbf03bc7bd to remote] DEBUG org.apache.http.headers - http-outgoing-21 >> Accept-Encoding: gzip,deflate
12:26:25.127 [Forwarding isElementDisplayed on session 18063075-812d-4a4c-a6cd-30fbf03bc7bd to remote] DEBUG org.apache.http.wire - http-outgoing-21 >> "GET /wd/hub/session/18063075-812d-4a4c-a6cd-30fbf03bc7bd/element/98020000-0000-0000-CF19-000000000000/displayed HTTP/1.1[\r][\n]"
12:26:25.127 [Forwarding isElementDisplayed on session 18063075-812d-4a4c-a6cd-30fbf03bc7bd to remote] DEBUG org.apache.http.wire - http-outgoing-21 >> "Cache-Control: no-cache[\r][\n]"
12:26:25.127 [Forwarding isElementDisplayed on session 18063075-812d-4a4c-a6cd-30fbf03bc7bd to remote] DEBUG org.apache.http.wire - http-outgoing-21 >> "Host: localhost:4723[\r][\n]"
12:26:25.127 [Forwarding isElementDisplayed on session 18063075-812d-4a4c-a6cd-30fbf03bc7bd to remote] DEBUG org.apache.http.wire - http-outgoing-21 >> "Connection: Keep-Alive[\r][\n]"
12:26:25.127 [Forwarding isElementDisplayed on session 18063075-812d-4a4c-a6cd-30fbf03bc7bd to remote] DEBUG org.apache.http.wire - http-outgoing-21 >> "User-Agent: Apache-HttpClient/4.5.2 (Java/1.8.0_171)[\r][\n]"
12:26:25.127 [Forwarding isElementDisplayed on session 18063075-812d-4a4c-a6cd-30fbf03bc7bd to remote] DEBUG org.apache.http.wire - http-outgoing-21 >> "Accept-Encoding: gzip,deflate[\r][\n]"
12:26:25.128 [Forwarding isElementDisplayed on session 18063075-812d-4a4c-a6cd-30fbf03bc7bd to remote] DEBUG org.apache.http.wire - http-outgoing-21 >> "[\r][\n]"
&amp#27;[35m[HTTP]&amp#27;[39m &amp#27;[37m-->&amp#27;[39m &amp#27;[37mGET&amp#27;[39m &amp#27;[37m/wd/hub/session/18063075-812d-4a4c-a6cd-30fbf03bc7bd/element/98020000-0000-0000-CF19-000000000000/displayed&amp#27;[39m
&amp#27;[35m[HTTP]&amp#27;[39m &amp#27;[90m{}&amp#27;[39m
&amp#27;[35m[MJSONWP]&amp#27;[39m Driver proxy active, passing request on via HTTP proxy
&amp#27;[35m[JSONWP Proxy]&amp#27;[39m Replacing sessionId B74F9560-FF9412:26:25.380 [Forwarding isElementDisplayed on session 18063075-812d-4a4c-a6cd-30fbf03bc7bd to remote] DEBUG org.apache.http.wire - http-outgoing-21 << "HTTP/1.1 200 OK[\r][\n]"
-4D0412:26:25.380 [Forwarding isElementDisplayed on session 18063075-812d-4a4c-a6cd-30fbf03bc7bd to remote] DEBUG org.apache.http.wire - http-outgoing-21 << "X-Powered-By: Express[\r][\n]"
-9569-9BCC996503BA with 18063075-812:26:25.380 [Forwarding isElementDisplayed on session 18063075-812d-4a4c-a6cd-30fbf03bc7bd to remote] DEBUG org.apache.http.wire - http-outgoing-21 << "Access-Control-Allow-Origin: *[\r][\n]"
112:26:25.381 [Forwarding isElementDisplayed on session 18063075-812d-4a4c-a6cd-30fbf03bc7bd to remote] DEBUG org.apache.http.wire - http-outgoing-21 << "Access-Control-Allow-Methods: GET,POST,PUT,OPTIONS,DELETE[\r][\n]"
2d-4a4c-a6cd-30fbf03bc7bd
12:26:25.381 [Forwarding isElementDisplayed on session 18063075-812d-4a4c-a6cd-30fbf03bc7bd to remote] DEBUG org.apache.http.wire - http-outgoing-21 << "Access-Control-Allow-Headers: origin, content-type, accept[\r][\n]"
&amp#27;[35m[12:26:25.381 [Forwarding isElementDisplayed on session 18063075-812d-4a4c-a6cd-30fbf03bc7bd to remote] DEBUG org.apache.http.wire - http-outgoing-21 << "Content-Type: application/json; charset=utf-8[\r][\n]"
HTTP]&amp#27;[39m &amp#27;[37m<-- GET /wd/hub/session/18063075-812d-4a4c-a6cd-30fb12:26:25.381 [Forwarding isElementDisplayed on session 18063075-812d-4a4c-a6cd-30fbf03bc7bd to remote] DEBUG org.apache.http.wire - http-outgoing-21 << "Content-Length: 76[\r][\n]"
f03bc7bd/element/9802012:26:25.382 [Forwarding isElementDisplayed on session 18063075-812d-4a4c-a6cd-30fbf03bc7bd to remote] DEBUG org.apache.http.wire - http-outgoing-21 << "ETag: W/"4c-Y7k244UeXncxktz3h+rJR8RJids"[\r][\n]"
000-0000-0000-CF19-000000000000/displayed &amp#27;[39m&amp#27;[32m200&amp#27;[39m &amp#27;[90m251 ms - 76&amp#27;[39m
&amp#27;[35m[HTTP12:26:25.382 [Forwarding isElementDisplayed on session 18063075-812d-4a4c-a6cd-30fbf03bc7bd to remote] DEBUG org.apache.http.wire - http-outgoing-21 << "Date: Fri, 23 Aug 2019 06:56:25 GMT[\r][\n]"
]12:26:25.383 [Forwarding isElementDisplayed on session 18063075-812d-4a4c-a6cd-30fbf03bc7bd to remote] DEBUG org.apache.http.wire - http-outgoing-21 << "Connection: keep-alive[\r][\n]"
&amp#27;[39m &amp#27;[90m&amp#27;[39m
12:26:25.383 [Forwarding isElementDisplayed on session 18063075-812d-4a4c-a6cd-30fbf03bc7bd to remote] DEBUG org.apache.http.wire - http-outgoing-21 << "[\r][\n]"
12:26:25.383 [Forwarding isElementDisplayed on session 18063075-812d-4a4c-a6cd-30fbf03bc7bd to remote] DEBUG org.apache.http.wire - http-outgoing-21 << "{"value":true,"sessionId":"18063075-812d-4a4c-a6cd-30fbf03bc7bd","status":0}"
12:26:25.383 [Forwarding isElementDisplayed on session 18063075-812d-4a4c-a6cd-30fbf03bc7bd to remote] DEBUG org.apache.http.headers - http-outgoing-21 << HTTP/1.1 200 OK
12:26:25.383 [Forwarding isElementDisplayed on session 18063075-812d-4a4c-a6cd-30fbf03bc7bd to remote] DEBUG org.apache.http.headers - http-outgoing-21 << X-Powered-By: Express
12:26:25.383 [Forwarding isElementDisplayed on session 18063075-812d-4a4c-a6cd-30fbf03bc7bd to remote] DEBUG org.apache.http.headers - http-outgoing-21 << Access-Control-Allow-Origin: *
12:26:25.383 [Forwarding isElementDisplayed on session 18063075-812d-4a4c-a6cd-30fbf03bc7bd to remote] DEBUG org.apache.http.headers - http-outgoing-21 << Access-Control-Allow-Methods: GET,POST,PUT,OPTIONS,DELETE
12:26:25.383 [Forwarding isElementDisplayed on session 18063075-812d-4a4c-a6cd-30fbf03bc7bd to remote] DEBUG org.apache.http.headers - http-outgoing-21 << Access-Control-Allow-Headers: origin, content-type, accept
12:26:25.383 [Forwarding isElementDisplayed on session 18063075-812d-4a4c-a6cd-30fbf03bc7bd to remote] DEBUG org.apache.http.headers - http-outgoing-21 << Content-Type: application/json; charset=utf-8
12:26:25.383 [Forwarding isElementDisplayed on session 18063075-812d-4a4c-a6cd-30fbf03bc7bd to remote] DEBUG org.apache.http.headers - http-outgoing-21 << Content-Length: 76
12:26:25.383 [Forwarding isElementDisplayed on session 18063075-812d-4a4c-a6cd-30fbf03bc7bd to remote] DEBUG org.apache.http.headers - http-outgoing-21 << ETag: W/"4c-Y7k244UeXncxktz3h+rJR8RJids"
12:26:25.383 [Forwarding isElementDisplayed on session 18063075-812d-4a4c-a6cd-30fbf03bc7bd to remote] DEBUG org.apache.http.headers - http-outgoing-21 << Date: Fri, 23 Aug 2019 06:56:25 GMT
12:26:25.383 [Forwarding isElementDisplayed on session 18063075-812d-4a4c-a6cd-30fbf03bc7bd to remote] DEBUG org.apache.http.headers - http-outgoing-21 << Connection: keep-alive
12:26:25.383 [Forwarding isElementDisplayed on session 18063075-812d-4a4c-a6cd-30fbf03bc7bd to remote] DEBUG o.a.h.impl.execchain.MainClientExec - Connection can be kept alive indefinitely
12:26:25.383 [Forwarding isElementDisplayed on session 18063075-812d-4a4c-a6cd-30fbf03bc7bd to remote] DEBUG o.a.h.i.c.PoolingHttpClientConnectionManager - Connection [id: 21][route: {}->http://localhost:4723] can be kept alive indefinitely
12:26:25.383 [Forwarding isElementDisplayed on session 18063075-812d-4a4c-a6cd-30fbf03bc7bd to remote] DEBUG o.a.h.i.c.PoolingHttpClientConnectionManager - Connection released: [id: 21][route: {}->http://localhost:4723][total kept alive: 1; route allocated: 1 of 2000; total allocated: 1 of 2000]
12:26:25.384 [Forwarding findElement on session 18063075-812d-4a4c-a6cd-30fbf03bc7bd to remote] DEBUG o.a.h.c.protocol.RequestAddCookies - CookieSpec selected: default
12:26:25.384 [Forwarding findElement on session 18063075-812d-4a4c-a6cd-30fbf03bc7bd to remote] DEBUG o.a.h.c.protocol.RequestAuthCache - Auth cache not set in the context
12:26:25.384 [Forwarding findElement on session 18063075-812d-4a4c-a6cd-30fbf03bc7bd to remote] DEBUG o.a.h.i.c.PoolingHttpClientConnectionManager - Connection request: [route: {}->http://localhost:4723][total kept alive: 1; route allocated: 1 of 2000; total allocated: 1 of 2000]
12:26:25.384 [Forwarding findElement on session 18063075-812d-4a4c-a6cd-30fbf03bc7bd to remote] DEBUG o.a.h.i.c.PoolingHttpClientConnectionManager - Connection leased: [id: 21][route: {}->http://localhost:4723][total kept alive: 0; route allocated: 1 of 2000; total allocated: 1 of 2000]
12:26:25.384 [Forwarding findElement on session 18063075-812d-4a4c-a6cd-30fbf03bc7bd to remote] DEBUG o.a.h.impl.execchain.MainClientExec - Stale connection check
12:26:25.386 [Forwarding findElement on session 18063075-812d-4a4c-a6cd-30fbf03bc7bd to remote] DEBUG org.apache.http.wire - http-outgoing-21 << "[read] I/O error: Read timed out"
12:26:25.386 [Forwarding findElement on session 18063075-812d-4a4c-a6cd-30fbf03bc7bd to remote] DEBUG o.a.h.i.c.DefaultManagedHttpClientConnection - http-outgoing-21: set socket timeout to 10800000
12:26:25.386 [Forwarding findElement on session 18063075-812d-4a4c-a6cd-30fbf03bc7bd to remote] DEBUG o.a.h.impl.execchain.MainClientExec - Executing request POST /wd/hub/session/18063075-812d-4a4c-a6cd-30fbf03bc7bd/element HTTP/1.1
12:26:25.386 [Forwarding findElement on session 18063075-812d-4a4c-a6cd-30fbf03bc7bd to remote] DEBUG o.a.h.impl.execchain.MainClientExec - Target auth state: UNCHALLENGED
12:26:25.386 [Forwarding findElement on session 18063075-812d-4a4c-a6cd-30fbf03bc7bd to remote] DEBUG o.a.h.impl.execchain.MainClientExec - Proxy auth state: UNCHALLENGED
12:26:25.386 [Forwarding findElement on session 18063075-812d-4a4c-a6cd-30fbf03bc7bd to remote] DEBUG org.apache.http.headers - http-outgoing-21 >> POST /wd/hub/session/18063075-812d-4a4c-a6cd-30fbf03bc7bd/element HTTP/1.1
12:26:25.386 [Forwarding findElement on session 18063075-812d-4a4c-a6cd-30fbf03bc7bd to remote] DEBUG org.apache.http.headers - http-outgoing-21 >> Content-Type: application/json; charset=utf-8
12:26:25.386 [Forwarding findElement on session 18063075-812d-4a4c-a6cd-30fbf03bc7bd to remote] DEBUG org.apache.http.headers - http-outgoing-21 >> Content-Length: 49
12:26:25.386 [Forwarding findElement on session 18063075-812d-4a4c-a6cd-30fbf03bc7bd to remote] DEBUG org.apache.http.headers - http-outgoing-21 >> Host: localhost:4723
12:26:25.386 [Forwarding findElement on session 18063075-812d-4a4c-a6cd-30fbf03bc7bd to remote] DEBUG org.apache.http.headers - http-outgoing-21 >> Connection: Keep-Alive
12:26:25.386 [Forwarding findElement on session 18063075-812d-4a4c-a6cd-30fbf03bc7bd to remote] DEBUG org.apache.http.headers - http-outgoing-21 >> User-Agent: Apache-HttpClient/4.5.2 (Java/1.8.0_171)
12:26:25.386 [Forwarding findElement on session 18063075-812d-4a4c-a6cd-30fbf03bc7bd to remote] DEBUG org.apache.http.headers - http-outgoing-21 >> Accept-Encoding: gzip,deflate
12:26:25.386 [Forwarding findElement on session 18063075-812d-4a4c-a6cd-30fbf03bc7bd to remote] DEBUG org.apache.http.wire - http-outgoing-21 >> "POST /wd/hub/session/18063075-812d-4a4c-a6cd-30fbf03bc7bd/element HTTP/1.1[\r][\n]"
12:26:25.386 [Forwarding findElement on session 18063075-812d-4a4c-a6cd-30fbf03bc7bd to remote] DEBUG org.apache.http.wire - http-outgoing-21 >> "Content-Type: application/json; charset=utf-8[\r][\n]"
12:26:25.386 [Forwarding findElement on session 18063075-812d-4a4c-a6cd-30fbf03bc7bd to remote] DEBUG org.apache.http.wire - http-outgoing-21 >> "Content-Length: 49[\r][\n]"
12:26:25.386 [Forwarding findElement on session 18063075-812d-4a4c-a6cd-30fbf03bc7bd to remote] DEBUG org.apache.http.wire - http-outgoing-21 >> "Host: localhost:4723[\r][\n]"
12:26:25.386 [Forwarding findElement on session 18063075-812d-4a4c-a6cd-30fbf03bc7bd to remote] DEBUG org.apache.http.wire - http-outgoing-21 >> "Connection: Keep-Alive[\r][\n]"
12:26:25.386 [Forwarding findElement on session 18063075-812d-4a4c-a6cd-30fbf03bc7bd to remote] DEBUG org.apache.http.wire - http-outgoing-21 >> "User-Agent: Apache-HttpClient/4.5.2 (Java/1.8.0_171)[\r][\n]"
12:26:25.386 [Forwarding findElement on session 18063075-812d-4a4c-a6cd-30fbf03bc7bd to remote] DEBUG org.apache.http.wire - http-outgoing-21 >> "Accept-Encoding: gzip,deflate[\r][\n]"
12:26:25.386 [Forwarding findElement on session 18063075-812d-4a4c-a6cd-30fbf03bc7bd to remote] DEBUG org.apache.http.wire - http-outgoing-21 >> "[\r][\n]"
12:26:25.386 [Forwarding findElement on session 18063075-812d-4a4c-a6cd-30fbf03bc7bd to remote] DEBUG org.apache.http.wire - http-outgoing-21 >> "{"using":"xpath","value":"//XCUIElementTypeCell"}"
&amp#27;[35m[HTTP]&amp#27;[39m &amp#27;[37m-->&amp#27;[39m &amp#27;[37mPOST&amp#27;[39m &amp#27;[37m/wd/hub/session/18063075-812d-4a4c-a6cd-30fbf03bc7bd/element&amp#27;[39m
&amp#27;[35m[HTTP]&amp#27;[39m &amp#27;[90m{"using":"xpath","value":"//XCUIElementTypeCell"}&amp#27;[39m
12:26:27.493 [Forwarding findElement on session 18063075-812d-4a4c-a6cd-30fbf03bc7bd to remote] DEBUG org.apache.http.wire - http-outgoing-21 << "HTTP/1.1 200 OK[\r][\n]"
12:26:27.493 [Forwarding findElement on session 18063075-812d-4a4c-a6cd-30fbf03bc7bd to remote] DEBUG org.apache.http.wire - http-outgoing-21 << "X-Powered-By: Express[\r][\n]"
12:26:27.493 [Forwarding findElement on session 18063075-812d-4a4c-a6cd-30fbf03bc7bd to remote] DEBUG org.apache.http.wire - http-outgoing-21 << "Access-Control-Allow-Origin: *[\r][\n]"
12:26:27.493 [Forwarding findElement on session 18063075-812d-4a4c-a6cd-30fbf03bc7bd to remote] DEBUG org.apache.http.wire - http-outgoing-21 << "Access-Control-Allow-Methods: GET,POST,PUT,OPTIONS,DELETE[\r][\n]"
12:26:27.493 [Forwarding findElement on session 18063075-812d-4a4c-a6cd-30fbf03bc7bd to remote] DEBUG org.apache.http.wire - http-outgoing-21 << "Access-Control-Allow-Headers: origin, content-type, accept[\r][\n]"
12:26:27.493 [Forwarding findElement on session 18063075-812d-4a4c-a6cd-30fbf03bc7bd to remote] DEBUG org.apache.http.wire - http-outgoing-21 << "Vary: X-HTTP-Method-Override[\r][\n]"
12:26:27.493 [Forwarding findElement on session 18063075-812d-4a4c-a6cd-30fbf03bc7bd to remote] DEBUG org.apache.http.wire - http-outgoing-21 << "Content-Type: application/json; charset=utf-8[\r][\n]"
12:26:27.493 [Forwarding findElement on session 18063075-812d-4a4c-a6cd-30fbf03bc7bd to remote] DEBUG org.apache.http.wire - http-outgoing-21 << "Content-Length: 122[\r][\n]"
12:26:27.493 [Forwarding findElement on session 18063075-812d-4a4c-a6cd-30fbf03bc7bd to remote] DEBUG org.apache.http.wire - http-outgoing-21 << "ETag: W/"7a-J8yJ7a58qkstagYkkhWIya5J374"[\r][\n]"
12:26:27.493 [Forwarding findElement on session 18063075-812d-4a4c-a6cd-30fbf03bc7bd to remote] DEBUG org.apache.http.wire - http-outgoing-21 << "Date: Fri, 23 Aug 2019 06:56:27 GMT[\r][\n]"
12:26:27.493 [Forwarding findElement on session 18063075-812d-4a4c-a6cd-30fbf03bc7bd to remote] DEBUG org.apache.http.wire - http-outgoing-21 << "Connection: keep-alive[\r][\n]"
12:26:27.493 [Forwarding findElement on session 18063075-812d-4a4c-a6cd-30fbf03bc7bd to remote] DEBUG org.apache.http.wire - http-outgoing-21 << "[\r][\n]"
12:26:27.493 [Forwarding findElement on session 18063075-812d-4a4c-a6cd-30fbf03bc7bd to remote] DEBUG org.apache.http.wire - http-outgoing-21 << "{"status":0,"value":{"ELEMENT":"98020000-0000-0000-CF19-000000000000"},"sessionId":"18063075-812d-4a4c-a6cd-30fbf03bc7bd"}"
12:26:27.493 [Forwarding findElement on session 18063075-812d-4a4c-a6cd-30fbf03bc7bd to remote] DEBUG org.apache.http.headers - http-outgoing-21 << HTTP/1.1 200 OK
12:26:27.493 [Forwarding findElement on session 18063075-812d-4a4c-a6cd-30fbf03bc7bd to remote] DEBUG org.apache.http.headers - http-outgoing-21 << X-Powered-By: Express
12:26:27.493 [Forwarding findElement on session 18063075-812d-4a4c-a6cd-30fbf03bc7bd to remote] DEBUG org.apache.http.headers - http-outgoing-21 << Access-Control-Allow-Origin: *
12:26:27.493 [Forwarding findElement on session 18063075-812d-4a4c-a6cd-30fbf03bc7bd to remote] DEBUG org.apache.http.headers - http-outgoing-21 << Access-Control-Allow-Methods: GET,POST,PUT,OPTIONS,DELETE
12:26:27.493 [Forwarding findElement on session 18063075-812d-4a4c-a6cd-30fbf03bc7bd to remote] DEBUG org.apache.http.headers - http-outgoing-21 << Access-Control-Allow-Headers: origin, content-type, accept
12:26:27.493 [Forwarding findElement on session 18063075-812d-4a4c-a6cd-30fbf03bc7bd to remote] DEBUG org.apache.http.headers - http-outgoing-21 << Vary: X-HTTP-Method-Override
12:26:27.493 [Forwarding findElement on session 18063075-812d-4a4c-a6cd-30fbf03bc7bd to remote] DEBUG org.apache.http.headers - http-outgoing-21 << Content-Type: application/json; charset=utf-8
12:26:27.493 [Forwarding findElement on session 18063075-812d-4a4c-a6cd-30fbf03bc7bd to remote] DEBUG org.apache.http.headers - http-outgoing-21 << Content-Length: 122
12:26:27.494 [Forwarding findElement on session 18063075-812d-4a4c-a6cd-30fbf03bc7bd to remote] DEBUG org.apache.http.headers - http-outgoing-21 << ETag: W/"7a-J8yJ7a58qkstagYkkhWIya5J374"
12:26:27.494 [Forwarding findElement on session 18063075-812d-4a4c-a6cd-30fbf03bc7bd to remote] DEBUG org.apache.http.headers - http-outgoing-21 << Date: Fri, 23 Aug 2019 06:56:27 GMT
12:26:27.494 [Forwarding findElement on session 18063075-812d-4a4c-a6cd-30fbf03bc7bd to remote] DEBUG org.apache.http.headers - http-outgoing-21 << Connection: keep-alive
12:26:27.494 [Forwarding findElement on session 18063075-812d-4a4c-a6cd-30fbf03bc7bd to remote] DEBUG o.a.h.impl.execchain.MainClientExec - Connection can be kept alive indefinitely
12:26:27.494 [Forwarding findElement on session 18063075-812d-4a4c-a6cd-30fbf03bc7bd to remote] DEBUG o.a.h.i.c.PoolingHttpClientConnectionManager - Connection [id: 21][route: {}->http://localhost:4723] can be kept alive indefinitely
12:26:27.494 [Forwarding findElement on session 18063075-812d-4a4c-a6cd-30fbf03bc7bd to remote] DEBUG o.a.h.i.c.PoolingHttpClientConnectionManager - Connection released: [id: 21][route: {}->http://localhost:4723][total kept alive: 1; route allocated: 1 of 2000; total allocated: 1 of 2000]
12:26:27.494 [Forwarding clickElement on session 18063075-812d-4a4c-a6cd-30fbf03bc7bd to remote] DEBUG o.a.h.c.protocol.RequestAddCookies - CookieSpec selected: default
12:26:27.494 [Forwarding clickElement on session 18063075-812d-4a4c-a6cd-30fbf03bc7bd to remote] DEBUG o.a.h.c.protocol.RequestAuthCache - Auth cache not set in the context
12:26:27.494 [Forwarding clickElement on session 18063075-812d-4a4c-a6cd-30fbf03bc7bd to remote] DEBUG o.a.h.i.c.PoolingHttpClientConnectionManager - Connection request: [route: {}->http://localhost:4723][total kept alive: 1; route allocated: 1 of 2000; total allocated: 1 of 2000]
12:26:27.495 [Forwarding clickElement on session 18063075-812d-4a4c-a6cd-30fbf03bc7bd to remote] DEBUG o.a.h.i.c.PoolingHttpClientConnectionManager - Connection leased: [id: 21][route: {}->http://localhost:4723][total kept alive: 0; route allocated: 1 of 2000; total allocated: 1 of 2000]
12:26:27.495 [Forwarding clickElement on session 18063075-812d-4a4c-a6cd-30fbf03bc7bd to remote] DEBUG o.a.h.impl.execchain.MainClientExec - Stale connection check
&amp#27;[35m[HTTP]&amp#27;[39m &amp#27;[37m<-- POST /wd/hub/session/18063075-812d-4a4c-a6cd-30fbf03bc7bd/element &amp#27;[39m&amp#27;[32m200&amp#27;[39m &amp#27;[90m2106 ms - 122&amp#27;[39m
&amp#27;[35m[HTTP]&amp#27;[39m &amp#27;[90m&amp#27;[39m
12:26:27.496 [Forwarding clickElement on session 18063075-812d-4a4c-a6cd-30fbf03bc7bd to remote] DEBUG org.apache.http.wire - http-outgoing-21 << "[read] I/O error: Read timed out"
12:26:27.496 [Forwarding clickElement on session 18063075-812d-4a4c-a6cd-30fbf03bc7bd to remote] DEBUG o.a.h.i.c.DefaultManagedHttpClientConnection - http-outgoing-21: set socket timeout to 10800000
12:26:27.496 [Forwarding clickElement on session 18063075-812d-4a4c-a6cd-30fbf03bc7bd to remote] DEBUG o.a.h.impl.execchain.MainClientExec - Executing request POST /wd/hub/session/18063075-812d-4a4c-a6cd-30fbf03bc7bd/element/98020000-0000-0000-CF19-000000000000/click HTTP/1.1
12:26:27.496 [Forwarding clickElement on session 18063075-812d-4a4c-a6cd-30fbf03bc7bd to remote] DEBUG o.a.h.impl.execchain.MainClientExec - Target auth state: UNCHALLENGED
12:26:27.496 [Forwarding clickElement on session 18063075-812d-4a4c-a6cd-30fbf03bc7bd to remote] DEBUG o.a.h.impl.execchain.MainClientExec - Proxy auth state: UNCHALLENGED
12:26:27.496 [Forwarding clickElement on session 18063075-812d-4a4c-a6cd-30fbf03bc7bd to remote] DEBUG org.apache.http.headers - http-outgoing-21 >> POST /wd/hub/session/18063075-812d-4a4c-a6cd-30fbf03bc7bd/element/98020000-0000-0000-CF19-000000000000/click HTTP/1.1
12:26:27.496 [Forwarding clickElement on session 18063075-812d-4a4c-a6cd-30fbf03bc7bd to remote] DEBUG org.apache.http.headers - http-outgoing-21 >> Content-Type: application/json; charset=utf-8
12:26:27.496 [Forwarding clickElement on session 18063075-812d-4a4c-a6cd-30fbf03bc7bd to remote] DEBUG org.apache.http.headers - http-outgoing-21 >> Content-Length: 45
12:26:27.496 [Forwarding clickElement on session 18063075-812d-4a4c-a6cd-30fbf03bc7bd to remote] DEBUG org.apache.http.headers - http-outgoing-21 >> Host: localhost:4723
12:26:27.496 [Forwarding clickElement on session 18063075-812d-4a4c-a6cd-30fbf03bc7bd to remote] DEBUG org.apache.http.headers - http-outgoing-21 >> Connection: Keep-Alive
12:26:27.496 [Forwarding clickElement on session 18063075-812d-4a4c-a6cd-30fbf03bc7bd to remote] DEBUG org.apache.http.headers - http-outgoing-21 >> User-Agent: Apache-HttpClient/4.5.2 (Java/1.8.0_171)
12:26:27.496 [Forwarding clickElement on session 18063075-812d-4a4c-a6cd-30fbf03bc7bd to remote] DEBUG org.apache.http.headers - http-outgoing-21 >> Accept-Encoding: gzip,deflate
12:26:27.496 [Forwarding clickElement on session 18063075-812d-4a4c-a6cd-30fbf03bc7bd to remote] DEBUG org.apache.http.wire - http-outgoing-21 >> "POST /wd/hub/session/18063075-812d-4a4c-a6cd-30fbf03bc7bd/element/98020000-0000-0000-CF19-000000000000/click HTTP/1.1[\r][\n]"
12:26:27.496 [Forwarding clickElement on session 18063075-812d-4a4c-a6cd-30fbf03bc7bd to remote] DEBUG org.apache.http.wire - http-outgoing-21 >> "Content-Type: application/json; charset=utf-8[\r][\n]"
12:26:27.496 [Forwarding clickElement on session 18063075-812d-4a4c-a6cd-30fbf03bc7bd to remote] DEBUG org.apache.http.wire - http-outgoing-21 >> "Content-Length: 45[\r][\n]"
12:26:27.496 [Forwarding clickElement on session 18063075-812d-4a4c-a6cd-30fbf03bc7bd to remote] DEBUG org.apache.http.wire - http-outgoing-21 >> "Host: localhost:4723[\r][\n]"
12:26:27.496 [Forwarding clickElement on session 18063075-812d-4a4c-a6cd-30fbf03bc7bd to remote] DEBUG org.apache.http.wire - http-outgoing-21 >> "Connection: Keep-Alive[\r][\n]"
12:26:27.496 [Forwarding clickElement on session 18063075-812d-4a4c-a6cd-30fbf03bc7bd to remote] DEBUG org.apache.http.wire - http-outgoing-21 >> "User-Agent: Apache-HttpClient/4.5.2 (Java/1.8.0_171)[\r][\n]"
12:26:27.496 [Forwarding clickElement on session 18063075-812d-4a4c-a6cd-30fbf03bc7bd to remote] DEBUG org.apache.http.wire - http-outgoing-21 >> "Accept-Encoding: gzip,deflate[\r][\n]"
12:26:27.496 [Forwarding clickElement on session 18063075-812d-4a4c-a6cd-30fbf03bc7bd to remote] DEBUG org.apache.http.wire - http-outgoing-21 >> "[\r][\n]"
12:26:27.496 [Forwarding clickElement on session 18063075-812d-4a4c-a6cd-30fbf03bc7bd to remote] DEBUG org.apache.http.wire - http-outgoing-21 >> "{"id":"98020000-0000-0000-CF19-000000000000"}"
&amp#27;[35m[HTTP]&amp#27;[39m &amp#27;[37m-->&amp#27;[39m &amp#27;[37mPOST&amp#27;[39m &amp#27;[37m/wd/hub/session/18063075-812d-4a4c-a6cd-30fbf03bc7bd/element/98020000-0000-0000-CF19-000000000000/click&amp#27;[39m
&amp#27;[35m[HTTP]&amp#27;[39m &amp#27;[90m{"id":"98020000-0000-0000-CF19-000000000000"}&amp#27;[39m
&amp#27;[35m[MJSONWP]&amp#27;[39m Driver proxy active, passing request on via HTTP proxy
&amp#27;[35m[JSONWP Proxy]&amp#27;[39m Replacing sessionId B74F95612:26:28.124 [Forwarding clickElement on session 18063075-812d-4a4c-a6cd-30fbf03bc7bd to remote] DEBUG org.apache.http.wire - http-outgoing-21 << "HTTP/1.1 200 OK[\r][\n]"
012:26:28.124 [Forwarding clickElement on session 18063075-812d-4a4c-a6cd-30fbf03bc7bd to remote] DEBUG org.apache.http.wire - http-outgoing-21 << "X-Powered-By: Express[\r][\n]"
-FF94-4D04-9569-9BCC996503B12:26:28.124 [Forwarding clickElement on session 18063075-812d-4a4c-a6cd-30fbf03bc7bd to remote] DEBUG org.apache.http.wire - http-outgoing-21 << "Access-Control-Allow-Origin: *[\r][\n]"
A with 18063075-812d-4a4c-a6cd-30fbf03bc7bd
&amp#27;[312:26:28.124 [Forwarding clickElement on session 18063075-812d-4a4c-a6cd-30fbf03bc7bd to remote] DEBUG org.apache.http.wire - http-outgoing-21 << "Access-Control-Allow-Methods: GET,POST,PUT,OPTIONS,DELETE[\r][\n]"
5m[HTTP]&amp#27;[39m &amp#27;[37m12:26:28.124 [Forwarding clickElement on session 18063075-812d-4a4c-a6cd-30fbf03bc7bd to remote] DEBUG org.apache.http.wire - http-outgoing-21 << "Access-Control-Allow-Headers: origin, content-type, accept[\r][\n]"
<12:26:28.125 [Forwarding clickElement on session 18063075-812d-4a4c-a6cd-30fbf03bc7bd to remote] DEBUG org.apache.http.wire - http-outgoing-21 << "Vary: X-HTTP-Method-Override[\r][\n]"
-- POST /wd/hub/s12:26:28.125 [Forwarding clickElement on session 18063075-812d-4a4c-a6cd-30fbf03bc7bd to remote] DEBUG org.apache.http.wire - http-outgoing-21 << "Content-Type: application/json; charset=utf-8[\r][\n]"
essi12:26:28.125 [Forwarding clickElement on session 18063075-812d-4a4c-a6cd-30fbf03bc7bd to remote] DEBUG org.apache.http.wire - http-outgoing-21 << "Content-Length: 118[\r][\n]"
12:26:28.125 [Forwarding clickElement on session 18063075-812d-4a4c-a6cd-30fbf03bc7bd to remote] DEBUG org.apache.http.wire - http-outgoing-21 << "ETag: W/"76-VlLsU5Rc3jXy9JBhii6FrxbTz9U"[\r][\n]"
on/18063075-812d-4a4c12:26:28.125 [Forwarding clickElement on session 18063075-812d-4a4c-a6cd-30fbf03bc7bd to remote] DEBUG org.apache.http.wire - http-outgoing-21 << "Date: Fri, 23 Aug 2019 06:56:28 GMT[\r][\n]"
-a6cd-30fbf03b12:26:28.125 [Forwarding clickElement on session 18063075-812d-4a4c-a6cd-30fbf03bc7bd to remote] DEBUG org.apache.http.wire - http-outgoing-21 << "Connection: keep-alive[\r][\n]"
c712:26:28.125 [Forwarding clickElement on session 18063075-812d-4a4c-a6cd-30fbf03bc7bd to remote] DEBUG org.apache.http.wire - http-outgoing-21 << "[\r][\n]"
bd/element/12:26:28.125 [Forwarding clickElement on session 18063075-812d-4a4c-a6cd-30fbf03bc7bd to remote] DEBUG org.apache.http.wire - http-outgoing-21 << "{"status":0,"id":"98020000-0000-0000-CF19-000000000000","value":"","sessionId":"18063075-812d-4a4c-a6cd-30fbf03bc7bd"}"
980212:26:28.125 [Forwarding clickElement on session 18063075-812d-4a4c-a6cd-30fbf03bc7bd to remote] DEBUG org.apache.http.headers - http-outgoing-21 << HTTP/1.1 200 OK
12:26:28.125 [Forwarding clickElement on session 18063075-812d-4a4c-a6cd-30fbf03bc7bd to remote] DEBUG org.apache.http.headers - http-outgoing-21 << X-Powered-By: Express
12:26:28.125 [Forwarding clickElement on session 18063075-812d-4a4c-a6cd-30fbf03bc7bd to remote] DEBUG org.apache.http.headers - http-outgoing-21 << Access-Control-Allow-Origin: *
12:26:28.125 [Forwarding clickElement on session 18063075-812d-4a4c-a6cd-30fbf03bc7bd to remote] DEBUG org.apache.http.headers - http-outgoing-21 << Access-Control-Allow-Methods: GET,POST,PUT,OPTIONS,DELETE
12:26:28.125 [Forwarding clickElement on session 18063075-812d-4a4c-a6cd-30fbf03bc7bd to remote] DEBUG org.apache.http.headers - http-outgoing-21 << Access-Control-Allow-Headers: origin, content-type, accept
12:26:28.125 [Forwarding clickElement on session 18063075-812d-4a4c-a6cd-30fbf03bc7bd to remote] DEBUG org.apache.http.headers - http-outgoing-21 << Vary: X-HTTP-Method-Override
12:26:28.125 [Forwarding clickElement on session 18063075-812d-4a4c-a6cd-30fbf03bc7bd to remote] DEBUG org.apache.http.headers - http-outgoing-21 << Content-Type: application/json; charset=utf-8
12:26:28.125 [Forwarding clickElement on session 18063075-812d-4a4c-a6cd-30fbf03bc7bd to remote] DEBUG org.apache.http.headers - http-outgoing-21 << Content-Length: 118
12:26:28.125 [Forwarding clickElement on session 18063075-812d-4a4c-a6cd-30fbf03bc7bd to remote] DEBUG org.apache.http.headers - http-outgoing-21 << ETag: W/"76-VlLsU5Rc3jXy9JBhii6FrxbTz9U"
12:26:28.125 [Forwarding clickElement on session 18063075-812d-4a4c-a6cd-30fbf03bc7bd to remote] DEBUG org.apache.http.headers - http-outgoing-21 << Date: Fri, 23 Aug 2019 06:56:28 GMT
12:26:28.125 [Forwarding clickElement on session 18063075-812d-4a4c-a6cd-30fbf03bc7bd to remote] DEBUG org.apache.http.headers - http-outgoing-21 << Connection: keep-alive
0000-0000-12:26:28.125 [Forwarding clickElement on session 18063075-812d-4a4c-a6cd-30fbf03bc7bd to remote] DEBUG o.a.h.impl.execchain.MainClientExec - Connection can be kept alive indefinitely
0000-CF19-0012:26:28.125 [Forwarding clickElement on session 18063075-812d-4a4c-a6cd-30fbf03bc7bd to remote] DEBUG o.a.h.i.c.PoolingHttpClientConnectionManager - Connection [id: 21][route: {}->http://localhost:4723] can be kept alive indefinitely
0000012:26:28.125 [Forwarding clickElement on session 18063075-812d-4a4c-a6cd-30fbf03bc7bd to remote] DEBUG o.a.h.i.c.PoolingHttpClientConnectionManager - Connection released: [id: 21][route: {}->http://localhost:4723][total kept alive: 1; route allocated: 1 of 2000; total allocated: 1 of 2000]
00000/click &amp#27;[39m&amp#27;[32m200&amp#27;[39m &amp#27;[90m627 ms - 118&amp#27;[39m
&amp#27;[35m[HTTP]&amp#27;[39m &amp#27;[90m&amp#27;[39m
12:26:28.126 [Forwarding findElement on session 18063075-812d-4a4c-a6cd-30fbf03bc7bd to remote] DEBUG o.a.h.c.protocol.RequestAddCookies - CookieSpec selected: default
12:26:28.126 [Forwarding findElement on session 18063075-812d-4a4c-a6cd-30fbf03bc7bd to remote] DEBUG o.a.h.c.protocol.RequestAuthCache - Auth cache not set in the context
12:26:28.126 [Forwarding findElement on session 18063075-812d-4a4c-a6cd-30fbf03bc7bd to remote] DEBUG o.a.h.i.c.PoolingHttpClientConnectionManager - Connection request: [route: {}->http://localhost:4723][total kept alive: 1; route allocated: 1 of 2000; total allocated: 1 of 2000]
12:26:28.126 [Forwarding findElement on session 18063075-812d-4a4c-a6cd-30fbf03bc7bd to remote] DEBUG o.a.h.i.c.PoolingHttpClientConnectionManager - Connection leased: [id: 21][route: {}->http://localhost:4723][total kept alive: 0; route allocated: 1 of 2000; total allocated: 1 of 2000]
12:26:28.126 [Forwarding findElement on session 18063075-812d-4a4c-a6cd-30fbf03bc7bd to remote] DEBUG o.a.h.impl.execchain.MainClientExec - Stale connection check
12:26:28.128 [Forwarding findElement on session 18063075-812d-4a4c-a6cd-30fbf03bc7bd to remote] DEBUG org.apache.http.wire - http-outgoing-21 << "[read] I/O error: Read timed out"
12:26:28.128 [Forwarding findElement on session 18063075-812d-4a4c-a6cd-30fbf03bc7bd to remote] DEBUG o.a.h.i.c.DefaultManagedHttpClientConnection - http-outgoing-21: set socket timeout to 10800000
12:26:28.128 [Forwarding findElement on session 18063075-812d-4a4c-a6cd-30fbf03bc7bd to remote] DEBUG o.a.h.impl.execchain.MainClientExec - Executing request POST /wd/hub/session/18063075-812d-4a4c-a6cd-30fbf03bc7bd/element HTTP/1.1
12:26:28.128 [Forwarding findElement on session 18063075-812d-4a4c-a6cd-30fbf03bc7bd to remote] DEBUG o.a.h.impl.execchain.MainClientExec - Target auth state: UNCHALLENGED
12:26:28.128 [Forwarding findElement on session 18063075-812d-4a4c-a6cd-30fbf03bc7bd to remote] DEBUG o.a.h.impl.execchain.MainClientExec - Proxy auth state: UNCHALLENGED
12:26:28.128 [Forwarding findElement on session 18063075-812d-4a4c-a6cd-30fbf03bc7bd to remote] DEBUG org.apache.http.headers - http-outgoing-21 >> POST /wd/hub/session/18063075-812d-4a4c-a6cd-30fbf03bc7bd/element HTTP/1.1
12:26:28.128 [Forwarding findElement on session 18063075-812d-4a4c-a6cd-30fbf03bc7bd to remote] DEBUG org.apache.http.headers - http-outgoing-21 >> Content-Type: application/json; charset=utf-8
12:26:28.128 [Forwarding findElement on session 18063075-812d-4a4c-a6cd-30fbf03bc7bd to remote] DEBUG org.apache.http.headers - http-outgoing-21 >> Content-Length: 41
12:26:28.128 [Forwarding findElement on session 18063075-812d-4a4c-a6cd-30fbf03bc7bd to remote] DEBUG org.apache.http.headers - http-outgoing-21 >> Host: localhost:4723
12:26:28.128 [Forwarding findElement on session 18063075-812d-4a4c-a6cd-30fbf03bc7bd to remote] DEBUG org.apache.http.headers - http-outgoing-21 >> Connection: Keep-Alive
12:26:28.128 [Forwarding findElement on session 18063075-812d-4a4c-a6cd-30fbf03bc7bd to remote] DEBUG org.apache.http.headers - http-outgoing-21 >> User-Agent: Apache-HttpClient/4.5.2 (Java/1.8.0_171)
12:26:28.128 [Forwarding findElement on session 18063075-812d-4a4c-a6cd-30fbf03bc7bd to remote] DEBUG org.apache.http.headers - http-outgoing-21 >> Accept-Encoding: gzip,deflate
12:26:28.128 [Forwarding findElement on session 18063075-812d-4a4c-a6cd-30fbf03bc7bd to remote] DEBUG org.apache.http.wire - http-outgoing-21 >> "POST /wd/hub/session/18063075-812d-4a4c-a6cd-30fbf03bc7bd/element HTTP/1.1[\r][\n]"
12:26:28.128 [Forwarding findElement on session 18063075-812d-4a4c-a6cd-30fbf03bc7bd to remote] DEBUG org.apache.http.wire - http-outgoing-21 >> "Content-Type: application/json; charset=utf-8[\r][\n]"
12:26:28.128 [Forwarding findElement on session 18063075-812d-4a4c-a6cd-30fbf03bc7bd to remote] DEBUG org.apache.http.wire - http-outgoing-21 >> "Content-Length: 41[\r][\n]"
12:26:28.128 [Forwarding findElement on session 18063075-812d-4a4c-a6cd-30fbf03bc7bd to remote] DEBUG org.apache.http.wire - http-outgoing-21 >> "Host: localhost:4723[\r][\n]"
12:26:28.128 [Forwarding findElement on session 18063075-812d-4a4c-a6cd-30fbf03bc7bd to remote] DEBUG org.apache.http.wire - http-outgoing-21 >> "Connection: Keep-Alive[\r][\n]"
12:26:28.128 [Forwarding findElement on session 18063075-812d-4a4c-a6cd-30fbf03bc7bd to remote] DEBUG org.apache.http.wire - http-outgoing-21 >> "User-Agent: Apache-HttpClient/4.5.2 (Java/1.8.0_171)[\r][\n]"
12:26:28.128 [Forwarding findElement on session 18063075-812d-4a4c-a6cd-30fbf03bc7bd to remote] DEBUG org.apache.http.wire - http-outgoing-21 >> "Accept-Encoding: gzip,deflate[\r][\n]"
12:26:28.128 [Forwarding findElement on session 18063075-812d-4a4c-a6cd-30fbf03bc7bd to remote] DEBUG org.apache.http.wire - http-outgoing-21 >> "[\r][\n]"
12:26:28.128 [Forwarding findElement on session 18063075-812d-4a4c-a6cd-30fbf03bc7bd to remote] DEBUG org.apache.http.wire - http-outgoing-21 >> "{"using":"name","value":"Please wait..."}"
&amp#27;[35m[HTTP]&amp#27;[39m &amp#27;[37m-->&amp#27;[39m &amp#27;[37mPOST&amp#27;[39m &amp#27;[37m/wd/hub/session/18063075-812d-4a4c-a6cd-30fbf03bc7bd/element&amp#27;[39m
&amp#27;[35m[HTTP]&amp#27;[39m &amp#27;[90m{"using":"name","value":"Please wait..."}&amp#27;[39m
12:26:38.823 [Forwarding findElement on session 18063075-812d-4a4c-a6cd-30fbf03bc7bd to remote] DEBUG org.apache.http.wire - http-outgoing-21 << "HTTP/1.1 500 Internal Server Error[\r][\n]"
12:26:38.823 [Forwarding findElement on session 18063075-812d-4a4c-a6cd-30fbf03bc7bd to remote] DEBUG org.apache.http.wire - http-outgoing-21 << "X-Powered-By: Express[\r][\n]"
12:26:38.823 [Forwarding findElement on session 18063075-812d-4a4c-a6cd-30fbf03bc7bd to remote] DEBUG org.apache.http.wire - http-outgoing-21 << "Access-Control-Allow-Origin: *[\r][\n]"
12:26:38.823 [Forwarding findElement on session 18063075-812d-4a4c-a6cd-30fbf03bc7bd to remote] DEBUG org.apache.http.wire - http-outgoing-21 << "Access-Control-Allow-Methods: GET,POST,PUT,OPTIONS,DELETE[\r][\n]"
12:26:38.823 [Forwarding findElement on session 18063075-812d-4a4c-a6cd-30fbf03bc7bd to remote] DEBUG org.apache.http.wire - http-outgoing-21 << "Access-Control-Allow-Headers: origin, content-type, accept[\r][\n]"
12:26:38.823 [Forwarding findElement on session 18063075-812d-4a4c-a6cd-30fbf03bc7bd to remote] DEBUG org.apache.http.wire - http-outgoing-21 << "Vary: X-HTTP-Method-Override[\r][\n]"
12:26:38.823 [Forwarding findElement on session 18063075-812d-4a4c-a6cd-30fbf03bc7bd to remote] DEBUG org.apache.http.wire - http-outgoing-21 << "Content-Type: application/json; charset=utf-8[\r][\n]"
12:26:38.823 [Forwarding findElement on session 18063075-812d-4a4c-a6cd-30fbf03bc7bd to remote] DEBUG org.apache.http.wire - http-outgoing-21 << "Content-Length: 164[\r][\n]"
12:26:38.823 [Forwarding findElement on session 18063075-812d-4a4c-a6cd-30fbf03bc7bd to remote] DEBUG org.apache.http.wire - http-outgoing-21 << "ETag: W/"a4-AARcycewrOYCdfVVVgM6OhaCzBM"[\r][\n]"
12:26:38.823 [Forwarding findElement on session 18063075-812d-4a4c-a6cd-30fbf03bc7bd to remote] DEBUG org.apache.http.wire - http-outgoing-21 << "Date: Fri, 23 Aug 2019 06:56:38 GMT[\r][\n]"
12:26:38.823 [Forwarding findElement on session 18063075-812d-4a4c-a6cd-30fbf03bc7bd to remote] DEBUG org.apache.http.wire - http-outgoing-21 << "Connection: keep-alive[\r][\n]"
12:26:38.823 [Forwarding findElement on session 18063075-812d-4a4c-a6cd-30fbf03bc7bd to remote] DEBUG org.apache.http.wire - http-outgoing-21 << "[\r][\n]"
12:26:38.823 [Forwarding findElement on session 18063075-812d-4a4c-a6cd-30fbf03bc7bd to remote] DEBUG org.apache.http.wire - http-outgoing-21 << "{"status":7,"value":{"message":"An element could not be located on the page using the given search parameters."},"sessionId":"18063075-812d-4a4c-a6cd-30fbf03bc7bd"}"
12:26:38.823 [Forwarding findElement on session 18063075-812d-4a4c-a6cd-30fbf03bc7bd to remote] DEBUG org.apache.http.headers - http-outgoing-21 << HTTP/1.1 500 Internal Server Error
12:26:38.823 [Forwarding findElement on session 18063075-812d-4a4c-a6cd-30fbf03bc7bd to remote] DEBUG org.apache.http.headers - http-outgoing-21 << X-Powered-By: Express
12:26:38.823 [Forwarding findElement on session 18063075-812d-4a4c-a6cd-30fbf03bc7bd to remote] DEBUG org.apache.http.headers - http-outgoing-21 << Access-Control-Allow-Origin: *
12:26:38.823 [Forwarding findElement on session 18063075-812d-4a4c-a6cd-30fbf03bc7bd to remote] DEBUG org.apache.http.headers - http-outgoing-21 << Access-Control-Allow-Methods: GET,POST,PUT,OPTIONS,DELETE
12:26:38.823 [Forwarding findElement on session 18063075-812d-4a4c-a6cd-30fbf03bc7bd to remote] DEBUG org.apache.http.headers - http-outgoing-21 << Access-Control-Allow-Headers: origin, content-type, accept
12:26:38.823 [Forwarding findElement on session 18063075-812d-4a4c-a6cd-30fbf03bc7bd to remote] DEBUG org.apache.http.headers - http-outgoing-21 << Vary: X-HTTP-Method-Override
12:26:38.823 [Forwarding findElement on session 18063075-812d-4a4c-a6cd-30fbf03bc7bd to remote] DEBUG org.apache.http.headers - http-outgoing-21 << Content-Type: application/json; charset=utf-8
12:26:38.823 [Forwarding findElement on session 18063075-812d-4a4c-a6cd-30fbf03bc7bd to remote] DEBUG org.apache.http.headers - http-outgoing-21 << Content-Length: 164
12:26:38.823 [Forwarding findElement on session 18063075-812d-4a4c-a6cd-30fbf03bc7bd to remote] DEBUG org.apache.http.headers - http-outgoing-21 << ETag: W/"a4-AARcycewrOYCdfVVVgM6OhaCzBM"
12:26:38.823 [Forwarding findElement on session 18063075-812d-4a4c-a6cd-30fbf03bc7bd to remote] DEBUG org.apache.http.headers - http-outgoing-21 << Date: Fri, 23 Aug 2019 06:56:38 GMT
12:26:38.823 [Forwarding findElement on session 18063075-812d-4a4c-a6cd-30fbf03bc7bd to remote] DEBUG org.apache.http.headers - http-outgoing-21 << Connection: keep-alive
12:26:38.823 [Forwarding findElement on session 18063075-812d-4a4c-a6cd-30fbf03bc7bd to remote] DEBUG o.a.h.impl.execchain.MainClientExec - Connection can be kept alive indefinitely
&amp#27;[35m[HTTP]&amp#27;[39m &amp#27;[37m<-- POST /wd/12:26:38.823 [Forwarding findElement on session 18063075-812d-4a4c-a6cd-30fbf03bc7bd to remote] DEBUG o.a.h.i.c.PoolingHttpClientConnectionManager - Connection [id: 21][route: {}->http://localhost:4723] can be kept alive indefinitely
hub/session/18063075-812d-4a4c-12:26:38.824 [Forwarding findElement on session 18063075-812d-4a4c-a6cd-30fbf03bc7bd to remote] DEBUG o.a.h.i.c.PoolingHttpClientConnectionManager - Connection released: [id: 21][route: {}->http://localhost:4723][total kept alive: 1; route allocated: 1 of 2000; total allocated: 1 of 2000]
a6cd-30fbf03bc7bd/element &amp#27;[39m&amp#27;[31m500&amp#27;[39m &amp#27;[90m10694 ms - 164&amp#27;[39m
&amp#27;[35m[HTTP]&amp#27;[39m &amp#27;[90m&amp#27;[39m
12:26:38.825 [Forwarding findElement on session 18063075-812d-4a4c-a6cd-30fbf03bc7bd to remote] DEBUG o.a.h.c.protocol.RequestAddCookies - CookieSpec selected: default
12:26:38.825 [Forwarding findElement on session 18063075-812d-4a4c-a6cd-30fbf03bc7bd to remote] DEBUG o.a.h.c.protocol.RequestAuthCache - Auth cache not set in the context
12:26:38.825 [Forwarding findElement on session 18063075-812d-4a4c-a6cd-30fbf03bc7bd to remote] DEBUG o.a.h.i.c.PoolingHttpClientConnectionManager - Connection request: [route: {}->http://localhost:4723][total kept alive: 1; route allocated: 1 of 2000; total allocated: 1 of 2000]
12:26:38.825 [Forwarding findElement on session 18063075-812d-4a4c-a6cd-30fbf03bc7bd to remote] DEBUG o.a.h.i.c.PoolingHttpClientConnectionManager - Connection leased: [id: 21][route: {}->http://localhost:4723][total kept alive: 0; route allocated: 1 of 2000; total allocated: 1 of 2000]
12:26:38.825 [Forwarding findElement on session 18063075-812d-4a4c-a6cd-30fbf03bc7bd to remote] DEBUG o.a.h.impl.execchain.MainClientExec - Stale connection check
12:26:38.827 [Forwarding findElement on session 18063075-812d-4a4c-a6cd-30fbf03bc7bd to remote] DEBUG org.apache.http.wire - http-outgoing-21 << "[read] I/O error: Read timed out"
12:26:38.827 [Forwarding findElement on session 18063075-812d-4a4c-a6cd-30fbf03bc7bd to remote] DEBUG o.a.h.i.c.DefaultManagedHttpClientConnection - http-outgoing-21: set socket timeout to 10800000
12:26:38.827 [Forwarding findElement on session 18063075-812d-4a4c-a6cd-30fbf03bc7bd to remote] DEBUG o.a.h.impl.execchain.MainClientExec - Executing request POST /wd/hub/session/18063075-812d-4a4c-a6cd-30fbf03bc7bd/element HTTP/1.1
12:26:38.827 [Forwarding findElement on session 18063075-812d-4a4c-a6cd-30fbf03bc7bd to remote] DEBUG o.a.h.impl.execchain.MainClientExec - Target auth state: UNCHALLENGED
12:26:38.827 [Forwarding findElement on session 18063075-812d-4a4c-a6cd-30fbf03bc7bd to remote] DEBUG o.a.h.impl.execchain.MainClientExec - Proxy auth state: UNCHALLENGED
12:26:38.827 [Forwarding findElement on session 18063075-812d-4a4c-a6cd-30fbf03bc7bd to remote] DEBUG org.apache.http.headers - http-outgoing-21 >> POST /wd/hub/session/18063075-812d-4a4c-a6cd-30fbf03bc7bd/element HTTP/1.1
12:26:38.827 [Forwarding findElement on session 18063075-812d-4a4c-a6cd-30fbf03bc7bd to remote] DEBUG org.apache.http.headers - http-outgoing-21 >> Content-Type: application/json; charset=utf-8
12:26:38.827 [Forwarding findElement on session 18063075-812d-4a4c-a6cd-30fbf03bc7bd to remote] DEBUG org.apache.http.headers - http-outgoing-21 >> Content-Length: 349
12:26:38.827 [Forwarding findElement on session 18063075-812d-4a4c-a6cd-30fbf03bc7bd to remote] DEBUG org.apache.http.headers - http-outgoing-21 >> Host: localhost:4723
12:26:38.827 [Forwarding findElement on session 18063075-812d-4a4c-a6cd-30fbf03bc7bd to remote] DEBUG org.apache.http.headers - http-outgoing-21 >> Connection: Keep-Alive
12:26:38.827 [Forwarding findElement on session 18063075-812d-4a4c-a6cd-30fbf03bc7bd to remote] DEBUG org.apache.http.headers - http-outgoing-21 >> User-Agent: Apache-HttpClient/4.5.2 (Java/1.8.0_171)
12:26:38.827 [Forwarding findElement on session 18063075-812d-4a4c-a6cd-30fbf03bc7bd to remote] DEBUG org.apache.http.headers - http-outgoing-21 >> Accept-Encoding: gzip,deflate
12:26:38.827 [Forwarding findElement on session 18063075-812d-4a4c-a6cd-30fbf03bc7bd to remote] DEBUG org.apache.http.wire - http-outgoing-21 >> "POST /wd/hub/session/18063075-812d-4a4c-a6cd-30fbf03bc7bd/element HTTP/1.1[\r][\n]"
12:26:38.827 [Forwarding findElement on session 18063075-812d-4a4c-a6cd-30fbf03bc7bd to remote] DEBUG org.apache.http.wire - http-outgoing-21 >> "Content-Type: application/json; charset=utf-8[\r][\n]"
12:26:38.827 [Forwarding findElement on session 18063075-812d-4a4c-a6cd-30fbf03bc7bd to remote] DEBUG org.apache.http.wire - http-outgoing-21 >> "Content-Length: 349[\r][\n]"
12:26:38.827 [Forwarding findElement on session 18063075-812d-4a4c-a6cd-30fbf03bc7bd to remote] DEBUG org.apache.http.wire - http-outgoing-21 >> "Host: localhost:4723[\r][\n]"
12:26:38.827 [Forwarding findElement on session 18063075-812d-4a4c-a6cd-30fbf03bc7bd to remote] DEBUG org.apache.http.wire - http-outgoing-21 >> "Connection: Keep-Alive[\r][\n]"
12:26:38.827 [Forwarding findElement on session 18063075-812d-4a4c-a6cd-30fbf03bc7bd to remote] DEBUG org.apache.http.wire - http-outgoing-21 >> "User-Agent: Apache-HttpClient/4.5.2 (Java/1.8.0_171)[\r][\n]"
12:26:38.827 [Forwarding findElement on session 18063075-812d-4a4c-a6cd-30fbf03bc7bd to remote] DEBUG org.apache.http.wire - http-outgoing-21 >> "Accept-Encoding: gzip,deflate[\r][\n]"
12:26:38.827 [Forwarding findElement on session 18063075-812d-4a4c-a6cd-30fbf03bc7bd to remote] DEBUG org.apache.http.wire - http-outgoing-21 >> "[\r][\n]"
12:26:38.827 [Forwarding findElement on session 18063075-812d-4a4c-a6cd-30fbf03bc7bd to remote] DEBUG org.apache.http.wire - http-outgoing-21 >> "{"using":"xpath","value":"//XCUIElementTypeApplication/XCUIElementTypeWindow/XCUIElementTypeOther/XCUIElementTypeOther/XCUIElementTypeOther/XCUIElementTypeOther/XCUIElementTypeOther/XCUIElementTypeOther/XCUIElementTypeOther/XCUIElementTypeScrollView/XCUIElementTypeOther[3]/XCUIElementTypeOther[2]/XCUIElementTypeOther/XCUIElementTypeStaticText[1]"}"
&amp#27;[35m[HTTP]&amp#27;[39m &amp#27;[37m-->&amp#27;[39m &amp#27;[37mPOST&amp#27;[39m &amp#27;[37m/wd/hub/session/18063075-812d-4a4c-a6cd-30fbf03bc7bd/element&amp#27;[39m
&amp#27;[35m[HTTP]&amp#27;[39m &amp#27;[90m{"using":"xpath","value":"//XCUIElementTypeApplication/XCUIElementTypeWindow/XCUIElementTypeOther/XCUIElementTypeOther/XCUIElementTypeOther/XCUIElementTypeOther/XCUIElementTypeOther/XCUIElementTypeOther/XCUIElementTypeOther/XCUIElementTypeScrollView/XCUIElementTypeOther[3]/XCUIElementTypeOther[2]/XCUIElementTypeOther/XCUIElementTypeStaticText[1]"}&amp#27;[39m
12:26:41.827 [Forwarding findElement on session 18063075-812d-4a4c-a6cd-30fbf03bc7bd to remote] DEBUG org.apache.http.wire - http-outgoing-21 << "HTTP/1.1 200 OK[\r][\n]"
12:26:41.827 [Forwarding findElement on session 18063075-812d-4a4c-a6cd-30fbf03bc7bd to remote] DEBUG org.apache.http.wire - http-outgoing-21 << "X-Powered-By: Express[\r][\n]"
12:26:41.827 [Forwarding findElement on session 18063075-812d-4a4c-a6cd-30fbf03bc7bd to remote] DEBUG org.apache.http.wire - http-outgoing-21 << "Access-Control-Allow-Origin: *[\r][\n]"
12:26:41.827 [Forwarding findElement on session 18063075-812d-4a4c-a6cd-30fbf03bc7bd to remote] DEBUG org.apache.http.wire - http-outgoing-21 << "Access-Control-Allow-Methods: GET,POST,PUT,OPTIONS,DELETE[\r][\n]"
12:26:41.827 [Forwarding findElement on session 18063075-812d-4a4c-a6cd-30fbf03bc7bd to remote] DEBUG org.apache.http.wire - http-outgoing-21 << "Access-Control-Allow-Headers: origin, content-type, accept[\r][\n]"
12:26:41.827 [Forwarding findElement on session 18063075-812d-4a4c-a6cd-30fbf03bc7bd to remote] DEBUG org.apache.http.wire - http-outgoing-21 << "Vary: X-HTTP-Method-Override[\r][\n]"
12:26:41.827 [Forwarding findElement on session 18063075-812d-4a4c-a6cd-30fbf03bc7bd to remote] DEBUG org.apache.http.wire - http-outgoing-21 << "Content-Type: application/json; charset=utf-8[\r][\n]"
12:26:41.827 [Forwarding findElement on session 18063075-812d-4a4c-a6cd-30fbf03bc7bd to remote] DEBUG org.apache.http.wire - http-outgoing-21 << "Content-Length: 122[\r][\n]"
12:26:41.827 [Forwarding findElement on session 18063075-812d-4a4c-a6cd-30fbf03bc7bd to remote] DEBUG org.apache.http.wire - http-outgoing-21 << "ETag: W/"7a-OspRRU0e7gv17U1/YAlwH3d/wGQ"[\r][\n]"
12:26:41.827 [Forwarding findElement on session 18063075-812d-4a4c-a6cd-30fbf03bc7bd to remote] DEBUG org.apache.http.wire - http-outgoing-21 << "Date: Fri, 23 Aug 2019 06:56:41 GMT[\r][\n]"
12:26:41.827 [Forwarding findElement on session 18063075-812d-4a4c-a6cd-30fbf03bc7bd to remote] DEBUG org.apache.http.wire - http-outgoing-21 << "Connection: keep-alive[\r][\n]"
12:26:41.827 [Forwarding findElement on session 18063075-812d-4a4c-a6cd-30fbf03bc7bd to remote] DEBUG org.apache.http.wire - http-outgoing-21 << "[\r][\n]"
12:26:41.827 [Forwarding findElement on session 18063075-812d-4a4c-a6cd-30fbf03bc7bd to remote] DEBUG org.apache.http.wire - http-outgoing-21 << "{"status":0,"value":{"ELEMENT":"EC020000-0000-0000-CF19-000000000000"},"sessionId":"18063075-812d-4a4c-a6cd-30fbf03bc7bd"}"
&amp#27;[12:26:41.827 [Forwarding findElement on session 18063075-812d-4a4c-a6cd-30fbf03bc7bd to remote] DEBUG org.apache.http.headers - http-outgoing-21 << HTTP/1.1 200 OK
12:26:41.827 [Forwarding findElement on session 18063075-812d-4a4c-a6cd-30fbf03bc7bd to remote] DEBUG org.apache.http.headers - http-outgoing-21 << X-Powered-By: Express
12:26:41.827 [Forwarding findElement on session 18063075-812d-4a4c-a6cd-30fbf03bc7bd to remote] DEBUG org.apache.http.headers - http-outgoing-21 << Access-Control-Allow-Origin: *
35m[HTTP]&amp#27;[39m &amp#27;[37m<-- POST /wd/hub/session/18063075-812d-4a4c-a6cd-30fbf03bc7bd/element &amp#27;[39m&amp#27;[32m200&amp#27;[39m &amp#27;[90m2999 ms - 122&amp#27;12:26:41.827 [Forwarding findElement on session 18063075-812d-4a4c-a6cd-30fbf03bc7bd to remote] DEBUG org.apache.http.headers - http-outgoing-21 << Access-Control-Allow-Methods: GET,POST,PUT,OPTIONS,DELETE
[39m12:26:41.828 [Forwarding findElement on session 18063075-812d-4a4c-a6cd-30fbf03bc7bd to remote] DEBUG org.apache.http.headers - http-outgoing-21 << Access-Control-Allow-Headers: origin, content-type, accept

12:26:41.828 [Forwarding findElement on session 18063075-812d-4a4c-a6cd-30fbf03bc7bd to remote] DEBUG org.apache.http.headers - http-outgoing-21 << Vary: X-HTTP-Method-Override
&amp#27;[35m[HTTP]&amp#27;12:26:41.828 [Forwarding findElement on session 18063075-812d-4a4c-a6cd-30fbf03bc7bd to remote] DEBUG org.apache.http.headers - http-outgoing-21 << Content-Type: application/json; charset=utf-8
12:26:41.829 [Forwarding findElement on session 18063075-812d-4a4c-a6cd-30fbf03bc7bd to remote] DEBUG org.apache.http.headers - http-outgoing-21 << Content-Length: 122
[39m &amp#27;[90m&amp#27;[39m
12:26:41.829 [Forwarding findElement on session 18063075-812d-4a4c-a6cd-30fbf03bc7bd to remote] DEBUG org.apache.http.headers - http-outgoing-21 << ETag: W/"7a-OspRRU0e7gv17U1/YAlwH3d/wGQ"
12:26:41.829 [Forwarding findElement on session 18063075-812d-4a4c-a6cd-30fbf03bc7bd to remote] DEBUG org.apache.http.headers - http-outgoing-21 << Date: Fri, 23 Aug 2019 06:56:41 GMT
12:26:41.829 [Forwarding findElement on session 18063075-812d-4a4c-a6cd-30fbf03bc7bd to remote] DEBUG org.apache.http.headers - http-outgoing-21 << Connection: keep-alive
12:26:41.829 [Forwarding findElement on session 18063075-812d-4a4c-a6cd-30fbf03bc7bd to remote] DEBUG o.a.h.impl.execchain.MainClientExec - Connection can be kept alive indefinitely
12:26:41.829 [Forwarding findElement on session 18063075-812d-4a4c-a6cd-30fbf03bc7bd to remote] DEBUG o.a.h.i.c.PoolingHttpClientConnectionManager - Connection [id: 21][route: {}->http://localhost:4723] can be kept alive indefinitely
12:26:41.829 [Forwarding findElement on session 18063075-812d-4a4c-a6cd-30fbf03bc7bd to remote] DEBUG o.a.h.i.c.PoolingHttpClientConnectionManager - Connection released: [id: 21][route: {}->http://localhost:4723][total kept alive: 1; route allocated: 1 of 2000; total allocated: 1 of 2000]
12:26:41.830 [Forwarding findElement on session 18063075-812d-4a4c-a6cd-30fbf03bc7bd to remote] DEBUG o.a.h.c.protocol.RequestAddCookies - CookieSpec selected: default
12:26:41.830 [Forwarding findElement on session 18063075-812d-4a4c-a6cd-30fbf03bc7bd to remote] DEBUG o.a.h.c.protocol.RequestAuthCache - Auth cache not set in the context
12:26:41.830 [Forwarding findElement on session 18063075-812d-4a4c-a6cd-30fbf03bc7bd to remote] DEBUG o.a.h.i.c.PoolingHttpClientConnectionManager - Connection request: [route: {}->http://localhost:4723][total kept alive: 1; route allocated: 1 of 2000; total allocated: 1 of 2000]
12:26:41.830 [Forwarding findElement on session 18063075-812d-4a4c-a6cd-30fbf03bc7bd to remote] DEBUG o.a.h.i.c.PoolingHttpClientConnectionManager - Connection leased: [id: 21][route: {}->http://localhost:4723][total kept alive: 0; route allocated: 1 of 2000; total allocated: 1 of 2000]
12:26:41.830 [Forwarding findElement on session 18063075-812d-4a4c-a6cd-30fbf03bc7bd to remote] DEBUG o.a.h.impl.execchain.MainClientExec - Stale connection check
12:26:41.831 [Forwarding findElement on session 18063075-812d-4a4c-a6cd-30fbf03bc7bd to remote] DEBUG org.apache.http.wire - http-outgoing-21 << "[read] I/O error: Read timed out"
12:26:41.832 [Forwarding findElement on session 18063075-812d-4a4c-a6cd-30fbf03bc7bd to remote] DEBUG o.a.h.i.c.DefaultManagedHttpClientConnection - http-outgoing-21: set socket timeout to 10800000
12:26:41.832 [Forwarding findElement on session 18063075-812d-4a4c-a6cd-30fbf03bc7bd to remote] DEBUG o.a.h.impl.execchain.MainClientExec - Executing request POST /wd/hub/session/18063075-812d-4a4c-a6cd-30fbf03bc7bd/element HTTP/1.1
12:26:41.832 [Forwarding findElement on session 18063075-812d-4a4c-a6cd-30fbf03bc7bd to remote] DEBUG o.a.h.impl.execchain.MainClientExec - Target auth state: UNCHALLENGED
12:26:41.832 [Forwarding findElement on session 18063075-812d-4a4c-a6cd-30fbf03bc7bd to remote] DEBUG o.a.h.impl.execchain.MainClientExec - Proxy auth state: UNCHALLENGED
12:26:41.832 [Forwarding findElement on session 18063075-812d-4a4c-a6cd-30fbf03bc7bd to remote] DEBUG org.apache.http.headers - http-outgoing-21 >> POST /wd/hub/session/18063075-812d-4a4c-a6cd-30fbf03bc7bd/element HTTP/1.1
12:26:41.832 [Forwarding findElement on session 18063075-812d-4a4c-a6cd-30fbf03bc7bd to remote] DEBUG org.apache.http.headers - http-outgoing-21 >> Content-Type: application/json; charset=utf-8
12:26:41.832 [Forwarding findElement on session 18063075-812d-4a4c-a6cd-30fbf03bc7bd to remote] DEBUG org.apache.http.headers - http-outgoing-21 >> Content-Length: 349
12:26:41.832 [Forwarding findElement on session 18063075-812d-4a4c-a6cd-30fbf03bc7bd to remote] DEBUG org.apache.http.headers - http-outgoing-21 >> Host: localhost:4723
12:26:41.832 [Forwarding findElement on session 18063075-812d-4a4c-a6cd-30fbf03bc7bd to remote] DEBUG org.apache.http.headers - http-outgoing-21 >> Connection: Keep-Alive
12:26:41.832 [Forwarding findElement on session 18063075-812d-4a4c-a6cd-30fbf03bc7bd to remote] DEBUG org.apache.http.headers - http-outgoing-21 >> User-Agent: Apache-HttpClient/4.5.2 (Java/1.8.0_171)
12:26:41.832 [Forwarding findElement on session 18063075-812d-4a4c-a6cd-30fbf03bc7bd to remote] DEBUG org.apache.http.headers - http-outgoing-21 >> Accept-Encoding: gzip,deflate
12:26:41.832 [Forwarding findElement on session 18063075-812d-4a4c-a6cd-30fbf03bc7bd to remote] DEBUG org.apache.http.wire - http-outgoing-21 >> "POST /wd/hub/session/18063075-812d-4a4c-a6cd-30fbf03bc7bd/element HTTP/1.1[\r][\n]"
12:26:41.832 [Forwarding findElement on session 18063075-812d-4a4c-a6cd-30fbf03bc7bd to remote] DEBUG org.apache.http.wire - http-outgoing-21 >> "Content-Type: application/json; charset=utf-8[\r][\n]"
12:26:41.832 [Forwarding findElement on session 18063075-812d-4a4c-a6cd-30fbf03bc7bd to remote] DEBUG org.apache.http.wire - http-outgoing-21 >> "Content-Length: 349[\r][\n]"
12:26:41.832 [Forwarding findElement on session 18063075-812d-4a4c-a6cd-30fbf03bc7bd to remote] DEBUG org.apache.http.wire - http-outgoing-21 >> "Host: localhost:4723[\r][\n]"
12:26:41.832 [Forwarding findElement on session 18063075-812d-4a4c-a6cd-30fbf03bc7bd to remote] DEBUG org.apache.http.wire - http-outgoing-21 >> "Connection: Keep-Alive[\r][\n]"
12:26:41.832 [Forwarding findElement on session 18063075-812d-4a4c-a6cd-30fbf03bc7bd to remote] DEBUG org.apache.http.wire - http-outgoing-21 >> "User-Agent: Apache-HttpClient/4.5.2 (Java/1.8.0_171)[\r][\n]"
12:26:41.832 [Forwarding findElement on session 18063075-812d-4a4c-a6cd-30fbf03bc7bd to remote] DEBUG org.apache.http.wire - http-outgoing-21 >> "Accept-Encoding: gzip,deflate[\r][\n]"
12:26:41.832 [Forwarding findElement on session 18063075-812d-4a4c-a6cd-30fbf03bc7bd to remote] DEBUG org.apache.http.wire - http-outgoing-21 >> "[\r][\n]"
12:26:41.832 [Forwarding findElement on session 18063075-812d-4a4c-a6cd-30fbf03bc7bd to remote] DEBUG org.apache.http.wire - http-outgoing-21 >> "{"using":"xpath","value":"//XCUIElementTypeApplication/XCUIElementTypeWindow/XCUIElementTypeOther/XCUIElementTypeOther/XCUIElementTypeOther/XCUIElementTypeOther/XCUIElementTypeOther/XCUIElementTypeOther/XCUIElementTypeOther/XCUIElementTypeScrollView/XCUIElementTypeOther[3]/XCUIElementTypeOther[2]/XCUIElementTypeOther/XCUIElementTypeStaticText[1]"}"
&amp#27;[35m[HTTP]&amp#27;[39m &amp#27;[37m-->&amp#27;[39m &amp#27;[37mPOST&amp#27;[39m &amp#27;[37m/wd/hub/session/18063075-812d-4a4c-a6cd-30fbf03bc7bd/element&amp#27;[39m
&amp#27;[35m[HTTP]&amp#27;[39m &amp#27;[90m{"using":"xpath","value":"//XCUIElementTypeApplication/XCUIElementTypeWindow/XCUIElementTypeOther/XCUIElementTypeOther/XCUIElementTypeOther/XCUIElementTypeOther/XCUIElementTypeOther/XCUIElementTypeOther/XCUIElementTypeOther/XCUIElementTypeScrollView/XCUIElementTypeOther[3]/XCUIElementTypeOther[2]/XCUIElementTypeOther/XCUIElementTypeStaticText[1]"}&amp#27;[39m
12:26:44.787 [Forwarding findElement on session 18063075-812d-4a4c-a6cd-30fbf03bc7bd to remote] DEBUG org.apache.http.wire - http-outgoing-21 << "HTTP/1.1 200 OK[\r][\n]"
12:26:44.787 [Forwarding findElement on session 18063075-812d-4a4c-a6cd-30fbf03bc7bd to remote] DEBUG org.apache.http.wire - http-outgoing-21 << "X-Powered-By: Express[\r][\n]"
12:26:44.787 [Forwarding findElement on session 18063075-812d-4a4c-a6cd-30fbf03bc7bd to remote] DEBUG org.apache.http.wire - http-outgoing-21 << "Access-Control-Allow-Origin: *[\r][\n]"
12:26:44.787 [Forwarding findElement on session 18063075-812d-4a4c-a6cd-30fbf03bc7bd to remote] DEBUG org.apache.http.wire - http-outgoing-21 << "Access-Control-Allow-Methods: GET,POST,PUT,OPTIONS,DELETE[\r][\n]"
12:26:44.787 [Forwarding findElement on session 18063075-812d-4a4c-a6cd-30fbf03bc7bd to remote] DEBUG org.apache.http.wire - http-outgoing-21 << "Access-Control-Allow-Headers: origin, content-type, accept[\r][\n]"
12:26:44.787 [Forwarding findElement on session 18063075-812d-4a4c-a6cd-30fbf03bc7bd to remote] DEBUG org.apache.http.wire - http-outgoing-21 << "Vary: X-HTTP-Method-Override[\r][\n]"
12:26:44.787 [Forwarding findElement on session 18063075-812d-4a4c-a6cd-30fbf03bc7bd to remote] DEBUG org.apache.http.wire - http-outgoing-21 << "Content-Type: application/json; charset=utf-8[\r][\n]"
12:26:44.787 [Forwarding findElement on session 18063075-812d-4a4c-a6cd-30fbf03bc7bd to remote] DEBUG org.apache.http.wire - http-outgoing-21 << "Content-Length: 122[\r][\n]"
12:26:44.787 [Forwarding findElement on session 18063075-812d-4a4c-a6cd-30fbf03bc7bd to remote] DEBUG org.apache.http.wire - http-outgoing-21 << "ETag: W/"7a-OspRRU0e7gv17U1/YAlwH3d/wGQ"[\r][\n]"
12:26:44.787 [Forwarding findElement on session 18063075-812d-4a4c-a6cd-30fbf03bc7bd to remote] DEBUG org.apache.http.wire - http-outgoing-21 << "Date: Fri, 23 Aug 2019 06:56:44 GMT[\r][\n]"
12:26:44.787 [Forwarding findElement on session 18063075-812d-4a4c-a6cd-30fbf03bc7bd to remote] DEBUG org.apache.http.wire - http-outgoing-21 << "Connection: keep-alive[\r][\n]"
12:26:44.787 [Forwarding findElement on session 18063075-812d-4a4c-a6cd-30fbf03bc7bd to remote] DEBUG org.apache.http.wire - http-outgoing-21 << "[\r][\n]"
12:26:44.787 [Forwarding findElement on session 18063075-812d-4a4c-a6cd-30fbf03bc7bd to remote] DEBUG org.apache.http.wire - http-outgoing-21 << "{"status":0,"value":{"ELEMENT":"EC020000-0000-0000-CF19-000000000000"},"sessionId":"18063075-812d-4a4c-a6cd-30fbf03bc7bd"}"
&amp#27;[35m[HT12:26:44.787 [Forwarding findElement on session 18063075-812d-4a4c-a6cd-30fbf03bc7bd to remote] DEBUG org.apache.http.headers - http-outgoing-21 << HTTP/1.1 200 OK
T12:26:44.787 [Forwarding findElement on session 18063075-812d-4a4c-a6cd-30fbf03bc7bd to remote] DEBUG org.apache.http.headers - http-outgoing-21 << X-Powered-By: Express
12:26:44.787 [Forwarding findElement on session 18063075-812d-4a4c-a6cd-30fbf03bc7bd to remote] DEBUG org.apache.http.headers - http-outgoing-21 << Access-Control-Allow-Origin: *
12:26:44.787 [Forwarding findElement on session 18063075-812d-4a4c-a6cd-30fbf03bc7bd to remote] DEBUG org.apache.http.headers - http-outgoing-21 << Access-Control-Allow-Methods: GET,POST,PUT,OPTIONS,DELETE
P]&amp#27;12:26:44.787 [Forwarding findElement on session 18063075-812d-4a4c-a6cd-30fbf03bc7bd to remote] DEBUG org.apache.http.headers - http-outgoing-21 << Access-Control-Allow-Headers: origin, content-type, accept
[39m &amp#27;[37m<-- POST /wd/hub/session/18063075-812d-4a4c-a6cd-30fbf03bc712:26:44.787 [Forwarding findElement on session 18063075-812d-4a4c-a6cd-30fbf03bc7bd to remote] DEBUG org.apache.http.headers - http-outgoing-21 << Vary: X-HTTP-Method-Override
bd/element &amp#27;[39m&amp#27;[32m200&amp#27;[39m &amp#27;[12:26:44.788 [Forwarding findElement on session 18063075-812d-4a4c-a6cd-30fbf03bc7bd to remote] DEBUG org.apache.http.headers - http-outgoing-21 << Content-Type: application/json; charset=utf-8
90m2954 ms - 122&amp#27;[39m
12:26:44.788 [Forwarding findElement on session 18063075-812d-4a4c-a6cd-30fbf03bc7bd to remote] DEBUG org.apache.http.headers - http-outgoing-21 << Content-Length: 122
&amp#27;[3512:26:44.788 [Forwarding findElement on session 18063075-812d-4a4c-a6cd-30fbf03bc7bd to remote] DEBUG org.apache.http.headers - http-outgoing-21 << ETag: W/"7a-OspRRU0e7gv17U1/YAlwH3d/wGQ"
m[HTTP]&amp#27;[3912:26:44.788 [Forwarding findElement on session 18063075-812d-4a4c-a6cd-30fbf03bc7bd to remote] DEBUG org.apache.http.headers - http-outgoing-21 << Date: Fri, 23 Aug 2019 06:56:44 GMT
12:26:44.788 [Forwarding findElement on session 18063075-812d-4a4c-a6cd-30fbf03bc7bd to remote] DEBUG org.apache.http.headers - http-outgoing-21 << Connection: keep-alive
m &amp#27;[90m&amp#27;[12:26:44.788 [Forwarding findElement on session 18063075-812d-4a4c-a6cd-30fbf03bc7bd to remote] DEBUG o.a.h.impl.execchain.MainClientExec - Connection can be kept alive indefinitely
39m
12:26:44.789 [Forwarding findElement on session 18063075-812d-4a4c-a6cd-30fbf03bc7bd to remote] DEBUG o.a.h.i.c.PoolingHttpClientConnectionManager - Connection [id: 21][route: {}->http://localhost:4723] can be kept alive indefinitely
12:26:44.789 [Forwarding findElement on session 18063075-812d-4a4c-a6cd-30fbf03bc7bd to remote] DEBUG o.a.h.i.c.PoolingHttpClientConnectionManager - Connection released: [id: 21][route: {}->http://localhost:4723][total kept alive: 1; route allocated: 1 of 2000; total allocated: 1 of 2000]
12:26:44.789 [Forwarding getElementText on session 18063075-812d-4a4c-a6cd-30fbf03bc7bd to remote] DEBUG o.a.h.c.protocol.RequestAddCookies - CookieSpec selected: default
12:26:44.789 [Forwarding getElementText on session 18063075-812d-4a4c-a6cd-30fbf03bc7bd to remote] DEBUG o.a.h.c.protocol.RequestAuthCache - Auth cache not set in the context
12:26:44.789 [Forwarding getElementText on session 18063075-812d-4a4c-a6cd-30fbf03bc7bd to remote] DEBUG o.a.h.i.c.PoolingHttpClientConnectionManager - Connection request: [route: {}->http://localhost:4723][total kept alive: 1; route allocated: 1 of 2000; total allocated: 1 of 2000]
12:26:44.789 [Forwarding getElementText on session 18063075-812d-4a4c-a6cd-30fbf03bc7bd to remote] DEBUG o.a.h.i.c.PoolingHttpClientConnectionManager - Connection leased: [id: 21][route: {}->http://localhost:4723][total kept alive: 0; route allocated: 1 of 2000; total allocated: 1 of 2000]
12:26:44.789 [Forwarding getElementText on session 18063075-812d-4a4c-a6cd-30fbf03bc7bd to remote] DEBUG o.a.h.impl.execchain.MainClientExec - Stale connection check
12:26:44.791 [Forwarding getElementText on session 18063075-812d-4a4c-a6cd-30fbf03bc7bd to remote] DEBUG org.apache.http.wire - http-outgoing-21 << "[read] I/O error: Read timed out"
12:26:44.791 [Forwarding getElementText on session 18063075-812d-4a4c-a6cd-30fbf03bc7bd to remote] DEBUG o.a.h.i.c.DefaultManagedHttpClientConnection - http-outgoing-21: set socket timeout to 10800000
12:26:44.791 [Forwarding getElementText on session 18063075-812d-4a4c-a6cd-30fbf03bc7bd to remote] DEBUG o.a.h.impl.execchain.MainClientExec - Executing request GET /wd/hub/session/18063075-812d-4a4c-a6cd-30fbf03bc7bd/element/EC020000-0000-0000-CF19-000000000000/text HTTP/1.1
12:26:44.791 [Forwarding getElementText on session 18063075-812d-4a4c-a6cd-30fbf03bc7bd to remote] DEBUG o.a.h.impl.execchain.MainClientExec - Target auth state: UNCHALLENGED
12:26:44.791 [Forwarding getElementText on session 18063075-812d-4a4c-a6cd-30fbf03bc7bd to remote] DEBUG o.a.h.impl.execchain.MainClientExec - Proxy auth state: UNCHALLENGED
12:26:44.791 [Forwarding getElementText on session 18063075-812d-4a4c-a6cd-30fbf03bc7bd to remote] DEBUG org.apache.http.headers - http-outgoing-21 >> GET /wd/hub/session/18063075-812d-4a4c-a6cd-30fbf03bc7bd/element/EC020000-0000-0000-CF19-000000000000/text HTTP/1.1
12:26:44.791 [Forwarding getElementText on session 18063075-812d-4a4c-a6cd-30fbf03bc7bd to remote] DEBUG org.apache.http.headers - http-outgoing-21 >> Cache-Control: no-cache
12:26:44.791 [Forwarding getElementText on session 18063075-812d-4a4c-a6cd-30fbf03bc7bd to remote] DEBUG org.apache.http.headers - http-outgoing-21 >> Host: localhost:4723
12:26:44.791 [Forwarding getElementText on session 18063075-812d-4a4c-a6cd-30fbf03bc7bd to remote] DEBUG org.apache.http.headers - http-outgoing-21 >> Connection: Keep-Alive
12:26:44.791 [Forwarding getElementText on session 18063075-812d-4a4c-a6cd-30fbf03bc7bd to remote] DEBUG org.apache.http.headers - http-outgoing-21 >> User-Agent: Apache-HttpClient/4.5.2 (Java/1.8.0_171)
12:26:44.791 [Forwarding getElementText on session 18063075-812d-4a4c-a6cd-30fbf03bc7bd to remote] DEBUG org.apache.http.headers - http-outgoing-21 >> Accept-Encoding: gzip,deflate
12:26:44.791 [Forwarding getElementText on session 18063075-812d-4a4c-a6cd-30fbf03bc7bd to remote] DEBUG org.apache.http.wire - http-outgoing-21 >> "GET /wd/hub/session/18063075-812d-4a4c-a6cd-30fbf03bc7bd/element/EC020000-0000-0000-CF19-000000000000/text HTTP/1.1[\r][\n]"
12:26:44.791 [Forwarding getElementText on session 18063075-812d-4a4c-a6cd-30fbf03bc7bd to remote] DEBUG org.apache.http.wire - http-outgoing-21 >> "Cache-Control: no-cache[\r][\n]"
12:26:44.791 [Forwarding getElementText on session 18063075-812d-4a4c-a6cd-30fbf03bc7bd to remote] DEBUG org.apache.http.wire - http-outgoing-21 >> "Host: localhost:4723[\r][\n]"
12:26:44.791 [Forwarding getElementText on session 18063075-812d-4a4c-a6cd-30fbf03bc7bd to remote] DEBUG org.apache.http.wire - http-outgoing-21 >> "Connection: Keep-Alive[\r][\n]"
12:26:44.791 [Forwarding getElementText on session 18063075-812d-4a4c-a6cd-30fbf03bc7bd to remote] DEBUG org.apache.http.wire - http-outgoing-21 >> "User-Agent: Apache-HttpClient/4.5.2 (Java/1.8.0_171)[\r][\n]"
12:26:44.791 [Forwarding getElementText on session 18063075-812d-4a4c-a6cd-30fbf03bc7bd to remote] DEBUG org.apache.http.wire - http-outgoing-21 >> "Accept-Encoding: gzip,deflate[\r][\n]"
12:26:44.791 [Forwarding getElementText on session 18063075-812d-4a4c-a6cd-30fbf03bc7bd to remote] DEBUG org.apache.http.wire - http-outgoing-21 >> "[\r][\n]"
&amp#27;[35m[HTTP]&amp#27;[39m &amp#27;[37m-->&amp#27;[39m &amp#27;[37mGET&amp#27;[39m &amp#27;[37m/wd/hub/session/18063075-812d-4a4c-a6cd-30fbf03bc7bd/element/EC020000-0000-0000-CF19-000000000000/text&amp#27;[39m
&amp#27;[35m[HTTP]&amp#27;[39m &amp#27;[90m{}&amp#27;[39m
&amp#27;[35m[MJSONWP]&amp#27;[39m Driver proxy active, passing request on via HTTP proxy
&amp#27;[35m[JSONWP Proxy]&amp#27;[39m Replacing sessionId B74F9560-FF94-4D04-9569-9BCC996503BA with 18063075-812d12:26:44.988 [Forwarding getElementText on session 18063075-812d-4a4c-a6cd-30fbf03bc7bd to remote] DEBUG org.apache.http.wire - http-outgoing-21 << "HTTP/1.1 200 OK[\r][\n]"
-4a4c-a6cd-30fbf03bc7bd
12:26:44.988 [Forwarding getElementText on session 18063075-812d-4a4c-a6cd-30fbf03bc7bd to remote] DEBUG org.apache.http.wire - http-outgoing-21 << "X-Powered-By: Express[\r][\n]"
&amp#27;[35m[HTTP]&amp#27;[39m &amp#27;[37m<-- GET /wd/hub/session/18063075-812d-4a4c-a6cd12:26:44.989 [Forwarding getElementText on session 18063075-812d-4a4c-a6cd-30fbf03bc7bd to remote] DEBUG org.apache.http.wire - http-outgoing-21 << "Access-Control-Allow-Origin: *[\r][\n]"
-30fbf03bc7bd/12:26:44.989 [Forwarding getElementText on session 18063075-812d-4a4c-a6cd-30fbf03bc7bd to remote] DEBUG org.apache.http.wire - http-outgoing-21 << "Access-Control-Allow-Methods: GET,POST,PUT,OPTIONS,DELETE[\r][\n]"
element/EC020000-0000-0000-CF19-000000000000/text &amp#27;[39m&amp#27;[32m200&amp#27;[39m &amp#27;[90m196 ms - 84&amp#27;[39m
&amp#27;[35m[HTTP]&amp#27;[3912:26:44.989 [Forwarding getElementText on session 18063075-812d-4a4c-a6cd-30fbf03bc7bd to remote] DEBUG org.apache.http.wire - http-outgoing-21 << "Access-Control-Allow-Headers: origin, content-type, accept[\r][\n]"
m &amp#27;[90m&amp#27;[39m
12:26:44.990 [Forwarding getElementText on session 18063075-812d-4a4c-a6cd-30fbf03bc7bd to remote] DEBUG org.apache.http.wire - http-outgoing-21 << "Content-Type: application/json; charset=utf-8[\r][\n]"
12:26:44.990 [Forwarding getElementText on session 18063075-812d-4a4c-a6cd-30fbf03bc7bd to remote] DEBUG org.apache.http.wire - http-outgoing-21 << "Content-Length: 84[\r][\n]"
12:26:44.990 [Forwarding getElementText on session 18063075-812d-4a4c-a6cd-30fbf03bc7bd to remote] DEBUG org.apache.http.wire - http-outgoing-21 << "ETag: W/"54-PXP1hFWHX2qwlYzK1ADE1TJLemU"[\r][\n]"
12:26:44.990 [Forwarding getElementText on session 18063075-812d-4a4c-a6cd-30fbf03bc7bd to remote] DEBUG org.apache.http.wire - http-outgoing-21 << "Date: Fri, 23 Aug 2019 06:56:44 GMT[\r][\n]"
12:26:44.990 [Forwarding getElementText on session 18063075-812d-4a4c-a6cd-30fbf03bc7bd to remote] DEBUG org.apache.http.wire - http-outgoing-21 << "Connection: keep-alive[\r][\n]"
12:26:44.990 [Forwarding getElementText on session 18063075-812d-4a4c-a6cd-30fbf03bc7bd to remote] DEBUG org.apache.http.wire - http-outgoing-21 << "[\r][\n]"
12:26:44.990 [Forwarding getElementText on session 18063075-812d-4a4c-a6cd-30fbf03bc7bd to remote] DEBUG org.apache.http.wire - http-outgoing-21 << "{"value":"The Intern","sessionId":"18063075-812d-4a4c-a6cd-30fbf03bc7bd","status":0}"
12:26:44.990 [Forwarding getElementText on session 18063075-812d-4a4c-a6cd-30fbf03bc7bd to remote] DEBUG org.apache.http.headers - http-outgoing-21 << HTTP/1.1 200 OK
12:26:44.990 [Forwarding getElementText on session 18063075-812d-4a4c-a6cd-30fbf03bc7bd to remote] DEBUG org.apache.http.headers - http-outgoing-21 << X-Powered-By: Express
12:26:44.990 [Forwarding getElementText on session 18063075-812d-4a4c-a6cd-30fbf03bc7bd to remote] DEBUG org.apache.http.headers - http-outgoing-21 << Access-Control-Allow-Origin: *
12:26:44.990 [Forwarding getElementText on session 18063075-812d-4a4c-a6cd-30fbf03bc7bd to remote] DEBUG org.apache.http.headers - http-outgoing-21 << Access-Control-Allow-Methods: GET,POST,PUT,OPTIONS,DELETE
12:26:44.990 [Forwarding getElementText on session 18063075-812d-4a4c-a6cd-30fbf03bc7bd to remote] DEBUG org.apache.http.headers - http-outgoing-21 << Access-Control-Allow-Headers: origin, content-type, accept
12:26:44.990 [Forwarding getElementText on session 18063075-812d-4a4c-a6cd-30fbf03bc7bd to remote] DEBUG org.apache.http.headers - http-outgoing-21 << Content-Type: application/json; charset=utf-8
12:26:44.990 [Forwarding getElementText on session 18063075-812d-4a4c-a6cd-30fbf03bc7bd to remote] DEBUG org.apache.http.headers - http-outgoing-21 << Content-Length: 84
12:26:44.990 [Forwarding getElementText on session 18063075-812d-4a4c-a6cd-30fbf03bc7bd to remote] DEBUG org.apache.http.headers - http-outgoing-21 << ETag: W/"54-PXP1hFWHX2qwlYzK1ADE1TJLemU"
12:26:44.990 [Forwarding getElementText on session 18063075-812d-4a4c-a6cd-30fbf03bc7bd to remote] DEBUG org.apache.http.headers - http-outgoing-21 << Date: Fri, 23 Aug 2019 06:56:44 GMT
12:26:44.990 [Forwarding getElementText on session 18063075-812d-4a4c-a6cd-30fbf03bc7bd to remote] DEBUG org.apache.http.headers - http-outgoing-21 << Connection: keep-alive
12:26:44.990 [Forwarding getElementText on session 18063075-812d-4a4c-a6cd-30fbf03bc7bd to remote] DEBUG o.a.h.impl.execchain.MainClientExec - Connection can be kept alive indefinitely
12:26:44.990 [Forwarding getElementText on session 18063075-812d-4a4c-a6cd-30fbf03bc7bd to remote] DEBUG o.a.h.i.c.PoolingHttpClientConnectionManager - Connection [id: 21][route: {}->http://localhost:4723] can be kept alive indefinitely
12:26:44.990 [Forwarding getElementText on session 18063075-812d-4a4c-a6cd-30fbf03bc7bd to remote] DEBUG o.a.h.i.c.PoolingHttpClientConnectionManager - Connection released: [id: 21][route: {}->http://localhost:4723][total kept alive: 1; route allocated: 1 of 2000; total allocated: 1 of 2000]
12:26:44.991 [Forwarding findElements on session 18063075-812d-4a4c-a6cd-30fbf03bc7bd to remote] DEBUG o.a.h.c.protocol.RequestAddCookies - CookieSpec selected: default
12:26:44.991 [Forwarding findElements on session 18063075-812d-4a4c-a6cd-30fbf03bc7bd to remote] DEBUG o.a.h.c.protocol.RequestAuthCache - Auth cache not set in the context
12:26:44.991 [Forwarding findElements on session 18063075-812d-4a4c-a6cd-30fbf03bc7bd to remote] DEBUG o.a.h.i.c.PoolingHttpClientConnectionManager - Connection request: [route: {}->http://localhost:4723][total kept alive: 1; route allocated: 1 of 2000; total allocated: 1 of 2000]
12:26:44.991 [Forwarding findElements on session 18063075-812d-4a4c-a6cd-30fbf03bc7bd to remote] DEBUG o.a.h.i.c.PoolingHttpClientConnectionManager - Connection leased: [id: 21][route: {}->http://localhost:4723][total kept alive: 0; route allocated: 1 of 2000; total allocated: 1 of 2000]
12:26:44.991 [Forwarding findElements on session 18063075-812d-4a4c-a6cd-30fbf03bc7bd to remote] DEBUG o.a.h.impl.execchain.MainClientExec - Stale connection check
12:26:44.993 [Forwarding findElements on session 18063075-812d-4a4c-a6cd-30fbf03bc7bd to remote] DEBUG org.apache.http.wire - http-outgoing-21 << "[read] I/O error: Read timed out"
12:26:44.993 [Forwarding findElements on session 18063075-812d-4a4c-a6cd-30fbf03bc7bd to remote] DEBUG o.a.h.i.c.DefaultManagedHttpClientConnection - http-outgoing-21: set socket timeout to 10800000
12:26:44.993 [Forwarding findElements on session 18063075-812d-4a4c-a6cd-30fbf03bc7bd to remote] DEBUG o.a.h.impl.execchain.MainClientExec - Executing request POST /wd/hub/session/18063075-812d-4a4c-a6cd-30fbf03bc7bd/elements HTTP/1.1
12:26:44.993 [Forwarding findElements on session 18063075-812d-4a4c-a6cd-30fbf03bc7bd to remote] DEBUG o.a.h.impl.execchain.MainClientExec - Target auth state: UNCHALLENGED
12:26:44.993 [Forwarding findElements on session 18063075-812d-4a4c-a6cd-30fbf03bc7bd to remote] DEBUG o.a.h.impl.execchain.MainClientExec - Proxy auth state: UNCHALLENGED
12:26:44.993 [Forwarding findElements on session 18063075-812d-4a4c-a6cd-30fbf03bc7bd to remote] DEBUG org.apache.http.headers - http-outgoing-21 >> POST /wd/hub/session/18063075-812d-4a4c-a6cd-30fbf03bc7bd/elements HTTP/1.1
12:26:44.993 [Forwarding findElements on session 18063075-812d-4a4c-a6cd-30fbf03bc7bd to remote] DEBUG org.apache.http.headers - http-outgoing-21 >> Content-Type: application/json; charset=utf-8
12:26:44.993 [Forwarding findElements on session 18063075-812d-4a4c-a6cd-30fbf03bc7bd to remote] DEBUG org.apache.http.headers - http-outgoing-21 >> Content-Length: 296
12:26:44.993 [Forwarding findElements on session 18063075-812d-4a4c-a6cd-30fbf03bc7bd to remote] DEBUG org.apache.http.headers - http-outgoing-21 >> Host: localhost:4723
12:26:44.993 [Forwarding findElements on session 18063075-812d-4a4c-a6cd-30fbf03bc7bd to remote] DEBUG org.apache.http.headers - http-outgoing-21 >> Connection: Keep-Alive
12:26:44.993 [Forwarding findElements on session 18063075-812d-4a4c-a6cd-30fbf03bc7bd to remote] DEBUG org.apache.http.headers - http-outgoing-21 >> User-Agent: Apache-HttpClient/4.5.2 (Java/1.8.0_171)
12:26:44.993 [Forwarding findElements on session 18063075-812d-4a4c-a6cd-30fbf03bc7bd to remote] DEBUG org.apache.http.headers - http-outgoing-21 >> Accept-Encoding: gzip,deflate
12:26:44.993 [Forwarding findElements on session 18063075-812d-4a4c-a6cd-30fbf03bc7bd to remote] DEBUG org.apache.http.wire - http-outgoing-21 >> "POST /wd/hub/session/18063075-812d-4a4c-a6cd-30fbf03bc7bd/elements HTTP/1.1[\r][\n]"
12:26:44.993 [Forwarding findElements on session 18063075-812d-4a4c-a6cd-30fbf03bc7bd to remote] DEBUG org.apache.http.wire - http-outgoing-21 >> "Content-Type: application/json; charset=utf-8[\r][\n]"
12:26:44.993 [Forwarding findElements on session 18063075-812d-4a4c-a6cd-30fbf03bc7bd to remote] DEBUG org.apache.http.wire - http-outgoing-21 >> "Content-Length: 296[\r][\n]"
12:26:44.993 [Forwarding findElements on session 18063075-812d-4a4c-a6cd-30fbf03bc7bd to remote] DEBUG org.apache.http.wire - http-outgoing-21 >> "Host: localhost:4723[\r][\n]"
12:26:44.993 [Forwarding findElements on session 18063075-812d-4a4c-a6cd-30fbf03bc7bd to remote] DEBUG org.apache.http.wire - http-outgoing-21 >> "Connection: Keep-Alive[\r][\n]"
12:26:44.993 [Forwarding findElements on session 18063075-812d-4a4c-a6cd-30fbf03bc7bd to remote] DEBUG org.apache.http.wire - http-outgoing-21 >> "User-Agent: Apache-HttpClient/4.5.2 (Java/1.8.0_171)[\r][\n]"
12:26:44.993 [Forwarding findElements on session 18063075-812d-4a4c-a6cd-30fbf03bc7bd to remote] DEBUG org.apache.http.wire - http-outgoing-21 >> "Accept-Encoding: gzip,deflate[\r][\n]"
12:26:44.993 [Forwarding findElements on session 18063075-812d-4a4c-a6cd-30fbf03bc7bd to remote] DEBUG org.apache.http.wire - http-outgoing-21 >> "[\r][\n]"
12:26:44.993 [Forwarding findElements on session 18063075-812d-4a4c-a6cd-30fbf03bc7bd to remote] DEBUG org.apache.http.wire - http-outgoing-21 >> "{"using":"xpath","value":"//XCUIElementTypeApplication/XCUIElementTypeWindow/XCUIElementTypeOther/XCUIElementTypeOther/XCUIElementTypeOther/XCUIElementTypeOther/XCUIElementTypeOther/XCUIElementTypeOther/XCUIElementTypeOther/XCUIElementTypeScrollView/XCUIElementTypeOther/XCUIElementTypeImage[2]"}"
&amp#27;[35m[HTTP]&amp#27;[39m &amp#27;[37m-->&amp#27;[39m &amp#27;[37mPOST&amp#27;[39m &amp#27;[37m/wd/hub/session/18063075-812d-4a4c-a6cd-30fbf03bc7bd/elements&amp#27;[39m
&amp#27;[35m[HTTP]&amp#27;[39m &amp#27;[90m{"using":"xpath","value":"//XCUIElementTypeApplication/XCUIElementTypeWindow/XCUIElementTypeOther/XCUIElementTypeOther/XCUIElementTypeOther/XCUIElementTypeOther/XCUIElementTypeOther/XCUIElementTypeOther/XCUIElementTypeOther/XCUIElementTypeScrollView/XCUIElementTypeOther/XCUIElementTypeImage[2]"}&amp#27;[39m
12:26:47.935 [Forwarding findElements on session 18063075-812d-4a4c-a6cd-30fbf03bc7bd to remote] DEBUG org.apache.http.wire - http-outgoing-21 << "HTTP/1.1 200 OK[\r][\n]"
12:26:47.935 [Forwarding findElements on session 18063075-812d-4a4c-a6cd-30fbf03bc7bd to remote] DEBUG org.apache.http.wire - http-outgoing-21 << "X-Powered-By: Express[\r][\n]"
12:26:47.935 [Forwarding findElements on session 18063075-812d-4a4c-a6cd-30fbf03bc7bd to remote] DEBUG org.apache.http.wire - http-outgoing-21 << "Access-Control-Allow-Origin: *[\r][\n]"
12:26:47.935 [Forwarding findElements on session 18063075-812d-4a4c-a6cd-30fbf03bc7bd to remote] DEBUG org.apache.http.wire - http-outgoing-21 << "Access-Control-Allow-Methods: GET,POST,PUT,OPTIONS,DELETE[\r][\n]"
12:26:47.935 [Forwarding findElements on session 18063075-812d-4a4c-a6cd-30fbf03bc7bd to remote] DEBUG org.apache.http.wire - http-outgoing-21 << "Access-Control-Allow-Headers: origin, content-type, accept[\r][\n]"
12:26:47.935 [Forwarding findElements on session 18063075-812d-4a4c-a6cd-30fbf03bc7bd to remote] DEBUG org.apache.http.wire - http-outgoing-21 << "Vary: X-HTTP-Method-Override[\r][\n]"
12:26:47.935 [Forwarding findElements on session 18063075-812d-4a4c-a6cd-30fbf03bc7bd to remote] DEBUG org.apache.http.wire - http-outgoing-21 << "Content-Type: application/json; charset=utf-8[\r][\n]"
12:26:47.935 [Forwarding findElements on session 18063075-812d-4a4c-a6cd-30fbf03bc7bd to remote] DEBUG org.apache.http.wire - http-outgoing-21 << "Content-Length: 124[\r][\n]"
12:26:47.935 [Forwarding findElements on session 18063075-812d-4a4c-a6cd-30fbf03bc7bd to remote] DEBUG org.apache.http.wire - http-outgoing-21 << "ETag: W/"7c-lSNEJofkVKzOridyzg0qioMd060"[\r][\n]"
12:26:47.935 [Forwarding findElements on session 18063075-812d-4a4c-a6cd-30fbf03bc7bd to remote] DEBUG org.apache.http.wire - http-outgoing-21 << "Date: Fri, 23 Aug 2019 06:56:47 GMT[\r][\n]"
12:26:47.935 [Forwarding findElements on session 18063075-812d-4a4c-a6cd-30fbf03bc7bd to remote] DEBUG org.apache.http.wire - http-outgoing-21 << "Connection: keep-alive[\r][\n]"
12:26:47.935 [Forwarding findElements on session 18063075-812d-4a4c-a6cd-30fbf03bc7bd to remote] DEBUG org.apache.http.wire - http-outgoing-21 << "[\r][\n]"
12:26:47.935 [Forwarding findElements on session 18063075-812d-4a4c-a6cd-30fbf03bc7bd to remote] DEBUG org.apache.http.wire - http-outgoing-21 << "{"status":0,"value":[{"ELEMENT":"C0020000-0000-0000-CF19-000000000000"}],"sessionId":"18063075-812d-4a4c-a6cd-30fbf03bc7bd"}"
&amp#27;12:26:47.936 [Forwarding findElements on session 18063075-812d-4a4c-a6cd-30fbf03bc7bd to remote] DEBUG org.apache.http.headers - http-outgoing-21 << HTTP/1.1 200 OK
[35m[HTTP]&amp#27;12:26:47.936 [Forwarding findElements on session 18063075-812d-4a4c-a6cd-30fbf03bc7bd to remote] DEBUG org.apache.http.headers - http-outgoing-21 << X-Powered-By: Express
12:26:47.936 [Forwarding findElements on session 18063075-812d-4a4c-a6cd-30fbf03bc7bd to remote] DEBUG org.apache.http.headers - http-outgoing-21 << Access-Control-Allow-Origin: *
12:26:47.936 [Forwarding findElements on session 18063075-812d-4a4c-a6cd-30fbf03bc7bd to remote] DEBUG org.apache.http.headers - http-outgoing-21 << Access-Control-Allow-Methods: GET,POST,PUT,OPTIONS,DELETE
[39m &amp#27;[37m<-- POST /wd/hub/session/18063075-812d-4a4c-a6cd12:26:47.936 [Forwarding findElements on session 18063075-812d-4a4c-a6cd-30fbf03bc7bd to remote] DEBUG org.apache.http.headers - http-outgoing-21 << Access-Control-Allow-Headers: origin, content-type, accept
12:26:47.936 [Forwarding findElements on session 18063075-812d-4a4c-a6cd-30fbf03bc7bd to remote] DEBUG org.apache.http.headers - http-outgoing-21 << Vary: X-HTTP-Method-Override
-30fbf0312:26:47.936 [Forwarding findElements on session 18063075-812d-4a4c-a6cd-30fbf03bc7bd to remote] DEBUG org.apache.http.headers - http-outgoing-21 << Content-Type: application/json; charset=utf-8
bc7bd12:26:47.936 [Forwarding findElements on session 18063075-812d-4a4c-a6cd-30fbf03bc7bd to remote] DEBUG org.apache.http.headers - http-outgoing-21 << Content-Length: 124
/e12:26:47.936 [Forwarding findElements on session 18063075-812d-4a4c-a6cd-30fbf03bc7bd to remote] DEBUG org.apache.http.headers - http-outgoing-21 << ETag: W/"7c-lSNEJofkVKzOridyzg0qioMd060"
12:26:47.936 [Forwarding findElements on session 18063075-812d-4a4c-a6cd-30fbf03bc7bd to remote] DEBUG org.apache.http.headers - http-outgoing-21 << Date: Fri, 23 Aug 2019 06:56:47 GMT
12:26:47.936 [Forwarding findElements on session 18063075-812d-4a4c-a6cd-30fbf03bc7bd to remote] DEBUG org.apache.http.headers - http-outgoing-21 << Connection: keep-alive
lements &amp#27;[39m&amp#27;[32m200&amp#27;[39m &amp#27;[90m2942 ms - 124&amp#27;[39m
12:26:47.936 [Forwarding findElements on session 18063075-812d-4a4c-a6cd-30fbf03bc7bd to remote] DEBUG o.a.h.impl.execchain.MainClientExec - Connection can be kept alive indefinitely
&amp#27;[35m[HTTP]&amp#27;[39m &amp#27;[90m12:26:47.937 [Forwarding findElements on session 18063075-812d-4a4c-a6cd-30fbf03bc7bd to remote] DEBUG o.a.h.i.c.PoolingHttpClientConnectionManager - Connection [id: 21][route: {}->http://localhost:4723] can be kept alive indefinitely
&amp#27;[39m
12:26:47.937 [Forwarding findElements on session 18063075-812d-4a4c-a6cd-30fbf03bc7bd to remote] DEBUG o.a.h.i.c.PoolingHttpClientConnectionManager - Connection released: [id: 21][route: {}->http://localhost:4723][total kept alive: 1; route allocated: 1 of 2000; total allocated: 1 of 2000]
1
12:26:47.938 [Forwarding findElement on session 18063075-812d-4a4c-a6cd-30fbf03bc7bd to remote] DEBUG o.a.h.c.protocol.RequestAddCookies - CookieSpec selected: default
12:26:47.938 [Forwarding findElement on session 18063075-812d-4a4c-a6cd-30fbf03bc7bd to remote] DEBUG o.a.h.c.protocol.RequestAuthCache - Auth cache not set in the context
12:26:47.938 [Forwarding findElement on session 18063075-812d-4a4c-a6cd-30fbf03bc7bd to remote] DEBUG o.a.h.i.c.PoolingHttpClientConnectionManager - Connection request: [route: {}->http://localhost:4723][total kept alive: 1; route allocated: 1 of 2000; total allocated: 1 of 2000]
12:26:47.938 [Forwarding findElement on session 18063075-812d-4a4c-a6cd-30fbf03bc7bd to remote] DEBUG o.a.h.i.c.PoolingHttpClientConnectionManager - Connection leased: [id: 21][route: {}->http://localhost:4723][total kept alive: 0; route allocated: 1 of 2000; total allocated: 1 of 2000]
12:26:47.938 [Forwarding findElement on session 18063075-812d-4a4c-a6cd-30fbf03bc7bd to remote] DEBUG o.a.h.impl.execchain.MainClientExec - Stale connection check
12:26:47.940 [Forwarding findElement on session 18063075-812d-4a4c-a6cd-30fbf03bc7bd to remote] DEBUG org.apache.http.wire - http-outgoing-21 << "[read] I/O error: Read timed out"
12:26:47.940 [Forwarding findElement on session 18063075-812d-4a4c-a6cd-30fbf03bc7bd to remote] DEBUG o.a.h.i.c.DefaultManagedHttpClientConnection - http-outgoing-21: set socket timeout to 10800000
12:26:47.940 [Forwarding findElement on session 18063075-812d-4a4c-a6cd-30fbf03bc7bd to remote] DEBUG o.a.h.impl.execchain.MainClientExec - Executing request POST /wd/hub/session/18063075-812d-4a4c-a6cd-30fbf03bc7bd/element HTTP/1.1
12:26:47.940 [Forwarding findElement on session 18063075-812d-4a4c-a6cd-30fbf03bc7bd to remote] DEBUG o.a.h.impl.execchain.MainClientExec - Target auth state: UNCHALLENGED
12:26:47.940 [Forwarding findElement on session 18063075-812d-4a4c-a6cd-30fbf03bc7bd to remote] DEBUG o.a.h.impl.execchain.MainClientExec - Proxy auth state: UNCHALLENGED
12:26:47.940 [Forwarding findElement on session 18063075-812d-4a4c-a6cd-30fbf03bc7bd to remote] DEBUG org.apache.http.headers - http-outgoing-21 >> POST /wd/hub/session/18063075-812d-4a4c-a6cd-30fbf03bc7bd/element HTTP/1.1
12:26:47.940 [Forwarding findElement on session 18063075-812d-4a4c-a6cd-30fbf03bc7bd to remote] DEBUG org.apache.http.headers - http-outgoing-21 >> Content-Type: application/json; charset=utf-8
12:26:47.940 [Forwarding findElement on session 18063075-812d-4a4c-a6cd-30fbf03bc7bd to remote] DEBUG org.apache.http.headers - http-outgoing-21 >> Content-Length: 349
12:26:47.940 [Forwarding findElement on session 18063075-812d-4a4c-a6cd-30fbf03bc7bd to remote] DEBUG org.apache.http.headers - http-outgoing-21 >> Host: localhost:4723
12:26:47.940 [Forwarding findElement on session 18063075-812d-4a4c-a6cd-30fbf03bc7bd to remote] DEBUG org.apache.http.headers - http-outgoing-21 >> Connection: Keep-Alive
12:26:47.940 [Forwarding findElement on session 18063075-812d-4a4c-a6cd-30fbf03bc7bd to remote] DEBUG org.apache.http.headers - http-outgoing-21 >> User-Agent: Apache-HttpClient/4.5.2 (Java/1.8.0_171)
12:26:47.940 [Forwarding findElement on session 18063075-812d-4a4c-a6cd-30fbf03bc7bd to remote] DEBUG org.apache.http.headers - http-outgoing-21 >> Accept-Encoding: gzip,deflate
12:26:47.940 [Forwarding findElement on session 18063075-812d-4a4c-a6cd-30fbf03bc7bd to remote] DEBUG org.apache.http.wire - http-outgoing-21 >> "POST /wd/hub/session/18063075-812d-4a4c-a6cd-30fbf03bc7bd/element HTTP/1.1[\r][\n]"
12:26:47.940 [Forwarding findElement on session 18063075-812d-4a4c-a6cd-30fbf03bc7bd to remote] DEBUG org.apache.http.wire - http-outgoing-21 >> "Content-Type: application/json; charset=utf-8[\r][\n]"
12:26:47.940 [Forwarding findElement on session 18063075-812d-4a4c-a6cd-30fbf03bc7bd to remote] DEBUG org.apache.http.wire - http-outgoing-21 >> "Content-Length: 349[\r][\n]"
12:26:47.940 [Forwarding findElement on session 18063075-812d-4a4c-a6cd-30fbf03bc7bd to remote] DEBUG org.apache.http.wire - http-outgoing-21 >> "Host: localhost:4723[\r][\n]"
12:26:47.940 [Forwarding findElement on session 18063075-812d-4a4c-a6cd-30fbf03bc7bd to remote] DEBUG org.apache.http.wire - http-outgoing-21 >> "Connection: Keep-Alive[\r][\n]"
12:26:47.940 [Forwarding findElement on session 18063075-812d-4a4c-a6cd-30fbf03bc7bd to remote] DEBUG org.apache.http.wire - http-outgoing-21 >> "User-Agent: Apache-HttpClient/4.5.2 (Java/1.8.0_171)[\r][\n]"
12:26:47.940 [Forwarding findElement on session 18063075-812d-4a4c-a6cd-30fbf03bc7bd to remote] DEBUG org.apache.http.wire - http-outgoing-21 >> "Accept-Encoding: gzip,deflate[\r][\n]"
12:26:47.940 [Forwarding findElement on session 18063075-812d-4a4c-a6cd-30fbf03bc7bd to remote] DEBUG org.apache.http.wire - http-outgoing-21 >> "[\r][\n]"
12:26:47.940 [Forwarding findElement on session 18063075-812d-4a4c-a6cd-30fbf03bc7bd to remote] DEBUG org.apache.http.wire - http-outgoing-21 >> "{"using":"xpath","value":"//XCUIElementTypeApplication/XCUIElementTypeWindow/XCUIElementTypeOther/XCUIElementTypeOther/XCUIElementTypeOther/XCUIElementTypeOther/XCUIElementTypeOther/XCUIElementTypeOther/XCUIElementTypeOther/XCUIElementTypeScrollView/XCUIElementTypeOther[3]/XCUIElementTypeOther[2]/XCUIElementTypeOther/XCUIElementTypeStaticText[1]"}"
&amp#27;[35m[HTTP]&amp#27;[39m &amp#27;[37m-->&amp#27;[39m &amp#27;[37mPOST&amp#27;[39m &amp#27;[37m/wd/hub/session/18063075-812d-4a4c-a6cd-30fbf03bc7bd/element&amp#27;[39m
&amp#27;[35m[HTTP]&amp#27;[39m &amp#27;[90m{"using":"xpath","value":"//XCUIElementTypeApplication/XCUIElementTypeWindow/XCUIElementTypeOther/XCUIElementTypeOther/XCUIElementTypeOther/XCUIElementTypeOther/XCUIElementTypeOther/XCUIElementTypeOther/XCUIElementTypeOther/XCUIElementTypeScrollView/XCUIElementTypeOther[3]/XCUIElementTypeOther[2]/XCUIElementTypeOther/XCUIElementTypeStaticText[1]"}&amp#27;[39m
12:26:50.929 [Forwarding findElement on session 18063075-812d-4a4c-a6cd-30fbf03bc7bd to remote] DEBUG org.apache.http.wire - http-outgoing-21 << "HTTP/1.1 200 OK[\r][\n]"
12:26:50.930 [Forwarding findElement on session 18063075-812d-4a4c-a6cd-30fbf03bc7bd to remote] DEBUG org.apache.http.wire - http-outgoing-21 << "X-Powered-By: Express[\r][\n]"
12:26:50.930 [Forwarding findElement on session 18063075-812d-4a4c-a6cd-30fbf03bc7bd to remote] DEBUG org.apache.http.wire - http-outgoing-21 << "Access-Control-Allow-Origin: *[\r][\n]"
12:26:50.930 [Forwarding findElement on session 18063075-812d-4a4c-a6cd-30fbf03bc7bd to remote] DEBUG org.apache.http.wire - http-outgoing-21 << "Access-Control-Allow-Methods: GET,POST,PUT,OPTIONS,DELETE[\r][\n]"
12:26:50.930 [Forwarding findElement on session 18063075-812d-4a4c-a6cd-30fbf03bc7bd to remote] DEBUG org.apache.http.wire - http-outgoing-21 << "Access-Control-Allow-Headers: origin, content-type, accept[\r][\n]"
12:26:50.930 [Forwarding findElement on session 18063075-812d-4a4c-a6cd-30fbf03bc7bd to remote] DEBUG org.apache.http.wire - http-outgoing-21 << "Vary: X-HTTP-Method-Override[\r][\n]"
12:26:50.930 [Forwarding findElement on session 18063075-812d-4a4c-a6cd-30fbf03bc7bd to remote] DEBUG org.apache.http.wire - http-outgoing-21 << "Content-Type: application/json; charset=utf-8[\r][\n]"
12:26:50.930 [Forwarding findElement on session 18063075-812d-4a4c-a6cd-30fbf03bc7bd to remote] DEBUG org.apache.http.wire - http-outgoing-21 << "Content-Length: 122[\r][\n]"
12:26:50.930 [Forwarding findElement on session 18063075-812d-4a4c-a6cd-30fbf03bc7bd to remote] DEBUG org.apache.http.wire - http-outgoing-21 << "ETag: W/"7a-OspRRU0e7gv17U1/YAlwH3d/wGQ"[\r][\n]"
12:26:50.930 [Forwarding findElement on session 18063075-812d-4a4c-a6cd-30fbf03bc7bd to remote] DEBUG org.apache.http.wire - http-outgoing-21 << "Date: Fri, 23 Aug 2019 06:56:50 GMT[\r][\n]"
12:26:50.930 [Forwarding findElement on session 18063075-812d-4a4c-a6cd-30fbf03bc7bd to remote] DEBUG org.apache.http.wire - http-outgoing-21 << "Connection: keep-alive[\r][\n]"
12:26:50.930 [Forwarding findElement on session 18063075-812d-4a4c-a6cd-30fbf03bc7bd to remote] DEBUG org.apache.http.wire - http-outgoing-21 << "[\r][\n]"
12:26:50.930 [Forwarding findElement on session 18063075-812d-4a4c-a6cd-30fbf03bc7bd to remote] DEBUG org.apache.http.wire - http-outgoing-21 << "{"status":0,"value":{"ELEMENT":"EC020000-0000-0000-CF19-000000000000"},"sessionId":"18063075-812d-4a4c-a6cd-30fbf03bc7bd"}"
12:26:50.930 [Forwarding findElement on session 18063075-812d-4a4c-a6cd-30fbf03bc7bd to remote] DEBUG org.apache.http.headers - http-outgoing-21 << HTTP/1.1 200 OK
12:26:50.930 [Forwarding findElement on session 18063075-812d-4a4c-a6cd-30fbf03bc7bd to remote] DEBUG org.apache.http.headers - http-outgoing-21 << X-Powered-By: Express
12:26:50.930 [Forwarding findElement on session 18063075-812d-4a4c-a6cd-30fbf03bc7bd to remote] DEBUG org.apache.http.headers - http-outgoing-21 << Access-Control-Allow-Origin: *
12:26:50.930 [Forwarding findElement on session 18063075-812d-4a4c-a6cd-30fbf03bc7bd to remote] DEBUG org.apache.http.headers - http-outgoing-21 << Access-Control-Allow-Methods: GET,POST,PUT,OPTIONS,DELETE
12:26:50.930 [Forwarding findElement on session 18063075-812d-4a4c-a6cd-30fbf03bc7bd to remote] DEBUG org.apache.http.headers - http-outgoing-21 << Access-Control-Allow-Headers: origin, content-type, accept
12:26:50.930 [Forwarding findElement on session 18063075-812d-4a4c-a6cd-30fbf03bc7bd to remote] DEBUG org.apache.http.headers - http-outgoing-21 << Vary: X-HTTP-Method-Override
12:26:50.930 [Forwarding findElement on session 18063075-812d-4a4c-a6cd-30fbf03bc7bd to remote] DEBUG org.apache.http.headers - http-outgoing-21 << Content-Type: application/json; charset=utf-8
12:26:50.930 [Forwarding findElement on session 18063075-812d-4a4c-a6cd-30fbf03bc7bd to remote] DEBUG org.apache.http.headers - http-outgoing-21 << Content-Length: 122
12:26:50.930 [Forwarding findElement on session 18063075-812d-4a4c-a6cd-30fbf03bc7bd to remote] DEBUG org.apache.http.headers - http-outgoing-21 << ETag: W/"7a-OspRRU0e7gv17U1/YAlwH3d/wGQ"
12:26:50.930 [Forwarding findElement on session 18063075-812d-4a4c-a6cd-30fbf03bc7bd to remote] DEBUG org.apache.http.headers - http-outgoing-21 << Date: Fri, 23 Aug 2019 06:56:50 GMT
12:26:50.930 [Forwarding findElement on session 18063075-812d-4a4c-a6cd-30fbf03bc7bd to remote] DEBUG org.apache.http.headers - http-outgoing-21 << Connection: keep-alive
12:26:50.930 [Forwarding findElement on session 18063075-812d-4a4c-a6cd-30fbf03bc7bd to remote] DEBUG o.a.h.impl.execchain.MainClientExec - Connection can be kept alive indefinitely
12:26:50.930 [Forwarding findElement on session 18063075-812d-4a4c-a6cd-30fbf03bc7bd to remote] DEBUG o.a.h.i.c.PoolingHttpClientConnectionManager - Connection [id: 21][route: {}->http://localhost:4723] can be kept alive indefinitely
12:26:50.930 [Forwarding findElement on session 18063075-812d-4a4c-a6cd-30fbf03bc7bd to remote] DEBUG o.a.h.i.c.PoolingHttpClientConnectionManager - Connection released: [id: 21][route: {}->http://localhost:4723][total kept alive: 1; route allocated: 1 of 2000; total allocated: 1 of 2000]
12:26:50.931 [Forwarding isElementDisplayed on session 18063075-812d-4a4c-a6cd-30fbf03bc7bd to remote] DEBUG o.a.h.c.protocol.RequestAddCookies - CookieSpec selected: default
12:26:50.931 [Forwarding isElementDisplayed on session 18063075-812d-4a4c-a6cd-30fbf03bc7bd to remote] DEBUG o.a.h.c.protocol.RequestAuthCache - Auth cache not set in the context
12:26:50.931 [Forwarding isElementDisplayed on session 18063075-812d-4a4c-a6cd-30fbf03bc7bd to remote] DEBUG o.a.h.i.c.PoolingHttpClientConnectionManager - Connection request: [route: {}->http://localhost:4723][total kept alive: 1; route allocated: 1 of 2000; total allocated: 1 of 2000]
12:26:50.931 [Forwarding isElementDisplayed on session 18063075-812d-4a4c-a6cd-30fbf03bc7bd to remote] DEBUG o.a.h.i.c.PoolingHttpClientConnectionManager - Connection leased: [id: 21][route: {}->http://localhost:4723][total kept alive: 0; route allocated: 1 of 2000; total allocated: 1 of 2000]
12:26:50.931 [Forwarding isElementDisplayed on session 18063075-812d-4a4c-a6cd-30fbf03bc7bd to remote] DEBUG o.a.h.impl.execchain.MainClientExec - Stale connection check
&amp#27;[35m[HTTP]&amp#27;[39m &amp#27;[37m<-- POST /wd/hub/session/18063075-812d-4a4c-a6cd-30fbf03bc7bd/element &amp#27;[39m&amp#27;[32m200&amp#27;[39m &amp#27;[90m2989 ms - 122&amp#27;[39m
&amp#27;[35m[HTTP]&amp#27;[39m &amp#27;[90m&amp#27;[39m
12:26:50.932 [Forwarding isElementDisplayed on session 18063075-812d-4a4c-a6cd-30fbf03bc7bd to remote] DEBUG org.apache.http.wire - http-outgoing-21 << "[read] I/O error: Read timed out"
12:26:50.932 [Forwarding isElementDisplayed on session 18063075-812d-4a4c-a6cd-30fbf03bc7bd to remote] DEBUG o.a.h.i.c.DefaultManagedHttpClientConnection - http-outgoing-21: set socket timeout to 10800000
12:26:50.932 [Forwarding isElementDisplayed on session 18063075-812d-4a4c-a6cd-30fbf03bc7bd to remote] DEBUG o.a.h.impl.execchain.MainClientExec - Executing request GET /wd/hub/session/18063075-812d-4a4c-a6cd-30fbf03bc7bd/element/EC020000-0000-0000-CF19-000000000000/displayed HTTP/1.1
12:26:50.932 [Forwarding isElementDisplayed on session 18063075-812d-4a4c-a6cd-30fbf03bc7bd to remote] DEBUG o.a.h.impl.execchain.MainClientExec - Target auth state: UNCHALLENGED
12:26:50.932 [Forwarding isElementDisplayed on session 18063075-812d-4a4c-a6cd-30fbf03bc7bd to remote] DEBUG o.a.h.impl.execchain.MainClientExec - Proxy auth state: UNCHALLENGED
12:26:50.932 [Forwarding isElementDisplayed on session 18063075-812d-4a4c-a6cd-30fbf03bc7bd to remote] DEBUG org.apache.http.headers - http-outgoing-21 >> GET /wd/hub/session/18063075-812d-4a4c-a6cd-30fbf03bc7bd/element/EC020000-0000-0000-CF19-000000000000/displayed HTTP/1.1
12:26:50.932 [Forwarding isElementDisplayed on session 18063075-812d-4a4c-a6cd-30fbf03bc7bd to remote] DEBUG org.apache.http.headers - http-outgoing-21 >> Cache-Control: no-cache
12:26:50.932 [Forwarding isElementDisplayed on session 18063075-812d-4a4c-a6cd-30fbf03bc7bd to remote] DEBUG org.apache.http.headers - http-outgoing-21 >> Host: localhost:4723
12:26:50.932 [Forwarding isElementDisplayed on session 18063075-812d-4a4c-a6cd-30fbf03bc7bd to remote] DEBUG org.apache.http.headers - http-outgoing-21 >> Connection: Keep-Alive
12:26:50.932 [Forwarding isElementDisplayed on session 18063075-812d-4a4c-a6cd-30fbf03bc7bd to remote] DEBUG org.apache.http.headers - http-outgoing-21 >> User-Agent: Apache-HttpClient/4.5.2 (Java/1.8.0_171)
12:26:50.932 [Forwarding isElementDisplayed on session 18063075-812d-4a4c-a6cd-30fbf03bc7bd to remote] DEBUG org.apache.http.headers - http-outgoing-21 >> Accept-Encoding: gzip,deflate
12:26:50.932 [Forwarding isElementDisplayed on session 18063075-812d-4a4c-a6cd-30fbf03bc7bd to remote] DEBUG org.apache.http.wire - http-outgoing-21 >> "GET /wd/hub/session/18063075-812d-4a4c-a6cd-30fbf03bc7bd/element/EC020000-0000-0000-CF19-000000000000/displayed HTTP/1.1[\r][\n]"
12:26:50.932 [Forwarding isElementDisplayed on session 18063075-812d-4a4c-a6cd-30fbf03bc7bd to remote] DEBUG org.apache.http.wire - http-outgoing-21 >> "Cache-Control: no-cache[\r][\n]"
12:26:50.932 [Forwarding isElementDisplayed on session 18063075-812d-4a4c-a6cd-30fbf03bc7bd to remote] DEBUG org.apache.http.wire - http-outgoing-21 >> "Host: localhost:4723[\r][\n]"
12:26:50.932 [Forwarding isElementDisplayed on session 18063075-812d-4a4c-a6cd-30fbf03bc7bd to remote] DEBUG org.apache.http.wire - http-outgoing-21 >> "Connection: Keep-Alive[\r][\n]"
12:26:50.932 [Forwarding isElementDisplayed on session 18063075-812d-4a4c-a6cd-30fbf03bc7bd to remote] DEBUG org.apache.http.wire - http-outgoing-21 >> "User-Agent: Apache-HttpClient/4.5.2 (Java/1.8.0_171)[\r][\n]"
12:26:50.932 [Forwarding isElementDisplayed on session 18063075-812d-4a4c-a6cd-30fbf03bc7bd to remote] DEBUG org.apache.http.wire - http-outgoing-21 >> "Accept-Encoding: gzip,deflate[\r][\n]"
12:26:50.932 [Forwarding isElementDisplayed on session 18063075-812d-4a4c-a6cd-30fbf03bc7bd to remote] DEBUG org.apache.http.wire - http-outgoing-21 >> "[\r][\n]"
&amp#27;[35m[HTTP]&amp#27;[39m &amp#27;[37m-->&amp#27;[39m &amp#27;[37mGET&amp#27;[39m &amp#27;[37m/wd/hub/session/18063075-812d-4a4c-a6cd-30fbf03bc7bd/element/EC020000-0000-0000-CF19-000000000000/displayed&amp#27;[39m
&amp#27;[35m[HTTP]&amp#27;[39m &amp#27;[90m{}&amp#27;[39m
&amp#27;[35m[MJSONWP]&amp#27;[39m Driver proxy active, passing request on via HTTP proxy
&amp#27;[35m[JSONWP Proxy]&amp#27;[39m Replacing sessionId B74F9560-FF94-4D04-9569-9BCC996503BA with 18063075-812d-4a4c-a6cd-3012:26:51.209 [Forwarding isElementDisplayed on session 18063075-812d-4a4c-a6cd-30fbf03bc7bd to remote] DEBUG org.apache.http.wire - http-outgoing-21 << "HTTP/1.1 200 OK[\r][\n]"
fbf03bc7bd
12:26:51.209 [Forwarding isElementDisplayed on session 18063075-812d-4a4c-a6cd-30fbf03bc7bd to remote] DEBUG org.apache.http.wire - http-outgoing-21 << "X-Powered-By: Express[\r][\n]"
12:26:51.209 [Forwarding isElementDisplayed on session 18063075-812d-4a4c-a6cd-30fbf03bc7bd to remote] DEBUG org.apache.http.wire - http-outgoing-21 << "Access-Control-Allow-Origin: *[\r][\n]"
&amp#27;[35m[HTTP]&amp#27;[39m &amp#27;[37m<-- G12:26:51.209 [Forwarding isElementDisplayed on session 18063075-812d-4a4c-a6cd-30fbf03bc7bd to remote] DEBUG org.apache.http.wire - http-outgoing-21 << "Access-Control-Allow-Methods: GET,POST,PUT,OPTIONS,DELETE[\r][\n]"
12:26:51.209 [Forwarding isElementDisplayed on session 18063075-812d-4a4c-a6cd-30fbf03bc7bd to remote] DEBUG org.apache.http.wire - http-outgoing-21 << "Access-Control-Allow-Headers: origin, content-type, accept[\r][\n]"
12:26:51.209 [Forwarding isElementDisplayed on session 18063075-812d-4a4c-a6cd-30fbf03bc7bd to remote] DEBUG org.apache.http.wire - http-outgoing-21 << "Content-Type: application/json; charset=utf-8[\r][\n]"
ET /wd/hub/session/18012:26:51.209 [Forwarding isElementDisplayed on session 18063075-812d-4a4c-a6cd-30fbf03bc7bd to remote] DEBUG org.apache.http.wire - http-outgoing-21 << "Content-Length: 76[\r][\n]"
12:26:51.209 [Forwarding isElementDisplayed on session 18063075-812d-4a4c-a6cd-30fbf03bc7bd to remote] DEBUG org.apache.http.wire - http-outgoing-21 << "ETag: W/"4c-Y7k244UeXncxktz3h+rJR8RJids"[\r][\n]"
63075-812d-4a4c-a6cd-30fbf03bc712:26:51.210 [Forwarding isElementDisplayed on session 18063075-812d-4a4c-a6cd-30fbf03bc7bd to remote] DEBUG org.apache.http.wire - http-outgoing-21 << "Date: Fri, 23 Aug 2019 06:56:51 GMT[\r][\n]"
bd12:26:51.210 [Forwarding isElementDisplayed on session 18063075-812d-4a4c-a6cd-30fbf03bc7bd to remote] DEBUG org.apache.http.wire - http-outgoing-21 << "Connection: keep-alive[\r][\n]"
12:26:51.210 [Forwarding isElementDisplayed on session 18063075-812d-4a4c-a6cd-30fbf03bc7bd to remote] DEBUG org.apache.http.wire - http-outgoing-21 << "[\r][\n]"
/element12:26:51.210 [Forwarding isElementDisplayed on session 18063075-812d-4a4c-a6cd-30fbf03bc7bd to remote] DEBUG org.apache.http.wire - http-outgoing-21 << "{"value":true,"sessionId":"18063075-812d-4a4c-a6cd-30fbf03bc7bd","status":0}"
/EC020000-0000-0000-CF19-0012:26:51.210 [Forwarding isElementDisplayed on session 18063075-812d-4a4c-a6cd-30fbf03bc7bd to remote] DEBUG org.apache.http.headers - http-outgoing-21 << HTTP/1.1 200 OK
0000000000/displayed &amp#27;[312:26:51.210 [Forwarding isElementDisplayed on session 18063075-812d-4a4c-a6cd-30fbf03bc7bd to remote] DEBUG org.apache.http.headers - http-outgoing-21 << X-Powered-By: Express
9m&amp#27;[32m200&amp#27;[39m &amp#27;[12:26:51.210 [Forwarding isElementDisplayed on session 18063075-812d-4a4c-a6cd-30fbf03bc7bd to remote] DEBUG org.apache.http.headers - http-outgoing-21 << Access-Control-Allow-Origin: *
90m275 ms - 76&amp#27;[39m
12:26:51.211 [Forwarding isElementDisplayed on session 18063075-812d-4a4c-a6cd-30fbf03bc7bd to remote] DEBUG org.apache.http.headers - http-outgoing-21 << Access-Control-Allow-Methods: GET,POST,PUT,OPTIONS,DELETE
&amp#27;[35m[HTTP]&amp#27;[39m &amp#27;[90m&amp#27;[39m
12:26:51.211 [Forwarding isElementDisplayed on session 18063075-812d-4a4c-a6cd-30fbf03bc7bd to remote] DEBUG org.apache.http.headers - http-outgoing-21 << Access-Control-Allow-Headers: origin, content-type, accept
12:26:51.211 [Forwarding isElementDisplayed on session 18063075-812d-4a4c-a6cd-30fbf03bc7bd to remote] DEBUG org.apache.http.headers - http-outgoing-21 << Content-Type: application/json; charset=utf-8
12:26:51.211 [Forwarding isElementDisplayed on session 18063075-812d-4a4c-a6cd-30fbf03bc7bd to remote] DEBUG org.apache.http.headers - http-outgoing-21 << Content-Length: 76
12:26:51.211 [Forwarding isElementDisplayed on session 18063075-812d-4a4c-a6cd-30fbf03bc7bd to remote] DEBUG org.apache.http.headers - http-outgoing-21 << ETag: W/"4c-Y7k244UeXncxktz3h+rJR8RJids"
12:26:51.211 [Forwarding isElementDisplayed on session 18063075-812d-4a4c-a6cd-30fbf03bc7bd to remote] DEBUG org.apache.http.headers - http-outgoing-21 << Date: Fri, 23 Aug 2019 06:56:51 GMT
12:26:51.211 [Forwarding isElementDisplayed on session 18063075-812d-4a4c-a6cd-30fbf03bc7bd to remote] DEBUG org.apache.http.headers - http-outgoing-21 << Connection: keep-alive
12:26:51.211 [Forwarding isElementDisplayed on session 18063075-812d-4a4c-a6cd-30fbf03bc7bd to remote] DEBUG o.a.h.impl.execchain.MainClientExec - Connection can be kept alive indefinitely
12:26:51.211 [Forwarding isElementDisplayed on session 18063075-812d-4a4c-a6cd-30fbf03bc7bd to remote] DEBUG o.a.h.i.c.PoolingHttpClientConnectionManager - Connection [id: 21][route: {}->http://localhost:4723] can be kept alive indefinitely
12:26:51.211 [Forwarding isElementDisplayed on session 18063075-812d-4a4c-a6cd-30fbf03bc7bd to remote] DEBUG o.a.h.i.c.PoolingHttpClientConnectionManager - Connection released: [id: 21][route: {}->http://localhost:4723][total kept alive: 1; route allocated: 1 of 2000; total allocated: 1 of 2000]
12:26:51.212 [Forwarding findElement on session 18063075-812d-4a4c-a6cd-30fbf03bc7bd to remote] DEBUG o.a.h.c.protocol.RequestAddCookies - CookieSpec selected: default
12:26:51.212 [Forwarding findElement on session 18063075-812d-4a4c-a6cd-30fbf03bc7bd to remote] DEBUG o.a.h.c.protocol.RequestAuthCache - Auth cache not set in the context
12:26:51.212 [Forwarding findElement on session 18063075-812d-4a4c-a6cd-30fbf03bc7bd to remote] DEBUG o.a.h.i.c.PoolingHttpClientConnectionManager - Connection request: [route: {}->http://localhost:4723][total kept alive: 1; route allocated: 1 of 2000; total allocated: 1 of 2000]
12:26:51.212 [Forwarding findElement on session 18063075-812d-4a4c-a6cd-30fbf03bc7bd to remote] DEBUG o.a.h.i.c.PoolingHttpClientConnectionManager - Connection leased: [id: 21][route: {}->http://localhost:4723][total kept alive: 0; route allocated: 1 of 2000; total allocated: 1 of 2000]
12:26:51.212 [Forwarding findElement on session 18063075-812d-4a4c-a6cd-30fbf03bc7bd to remote] DEBUG o.a.h.impl.execchain.MainClientExec - Stale connection check
12:26:51.214 [Forwarding findElement on session 18063075-812d-4a4c-a6cd-30fbf03bc7bd to remote] DEBUG org.apache.http.wire - http-outgoing-21 << "[read] I/O error: Read timed out"
12:26:51.214 [Forwarding findElement on session 18063075-812d-4a4c-a6cd-30fbf03bc7bd to remote] DEBUG o.a.h.i.c.DefaultManagedHttpClientConnection - http-outgoing-21: set socket timeout to 10800000
12:26:51.214 [Forwarding findElement on session 18063075-812d-4a4c-a6cd-30fbf03bc7bd to remote] DEBUG o.a.h.impl.execchain.MainClientExec - Executing request POST /wd/hub/session/18063075-812d-4a4c-a6cd-30fbf03bc7bd/element HTTP/1.1
12:26:51.214 [Forwarding findElement on session 18063075-812d-4a4c-a6cd-30fbf03bc7bd to remote] DEBUG o.a.h.impl.execchain.MainClientExec - Target auth state: UNCHALLENGED
12:26:51.214 [Forwarding findElement on session 18063075-812d-4a4c-a6cd-30fbf03bc7bd to remote] DEBUG o.a.h.impl.execchain.MainClientExec - Proxy auth state: UNCHALLENGED
12:26:51.214 [Forwarding findElement on session 18063075-812d-4a4c-a6cd-30fbf03bc7bd to remote] DEBUG org.apache.http.headers - http-outgoing-21 >> POST /wd/hub/session/18063075-812d-4a4c-a6cd-30fbf03bc7bd/element HTTP/1.1
12:26:51.214 [Forwarding findElement on session 18063075-812d-4a4c-a6cd-30fbf03bc7bd to remote] DEBUG org.apache.http.headers - http-outgoing-21 >> Content-Type: application/json; charset=utf-8
12:26:51.214 [Forwarding findElement on session 18063075-812d-4a4c-a6cd-30fbf03bc7bd to remote] DEBUG org.apache.http.headers - http-outgoing-21 >> Content-Length: 349
12:26:51.214 [Forwarding findElement on session 18063075-812d-4a4c-a6cd-30fbf03bc7bd to remote] DEBUG org.apache.http.headers - http-outgoing-21 >> Host: localhost:4723
12:26:51.214 [Forwarding findElement on session 18063075-812d-4a4c-a6cd-30fbf03bc7bd to remote] DEBUG org.apache.http.headers - http-outgoing-21 >> Connection: Keep-Alive
12:26:51.214 [Forwarding findElement on session 18063075-812d-4a4c-a6cd-30fbf03bc7bd to remote] DEBUG org.apache.http.headers - http-outgoing-21 >> User-Agent: Apache-HttpClient/4.5.2 (Java/1.8.0_171)
12:26:51.214 [Forwarding findElement on session 18063075-812d-4a4c-a6cd-30fbf03bc7bd to remote] DEBUG org.apache.http.headers - http-outgoing-21 >> Accept-Encoding: gzip,deflate
12:26:51.214 [Forwarding findElement on session 18063075-812d-4a4c-a6cd-30fbf03bc7bd to remote] DEBUG org.apache.http.wire - http-outgoing-21 >> "POST /wd/hub/session/18063075-812d-4a4c-a6cd-30fbf03bc7bd/element HTTP/1.1[\r][\n]"
12:26:51.214 [Forwarding findElement on session 18063075-812d-4a4c-a6cd-30fbf03bc7bd to remote] DEBUG org.apache.http.wire - http-outgoing-21 >> "Content-Type: application/json; charset=utf-8[\r][\n]"
12:26:51.214 [Forwarding findElement on session 18063075-812d-4a4c-a6cd-30fbf03bc7bd to remote] DEBUG org.apache.http.wire - http-outgoing-21 >> "Content-Length: 349[\r][\n]"
12:26:51.214 [Forwarding findElement on session 18063075-812d-4a4c-a6cd-30fbf03bc7bd to remote] DEBUG org.apache.http.wire - http-outgoing-21 >> "Host: localhost:4723[\r][\n]"
12:26:51.214 [Forwarding findElement on session 18063075-812d-4a4c-a6cd-30fbf03bc7bd to remote] DEBUG org.apache.http.wire - http-outgoing-21 >> "Connection: Keep-Alive[\r][\n]"
12:26:51.214 [Forwarding findElement on session 18063075-812d-4a4c-a6cd-30fbf03bc7bd to remote] DEBUG org.apache.http.wire - http-outgoing-21 >> "User-Agent: Apache-HttpClient/4.5.2 (Java/1.8.0_171)[\r][\n]"
12:26:51.214 [Forwarding findElement on session 18063075-812d-4a4c-a6cd-30fbf03bc7bd to remote] DEBUG org.apache.http.wire - http-outgoing-21 >> "Accept-Encoding: gzip,deflate[\r][\n]"
12:26:51.214 [Forwarding findElement on session 18063075-812d-4a4c-a6cd-30fbf03bc7bd to remote] DEBUG org.apache.http.wire - http-outgoing-21 >> "[\r][\n]"
12:26:51.214 [Forwarding findElement on session 18063075-812d-4a4c-a6cd-30fbf03bc7bd to remote] DEBUG org.apache.http.wire - http-outgoing-21 >> "{"using":"xpath","value":"//XCUIElementTypeApplication/XCUIElementTypeWindow/XCUIElementTypeOther/XCUIElementTypeOther/XCUIElementTypeOther/XCUIElementTypeOther/XCUIElementTypeOther/XCUIElementTypeOther/XCUIElementTypeOther/XCUIElementTypeScrollView/XCUIElementTypeOther[3]/XCUIElementTypeOther[2]/XCUIElementTypeOther/XCUIElementTypeStaticText[2]"}"
&amp#27;[35m[HTTP]&amp#27;[39m &amp#27;[37m-->&amp#27;[39m &amp#27;[37mPOST&amp#27;[39m &amp#27;[37m/wd/hub/session/18063075-812d-4a4c-a6cd-30fbf03bc7bd/element&amp#27;[39m
&amp#27;[35m[HTTP]&amp#27;[39m &amp#27;[90m{"using":"xpath","value":"//XCUIElementTypeApplication/XCUIElementTypeWindow/XCUIElementTypeOther/XCUIElementTypeOther/XCUIElementTypeOther/XCUIElementTypeOther/XCUIElementTypeOther/XCUIElementTypeOther/XCUIElementTypeOther/XCUIElementTypeScrollView/XCUIElementTypeOther[3]/XCUIElementTypeOther[2]/XCUIElementTypeOther/XCUIElementTypeStaticText[2]"}&amp#27;[39m
12:26:54.167 [Forwarding findElement on session 18063075-812d-4a4c-a6cd-30fbf03bc7bd to remote] DEBUG org.apache.http.wire - http-outgoing-21 << "HTTP/1.1 200 OK[\r][\n]"
12:26:54.167 [Forwarding findElement on session 18063075-812d-4a4c-a6cd-30fbf03bc7bd to remote] DEBUG org.apache.http.wire - http-outgoing-21 << "X-Powered-By: Express[\r][\n]"
12:26:54.167 [Forwarding findElement on session 18063075-812d-4a4c-a6cd-30fbf03bc7bd to remote] DEBUG org.apache.http.wire - http-outgoing-21 << "Access-Control-Allow-Origin: *[\r][\n]"
12:26:54.167 [Forwarding findElement on session 18063075-812d-4a4c-a6cd-30fbf03bc7bd to remote] DEBUG org.apache.http.wire - http-outgoing-21 << "Access-Control-Allow-Methods: GET,POST,PUT,OPTIONS,DELETE[\r][\n]"
12:26:54.167 [Forwarding findElement on session 18063075-812d-4a4c-a6cd-30fbf03bc7bd to remote] DEBUG org.apache.http.wire - http-outgoing-21 << "Access-Control-Allow-Headers: origin, content-type, accept[\r][\n]"
12:26:54.167 [Forwarding findElement on session 18063075-812d-4a4c-a6cd-30fbf03bc7bd to remote] DEBUG org.apache.http.wire - http-outgoing-21 << "Vary: X-HTTP-Method-Override[\r][\n]"
12:26:54.167 [Forwarding findElement on session 18063075-812d-4a4c-a6cd-30fbf03bc7bd to remote] DEBUG org.apache.http.wire - http-outgoing-21 << "Content-Type: application/json; charset=utf-8[\r][\n]"
12:26:54.167 [Forwarding findElement on session 18063075-812d-4a4c-a6cd-30fbf03bc7bd to remote] DEBUG org.apache.http.wire - http-outgoing-21 << "Content-Length: 122[\r][\n]"
12:26:54.167 [Forwarding findElement on session 18063075-812d-4a4c-a6cd-30fbf03bc7bd to remote] DEBUG org.apache.http.wire - http-outgoing-21 << "ETag: W/"7a-kSeKBMkXX27lPVbO6NOHUS73XtE"[\r][\n]"
12:26:54.167 [Forwarding findElement on session 18063075-812d-4a4c-a6cd-30fbf03bc7bd to remote] DEBUG org.apache.http.wire - http-outgoing-21 << "Date: Fri, 23 Aug 2019 06:56:54 GMT[\r][\n]"
12:26:54.167 [Forwarding findElement on session 18063075-812d-4a4c-a6cd-30fbf03bc7bd to remote] DEBUG org.apache.http.wire - http-outgoing-21 << "Connection: keep-alive[\r][\n]"
12:26:54.167 [Forwarding findElement on session 18063075-812d-4a4c-a6cd-30fbf03bc7bd to remote] DEBUG org.apache.http.wire - http-outgoing-21 << "[\r][\n]"
12:26:54.167 [Forwarding findElement on session 18063075-812d-4a4c-a6cd-30fbf03bc7bd to remote] DEBUG org.apache.http.wire - http-outgoing-21 << "{"status":0,"value":{"ELEMENT":"ED020000-0000-0000-CF19-000000000000"},"sessionId":"18063075-812d-4a4c-a6cd-30fbf03bc7bd"}"
12:26:54.168 [Forwarding findElement on session 18063075-812d-4a4c-a6cd-30fbf03bc7bd to remote] DEBUG org.apache.http.headers - http-outgoing-21 << HTTP/1.1 200 OK
12:26:54.168 [Forwarding findElement on session 18063075-812d-4a4c-a6cd-30fbf03bc7bd to remote] DEBUG org.apache.http.headers - http-outgoing-21 << X-Powered-By: Express
12:26:54.168 [Forwarding findElement on session 18063075-812d-4a4c-a6cd-30fbf03bc7bd to remote] DEBUG org.apache.http.headers - http-outgoing-21 << Access-Control-Allow-Origin: *
12:26:54.168 [Forwarding findElement on session 18063075-812d-4a4c-a6cd-30fbf03bc7bd to remote] DEBUG org.apache.http.headers - http-outgoing-21 << Access-Control-Allow-Methods: GET,POST,PUT,OPTIONS,DELETE
12:26:54.168 [Forwarding findElement on session 18063075-812d-4a4c-a6cd-30fbf03bc7bd to remote] DEBUG org.apache.http.headers - http-outgoing-21 << Access-Control-Allow-Headers: origin, content-type, accept
12:26:54.168 [Forwarding findElement on session 18063075-812d-4a4c-a6cd-30fbf03bc7bd to remote] DEBUG org.apache.http.headers - http-outgoing-21 << Vary: X-HTTP-Method-Override
12:26:54.168 [Forwarding findElement on session 18063075-812d-4a4c-a6cd-30fbf03bc7bd to remote] DEBUG org.apache.http.headers - http-outgoing-21 << Content-Type: application/json; charset=utf-8
12:26:54.168 [Forwarding findElement on session 18063075-812d-4a4c-a6cd-30fbf03bc7bd to remote] DEBUG org.apache.http.headers - http-outgoing-21 << Content-Length: 122
12:26:54.168 [Forwarding findElement on session 18063075-812d-4a4c-a6cd-30fbf03bc7bd to remote] DEBUG org.apache.http.headers - http-outgoing-21 << ETag: W/"7a-kSeKBMkXX27lPVbO6NOHUS73XtE"
12:26:54.168 [Forwarding findElement on session 18063075-812d-4a4c-a6cd-30fbf03bc7bd to remote] DEBUG org.apache.http.headers - http-outgoing-21 << Date: Fri, 23 Aug 2019 06:56:54 GMT
&amp#27;[35m[HTTP]&amp#27;[39m &amp#27;[37m<--12:26:54.168 [Forwarding findElement on session 18063075-812d-4a4c-a6cd-30fbf03bc7bd to remote] DEBUG org.apache.http.headers - http-outgoing-21 << Connection: keep-alive
 POST /w12:26:54.168 [Forwarding findElement on session 18063075-812d-4a4c-a6cd-30fbf03bc7bd to remote] DEBUG o.a.h.impl.execchain.MainClientExec - Connection can be kept alive indefinitely
d/hub/session/180630712:26:54.168 [Forwarding findElement on session 18063075-812d-4a4c-a6cd-30fbf03bc7bd to remote] DEBUG o.a.h.i.c.PoolingHttpClientConnectionManager - Connection [id: 21][route: {}->http://localhost:4723] can be kept alive indefinitely
5-812d-4a4c-a6cd-30fbf03bc7bd/element &amp#27;[39m&amp#27;[32m200&amp#27;[39m &amp#27;[90m2952 ms - 122&amp#27;[39m
12:26:54.168 [Forwarding findElement on session 18063075-812d-4a4c-a6cd-30fbf03bc7bd to remote] DEBUG o.a.h.i.c.PoolingHttpClientConnectionManager - Connection released: [id: 21][route: {}->http://localhost:4723][total kept alive: 1; route allocated: 1 of 2000; total allocated: 1 of 2000]
&amp#27;[35m[HTTP]&amp#27;[39m &amp#27;[90m&amp#27;[39m
12:26:54.169 [Forwarding isElementDisplayed on session 18063075-812d-4a4c-a6cd-30fbf03bc7bd to remote] DEBUG o.a.h.c.protocol.RequestAddCookies - CookieSpec selected: default
12:26:54.169 [Forwarding isElementDisplayed on session 18063075-812d-4a4c-a6cd-30fbf03bc7bd to remote] DEBUG o.a.h.c.protocol.RequestAuthCache - Auth cache not set in the context
12:26:54.169 [Forwarding isElementDisplayed on session 18063075-812d-4a4c-a6cd-30fbf03bc7bd to remote] DEBUG o.a.h.i.c.PoolingHttpClientConnectionManager - Connection request: [route: {}->http://localhost:4723][total kept alive: 1; route allocated: 1 of 2000; total allocated: 1 of 2000]
12:26:54.169 [Forwarding isElementDisplayed on session 18063075-812d-4a4c-a6cd-30fbf03bc7bd to remote] DEBUG o.a.h.i.c.PoolingHttpClientConnectionManager - Connection leased: [id: 21][route: {}->http://localhost:4723][total kept alive: 0; route allocated: 1 of 2000; total allocated: 1 of 2000]
12:26:54.169 [Forwarding isElementDisplayed on session 18063075-812d-4a4c-a6cd-30fbf03bc7bd to remote] DEBUG o.a.h.impl.execchain.MainClientExec - Stale connection check
12:26:54.171 [Forwarding isElementDisplayed on session 18063075-812d-4a4c-a6cd-30fbf03bc7bd to remote] DEBUG org.apache.http.wire - http-outgoing-21 << "[read] I/O error: Read timed out"
12:26:54.171 [Forwarding isElementDisplayed on session 18063075-812d-4a4c-a6cd-30fbf03bc7bd to remote] DEBUG o.a.h.i.c.DefaultManagedHttpClientConnection - http-outgoing-21: set socket timeout to 10800000
12:26:54.171 [Forwarding isElementDisplayed on session 18063075-812d-4a4c-a6cd-30fbf03bc7bd to remote] DEBUG o.a.h.impl.execchain.MainClientExec - Executing request GET /wd/hub/session/18063075-812d-4a4c-a6cd-30fbf03bc7bd/element/ED020000-0000-0000-CF19-000000000000/displayed HTTP/1.1
12:26:54.171 [Forwarding isElementDisplayed on session 18063075-812d-4a4c-a6cd-30fbf03bc7bd to remote] DEBUG o.a.h.impl.execchain.MainClientExec - Target auth state: UNCHALLENGED
12:26:54.171 [Forwarding isElementDisplayed on session 18063075-812d-4a4c-a6cd-30fbf03bc7bd to remote] DEBUG o.a.h.impl.execchain.MainClientExec - Proxy auth state: UNCHALLENGED
12:26:54.171 [Forwarding isElementDisplayed on session 18063075-812d-4a4c-a6cd-30fbf03bc7bd to remote] DEBUG org.apache.http.headers - http-outgoing-21 >> GET /wd/hub/session/18063075-812d-4a4c-a6cd-30fbf03bc7bd/element/ED020000-0000-0000-CF19-000000000000/displayed HTTP/1.1
12:26:54.171 [Forwarding isElementDisplayed on session 18063075-812d-4a4c-a6cd-30fbf03bc7bd to remote] DEBUG org.apache.http.headers - http-outgoing-21 >> Cache-Control: no-cache
12:26:54.171 [Forwarding isElementDisplayed on session 18063075-812d-4a4c-a6cd-30fbf03bc7bd to remote] DEBUG org.apache.http.headers - http-outgoing-21 >> Host: localhost:4723
12:26:54.171 [Forwarding isElementDisplayed on session 18063075-812d-4a4c-a6cd-30fbf03bc7bd to remote] DEBUG org.apache.http.headers - http-outgoing-21 >> Connection: Keep-Alive
12:26:54.171 [Forwarding isElementDisplayed on session 18063075-812d-4a4c-a6cd-30fbf03bc7bd to remote] DEBUG org.apache.http.headers - http-outgoing-21 >> User-Agent: Apache-HttpClient/4.5.2 (Java/1.8.0_171)
12:26:54.171 [Forwarding isElementDisplayed on session 18063075-812d-4a4c-a6cd-30fbf03bc7bd to remote] DEBUG org.apache.http.headers - http-outgoing-21 >> Accept-Encoding: gzip,deflate
12:26:54.171 [Forwarding isElementDisplayed on session 18063075-812d-4a4c-a6cd-30fbf03bc7bd to remote] DEBUG org.apache.http.wire - http-outgoing-21 >> "GET /wd/hub/session/18063075-812d-4a4c-a6cd-30fbf03bc7bd/element/ED020000-0000-0000-CF19-000000000000/displayed HTTP/1.1[\r][\n]"
12:26:54.171 [Forwarding isElementDisplayed on session 18063075-812d-4a4c-a6cd-30fbf03bc7bd to remote] DEBUG org.apache.http.wire - http-outgoing-21 >> "Cache-Control: no-cache[\r][\n]"
12:26:54.171 [Forwarding isElementDisplayed on session 18063075-812d-4a4c-a6cd-30fbf03bc7bd to remote] DEBUG org.apache.http.wire - http-outgoing-21 >> "Host: localhost:4723[\r][\n]"
12:26:54.171 [Forwarding isElementDisplayed on session 18063075-812d-4a4c-a6cd-30fbf03bc7bd to remote] DEBUG org.apache.http.wire - http-outgoing-21 >> "Connection: Keep-Alive[\r][\n]"
12:26:54.171 [Forwarding isElementDisplayed on session 18063075-812d-4a4c-a6cd-30fbf03bc7bd to remote] DEBUG org.apache.http.wire - http-outgoing-21 >> "User-Agent: Apache-HttpClient/4.5.2 (Java/1.8.0_171)[\r][\n]"
12:26:54.171 [Forwarding isElementDisplayed on session 18063075-812d-4a4c-a6cd-30fbf03bc7bd to remote] DEBUG org.apache.http.wire - http-outgoing-21 >> "Accept-Encoding: gzip,deflate[\r][\n]"
12:26:54.171 [Forwarding isElementDisplayed on session 18063075-812d-4a4c-a6cd-30fbf03bc7bd to remote] DEBUG org.apache.http.wire - http-outgoing-21 >> "[\r][\n]"
&amp#27;[35m[HTTP]&amp#27;[39m &amp#27;[37m-->&amp#27;[39m &amp#27;[37mGET&amp#27;[39m &amp#27;[37m/wd/hub/session/18063075-812d-4a4c-a6cd-30fbf03bc7bd/element/ED020000-0000-0000-CF19-000000000000/displayed&amp#27;[39m
&amp#27;[35m[HTTP]&amp#27;[39m &amp#27;[90m{}&amp#27;[39m
&amp#27;[35m[MJSONWP]&amp#27;[39m Driver proxy active, passing request on via HTTP proxy
&amp#27;[35m[JSONWP Proxy]&amp#27;[39m Replacing sessionId B74F9560-FF94-4D04-9569-9BCC996503BA with 18012:26:54.443 [Forwarding isElementDisplayed on session 18063075-812d-4a4c-a6cd-30fbf03bc7bd to remote] DEBUG org.apache.http.wire - http-outgoing-21 << "HTTP/1.1 200 OK[\r][\n]"
63075-812d-4a4c-12:26:54.443 [Forwarding isElementDisplayed on session 18063075-812d-4a4c-a6cd-30fbf03bc7bd to remote] DEBUG org.apache.http.wire - http-outgoing-21 << "X-Powered-By: Express[\r][\n]"
a6cd-30fbf12:26:54.443 [Forwarding isElementDisplayed on session 18063075-812d-4a4c-a6cd-30fbf03bc7bd to remote] DEBUG org.apache.http.wire - http-outgoing-21 << "Access-Control-Allow-Origin: *[\r][\n]"
0312:26:54.443 [Forwarding isElementDisplayed on session 18063075-812d-4a4c-a6cd-30fbf03bc7bd to remote] DEBUG org.apache.http.wire - http-outgoing-21 << "Access-Control-Allow-Methods: GET,POST,PUT,OPTIONS,DELETE[\r][\n]"
12:26:54.443 [Forwarding isElementDisplayed on session 18063075-812d-4a4c-a6cd-30fbf03bc7bd to remote] DEBUG org.apache.http.wire - http-outgoing-21 << "Access-Control-Allow-Headers: origin, content-type, accept[\r][\n]"
12:26:54.443 [Forwarding isElementDisplayed on session 18063075-812d-4a4c-a6cd-30fbf03bc7bd to remote] DEBUG org.apache.http.wire - http-outgoing-21 << "Content-Type: application/json; charset=utf-8[\r][\n]"
12:26:54.443 [Forwarding isElementDisplayed on session 18063075-812d-4a4c-a6cd-30fbf03bc7bd to remote] DEBUG org.apache.http.wire - http-outgoing-21 << "Content-Length: 76[\r][\n]"
12:26:54.443 [Forwarding isElementDisplayed on session 18063075-812d-4a4c-a6cd-30fbf03bc7bd to remote] DEBUG org.apache.http.wire - http-outgoing-21 << "ETag: W/"4c-Y7k244UeXncxktz3h+rJR8RJids"[\r][\n]"
12:26:54.443 [Forwarding isElementDisplayed on session 18063075-812d-4a4c-a6cd-30fbf03bc7bd to remote] DEBUG org.apache.http.wire - http-outgoing-21 << "Date: Fri, 23 Aug 2019 06:56:54 GMT[\r][\n]"
12:26:54.443 [Forwarding isElementDisplayed on session 18063075-812d-4a4c-a6cd-30fbf03bc7bd to remote] DEBUG org.apache.http.wire - http-outgoing-21 << "Connection: keep-alive[\r][\n]"
12:26:54.443 [Forwarding isElementDisplayed on session 18063075-812d-4a4c-a6cd-30fbf03bc7bd to remote] DEBUG org.apache.http.wire - http-outgoing-21 << "[\r][\n]"
bc7bd12:26:54.443 [Forwarding isElementDisplayed on session 18063075-812d-4a4c-a6cd-30fbf03bc7bd to remote] DEBUG org.apache.http.wire - http-outgoing-21 << "{"value":true,"sessionId":"18063075-812d-4a4c-a6cd-30fbf03bc7bd","status":0}"

&amp#27;[12:26:54.443 [Forwarding isElementDisplayed on session 18063075-812d-4a4c-a6cd-30fbf03bc7bd to remote] DEBUG org.apache.http.headers - http-outgoing-21 << HTTP/1.1 200 OK
12:26:54.443 [Forwarding isElementDisplayed on session 18063075-812d-4a4c-a6cd-30fbf03bc7bd to remote] DEBUG org.apache.http.headers - http-outgoing-21 << X-Powered-By: Express
12:26:54.443 [Forwarding isElementDisplayed on session 18063075-812d-4a4c-a6cd-30fbf03bc7bd to remote] DEBUG org.apache.http.headers - http-outgoing-21 << Access-Control-Allow-Origin: *
12:26:54.443 [Forwarding isElementDisplayed on session 18063075-812d-4a4c-a6cd-30fbf03bc7bd to remote] DEBUG org.apache.http.headers - http-outgoing-21 << Access-Control-Allow-Methods: GET,POST,PUT,OPTIONS,DELETE
12:26:54.443 [Forwarding isElementDisplayed on session 18063075-812d-4a4c-a6cd-30fbf03bc7bd to remote] DEBUG org.apache.http.headers - http-outgoing-21 << Access-Control-Allow-Headers: origin, content-type, accept
12:26:54.443 [Forwarding isElementDisplayed on session 18063075-812d-4a4c-a6cd-30fbf03bc7bd to remote] DEBUG org.apache.http.headers - http-outgoing-21 << Content-Type: application/json; charset=utf-8
12:26:54.443 [Forwarding isElementDisplayed on session 18063075-812d-4a4c-a6cd-30fbf03bc7bd to remote] DEBUG org.apache.http.headers - http-outgoing-21 << Content-Length: 76
12:26:54.443 [Forwarding isElementDisplayed on session 18063075-812d-4a4c-a6cd-30fbf03bc7bd to remote] DEBUG org.apache.http.headers - http-outgoing-21 << ETag: W/"4c-Y7k244UeXncxktz3h+rJR8RJids"
12:26:54.443 [Forwarding isElementDisplayed on session 18063075-812d-4a4c-a6cd-30fbf03bc7bd to remote] DEBUG org.apache.http.headers - http-outgoing-21 << Date: Fri, 23 Aug 2019 06:56:54 GMT
12:26:54.443 [Forwarding isElementDisplayed on session 18063075-812d-4a4c-a6cd-30fbf03bc7bd to remote] DEBUG org.apache.http.headers - http-outgoing-21 << Connection: keep-alive
35m[HTTP]&amp#27;[39m &amp#27;[37m<-- GET /wd/hub/session/18063075-812d-4a4c-a6cd-30fb12:26:54.443 [Forwarding isElementDisplayed on session 18063075-812d-4a4c-a6cd-30fbf03bc7bd to remote] DEBUG o.a.h.impl.execchain.MainClientExec - Connection can be kept alive indefinitely
f03bc7bd/elem12:26:54.444 [Forwarding isElementDisplayed on session 18063075-812d-4a4c-a6cd-30fbf03bc7bd to remote] DEBUG o.a.h.i.c.PoolingHttpClientConnectionManager - Connection [id: 21][route: {}->http://localhost:4723] can be kept alive indefinitely
ent/12:26:54.444 [Forwarding isElementDisplayed on session 18063075-812d-4a4c-a6cd-30fbf03bc7bd to remote] DEBUG o.a.h.i.c.PoolingHttpClientConnectionManager - Connection released: [id: 21][route: {}->http://localhost:4723][total kept alive: 1; route allocated: 1 of 2000; total allocated: 1 of 2000]
ED020000-0000-0000-CF19-000000000000/displayed &amp#27;[39m&amp#27;[32m200&amp#27;[39m &amp#27;[90m270 ms - 76&amp#27;[39m
&amp#27;[35m[HTTP]&amp#27;[39m &amp#27;[90m&amp#27;[39m
12:26:54.445 [Forwarding findElement on session 18063075-812d-4a4c-a6cd-30fbf03bc7bd to remote] DEBUG o.a.h.c.protocol.RequestAddCookies - CookieSpec selected: default
12:26:54.445 [Forwarding findElement on session 18063075-812d-4a4c-a6cd-30fbf03bc7bd to remote] DEBUG o.a.h.c.protocol.RequestAuthCache - Auth cache not set in the context
12:26:54.445 [Forwarding findElement on session 18063075-812d-4a4c-a6cd-30fbf03bc7bd to remote] DEBUG o.a.h.i.c.PoolingHttpClientConnectionManager - Connection request: [route: {}->http://localhost:4723][total kept alive: 1; route allocated: 1 of 2000; total allocated: 1 of 2000]
12:26:54.445 [Forwarding findElement on session 18063075-812d-4a4c-a6cd-30fbf03bc7bd to remote] DEBUG o.a.h.i.c.PoolingHttpClientConnectionManager - Connection leased: [id: 21][route: {}->http://localhost:4723][total kept alive: 0; route allocated: 1 of 2000; total allocated: 1 of 2000]
12:26:54.445 [Forwarding findElement on session 18063075-812d-4a4c-a6cd-30fbf03bc7bd to remote] DEBUG o.a.h.impl.execchain.MainClientExec - Stale connection check
12:26:54.446 [Forwarding findElement on session 18063075-812d-4a4c-a6cd-30fbf03bc7bd to remote] DEBUG org.apache.http.wire - http-outgoing-21 << "[read] I/O error: Read timed out"
12:26:54.447 [Forwarding findElement on session 18063075-812d-4a4c-a6cd-30fbf03bc7bd to remote] DEBUG o.a.h.i.c.DefaultManagedHttpClientConnection - http-outgoing-21: set socket timeout to 10800000
12:26:54.447 [Forwarding findElement on session 18063075-812d-4a4c-a6cd-30fbf03bc7bd to remote] DEBUG o.a.h.impl.execchain.MainClientExec - Executing request POST /wd/hub/session/18063075-812d-4a4c-a6cd-30fbf03bc7bd/element HTTP/1.1
12:26:54.447 [Forwarding findElement on session 18063075-812d-4a4c-a6cd-30fbf03bc7bd to remote] DEBUG o.a.h.impl.execchain.MainClientExec - Target auth state: UNCHALLENGED
12:26:54.447 [Forwarding findElement on session 18063075-812d-4a4c-a6cd-30fbf03bc7bd to remote] DEBUG o.a.h.impl.execchain.MainClientExec - Proxy auth state: UNCHALLENGED
12:26:54.447 [Forwarding findElement on session 18063075-812d-4a4c-a6cd-30fbf03bc7bd to remote] DEBUG org.apache.http.headers - http-outgoing-21 >> POST /wd/hub/session/18063075-812d-4a4c-a6cd-30fbf03bc7bd/element HTTP/1.1
12:26:54.447 [Forwarding findElement on session 18063075-812d-4a4c-a6cd-30fbf03bc7bd to remote] DEBUG org.apache.http.headers - http-outgoing-21 >> Content-Type: application/json; charset=utf-8
12:26:54.447 [Forwarding findElement on session 18063075-812d-4a4c-a6cd-30fbf03bc7bd to remote] DEBUG org.apache.http.headers - http-outgoing-21 >> Content-Length: 342
12:26:54.447 [Forwarding findElement on session 18063075-812d-4a4c-a6cd-30fbf03bc7bd to remote] DEBUG org.apache.http.headers - http-outgoing-21 >> Host: localhost:4723
12:26:54.447 [Forwarding findElement on session 18063075-812d-4a4c-a6cd-30fbf03bc7bd to remote] DEBUG org.apache.http.headers - http-outgoing-21 >> Connection: Keep-Alive
12:26:54.447 [Forwarding findElement on session 18063075-812d-4a4c-a6cd-30fbf03bc7bd to remote] DEBUG org.apache.http.headers - http-outgoing-21 >> User-Agent: Apache-HttpClient/4.5.2 (Java/1.8.0_171)
12:26:54.447 [Forwarding findElement on session 18063075-812d-4a4c-a6cd-30fbf03bc7bd to remote] DEBUG org.apache.http.headers - http-outgoing-21 >> Accept-Encoding: gzip,deflate
12:26:54.447 [Forwarding findElement on session 18063075-812d-4a4c-a6cd-30fbf03bc7bd to remote] DEBUG org.apache.http.wire - http-outgoing-21 >> "POST /wd/hub/session/18063075-812d-4a4c-a6cd-30fbf03bc7bd/element HTTP/1.1[\r][\n]"
12:26:54.447 [Forwarding findElement on session 18063075-812d-4a4c-a6cd-30fbf03bc7bd to remote] DEBUG org.apache.http.wire - http-outgoing-21 >> "Content-Type: application/json; charset=utf-8[\r][\n]"
12:26:54.447 [Forwarding findElement on session 18063075-812d-4a4c-a6cd-30fbf03bc7bd to remote] DEBUG org.apache.http.wire - http-outgoing-21 >> "Content-Length: 342[\r][\n]"
12:26:54.447 [Forwarding findElement on session 18063075-812d-4a4c-a6cd-30fbf03bc7bd to remote] DEBUG org.apache.http.wire - http-outgoing-21 >> "Host: localhost:4723[\r][\n]"
12:26:54.447 [Forwarding findElement on session 18063075-812d-4a4c-a6cd-30fbf03bc7bd to remote] DEBUG org.apache.http.wire - http-outgoing-21 >> "Connection: Keep-Alive[\r][\n]"
12:26:54.447 [Forwarding findElement on session 18063075-812d-4a4c-a6cd-30fbf03bc7bd to remote] DEBUG org.apache.http.wire - http-outgoing-21 >> "User-Agent: Apache-HttpClient/4.5.2 (Java/1.8.0_171)[\r][\n]"
12:26:54.447 [Forwarding findElement on session 18063075-812d-4a4c-a6cd-30fbf03bc7bd to remote] DEBUG org.apache.http.wire - http-outgoing-21 >> "Accept-Encoding: gzip,deflate[\r][\n]"
12:26:54.447 [Forwarding findElement on session 18063075-812d-4a4c-a6cd-30fbf03bc7bd to remote] DEBUG org.apache.http.wire - http-outgoing-21 >> "[\r][\n]"
12:26:54.447 [Forwarding findElement on session 18063075-812d-4a4c-a6cd-30fbf03bc7bd to remote] DEBUG org.apache.http.wire - http-outgoing-21 >> "{"using":"xpath","value":"//XCUIElementTypeApplication/XCUIElementTypeWindow/XCUIElementTypeOther/XCUIElementTypeOther/XCUIElementTypeOther/XCUIElementTypeOther/XCUIElementTypeOther/XCUIElementTypeOther/XCUIElementTypeOther/XCUIElementTypeScrollView/XCUIElementTypeOther[4]/XCUIElementTypeOther/XCUIElementTypeOther[1]/XCUIElementTypeButton"}"
&amp#27;[35m[HTTP]&amp#27;[39m &amp#27;[37m-->&amp#27;[39m &amp#27;[37mPOST&amp#27;[39m &amp#27;[37m/wd/hub/session/18063075-812d-4a4c-a6cd-30fbf03bc7bd/element&amp#27;[39m
&amp#27;[35m[HTTP]&amp#27;[39m &amp#27;[90m{"using":"xpath","value":"//XCUIElementTypeApplication/XCUIElementTypeWindow/XCUIElementTypeOther/XCUIElementTypeOther/XCUIElementTypeOther/XCUIElementTypeOther/XCUIElementTypeOther/XCUIElementTypeOther/XCUIElementTypeOther/XCUIElementTypeScrollView/XCUIElementTypeOther[4]/XCUIElementTypeOther/XCUIElementTypeOther[1]/XCUIElementTypeButton"}&amp#27;[39m
12:26:57.400 [Forwarding findElement on session 18063075-812d-4a4c-a6cd-30fbf03bc7bd to remote] DEBUG org.apache.http.wire - http-outgoing-21 << "HTTP/1.1 200 OK[\r][\n]"
12:26:57.400 [Forwarding findElement on session 18063075-812d-4a4c-a6cd-30fbf03bc7bd to remote] DEBUG org.apache.http.wire - http-outgoing-21 << "X-Powered-By: Express[\r][\n]"
12:26:57.400 [Forwarding findElement on session 18063075-812d-4a4c-a6cd-30fbf03bc7bd to remote] DEBUG org.apache.http.wire - http-outgoing-21 << "Access-Control-Allow-Origin: *[\r][\n]"
12:26:57.400 [Forwarding findElement on session 18063075-812d-4a4c-a6cd-30fbf03bc7bd to remote] DEBUG org.apache.http.wire - http-outgoing-21 << "Access-Control-Allow-Methods: GET,POST,PUT,OPTIONS,DELETE[\r][\n]"
12:26:57.400 [Forwarding findElement on session 18063075-812d-4a4c-a6cd-30fbf03bc7bd to remote] DEBUG org.apache.http.wire - http-outgoing-21 << "Access-Control-Allow-Headers: origin, content-type, accept[\r][\n]"
12:26:57.400 [Forwarding findElement on session 18063075-812d-4a4c-a6cd-30fbf03bc7bd to remote] DEBUG org.apache.http.wire - http-outgoing-21 << "Vary: X-HTTP-Method-Override[\r][\n]"
12:26:57.400 [Forwarding findElement on session 18063075-812d-4a4c-a6cd-30fbf03bc7bd to remote] DEBUG org.apache.http.wire - http-outgoing-21 << "Content-Type: application/json; charset=utf-8[\r][\n]"
12:26:57.400 [Forwarding findElement on session 18063075-812d-4a4c-a6cd-30fbf03bc7bd to remote] DEBUG org.apache.http.wire - http-outgoing-21 << "Content-Length: 122[\r][\n]"
12:26:57.400 [Forwarding findElement on session 18063075-812d-4a4c-a6cd-30fbf03bc7bd to remote] DEBUG org.apache.http.wire - http-outgoing-21 << "ETag: W/"7a-q8lchHaNKh087NJO9U8EWm5HxnQ"[\r][\n]"
12:26:57.400 [Forwarding findElement on session 18063075-812d-4a4c-a6cd-30fbf03bc7bd to remote] DEBUG org.apache.http.wire - http-outgoing-21 << "Date: Fri, 23 Aug 2019 06:56:57 GMT[\r][\n]"
12:26:57.400 [Forwarding findElement on session 18063075-812d-4a4c-a6cd-30fbf03bc7bd to remote] DEBUG org.apache.http.wire - http-outgoing-21 << "Connection: keep-alive[\r][\n]"
12:26:57.400 [Forwarding findElement on session 18063075-812d-4a4c-a6cd-30fbf03bc7bd to remote] DEBUG org.apache.http.wire - http-outgoing-21 << "[\r][\n]"
12:26:57.400 [Forwarding findElement on session 18063075-812d-4a4c-a6cd-30fbf03bc7bd to remote] DEBUG org.apache.http.wire - http-outgoing-21 << "{"status":0,"value":{"ELEMENT":"D8020000-0000-0000-CF19-000000000000"},"sessionId":"18063075-812d-4a4c-a6cd-30fbf03bc7bd"}"
12:26:57.400 [Forwarding findElement on session 18063075-812d-4a4c-a6cd-30fbf03bc7bd to remote] DEBUG org.apache.http.headers - http-outgoing-21 << HTTP/1.1 200 OK
12:26:57.400 [Forwarding findElement on session 18063075-812d-4a4c-a6cd-30fbf03bc7bd to remote] DEBUG org.apache.http.headers - http-outgoing-21 << X-Powered-By: Express
12:26:57.400 [Forwarding findElement on session 18063075-812d-4a4c-a6cd-30fbf03bc7bd to remote] DEBUG org.apache.http.headers - http-outgoing-21 << Access-Control-Allow-Origin: *
12:26:57.400 [Forwarding findElement on session 18063075-812d-4a4c-a6cd-30fbf03bc7bd to remote] DEBUG org.apache.http.headers - http-outgoing-21 << Access-Control-Allow-Methods: GET,POST,PUT,OPTIONS,DELETE
12:26:57.400 [Forwarding findElement on session 18063075-812d-4a4c-a6cd-30fbf03bc7bd to remote] DEBUG org.apache.http.headers - http-outgoing-21 << Access-Control-Allow-Headers: origin, content-type, accept
&amp#27;[35m[HTTP]&amp#27;[39m &amp#27;[37m<-- POST 12:26:57.400 [Forwarding findElement on session 18063075-812d-4a4c-a6cd-30fbf03bc7bd to remote] DEBUG org.apache.http.headers - http-outgoing-21 << Vary: X-HTTP-Method-Override
/wd/hub/session/18063012:26:57.401 [Forwarding findElement on session 18063075-812d-4a4c-a6cd-30fbf03bc7bd to remote] DEBUG org.apache.http.headers - http-outgoing-21 << Content-Type: application/json; charset=utf-8
12:26:57.401 [Forwarding findElement on session 18063075-812d-4a4c-a6cd-30fbf03bc7bd to remote] DEBUG org.apache.http.headers - http-outgoing-21 << Content-Length: 122
12:26:57.401 [Forwarding findElement on session 18063075-812d-4a4c-a6cd-30fbf03bc7bd to remote] DEBUG org.apache.http.headers - http-outgoing-21 << ETag: W/"7a-q8lchHaNKh087NJO9U8EWm5HxnQ"
12:26:57.401 [Forwarding findElement on session 18063075-812d-4a4c-a6cd-30fbf03bc7bd to remote] DEBUG org.apache.http.headers - http-outgoing-21 << Date: Fri, 23 Aug 2019 06:56:57 GMT
12:26:57.401 [Forwarding findElement on session 18063075-812d-4a4c-a6cd-30fbf03bc7bd to remote] DEBUG org.apache.http.headers - http-outgoing-21 << Connection: keep-alive
75-812d-412:26:57.401 [Forwarding findElement on session 18063075-812d-4a4c-a6cd-30fbf03bc7bd to remote] DEBUG o.a.h.impl.execchain.MainClientExec - Connection can be kept alive indefinitely
a4c-a6cd-30fb12:26:57.401 [Forwarding findElement on session 18063075-812d-4a4c-a6cd-30fbf03bc7bd to remote] DEBUG o.a.h.i.c.PoolingHttpClientConnectionManager - Connection [id: 21][route: {}->http://localhost:4723] can be kept alive indefinitely
f012:26:57.401 [Forwarding findElement on session 18063075-812d-4a4c-a6cd-30fbf03bc7bd to remote] DEBUG o.a.h.i.c.PoolingHttpClientConnectionManager - Connection released: [id: 21][route: {}->http://localhost:4723][total kept alive: 1; route allocated: 1 of 2000; total allocated: 1 of 2000]
3bc7bd/element &amp#27;[39m&amp#27;[32m200&amp#27;[39m &amp#27;[90m2952 ms - 122&amp#27;[39m
&amp#27;[35m[HTTP]&amp#27;[39m &amp#27;[90m&amp#27;[39m
12:26:57.401 [Forwarding isElementDisplayed on session 18063075-812d-4a4c-a6cd-30fbf03bc7bd to remote] DEBUG o.a.h.c.protocol.RequestAddCookies - CookieSpec selected: default
12:26:57.401 [Forwarding isElementDisplayed on session 18063075-812d-4a4c-a6cd-30fbf03bc7bd to remote] DEBUG o.a.h.c.protocol.RequestAuthCache - Auth cache not set in the context
12:26:57.401 [Forwarding isElementDisplayed on session 18063075-812d-4a4c-a6cd-30fbf03bc7bd to remote] DEBUG o.a.h.i.c.PoolingHttpClientConnectionManager - Connection request: [route: {}->http://localhost:4723][total kept alive: 1; route allocated: 1 of 2000; total allocated: 1 of 2000]
12:26:57.401 [Forwarding isElementDisplayed on session 18063075-812d-4a4c-a6cd-30fbf03bc7bd to remote] DEBUG o.a.h.i.c.PoolingHttpClientConnectionManager - Connection leased: [id: 21][route: {}->http://localhost:4723][total kept alive: 0; route allocated: 1 of 2000; total allocated: 1 of 2000]
12:26:57.401 [Forwarding isElementDisplayed on session 18063075-812d-4a4c-a6cd-30fbf03bc7bd to remote] DEBUG o.a.h.impl.execchain.MainClientExec - Stale connection check
12:26:57.403 [Forwarding isElementDisplayed on session 18063075-812d-4a4c-a6cd-30fbf03bc7bd to remote] DEBUG org.apache.http.wire - http-outgoing-21 << "[read] I/O error: Read timed out"
12:26:57.403 [Forwarding isElementDisplayed on session 18063075-812d-4a4c-a6cd-30fbf03bc7bd to remote] DEBUG o.a.h.i.c.DefaultManagedHttpClientConnection - http-outgoing-21: set socket timeout to 10800000
12:26:57.403 [Forwarding isElementDisplayed on session 18063075-812d-4a4c-a6cd-30fbf03bc7bd to remote] DEBUG o.a.h.impl.execchain.MainClientExec - Executing request GET /wd/hub/session/18063075-812d-4a4c-a6cd-30fbf03bc7bd/element/D8020000-0000-0000-CF19-000000000000/displayed HTTP/1.1
12:26:57.403 [Forwarding isElementDisplayed on session 18063075-812d-4a4c-a6cd-30fbf03bc7bd to remote] DEBUG o.a.h.impl.execchain.MainClientExec - Target auth state: UNCHALLENGED
12:26:57.403 [Forwarding isElementDisplayed on session 18063075-812d-4a4c-a6cd-30fbf03bc7bd to remote] DEBUG o.a.h.impl.execchain.MainClientExec - Proxy auth state: UNCHALLENGED
12:26:57.403 [Forwarding isElementDisplayed on session 18063075-812d-4a4c-a6cd-30fbf03bc7bd to remote] DEBUG org.apache.http.headers - http-outgoing-21 >> GET /wd/hub/session/18063075-812d-4a4c-a6cd-30fbf03bc7bd/element/D8020000-0000-0000-CF19-000000000000/displayed HTTP/1.1
12:26:57.403 [Forwarding isElementDisplayed on session 18063075-812d-4a4c-a6cd-30fbf03bc7bd to remote] DEBUG org.apache.http.headers - http-outgoing-21 >> Cache-Control: no-cache
12:26:57.403 [Forwarding isElementDisplayed on session 18063075-812d-4a4c-a6cd-30fbf03bc7bd to remote] DEBUG org.apache.http.headers - http-outgoing-21 >> Host: localhost:4723
12:26:57.403 [Forwarding isElementDisplayed on session 18063075-812d-4a4c-a6cd-30fbf03bc7bd to remote] DEBUG org.apache.http.headers - http-outgoing-21 >> Connection: Keep-Alive
12:26:57.403 [Forwarding isElementDisplayed on session 18063075-812d-4a4c-a6cd-30fbf03bc7bd to remote] DEBUG org.apache.http.headers - http-outgoing-21 >> User-Agent: Apache-HttpClient/4.5.2 (Java/1.8.0_171)
12:26:57.403 [Forwarding isElementDisplayed on session 18063075-812d-4a4c-a6cd-30fbf03bc7bd to remote] DEBUG org.apache.http.headers - http-outgoing-21 >> Accept-Encoding: gzip,deflate
12:26:57.403 [Forwarding isElementDisplayed on session 18063075-812d-4a4c-a6cd-30fbf03bc7bd to remote] DEBUG org.apache.http.wire - http-outgoing-21 >> "GET /wd/hub/session/18063075-812d-4a4c-a6cd-30fbf03bc7bd/element/D8020000-0000-0000-CF19-000000000000/displayed HTTP/1.1[\r][\n]"
12:26:57.403 [Forwarding isElementDisplayed on session 18063075-812d-4a4c-a6cd-30fbf03bc7bd to remote] DEBUG org.apache.http.wire - http-outgoing-21 >> "Cache-Control: no-cache[\r][\n]"
12:26:57.403 [Forwarding isElementDisplayed on session 18063075-812d-4a4c-a6cd-30fbf03bc7bd to remote] DEBUG org.apache.http.wire - http-outgoing-21 >> "Host: localhost:4723[\r][\n]"
12:26:57.403 [Forwarding isElementDisplayed on session 18063075-812d-4a4c-a6cd-30fbf03bc7bd to remote] DEBUG org.apache.http.wire - http-outgoing-21 >> "Connection: Keep-Alive[\r][\n]"
12:26:57.403 [Forwarding isElementDisplayed on session 18063075-812d-4a4c-a6cd-30fbf03bc7bd to remote] DEBUG org.apache.http.wire - http-outgoing-21 >> "User-Agent: Apache-HttpClient/4.5.2 (Java/1.8.0_171)[\r][\n]"
12:26:57.403 [Forwarding isElementDisplayed on session 18063075-812d-4a4c-a6cd-30fbf03bc7bd to remote] DEBUG org.apache.http.wire - http-outgoing-21 >> "Accept-Encoding: gzip,deflate[\r][\n]"
12:26:57.403 [Forwarding isElementDisplayed on session 18063075-812d-4a4c-a6cd-30fbf03bc7bd to remote] DEBUG org.apache.http.wire - http-outgoing-21 >> "[\r][\n]"
&amp#27;[35m[HTTP]&amp#27;[39m &amp#27;[37m-->&amp#27;[39m &amp#27;[37mGET&amp#27;[39m &amp#27;[37m/wd/hub/session/18063075-812d-4a4c-a6cd-30fbf03bc7bd/element/D8020000-0000-0000-CF19-000000000000/displayed&amp#27;[39m
&amp#27;[35m[HTTP]&amp#27;[39m &amp#27;[90m{}&amp#27;[39m
&amp#27;[35m[MJSONWP]&amp#27;[39m Driver proxy active, passing request on via HTTP proxy
&amp#27;[35m[JSONWP Proxy]&amp#27;[39m Replacing sessionId B74F9560-FF94-4D04-9569-9BCC996503BA with 18063075-812d-4a4c-a6cd-30fbf03bc7bd
12:26:57.674 [Forwarding isElementDisplayed on session 18063075-812d-4a4c-a6cd-30fbf03bc7bd to remote] DEBUG org.apache.http.wire - http-outgoing-21 << "HTTP/1.1 200 OK[\r][\n]"
&amp#27;[35m[HTTP]&amp#27;[39m &amp#27;[37m<-- GET /wd/hub/session/18063075-812d-4a4c-a6cd-30fbf03b12:26:57.675 [Forwarding isElementDisplayed on session 18063075-812d-4a4c-a6cd-30fbf03bc7bd to remote] DEBUG org.apache.http.wire - http-outgoing-21 << "X-Powered-By: Express[\r][\n]"
c7bd/e12:26:57.675 [Forwarding isElementDisplayed on session 18063075-812d-4a4c-a6cd-30fbf03bc7bd to remote] DEBUG org.apache.http.wire - http-outgoing-21 << "Access-Control-Allow-Origin: *[\r][\n]"
l12:26:57.676 [Forwarding isElementDisplayed on session 18063075-812d-4a4c-a6cd-30fbf03bc7bd to remote] DEBUG org.apache.http.wire - http-outgoing-21 << "Access-Control-Allow-Methods: GET,POST,PUT,OPTIONS,DELETE[\r][\n]"
12:26:57.676 [Forwarding isElementDisplayed on session 18063075-812d-4a4c-a6cd-30fbf03bc7bd to remote] DEBUG org.apache.http.wire - http-outgoing-21 << "Access-Control-Allow-Headers: origin, content-type, accept[\r][\n]"
ement/D8020000-0000-0000-CF19-000000000000/displayed &amp#27;[39m&amp#27;[32m200&amp#27;[39m &amp#27;[90m270 ms - 76&amp#27;[312:26:57.676 [Forwarding isElementDisplayed on session 18063075-812d-4a4c-a6cd-30fbf03bc7bd to remote] DEBUG org.apache.http.wire - http-outgoing-21 << "Content-Type: application/json; charset=utf-8[\r][\n]"
9m
&amp#27;[35m[HT12:26:57.676 [Forwarding isElementDisplayed on session 18063075-812d-4a4c-a6cd-30fbf03bc7bd to remote] DEBUG org.apache.http.wire - http-outgoing-21 << "Content-Length: 76[\r][\n]"
TP]&amp#27;[39m &amp#27;[90m&amp#27;[39m12:26:57.676 [Forwarding isElementDisplayed on session 18063075-812d-4a4c-a6cd-30fbf03bc7bd to remote] DEBUG org.apache.http.wire - http-outgoing-21 << "ETag: W/"4c-Y7k244UeXncxktz3h+rJR8RJids"[\r][\n]"

12:26:57.676 [Forwarding isElementDisplayed on session 18063075-812d-4a4c-a6cd-30fbf03bc7bd to remote] DEBUG org.apache.http.wire - http-outgoing-21 << "Date: Fri, 23 Aug 2019 06:56:57 GMT[\r][\n]"
12:26:57.676 [Forwarding isElementDisplayed on session 18063075-812d-4a4c-a6cd-30fbf03bc7bd to remote] DEBUG org.apache.http.wire - http-outgoing-21 << "Connection: keep-alive[\r][\n]"
12:26:57.676 [Forwarding isElementDisplayed on session 18063075-812d-4a4c-a6cd-30fbf03bc7bd to remote] DEBUG org.apache.http.wire - http-outgoing-21 << "[\r][\n]"
12:26:57.676 [Forwarding isElementDisplayed on session 18063075-812d-4a4c-a6cd-30fbf03bc7bd to remote] DEBUG org.apache.http.wire - http-outgoing-21 << "{"value":true,"sessionId":"18063075-812d-4a4c-a6cd-30fbf03bc7bd","status":0}"
12:26:57.677 [Forwarding isElementDisplayed on session 18063075-812d-4a4c-a6cd-30fbf03bc7bd to remote] DEBUG org.apache.http.headers - http-outgoing-21 << HTTP/1.1 200 OK
12:26:57.677 [Forwarding isElementDisplayed on session 18063075-812d-4a4c-a6cd-30fbf03bc7bd to remote] DEBUG org.apache.http.headers - http-outgoing-21 << X-Powered-By: Express
12:26:57.677 [Forwarding isElementDisplayed on session 18063075-812d-4a4c-a6cd-30fbf03bc7bd to remote] DEBUG org.apache.http.headers - http-outgoing-21 << Access-Control-Allow-Origin: *
12:26:57.677 [Forwarding isElementDisplayed on session 18063075-812d-4a4c-a6cd-30fbf03bc7bd to remote] DEBUG org.apache.http.headers - http-outgoing-21 << Access-Control-Allow-Methods: GET,POST,PUT,OPTIONS,DELETE
12:26:57.677 [Forwarding isElementDisplayed on session 18063075-812d-4a4c-a6cd-30fbf03bc7bd to remote] DEBUG org.apache.http.headers - http-outgoing-21 << Access-Control-Allow-Headers: origin, content-type, accept
12:26:57.677 [Forwarding isElementDisplayed on session 18063075-812d-4a4c-a6cd-30fbf03bc7bd to remote] DEBUG org.apache.http.headers - http-outgoing-21 << Content-Type: application/json; charset=utf-8
12:26:57.677 [Forwarding isElementDisplayed on session 18063075-812d-4a4c-a6cd-30fbf03bc7bd to remote] DEBUG org.apache.http.headers - http-outgoing-21 << Content-Length: 76
12:26:57.677 [Forwarding isElementDisplayed on session 18063075-812d-4a4c-a6cd-30fbf03bc7bd to remote] DEBUG org.apache.http.headers - http-outgoing-21 << ETag: W/"4c-Y7k244UeXncxktz3h+rJR8RJids"
12:26:57.677 [Forwarding isElementDisplayed on session 18063075-812d-4a4c-a6cd-30fbf03bc7bd to remote] DEBUG org.apache.http.headers - http-outgoing-21 << Date: Fri, 23 Aug 2019 06:56:57 GMT
12:26:57.677 [Forwarding isElementDisplayed on session 18063075-812d-4a4c-a6cd-30fbf03bc7bd to remote] DEBUG org.apache.http.headers - http-outgoing-21 << Connection: keep-alive
12:26:57.677 [Forwarding isElementDisplayed on session 18063075-812d-4a4c-a6cd-30fbf03bc7bd to remote] DEBUG o.a.h.impl.execchain.MainClientExec - Connection can be kept alive indefinitely
12:26:57.677 [Forwarding isElementDisplayed on session 18063075-812d-4a4c-a6cd-30fbf03bc7bd to remote] DEBUG o.a.h.i.c.PoolingHttpClientConnectionManager - Connection [id: 21][route: {}->http://localhost:4723] can be kept alive indefinitely
12:26:57.677 [Forwarding isElementDisplayed on session 18063075-812d-4a4c-a6cd-30fbf03bc7bd to remote] DEBUG o.a.h.i.c.PoolingHttpClientConnectionManager - Connection released: [id: 21][route: {}->http://localhost:4723][total kept alive: 1; route allocated: 1 of 2000; total allocated: 1 of 2000]
12:26:57.677 [Forwarding findElement on session 18063075-812d-4a4c-a6cd-30fbf03bc7bd to remote] DEBUG o.a.h.c.protocol.RequestAddCookies - CookieSpec selected: default
12:26:57.677 [Forwarding findElement on session 18063075-812d-4a4c-a6cd-30fbf03bc7bd to remote] DEBUG o.a.h.c.protocol.RequestAuthCache - Auth cache not set in the context
12:26:57.677 [Forwarding findElement on session 18063075-812d-4a4c-a6cd-30fbf03bc7bd to remote] DEBUG o.a.h.i.c.PoolingHttpClientConnectionManager - Connection request: [route: {}->http://localhost:4723][total kept alive: 1; route allocated: 1 of 2000; total allocated: 1 of 2000]
12:26:57.677 [Forwarding findElement on session 18063075-812d-4a4c-a6cd-30fbf03bc7bd to remote] DEBUG o.a.h.i.c.PoolingHttpClientConnectionManager - Connection leased: [id: 21][route: {}->http://localhost:4723][total kept alive: 0; route allocated: 1 of 2000; total allocated: 1 of 2000]
12:26:57.677 [Forwarding findElement on session 18063075-812d-4a4c-a6cd-30fbf03bc7bd to remote] DEBUG o.a.h.impl.execchain.MainClientExec - Stale connection check
12:26:57.679 [Forwarding findElement on session 18063075-812d-4a4c-a6cd-30fbf03bc7bd to remote] DEBUG org.apache.http.wire - http-outgoing-21 << "[read] I/O error: Read timed out"
12:26:57.679 [Forwarding findElement on session 18063075-812d-4a4c-a6cd-30fbf03bc7bd to remote] DEBUG o.a.h.i.c.DefaultManagedHttpClientConnection - http-outgoing-21: set socket timeout to 10800000
12:26:57.679 [Forwarding findElement on session 18063075-812d-4a4c-a6cd-30fbf03bc7bd to remote] DEBUG o.a.h.impl.execchain.MainClientExec - Executing request POST /wd/hub/session/18063075-812d-4a4c-a6cd-30fbf03bc7bd/element HTTP/1.1
12:26:57.679 [Forwarding findElement on session 18063075-812d-4a4c-a6cd-30fbf03bc7bd to remote] DEBUG o.a.h.impl.execchain.MainClientExec - Target auth state: UNCHALLENGED
12:26:57.679 [Forwarding findElement on session 18063075-812d-4a4c-a6cd-30fbf03bc7bd to remote] DEBUG o.a.h.impl.execchain.MainClientExec - Proxy auth state: UNCHALLENGED
12:26:57.679 [Forwarding findElement on session 18063075-812d-4a4c-a6cd-30fbf03bc7bd to remote] DEBUG org.apache.http.headers - http-outgoing-21 >> POST /wd/hub/session/18063075-812d-4a4c-a6cd-30fbf03bc7bd/element HTTP/1.1
12:26:57.679 [Forwarding findElement on session 18063075-812d-4a4c-a6cd-30fbf03bc7bd to remote] DEBUG org.apache.http.headers - http-outgoing-21 >> Content-Type: application/json; charset=utf-8
12:26:57.679 [Forwarding findElement on session 18063075-812d-4a4c-a6cd-30fbf03bc7bd to remote] DEBUG org.apache.http.headers - http-outgoing-21 >> Content-Length: 342
12:26:57.679 [Forwarding findElement on session 18063075-812d-4a4c-a6cd-30fbf03bc7bd to remote] DEBUG org.apache.http.headers - http-outgoing-21 >> Host: localhost:4723
12:26:57.679 [Forwarding findElement on session 18063075-812d-4a4c-a6cd-30fbf03bc7bd to remote] DEBUG org.apache.http.headers - http-outgoing-21 >> Connection: Keep-Alive
12:26:57.679 [Forwarding findElement on session 18063075-812d-4a4c-a6cd-30fbf03bc7bd to remote] DEBUG org.apache.http.headers - http-outgoing-21 >> User-Agent: Apache-HttpClient/4.5.2 (Java/1.8.0_171)
12:26:57.679 [Forwarding findElement on session 18063075-812d-4a4c-a6cd-30fbf03bc7bd to remote] DEBUG org.apache.http.headers - http-outgoing-21 >> Accept-Encoding: gzip,deflate
12:26:57.679 [Forwarding findElement on session 18063075-812d-4a4c-a6cd-30fbf03bc7bd to remote] DEBUG org.apache.http.wire - http-outgoing-21 >> "POST /wd/hub/session/18063075-812d-4a4c-a6cd-30fbf03bc7bd/element HTTP/1.1[\r][\n]"
12:26:57.679 [Forwarding findElement on session 18063075-812d-4a4c-a6cd-30fbf03bc7bd to remote] DEBUG org.apache.http.wire - http-outgoing-21 >> "Content-Type: application/json; charset=utf-8[\r][\n]"
12:26:57.679 [Forwarding findElement on session 18063075-812d-4a4c-a6cd-30fbf03bc7bd to remote] DEBUG org.apache.http.wire - http-outgoing-21 >> "Content-Length: 342[\r][\n]"
12:26:57.679 [Forwarding findElement on session 18063075-812d-4a4c-a6cd-30fbf03bc7bd to remote] DEBUG org.apache.http.wire - http-outgoing-21 >> "Host: localhost:4723[\r][\n]"
12:26:57.679 [Forwarding findElement on session 18063075-812d-4a4c-a6cd-30fbf03bc7bd to remote] DEBUG org.apache.http.wire - http-outgoing-21 >> "Connection: Keep-Alive[\r][\n]"
12:26:57.679 [Forwarding findElement on session 18063075-812d-4a4c-a6cd-30fbf03bc7bd to remote] DEBUG org.apache.http.wire - http-outgoing-21 >> "User-Agent: Apache-HttpClient/4.5.2 (Java/1.8.0_171)[\r][\n]"
12:26:57.679 [Forwarding findElement on session 18063075-812d-4a4c-a6cd-30fbf03bc7bd to remote] DEBUG org.apache.http.wire - http-outgoing-21 >> "Accept-Encoding: gzip,deflate[\r][\n]"
12:26:57.679 [Forwarding findElement on session 18063075-812d-4a4c-a6cd-30fbf03bc7bd to remote] DEBUG org.apache.http.wire - http-outgoing-21 >> "[\r][\n]"
12:26:57.679 [Forwarding findElement on session 18063075-812d-4a4c-a6cd-30fbf03bc7bd to remote] DEBUG org.apache.http.wire - http-outgoing-21 >> "{"using":"xpath","value":"//XCUIElementTypeApplication/XCUIElementTypeWindow/XCUIElementTypeOther/XCUIElementTypeOther/XCUIElementTypeOther/XCUIElementTypeOther/XCUIElementTypeOther/XCUIElementTypeOther/XCUIElementTypeOther/XCUIElementTypeScrollView/XCUIElementTypeOther[4]/XCUIElementTypeOther/XCUIElementTypeOther[2]/XCUIElementTypeButton"}"
&amp#27;[35m[HTTP]&amp#27;[39m &amp#27;[37m-->&amp#27;[39m &amp#27;[37mPOST&amp#27;[39m &amp#27;[37m/wd/hub/session/18063075-812d-4a4c-a6cd-30fbf03bc7bd/element&amp#27;[39m
&amp#27;[35m[HTTP]&amp#27;[39m &amp#27;[90m{"using":"xpath","value":"//XCUIElementTypeApplication/XCUIElementTypeWindow/XCUIElementTypeOther/XCUIElementTypeOther/XCUIElementTypeOther/XCUIElementTypeOther/XCUIElementTypeOther/XCUIElementTypeOther/XCUIElementTypeOther/XCUIElementTypeScrollView/XCUIElementTypeOther[4]/XCUIElementTypeOther/XCUIElementTypeOther[2]/XCUIElementTypeButton"}&amp#27;[39m
12:27:00.641 [Forwarding findElement on session 18063075-812d-4a4c-a6cd-30fbf03bc7bd to remote] DEBUG org.apache.http.wire - http-outgoing-21 << "HTTP/1.1 200 OK[\r][\n]"
12:27:00.641 [Forwarding findElement on session 18063075-812d-4a4c-a6cd-30fbf03bc7bd to remote] DEBUG org.apache.http.wire - http-outgoing-21 << "X-Powered-By: Express[\r][\n]"
12:27:00.641 [Forwarding findElement on session 18063075-812d-4a4c-a6cd-30fbf03bc7bd to remote] DEBUG org.apache.http.wire - http-outgoing-21 << "Access-Control-Allow-Origin: *[\r][\n]"
12:27:00.641 [Forwarding findElement on session 18063075-812d-4a4c-a6cd-30fbf03bc7bd to remote] DEBUG org.apache.http.wire - http-outgoing-21 << "Access-Control-Allow-Methods: GET,POST,PUT,OPTIONS,DELETE[\r][\n]"
12:27:00.641 [Forwarding findElement on session 18063075-812d-4a4c-a6cd-30fbf03bc7bd to remote] DEBUG org.apache.http.wire - http-outgoing-21 << "Access-Control-Allow-Headers: origin, content-type, accept[\r][\n]"
12:27:00.641 [Forwarding findElement on session 18063075-812d-4a4c-a6cd-30fbf03bc7bd to remote] DEBUG org.apache.http.wire - http-outgoing-21 << "Vary: X-HTTP-Method-Override[\r][\n]"
12:27:00.641 [Forwarding findElement on session 18063075-812d-4a4c-a6cd-30fbf03bc7bd to remote] DEBUG org.apache.http.wire - http-outgoing-21 << "Content-Type: application/json; charset=utf-8[\r][\n]"
12:27:00.641 [Forwarding findElement on session 18063075-812d-4a4c-a6cd-30fbf03bc7bd to remote] DEBUG org.apache.http.wire - http-outgoing-21 << "Content-Length: 122[\r][\n]"
12:27:00.641 [Forwarding findElement on session 18063075-812d-4a4c-a6cd-30fbf03bc7bd to remote] DEBUG org.apache.http.wire - http-outgoing-21 << "ETag: W/"7a-499p50bkFJcIHt+YXIjr6yRYwsg"[\r][\n]"
12:27:00.641 [Forwarding findElement on session 18063075-812d-4a4c-a6cd-30fbf03bc7bd to remote] DEBUG org.apache.http.wire - http-outgoing-21 << "Date: Fri, 23 Aug 2019 06:57:00 GMT[\r][\n]"
12:27:00.641 [Forwarding findElement on session 18063075-812d-4a4c-a6cd-30fbf03bc7bd to remote] DEBUG org.apache.http.wire - http-outgoing-21 << "Connection: keep-alive[\r][\n]"
12:27:00.641 [Forwarding findElement on session 18063075-812d-4a4c-a6cd-30fbf03bc7bd to remote] DEBUG org.apache.http.wire - http-outgoing-21 << "[\r][\n]"
12:27:00.641 [Forwarding findElement on session 18063075-812d-4a4c-a6cd-30fbf03bc7bd to remote] DEBUG org.apache.http.wire - http-outgoing-21 << "{"status":0,"value":{"ELEMENT":"DB020000-0000-0000-CF19-000000000000"},"sessionId":"18063075-812d-4a4c-a6cd-30fbf03bc7bd"}"
12:27:00.641 [Forwarding findElement on session 18063075-812d-4a4c-a6cd-30fbf03bc7bd to remote] DEBUG org.apache.http.headers - http-outgoing-21 << HTTP/1.1 200 OK
&amp#27;[35m[HTTP]&amp#27;[39m &amp#27;[37m<-- POST /wd/hub/session/18063075-812d-4a4c-a6cd-30fbf03bc7bd/element &amp#27;[12:27:00.641 [Forwarding findElement on session 18063075-812d-4a4c-a6cd-30fbf03bc7bd to remote] DEBUG org.apache.http.headers - http-outgoing-21 << X-Powered-By: Express
12:27:00.642 [Forwarding findElement on session 18063075-812d-4a4c-a6cd-30fbf03bc7bd to remote] DEBUG org.apache.http.headers - http-outgoing-21 << Access-Control-Allow-Origin: *
3912:27:00.642 [Forwarding findElement on session 18063075-812d-4a4c-a6cd-30fbf03bc7bd to remote] DEBUG org.apache.http.headers - http-outgoing-21 << Access-Control-Allow-Methods: GET,POST,PUT,OPTIONS,DELETE
12:27:00.642 [Forwarding findElement on session 18063075-812d-4a4c-a6cd-30fbf03bc7bd to remote] DEBUG org.apache.http.headers - http-outgoing-21 << Access-Control-Allow-Headers: origin, content-type, accept
12:27:00.642 [Forwarding findElement on session 18063075-812d-4a4c-a6cd-30fbf03bc7bd to remote] DEBUG org.apache.http.headers - http-outgoing-21 << Vary: X-HTTP-Method-Override
12:27:00.642 [Forwarding findElement on session 18063075-812d-4a4c-a6cd-30fbf03bc7bd to remote] DEBUG org.apache.http.headers - http-outgoing-21 << Content-Type: application/json; charset=utf-8
12:27:00.642 [Forwarding findElement on session 18063075-812d-4a4c-a6cd-30fbf03bc7bd to remote] DEBUG org.apache.http.headers - http-outgoing-21 << Content-Length: 122
12:27:00.642 [Forwarding findElement on session 18063075-812d-4a4c-a6cd-30fbf03bc7bd to remote] DEBUG org.apache.http.headers - http-outgoing-21 << ETag: W/"7a-499p50bkFJcIHt+YXIjr6yRYwsg"
12:27:00.642 [Forwarding findElement on session 18063075-812d-4a4c-a6cd-30fbf03bc7bd to remote] DEBUG org.apache.http.headers - http-outgoing-21 << Date: Fri, 23 Aug 2019 06:57:00 GMT
12:27:00.642 [Forwarding findElement on session 18063075-812d-4a4c-a6cd-30fbf03bc7bd to remote] DEBUG org.apache.http.headers - http-outgoing-21 << Connection: keep-alive
m&amp#27;[32m200&amp#27;[39m &amp#27;[90m2961 ms - 122&amp#27;[39m
12:27:00.642 [Forwarding findElement on session 18063075-812d-4a4c-a6cd-30fbf03bc7bd to remote] DEBUG o.a.h.impl.execchain.MainClientExec - Connection can be kept alive indefinitely
&amp#27;[35m[HTTP]&amp#27;[39m &amp#27;[90m&amp#27;[39m
12:27:00.643 [Forwarding findElement on session 18063075-812d-4a4c-a6cd-30fbf03bc7bd to remote] DEBUG o.a.h.i.c.PoolingHttpClientConnectionManager - Connection [id: 21][route: {}->http://localhost:4723] can be kept alive indefinitely
12:27:00.643 [Forwarding findElement on session 18063075-812d-4a4c-a6cd-30fbf03bc7bd to remote] DEBUG o.a.h.i.c.PoolingHttpClientConnectionManager - Connection released: [id: 21][route: {}->http://localhost:4723][total kept alive: 1; route allocated: 1 of 2000; total allocated: 1 of 2000]
12:27:00.643 [Forwarding isElementDisplayed on session 18063075-812d-4a4c-a6cd-30fbf03bc7bd to remote] DEBUG o.a.h.c.protocol.RequestAddCookies - CookieSpec selected: default
12:27:00.644 [Forwarding isElementDisplayed on session 18063075-812d-4a4c-a6cd-30fbf03bc7bd to remote] DEBUG o.a.h.c.protocol.RequestAuthCache - Auth cache not set in the context
12:27:00.644 [Forwarding isElementDisplayed on session 18063075-812d-4a4c-a6cd-30fbf03bc7bd to remote] DEBUG o.a.h.i.c.PoolingHttpClientConnectionManager - Connection request: [route: {}->http://localhost:4723][total kept alive: 1; route allocated: 1 of 2000; total allocated: 1 of 2000]
12:27:00.644 [Forwarding isElementDisplayed on session 18063075-812d-4a4c-a6cd-30fbf03bc7bd to remote] DEBUG o.a.h.i.c.PoolingHttpClientConnectionManager - Connection leased: [id: 21][route: {}->http://localhost:4723][total kept alive: 0; route allocated: 1 of 2000; total allocated: 1 of 2000]
12:27:00.644 [Forwarding isElementDisplayed on session 18063075-812d-4a4c-a6cd-30fbf03bc7bd to remote] DEBUG o.a.h.impl.execchain.MainClientExec - Stale connection check
12:27:00.645 [Forwarding isElementDisplayed on session 18063075-812d-4a4c-a6cd-30fbf03bc7bd to remote] DEBUG org.apache.http.wire - http-outgoing-21 << "[read] I/O error: Read timed out"
12:27:00.645 [Forwarding isElementDisplayed on session 18063075-812d-4a4c-a6cd-30fbf03bc7bd to remote] DEBUG o.a.h.i.c.DefaultManagedHttpClientConnection - http-outgoing-21: set socket timeout to 10800000
12:27:00.645 [Forwarding isElementDisplayed on session 18063075-812d-4a4c-a6cd-30fbf03bc7bd to remote] DEBUG o.a.h.impl.execchain.MainClientExec - Executing request GET /wd/hub/session/18063075-812d-4a4c-a6cd-30fbf03bc7bd/element/DB020000-0000-0000-CF19-000000000000/displayed HTTP/1.1
12:27:00.645 [Forwarding isElementDisplayed on session 18063075-812d-4a4c-a6cd-30fbf03bc7bd to remote] DEBUG o.a.h.impl.execchain.MainClientExec - Target auth state: UNCHALLENGED
12:27:00.645 [Forwarding isElementDisplayed on session 18063075-812d-4a4c-a6cd-30fbf03bc7bd to remote] DEBUG o.a.h.impl.execchain.MainClientExec - Proxy auth state: UNCHALLENGED
12:27:00.645 [Forwarding isElementDisplayed on session 18063075-812d-4a4c-a6cd-30fbf03bc7bd to remote] DEBUG org.apache.http.headers - http-outgoing-21 >> GET /wd/hub/session/18063075-812d-4a4c-a6cd-30fbf03bc7bd/element/DB020000-0000-0000-CF19-000000000000/displayed HTTP/1.1
12:27:00.645 [Forwarding isElementDisplayed on session 18063075-812d-4a4c-a6cd-30fbf03bc7bd to remote] DEBUG org.apache.http.headers - http-outgoing-21 >> Cache-Control: no-cache
12:27:00.645 [Forwarding isElementDisplayed on session 18063075-812d-4a4c-a6cd-30fbf03bc7bd to remote] DEBUG org.apache.http.headers - http-outgoing-21 >> Host: localhost:4723
12:27:00.645 [Forwarding isElementDisplayed on session 18063075-812d-4a4c-a6cd-30fbf03bc7bd to remote] DEBUG org.apache.http.headers - http-outgoing-21 >> Connection: Keep-Alive
12:27:00.645 [Forwarding isElementDisplayed on session 18063075-812d-4a4c-a6cd-30fbf03bc7bd to remote] DEBUG org.apache.http.headers - http-outgoing-21 >> User-Agent: Apache-HttpClient/4.5.2 (Java/1.8.0_171)
12:27:00.645 [Forwarding isElementDisplayed on session 18063075-812d-4a4c-a6cd-30fbf03bc7bd to remote] DEBUG org.apache.http.headers - http-outgoing-21 >> Accept-Encoding: gzip,deflate
12:27:00.645 [Forwarding isElementDisplayed on session 18063075-812d-4a4c-a6cd-30fbf03bc7bd to remote] DEBUG org.apache.http.wire - http-outgoing-21 >> "GET /wd/hub/session/18063075-812d-4a4c-a6cd-30fbf03bc7bd/element/DB020000-0000-0000-CF19-000000000000/displayed HTTP/1.1[\r][\n]"
12:27:00.645 [Forwarding isElementDisplayed on session 18063075-812d-4a4c-a6cd-30fbf03bc7bd to remote] DEBUG org.apache.http.wire - http-outgoing-21 >> "Cache-Control: no-cache[\r][\n]"
12:27:00.645 [Forwarding isElementDisplayed on session 18063075-812d-4a4c-a6cd-30fbf03bc7bd to remote] DEBUG org.apache.http.wire - http-outgoing-21 >> "Host: localhost:4723[\r][\n]"
12:27:00.645 [Forwarding isElementDisplayed on session 18063075-812d-4a4c-a6cd-30fbf03bc7bd to remote] DEBUG org.apache.http.wire - http-outgoing-21 >> "Connection: Keep-Alive[\r][\n]"
12:27:00.645 [Forwarding isElementDisplayed on session 18063075-812d-4a4c-a6cd-30fbf03bc7bd to remote] DEBUG org.apache.http.wire - http-outgoing-21 >> "User-Agent: Apache-HttpClient/4.5.2 (Java/1.8.0_171)[\r][\n]"
12:27:00.645 [Forwarding isElementDisplayed on session 18063075-812d-4a4c-a6cd-30fbf03bc7bd to remote] DEBUG org.apache.http.wire - http-outgoing-21 >> "Accept-Encoding: gzip,deflate[\r][\n]"
12:27:00.645 [Forwarding isElementDisplayed on session 18063075-812d-4a4c-a6cd-30fbf03bc7bd to remote] DEBUG org.apache.http.wire - http-outgoing-21 >> "[\r][\n]"
&amp#27;[35m[HTTP]&amp#27;[39m &amp#27;[37m-->&amp#27;[39m &amp#27;[37mGET&amp#27;[39m &amp#27;[37m/wd/hub/session/18063075-812d-4a4c-a6cd-30fbf03bc7bd/element/DB020000-0000-0000-CF19-000000000000/displayed&amp#27;[39m
&amp#27;[35m[HTTP]&amp#27;[39m &amp#27;[90m{}&amp#27;[39m
&amp#27;[35m[MJSONWP]&amp#27;[39m Driver proxy active, passing request on via HTTP proxy
&amp#27;[35m[JSONWP Proxy]&amp#27;[39m Replacing sessionId B74F9560-FF94-4D04-9569-12:27:00.917 [Forwarding isElementDisplayed on session 18063075-812d-4a4c-a6cd-30fbf03bc7bd to remote] DEBUG org.apache.http.wire - http-outgoing-21 << "HTTP/1.1 200 OK[\r][\n]"
9BCC996503BA with 18063075-812d-12:27:00.917 [Forwarding isElementDisplayed on session 18063075-812d-4a4c-a6cd-30fbf03bc7bd to remote] DEBUG org.apache.http.wire - http-outgoing-21 << "X-Powered-By: Express[\r][\n]"
4a4c-a6cd-30fbf12:27:00.918 [Forwarding isElementDisplayed on session 18063075-812d-4a4c-a6cd-30fbf03bc7bd to remote] DEBUG org.apache.http.wire - http-outgoing-21 << "Access-Control-Allow-Origin: *[\r][\n]"
12:27:00.918 [Forwarding isElementDisplayed on session 18063075-812d-4a4c-a6cd-30fbf03bc7bd to remote] DEBUG org.apache.http.wire - http-outgoing-21 << "Access-Control-Allow-Methods: GET,POST,PUT,OPTIONS,DELETE[\r][\n]"
0312:27:00.918 [Forwarding isElementDisplayed on session 18063075-812d-4a4c-a6cd-30fbf03bc7bd to remote] DEBUG org.apache.http.wire - http-outgoing-21 << "Access-Control-Allow-Headers: origin, content-type, accept[\r][\n]"
bc7bd
&amp#27;[35m[HTTP]&amp#27;[39m &amp#27;[37m<-- GET /wd/hub/session/18012:27:00.918 [Forwarding isElementDisplayed on session 18063075-812d-4a4c-a6cd-30fbf03bc7bd to remote] DEBUG org.apache.http.wire - http-outgoing-21 << "Content-Type: application/json; charset=utf-8[\r][\n]"
63075-12:27:00.918 [Forwarding isElementDisplayed on session 18063075-812d-4a4c-a6cd-30fbf03bc7bd to remote] DEBUG org.apache.http.wire - http-outgoing-21 << "Content-Length: 76[\r][\n]"
812d-4a4c-a6cd-30fbf012:27:00.918 [Forwarding isElementDisplayed on session 18063075-812d-4a4c-a6cd-30fbf03bc7bd to remote] DEBUG org.apache.http.wire - http-outgoing-21 << "ETag: W/"4c-Y7k244UeXncxktz3h+rJR8RJids"[\r][\n]"
12:27:00.918 [Forwarding isElementDisplayed on session 18063075-812d-4a4c-a6cd-30fbf03bc7bd to remote] DEBUG org.apache.http.wire - http-outgoing-21 << "Date: Fri, 23 Aug 2019 06:57:00 GMT[\r][\n]"
3bc7bd12:27:00.918 [Forwarding isElementDisplayed on session 18063075-812d-4a4c-a6cd-30fbf03bc7bd to remote] DEBUG org.apache.http.wire - http-outgoing-21 << "Connection: keep-alive[\r][\n]"
12:27:00.918 [Forwarding isElementDisplayed on session 18063075-812d-4a4c-a6cd-30fbf03bc7bd to remote] DEBUG org.apache.http.wire - http-outgoing-21 << "[\r][\n]"
/element/DB020000-0000-0000-CF19-12:27:00.918 [Forwarding isElementDisplayed on session 18063075-812d-4a4c-a6cd-30fbf03bc7bd to remote] DEBUG org.apache.http.wire - http-outgoing-21 << "{"value":true,"sessionId":"18063075-812d-4a4c-a6cd-30fbf03bc7bd","status":0}"
000000000000/displayed &amp#27;[39m&amp#27;[32m200&amp#27;[39m &amp#27;[90m271 ms - 76&amp#27;[39m
&amp#27;[35m[HTTP12:27:00.919 [Forwarding isElementDisplayed on session 18063075-812d-4a4c-a6cd-30fbf03bc7bd to remote] DEBUG org.apache.http.headers - http-outgoing-21 << HTTP/1.1 200 OK
]&amp#27;[39m &amp#27;[90m&amp#27;[39m
12:27:00.919 [Forwarding isElementDisplayed on session 18063075-812d-4a4c-a6cd-30fbf03bc7bd to remote] DEBUG org.apache.http.headers - http-outgoing-21 << X-Powered-By: Express
12:27:00.919 [Forwarding isElementDisplayed on session 18063075-812d-4a4c-a6cd-30fbf03bc7bd to remote] DEBUG org.apache.http.headers - http-outgoing-21 << Access-Control-Allow-Origin: *
12:27:00.919 [Forwarding isElementDisplayed on session 18063075-812d-4a4c-a6cd-30fbf03bc7bd to remote] DEBUG org.apache.http.headers - http-outgoing-21 << Access-Control-Allow-Methods: GET,POST,PUT,OPTIONS,DELETE
12:27:00.919 [Forwarding isElementDisplayed on session 18063075-812d-4a4c-a6cd-30fbf03bc7bd to remote] DEBUG org.apache.http.headers - http-outgoing-21 << Access-Control-Allow-Headers: origin, content-type, accept
12:27:00.919 [Forwarding isElementDisplayed on session 18063075-812d-4a4c-a6cd-30fbf03bc7bd to remote] DEBUG org.apache.http.headers - http-outgoing-21 << Content-Type: application/json; charset=utf-8
12:27:00.919 [Forwarding isElementDisplayed on session 18063075-812d-4a4c-a6cd-30fbf03bc7bd to remote] DEBUG org.apache.http.headers - http-outgoing-21 << Content-Length: 76
12:27:00.919 [Forwarding isElementDisplayed on session 18063075-812d-4a4c-a6cd-30fbf03bc7bd to remote] DEBUG org.apache.http.headers - http-outgoing-21 << ETag: W/"4c-Y7k244UeXncxktz3h+rJR8RJids"
12:27:00.919 [Forwarding isElementDisplayed on session 18063075-812d-4a4c-a6cd-30fbf03bc7bd to remote] DEBUG org.apache.http.headers - http-outgoing-21 << Date: Fri, 23 Aug 2019 06:57:00 GMT
12:27:00.919 [Forwarding isElementDisplayed on session 18063075-812d-4a4c-a6cd-30fbf03bc7bd to remote] DEBUG org.apache.http.headers - http-outgoing-21 << Connection: keep-alive
12:27:00.919 [Forwarding isElementDisplayed on session 18063075-812d-4a4c-a6cd-30fbf03bc7bd to remote] DEBUG o.a.h.impl.execchain.MainClientExec - Connection can be kept alive indefinitely
12:27:00.919 [Forwarding isElementDisplayed on session 18063075-812d-4a4c-a6cd-30fbf03bc7bd to remote] DEBUG o.a.h.i.c.PoolingHttpClientConnectionManager - Connection [id: 21][route: {}->http://localhost:4723] can be kept alive indefinitely
12:27:00.919 [Forwarding isElementDisplayed on session 18063075-812d-4a4c-a6cd-30fbf03bc7bd to remote] DEBUG o.a.h.i.c.PoolingHttpClientConnectionManager - Connection released: [id: 21][route: {}->http://localhost:4723][total kept alive: 1; route allocated: 1 of 2000; total allocated: 1 of 2000]
12:27:00.920 [Forwarding findElement on session 18063075-812d-4a4c-a6cd-30fbf03bc7bd to remote] DEBUG o.a.h.c.protocol.RequestAddCookies - CookieSpec selected: default
12:27:00.920 [Forwarding findElement on session 18063075-812d-4a4c-a6cd-30fbf03bc7bd to remote] DEBUG o.a.h.c.protocol.RequestAuthCache - Auth cache not set in the context
12:27:00.920 [Forwarding findElement on session 18063075-812d-4a4c-a6cd-30fbf03bc7bd to remote] DEBUG o.a.h.i.c.PoolingHttpClientConnectionManager - Connection request: [route: {}->http://localhost:4723][total kept alive: 1; route allocated: 1 of 2000; total allocated: 1 of 2000]
12:27:00.920 [Forwarding findElement on session 18063075-812d-4a4c-a6cd-30fbf03bc7bd to remote] DEBUG o.a.h.i.c.PoolingHttpClientConnectionManager - Connection leased: [id: 21][route: {}->http://localhost:4723][total kept alive: 0; route allocated: 1 of 2000; total allocated: 1 of 2000]
12:27:00.920 [Forwarding findElement on session 18063075-812d-4a4c-a6cd-30fbf03bc7bd to remote] DEBUG o.a.h.impl.execchain.MainClientExec - Stale connection check
12:27:00.922 [Forwarding findElement on session 18063075-812d-4a4c-a6cd-30fbf03bc7bd to remote] DEBUG org.apache.http.wire - http-outgoing-21 << "[read] I/O error: Read timed out"
12:27:00.922 [Forwarding findElement on session 18063075-812d-4a4c-a6cd-30fbf03bc7bd to remote] DEBUG o.a.h.i.c.DefaultManagedHttpClientConnection - http-outgoing-21: set socket timeout to 10800000
12:27:00.922 [Forwarding findElement on session 18063075-812d-4a4c-a6cd-30fbf03bc7bd to remote] DEBUG o.a.h.impl.execchain.MainClientExec - Executing request POST /wd/hub/session/18063075-812d-4a4c-a6cd-30fbf03bc7bd/element HTTP/1.1
12:27:00.922 [Forwarding findElement on session 18063075-812d-4a4c-a6cd-30fbf03bc7bd to remote] DEBUG o.a.h.impl.execchain.MainClientExec - Target auth state: UNCHALLENGED
12:27:00.922 [Forwarding findElement on session 18063075-812d-4a4c-a6cd-30fbf03bc7bd to remote] DEBUG o.a.h.impl.execchain.MainClientExec - Proxy auth state: UNCHALLENGED
12:27:00.922 [Forwarding findElement on session 18063075-812d-4a4c-a6cd-30fbf03bc7bd to remote] DEBUG org.apache.http.headers - http-outgoing-21 >> POST /wd/hub/session/18063075-812d-4a4c-a6cd-30fbf03bc7bd/element HTTP/1.1
12:27:00.922 [Forwarding findElement on session 18063075-812d-4a4c-a6cd-30fbf03bc7bd to remote] DEBUG org.apache.http.headers - http-outgoing-21 >> Content-Type: application/json; charset=utf-8
12:27:00.922 [Forwarding findElement on session 18063075-812d-4a4c-a6cd-30fbf03bc7bd to remote] DEBUG org.apache.http.headers - http-outgoing-21 >> Content-Length: 342
12:27:00.922 [Forwarding findElement on session 18063075-812d-4a4c-a6cd-30fbf03bc7bd to remote] DEBUG org.apache.http.headers - http-outgoing-21 >> Host: localhost:4723
12:27:00.922 [Forwarding findElement on session 18063075-812d-4a4c-a6cd-30fbf03bc7bd to remote] DEBUG org.apache.http.headers - http-outgoing-21 >> Connection: Keep-Alive
12:27:00.922 [Forwarding findElement on session 18063075-812d-4a4c-a6cd-30fbf03bc7bd to remote] DEBUG org.apache.http.headers - http-outgoing-21 >> User-Agent: Apache-HttpClient/4.5.2 (Java/1.8.0_171)
12:27:00.922 [Forwarding findElement on session 18063075-812d-4a4c-a6cd-30fbf03bc7bd to remote] DEBUG org.apache.http.headers - http-outgoing-21 >> Accept-Encoding: gzip,deflate
12:27:00.922 [Forwarding findElement on session 18063075-812d-4a4c-a6cd-30fbf03bc7bd to remote] DEBUG org.apache.http.wire - http-outgoing-21 >> "POST /wd/hub/session/18063075-812d-4a4c-a6cd-30fbf03bc7bd/element HTTP/1.1[\r][\n]"
12:27:00.922 [Forwarding findElement on session 18063075-812d-4a4c-a6cd-30fbf03bc7bd to remote] DEBUG org.apache.http.wire - http-outgoing-21 >> "Content-Type: application/json; charset=utf-8[\r][\n]"
12:27:00.922 [Forwarding findElement on session 18063075-812d-4a4c-a6cd-30fbf03bc7bd to remote] DEBUG org.apache.http.wire - http-outgoing-21 >> "Content-Length: 342[\r][\n]"
12:27:00.922 [Forwarding findElement on session 18063075-812d-4a4c-a6cd-30fbf03bc7bd to remote] DEBUG org.apache.http.wire - http-outgoing-21 >> "Host: localhost:4723[\r][\n]"
12:27:00.922 [Forwarding findElement on session 18063075-812d-4a4c-a6cd-30fbf03bc7bd to remote] DEBUG org.apache.http.wire - http-outgoing-21 >> "Connection: Keep-Alive[\r][\n]"
12:27:00.922 [Forwarding findElement on session 18063075-812d-4a4c-a6cd-30fbf03bc7bd to remote] DEBUG org.apache.http.wire - http-outgoing-21 >> "User-Agent: Apache-HttpClient/4.5.2 (Java/1.8.0_171)[\r][\n]"
12:27:00.922 [Forwarding findElement on session 18063075-812d-4a4c-a6cd-30fbf03bc7bd to remote] DEBUG org.apache.http.wire - http-outgoing-21 >> "Accept-Encoding: gzip,deflate[\r][\n]"
12:27:00.922 [Forwarding findElement on session 18063075-812d-4a4c-a6cd-30fbf03bc7bd to remote] DEBUG org.apache.http.wire - http-outgoing-21 >> "[\r][\n]"
12:27:00.922 [Forwarding findElement on session 18063075-812d-4a4c-a6cd-30fbf03bc7bd to remote] DEBUG org.apache.http.wire - http-outgoing-21 >> "{"using":"xpath","value":"//XCUIElementTypeApplication/XCUIElementTypeWindow/XCUIElementTypeOther/XCUIElementTypeOther/XCUIElementTypeOther/XCUIElementTypeOther/XCUIElementTypeOther/XCUIElementTypeOther/XCUIElementTypeOther/XCUIElementTypeScrollView/XCUIElementTypeOther[4]/XCUIElementTypeOther/XCUIElementTypeOther[3]/XCUIElementTypeButton"}"
&amp#27;[35m[HTTP]&amp#27;[39m &amp#27;[37m-->&amp#27;[39m &amp#27;[37mPOST&amp#27;[39m &amp#27;[37m/wd/hub/session/18063075-812d-4a4c-a6cd-30fbf03bc7bd/element&amp#27;[39m
&amp#27;[35m[HTTP]&amp#27;[39m &amp#27;[90m{"using":"xpath","value":"//XCUIElementTypeApplication/XCUIElementTypeWindow/XCUIElementTypeOther/XCUIElementTypeOther/XCUIElementTypeOther/XCUIElementTypeOther/XCUIElementTypeOther/XCUIElementTypeOther/XCUIElementTypeOther/XCUIElementTypeScrollView/XCUIElementTypeOther[4]/XCUIElementTypeOther/XCUIElementTypeOther[3]/XCUIElementTypeButton"}&amp#27;[39m
12:27:03.880 [Forwarding findElement on session 18063075-812d-4a4c-a6cd-30fbf03bc7bd to remote] DEBUG org.apache.http.wire - http-outgoing-21 << "HTTP/1.1 200 OK[\r][\n]"
12:27:03.880 [Forwarding findElement on session 18063075-812d-4a4c-a6cd-30fbf03bc7bd to remote] DEBUG org.apache.http.wire - http-outgoing-21 << "X-Powered-By: Express[\r][\n]"
12:27:03.880 [Forwarding findElement on session 18063075-812d-4a4c-a6cd-30fbf03bc7bd to remote] DEBUG org.apache.http.wire - http-outgoing-21 << "Access-Control-Allow-Origin: *[\r][\n]"
12:27:03.880 [Forwarding findElement on session 18063075-812d-4a4c-a6cd-30fbf03bc7bd to remote] DEBUG org.apache.http.wire - http-outgoing-21 << "Access-Control-Allow-Methods: GET,POST,PUT,OPTIONS,DELETE[\r][\n]"
12:27:03.880 [Forwarding findElement on session 18063075-812d-4a4c-a6cd-30fbf03bc7bd to remote] DEBUG org.apache.http.wire - http-outgoing-21 << "Access-Control-Allow-Headers: origin, content-type, accept[\r][\n]"
12:27:03.880 [Forwarding findElement on session 18063075-812d-4a4c-a6cd-30fbf03bc7bd to remote] DEBUG org.apache.http.wire - http-outgoing-21 << "Vary: X-HTTP-Method-Override[\r][\n]"
12:27:03.880 [Forwarding findElement on session 18063075-812d-4a4c-a6cd-30fbf03bc7bd to remote] DEBUG org.apache.http.wire - http-outgoing-21 << "Content-Type: application/json; charset=utf-8[\r][\n]"
12:27:03.880 [Forwarding findElement on session 18063075-812d-4a4c-a6cd-30fbf03bc7bd to remote] DEBUG org.apache.http.wire - http-outgoing-21 << "Content-Length: 122[\r][\n]"
12:27:03.880 [Forwarding findElement on session 18063075-812d-4a4c-a6cd-30fbf03bc7bd to remote] DEBUG org.apache.http.wire - http-outgoing-21 << "ETag: W/"7a-8I+NjjId+OQ1Ad8trJL98/MgAWM"[\r][\n]"
12:27:03.880 [Forwarding findElement on session 18063075-812d-4a4c-a6cd-30fbf03bc7bd to remote] DEBUG org.apache.http.wire - http-outgoing-21 << "Date: Fri, 23 Aug 2019 06:57:03 GMT[\r][\n]"
12:27:03.880 [Forwarding findElement on session 18063075-812d-4a4c-a6cd-30fbf03bc7bd to remote] DEBUG org.apache.http.wire - http-outgoing-21 << "Connection: keep-alive[\r][\n]"
12:27:03.880 [Forwarding findElement on session 18063075-812d-4a4c-a6cd-30fbf03bc7bd to remote] DEBUG org.apache.http.wire - http-outgoing-21 << "[\r][\n]"
12:27:03.880 [Forwarding findElement on session 18063075-812d-4a4c-a6cd-30fbf03bc7bd to remote] DEBUG org.apache.http.wire - http-outgoing-21 << "{"status":0,"value":{"ELEMENT":"F2020000-0000-0000-CF19-000000000000"},"sessionId":"18063075-812d-4a4c-a6cd-30fbf03bc7bd"}"
12:27:03.880 [Forwarding findElement on session 18063075-812d-4a4c-a6cd-30fbf03bc7bd to remote] DEBUG org.apache.http.headers - http-outgoing-21 << HTTP/1.1 200 OK
&amp#27;[35m[H12:27:03.880 [Forwarding findElement on session 18063075-812d-4a4c-a6cd-30fbf03bc7bd to remote] DEBUG org.apache.http.headers - http-outgoing-21 << X-Powered-By: Express
TTP]&amp#27;[39m &amp#27;[37m<-- POST /wd/hub/session/18063075-81212:27:03.881 [Forwarding findElement on session 18063075-812d-4a4c-a6cd-30fbf03bc7bd to remote] DEBUG org.apache.http.headers - http-outgoing-21 << Access-Control-Allow-Origin: *
12:27:03.881 [Forwarding findElement on session 18063075-812d-4a4c-a6cd-30fbf03bc7bd to remote] DEBUG org.apache.http.headers - http-outgoing-21 << Access-Control-Allow-Methods: GET,POST,PUT,OPTIONS,DELETE
d-4a12:27:03.881 [Forwarding findElement on session 18063075-812d-4a4c-a6cd-30fbf03bc7bd to remote] DEBUG org.apache.http.headers - http-outgoing-21 << Access-Control-Allow-Headers: origin, content-type, accept
4c-a12:27:03.881 [Forwarding findElement on session 18063075-812d-4a4c-a6cd-30fbf03bc7bd to remote] DEBUG org.apache.http.headers - http-outgoing-21 << Vary: X-HTTP-Method-Override
6cd-3012:27:03.881 [Forwarding findElement on session 18063075-812d-4a4c-a6cd-30fbf03bc7bd to remote] DEBUG org.apache.http.headers - http-outgoing-21 << Content-Type: application/json; charset=utf-8
12:27:03.881 [Forwarding findElement on session 18063075-812d-4a4c-a6cd-30fbf03bc7bd to remote] DEBUG org.apache.http.headers - http-outgoing-21 << Content-Length: 122
12:27:03.881 [Forwarding findElement on session 18063075-812d-4a4c-a6cd-30fbf03bc7bd to remote] DEBUG org.apache.http.headers - http-outgoing-21 << ETag: W/"7a-8I+NjjId+OQ1Ad8trJL98/MgAWM"
12:27:03.881 [Forwarding findElement on session 18063075-812d-4a4c-a6cd-30fbf03bc7bd to remote] DEBUG org.apache.http.headers - http-outgoing-21 << Date: Fri, 23 Aug 2019 06:57:03 GMT
12:27:03.881 [Forwarding findElement on session 18063075-812d-4a4c-a6cd-30fbf03bc7bd to remote] DEBUG org.apache.http.headers - http-outgoing-21 << Connection: keep-alive
fbf03bc7b12:27:03.881 [Forwarding findElement on session 18063075-812d-4a4c-a6cd-30fbf03bc7bd to remote] DEBUG o.a.h.impl.execchain.MainClientExec - Connection can be kept alive indefinitely
d/element &amp#27;[39m12:27:03.881 [Forwarding findElement on session 18063075-812d-4a4c-a6cd-30fbf03bc7bd to remote] DEBUG o.a.h.i.c.PoolingHttpClientConnectionManager - Connection [id: 21][route: {}->http://localhost:4723] can be kept alive indefinitely
&amp#27;[12:27:03.882 [Forwarding findElement on session 18063075-812d-4a4c-a6cd-30fbf03bc7bd to remote] DEBUG o.a.h.i.c.PoolingHttpClientConnectionManager - Connection released: [id: 21][route: {}->http://localhost:4723][total kept alive: 1; route allocated: 1 of 2000; total allocated: 1 of 2000]
32m200&amp#27;[39m &amp#27;[90m2958 ms - 122&amp#27;[39m
&amp#27;[35m[HTTP]&amp#27;[39m &amp#27;[90m&amp#27;[39m
12:27:03.882 [Forwarding isElementDisplayed on session 18063075-812d-4a4c-a6cd-30fbf03bc7bd to remote] DEBUG o.a.h.c.protocol.RequestAddCookies - CookieSpec selected: default
12:27:03.882 [Forwarding isElementDisplayed on session 18063075-812d-4a4c-a6cd-30fbf03bc7bd to remote] DEBUG o.a.h.c.protocol.RequestAuthCache - Auth cache not set in the context
12:27:03.882 [Forwarding isElementDisplayed on session 18063075-812d-4a4c-a6cd-30fbf03bc7bd to remote] DEBUG o.a.h.i.c.PoolingHttpClientConnectionManager - Connection request: [route: {}->http://localhost:4723][total kept alive: 1; route allocated: 1 of 2000; total allocated: 1 of 2000]
12:27:03.882 [Forwarding isElementDisplayed on session 18063075-812d-4a4c-a6cd-30fbf03bc7bd to remote] DEBUG o.a.h.i.c.PoolingHttpClientConnectionManager - Connection leased: [id: 21][route: {}->http://localhost:4723][total kept alive: 0; route allocated: 1 of 2000; total allocated: 1 of 2000]
12:27:03.882 [Forwarding isElementDisplayed on session 18063075-812d-4a4c-a6cd-30fbf03bc7bd to remote] DEBUG o.a.h.impl.execchain.MainClientExec - Stale connection check
12:27:03.884 [Forwarding isElementDisplayed on session 18063075-812d-4a4c-a6cd-30fbf03bc7bd to remote] DEBUG org.apache.http.wire - http-outgoing-21 << "[read] I/O error: Read timed out"
12:27:03.884 [Forwarding isElementDisplayed on session 18063075-812d-4a4c-a6cd-30fbf03bc7bd to remote] DEBUG o.a.h.i.c.DefaultManagedHttpClientConnection - http-outgoing-21: set socket timeout to 10800000
12:27:03.884 [Forwarding isElementDisplayed on session 18063075-812d-4a4c-a6cd-30fbf03bc7bd to remote] DEBUG o.a.h.impl.execchain.MainClientExec - Executing request GET /wd/hub/session/18063075-812d-4a4c-a6cd-30fbf03bc7bd/element/F2020000-0000-0000-CF19-000000000000/displayed HTTP/1.1
12:27:03.884 [Forwarding isElementDisplayed on session 18063075-812d-4a4c-a6cd-30fbf03bc7bd to remote] DEBUG o.a.h.impl.execchain.MainClientExec - Target auth state: UNCHALLENGED
12:27:03.884 [Forwarding isElementDisplayed on session 18063075-812d-4a4c-a6cd-30fbf03bc7bd to remote] DEBUG o.a.h.impl.execchain.MainClientExec - Proxy auth state: UNCHALLENGED
12:27:03.884 [Forwarding isElementDisplayed on session 18063075-812d-4a4c-a6cd-30fbf03bc7bd to remote] DEBUG org.apache.http.headers - http-outgoing-21 >> GET /wd/hub/session/18063075-812d-4a4c-a6cd-30fbf03bc7bd/element/F2020000-0000-0000-CF19-000000000000/displayed HTTP/1.1
12:27:03.884 [Forwarding isElementDisplayed on session 18063075-812d-4a4c-a6cd-30fbf03bc7bd to remote] DEBUG org.apache.http.headers - http-outgoing-21 >> Cache-Control: no-cache
12:27:03.884 [Forwarding isElementDisplayed on session 18063075-812d-4a4c-a6cd-30fbf03bc7bd to remote] DEBUG org.apache.http.headers - http-outgoing-21 >> Host: localhost:4723
12:27:03.884 [Forwarding isElementDisplayed on session 18063075-812d-4a4c-a6cd-30fbf03bc7bd to remote] DEBUG org.apache.http.headers - http-outgoing-21 >> Connection: Keep-Alive
12:27:03.884 [Forwarding isElementDisplayed on session 18063075-812d-4a4c-a6cd-30fbf03bc7bd to remote] DEBUG org.apache.http.headers - http-outgoing-21 >> User-Agent: Apache-HttpClient/4.5.2 (Java/1.8.0_171)
12:27:03.884 [Forwarding isElementDisplayed on session 18063075-812d-4a4c-a6cd-30fbf03bc7bd to remote] DEBUG org.apache.http.headers - http-outgoing-21 >> Accept-Encoding: gzip,deflate
12:27:03.884 [Forwarding isElementDisplayed on session 18063075-812d-4a4c-a6cd-30fbf03bc7bd to remote] DEBUG org.apache.http.wire - http-outgoing-21 >> "GET /wd/hub/session/18063075-812d-4a4c-a6cd-30fbf03bc7bd/element/F2020000-0000-0000-CF19-000000000000/displayed HTTP/1.1[\r][\n]"
12:27:03.884 [Forwarding isElementDisplayed on session 18063075-812d-4a4c-a6cd-30fbf03bc7bd to remote] DEBUG org.apache.http.wire - http-outgoing-21 >> "Cache-Control: no-cache[\r][\n]"
12:27:03.884 [Forwarding isElementDisplayed on session 18063075-812d-4a4c-a6cd-30fbf03bc7bd to remote] DEBUG org.apache.http.wire - http-outgoing-21 >> "Host: localhost:4723[\r][\n]"
12:27:03.884 [Forwarding isElementDisplayed on session 18063075-812d-4a4c-a6cd-30fbf03bc7bd to remote] DEBUG org.apache.http.wire - http-outgoing-21 >> "Connection: Keep-Alive[\r][\n]"
12:27:03.884 [Forwarding isElementDisplayed on session 18063075-812d-4a4c-a6cd-30fbf03bc7bd to remote] DEBUG org.apache.http.wire - http-outgoing-21 >> "User-Agent: Apache-HttpClient/4.5.2 (Java/1.8.0_171)[\r][\n]"
12:27:03.884 [Forwarding isElementDisplayed on session 18063075-812d-4a4c-a6cd-30fbf03bc7bd to remote] DEBUG org.apache.http.wire - http-outgoing-21 >> "Accept-Encoding: gzip,deflate[\r][\n]"
12:27:03.884 [Forwarding isElementDisplayed on session 18063075-812d-4a4c-a6cd-30fbf03bc7bd to remote] DEBUG org.apache.http.wire - http-outgoing-21 >> "[\r][\n]"
&amp#27;[35m[HTTP]&amp#27;[39m &amp#27;[37m-->&amp#27;[39m &amp#27;[37mGET&amp#27;[39m &amp#27;[37m/wd/hub/session/18063075-812d-4a4c-a6cd-30fbf03bc7bd/element/F2020000-0000-0000-CF19-000000000000/displayed&amp#27;[39m
&amp#27;[35m[HTTP]&amp#27;[39m &amp#27;[90m{}&amp#27;[39m
&amp#27;[35m[MJSONWP]&amp#27;[39m Driver proxy active, passing request on via HTTP proxy
&amp#27;[35m[JSONWP Proxy]&amp#27;[39m Replacing sessionId B74F9560-FF94-4D04-9569-912:27:04.161 [Forwarding isElementDisplayed on session 18063075-812d-4a4c-a6cd-30fbf03bc7bd to remote] DEBUG org.apache.http.wire - http-outgoing-21 << "HTTP/1.1 200 OK[\r][\n]"
BCC996503BA with 180630712:27:04.161 [Forwarding isElementDisplayed on session 18063075-812d-4a4c-a6cd-30fbf03bc7bd to remote] DEBUG org.apache.http.wire - http-outgoing-21 << "X-Powered-By: Express[\r][\n]"
5-812d-4a4c-a12:27:04.161 [Forwarding isElementDisplayed on session 18063075-812d-4a4c-a6cd-30fbf03bc7bd to remote] DEBUG org.apache.http.wire - http-outgoing-21 << "Access-Control-Allow-Origin: *[\r][\n]"
6cd-30fbf03bc7bd
12:27:04.161 [Forwarding isElementDisplayed on session 18063075-812d-4a4c-a6cd-30fbf03bc7bd to remote] DEBUG org.apache.http.wire - http-outgoing-21 << "Access-Control-Allow-Methods: GET,POST,PUT,OPTIONS,DELETE[\r][\n]"
&amp#27;[312:27:04.162 [Forwarding isElementDisplayed on session 18063075-812d-4a4c-a6cd-30fbf03bc7bd to remote] DEBUG org.apache.http.wire - http-outgoing-21 << "Access-Control-Allow-Headers: origin, content-type, accept[\r][\n]"
12:27:04.162 [Forwarding isElementDisplayed on session 18063075-812d-4a4c-a6cd-30fbf03bc7bd to remote] DEBUG org.apache.http.wire - http-outgoing-21 << "Content-Type: application/json; charset=utf-8[\r][\n]"
5m[HTTP]&amp#27;[39m &amp#27;12:27:04.162 [Forwarding isElementDisplayed on session 18063075-812d-4a4c-a6cd-30fbf03bc7bd to remote] DEBUG org.apache.http.wire - http-outgoing-21 << "Content-Length: 76[\r][\n]"
12:27:04.162 [Forwarding isElementDisplayed on session 18063075-812d-4a4c-a6cd-30fbf03bc7bd to remote] DEBUG org.apache.http.wire - http-outgoing-21 << "ETag: W/"4c-Y7k244UeXncxktz3h+rJR8RJids"[\r][\n]"
12:27:04.162 [Forwarding isElementDisplayed on session 18063075-812d-4a4c-a6cd-30fbf03bc7bd to remote] DEBUG org.apache.http.wire - http-outgoing-21 << "Date: Fri, 23 Aug 2019 06:57:04 GMT[\r][\n]"
12:27:04.162 [Forwarding isElementDisplayed on session 18063075-812d-4a4c-a6cd-30fbf03bc7bd to remote] DEBUG org.apache.http.wire - http-outgoing-21 << "Connection: keep-alive[\r][\n]"
[37m<-- GET /wd/hub/session/18063075-812d-412:27:04.162 [Forwarding isElementDisplayed on session 18063075-812d-4a4c-a6cd-30fbf03bc7bd to remote] DEBUG org.apache.http.wire - http-outgoing-21 << "[\r][\n]"
a4c-a6cd-30fbf03bc7bd/element/F202012:27:04.162 [Forwarding isElementDisplayed on session 18063075-812d-4a4c-a6cd-30fbf03bc7bd to remote] DEBUG org.apache.http.wire - http-outgoing-21 << "{"value":true,"sessionId":"18063075-812d-4a4c-a6cd-30fbf03bc7bd","status":0}"
000-0000-0000-CF19-000000000000/displayed &amp#27;[39m&amp#27;[32m200&amp#27;[12:27:04.163 [Forwarding isElementDisplayed on session 18063075-812d-4a4c-a6cd-30fbf03bc7bd to remote] DEBUG org.apache.http.headers - http-outgoing-21 << HTTP/1.1 200 OK
12:27:04.163 [Forwarding isElementDisplayed on session 18063075-812d-4a4c-a6cd-30fbf03bc7bd to remote] DEBUG org.apache.http.headers - http-outgoing-21 << X-Powered-By: Express
12:27:04.163 [Forwarding isElementDisplayed on session 18063075-812d-4a4c-a6cd-30fbf03bc7bd to remote] DEBUG org.apache.http.headers - http-outgoing-21 << Access-Control-Allow-Origin: *
12:27:04.163 [Forwarding isElementDisplayed on session 18063075-812d-4a4c-a6cd-30fbf03bc7bd to remote] DEBUG org.apache.http.headers - http-outgoing-21 << Access-Control-Allow-Methods: GET,POST,PUT,OPTIONS,DELETE
39m &amp#27;[90m276 ms - 76&amp#27;[39m
12:27:04.163 [Forwarding isElementDisplayed on session 18063075-812d-4a4c-a6cd-30fbf03bc7bd to remote] DEBUG org.apache.http.headers - http-outgoing-21 << Access-Control-Allow-Headers: origin, content-type, accept
&amp#27;[35m[HTTP]&amp#27;[39m &amp#27;[90m&amp#27;[39m
12:27:04.163 [Forwarding isElementDisplayed on session 18063075-812d-4a4c-a6cd-30fbf03bc7bd to remote] DEBUG org.apache.http.headers - http-outgoing-21 << Content-Type: application/json; charset=utf-8
12:27:04.163 [Forwarding isElementDisplayed on session 18063075-812d-4a4c-a6cd-30fbf03bc7bd to remote] DEBUG org.apache.http.headers - http-outgoing-21 << Content-Length: 76
12:27:04.163 [Forwarding isElementDisplayed on session 18063075-812d-4a4c-a6cd-30fbf03bc7bd to remote] DEBUG org.apache.http.headers - http-outgoing-21 << ETag: W/"4c-Y7k244UeXncxktz3h+rJR8RJids"
12:27:04.163 [Forwarding isElementDisplayed on session 18063075-812d-4a4c-a6cd-30fbf03bc7bd to remote] DEBUG org.apache.http.headers - http-outgoing-21 << Date: Fri, 23 Aug 2019 06:57:04 GMT
12:27:04.163 [Forwarding isElementDisplayed on session 18063075-812d-4a4c-a6cd-30fbf03bc7bd to remote] DEBUG org.apache.http.headers - http-outgoing-21 << Connection: keep-alive
12:27:04.163 [Forwarding isElementDisplayed on session 18063075-812d-4a4c-a6cd-30fbf03bc7bd to remote] DEBUG o.a.h.impl.execchain.MainClientExec - Connection can be kept alive indefinitely
12:27:04.164 [Forwarding isElementDisplayed on session 18063075-812d-4a4c-a6cd-30fbf03bc7bd to remote] DEBUG o.a.h.i.c.PoolingHttpClientConnectionManager - Connection [id: 21][route: {}->http://localhost:4723] can be kept alive indefinitely
12:27:04.164 [Forwarding isElementDisplayed on session 18063075-812d-4a4c-a6cd-30fbf03bc7bd to remote] DEBUG o.a.h.i.c.PoolingHttpClientConnectionManager - Connection released: [id: 21][route: {}->http://localhost:4723][total kept alive: 1; route allocated: 1 of 2000; total allocated: 1 of 2000]
12:27:04.164 [Forwarding findElement on session 18063075-812d-4a4c-a6cd-30fbf03bc7bd to remote] DEBUG o.a.h.c.protocol.RequestAddCookies - CookieSpec selected: default
12:27:04.164 [Forwarding findElement on session 18063075-812d-4a4c-a6cd-30fbf03bc7bd to remote] DEBUG o.a.h.c.protocol.RequestAuthCache - Auth cache not set in the context
12:27:04.164 [Forwarding findElement on session 18063075-812d-4a4c-a6cd-30fbf03bc7bd to remote] DEBUG o.a.h.i.c.PoolingHttpClientConnectionManager - Connection request: [route: {}->http://localhost:4723][total kept alive: 1; route allocated: 1 of 2000; total allocated: 1 of 2000]
12:27:04.164 [Forwarding findElement on session 18063075-812d-4a4c-a6cd-30fbf03bc7bd to remote] DEBUG o.a.h.i.c.PoolingHttpClientConnectionManager - Connection leased: [id: 21][route: {}->http://localhost:4723][total kept alive: 0; route allocated: 1 of 2000; total allocated: 1 of 2000]
12:27:04.164 [Forwarding findElement on session 18063075-812d-4a4c-a6cd-30fbf03bc7bd to remote] DEBUG o.a.h.impl.execchain.MainClientExec - Stale connection check
12:27:04.166 [Forwarding findElement on session 18063075-812d-4a4c-a6cd-30fbf03bc7bd to remote] DEBUG org.apache.http.wire - http-outgoing-21 << "[read] I/O error: Read timed out"
12:27:04.166 [Forwarding findElement on session 18063075-812d-4a4c-a6cd-30fbf03bc7bd to remote] DEBUG o.a.h.i.c.DefaultManagedHttpClientConnection - http-outgoing-21: set socket timeout to 10800000
12:27:04.166 [Forwarding findElement on session 18063075-812d-4a4c-a6cd-30fbf03bc7bd to remote] DEBUG o.a.h.impl.execchain.MainClientExec - Executing request POST /wd/hub/session/18063075-812d-4a4c-a6cd-30fbf03bc7bd/element HTTP/1.1
12:27:04.166 [Forwarding findElement on session 18063075-812d-4a4c-a6cd-30fbf03bc7bd to remote] DEBUG o.a.h.impl.execchain.MainClientExec - Target auth state: UNCHALLENGED
12:27:04.166 [Forwarding findElement on session 18063075-812d-4a4c-a6cd-30fbf03bc7bd to remote] DEBUG o.a.h.impl.execchain.MainClientExec - Proxy auth state: UNCHALLENGED
12:27:04.166 [Forwarding findElement on session 18063075-812d-4a4c-a6cd-30fbf03bc7bd to remote] DEBUG org.apache.http.headers - http-outgoing-21 >> POST /wd/hub/session/18063075-812d-4a4c-a6cd-30fbf03bc7bd/element HTTP/1.1
12:27:04.166 [Forwarding findElement on session 18063075-812d-4a4c-a6cd-30fbf03bc7bd to remote] DEBUG org.apache.http.headers - http-outgoing-21 >> Content-Type: application/json; charset=utf-8
12:27:04.166 [Forwarding findElement on session 18063075-812d-4a4c-a6cd-30fbf03bc7bd to remote] DEBUG org.apache.http.headers - http-outgoing-21 >> Content-Length: 339
12:27:04.166 [Forwarding findElement on session 18063075-812d-4a4c-a6cd-30fbf03bc7bd to remote] DEBUG org.apache.http.headers - http-outgoing-21 >> Host: localhost:4723
12:27:04.166 [Forwarding findElement on session 18063075-812d-4a4c-a6cd-30fbf03bc7bd to remote] DEBUG org.apache.http.headers - http-outgoing-21 >> Connection: Keep-Alive
12:27:04.166 [Forwarding findElement on session 18063075-812d-4a4c-a6cd-30fbf03bc7bd to remote] DEBUG org.apache.http.headers - http-outgoing-21 >> User-Agent: Apache-HttpClient/4.5.2 (Java/1.8.0_171)
12:27:04.166 [Forwarding findElement on session 18063075-812d-4a4c-a6cd-30fbf03bc7bd to remote] DEBUG org.apache.http.headers - http-outgoing-21 >> Accept-Encoding: gzip,deflate
12:27:04.166 [Forwarding findElement on session 18063075-812d-4a4c-a6cd-30fbf03bc7bd to remote] DEBUG org.apache.http.wire - http-outgoing-21 >> "POST /wd/hub/session/18063075-812d-4a4c-a6cd-30fbf03bc7bd/element HTTP/1.1[\r][\n]"
12:27:04.166 [Forwarding findElement on session 18063075-812d-4a4c-a6cd-30fbf03bc7bd to remote] DEBUG org.apache.http.wire - http-outgoing-21 >> "Content-Type: application/json; charset=utf-8[\r][\n]"
12:27:04.166 [Forwarding findElement on session 18063075-812d-4a4c-a6cd-30fbf03bc7bd to remote] DEBUG org.apache.http.wire - http-outgoing-21 >> "Content-Length: 339[\r][\n]"
12:27:04.166 [Forwarding findElement on session 18063075-812d-4a4c-a6cd-30fbf03bc7bd to remote] DEBUG org.apache.http.wire - http-outgoing-21 >> "Host: localhost:4723[\r][\n]"
12:27:04.166 [Forwarding findElement on session 18063075-812d-4a4c-a6cd-30fbf03bc7bd to remote] DEBUG org.apache.http.wire - http-outgoing-21 >> "Connection: Keep-Alive[\r][\n]"
12:27:04.166 [Forwarding findElement on session 18063075-812d-4a4c-a6cd-30fbf03bc7bd to remote] DEBUG org.apache.http.wire - http-outgoing-21 >> "User-Agent: Apache-HttpClient/4.5.2 (Java/1.8.0_171)[\r][\n]"
12:27:04.166 [Forwarding findElement on session 18063075-812d-4a4c-a6cd-30fbf03bc7bd to remote] DEBUG org.apache.http.wire - http-outgoing-21 >> "Accept-Encoding: gzip,deflate[\r][\n]"
12:27:04.166 [Forwarding findElement on session 18063075-812d-4a4c-a6cd-30fbf03bc7bd to remote] DEBUG org.apache.http.wire - http-outgoing-21 >> "[\r][\n]"
12:27:04.166 [Forwarding findElement on session 18063075-812d-4a4c-a6cd-30fbf03bc7bd to remote] DEBUG org.apache.http.wire - http-outgoing-21 >> "{"using":"xpath","value":"//XCUIElementTypeApplication/XCUIElementTypeWindow/XCUIElementTypeOther/XCUIElementTypeOther/XCUIElementTypeOther/XCUIElementTypeOther/XCUIElementTypeOther/XCUIElementTypeOther/XCUIElementTypeOther/XCUIElementTypeScrollView/XCUIElementTypeOther[2]/XCUIElementTypeOther/XCUIElementTypeOther/XCUIElementTypeButton"}"
&amp#27;[35m[HTTP]&amp#27;[39m &amp#27;[37m-->&amp#27;[39m &amp#27;[37mPOST&amp#27;[39m &amp#27;[37m/wd/hub/session/18063075-812d-4a4c-a6cd-30fbf03bc7bd/element&amp#27;[39m
&amp#27;[35m[HTTP]&amp#27;[39m &amp#27;[90m{"using":"xpath","value":"//XCUIElementTypeApplication/XCUIElementTypeWindow/XCUIElementTypeOther/XCUIElementTypeOther/XCUIElementTypeOther/XCUIElementTypeOther/XCUIElementTypeOther/XCUIElementTypeOther/XCUIElementTypeOther/XCUIElementTypeScrollView/XCUIElementTypeOther[2]/XCUIElementTypeOther/XCUIElementTypeOther/XCUIElementTypeButton"}&amp#27;[39m
12:27:07.115 [Forwarding findElement on session 18063075-812d-4a4c-a6cd-30fbf03bc7bd to remote] DEBUG org.apache.http.wire - http-outgoing-21 << "HTTP/1.1 200 OK[\r][\n]"
12:27:07.115 [Forwarding findElement on session 18063075-812d-4a4c-a6cd-30fbf03bc7bd to remote] DEBUG org.apache.http.wire - http-outgoing-21 << "X-Powered-By: Express[\r][\n]"
12:27:07.115 [Forwarding findElement on session 18063075-812d-4a4c-a6cd-30fbf03bc7bd to remote] DEBUG org.apache.http.wire - http-outgoing-21 << "Access-Control-Allow-Origin: *[\r][\n]"
12:27:07.115 [Forwarding findElement on session 18063075-812d-4a4c-a6cd-30fbf03bc7bd to remote] DEBUG org.apache.http.wire - http-outgoing-21 << "Access-Control-Allow-Methods: GET,POST,PUT,OPTIONS,DELETE[\r][\n]"
12:27:07.115 [Forwarding findElement on session 18063075-812d-4a4c-a6cd-30fbf03bc7bd to remote] DEBUG org.apache.http.wire - http-outgoing-21 << "Access-Control-Allow-Headers: origin, content-type, accept[\r][\n]"
12:27:07.115 [Forwarding findElement on session 18063075-812d-4a4c-a6cd-30fbf03bc7bd to remote] DEBUG org.apache.http.wire - http-outgoing-21 << "Vary: X-HTTP-Method-Override[\r][\n]"
12:27:07.115 [Forwarding findElement on session 18063075-812d-4a4c-a6cd-30fbf03bc7bd to remote] DEBUG org.apache.http.wire - http-outgoing-21 << "Content-Type: application/json; charset=utf-8[\r][\n]"
12:27:07.115 [Forwarding findElement on session 18063075-812d-4a4c-a6cd-30fbf03bc7bd to remote] DEBUG org.apache.http.wire - http-outgoing-21 << "Content-Length: 122[\r][\n]"
12:27:07.115 [Forwarding findElement on session 18063075-812d-4a4c-a6cd-30fbf03bc7bd to remote] DEBUG org.apache.http.wire - http-outgoing-21 << "ETag: W/"7a-yj83De2cJWZpvaypinLeA1FEHyk"[\r][\n]"
12:27:07.115 [Forwarding findElement on session 18063075-812d-4a4c-a6cd-30fbf03bc7bd to remote] DEBUG org.apache.http.wire - http-outgoing-21 << "Date: Fri, 23 Aug 2019 06:57:07 GMT[\r][\n]"
12:27:07.115 [Forwarding findElement on session 18063075-812d-4a4c-a6cd-30fbf03bc7bd to remote] DEBUG org.apache.http.wire - http-outgoing-21 << "Connection: keep-alive[\r][\n]"
12:27:07.116 [Forwarding findElement on session 18063075-812d-4a4c-a6cd-30fbf03bc7bd to remote] DEBUG org.apache.http.wire - http-outgoing-21 << "[\r][\n]"
12:27:07.116 [Forwarding findElement on session 18063075-812d-4a4c-a6cd-30fbf03bc7bd to remote] DEBUG org.apache.http.wire - http-outgoing-21 << "{"status":0,"value":{"ELEMENT":"D7020000-0000-0000-CF19-000000000000"},"sessionId":"18063075-812d-4a4c-a6cd-30fbf03bc7bd"}"
12:27:07.116 [Forwarding findElement on session 18063075-812d-4a4c-a6cd-30fbf03bc7bd to remote] DEBUG org.apache.http.headers - http-outgoing-21 << HTTP/1.1 200 OK
12:27:07.116 [Forwarding findElement on session 18063075-812d-4a4c-a6cd-30fbf03bc7bd to remote] DEBUG org.apache.http.headers - http-outgoing-21 << X-Powered-By: Express
12:27:07.116 [Forwarding findElement on session 18063075-812d-4a4c-a6cd-30fbf03bc7bd to remote] DEBUG org.apache.http.headers - http-outgoing-21 << Access-Control-Allow-Origin: *
12:27:07.116 [Forwarding findElement on session 18063075-812d-4a4c-a6cd-30fbf03bc7bd to remote] DEBUG org.apache.http.headers - http-outgoing-21 << Access-Control-Allow-Methods: GET,POST,PUT,OPTIONS,DELETE
12:27:07.116 [Forwarding findElement on session 18063075-812d-4a4c-a6cd-30fbf03bc7bd to remote] DEBUG org.apache.http.headers - http-outgoing-21 << Access-Control-Allow-Headers: origin, content-type, accept
12:27:07.116 [Forwarding findElement on session 18063075-812d-4a4c-a6cd-30fbf03bc7bd to remote] DEBUG org.apache.http.headers - http-outgoing-21 << Vary: X-HTTP-Method-Override
12:27:07.116 [Forwarding findElement on session 18063075-812d-4a4c-a6cd-30fbf03bc7bd to remote] DEBUG org.apache.http.headers - http-outgoing-21 << Content-Type: application/json; charset=utf-8
12:27:07.116 [Forwarding findElement on session 18063075-812d-4a4c-a6cd-30fbf03bc7bd to remote] DEBUG org.apache.http.headers - http-outgoing-21 << Content-Length: 122
&amp#27;[3512:27:07.116 [Forwarding findElement on session 18063075-812d-4a4c-a6cd-30fbf03bc7bd to remote] DEBUG org.apache.http.headers - http-outgoing-21 << ETag: W/"7a-yj83De2cJWZpvaypinLeA1FEHyk"
m[HTTP]&amp#27;[39m &amp#27;[37m<-- POST /wd/hub/session/18063012:27:07.116 [Forwarding findElement on session 18063075-812d-4a4c-a6cd-30fbf03bc7bd to remote] DEBUG org.apache.http.headers - http-outgoing-21 << Date: Fri, 23 Aug 2019 06:57:07 GMT
12:27:07.116 [Forwarding findElement on session 18063075-812d-4a4c-a6cd-30fbf03bc7bd to remote] DEBUG org.apache.http.headers - http-outgoing-21 << Connection: keep-alive
7512:27:07.116 [Forwarding findElement on session 18063075-812d-4a4c-a6cd-30fbf03bc7bd to remote] DEBUG o.a.h.impl.execchain.MainClientExec - Connection can be kept alive indefinitely
-812d-4a4c-a6cd-30fbf12:27:07.116 [Forwarding findElement on session 18063075-812d-4a4c-a6cd-30fbf03bc7bd to remote] DEBUG o.a.h.i.c.PoolingHttpClientConnectionManager - Connection [id: 21][route: {}->http://localhost:4723] can be kept alive indefinitely
03bc7bd/element &amp#27;[39m&amp#27;[32m200&amp#27;[39m &amp#27;[90m2949 ms - 122&amp#27;[39m
12:27:07.116 [Forwarding findElement on session 18063075-812d-4a4c-a6cd-30fbf03bc7bd to remote] DEBUG o.a.h.i.c.PoolingHttpClientConnectionManager - Connection released: [id: 21][route: {}->http://localhost:4723][total kept alive: 1; route allocated: 1 of 2000; total allocated: 1 of 2000]
&amp#27;[35m[HTTP]&amp#27;[39m &amp#27;[90m&amp#27;[39m
12:27:07.118 [Forwarding isElementDisplayed on session 18063075-812d-4a4c-a6cd-30fbf03bc7bd to remote] DEBUG o.a.h.c.protocol.RequestAddCookies - CookieSpec selected: default
12:27:07.118 [Forwarding isElementDisplayed on session 18063075-812d-4a4c-a6cd-30fbf03bc7bd to remote] DEBUG o.a.h.c.protocol.RequestAuthCache - Auth cache not set in the context
12:27:07.118 [Forwarding isElementDisplayed on session 18063075-812d-4a4c-a6cd-30fbf03bc7bd to remote] DEBUG o.a.h.i.c.PoolingHttpClientConnectionManager - Connection request: [route: {}->http://localhost:4723][total kept alive: 1; route allocated: 1 of 2000; total allocated: 1 of 2000]
12:27:07.118 [Forwarding isElementDisplayed on session 18063075-812d-4a4c-a6cd-30fbf03bc7bd to remote] DEBUG o.a.h.i.c.PoolingHttpClientConnectionManager - Connection leased: [id: 21][route: {}->http://localhost:4723][total kept alive: 0; route allocated: 1 of 2000; total allocated: 1 of 2000]
12:27:07.118 [Forwarding isElementDisplayed on session 18063075-812d-4a4c-a6cd-30fbf03bc7bd to remote] DEBUG o.a.h.impl.execchain.MainClientExec - Stale connection check
12:27:07.119 [Forwarding isElementDisplayed on session 18063075-812d-4a4c-a6cd-30fbf03bc7bd to remote] DEBUG org.apache.http.wire - http-outgoing-21 << "[read] I/O error: Read timed out"
12:27:07.119 [Forwarding isElementDisplayed on session 18063075-812d-4a4c-a6cd-30fbf03bc7bd to remote] DEBUG o.a.h.i.c.DefaultManagedHttpClientConnection - http-outgoing-21: set socket timeout to 10800000
12:27:07.120 [Forwarding isElementDisplayed on session 18063075-812d-4a4c-a6cd-30fbf03bc7bd to remote] DEBUG o.a.h.impl.execchain.MainClientExec - Executing request GET /wd/hub/session/18063075-812d-4a4c-a6cd-30fbf03bc7bd/element/D7020000-0000-0000-CF19-000000000000/displayed HTTP/1.1
12:27:07.120 [Forwarding isElementDisplayed on session 18063075-812d-4a4c-a6cd-30fbf03bc7bd to remote] DEBUG o.a.h.impl.execchain.MainClientExec - Target auth state: UNCHALLENGED
12:27:07.120 [Forwarding isElementDisplayed on session 18063075-812d-4a4c-a6cd-30fbf03bc7bd to remote] DEBUG o.a.h.impl.execchain.MainClientExec - Proxy auth state: UNCHALLENGED
12:27:07.120 [Forwarding isElementDisplayed on session 18063075-812d-4a4c-a6cd-30fbf03bc7bd to remote] DEBUG org.apache.http.headers - http-outgoing-21 >> GET /wd/hub/session/18063075-812d-4a4c-a6cd-30fbf03bc7bd/element/D7020000-0000-0000-CF19-000000000000/displayed HTTP/1.1
12:27:07.120 [Forwarding isElementDisplayed on session 18063075-812d-4a4c-a6cd-30fbf03bc7bd to remote] DEBUG org.apache.http.headers - http-outgoing-21 >> Cache-Control: no-cache
12:27:07.120 [Forwarding isElementDisplayed on session 18063075-812d-4a4c-a6cd-30fbf03bc7bd to remote] DEBUG org.apache.http.headers - http-outgoing-21 >> Host: localhost:4723
12:27:07.120 [Forwarding isElementDisplayed on session 18063075-812d-4a4c-a6cd-30fbf03bc7bd to remote] DEBUG org.apache.http.headers - http-outgoing-21 >> Connection: Keep-Alive
12:27:07.120 [Forwarding isElementDisplayed on session 18063075-812d-4a4c-a6cd-30fbf03bc7bd to remote] DEBUG org.apache.http.headers - http-outgoing-21 >> User-Agent: Apache-HttpClient/4.5.2 (Java/1.8.0_171)
12:27:07.120 [Forwarding isElementDisplayed on session 18063075-812d-4a4c-a6cd-30fbf03bc7bd to remote] DEBUG org.apache.http.headers - http-outgoing-21 >> Accept-Encoding: gzip,deflate
12:27:07.120 [Forwarding isElementDisplayed on session 18063075-812d-4a4c-a6cd-30fbf03bc7bd to remote] DEBUG org.apache.http.wire - http-outgoing-21 >> "GET /wd/hub/session/18063075-812d-4a4c-a6cd-30fbf03bc7bd/element/D7020000-0000-0000-CF19-000000000000/displayed HTTP/1.1[\r][\n]"
12:27:07.120 [Forwarding isElementDisplayed on session 18063075-812d-4a4c-a6cd-30fbf03bc7bd to remote] DEBUG org.apache.http.wire - http-outgoing-21 >> "Cache-Control: no-cache[\r][\n]"
12:27:07.120 [Forwarding isElementDisplayed on session 18063075-812d-4a4c-a6cd-30fbf03bc7bd to remote] DEBUG org.apache.http.wire - http-outgoing-21 >> "Host: localhost:4723[\r][\n]"
12:27:07.120 [Forwarding isElementDisplayed on session 18063075-812d-4a4c-a6cd-30fbf03bc7bd to remote] DEBUG org.apache.http.wire - http-outgoing-21 >> "Connection: Keep-Alive[\r][\n]"
12:27:07.120 [Forwarding isElementDisplayed on session 18063075-812d-4a4c-a6cd-30fbf03bc7bd to remote] DEBUG org.apache.http.wire - http-outgoing-21 >> "User-Agent: Apache-HttpClient/4.5.2 (Java/1.8.0_171)[\r][\n]"
12:27:07.120 [Forwarding isElementDisplayed on session 18063075-812d-4a4c-a6cd-30fbf03bc7bd to remote] DEBUG org.apache.http.wire - http-outgoing-21 >> "Accept-Encoding: gzip,deflate[\r][\n]"
12:27:07.120 [Forwarding isElementDisplayed on session 18063075-812d-4a4c-a6cd-30fbf03bc7bd to remote] DEBUG org.apache.http.wire - http-outgoing-21 >> "[\r][\n]"
&amp#27;[35m[HTTP]&amp#27;[39m &amp#27;[37m-->&amp#27;[39m &amp#27;[37mGET&amp#27;[39m &amp#27;[37m/wd/hub/session/18063075-812d-4a4c-a6cd-30fbf03bc7bd/element/D7020000-0000-0000-CF19-000000000000/displayed&amp#27;[39m
&amp#27;[35m[HTTP]&amp#27;[39m &amp#27;[90m{}&amp#27;[39m
&amp#27;[35m[MJSONWP]&amp#27;[39m Driver proxy active, passing request on via HTTP proxy
&amp#27;[35m[JSONWP Proxy]&amp#27;[39m Replacing sessionId B74F9560-FF912:27:07.393 [Forwarding isElementDisplayed on session 18063075-812d-4a4c-a6cd-30fbf03bc7bd to remote] DEBUG org.apache.http.wire - http-outgoing-21 << "HTTP/1.1 200 OK[\r][\n]"
4-4D04-9569-9BCC912:27:07.393 [Forwarding isElementDisplayed on session 18063075-812d-4a4c-a6cd-30fbf03bc7bd to remote] DEBUG org.apache.http.wire - http-outgoing-21 << "X-Powered-By: Express[\r][\n]"
96503BA with 18063075-812d-4a4c-a6cd-30fbf03bc7bd
12:27:07.394 [Forwarding isElementDisplayed on session 18063075-812d-4a4c-a6cd-30fbf03bc7bd to remote] DEBUG org.apache.http.wire - http-outgoing-21 << "Access-Control-Allow-Origin: *[\r][\n]"
12:27:07.394 [Forwarding isElementDisplayed on session 18063075-812d-4a4c-a6cd-30fbf03bc7bd to remote] DEBUG org.apache.http.wire - http-outgoing-21 << "Access-Control-Allow-Methods: GET,POST,PUT,OPTIONS,DELETE[\r][\n]"
12:27:07.394 [Forwarding isElementDisplayed on session 18063075-812d-4a4c-a6cd-30fbf03bc7bd to remote] DEBUG org.apache.http.wire - http-outgoing-21 << "Access-Control-Allow-Headers: origin, content-type, accept[\r][\n]"
12:27:07.394 [Forwarding isElementDisplayed on session 18063075-812d-4a4c-a6cd-30fbf03bc7bd to remote] DEBUG org.apache.http.wire - http-outgoing-21 << "Content-Type: application/json; charset=utf-8[\r][\n]"
&amp#27;[35m[HTTP]&amp#27;[39m &amp#27;[37m<-- GET /wd/hub/s12:27:07.394 [Forwarding isElementDisplayed on session 18063075-812d-4a4c-a6cd-30fbf03bc7bd to remote] DEBUG org.apache.http.wire - http-outgoing-21 << "Content-Length: 76[\r][\n]"
12:27:07.394 [Forwarding isElementDisplayed on session 18063075-812d-4a4c-a6cd-30fbf03bc7bd to remote] DEBUG org.apache.http.wire - http-outgoing-21 << "ETag: W/"4c-Y7k244UeXncxktz3h+rJR8RJids"[\r][\n]"
12:27:07.394 [Forwarding isElementDisplayed on session 18063075-812d-4a4c-a6cd-30fbf03bc7bd to remote] DEBUG org.apache.http.wire - http-outgoing-21 << "Date: Fri, 23 Aug 2019 06:57:07 GMT[\r][\n]"
12:27:07.394 [Forwarding isElementDisplayed on session 18063075-812d-4a4c-a6cd-30fbf03bc7bd to remote] DEBUG org.apache.http.wire - http-outgoing-21 << "Connection: keep-alive[\r][\n]"
12:27:07.394 [Forwarding isElementDisplayed on session 18063075-812d-4a4c-a6cd-30fbf03bc7bd to remote] DEBUG org.apache.http.wire - http-outgoing-21 << "[\r][\n]"
ession/18063075-812d-4a412:27:07.394 [Forwarding isElementDisplayed on session 18063075-812d-4a4c-a6cd-30fbf03bc7bd to remote] DEBUG org.apache.http.wire - http-outgoing-21 << "{"value":true,"sessionId":"18063075-812d-4a4c-a6cd-30fbf03bc7bd","status":0}"
c-a6cd-30fbf03bc12:27:07.395 [Forwarding isElementDisplayed on session 18063075-812d-4a4c-a6cd-30fbf03bc7bd to remote] DEBUG org.apache.http.headers - http-outgoing-21 << HTTP/1.1 200 OK
12:27:07.395 [Forwarding isElementDisplayed on session 18063075-812d-4a4c-a6cd-30fbf03bc7bd to remote] DEBUG org.apache.http.headers - http-outgoing-21 << X-Powered-By: Express
7bd/element/D7020000-000012:27:07.395 [Forwarding isElementDisplayed on session 18063075-812d-4a4c-a6cd-30fbf03bc7bd to remote] DEBUG org.apache.http.headers - http-outgoing-21 << Access-Control-Allow-Origin: *
12:27:07.395 [Forwarding isElementDisplayed on session 18063075-812d-4a4c-a6cd-30fbf03bc7bd to remote] DEBUG org.apache.http.headers - http-outgoing-21 << Access-Control-Allow-Methods: GET,POST,PUT,OPTIONS,DELETE
-0000-CF19-000000000000/displayed &amp#27;[39m&amp#27;[32m200&amp#27;[39m &amp#27;[90m273 ms - 76&amp#27;[39m
&amp#27;[35m[HTTP]&amp#27;[39m &amp#27;[90m&amp#27;[312:27:07.395 [Forwarding isElementDisplayed on session 18063075-812d-4a4c-a6cd-30fbf03bc7bd to remote] DEBUG org.apache.http.headers - http-outgoing-21 << Access-Control-Allow-Headers: origin, content-type, accept
12:27:07.396 [Forwarding isElementDisplayed on session 18063075-812d-4a4c-a6cd-30fbf03bc7bd to remote] DEBUG org.apache.http.headers - http-outgoing-21 << Content-Type: application/json; charset=utf-8
9m
12:27:07.396 [Forwarding isElementDisplayed on session 18063075-812d-4a4c-a6cd-30fbf03bc7bd to remote] DEBUG org.apache.http.headers - http-outgoing-21 << Content-Length: 76
12:27:07.396 [Forwarding isElementDisplayed on session 18063075-812d-4a4c-a6cd-30fbf03bc7bd to remote] DEBUG org.apache.http.headers - http-outgoing-21 << ETag: W/"4c-Y7k244UeXncxktz3h+rJR8RJids"
12:27:07.396 [Forwarding isElementDisplayed on session 18063075-812d-4a4c-a6cd-30fbf03bc7bd to remote] DEBUG org.apache.http.headers - http-outgoing-21 << Date: Fri, 23 Aug 2019 06:57:07 GMT
12:27:07.396 [Forwarding isElementDisplayed on session 18063075-812d-4a4c-a6cd-30fbf03bc7bd to remote] DEBUG org.apache.http.headers - http-outgoing-21 << Connection: keep-alive
12:27:07.396 [Forwarding isElementDisplayed on session 18063075-812d-4a4c-a6cd-30fbf03bc7bd to remote] DEBUG o.a.h.impl.execchain.MainClientExec - Connection can be kept alive indefinitely
12:27:07.396 [Forwarding isElementDisplayed on session 18063075-812d-4a4c-a6cd-30fbf03bc7bd to remote] DEBUG o.a.h.i.c.PoolingHttpClientConnectionManager - Connection [id: 21][route: {}->http://localhost:4723] can be kept alive indefinitely
12:27:07.396 [Forwarding isElementDisplayed on session 18063075-812d-4a4c-a6cd-30fbf03bc7bd to remote] DEBUG o.a.h.i.c.PoolingHttpClientConnectionManager - Connection released: [id: 21][route: {}->http://localhost:4723][total kept alive: 1; route allocated: 1 of 2000; total allocated: 1 of 2000]
12:27:07.396 [Forwarding findElement on session 18063075-812d-4a4c-a6cd-30fbf03bc7bd to remote] DEBUG o.a.h.c.protocol.RequestAddCookies - CookieSpec selected: default
12:27:07.396 [Forwarding findElement on session 18063075-812d-4a4c-a6cd-30fbf03bc7bd to remote] DEBUG o.a.h.c.protocol.RequestAuthCache - Auth cache not set in the context
12:27:07.397 [Forwarding findElement on session 18063075-812d-4a4c-a6cd-30fbf03bc7bd to remote] DEBUG o.a.h.i.c.PoolingHttpClientConnectionManager - Connection request: [route: {}->http://localhost:4723][total kept alive: 1; route allocated: 1 of 2000; total allocated: 1 of 2000]
12:27:07.397 [Forwarding findElement on session 18063075-812d-4a4c-a6cd-30fbf03bc7bd to remote] DEBUG o.a.h.i.c.PoolingHttpClientConnectionManager - Connection leased: [id: 21][route: {}->http://localhost:4723][total kept alive: 0; route allocated: 1 of 2000; total allocated: 1 of 2000]
12:27:07.397 [Forwarding findElement on session 18063075-812d-4a4c-a6cd-30fbf03bc7bd to remote] DEBUG o.a.h.impl.execchain.MainClientExec - Stale connection check
12:27:07.398 [Forwarding findElement on session 18063075-812d-4a4c-a6cd-30fbf03bc7bd to remote] DEBUG org.apache.http.wire - http-outgoing-21 << "[read] I/O error: Read timed out"
12:27:07.398 [Forwarding findElement on session 18063075-812d-4a4c-a6cd-30fbf03bc7bd to remote] DEBUG o.a.h.i.c.DefaultManagedHttpClientConnection - http-outgoing-21: set socket timeout to 10800000
12:27:07.398 [Forwarding findElement on session 18063075-812d-4a4c-a6cd-30fbf03bc7bd to remote] DEBUG o.a.h.impl.execchain.MainClientExec - Executing request POST /wd/hub/session/18063075-812d-4a4c-a6cd-30fbf03bc7bd/element HTTP/1.1
12:27:07.398 [Forwarding findElement on session 18063075-812d-4a4c-a6cd-30fbf03bc7bd to remote] DEBUG o.a.h.impl.execchain.MainClientExec - Target auth state: UNCHALLENGED
12:27:07.398 [Forwarding findElement on session 18063075-812d-4a4c-a6cd-30fbf03bc7bd to remote] DEBUG o.a.h.impl.execchain.MainClientExec - Proxy auth state: UNCHALLENGED
12:27:07.398 [Forwarding findElement on session 18063075-812d-4a4c-a6cd-30fbf03bc7bd to remote] DEBUG org.apache.http.headers - http-outgoing-21 >> POST /wd/hub/session/18063075-812d-4a4c-a6cd-30fbf03bc7bd/element HTTP/1.1
12:27:07.398 [Forwarding findElement on session 18063075-812d-4a4c-a6cd-30fbf03bc7bd to remote] DEBUG org.apache.http.headers - http-outgoing-21 >> Content-Type: application/json; charset=utf-8
12:27:07.398 [Forwarding findElement on session 18063075-812d-4a4c-a6cd-30fbf03bc7bd to remote] DEBUG org.apache.http.headers - http-outgoing-21 >> Content-Length: 349
12:27:07.398 [Forwarding findElement on session 18063075-812d-4a4c-a6cd-30fbf03bc7bd to remote] DEBUG org.apache.http.headers - http-outgoing-21 >> Host: localhost:4723
12:27:07.398 [Forwarding findElement on session 18063075-812d-4a4c-a6cd-30fbf03bc7bd to remote] DEBUG org.apache.http.headers - http-outgoing-21 >> Connection: Keep-Alive
12:27:07.398 [Forwarding findElement on session 18063075-812d-4a4c-a6cd-30fbf03bc7bd to remote] DEBUG org.apache.http.headers - http-outgoing-21 >> User-Agent: Apache-HttpClient/4.5.2 (Java/1.8.0_171)
12:27:07.398 [Forwarding findElement on session 18063075-812d-4a4c-a6cd-30fbf03bc7bd to remote] DEBUG org.apache.http.headers - http-outgoing-21 >> Accept-Encoding: gzip,deflate
12:27:07.398 [Forwarding findElement on session 18063075-812d-4a4c-a6cd-30fbf03bc7bd to remote] DEBUG org.apache.http.wire - http-outgoing-21 >> "POST /wd/hub/session/18063075-812d-4a4c-a6cd-30fbf03bc7bd/element HTTP/1.1[\r][\n]"
12:27:07.398 [Forwarding findElement on session 18063075-812d-4a4c-a6cd-30fbf03bc7bd to remote] DEBUG org.apache.http.wire - http-outgoing-21 >> "Content-Type: application/json; charset=utf-8[\r][\n]"
12:27:07.398 [Forwarding findElement on session 18063075-812d-4a4c-a6cd-30fbf03bc7bd to remote] DEBUG org.apache.http.wire - http-outgoing-21 >> "Content-Length: 349[\r][\n]"
12:27:07.398 [Forwarding findElement on session 18063075-812d-4a4c-a6cd-30fbf03bc7bd to remote] DEBUG org.apache.http.wire - http-outgoing-21 >> "Host: localhost:4723[\r][\n]"
12:27:07.398 [Forwarding findElement on session 18063075-812d-4a4c-a6cd-30fbf03bc7bd to remote] DEBUG org.apache.http.wire - http-outgoing-21 >> "Connection: Keep-Alive[\r][\n]"
12:27:07.398 [Forwarding findElement on session 18063075-812d-4a4c-a6cd-30fbf03bc7bd to remote] DEBUG org.apache.http.wire - http-outgoing-21 >> "User-Agent: Apache-HttpClient/4.5.2 (Java/1.8.0_171)[\r][\n]"
12:27:07.398 [Forwarding findElement on session 18063075-812d-4a4c-a6cd-30fbf03bc7bd to remote] DEBUG org.apache.http.wire - http-outgoing-21 >> "Accept-Encoding: gzip,deflate[\r][\n]"
12:27:07.398 [Forwarding findElement on session 18063075-812d-4a4c-a6cd-30fbf03bc7bd to remote] DEBUG org.apache.http.wire - http-outgoing-21 >> "[\r][\n]"
12:27:07.398 [Forwarding findElement on session 18063075-812d-4a4c-a6cd-30fbf03bc7bd to remote] DEBUG org.apache.http.wire - http-outgoing-21 >> "{"using":"xpath","value":"//XCUIElementTypeApplication/XCUIElementTypeWindow/XCUIElementTypeOther/XCUIElementTypeOther/XCUIElementTypeOther/XCUIElementTypeOther/XCUIElementTypeOther/XCUIElementTypeOther/XCUIElementTypeOther/XCUIElementTypeScrollView/XCUIElementTypeOther[3]/XCUIElementTypeOther[2]/XCUIElementTypeOther/XCUIElementTypeStaticText[3]"}"
&amp#27;[35m[HTTP]&amp#27;[39m &amp#27;[37m-->&amp#27;[39m &amp#27;[37mPOST&amp#27;[39m &amp#27;[37m/wd/hub/session/18063075-812d-4a4c-a6cd-30fbf03bc7bd/element&amp#27;[39m
&amp#27;[35m[HTTP]&amp#27;[39m &amp#27;[90m{"using":"xpath","value":"//XCUIElementTypeApplication/XCUIElementTypeWindow/XCUIElementTypeOther/XCUIElementTypeOther/XCUIElementTypeOther/XCUIElementTypeOther/XCUIElementTypeOther/XCUIElementTypeOther/XCUIElementTypeOther/XCUIElementTypeScrollView/XCUIElementTypeOther[3]/XCUIElementTypeOther[2]/XCUIElementTypeOther/XCUIElementTypeStaticText[3]"}&amp#27;[39m
12:27:10.340 [Forwarding findElement on session 18063075-812d-4a4c-a6cd-30fbf03bc7bd to remote] DEBUG org.apache.http.wire - http-outgoing-21 << "HTTP/1.1 200 OK[\r][\n]"
12:27:10.340 [Forwarding findElement on session 18063075-812d-4a4c-a6cd-30fbf03bc7bd to remote] DEBUG org.apache.http.wire - http-outgoing-21 << "X-Powered-By: Express[\r][\n]"
12:27:10.340 [Forwarding findElement on session 18063075-812d-4a4c-a6cd-30fbf03bc7bd to remote] DEBUG org.apache.http.wire - http-outgoing-21 << "Access-Control-Allow-Origin: *[\r][\n]"
12:27:10.340 [Forwarding findElement on session 18063075-812d-4a4c-a6cd-30fbf03bc7bd to remote] DEBUG org.apache.http.wire - http-outgoing-21 << "Access-Control-Allow-Methods: GET,POST,PUT,OPTIONS,DELETE[\r][\n]"
12:27:10.340 [Forwarding findElement on session 18063075-812d-4a4c-a6cd-30fbf03bc7bd to remote] DEBUG org.apache.http.wire - http-outgoing-21 << "Access-Control-Allow-Headers: origin, content-type, accept[\r][\n]"
12:27:10.340 [Forwarding findElement on session 18063075-812d-4a4c-a6cd-30fbf03bc7bd to remote] DEBUG org.apache.http.wire - http-outgoing-21 << "Vary: X-HTTP-Method-Override[\r][\n]"
12:27:10.340 [Forwarding findElement on session 18063075-812d-4a4c-a6cd-30fbf03bc7bd to remote] DEBUG org.apache.http.wire - http-outgoing-21 << "Content-Type: application/json; charset=utf-8[\r][\n]"
12:27:10.340 [Forwarding findElement on session 18063075-812d-4a4c-a6cd-30fbf03bc7bd to remote] DEBUG org.apache.http.wire - http-outgoing-21 << "Content-Length: 122[\r][\n]"
12:27:10.340 [Forwarding findElement on session 18063075-812d-4a4c-a6cd-30fbf03bc7bd to remote] DEBUG org.apache.http.wire - http-outgoing-21 << "ETag: W/"7a-XUS4bQ0ytTTSIvvMwKfm4BHiwdQ"[\r][\n]"
12:27:10.340 [Forwarding findElement on session 18063075-812d-4a4c-a6cd-30fbf03bc7bd to remote] DEBUG org.apache.http.wire - http-outgoing-21 << "Date: Fri, 23 Aug 2019 06:57:10 GMT[\r][\n]"
12:27:10.340 [Forwarding findElement on session 18063075-812d-4a4c-a6cd-30fbf03bc7bd to remote] DEBUG org.apache.http.wire - http-outgoing-21 << "Connection: keep-alive[\r][\n]"
12:27:10.340 [Forwarding findElement on session 18063075-812d-4a4c-a6cd-30fbf03bc7bd to remote] DEBUG org.apache.http.wire - http-outgoing-21 << "[\r][\n]"
12:27:10.340 [Forwarding findElement on session 18063075-812d-4a4c-a6cd-30fbf03bc7bd to remote] DEBUG org.apache.http.wire - http-outgoing-21 << "{"status":0,"value":{"ELEMENT":"EF020000-0000-0000-CF19-000000000000"},"sessionId":"18063075-812d-4a4c-a6cd-30fbf03bc7bd"}"
&amp#27;[35m[HTTP]&amp#27;[39m &amp#27;[12:27:10.341 [Forwarding findElement on session 18063075-812d-4a4c-a6cd-30fbf03bc7bd to remote] DEBUG org.apache.http.headers - http-outgoing-21 << HTTP/1.1 200 OK
37m<-- POST /wd/hub/session/18063075-812d-4a4c-a6cd-30fbf03bc7bd/ele12:27:10.341 [Forwarding findElement on session 18063075-812d-4a4c-a6cd-30fbf03bc7bd to remote] DEBUG org.apache.http.headers - http-outgoing-21 << X-Powered-By: Express
m12:27:10.341 [Forwarding findElement on session 18063075-812d-4a4c-a6cd-30fbf03bc7bd to remote] DEBUG org.apache.http.headers - http-outgoing-21 << Access-Control-Allow-Origin: *
ent &amp#27;[39m&amp#27;[32m2012:27:10.341 [Forwarding findElement on session 18063075-812d-4a4c-a6cd-30fbf03bc7bd to remote] DEBUG org.apache.http.headers - http-outgoing-21 << Access-Control-Allow-Methods: GET,POST,PUT,OPTIONS,DELETE
12:27:10.341 [Forwarding findElement on session 18063075-812d-4a4c-a6cd-30fbf03bc7bd to remote] DEBUG org.apache.http.headers - http-outgoing-21 << Access-Control-Allow-Headers: origin, content-type, accept
12:27:10.341 [Forwarding findElement on session 18063075-812d-4a4c-a6cd-30fbf03bc7bd to remote] DEBUG org.apache.http.headers - http-outgoing-21 << Vary: X-HTTP-Method-Override
12:27:10.341 [Forwarding findElement on session 18063075-812d-4a4c-a6cd-30fbf03bc7bd to remote] DEBUG org.apache.http.headers - http-outgoing-21 << Content-Type: application/json; charset=utf-8
0&amp#27;12:27:10.341 [Forwarding findElement on session 18063075-812d-4a4c-a6cd-30fbf03bc7bd to remote] DEBUG org.apache.http.headers - http-outgoing-21 << Content-Length: 122
[39m &amp#27;[90m2941 m12:27:10.342 [Forwarding findElement on session 18063075-812d-4a4c-a6cd-30fbf03bc7bd to remote] DEBUG org.apache.http.headers - http-outgoing-21 << ETag: W/"7a-XUS4bQ0ytTTSIvvMwKfm4BHiwdQ"
12:27:10.342 [Forwarding findElement on session 18063075-812d-4a4c-a6cd-30fbf03bc7bd to remote] DEBUG org.apache.http.headers - http-outgoing-21 << Date: Fri, 23 Aug 2019 06:57:10 GMT
s - 112:27:10.342 [Forwarding findElement on session 18063075-812d-4a4c-a6cd-30fbf03bc7bd to remote] DEBUG org.apache.http.headers - http-outgoing-21 << Connection: keep-alive
22&amp#27;[39m
12:27:10.342 [Forwarding findElement on session 18063075-812d-4a4c-a6cd-30fbf03bc7bd to remote] DEBUG o.a.h.impl.execchain.MainClientExec - Connection can be kept alive indefinitely
&amp#27;[35m[HTTP]&amp#27;[39m &amp#27;[90m12:27:10.342 [Forwarding findElement on session 18063075-812d-4a4c-a6cd-30fbf03bc7bd to remote] DEBUG o.a.h.i.c.PoolingHttpClientConnectionManager - Connection [id: 21][route: {}->http://localhost:4723] can be kept alive indefinitely
&amp#27;[12:27:10.342 [Forwarding findElement on session 18063075-812d-4a4c-a6cd-30fbf03bc7bd to remote] DEBUG o.a.h.i.c.PoolingHttpClientConnectionManager - Connection released: [id: 21][route: {}->http://localhost:4723][total kept alive: 1; route allocated: 1 of 2000; total allocated: 1 of 2000]
39m
12:27:10.342 [Forwarding isElementDisplayed on session 18063075-812d-4a4c-a6cd-30fbf03bc7bd to remote] DEBUG o.a.h.c.protocol.RequestAddCookies - CookieSpec selected: default
12:27:10.342 [Forwarding isElementDisplayed on session 18063075-812d-4a4c-a6cd-30fbf03bc7bd to remote] DEBUG o.a.h.c.protocol.RequestAuthCache - Auth cache not set in the context
12:27:10.342 [Forwarding isElementDisplayed on session 18063075-812d-4a4c-a6cd-30fbf03bc7bd to remote] DEBUG o.a.h.i.c.PoolingHttpClientConnectionManager - Connection request: [route: {}->http://localhost:4723][total kept alive: 1; route allocated: 1 of 2000; total allocated: 1 of 2000]
12:27:10.342 [Forwarding isElementDisplayed on session 18063075-812d-4a4c-a6cd-30fbf03bc7bd to remote] DEBUG o.a.h.i.c.PoolingHttpClientConnectionManager - Connection leased: [id: 21][route: {}->http://localhost:4723][total kept alive: 0; route allocated: 1 of 2000; total allocated: 1 of 2000]
12:27:10.342 [Forwarding isElementDisplayed on session 18063075-812d-4a4c-a6cd-30fbf03bc7bd to remote] DEBUG o.a.h.impl.execchain.MainClientExec - Stale connection check
12:27:10.344 [Forwarding isElementDisplayed on session 18063075-812d-4a4c-a6cd-30fbf03bc7bd to remote] DEBUG org.apache.http.wire - http-outgoing-21 << "[read] I/O error: Read timed out"
12:27:10.344 [Forwarding isElementDisplayed on session 18063075-812d-4a4c-a6cd-30fbf03bc7bd to remote] DEBUG o.a.h.i.c.DefaultManagedHttpClientConnection - http-outgoing-21: set socket timeout to 10800000
12:27:10.344 [Forwarding isElementDisplayed on session 18063075-812d-4a4c-a6cd-30fbf03bc7bd to remote] DEBUG o.a.h.impl.execchain.MainClientExec - Executing request GET /wd/hub/session/18063075-812d-4a4c-a6cd-30fbf03bc7bd/element/EF020000-0000-0000-CF19-000000000000/displayed HTTP/1.1
12:27:10.344 [Forwarding isElementDisplayed on session 18063075-812d-4a4c-a6cd-30fbf03bc7bd to remote] DEBUG o.a.h.impl.execchain.MainClientExec - Target auth state: UNCHALLENGED
12:27:10.344 [Forwarding isElementDisplayed on session 18063075-812d-4a4c-a6cd-30fbf03bc7bd to remote] DEBUG o.a.h.impl.execchain.MainClientExec - Proxy auth state: UNCHALLENGED
12:27:10.344 [Forwarding isElementDisplayed on session 18063075-812d-4a4c-a6cd-30fbf03bc7bd to remote] DEBUG org.apache.http.headers - http-outgoing-21 >> GET /wd/hub/session/18063075-812d-4a4c-a6cd-30fbf03bc7bd/element/EF020000-0000-0000-CF19-000000000000/displayed HTTP/1.1
12:27:10.344 [Forwarding isElementDisplayed on session 18063075-812d-4a4c-a6cd-30fbf03bc7bd to remote] DEBUG org.apache.http.headers - http-outgoing-21 >> Cache-Control: no-cache
12:27:10.344 [Forwarding isElementDisplayed on session 18063075-812d-4a4c-a6cd-30fbf03bc7bd to remote] DEBUG org.apache.http.headers - http-outgoing-21 >> Host: localhost:4723
12:27:10.344 [Forwarding isElementDisplayed on session 18063075-812d-4a4c-a6cd-30fbf03bc7bd to remote] DEBUG org.apache.http.headers - http-outgoing-21 >> Connection: Keep-Alive
12:27:10.344 [Forwarding isElementDisplayed on session 18063075-812d-4a4c-a6cd-30fbf03bc7bd to remote] DEBUG org.apache.http.headers - http-outgoing-21 >> User-Agent: Apache-HttpClient/4.5.2 (Java/1.8.0_171)
12:27:10.344 [Forwarding isElementDisplayed on session 18063075-812d-4a4c-a6cd-30fbf03bc7bd to remote] DEBUG org.apache.http.headers - http-outgoing-21 >> Accept-Encoding: gzip,deflate
12:27:10.344 [Forwarding isElementDisplayed on session 18063075-812d-4a4c-a6cd-30fbf03bc7bd to remote] DEBUG org.apache.http.wire - http-outgoing-21 >> "GET /wd/hub/session/18063075-812d-4a4c-a6cd-30fbf03bc7bd/element/EF020000-0000-0000-CF19-000000000000/displayed HTTP/1.1[\r][\n]"
12:27:10.344 [Forwarding isElementDisplayed on session 18063075-812d-4a4c-a6cd-30fbf03bc7bd to remote] DEBUG org.apache.http.wire - http-outgoing-21 >> "Cache-Control: no-cache[\r][\n]"
12:27:10.344 [Forwarding isElementDisplayed on session 18063075-812d-4a4c-a6cd-30fbf03bc7bd to remote] DEBUG org.apache.http.wire - http-outgoing-21 >> "Host: localhost:4723[\r][\n]"
12:27:10.344 [Forwarding isElementDisplayed on session 18063075-812d-4a4c-a6cd-30fbf03bc7bd to remote] DEBUG org.apache.http.wire - http-outgoing-21 >> "Connection: Keep-Alive[\r][\n]"
12:27:10.344 [Forwarding isElementDisplayed on session 18063075-812d-4a4c-a6cd-30fbf03bc7bd to remote] DEBUG org.apache.http.wire - http-outgoing-21 >> "User-Agent: Apache-HttpClient/4.5.2 (Java/1.8.0_171)[\r][\n]"
12:27:10.344 [Forwarding isElementDisplayed on session 18063075-812d-4a4c-a6cd-30fbf03bc7bd to remote] DEBUG org.apache.http.wire - http-outgoing-21 >> "Accept-Encoding: gzip,deflate[\r][\n]"
12:27:10.344 [Forwarding isElementDisplayed on session 18063075-812d-4a4c-a6cd-30fbf03bc7bd to remote] DEBUG org.apache.http.wire - http-outgoing-21 >> "[\r][\n]"
&amp#27;[35m[HTTP]&amp#27;[39m &amp#27;[37m-->&amp#27;[39m &amp#27;[37mGET&amp#27;[39m &amp#27;[37m/wd/hub/session/18063075-812d-4a4c-a6cd-30fbf03bc7bd/element/EF020000-0000-0000-CF19-000000000000/displayed&amp#27;[39m
&amp#27;[35m[HTTP]&amp#27;[39m &amp#27;[90m{}&amp#27;[39m
&amp#27;[35m[MJSONWP]&amp#27;[39m Driver proxy active, passing request on via HTTP proxy
&amp#27;[35m[JSONWP Proxy]&amp#27;[39m Replacing sessionId B74F9560-F12:27:10.614 [Forwarding isElementDisplayed on session 18063075-812d-4a4c-a6cd-30fbf03bc7bd to remote] DEBUG org.apache.http.wire - http-outgoing-21 << "HTTP/1.1 200 OK[\r][\n]"
F9412:27:10.614 [Forwarding isElementDisplayed on session 18063075-812d-4a4c-a6cd-30fbf03bc7bd to remote] DEBUG org.apache.http.wire - http-outgoing-21 << "X-Powered-By: Express[\r][\n]"
-4D04-9569-9BCC996503BA with 18063075-812d-4a4c-a6cd-30fbf012:27:10.615 [Forwarding isElementDisplayed on session 18063075-812d-4a4c-a6cd-30fbf03bc7bd to remote] DEBUG org.apache.http.wire - http-outgoing-21 << "Access-Control-Allow-Origin: *[\r][\n]"
12:27:10.615 [Forwarding isElementDisplayed on session 18063075-812d-4a4c-a6cd-30fbf03bc7bd to remote] DEBUG org.apache.http.wire - http-outgoing-21 << "Access-Control-Allow-Methods: GET,POST,PUT,OPTIONS,DELETE[\r][\n]"
12:27:10.615 [Forwarding isElementDisplayed on session 18063075-812d-4a4c-a6cd-30fbf03bc7bd to remote] DEBUG org.apache.http.wire - http-outgoing-21 << "Access-Control-Allow-Headers: origin, content-type, accept[\r][\n]"
12:27:10.615 [Forwarding isElementDisplayed on session 18063075-812d-4a4c-a6cd-30fbf03bc7bd to remote] DEBUG org.apache.http.wire - http-outgoing-21 << "Content-Type: application/json; charset=utf-8[\r][\n]"
12:27:10.615 [Forwarding isElementDisplayed on session 18063075-812d-4a4c-a6cd-30fbf03bc7bd to remote] DEBUG org.apache.http.wire - http-outgoing-21 << "Content-Length: 76[\r][\n]"
12:27:10.615 [Forwarding isElementDisplayed on session 18063075-812d-4a4c-a6cd-30fbf03bc7bd to remote] DEBUG org.apache.http.wire - http-outgoing-21 << "ETag: W/"4c-Y7k244UeXncxktz3h+rJR8RJids"[\r][\n]"
12:27:10.615 [Forwarding isElementDisplayed on session 18063075-812d-4a4c-a6cd-30fbf03bc7bd to remote] DEBUG org.apache.http.wire - http-outgoing-21 << "Date: Fri, 23 Aug 2019 06:57:10 GMT[\r][\n]"
12:27:10.615 [Forwarding isElementDisplayed on session 18063075-812d-4a4c-a6cd-30fbf03bc7bd to remote] DEBUG org.apache.http.wire - http-outgoing-21 << "Connection: keep-alive[\r][\n]"
12:27:10.615 [Forwarding isElementDisplayed on session 18063075-812d-4a4c-a6cd-30fbf03bc7bd to remote] DEBUG org.apache.http.wire - http-outgoing-21 << "[\r][\n]"
3b12:27:10.615 [Forwarding isElementDisplayed on session 18063075-812d-4a4c-a6cd-30fbf03bc7bd to remote] DEBUG org.apache.http.wire - http-outgoing-21 << "{"value":true,"sessionId":"18063075-812d-4a4c-a6cd-30fbf03bc7bd","status":0}"
c7bd
12:27:10.615 [Forwarding isElementDisplayed on session 18063075-812d-4a4c-a6cd-30fbf03bc7bd to remote] DEBUG org.apache.http.headers - http-outgoing-21 << HTTP/1.1 200 OK
&amp#27;[35m[HTTP]&amp#27;[39m &amp#27;[37m<-- GET /wd/hub/session/18063075-812d-12:27:10.615 [Forwarding isElementDisplayed on session 18063075-812d-4a4c-a6cd-30fbf03bc7bd to remote] DEBUG org.apache.http.headers - http-outgoing-21 << X-Powered-By: Express
12:27:10.616 [Forwarding isElementDisplayed on session 18063075-812d-4a4c-a6cd-30fbf03bc7bd to remote] DEBUG org.apache.http.headers - http-outgoing-21 << Access-Control-Allow-Origin: *
12:27:10.616 [Forwarding isElementDisplayed on session 18063075-812d-4a4c-a6cd-30fbf03bc7bd to remote] DEBUG org.apache.http.headers - http-outgoing-21 << Access-Control-Allow-Methods: GET,POST,PUT,OPTIONS,DELETE
4a4c-a6cd-12:27:10.616 [Forwarding isElementDisplayed on session 18063075-812d-4a4c-a6cd-30fbf03bc7bd to remote] DEBUG org.apache.http.headers - http-outgoing-21 << Access-Control-Allow-Headers: origin, content-type, accept
12:27:10.616 [Forwarding isElementDisplayed on session 18063075-812d-4a4c-a6cd-30fbf03bc7bd to remote] DEBUG org.apache.http.headers - http-outgoing-21 << Content-Type: application/json; charset=utf-8
30fbf03bc7bd/ele12:27:10.616 [Forwarding isElementDisplayed on session 18063075-812d-4a4c-a6cd-30fbf03bc7bd to remote] DEBUG org.apache.http.headers - http-outgoing-21 << Content-Length: 76
12:27:10.616 [Forwarding isElementDisplayed on session 18063075-812d-4a4c-a6cd-30fbf03bc7bd to remote] DEBUG org.apache.http.headers - http-outgoing-21 << ETag: W/"4c-Y7k244UeXncxktz3h+rJR8RJids"
12:27:10.616 [Forwarding isElementDisplayed on session 18063075-812d-4a4c-a6cd-30fbf03bc7bd to remote] DEBUG org.apache.http.headers - http-outgoing-21 << Date: Fri, 23 Aug 2019 06:57:10 GMT
12:27:10.616 [Forwarding isElementDisplayed on session 18063075-812d-4a4c-a6cd-30fbf03bc7bd to remote] DEBUG org.apache.http.headers - http-outgoing-21 << Connection: keep-alive
ment/12:27:10.616 [Forwarding isElementDisplayed on session 18063075-812d-4a4c-a6cd-30fbf03bc7bd to remote] DEBUG o.a.h.impl.execchain.MainClientExec - Connection can be kept alive indefinitely
EF020000-0000-0000-CF19-0000012:27:10.616 [Forwarding isElementDisplayed on session 18063075-812d-4a4c-a6cd-30fbf03bc7bd to remote] DEBUG o.a.h.i.c.PoolingHttpClientConnectionManager - Connection [id: 21][route: {}->http://localhost:4723] can be kept alive indefinitely
00000012:27:10.616 [Forwarding isElementDisplayed on session 18063075-812d-4a4c-a6cd-30fbf03bc7bd to remote] DEBUG o.a.h.i.c.PoolingHttpClientConnectionManager - Connection released: [id: 21][route: {}->http://localhost:4723][total kept alive: 1; route allocated: 1 of 2000; total allocated: 1 of 2000]
0/displayed &amp#27;[39m&amp#27;[32m200&amp#27;[39m &amp#27;[90m269 ms - 76&amp#27;[39m
&amp#27;[35m[HTTP]&amp#27;[39m &amp#27;[90m&amp#27;[39m
12:27:10.617 [Forwarding findElement on session 18063075-812d-4a4c-a6cd-30fbf03bc7bd to remote] DEBUG o.a.h.c.protocol.RequestAddCookies - CookieSpec selected: default
12:27:10.617 [Forwarding findElement on session 18063075-812d-4a4c-a6cd-30fbf03bc7bd to remote] DEBUG o.a.h.c.protocol.RequestAuthCache - Auth cache not set in the context
12:27:10.617 [Forwarding findElement on session 18063075-812d-4a4c-a6cd-30fbf03bc7bd to remote] DEBUG o.a.h.i.c.PoolingHttpClientConnectionManager - Connection request: [route: {}->http://localhost:4723][total kept alive: 1; route allocated: 1 of 2000; total allocated: 1 of 2000]
12:27:10.617 [Forwarding findElement on session 18063075-812d-4a4c-a6cd-30fbf03bc7bd to remote] DEBUG o.a.h.i.c.PoolingHttpClientConnectionManager - Connection leased: [id: 21][route: {}->http://localhost:4723][total kept alive: 0; route allocated: 1 of 2000; total allocated: 1 of 2000]
12:27:10.617 [Forwarding findElement on session 18063075-812d-4a4c-a6cd-30fbf03bc7bd to remote] DEBUG o.a.h.impl.execchain.MainClientExec - Stale connection check
12:27:10.619 [Forwarding findElement on session 18063075-812d-4a4c-a6cd-30fbf03bc7bd to remote] DEBUG org.apache.http.wire - http-outgoing-21 << "[read] I/O error: Read timed out"
12:27:10.619 [Forwarding findElement on session 18063075-812d-4a4c-a6cd-30fbf03bc7bd to remote] DEBUG o.a.h.i.c.DefaultManagedHttpClientConnection - http-outgoing-21: set socket timeout to 10800000
12:27:10.619 [Forwarding findElement on session 18063075-812d-4a4c-a6cd-30fbf03bc7bd to remote] DEBUG o.a.h.impl.execchain.MainClientExec - Executing request POST /wd/hub/session/18063075-812d-4a4c-a6cd-30fbf03bc7bd/element HTTP/1.1
12:27:10.619 [Forwarding findElement on session 18063075-812d-4a4c-a6cd-30fbf03bc7bd to remote] DEBUG o.a.h.impl.execchain.MainClientExec - Target auth state: UNCHALLENGED
12:27:10.619 [Forwarding findElement on session 18063075-812d-4a4c-a6cd-30fbf03bc7bd to remote] DEBUG o.a.h.impl.execchain.MainClientExec - Proxy auth state: UNCHALLENGED
12:27:10.619 [Forwarding findElement on session 18063075-812d-4a4c-a6cd-30fbf03bc7bd to remote] DEBUG org.apache.http.headers - http-outgoing-21 >> POST /wd/hub/session/18063075-812d-4a4c-a6cd-30fbf03bc7bd/element HTTP/1.1
12:27:10.619 [Forwarding findElement on session 18063075-812d-4a4c-a6cd-30fbf03bc7bd to remote] DEBUG org.apache.http.headers - http-outgoing-21 >> Content-Type: application/json; charset=utf-8
12:27:10.619 [Forwarding findElement on session 18063075-812d-4a4c-a6cd-30fbf03bc7bd to remote] DEBUG org.apache.http.headers - http-outgoing-21 >> Content-Length: 349
12:27:10.619 [Forwarding findElement on session 18063075-812d-4a4c-a6cd-30fbf03bc7bd to remote] DEBUG org.apache.http.headers - http-outgoing-21 >> Host: localhost:4723
12:27:10.619 [Forwarding findElement on session 18063075-812d-4a4c-a6cd-30fbf03bc7bd to remote] DEBUG org.apache.http.headers - http-outgoing-21 >> Connection: Keep-Alive
12:27:10.619 [Forwarding findElement on session 18063075-812d-4a4c-a6cd-30fbf03bc7bd to remote] DEBUG org.apache.http.headers - http-outgoing-21 >> User-Agent: Apache-HttpClient/4.5.2 (Java/1.8.0_171)
12:27:10.619 [Forwarding findElement on session 18063075-812d-4a4c-a6cd-30fbf03bc7bd to remote] DEBUG org.apache.http.headers - http-outgoing-21 >> Accept-Encoding: gzip,deflate
12:27:10.619 [Forwarding findElement on session 18063075-812d-4a4c-a6cd-30fbf03bc7bd to remote] DEBUG org.apache.http.wire - http-outgoing-21 >> "POST /wd/hub/session/18063075-812d-4a4c-a6cd-30fbf03bc7bd/element HTTP/1.1[\r][\n]"
12:27:10.619 [Forwarding findElement on session 18063075-812d-4a4c-a6cd-30fbf03bc7bd to remote] DEBUG org.apache.http.wire - http-outgoing-21 >> "Content-Type: application/json; charset=utf-8[\r][\n]"
12:27:10.619 [Forwarding findElement on session 18063075-812d-4a4c-a6cd-30fbf03bc7bd to remote] DEBUG org.apache.http.wire - http-outgoing-21 >> "Content-Length: 349[\r][\n]"
12:27:10.619 [Forwarding findElement on session 18063075-812d-4a4c-a6cd-30fbf03bc7bd to remote] DEBUG org.apache.http.wire - http-outgoing-21 >> "Host: localhost:4723[\r][\n]"
12:27:10.619 [Forwarding findElement on session 18063075-812d-4a4c-a6cd-30fbf03bc7bd to remote] DEBUG org.apache.http.wire - http-outgoing-21 >> "Connection: Keep-Alive[\r][\n]"
12:27:10.619 [Forwarding findElement on session 18063075-812d-4a4c-a6cd-30fbf03bc7bd to remote] DEBUG org.apache.http.wire - http-outgoing-21 >> "User-Agent: Apache-HttpClient/4.5.2 (Java/1.8.0_171)[\r][\n]"
12:27:10.619 [Forwarding findElement on session 18063075-812d-4a4c-a6cd-30fbf03bc7bd to remote] DEBUG org.apache.http.wire - http-outgoing-21 >> "Accept-Encoding: gzip,deflate[\r][\n]"
12:27:10.619 [Forwarding findElement on session 18063075-812d-4a4c-a6cd-30fbf03bc7bd to remote] DEBUG org.apache.http.wire - http-outgoing-21 >> "[\r][\n]"
12:27:10.619 [Forwarding findElement on session 18063075-812d-4a4c-a6cd-30fbf03bc7bd to remote] DEBUG org.apache.http.wire - http-outgoing-21 >> "{"using":"xpath","value":"//XCUIElementTypeApplication/XCUIElementTypeWindow/XCUIElementTypeOther/XCUIElementTypeOther/XCUIElementTypeOther/XCUIElementTypeOther/XCUIElementTypeOther/XCUIElementTypeOther/XCUIElementTypeOther/XCUIElementTypeScrollView/XCUIElementTypeOther[3]/XCUIElementTypeOther[2]/XCUIElementTypeOther/XCUIElementTypeStaticText[3]"}"
&amp#27;[35m[HTTP]&amp#27;[39m &amp#27;[37m-->&amp#27;[39m &amp#27;[37mPOST&amp#27;[39m &amp#27;[37m/wd/hub/session/18063075-812d-4a4c-a6cd-30fbf03bc7bd/element&amp#27;[39m
&amp#27;[35m[HTTP]&amp#27;[39m &amp#27;[90m{"using":"xpath","value":"//XCUIElementTypeApplication/XCUIElementTypeWindow/XCUIElementTypeOther/XCUIElementTypeOther/XCUIElementTypeOther/XCUIElementTypeOther/XCUIElementTypeOther/XCUIElementTypeOther/XCUIElementTypeOther/XCUIElementTypeScrollView/XCUIElementTypeOther[3]/XCUIElementTypeOther[2]/XCUIElementTypeOther/XCUIElementTypeStaticText[3]"}&amp#27;[39m
12:27:13.587 [Forwarding findElement on session 18063075-812d-4a4c-a6cd-30fbf03bc7bd to remote] DEBUG org.apache.http.wire - http-outgoing-21 << "HTTP/1.1 200 OK[\r][\n]"
12:27:13.588 [Forwarding findElement on session 18063075-812d-4a4c-a6cd-30fbf03bc7bd to remote] DEBUG org.apache.http.wire - http-outgoing-21 << "X-Powered-By: Express[\r][\n]"
12:27:13.588 [Forwarding findElement on session 18063075-812d-4a4c-a6cd-30fbf03bc7bd to remote] DEBUG org.apache.http.wire - http-outgoing-21 << "Access-Control-Allow-Origin: *[\r][\n]"
12:27:13.588 [Forwarding findElement on session 18063075-812d-4a4c-a6cd-30fbf03bc7bd to remote] DEBUG org.apache.http.wire - http-outgoing-21 << "Access-Control-Allow-Methods: GET,POST,PUT,OPTIONS,DELETE[\r][\n]"
12:27:13.588 [Forwarding findElement on session 18063075-812d-4a4c-a6cd-30fbf03bc7bd to remote] DEBUG org.apache.http.wire - http-outgoing-21 << "Access-Control-Allow-Headers: origin, content-type, accept[\r][\n]"
12:27:13.588 [Forwarding findElement on session 18063075-812d-4a4c-a6cd-30fbf03bc7bd to remote] DEBUG org.apache.http.wire - http-outgoing-21 << "Vary: X-HTTP-Method-Override[\r][\n]"
12:27:13.588 [Forwarding findElement on session 18063075-812d-4a4c-a6cd-30fbf03bc7bd to remote] DEBUG org.apache.http.wire - http-outgoing-21 << "Content-Type: application/json; charset=utf-8[\r][\n]"
12:27:13.588 [Forwarding findElement on session 18063075-812d-4a4c-a6cd-30fbf03bc7bd to remote] DEBUG org.apache.http.wire - http-outgoing-21 << "Content-Length: 122[\r][\n]"
12:27:13.588 [Forwarding findElement on session 18063075-812d-4a4c-a6cd-30fbf03bc7bd to remote] DEBUG org.apache.http.wire - http-outgoing-21 << "ETag: W/"7a-XUS4bQ0ytTTSIvvMwKfm4BHiwdQ"[\r][\n]"
12:27:13.588 [Forwarding findElement on session 18063075-812d-4a4c-a6cd-30fbf03bc7bd to remote] DEBUG org.apache.http.wire - http-outgoing-21 << "Date: Fri, 23 Aug 2019 06:57:13 GMT[\r][\n]"
12:27:13.588 [Forwarding findElement on session 18063075-812d-4a4c-a6cd-30fbf03bc7bd to remote] DEBUG org.apache.http.wire - http-outgoing-21 << "Connection: keep-alive[\r][\n]"
12:27:13.588 [Forwarding findElement on session 18063075-812d-4a4c-a6cd-30fbf03bc7bd to remote] DEBUG org.apache.http.wire - http-outgoing-21 << "[\r][\n]"
12:27:13.588 [Forwarding findElement on session 18063075-812d-4a4c-a6cd-30fbf03bc7bd to remote] DEBUG org.apache.http.wire - http-outgoing-21 << "{"status":0,"value":{"ELEMENT":"EF020000-0000-0000-CF19-000000000000"},"sessionId":"18063075-812d-4a4c-a6cd-30fbf03bc7bd"}"
&amp#27;[35m[12:27:13.588 [Forwarding findElement on session 18063075-812d-4a4c-a6cd-30fbf03bc7bd to remote] DEBUG org.apache.http.headers - http-outgoing-21 << HTTP/1.1 200 OK
HTTP]&amp#27;[39m &amp#27;[37m<-- POST /wd12:27:13.588 [Forwarding findElement on session 18063075-812d-4a4c-a6cd-30fbf03bc7bd to remote] DEBUG org.apache.http.headers - http-outgoing-21 << X-Powered-By: Express
/hub/session/18063075-812d-4a4c-a6cd-30fbf03bc7bd/12:27:13.588 [Forwarding findElement on session 18063075-812d-4a4c-a6cd-30fbf03bc7bd to remote] DEBUG org.apache.http.headers - http-outgoing-21 << Access-Control-Allow-Origin: *
element &amp#27;[39m&amp#27;[32m2012:27:13.589 [Forwarding findElement on session 18063075-812d-4a4c-a6cd-30fbf03bc7bd to remote] DEBUG org.apache.http.headers - http-outgoing-21 << Access-Control-Allow-Methods: GET,POST,PUT,OPTIONS,DELETE
0&amp#27;12:27:13.589 [Forwarding findElement on session 18063075-812d-4a4c-a6cd-30fbf03bc7bd to remote] DEBUG org.apache.http.headers - http-outgoing-21 << Access-Control-Allow-Headers: origin, content-type, accept
[39m &amp#27;[90m2968 ms - 122&amp#27;[39m
12:27:13.589 [Forwarding findElement on session 18063075-812d-4a4c-a6cd-30fbf03bc7bd to remote] DEBUG org.apache.http.headers - http-outgoing-21 << Vary: X-HTTP-Method-Override
12:27:13.589 [Forwarding findElement on session 18063075-812d-4a4c-a6cd-30fbf03bc7bd to remote] DEBUG org.apache.http.headers - http-outgoing-21 << Content-Type: application/json; charset=utf-8
12:27:13.589 [Forwarding findElement on session 18063075-812d-4a4c-a6cd-30fbf03bc7bd to remote] DEBUG org.apache.http.headers - http-outgoing-21 << Content-Length: 122
12:27:13.589 [Forwarding findElement on session 18063075-812d-4a4c-a6cd-30fbf03bc7bd to remote] DEBUG org.apache.http.headers - http-outgoing-21 << ETag: W/"7a-XUS4bQ0ytTTSIvvMwKfm4BHiwdQ"
12:27:13.589 [Forwarding findElement on session 18063075-812d-4a4c-a6cd-30fbf03bc7bd to remote] DEBUG org.apache.http.headers - http-outgoing-21 << Date: Fri, 23 Aug 2019 06:57:13 GMT
12:27:13.589 [Forwarding findElement on session 18063075-812d-4a4c-a6cd-30fbf03bc7bd to remote] DEBUG org.apache.http.headers - http-outgoing-21 << Connection: keep-alive
&amp#27;[35m[HTTP]12:27:13.589 [Forwarding findElement on session 18063075-812d-4a4c-a6cd-30fbf03bc7bd to remote] DEBUG o.a.h.impl.execchain.MainClientExec - Connection can be kept alive indefinitely
&amp#27;[39m &amp#27;[912:27:13.589 [Forwarding findElement on session 18063075-812d-4a4c-a6cd-30fbf03bc7bd to remote] DEBUG o.a.h.i.c.PoolingHttpClientConnectionManager - Connection [id: 21][route: {}->http://localhost:4723] can be kept alive indefinitely
0m12:27:13.589 [Forwarding findElement on session 18063075-812d-4a4c-a6cd-30fbf03bc7bd to remote] DEBUG o.a.h.i.c.PoolingHttpClientConnectionManager - Connection released: [id: 21][route: {}->http://localhost:4723][total kept alive: 1; route allocated: 1 of 2000; total allocated: 1 of 2000]
&amp#27;[39m
12:27:13.590 [Forwarding findElement on session 18063075-812d-4a4c-a6cd-30fbf03bc7bd to remote] DEBUG o.a.h.c.protocol.RequestAddCookies - CookieSpec selected: default
12:27:13.590 [Forwarding findElement on session 18063075-812d-4a4c-a6cd-30fbf03bc7bd to remote] DEBUG o.a.h.c.protocol.RequestAuthCache - Auth cache not set in the context
12:27:13.590 [Forwarding findElement on session 18063075-812d-4a4c-a6cd-30fbf03bc7bd to remote] DEBUG o.a.h.i.c.PoolingHttpClientConnectionManager - Connection request: [route: {}->http://localhost:4723][total kept alive: 1; route allocated: 1 of 2000; total allocated: 1 of 2000]
12:27:13.590 [Forwarding findElement on session 18063075-812d-4a4c-a6cd-30fbf03bc7bd to remote] DEBUG o.a.h.i.c.PoolingHttpClientConnectionManager - Connection leased: [id: 21][route: {}->http://localhost:4723][total kept alive: 0; route allocated: 1 of 2000; total allocated: 1 of 2000]
12:27:13.590 [Forwarding findElement on session 18063075-812d-4a4c-a6cd-30fbf03bc7bd to remote] DEBUG o.a.h.impl.execchain.MainClientExec - Stale connection check
12:27:13.592 [Forwarding findElement on session 18063075-812d-4a4c-a6cd-30fbf03bc7bd to remote] DEBUG org.apache.http.wire - http-outgoing-21 << "[read] I/O error: Read timed out"
12:27:13.592 [Forwarding findElement on session 18063075-812d-4a4c-a6cd-30fbf03bc7bd to remote] DEBUG o.a.h.i.c.DefaultManagedHttpClientConnection - http-outgoing-21: set socket timeout to 10800000
12:27:13.592 [Forwarding findElement on session 18063075-812d-4a4c-a6cd-30fbf03bc7bd to remote] DEBUG o.a.h.impl.execchain.MainClientExec - Executing request POST /wd/hub/session/18063075-812d-4a4c-a6cd-30fbf03bc7bd/element HTTP/1.1
12:27:13.592 [Forwarding findElement on session 18063075-812d-4a4c-a6cd-30fbf03bc7bd to remote] DEBUG o.a.h.impl.execchain.MainClientExec - Target auth state: UNCHALLENGED
12:27:13.592 [Forwarding findElement on session 18063075-812d-4a4c-a6cd-30fbf03bc7bd to remote] DEBUG o.a.h.impl.execchain.MainClientExec - Proxy auth state: UNCHALLENGED
12:27:13.592 [Forwarding findElement on session 18063075-812d-4a4c-a6cd-30fbf03bc7bd to remote] DEBUG org.apache.http.headers - http-outgoing-21 >> POST /wd/hub/session/18063075-812d-4a4c-a6cd-30fbf03bc7bd/element HTTP/1.1
12:27:13.592 [Forwarding findElement on session 18063075-812d-4a4c-a6cd-30fbf03bc7bd to remote] DEBUG org.apache.http.headers - http-outgoing-21 >> Content-Type: application/json; charset=utf-8
12:27:13.592 [Forwarding findElement on session 18063075-812d-4a4c-a6cd-30fbf03bc7bd to remote] DEBUG org.apache.http.headers - http-outgoing-21 >> Content-Length: 349
12:27:13.592 [Forwarding findElement on session 18063075-812d-4a4c-a6cd-30fbf03bc7bd to remote] DEBUG org.apache.http.headers - http-outgoing-21 >> Host: localhost:4723
12:27:13.592 [Forwarding findElement on session 18063075-812d-4a4c-a6cd-30fbf03bc7bd to remote] DEBUG org.apache.http.headers - http-outgoing-21 >> Connection: Keep-Alive
12:27:13.592 [Forwarding findElement on session 18063075-812d-4a4c-a6cd-30fbf03bc7bd to remote] DEBUG org.apache.http.headers - http-outgoing-21 >> User-Agent: Apache-HttpClient/4.5.2 (Java/1.8.0_171)
12:27:13.592 [Forwarding findElement on session 18063075-812d-4a4c-a6cd-30fbf03bc7bd to remote] DEBUG org.apache.http.headers - http-outgoing-21 >> Accept-Encoding: gzip,deflate
12:27:13.592 [Forwarding findElement on session 18063075-812d-4a4c-a6cd-30fbf03bc7bd to remote] DEBUG org.apache.http.wire - http-outgoing-21 >> "POST /wd/hub/session/18063075-812d-4a4c-a6cd-30fbf03bc7bd/element HTTP/1.1[\r][\n]"
12:27:13.592 [Forwarding findElement on session 18063075-812d-4a4c-a6cd-30fbf03bc7bd to remote] DEBUG org.apache.http.wire - http-outgoing-21 >> "Content-Type: application/json; charset=utf-8[\r][\n]"
12:27:13.592 [Forwarding findElement on session 18063075-812d-4a4c-a6cd-30fbf03bc7bd to remote] DEBUG org.apache.http.wire - http-outgoing-21 >> "Content-Length: 349[\r][\n]"
12:27:13.592 [Forwarding findElement on session 18063075-812d-4a4c-a6cd-30fbf03bc7bd to remote] DEBUG org.apache.http.wire - http-outgoing-21 >> "Host: localhost:4723[\r][\n]"
12:27:13.592 [Forwarding findElement on session 18063075-812d-4a4c-a6cd-30fbf03bc7bd to remote] DEBUG org.apache.http.wire - http-outgoing-21 >> "Connection: Keep-Alive[\r][\n]"
12:27:13.592 [Forwarding findElement on session 18063075-812d-4a4c-a6cd-30fbf03bc7bd to remote] DEBUG org.apache.http.wire - http-outgoing-21 >> "User-Agent: Apache-HttpClient/4.5.2 (Java/1.8.0_171)[\r][\n]"
12:27:13.592 [Forwarding findElement on session 18063075-812d-4a4c-a6cd-30fbf03bc7bd to remote] DEBUG org.apache.http.wire - http-outgoing-21 >> "Accept-Encoding: gzip,deflate[\r][\n]"
12:27:13.592 [Forwarding findElement on session 18063075-812d-4a4c-a6cd-30fbf03bc7bd to remote] DEBUG org.apache.http.wire - http-outgoing-21 >> "[\r][\n]"
12:27:13.592 [Forwarding findElement on session 18063075-812d-4a4c-a6cd-30fbf03bc7bd to remote] DEBUG org.apache.http.wire - http-outgoing-21 >> "{"using":"xpath","value":"//XCUIElementTypeApplication/XCUIElementTypeWindow/XCUIElementTypeOther/XCUIElementTypeOther/XCUIElementTypeOther/XCUIElementTypeOther/XCUIElementTypeOther/XCUIElementTypeOther/XCUIElementTypeOther/XCUIElementTypeScrollView/XCUIElementTypeOther[3]/XCUIElementTypeOther[2]/XCUIElementTypeOther/XCUIElementTypeStaticText[3]"}"
&amp#27;[35m[HTTP]&amp#27;[39m &amp#27;[37m-->&amp#27;[39m &amp#27;[37mPOST&amp#27;[39m &amp#27;[37m/wd/hub/session/18063075-812d-4a4c-a6cd-30fbf03bc7bd/element&amp#27;[39m
&amp#27;[35m[HTTP]&amp#27;[39m &amp#27;[90m{"using":"xpath","value":"//XCUIElementTypeApplication/XCUIElementTypeWindow/XCUIElementTypeOther/XCUIElementTypeOther/XCUIElementTypeOther/XCUIElementTypeOther/XCUIElementTypeOther/XCUIElementTypeOther/XCUIElementTypeOther/XCUIElementTypeScrollView/XCUIElementTypeOther[3]/XCUIElementTypeOther[2]/XCUIElementTypeOther/XCUIElementTypeStaticText[3]"}&amp#27;[39m
12:27:16.561 [Forwarding findElement on session 18063075-812d-4a4c-a6cd-30fbf03bc7bd to remote] DEBUG org.apache.http.wire - http-outgoing-21 << "HTTP/1.1 200 OK[\r][\n]"
12:27:16.561 [Forwarding findElement on session 18063075-812d-4a4c-a6cd-30fbf03bc7bd to remote] DEBUG org.apache.http.wire - http-outgoing-21 << "X-Powered-By: Express[\r][\n]"
12:27:16.561 [Forwarding findElement on session 18063075-812d-4a4c-a6cd-30fbf03bc7bd to remote] DEBUG org.apache.http.wire - http-outgoing-21 << "Access-Control-Allow-Origin: *[\r][\n]"
12:27:16.561 [Forwarding findElement on session 18063075-812d-4a4c-a6cd-30fbf03bc7bd to remote] DEBUG org.apache.http.wire - http-outgoing-21 << "Access-Control-Allow-Methods: GET,POST,PUT,OPTIONS,DELETE[\r][\n]"
12:27:16.561 [Forwarding findElement on session 18063075-812d-4a4c-a6cd-30fbf03bc7bd to remote] DEBUG org.apache.http.wire - http-outgoing-21 << "Access-Control-Allow-Headers: origin, content-type, accept[\r][\n]"
12:27:16.561 [Forwarding findElement on session 18063075-812d-4a4c-a6cd-30fbf03bc7bd to remote] DEBUG org.apache.http.wire - http-outgoing-21 << "Vary: X-HTTP-Method-Override[\r][\n]"
12:27:16.561 [Forwarding findElement on session 18063075-812d-4a4c-a6cd-30fbf03bc7bd to remote] DEBUG org.apache.http.wire - http-outgoing-21 << "Content-Type: application/json; charset=utf-8[\r][\n]"
12:27:16.561 [Forwarding findElement on session 18063075-812d-4a4c-a6cd-30fbf03bc7bd to remote] DEBUG org.apache.http.wire - http-outgoing-21 << "Content-Length: 122[\r][\n]"
12:27:16.561 [Forwarding findElement on session 18063075-812d-4a4c-a6cd-30fbf03bc7bd to remote] DEBUG org.apache.http.wire - http-outgoing-21 << "ETag: W/"7a-XUS4bQ0ytTTSIvvMwKfm4BHiwdQ"[\r][\n]"
12:27:16.561 [Forwarding findElement on session 18063075-812d-4a4c-a6cd-30fbf03bc7bd to remote] DEBUG org.apache.http.wire - http-outgoing-21 << "Date: Fri, 23 Aug 2019 06:57:16 GMT[\r][\n]"
12:27:16.561 [Forwarding findElement on session 18063075-812d-4a4c-a6cd-30fbf03bc7bd to remote] DEBUG org.apache.http.wire - http-outgoing-21 << "Connection: keep-alive[\r][\n]"
12:27:16.561 [Forwarding findElement on session 18063075-812d-4a4c-a6cd-30fbf03bc7bd to remote] DEBUG org.apache.http.wire - http-outgoing-21 << "[\r][\n]"
12:27:16.561 [Forwarding findElement on session 18063075-812d-4a4c-a6cd-30fbf03bc7bd to remote] DEBUG org.apache.http.wire - http-outgoing-21 << "{"status":0,"value":{"ELEMENT":"EF020000-0000-0000-CF19-000000000000"},"sessionId":"18063075-812d-4a4c-a6cd-30fbf03bc7bd"}"
&amp#27;[35m[HTTP]&amp#27;[39m &amp#27;[37m<-- POST /wd/hub/session/18063075-812d-4a4c-a6cd-30fb12:27:16.561 [Forwarding findElement on session 18063075-812d-4a4c-a6cd-30fbf03bc7bd to remote] DEBUG org.apache.http.headers - http-outgoing-21 << HTTP/1.1 200 OK
f03bc7bd/ele12:27:16.562 [Forwarding findElement on session 18063075-812d-4a4c-a6cd-30fbf03bc7bd to remote] DEBUG org.apache.http.headers - http-outgoing-21 << X-Powered-By: Express
ment &amp#27;[39m&amp#27;[32m200&amp#27;[39m &amp#27;[90m12:27:16.562 [Forwarding findElement on session 18063075-812d-4a4c-a6cd-30fbf03bc7bd to remote] DEBUG org.apache.http.headers - http-outgoing-21 << Access-Control-Allow-Origin: *
2968 ms - 122&amp#27;[39m
12:27:16.562 [Forwarding findElement on session 18063075-812d-4a4c-a6cd-30fbf03bc7bd to remote] DEBUG org.apache.http.headers - http-outgoing-21 << Access-Control-Allow-Methods: GET,POST,PUT,OPTIONS,DELETE
&amp#27;[35m[HTTP]&amp#27;[39m &amp#27;[90m&amp#27;[39m
12:27:16.562 [Forwarding findElement on session 18063075-812d-4a4c-a6cd-30fbf03bc7bd to remote] DEBUG org.apache.http.headers - http-outgoing-21 << Access-Control-Allow-Headers: origin, content-type, accept
12:27:16.562 [Forwarding findElement on session 18063075-812d-4a4c-a6cd-30fbf03bc7bd to remote] DEBUG org.apache.http.headers - http-outgoing-21 << Vary: X-HTTP-Method-Override
12:27:16.562 [Forwarding findElement on session 18063075-812d-4a4c-a6cd-30fbf03bc7bd to remote] DEBUG org.apache.http.headers - http-outgoing-21 << Content-Type: application/json; charset=utf-8
12:27:16.562 [Forwarding findElement on session 18063075-812d-4a4c-a6cd-30fbf03bc7bd to remote] DEBUG org.apache.http.headers - http-outgoing-21 << Content-Length: 122
12:27:16.562 [Forwarding findElement on session 18063075-812d-4a4c-a6cd-30fbf03bc7bd to remote] DEBUG org.apache.http.headers - http-outgoing-21 << ETag: W/"7a-XUS4bQ0ytTTSIvvMwKfm4BHiwdQ"
12:27:16.562 [Forwarding findElement on session 18063075-812d-4a4c-a6cd-30fbf03bc7bd to remote] DEBUG org.apache.http.headers - http-outgoing-21 << Date: Fri, 23 Aug 2019 06:57:16 GMT
12:27:16.562 [Forwarding findElement on session 18063075-812d-4a4c-a6cd-30fbf03bc7bd to remote] DEBUG org.apache.http.headers - http-outgoing-21 << Connection: keep-alive
12:27:16.562 [Forwarding findElement on session 18063075-812d-4a4c-a6cd-30fbf03bc7bd to remote] DEBUG o.a.h.impl.execchain.MainClientExec - Connection can be kept alive indefinitely
12:27:16.563 [Forwarding findElement on session 18063075-812d-4a4c-a6cd-30fbf03bc7bd to remote] DEBUG o.a.h.i.c.PoolingHttpClientConnectionManager - Connection [id: 21][route: {}->http://localhost:4723] can be kept alive indefinitely
12:27:16.563 [Forwarding findElement on session 18063075-812d-4a4c-a6cd-30fbf03bc7bd to remote] DEBUG o.a.h.i.c.PoolingHttpClientConnectionManager - Connection released: [id: 21][route: {}->http://localhost:4723][total kept alive: 1; route allocated: 1 of 2000; total allocated: 1 of 2000]
12:27:16.563 [Forwarding getElementText on session 18063075-812d-4a4c-a6cd-30fbf03bc7bd to remote] DEBUG o.a.h.c.protocol.RequestAddCookies - CookieSpec selected: default
12:27:16.563 [Forwarding getElementText on session 18063075-812d-4a4c-a6cd-30fbf03bc7bd to remote] DEBUG o.a.h.c.protocol.RequestAuthCache - Auth cache not set in the context
12:27:16.563 [Forwarding getElementText on session 18063075-812d-4a4c-a6cd-30fbf03bc7bd to remote] DEBUG o.a.h.i.c.PoolingHttpClientConnectionManager - Connection request: [route: {}->http://localhost:4723][total kept alive: 1; route allocated: 1 of 2000; total allocated: 1 of 2000]
12:27:16.563 [Forwarding getElementText on session 18063075-812d-4a4c-a6cd-30fbf03bc7bd to remote] DEBUG o.a.h.i.c.PoolingHttpClientConnectionManager - Connection leased: [id: 21][route: {}->http://localhost:4723][total kept alive: 0; route allocated: 1 of 2000; total allocated: 1 of 2000]
12:27:16.563 [Forwarding getElementText on session 18063075-812d-4a4c-a6cd-30fbf03bc7bd to remote] DEBUG o.a.h.impl.execchain.MainClientExec - Stale connection check
12:27:16.565 [Forwarding getElementText on session 18063075-812d-4a4c-a6cd-30fbf03bc7bd to remote] DEBUG org.apache.http.wire - http-outgoing-21 << "[read] I/O error: Read timed out"
12:27:16.565 [Forwarding getElementText on session 18063075-812d-4a4c-a6cd-30fbf03bc7bd to remote] DEBUG o.a.h.i.c.DefaultManagedHttpClientConnection - http-outgoing-21: set socket timeout to 10800000
12:27:16.565 [Forwarding getElementText on session 18063075-812d-4a4c-a6cd-30fbf03bc7bd to remote] DEBUG o.a.h.impl.execchain.MainClientExec - Executing request GET /wd/hub/session/18063075-812d-4a4c-a6cd-30fbf03bc7bd/element/EF020000-0000-0000-CF19-000000000000/text HTTP/1.1
12:27:16.565 [Forwarding getElementText on session 18063075-812d-4a4c-a6cd-30fbf03bc7bd to remote] DEBUG o.a.h.impl.execchain.MainClientExec - Target auth state: UNCHALLENGED
12:27:16.565 [Forwarding getElementText on session 18063075-812d-4a4c-a6cd-30fbf03bc7bd to remote] DEBUG o.a.h.impl.execchain.MainClientExec - Proxy auth state: UNCHALLENGED
12:27:16.565 [Forwarding getElementText on session 18063075-812d-4a4c-a6cd-30fbf03bc7bd to remote] DEBUG org.apache.http.headers - http-outgoing-21 >> GET /wd/hub/session/18063075-812d-4a4c-a6cd-30fbf03bc7bd/element/EF020000-0000-0000-CF19-000000000000/text HTTP/1.1
12:27:16.565 [Forwarding getElementText on session 18063075-812d-4a4c-a6cd-30fbf03bc7bd to remote] DEBUG org.apache.http.headers - http-outgoing-21 >> Cache-Control: no-cache
12:27:16.565 [Forwarding getElementText on session 18063075-812d-4a4c-a6cd-30fbf03bc7bd to remote] DEBUG org.apache.http.headers - http-outgoing-21 >> Host: localhost:4723
12:27:16.565 [Forwarding getElementText on session 18063075-812d-4a4c-a6cd-30fbf03bc7bd to remote] DEBUG org.apache.http.headers - http-outgoing-21 >> Connection: Keep-Alive
12:27:16.565 [Forwarding getElementText on session 18063075-812d-4a4c-a6cd-30fbf03bc7bd to remote] DEBUG org.apache.http.headers - http-outgoing-21 >> User-Agent: Apache-HttpClient/4.5.2 (Java/1.8.0_171)
12:27:16.565 [Forwarding getElementText on session 18063075-812d-4a4c-a6cd-30fbf03bc7bd to remote] DEBUG org.apache.http.headers - http-outgoing-21 >> Accept-Encoding: gzip,deflate
12:27:16.565 [Forwarding getElementText on session 18063075-812d-4a4c-a6cd-30fbf03bc7bd to remote] DEBUG org.apache.http.wire - http-outgoing-21 >> "GET /wd/hub/session/18063075-812d-4a4c-a6cd-30fbf03bc7bd/element/EF020000-0000-0000-CF19-000000000000/text HTTP/1.1[\r][\n]"
12:27:16.565 [Forwarding getElementText on session 18063075-812d-4a4c-a6cd-30fbf03bc7bd to remote] DEBUG org.apache.http.wire - http-outgoing-21 >> "Cache-Control: no-cache[\r][\n]"
12:27:16.565 [Forwarding getElementText on session 18063075-812d-4a4c-a6cd-30fbf03bc7bd to remote] DEBUG org.apache.http.wire - http-outgoing-21 >> "Host: localhost:4723[\r][\n]"
12:27:16.565 [Forwarding getElementText on session 18063075-812d-4a4c-a6cd-30fbf03bc7bd to remote] DEBUG org.apache.http.wire - http-outgoing-21 >> "Connection: Keep-Alive[\r][\n]"
12:27:16.565 [Forwarding getElementText on session 18063075-812d-4a4c-a6cd-30fbf03bc7bd to remote] DEBUG org.apache.http.wire - http-outgoing-21 >> "User-Agent: Apache-HttpClient/4.5.2 (Java/1.8.0_171)[\r][\n]"
12:27:16.565 [Forwarding getElementText on session 18063075-812d-4a4c-a6cd-30fbf03bc7bd to remote] DEBUG org.apache.http.wire - http-outgoing-21 >> "Accept-Encoding: gzip,deflate[\r][\n]"
12:27:16.565 [Forwarding getElementText on session 18063075-812d-4a4c-a6cd-30fbf03bc7bd to remote] DEBUG org.apache.http.wire - http-outgoing-21 >> "[\r][\n]"
&amp#27;[35m[HTTP]&amp#27;[39m &amp#27;[37m-->&amp#27;[39m &amp#27;[37mGET&amp#27;[39m &amp#27;[37m/wd/hub/session/18063075-812d-4a4c-a6cd-30fbf03bc7bd/element/EF020000-0000-0000-CF19-000000000000/text&amp#27;[39m
&amp#27;[35m[HTTP]&amp#27;[39m &amp#27;[90m{}&amp#27;[39m
&amp#27;[35m[MJSONWP]&amp#27;[39m Driver proxy active, passing request on via HTTP proxy
&amp#27;[35m[JSONWP Proxy]&amp#27;[39m Replacing sessionId B74F9560-FF94-12:27:16.751 [Forwarding getElementText on session 18063075-812d-4a4c-a6cd-30fbf03bc7bd to remote] DEBUG org.apache.http.wire - http-outgoing-21 << "HTTP/1.1 200 OK[\r][\n]"
4D04-9569-9BCC9965012:27:16.751 [Forwarding getElementText on session 18063075-812d-4a4c-a6cd-30fbf03bc7bd to remote] DEBUG org.apache.http.wire - http-outgoing-21 << "X-Powered-By: Express[\r][\n]"
3BA with 18063075-812d-4a4c-a6cd-30fbf03bc7bd
12:27:16.751 [Forwarding getElementText on session 18063075-812d-4a4c-a6cd-30fbf03bc7bd to remote] DEBUG org.apache.http.wire - http-outgoing-21 << "Access-Control-Allow-Origin: *[\r][\n]"
&amp#27;[35m[HTTP]&amp#27;[3912:27:16.752 [Forwarding getElementText on session 18063075-812d-4a4c-a6cd-30fbf03bc7bd to remote] DEBUG org.apache.http.wire - http-outgoing-21 << "Access-Control-Allow-Methods: GET,POST,PUT,OPTIONS,DELETE[\r][\n]"
m &amp#27;[37m<-- GET /wd/hub/session/18063075-812d-4a4c-a6cd-30fbf03bc7bd/elemen12:27:16.752 [Forwarding getElementText on session 18063075-812d-4a4c-a6cd-30fbf03bc7bd to remote] DEBUG org.apache.http.wire - http-outgoing-21 << "Access-Control-Allow-Headers: origin, content-type, accept[\r][\n]"
t/EF020000-0000-0000-CF19-000000012:27:16.752 [Forwarding getElementText on session 18063075-812d-4a4c-a6cd-30fbf03bc7bd to remote] DEBUG org.apache.http.wire - http-outgoing-21 << "Content-Type: application/json; charset=utf-8[\r][\n]"
00000/text &amp#27;[39m&amp#27;[32m200&amp#27;[39m &amp#27;[90m186 ms - 81&amp#27;[39m
&amp#27;[35m[HTTP]&amp#27;[39m &amp#27;[90m&amp#27;[39m
12:27:16.753 [Forwarding getElementText on session 18063075-812d-4a4c-a6cd-30fbf03bc7bd to remote] DEBUG org.apache.http.wire - http-outgoing-21 << "Content-Length: 81[\r][\n]"
12:27:16.753 [Forwarding getElementText on session 18063075-812d-4a4c-a6cd-30fbf03bc7bd to remote] DEBUG org.apache.http.wire - http-outgoing-21 << "ETag: W/"51-1Bs/qag+JHs82fr2gxnCzHXmkZ0"[\r][\n]"
12:27:16.753 [Forwarding getElementText on session 18063075-812d-4a4c-a6cd-30fbf03bc7bd to remote] DEBUG org.apache.http.wire - http-outgoing-21 << "Date: Fri, 23 Aug 2019 06:57:16 GMT[\r][\n]"
12:27:16.753 [Forwarding getElementText on session 18063075-812d-4a4c-a6cd-30fbf03bc7bd to remote] DEBUG org.apache.http.wire - http-outgoing-21 << "Connection: keep-alive[\r][\n]"
12:27:16.753 [Forwarding getElementText on session 18063075-812d-4a4c-a6cd-30fbf03bc7bd to remote] DEBUG org.apache.http.wire - http-outgoing-21 << "[\r][\n]"
12:27:16.753 [Forwarding getElementText on session 18063075-812d-4a4c-a6cd-30fbf03bc7bd to remote] DEBUG org.apache.http.wire - http-outgoing-21 << "{"value":"English","sessionId":"18063075-812d-4a4c-a6cd-30fbf03bc7bd","status":0}"
12:27:16.753 [Forwarding getElementText on session 18063075-812d-4a4c-a6cd-30fbf03bc7bd to remote] DEBUG org.apache.http.headers - http-outgoing-21 << HTTP/1.1 200 OK
12:27:16.753 [Forwarding getElementText on session 18063075-812d-4a4c-a6cd-30fbf03bc7bd to remote] DEBUG org.apache.http.headers - http-outgoing-21 << X-Powered-By: Express
12:27:16.753 [Forwarding getElementText on session 18063075-812d-4a4c-a6cd-30fbf03bc7bd to remote] DEBUG org.apache.http.headers - http-outgoing-21 << Access-Control-Allow-Origin: *
12:27:16.753 [Forwarding getElementText on session 18063075-812d-4a4c-a6cd-30fbf03bc7bd to remote] DEBUG org.apache.http.headers - http-outgoing-21 << Access-Control-Allow-Methods: GET,POST,PUT,OPTIONS,DELETE
12:27:16.753 [Forwarding getElementText on session 18063075-812d-4a4c-a6cd-30fbf03bc7bd to remote] DEBUG org.apache.http.headers - http-outgoing-21 << Access-Control-Allow-Headers: origin, content-type, accept
12:27:16.753 [Forwarding getElementText on session 18063075-812d-4a4c-a6cd-30fbf03bc7bd to remote] DEBUG org.apache.http.headers - http-outgoing-21 << Content-Type: application/json; charset=utf-8
12:27:16.753 [Forwarding getElementText on session 18063075-812d-4a4c-a6cd-30fbf03bc7bd to remote] DEBUG org.apache.http.headers - http-outgoing-21 << Content-Length: 81
12:27:16.753 [Forwarding getElementText on session 18063075-812d-4a4c-a6cd-30fbf03bc7bd to remote] DEBUG org.apache.http.headers - http-outgoing-21 << ETag: W/"51-1Bs/qag+JHs82fr2gxnCzHXmkZ0"
12:27:16.753 [Forwarding getElementText on session 18063075-812d-4a4c-a6cd-30fbf03bc7bd to remote] DEBUG org.apache.http.headers - http-outgoing-21 << Date: Fri, 23 Aug 2019 06:57:16 GMT
12:27:16.753 [Forwarding getElementText on session 18063075-812d-4a4c-a6cd-30fbf03bc7bd to remote] DEBUG org.apache.http.headers - http-outgoing-21 << Connection: keep-alive
12:27:16.753 [Forwarding getElementText on session 18063075-812d-4a4c-a6cd-30fbf03bc7bd to remote] DEBUG o.a.h.impl.execchain.MainClientExec - Connection can be kept alive indefinitely
12:27:16.753 [Forwarding getElementText on session 18063075-812d-4a4c-a6cd-30fbf03bc7bd to remote] DEBUG o.a.h.i.c.PoolingHttpClientConnectionManager - Connection [id: 21][route: {}->http://localhost:4723] can be kept alive indefinitely
12:27:16.753 [Forwarding getElementText on session 18063075-812d-4a4c-a6cd-30fbf03bc7bd to remote] DEBUG o.a.h.i.c.PoolingHttpClientConnectionManager - Connection released: [id: 21][route: {}->http://localhost:4723][total kept alive: 1; route allocated: 1 of 2000; total allocated: 1 of 2000]
12:27:16.754 [Forwarding findElement on session 18063075-812d-4a4c-a6cd-30fbf03bc7bd to remote] DEBUG o.a.h.c.protocol.RequestAddCookies - CookieSpec selected: default
12:27:16.754 [Forwarding findElement on session 18063075-812d-4a4c-a6cd-30fbf03bc7bd to remote] DEBUG o.a.h.c.protocol.RequestAuthCache - Auth cache not set in the context
12:27:16.754 [Forwarding findElement on session 18063075-812d-4a4c-a6cd-30fbf03bc7bd to remote] DEBUG o.a.h.i.c.PoolingHttpClientConnectionManager - Connection request: [route: {}->http://localhost:4723][total kept alive: 1; route allocated: 1 of 2000; total allocated: 1 of 2000]
12:27:16.754 [Forwarding findElement on session 18063075-812d-4a4c-a6cd-30fbf03bc7bd to remote] DEBUG o.a.h.i.c.PoolingHttpClientConnectionManager - Connection leased: [id: 21][route: {}->http://localhost:4723][total kept alive: 0; route allocated: 1 of 2000; total allocated: 1 of 2000]
12:27:16.754 [Forwarding findElement on session 18063075-812d-4a4c-a6cd-30fbf03bc7bd to remote] DEBUG o.a.h.impl.execchain.MainClientExec - Stale connection check
12:27:16.756 [Forwarding findElement on session 18063075-812d-4a4c-a6cd-30fbf03bc7bd to remote] DEBUG org.apache.http.wire - http-outgoing-21 << "[read] I/O error: Read timed out"
12:27:16.756 [Forwarding findElement on session 18063075-812d-4a4c-a6cd-30fbf03bc7bd to remote] DEBUG o.a.h.i.c.DefaultManagedHttpClientConnection - http-outgoing-21: set socket timeout to 10800000
12:27:16.756 [Forwarding findElement on session 18063075-812d-4a4c-a6cd-30fbf03bc7bd to remote] DEBUG o.a.h.impl.execchain.MainClientExec - Executing request POST /wd/hub/session/18063075-812d-4a4c-a6cd-30fbf03bc7bd/element HTTP/1.1
12:27:16.756 [Forwarding findElement on session 18063075-812d-4a4c-a6cd-30fbf03bc7bd to remote] DEBUG o.a.h.impl.execchain.MainClientExec - Target auth state: UNCHALLENGED
12:27:16.756 [Forwarding findElement on session 18063075-812d-4a4c-a6cd-30fbf03bc7bd to remote] DEBUG o.a.h.impl.execchain.MainClientExec - Proxy auth state: UNCHALLENGED
12:27:16.756 [Forwarding findElement on session 18063075-812d-4a4c-a6cd-30fbf03bc7bd to remote] DEBUG org.apache.http.headers - http-outgoing-21 >> POST /wd/hub/session/18063075-812d-4a4c-a6cd-30fbf03bc7bd/element HTTP/1.1
12:27:16.756 [Forwarding findElement on session 18063075-812d-4a4c-a6cd-30fbf03bc7bd to remote] DEBUG org.apache.http.headers - http-outgoing-21 >> Content-Type: application/json; charset=utf-8
12:27:16.756 [Forwarding findElement on session 18063075-812d-4a4c-a6cd-30fbf03bc7bd to remote] DEBUG org.apache.http.headers - http-outgoing-21 >> Content-Length: 349
12:27:16.756 [Forwarding findElement on session 18063075-812d-4a4c-a6cd-30fbf03bc7bd to remote] DEBUG org.apache.http.headers - http-outgoing-21 >> Host: localhost:4723
12:27:16.756 [Forwarding findElement on session 18063075-812d-4a4c-a6cd-30fbf03bc7bd to remote] DEBUG org.apache.http.headers - http-outgoing-21 >> Connection: Keep-Alive
12:27:16.756 [Forwarding findElement on session 18063075-812d-4a4c-a6cd-30fbf03bc7bd to remote] DEBUG org.apache.http.headers - http-outgoing-21 >> User-Agent: Apache-HttpClient/4.5.2 (Java/1.8.0_171)
12:27:16.756 [Forwarding findElement on session 18063075-812d-4a4c-a6cd-30fbf03bc7bd to remote] DEBUG org.apache.http.headers - http-outgoing-21 >> Accept-Encoding: gzip,deflate
12:27:16.756 [Forwarding findElement on session 18063075-812d-4a4c-a6cd-30fbf03bc7bd to remote] DEBUG org.apache.http.wire - http-outgoing-21 >> "POST /wd/hub/session/18063075-812d-4a4c-a6cd-30fbf03bc7bd/element HTTP/1.1[\r][\n]"
12:27:16.756 [Forwarding findElement on session 18063075-812d-4a4c-a6cd-30fbf03bc7bd to remote] DEBUG org.apache.http.wire - http-outgoing-21 >> "Content-Type: application/json; charset=utf-8[\r][\n]"
12:27:16.756 [Forwarding findElement on session 18063075-812d-4a4c-a6cd-30fbf03bc7bd to remote] DEBUG org.apache.http.wire - http-outgoing-21 >> "Content-Length: 349[\r][\n]"
12:27:16.756 [Forwarding findElement on session 18063075-812d-4a4c-a6cd-30fbf03bc7bd to remote] DEBUG org.apache.http.wire - http-outgoing-21 >> "Host: localhost:4723[\r][\n]"
12:27:16.756 [Forwarding findElement on session 18063075-812d-4a4c-a6cd-30fbf03bc7bd to remote] DEBUG org.apache.http.wire - http-outgoing-21 >> "Connection: Keep-Alive[\r][\n]"
12:27:16.756 [Forwarding findElement on session 18063075-812d-4a4c-a6cd-30fbf03bc7bd to remote] DEBUG org.apache.http.wire - http-outgoing-21 >> "User-Agent: Apache-HttpClient/4.5.2 (Java/1.8.0_171)[\r][\n]"
12:27:16.756 [Forwarding findElement on session 18063075-812d-4a4c-a6cd-30fbf03bc7bd to remote] DEBUG org.apache.http.wire - http-outgoing-21 >> "Accept-Encoding: gzip,deflate[\r][\n]"
12:27:16.756 [Forwarding findElement on session 18063075-812d-4a4c-a6cd-30fbf03bc7bd to remote] DEBUG org.apache.http.wire - http-outgoing-21 >> "[\r][\n]"
12:27:16.756 [Forwarding findElement on session 18063075-812d-4a4c-a6cd-30fbf03bc7bd to remote] DEBUG org.apache.http.wire - http-outgoing-21 >> "{"using":"xpath","value":"//XCUIElementTypeApplication/XCUIElementTypeWindow/XCUIElementTypeOther/XCUIElementTypeOther/XCUIElementTypeOther/XCUIElementTypeOther/XCUIElementTypeOther/XCUIElementTypeOther/XCUIElementTypeOther/XCUIElementTypeScrollView/XCUIElementTypeOther[3]/XCUIElementTypeOther[2]/XCUIElementTypeOther/XCUIElementTypeStaticText[4]"}"
&amp#27;[35m[HTTP]&amp#27;[39m &amp#27;[37m-->&amp#27;[39m &amp#27;[37mPOST&amp#27;[39m &amp#27;[37m/wd/hub/session/18063075-812d-4a4c-a6cd-30fbf03bc7bd/element&amp#27;[39m
&amp#27;[35m[HTTP]&amp#27;[39m &amp#27;[90m{"using":"xpath","value":"//XCUIElementTypeApplication/XCUIElementTypeWindow/XCUIElementTypeOther/XCUIElementTypeOther/XCUIElementTypeOther/XCUIElementTypeOther/XCUIElementTypeOther/XCUIElementTypeOther/XCUIElementTypeOther/XCUIElementTypeScrollView/XCUIElementTypeOther[3]/XCUIElementTypeOther[2]/XCUIElementTypeOther/XCUIElementTypeStaticText[4]"}&amp#27;[39m
12:27:19.706 [Forwarding findElement on session 18063075-812d-4a4c-a6cd-30fbf03bc7bd to remote] DEBUG org.apache.http.wire - http-outgoing-21 << "HTTP/1.1 200 OK[\r][\n]"
12:27:19.706 [Forwarding findElement on session 18063075-812d-4a4c-a6cd-30fbf03bc7bd to remote] DEBUG org.apache.http.wire - http-outgoing-21 << "X-Powered-By: Express[\r][\n]"
12:27:19.706 [Forwarding findElement on session 18063075-812d-4a4c-a6cd-30fbf03bc7bd to remote] DEBUG org.apache.http.wire - http-outgoing-21 << "Access-Control-Allow-Origin: *[\r][\n]"
12:27:19.706 [Forwarding findElement on session 18063075-812d-4a4c-a6cd-30fbf03bc7bd to remote] DEBUG org.apache.http.wire - http-outgoing-21 << "Access-Control-Allow-Methods: GET,POST,PUT,OPTIONS,DELETE[\r][\n]"
12:27:19.706 [Forwarding findElement on session 18063075-812d-4a4c-a6cd-30fbf03bc7bd to remote] DEBUG org.apache.http.wire - http-outgoing-21 << "Access-Control-Allow-Headers: origin, content-type, accept[\r][\n]"
12:27:19.706 [Forwarding findElement on session 18063075-812d-4a4c-a6cd-30fbf03bc7bd to remote] DEBUG org.apache.http.wire - http-outgoing-21 << "Vary: X-HTTP-Method-Override[\r][\n]"
12:27:19.706 [Forwarding findElement on session 18063075-812d-4a4c-a6cd-30fbf03bc7bd to remote] DEBUG org.apache.http.wire - http-outgoing-21 << "Content-Type: application/json; charset=utf-8[\r][\n]"
12:27:19.706 [Forwarding findElement on session 18063075-812d-4a4c-a6cd-30fbf03bc7bd to remote] DEBUG org.apache.http.wire - http-outgoing-21 << "Content-Length: 122[\r][\n]"
12:27:19.706 [Forwarding findElement on session 18063075-812d-4a4c-a6cd-30fbf03bc7bd to remote] DEBUG org.apache.http.wire - http-outgoing-21 << "ETag: W/"7a-Aldf5PgHvlIQCantpMOvmCvlo4U"[\r][\n]"
12:27:19.706 [Forwarding findElement on session 18063075-812d-4a4c-a6cd-30fbf03bc7bd to remote] DEBUG org.apache.http.wire - http-outgoing-21 << "Date: Fri, 23 Aug 2019 06:57:19 GMT[\r][\n]"
12:27:19.706 [Forwarding findElement on session 18063075-812d-4a4c-a6cd-30fbf03bc7bd to remote] DEBUG org.apache.http.wire - http-outgoing-21 << "Connection: keep-alive[\r][\n]"
12:27:19.706 [Forwarding findElement on session 18063075-812d-4a4c-a6cd-30fbf03bc7bd to remote] DEBUG org.apache.http.wire - http-outgoing-21 << "[\r][\n]"
12:27:19.706 [Forwarding findElement on session 18063075-812d-4a4c-a6cd-30fbf03bc7bd to remote] DEBUG org.apache.http.wire - http-outgoing-21 << "{"status":0,"value":{"ELEMENT":"F1020000-0000-0000-CF19-000000000000"},"sessionId":"18063075-812d-4a4c-a6cd-30fbf03bc7bd"}"
12:27:19.706 [Forwarding findElement on session 18063075-812d-4a4c-a6cd-30fbf03bc7bd to remote] DEBUG org.apache.http.headers - http-outgoing-21 << HTTP/1.1 200 OK
12:27:19.706 [Forwarding findElement on session 18063075-812d-4a4c-a6cd-30fbf03bc7bd to remote] DEBUG org.apache.http.headers - http-outgoing-21 << X-Powered-By: Express
12:27:19.706 [Forwarding findElement on session 18063075-812d-4a4c-a6cd-30fbf03bc7bd to remote] DEBUG org.apache.http.headers - http-outgoing-21 << Access-Control-Allow-Origin: *
12:27:19.706 [Forwarding findElement on session 18063075-812d-4a4c-a6cd-30fbf03bc7bd to remote] DEBUG org.apache.http.headers - http-outgoing-21 << Access-Control-Allow-Methods: GET,POST,PUT,OPTIONS,DELETE
&amp#27;[35m[HTTP]12:27:19.706 [Forwarding findElement on session 18063075-812d-4a4c-a6cd-30fbf03bc7bd to remote] DEBUG org.apache.http.headers - http-outgoing-21 << Access-Control-Allow-Headers: origin, content-type, accept
12:27:19.706 [Forwarding findElement on session 18063075-812d-4a4c-a6cd-30fbf03bc7bd to remote] DEBUG org.apache.http.headers - http-outgoing-21 << Vary: X-HTTP-Method-Override
12:27:19.706 [Forwarding findElement on session 18063075-812d-4a4c-a6cd-30fbf03bc7bd to remote] DEBUG org.apache.http.headers - http-outgoing-21 << Content-Type: application/json; charset=utf-8
12:27:19.706 [Forwarding findElement on session 18063075-812d-4a4c-a6cd-30fbf03bc7bd to remote] DEBUG org.apache.http.headers - http-outgoing-21 << Content-Length: 122
&amp#27;[39m &amp#27;[37m<-12:27:19.707 [Forwarding findElement on session 18063075-812d-4a4c-a6cd-30fbf03bc7bd to remote] DEBUG org.apache.http.headers - http-outgoing-21 << ETag: W/"7a-Aldf5PgHvlIQCantpMOvmCvlo4U"
12:27:19.707 [Forwarding findElement on session 18063075-812d-4a4c-a6cd-30fbf03bc7bd to remote] DEBUG org.apache.http.headers - http-outgoing-21 << Date: Fri, 23 Aug 2019 06:57:19 GMT
- POST /wd/hub/session/18063075-812d-4a4c-a6cd-30fbf03bc7bd/element &amp#27;[39m&amp#27;[32m200&amp#27;[39m 12:27:19.707 [Forwarding findElement on session 18063075-812d-4a4c-a6cd-30fbf03bc7bd to remote] DEBUG org.apache.http.headers - http-outgoing-21 << Connection: keep-alive
&amp#27;[90m2950 ms - 122&amp#27;[39m
12:27:19.707 [Forwarding findElement on session 18063075-812d-4a4c-a6cd-30fbf03bc7bd to remote] DEBUG o.a.h.impl.execchain.MainClientExec - Connection can be kept alive indefinitely
&amp#27;[35m[HTTP]&amp#27;[39m &amp#27;[90m&amp#27;[39m
12:27:19.708 [Forwarding findElement on session 18063075-812d-4a4c-a6cd-30fbf03bc7bd to remote] DEBUG o.a.h.i.c.PoolingHttpClientConnectionManager - Connection [id: 21][route: {}->http://localhost:4723] can be kept alive indefinitely
12:27:19.708 [Forwarding findElement on session 18063075-812d-4a4c-a6cd-30fbf03bc7bd to remote] DEBUG o.a.h.i.c.PoolingHttpClientConnectionManager - Connection released: [id: 21][route: {}->http://localhost:4723][total kept alive: 1; route allocated: 1 of 2000; total allocated: 1 of 2000]
12:27:19.708 [Forwarding isElementDisplayed on session 18063075-812d-4a4c-a6cd-30fbf03bc7bd to remote] DEBUG o.a.h.c.protocol.RequestAddCookies - CookieSpec selected: default
12:27:19.708 [Forwarding isElementDisplayed on session 18063075-812d-4a4c-a6cd-30fbf03bc7bd to remote] DEBUG o.a.h.c.protocol.RequestAuthCache - Auth cache not set in the context
12:27:19.708 [Forwarding isElementDisplayed on session 18063075-812d-4a4c-a6cd-30fbf03bc7bd to remote] DEBUG o.a.h.i.c.PoolingHttpClientConnectionManager - Connection request: [route: {}->http://localhost:4723][total kept alive: 1; route allocated: 1 of 2000; total allocated: 1 of 2000]
12:27:19.708 [Forwarding isElementDisplayed on session 18063075-812d-4a4c-a6cd-30fbf03bc7bd to remote] DEBUG o.a.h.i.c.PoolingHttpClientConnectionManager - Connection leased: [id: 21][route: {}->http://localhost:4723][total kept alive: 0; route allocated: 1 of 2000; total allocated: 1 of 2000]
12:27:19.708 [Forwarding isElementDisplayed on session 18063075-812d-4a4c-a6cd-30fbf03bc7bd to remote] DEBUG o.a.h.impl.execchain.MainClientExec - Stale connection check
12:27:19.710 [Forwarding isElementDisplayed on session 18063075-812d-4a4c-a6cd-30fbf03bc7bd to remote] DEBUG org.apache.http.wire - http-outgoing-21 << "[read] I/O error: Read timed out"
12:27:19.710 [Forwarding isElementDisplayed on session 18063075-812d-4a4c-a6cd-30fbf03bc7bd to remote] DEBUG o.a.h.i.c.DefaultManagedHttpClientConnection - http-outgoing-21: set socket timeout to 10800000
12:27:19.710 [Forwarding isElementDisplayed on session 18063075-812d-4a4c-a6cd-30fbf03bc7bd to remote] DEBUG o.a.h.impl.execchain.MainClientExec - Executing request GET /wd/hub/session/18063075-812d-4a4c-a6cd-30fbf03bc7bd/element/F1020000-0000-0000-CF19-000000000000/displayed HTTP/1.1
12:27:19.710 [Forwarding isElementDisplayed on session 18063075-812d-4a4c-a6cd-30fbf03bc7bd to remote] DEBUG o.a.h.impl.execchain.MainClientExec - Target auth state: UNCHALLENGED
12:27:19.710 [Forwarding isElementDisplayed on session 18063075-812d-4a4c-a6cd-30fbf03bc7bd to remote] DEBUG o.a.h.impl.execchain.MainClientExec - Proxy auth state: UNCHALLENGED
12:27:19.710 [Forwarding isElementDisplayed on session 18063075-812d-4a4c-a6cd-30fbf03bc7bd to remote] DEBUG org.apache.http.headers - http-outgoing-21 >> GET /wd/hub/session/18063075-812d-4a4c-a6cd-30fbf03bc7bd/element/F1020000-0000-0000-CF19-000000000000/displayed HTTP/1.1
12:27:19.710 [Forwarding isElementDisplayed on session 18063075-812d-4a4c-a6cd-30fbf03bc7bd to remote] DEBUG org.apache.http.headers - http-outgoing-21 >> Cache-Control: no-cache
12:27:19.710 [Forwarding isElementDisplayed on session 18063075-812d-4a4c-a6cd-30fbf03bc7bd to remote] DEBUG org.apache.http.headers - http-outgoing-21 >> Host: localhost:4723
12:27:19.710 [Forwarding isElementDisplayed on session 18063075-812d-4a4c-a6cd-30fbf03bc7bd to remote] DEBUG org.apache.http.headers - http-outgoing-21 >> Connection: Keep-Alive
12:27:19.710 [Forwarding isElementDisplayed on session 18063075-812d-4a4c-a6cd-30fbf03bc7bd to remote] DEBUG org.apache.http.headers - http-outgoing-21 >> User-Agent: Apache-HttpClient/4.5.2 (Java/1.8.0_171)
12:27:19.710 [Forwarding isElementDisplayed on session 18063075-812d-4a4c-a6cd-30fbf03bc7bd to remote] DEBUG org.apache.http.headers - http-outgoing-21 >> Accept-Encoding: gzip,deflate
12:27:19.710 [Forwarding isElementDisplayed on session 18063075-812d-4a4c-a6cd-30fbf03bc7bd to remote] DEBUG org.apache.http.wire - http-outgoing-21 >> "GET /wd/hub/session/18063075-812d-4a4c-a6cd-30fbf03bc7bd/element/F1020000-0000-0000-CF19-000000000000/displayed HTTP/1.1[\r][\n]"
12:27:19.710 [Forwarding isElementDisplayed on session 18063075-812d-4a4c-a6cd-30fbf03bc7bd to remote] DEBUG org.apache.http.wire - http-outgoing-21 >> "Cache-Control: no-cache[\r][\n]"
12:27:19.710 [Forwarding isElementDisplayed on session 18063075-812d-4a4c-a6cd-30fbf03bc7bd to remote] DEBUG org.apache.http.wire - http-outgoing-21 >> "Host: localhost:4723[\r][\n]"
12:27:19.710 [Forwarding isElementDisplayed on session 18063075-812d-4a4c-a6cd-30fbf03bc7bd to remote] DEBUG org.apache.http.wire - http-outgoing-21 >> "Connection: Keep-Alive[\r][\n]"
12:27:19.710 [Forwarding isElementDisplayed on session 18063075-812d-4a4c-a6cd-30fbf03bc7bd to remote] DEBUG org.apache.http.wire - http-outgoing-21 >> "User-Agent: Apache-HttpClient/4.5.2 (Java/1.8.0_171)[\r][\n]"
12:27:19.710 [Forwarding isElementDisplayed on session 18063075-812d-4a4c-a6cd-30fbf03bc7bd to remote] DEBUG org.apache.http.wire - http-outgoing-21 >> "Accept-Encoding: gzip,deflate[\r][\n]"
12:27:19.710 [Forwarding isElementDisplayed on session 18063075-812d-4a4c-a6cd-30fbf03bc7bd to remote] DEBUG org.apache.http.wire - http-outgoing-21 >> "[\r][\n]"
&amp#27;[35m[HTTP]&amp#27;[39m &amp#27;[37m-->&amp#27;[39m &amp#27;[37mGET&amp#27;[39m &amp#27;[37m/wd/hub/session/18063075-812d-4a4c-a6cd-30fbf03bc7bd/element/F1020000-0000-0000-CF19-000000000000/displayed&amp#27;[39m
&amp#27;[35m[HTTP]&amp#27;[39m &amp#27;[90m{}&amp#27;[39m
&amp#27;[35m[MJSONWP]&amp#27;[39m Driver proxy active, passing request on via HTTP proxy
&amp#27;[35m[JSONWP Proxy]&amp#27;[39m Replacing sessionId B74F9560-FF94-4D04-9569-9BCC996503BA with 180612:27:19.988 [Forwarding isElementDisplayed on session 18063075-812d-4a4c-a6cd-30fbf03bc7bd to remote] DEBUG org.apache.http.wire - http-outgoing-21 << "HTTP/1.1 200 OK[\r][\n]"
3075-812:27:19.989 [Forwarding isElementDisplayed on session 18063075-812d-4a4c-a6cd-30fbf03bc7bd to remote] DEBUG org.apache.http.wire - http-outgoing-21 << "X-Powered-By: Express[\r][\n]"
12d-4a4c-a6cd-30fbf03bc7bd
12:27:19.989 [Forwarding isElementDisplayed on session 18063075-812d-4a4c-a6cd-30fbf03bc7bd to remote] DEBUG org.apache.http.wire - http-outgoing-21 << "Access-Control-Allow-Origin: *[\r][\n]"
&amp#27;[312:27:19.989 [Forwarding isElementDisplayed on session 18063075-812d-4a4c-a6cd-30fbf03bc7bd to remote] DEBUG org.apache.http.wire - http-outgoing-21 << "Access-Control-Allow-Methods: GET,POST,PUT,OPTIONS,DELETE[\r][\n]"
5m[HTTP]&amp#27;[39m &amp#27;[37m<-- GET /wd/hub/sessi12:27:19.989 [Forwarding isElementDisplayed on session 18063075-812d-4a4c-a6cd-30fbf03bc7bd to remote] DEBUG org.apache.http.wire - http-outgoing-21 << "Access-Control-Allow-Headers: origin, content-type, accept[\r][\n]"
12:27:19.990 [Forwarding isElementDisplayed on session 18063075-812d-4a4c-a6cd-30fbf03bc7bd to remote] DEBUG org.apache.http.wire - http-outgoing-21 << "Content-Type: application/json; charset=utf-8[\r][\n]"
on/12:27:19.990 [Forwarding isElementDisplayed on session 18063075-812d-4a4c-a6cd-30fbf03bc7bd to remote] DEBUG org.apache.http.wire - http-outgoing-21 << "Content-Length: 76[\r][\n]"
18063012:27:19.990 [Forwarding isElementDisplayed on session 18063075-812d-4a4c-a6cd-30fbf03bc7bd to remote] DEBUG org.apache.http.wire - http-outgoing-21 << "ETag: W/"4c-Y7k244UeXncxktz3h+rJR8RJids"[\r][\n]"
12:27:19.990 [Forwarding isElementDisplayed on session 18063075-812d-4a4c-a6cd-30fbf03bc7bd to remote] DEBUG org.apache.http.wire - http-outgoing-21 << "Date: Fri, 23 Aug 2019 06:57:19 GMT[\r][\n]"
75-812d-4a4c-a6cd-30fbf03bc7bd/element/F1020000-0000-0000-CF19-000000000000/displayed &amp#27;[39m&amp#27;[32m200&amp#27;[39m &amp#27;[12:27:19.990 [Forwarding isElementDisplayed on session 18063075-812d-4a4c-a6cd-30fbf03bc7bd to remote] DEBUG org.apache.http.wire - http-outgoing-21 << "Connection: keep-alive[\r][\n]"
90m277 ms - 76&amp#27;[39m
&amp#27;[35m[HTTP]&amp#27;[39m &amp#27;[90m&amp#27;[39m
12:27:19.991 [Forwarding isElementDisplayed on session 18063075-812d-4a4c-a6cd-30fbf03bc7bd to remote] DEBUG org.apache.http.wire - http-outgoing-21 << "[\r][\n]"
12:27:19.991 [Forwarding isElementDisplayed on session 18063075-812d-4a4c-a6cd-30fbf03bc7bd to remote] DEBUG org.apache.http.wire - http-outgoing-21 << "{"value":true,"sessionId":"18063075-812d-4a4c-a6cd-30fbf03bc7bd","status":0}"
12:27:19.991 [Forwarding isElementDisplayed on session 18063075-812d-4a4c-a6cd-30fbf03bc7bd to remote] DEBUG org.apache.http.headers - http-outgoing-21 << HTTP/1.1 200 OK
12:27:19.991 [Forwarding isElementDisplayed on session 18063075-812d-4a4c-a6cd-30fbf03bc7bd to remote] DEBUG org.apache.http.headers - http-outgoing-21 << X-Powered-By: Express
12:27:19.991 [Forwarding isElementDisplayed on session 18063075-812d-4a4c-a6cd-30fbf03bc7bd to remote] DEBUG org.apache.http.headers - http-outgoing-21 << Access-Control-Allow-Origin: *
12:27:19.991 [Forwarding isElementDisplayed on session 18063075-812d-4a4c-a6cd-30fbf03bc7bd to remote] DEBUG org.apache.http.headers - http-outgoing-21 << Access-Control-Allow-Methods: GET,POST,PUT,OPTIONS,DELETE
12:27:19.991 [Forwarding isElementDisplayed on session 18063075-812d-4a4c-a6cd-30fbf03bc7bd to remote] DEBUG org.apache.http.headers - http-outgoing-21 << Access-Control-Allow-Headers: origin, content-type, accept
12:27:19.991 [Forwarding isElementDisplayed on session 18063075-812d-4a4c-a6cd-30fbf03bc7bd to remote] DEBUG org.apache.http.headers - http-outgoing-21 << Content-Type: application/json; charset=utf-8
12:27:19.991 [Forwarding isElementDisplayed on session 18063075-812d-4a4c-a6cd-30fbf03bc7bd to remote] DEBUG org.apache.http.headers - http-outgoing-21 << Content-Length: 76
12:27:19.991 [Forwarding isElementDisplayed on session 18063075-812d-4a4c-a6cd-30fbf03bc7bd to remote] DEBUG org.apache.http.headers - http-outgoing-21 << ETag: W/"4c-Y7k244UeXncxktz3h+rJR8RJids"
12:27:19.991 [Forwarding isElementDisplayed on session 18063075-812d-4a4c-a6cd-30fbf03bc7bd to remote] DEBUG org.apache.http.headers - http-outgoing-21 << Date: Fri, 23 Aug 2019 06:57:19 GMT
12:27:19.991 [Forwarding isElementDisplayed on session 18063075-812d-4a4c-a6cd-30fbf03bc7bd to remote] DEBUG org.apache.http.headers - http-outgoing-21 << Connection: keep-alive
12:27:19.991 [Forwarding isElementDisplayed on session 18063075-812d-4a4c-a6cd-30fbf03bc7bd to remote] DEBUG o.a.h.impl.execchain.MainClientExec - Connection can be kept alive indefinitely
12:27:19.991 [Forwarding isElementDisplayed on session 18063075-812d-4a4c-a6cd-30fbf03bc7bd to remote] DEBUG o.a.h.i.c.PoolingHttpClientConnectionManager - Connection [id: 21][route: {}->http://localhost:4723] can be kept alive indefinitely
12:27:19.991 [Forwarding isElementDisplayed on session 18063075-812d-4a4c-a6cd-30fbf03bc7bd to remote] DEBUG o.a.h.i.c.PoolingHttpClientConnectionManager - Connection released: [id: 21][route: {}->http://localhost:4723][total kept alive: 1; route allocated: 1 of 2000; total allocated: 1 of 2000]
12:27:19.992 [Forwarding findElement on session 18063075-812d-4a4c-a6cd-30fbf03bc7bd to remote] DEBUG o.a.h.c.protocol.RequestAddCookies - CookieSpec selected: default
12:27:19.992 [Forwarding findElement on session 18063075-812d-4a4c-a6cd-30fbf03bc7bd to remote] DEBUG o.a.h.c.protocol.RequestAuthCache - Auth cache not set in the context
12:27:19.992 [Forwarding findElement on session 18063075-812d-4a4c-a6cd-30fbf03bc7bd to remote] DEBUG o.a.h.i.c.PoolingHttpClientConnectionManager - Connection request: [route: {}->http://localhost:4723][total kept alive: 1; route allocated: 1 of 2000; total allocated: 1 of 2000]
12:27:19.992 [Forwarding findElement on session 18063075-812d-4a4c-a6cd-30fbf03bc7bd to remote] DEBUG o.a.h.i.c.PoolingHttpClientConnectionManager - Connection leased: [id: 21][route: {}->http://localhost:4723][total kept alive: 0; route allocated: 1 of 2000; total allocated: 1 of 2000]
12:27:19.992 [Forwarding findElement on session 18063075-812d-4a4c-a6cd-30fbf03bc7bd to remote] DEBUG o.a.h.impl.execchain.MainClientExec - Stale connection check
12:27:19.993 [Forwarding findElement on session 18063075-812d-4a4c-a6cd-30fbf03bc7bd to remote] DEBUG org.apache.http.wire - http-outgoing-21 << "[read] I/O error: Read timed out"
12:27:19.994 [Forwarding findElement on session 18063075-812d-4a4c-a6cd-30fbf03bc7bd to remote] DEBUG o.a.h.i.c.DefaultManagedHttpClientConnection - http-outgoing-21: set socket timeout to 10800000
12:27:19.994 [Forwarding findElement on session 18063075-812d-4a4c-a6cd-30fbf03bc7bd to remote] DEBUG o.a.h.impl.execchain.MainClientExec - Executing request POST /wd/hub/session/18063075-812d-4a4c-a6cd-30fbf03bc7bd/element HTTP/1.1
12:27:19.994 [Forwarding findElement on session 18063075-812d-4a4c-a6cd-30fbf03bc7bd to remote] DEBUG o.a.h.impl.execchain.MainClientExec - Target auth state: UNCHALLENGED
12:27:19.994 [Forwarding findElement on session 18063075-812d-4a4c-a6cd-30fbf03bc7bd to remote] DEBUG o.a.h.impl.execchain.MainClientExec - Proxy auth state: UNCHALLENGED
12:27:19.994 [Forwarding findElement on session 18063075-812d-4a4c-a6cd-30fbf03bc7bd to remote] DEBUG org.apache.http.headers - http-outgoing-21 >> POST /wd/hub/session/18063075-812d-4a4c-a6cd-30fbf03bc7bd/element HTTP/1.1
12:27:19.994 [Forwarding findElement on session 18063075-812d-4a4c-a6cd-30fbf03bc7bd to remote] DEBUG org.apache.http.headers - http-outgoing-21 >> Content-Type: application/json; charset=utf-8
12:27:19.994 [Forwarding findElement on session 18063075-812d-4a4c-a6cd-30fbf03bc7bd to remote] DEBUG org.apache.http.headers - http-outgoing-21 >> Content-Length: 349
12:27:19.994 [Forwarding findElement on session 18063075-812d-4a4c-a6cd-30fbf03bc7bd to remote] DEBUG org.apache.http.headers - http-outgoing-21 >> Host: localhost:4723
12:27:19.994 [Forwarding findElement on session 18063075-812d-4a4c-a6cd-30fbf03bc7bd to remote] DEBUG org.apache.http.headers - http-outgoing-21 >> Connection: Keep-Alive
12:27:19.994 [Forwarding findElement on session 18063075-812d-4a4c-a6cd-30fbf03bc7bd to remote] DEBUG org.apache.http.headers - http-outgoing-21 >> User-Agent: Apache-HttpClient/4.5.2 (Java/1.8.0_171)
12:27:19.994 [Forwarding findElement on session 18063075-812d-4a4c-a6cd-30fbf03bc7bd to remote] DEBUG org.apache.http.headers - http-outgoing-21 >> Accept-Encoding: gzip,deflate
12:27:19.994 [Forwarding findElement on session 18063075-812d-4a4c-a6cd-30fbf03bc7bd to remote] DEBUG org.apache.http.wire - http-outgoing-21 >> "POST /wd/hub/session/18063075-812d-4a4c-a6cd-30fbf03bc7bd/element HTTP/1.1[\r][\n]"
12:27:19.994 [Forwarding findElement on session 18063075-812d-4a4c-a6cd-30fbf03bc7bd to remote] DEBUG org.apache.http.wire - http-outgoing-21 >> "Content-Type: application/json; charset=utf-8[\r][\n]"
12:27:19.994 [Forwarding findElement on session 18063075-812d-4a4c-a6cd-30fbf03bc7bd to remote] DEBUG org.apache.http.wire - http-outgoing-21 >> "Content-Length: 349[\r][\n]"
12:27:19.994 [Forwarding findElement on session 18063075-812d-4a4c-a6cd-30fbf03bc7bd to remote] DEBUG org.apache.http.wire - http-outgoing-21 >> "Host: localhost:4723[\r][\n]"
12:27:19.994 [Forwarding findElement on session 18063075-812d-4a4c-a6cd-30fbf03bc7bd to remote] DEBUG org.apache.http.wire - http-outgoing-21 >> "Connection: Keep-Alive[\r][\n]"
12:27:19.994 [Forwarding findElement on session 18063075-812d-4a4c-a6cd-30fbf03bc7bd to remote] DEBUG org.apache.http.wire - http-outgoing-21 >> "User-Agent: Apache-HttpClient/4.5.2 (Java/1.8.0_171)[\r][\n]"
12:27:19.994 [Forwarding findElement on session 18063075-812d-4a4c-a6cd-30fbf03bc7bd to remote] DEBUG org.apache.http.wire - http-outgoing-21 >> "Accept-Encoding: gzip,deflate[\r][\n]"
12:27:19.994 [Forwarding findElement on session 18063075-812d-4a4c-a6cd-30fbf03bc7bd to remote] DEBUG org.apache.http.wire - http-outgoing-21 >> "[\r][\n]"
12:27:19.994 [Forwarding findElement on session 18063075-812d-4a4c-a6cd-30fbf03bc7bd to remote] DEBUG org.apache.http.wire - http-outgoing-21 >> "{"using":"xpath","value":"//XCUIElementTypeApplication/XCUIElementTypeWindow/XCUIElementTypeOther/XCUIElementTypeOther/XCUIElementTypeOther/XCUIElementTypeOther/XCUIElementTypeOther/XCUIElementTypeOther/XCUIElementTypeOther/XCUIElementTypeScrollView/XCUIElementTypeOther[3]/XCUIElementTypeOther[2]/XCUIElementTypeOther/XCUIElementTypeStaticText[4]"}"
&amp#27;[35m[HTTP]&amp#27;[39m &amp#27;[37m-->&amp#27;[39m &amp#27;[37mPOST&amp#27;[39m &amp#27;[37m/wd/hub/session/18063075-812d-4a4c-a6cd-30fbf03bc7bd/element&amp#27;[39m
&amp#27;[35m[HTTP]&amp#27;[39m &amp#27;[90m{"using":"xpath","value":"//XCUIElementTypeApplication/XCUIElementTypeWindow/XCUIElementTypeOther/XCUIElementTypeOther/XCUIElementTypeOther/XCUIElementTypeOther/XCUIElementTypeOther/XCUIElementTypeOther/XCUIElementTypeOther/XCUIElementTypeScrollView/XCUIElementTypeOther[3]/XCUIElementTypeOther[2]/XCUIElementTypeOther/XCUIElementTypeStaticText[4]"}&amp#27;[39m
12:27:22.940 [Forwarding findElement on session 18063075-812d-4a4c-a6cd-30fbf03bc7bd to remote] DEBUG org.apache.http.wire - http-outgoing-21 << "HTTP/1.1 200 OK[\r][\n]"
12:27:22.940 [Forwarding findElement on session 18063075-812d-4a4c-a6cd-30fbf03bc7bd to remote] DEBUG org.apache.http.wire - http-outgoing-21 << "X-Powered-By: Express[\r][\n]"
12:27:22.940 [Forwarding findElement on session 18063075-812d-4a4c-a6cd-30fbf03bc7bd to remote] DEBUG org.apache.http.wire - http-outgoing-21 << "Access-Control-Allow-Origin: *[\r][\n]"
12:27:22.940 [Forwarding findElement on session 18063075-812d-4a4c-a6cd-30fbf03bc7bd to remote] DEBUG org.apache.http.wire - http-outgoing-21 << "Access-Control-Allow-Methods: GET,POST,PUT,OPTIONS,DELETE[\r][\n]"
12:27:22.940 [Forwarding findElement on session 18063075-812d-4a4c-a6cd-30fbf03bc7bd to remote] DEBUG org.apache.http.wire - http-outgoing-21 << "Access-Control-Allow-Headers: origin, content-type, accept[\r][\n]"
12:27:22.940 [Forwarding findElement on session 18063075-812d-4a4c-a6cd-30fbf03bc7bd to remote] DEBUG org.apache.http.wire - http-outgoing-21 << "Vary: X-HTTP-Method-Override[\r][\n]"
12:27:22.940 [Forwarding findElement on session 18063075-812d-4a4c-a6cd-30fbf03bc7bd to remote] DEBUG org.apache.http.wire - http-outgoing-21 << "Content-Type: application/json; charset=utf-8[\r][\n]"
12:27:22.940 [Forwarding findElement on session 18063075-812d-4a4c-a6cd-30fbf03bc7bd to remote] DEBUG org.apache.http.wire - http-outgoing-21 << "Content-Length: 122[\r][\n]"
12:27:22.940 [Forwarding findElement on session 18063075-812d-4a4c-a6cd-30fbf03bc7bd to remote] DEBUG org.apache.http.wire - http-outgoing-21 << "ETag: W/"7a-Aldf5PgHvlIQCantpMOvmCvlo4U"[\r][\n]"
12:27:22.940 [Forwarding findElement on session 18063075-812d-4a4c-a6cd-30fbf03bc7bd to remote] DEBUG org.apache.http.wire - http-outgoing-21 << "Date: Fri, 23 Aug 2019 06:57:22 GMT[\r][\n]"
12:27:22.940 [Forwarding findElement on session 18063075-812d-4a4c-a6cd-30fbf03bc7bd to remote] DEBUG org.apache.http.wire - http-outgoing-21 << "Connection: keep-alive[\r][\n]"
12:27:22.940 [Forwarding findElement on session 18063075-812d-4a4c-a6cd-30fbf03bc7bd to remote] DEBUG org.apache.http.wire - http-outgoing-21 << "[\r][\n]"
12:27:22.940 [Forwarding findElement on session 18063075-812d-4a4c-a6cd-30fbf03bc7bd to remote] DEBUG org.apache.http.wire - http-outgoing-21 << "{"status":0,"value":{"ELEMENT":"F1020000-0000-0000-CF19-000000000000"},"sessionId":"18063075-812d-4a4c-a6cd-30fbf03bc7bd"}"
12:27:22.940 [Forwarding findElement on session 18063075-812d-4a4c-a6cd-30fbf03bc7bd to remote] DEBUG org.apache.http.headers - http-outgoing-21 << HTTP/1.1 200 OK
&amp#27;12:27:22.940 [Forwarding findElement on session 18063075-812d-4a4c-a6cd-30fbf03bc7bd to remote] DEBUG org.apache.http.headers - http-outgoing-21 << X-Powered-By: Express
12:27:22.940 [Forwarding findElement on session 18063075-812d-4a4c-a6cd-30fbf03bc7bd to remote] DEBUG org.apache.http.headers - http-outgoing-21 << Access-Control-Allow-Origin: *
[3512:27:22.940 [Forwarding findElement on session 18063075-812d-4a4c-a6cd-30fbf03bc7bd to remote] DEBUG org.apache.http.headers - http-outgoing-21 << Access-Control-Allow-Methods: GET,POST,PUT,OPTIONS,DELETE
m[H12:27:22.941 [Forwarding findElement on session 18063075-812d-4a4c-a6cd-30fbf03bc7bd to remote] DEBUG org.apache.http.headers - http-outgoing-21 << Access-Control-Allow-Headers: origin, content-type, accept
12:27:22.941 [Forwarding findElement on session 18063075-812d-4a4c-a6cd-30fbf03bc7bd to remote] DEBUG org.apache.http.headers - http-outgoing-21 << Vary: X-HTTP-Method-Override
TTP]&amp#27;12:27:22.941 [Forwarding findElement on session 18063075-812d-4a4c-a6cd-30fbf03bc7bd to remote] DEBUG org.apache.http.headers - http-outgoing-21 << Content-Type: application/json; charset=utf-8
[39m &amp#27;[37m<-- POST /wd/hub/session/18063075-812d-4a4c-a6cd-30fbf012:27:22.941 [Forwarding findElement on session 18063075-812d-4a4c-a6cd-30fbf03bc7bd to remote] DEBUG org.apache.http.headers - http-outgoing-21 << Content-Length: 122
12:27:22.941 [Forwarding findElement on session 18063075-812d-4a4c-a6cd-30fbf03bc7bd to remote] DEBUG org.apache.http.headers - http-outgoing-21 << ETag: W/"7a-Aldf5PgHvlIQCantpMOvmCvlo4U"
12:27:22.941 [Forwarding findElement on session 18063075-812d-4a4c-a6cd-30fbf03bc7bd to remote] DEBUG org.apache.http.headers - http-outgoing-21 << Date: Fri, 23 Aug 2019 06:57:22 GMT
12:27:22.941 [Forwarding findElement on session 18063075-812d-4a4c-a6cd-30fbf03bc7bd to remote] DEBUG org.apache.http.headers - http-outgoing-21 << Connection: keep-alive
3bc7bd/element12:27:22.941 [Forwarding findElement on session 18063075-812d-4a4c-a6cd-30fbf03bc7bd to remote] DEBUG o.a.h.impl.execchain.MainClientExec - Connection can be kept alive indefinitely
 &amp#27;[39m&amp#27;[32m200&amp#27;[39m &amp#27;[90m2946 ms - 112:27:22.942 [Forwarding findElement on session 18063075-812d-4a4c-a6cd-30fbf03bc7bd to remote] DEBUG o.a.h.i.c.PoolingHttpClientConnectionManager - Connection [id: 21][route: {}->http://localhost:4723] can be kept alive indefinitely
2212:27:22.942 [Forwarding findElement on session 18063075-812d-4a4c-a6cd-30fbf03bc7bd to remote] DEBUG o.a.h.i.c.PoolingHttpClientConnectionManager - Connection released: [id: 21][route: {}->http://localhost:4723][total kept alive: 1; route allocated: 1 of 2000; total allocated: 1 of 2000]
&amp#27;[39m
&amp#27;[35m[HTTP]&amp#27;[39m &amp#27;[90m&amp#27;[39m
12:27:22.942 [Forwarding findElement on session 18063075-812d-4a4c-a6cd-30fbf03bc7bd to remote] DEBUG o.a.h.c.protocol.RequestAddCookies - CookieSpec selected: default
12:27:22.943 [Forwarding findElement on session 18063075-812d-4a4c-a6cd-30fbf03bc7bd to remote] DEBUG o.a.h.c.protocol.RequestAuthCache - Auth cache not set in the context
12:27:22.943 [Forwarding findElement on session 18063075-812d-4a4c-a6cd-30fbf03bc7bd to remote] DEBUG o.a.h.i.c.PoolingHttpClientConnectionManager - Connection request: [route: {}->http://localhost:4723][total kept alive: 1; route allocated: 1 of 2000; total allocated: 1 of 2000]
12:27:22.943 [Forwarding findElement on session 18063075-812d-4a4c-a6cd-30fbf03bc7bd to remote] DEBUG o.a.h.i.c.PoolingHttpClientConnectionManager - Connection leased: [id: 21][route: {}->http://localhost:4723][total kept alive: 0; route allocated: 1 of 2000; total allocated: 1 of 2000]
12:27:22.943 [Forwarding findElement on session 18063075-812d-4a4c-a6cd-30fbf03bc7bd to remote] DEBUG o.a.h.impl.execchain.MainClientExec - Stale connection check
12:27:22.944 [Forwarding findElement on session 18063075-812d-4a4c-a6cd-30fbf03bc7bd to remote] DEBUG org.apache.http.wire - http-outgoing-21 << "[read] I/O error: Read timed out"
12:27:22.944 [Forwarding findElement on session 18063075-812d-4a4c-a6cd-30fbf03bc7bd to remote] DEBUG o.a.h.i.c.DefaultManagedHttpClientConnection - http-outgoing-21: set socket timeout to 10800000
12:27:22.944 [Forwarding findElement on session 18063075-812d-4a4c-a6cd-30fbf03bc7bd to remote] DEBUG o.a.h.impl.execchain.MainClientExec - Executing request POST /wd/hub/session/18063075-812d-4a4c-a6cd-30fbf03bc7bd/element HTTP/1.1
12:27:22.944 [Forwarding findElement on session 18063075-812d-4a4c-a6cd-30fbf03bc7bd to remote] DEBUG o.a.h.impl.execchain.MainClientExec - Target auth state: UNCHALLENGED
12:27:22.944 [Forwarding findElement on session 18063075-812d-4a4c-a6cd-30fbf03bc7bd to remote] DEBUG o.a.h.impl.execchain.MainClientExec - Proxy auth state: UNCHALLENGED
12:27:22.944 [Forwarding findElement on session 18063075-812d-4a4c-a6cd-30fbf03bc7bd to remote] DEBUG org.apache.http.headers - http-outgoing-21 >> POST /wd/hub/session/18063075-812d-4a4c-a6cd-30fbf03bc7bd/element HTTP/1.1
12:27:22.944 [Forwarding findElement on session 18063075-812d-4a4c-a6cd-30fbf03bc7bd to remote] DEBUG org.apache.http.headers - http-outgoing-21 >> Content-Type: application/json; charset=utf-8
12:27:22.944 [Forwarding findElement on session 18063075-812d-4a4c-a6cd-30fbf03bc7bd to remote] DEBUG org.apache.http.headers - http-outgoing-21 >> Content-Length: 349
12:27:22.944 [Forwarding findElement on session 18063075-812d-4a4c-a6cd-30fbf03bc7bd to remote] DEBUG org.apache.http.headers - http-outgoing-21 >> Host: localhost:4723
12:27:22.944 [Forwarding findElement on session 18063075-812d-4a4c-a6cd-30fbf03bc7bd to remote] DEBUG org.apache.http.headers - http-outgoing-21 >> Connection: Keep-Alive
12:27:22.944 [Forwarding findElement on session 18063075-812d-4a4c-a6cd-30fbf03bc7bd to remote] DEBUG org.apache.http.headers - http-outgoing-21 >> User-Agent: Apache-HttpClient/4.5.2 (Java/1.8.0_171)
12:27:22.944 [Forwarding findElement on session 18063075-812d-4a4c-a6cd-30fbf03bc7bd to remote] DEBUG org.apache.http.headers - http-outgoing-21 >> Accept-Encoding: gzip,deflate
12:27:22.944 [Forwarding findElement on session 18063075-812d-4a4c-a6cd-30fbf03bc7bd to remote] DEBUG org.apache.http.wire - http-outgoing-21 >> "POST /wd/hub/session/18063075-812d-4a4c-a6cd-30fbf03bc7bd/element HTTP/1.1[\r][\n]"
12:27:22.944 [Forwarding findElement on session 18063075-812d-4a4c-a6cd-30fbf03bc7bd to remote] DEBUG org.apache.http.wire - http-outgoing-21 >> "Content-Type: application/json; charset=utf-8[\r][\n]"
12:27:22.944 [Forwarding findElement on session 18063075-812d-4a4c-a6cd-30fbf03bc7bd to remote] DEBUG org.apache.http.wire - http-outgoing-21 >> "Content-Length: 349[\r][\n]"
12:27:22.944 [Forwarding findElement on session 18063075-812d-4a4c-a6cd-30fbf03bc7bd to remote] DEBUG org.apache.http.wire - http-outgoing-21 >> "Host: localhost:4723[\r][\n]"
12:27:22.944 [Forwarding findElement on session 18063075-812d-4a4c-a6cd-30fbf03bc7bd to remote] DEBUG org.apache.http.wire - http-outgoing-21 >> "Connection: Keep-Alive[\r][\n]"
12:27:22.944 [Forwarding findElement on session 18063075-812d-4a4c-a6cd-30fbf03bc7bd to remote] DEBUG org.apache.http.wire - http-outgoing-21 >> "User-Agent: Apache-HttpClient/4.5.2 (Java/1.8.0_171)[\r][\n]"
12:27:22.944 [Forwarding findElement on session 18063075-812d-4a4c-a6cd-30fbf03bc7bd to remote] DEBUG org.apache.http.wire - http-outgoing-21 >> "Accept-Encoding: gzip,deflate[\r][\n]"
12:27:22.944 [Forwarding findElement on session 18063075-812d-4a4c-a6cd-30fbf03bc7bd to remote] DEBUG org.apache.http.wire - http-outgoing-21 >> "[\r][\n]"
12:27:22.944 [Forwarding findElement on session 18063075-812d-4a4c-a6cd-30fbf03bc7bd to remote] DEBUG org.apache.http.wire - http-outgoing-21 >> "{"using":"xpath","value":"//XCUIElementTypeApplication/XCUIElementTypeWindow/XCUIElementTypeOther/XCUIElementTypeOther/XCUIElementTypeOther/XCUIElementTypeOther/XCUIElementTypeOther/XCUIElementTypeOther/XCUIElementTypeOther/XCUIElementTypeScrollView/XCUIElementTypeOther[3]/XCUIElementTypeOther[2]/XCUIElementTypeOther/XCUIElementTypeStaticText[4]"}"
&amp#27;[35m[HTTP]&amp#27;[39m &amp#27;[37m-->&amp#27;[39m &amp#27;[37mPOST&amp#27;[39m &amp#27;[37m/wd/hub/session/18063075-812d-4a4c-a6cd-30fbf03bc7bd/element&amp#27;[39m
&amp#27;[35m[HTTP]&amp#27;[39m &amp#27;[90m{"using":"xpath","value":"//XCUIElementTypeApplication/XCUIElementTypeWindow/XCUIElementTypeOther/XCUIElementTypeOther/XCUIElementTypeOther/XCUIElementTypeOther/XCUIElementTypeOther/XCUIElementTypeOther/XCUIElementTypeOther/XCUIElementTypeScrollView/XCUIElementTypeOther[3]/XCUIElementTypeOther[2]/XCUIElementTypeOther/XCUIElementTypeStaticText[4]"}&amp#27;[39m
12:27:25.903 [Forwarding findElement on session 18063075-812d-4a4c-a6cd-30fbf03bc7bd to remote] DEBUG org.apache.http.wire - http-outgoing-21 << "HTTP/1.1 200 OK[\r][\n]"
12:27:25.903 [Forwarding findElement on session 18063075-812d-4a4c-a6cd-30fbf03bc7bd to remote] DEBUG org.apache.http.wire - http-outgoing-21 << "X-Powered-By: Express[\r][\n]"
12:27:25.903 [Forwarding findElement on session 18063075-812d-4a4c-a6cd-30fbf03bc7bd to remote] DEBUG org.apache.http.wire - http-outgoing-21 << "Access-Control-Allow-Origin: *[\r][\n]"
12:27:25.903 [Forwarding findElement on session 18063075-812d-4a4c-a6cd-30fbf03bc7bd to remote] DEBUG org.apache.http.wire - http-outgoing-21 << "Access-Control-Allow-Methods: GET,POST,PUT,OPTIONS,DELETE[\r][\n]"
12:27:25.903 [Forwarding findElement on session 18063075-812d-4a4c-a6cd-30fbf03bc7bd to remote] DEBUG org.apache.http.wire - http-outgoing-21 << "Access-Control-Allow-Headers: origin, content-type, accept[\r][\n]"
12:27:25.903 [Forwarding findElement on session 18063075-812d-4a4c-a6cd-30fbf03bc7bd to remote] DEBUG org.apache.http.wire - http-outgoing-21 << "Vary: X-HTTP-Method-Override[\r][\n]"
12:27:25.903 [Forwarding findElement on session 18063075-812d-4a4c-a6cd-30fbf03bc7bd to remote] DEBUG org.apache.http.wire - http-outgoing-21 << "Content-Type: application/json; charset=utf-8[\r][\n]"
12:27:25.903 [Forwarding findElement on session 18063075-812d-4a4c-a6cd-30fbf03bc7bd to remote] DEBUG org.apache.http.wire - http-outgoing-21 << "Content-Length: 122[\r][\n]"
12:27:25.903 [Forwarding findElement on session 18063075-812d-4a4c-a6cd-30fbf03bc7bd to remote] DEBUG org.apache.http.wire - http-outgoing-21 << "ETag: W/"7a-Aldf5PgHvlIQCantpMOvmCvlo4U"[\r][\n]"
12:27:25.903 [Forwarding findElement on session 18063075-812d-4a4c-a6cd-30fbf03bc7bd to remote] DEBUG org.apache.http.wire - http-outgoing-21 << "Date: Fri, 23 Aug 2019 06:57:25 GMT[\r][\n]"
12:27:25.903 [Forwarding findElement on session 18063075-812d-4a4c-a6cd-30fbf03bc7bd to remote] DEBUG org.apache.http.wire - http-outgoing-21 << "Connection: keep-alive[\r][\n]"
12:27:25.903 [Forwarding findElement on session 18063075-812d-4a4c-a6cd-30fbf03bc7bd to remote] DEBUG org.apache.http.wire - http-outgoing-21 << "[\r][\n]"
12:27:25.903 [Forwarding findElement on session 18063075-812d-4a4c-a6cd-30fbf03bc7bd to remote] DEBUG org.apache.http.wire - http-outgoing-21 << "{"status":0,"value":{"ELEMENT":"F1020000-0000-0000-CF19-000000000000"},"sessionId":"18063075-812d-4a4c-a6cd-30fbf03bc7bd"}"
&amp#27;[35m[HTTP]&amp#27;[39m12:27:25.903 [Forwarding findElement on session 18063075-812d-4a4c-a6cd-30fbf03bc7bd to remote] DEBUG org.apache.http.headers - http-outgoing-21 << HTTP/1.1 200 OK
 &amp#27;[37m<-- POST /wd/hub/12:27:25.903 [Forwarding findElement on session 18063075-812d-4a4c-a6cd-30fbf03bc7bd to remote] DEBUG org.apache.http.headers - http-outgoing-21 << X-Powered-By: Express
sessio12:27:25.904 [Forwarding findElement on session 18063075-812d-4a4c-a6cd-30fbf03bc7bd to remote] DEBUG org.apache.http.headers - http-outgoing-21 << Access-Control-Allow-Origin: *
n/18063075-812d-4a4c-a6cd-30fbf03bc7bd/element &amp#27;[39m&amp#27;[32m200&amp#27;[39m &amp#27;[90m2958 ms - 122&amp#27;[39m
12:27:25.904 [Forwarding findElement on session 18063075-812d-4a4c-a6cd-30fbf03bc7bd to remote] DEBUG org.apache.http.headers - http-outgoing-21 << Access-Control-Allow-Methods: GET,POST,PUT,OPTIONS,DELETE
&amp#27;[35m[HTTP]&amp#27;[39m &amp#27;[90m&amp#27;[39m12:27:25.904 [Forwarding findElement on session 18063075-812d-4a4c-a6cd-30fbf03bc7bd to remote] DEBUG org.apache.http.headers - http-outgoing-21 << Access-Control-Allow-Headers: origin, content-type, accept

12:27:25.905 [Forwarding findElement on session 18063075-812d-4a4c-a6cd-30fbf03bc7bd to remote] DEBUG org.apache.http.headers - http-outgoing-21 << Vary: X-HTTP-Method-Override
12:27:25.905 [Forwarding findElement on session 18063075-812d-4a4c-a6cd-30fbf03bc7bd to remote] DEBUG org.apache.http.headers - http-outgoing-21 << Content-Type: application/json; charset=utf-8
12:27:25.905 [Forwarding findElement on session 18063075-812d-4a4c-a6cd-30fbf03bc7bd to remote] DEBUG org.apache.http.headers - http-outgoing-21 << Content-Length: 122
12:27:25.905 [Forwarding findElement on session 18063075-812d-4a4c-a6cd-30fbf03bc7bd to remote] DEBUG org.apache.http.headers - http-outgoing-21 << ETag: W/"7a-Aldf5PgHvlIQCantpMOvmCvlo4U"
12:27:25.905 [Forwarding findElement on session 18063075-812d-4a4c-a6cd-30fbf03bc7bd to remote] DEBUG org.apache.http.headers - http-outgoing-21 << Date: Fri, 23 Aug 2019 06:57:25 GMT
12:27:25.905 [Forwarding findElement on session 18063075-812d-4a4c-a6cd-30fbf03bc7bd to remote] DEBUG org.apache.http.headers - http-outgoing-21 << Connection: keep-alive
12:27:25.905 [Forwarding findElement on session 18063075-812d-4a4c-a6cd-30fbf03bc7bd to remote] DEBUG o.a.h.impl.execchain.MainClientExec - Connection can be kept alive indefinitely
12:27:25.905 [Forwarding findElement on session 18063075-812d-4a4c-a6cd-30fbf03bc7bd to remote] DEBUG o.a.h.i.c.PoolingHttpClientConnectionManager - Connection [id: 21][route: {}->http://localhost:4723] can be kept alive indefinitely
12:27:25.905 [Forwarding findElement on session 18063075-812d-4a4c-a6cd-30fbf03bc7bd to remote] DEBUG o.a.h.i.c.PoolingHttpClientConnectionManager - Connection released: [id: 21][route: {}->http://localhost:4723][total kept alive: 1; route allocated: 1 of 2000; total allocated: 1 of 2000]
12:27:25.905 [Forwarding getElementText on session 18063075-812d-4a4c-a6cd-30fbf03bc7bd to remote] DEBUG o.a.h.c.protocol.RequestAddCookies - CookieSpec selected: default
12:27:25.905 [Forwarding getElementText on session 18063075-812d-4a4c-a6cd-30fbf03bc7bd to remote] DEBUG o.a.h.c.protocol.RequestAuthCache - Auth cache not set in the context
12:27:25.905 [Forwarding getElementText on session 18063075-812d-4a4c-a6cd-30fbf03bc7bd to remote] DEBUG o.a.h.i.c.PoolingHttpClientConnectionManager - Connection request: [route: {}->http://localhost:4723][total kept alive: 1; route allocated: 1 of 2000; total allocated: 1 of 2000]
12:27:25.905 [Forwarding getElementText on session 18063075-812d-4a4c-a6cd-30fbf03bc7bd to remote] DEBUG o.a.h.i.c.PoolingHttpClientConnectionManager - Connection leased: [id: 21][route: {}->http://localhost:4723][total kept alive: 0; route allocated: 1 of 2000; total allocated: 1 of 2000]
12:27:25.906 [Forwarding getElementText on session 18063075-812d-4a4c-a6cd-30fbf03bc7bd to remote] DEBUG o.a.h.impl.execchain.MainClientExec - Stale connection check
12:27:25.907 [Forwarding getElementText on session 18063075-812d-4a4c-a6cd-30fbf03bc7bd to remote] DEBUG org.apache.http.wire - http-outgoing-21 << "[read] I/O error: Read timed out"
12:27:25.907 [Forwarding getElementText on session 18063075-812d-4a4c-a6cd-30fbf03bc7bd to remote] DEBUG o.a.h.i.c.DefaultManagedHttpClientConnection - http-outgoing-21: set socket timeout to 10800000
12:27:25.907 [Forwarding getElementText on session 18063075-812d-4a4c-a6cd-30fbf03bc7bd to remote] DEBUG o.a.h.impl.execchain.MainClientExec - Executing request GET /wd/hub/session/18063075-812d-4a4c-a6cd-30fbf03bc7bd/element/F1020000-0000-0000-CF19-000000000000/text HTTP/1.1
12:27:25.907 [Forwarding getElementText on session 18063075-812d-4a4c-a6cd-30fbf03bc7bd to remote] DEBUG o.a.h.impl.execchain.MainClientExec - Target auth state: UNCHALLENGED
12:27:25.907 [Forwarding getElementText on session 18063075-812d-4a4c-a6cd-30fbf03bc7bd to remote] DEBUG o.a.h.impl.execchain.MainClientExec - Proxy auth state: UNCHALLENGED
12:27:25.907 [Forwarding getElementText on session 18063075-812d-4a4c-a6cd-30fbf03bc7bd to remote] DEBUG org.apache.http.headers - http-outgoing-21 >> GET /wd/hub/session/18063075-812d-4a4c-a6cd-30fbf03bc7bd/element/F1020000-0000-0000-CF19-000000000000/text HTTP/1.1
12:27:25.907 [Forwarding getElementText on session 18063075-812d-4a4c-a6cd-30fbf03bc7bd to remote] DEBUG org.apache.http.headers - http-outgoing-21 >> Cache-Control: no-cache
12:27:25.907 [Forwarding getElementText on session 18063075-812d-4a4c-a6cd-30fbf03bc7bd to remote] DEBUG org.apache.http.headers - http-outgoing-21 >> Host: localhost:4723
12:27:25.907 [Forwarding getElementText on session 18063075-812d-4a4c-a6cd-30fbf03bc7bd to remote] DEBUG org.apache.http.headers - http-outgoing-21 >> Connection: Keep-Alive
12:27:25.907 [Forwarding getElementText on session 18063075-812d-4a4c-a6cd-30fbf03bc7bd to remote] DEBUG org.apache.http.headers - http-outgoing-21 >> User-Agent: Apache-HttpClient/4.5.2 (Java/1.8.0_171)
12:27:25.907 [Forwarding getElementText on session 18063075-812d-4a4c-a6cd-30fbf03bc7bd to remote] DEBUG org.apache.http.headers - http-outgoing-21 >> Accept-Encoding: gzip,deflate
12:27:25.908 [Forwarding getElementText on session 18063075-812d-4a4c-a6cd-30fbf03bc7bd to remote] DEBUG org.apache.http.wire - http-outgoing-21 >> "GET /wd/hub/session/18063075-812d-4a4c-a6cd-30fbf03bc7bd/element/F1020000-0000-0000-CF19-000000000000/text HTTP/1.1[\r][\n]"
12:27:25.908 [Forwarding getElementText on session 18063075-812d-4a4c-a6cd-30fbf03bc7bd to remote] DEBUG org.apache.http.wire - http-outgoing-21 >> "Cache-Control: no-cache[\r][\n]"
12:27:25.908 [Forwarding getElementText on session 18063075-812d-4a4c-a6cd-30fbf03bc7bd to remote] DEBUG org.apache.http.wire - http-outgoing-21 >> "Host: localhost:4723[\r][\n]"
12:27:25.908 [Forwarding getElementText on session 18063075-812d-4a4c-a6cd-30fbf03bc7bd to remote] DEBUG org.apache.http.wire - http-outgoing-21 >> "Connection: Keep-Alive[\r][\n]"
12:27:25.908 [Forwarding getElementText on session 18063075-812d-4a4c-a6cd-30fbf03bc7bd to remote] DEBUG org.apache.http.wire - http-outgoing-21 >> "User-Agent: Apache-HttpClient/4.5.2 (Java/1.8.0_171)[\r][\n]"
12:27:25.908 [Forwarding getElementText on session 18063075-812d-4a4c-a6cd-30fbf03bc7bd to remote] DEBUG org.apache.http.wire - http-outgoing-21 >> "Accept-Encoding: gzip,deflate[\r][\n]"
12:27:25.908 [Forwarding getElementText on session 18063075-812d-4a4c-a6cd-30fbf03bc7bd to remote] DEBUG org.apache.http.wire - http-outgoing-21 >> "[\r][\n]"
&amp#27;[35m[HTTP]&amp#27;[39m &amp#27;[37m-->&amp#27;[39m &amp#27;[37mGET&amp#27;[39m &amp#27;[37m/wd/hub/session/18063075-812d-4a4c-a6cd-30fbf03bc7bd/element/F1020000-0000-0000-CF19-000000000000/text&amp#27;[39m
&amp#27;[35m[HTTP]&amp#27;[39m &amp#27;[90m{}&amp#27;[39m
&amp#27;[35m[MJSONWP]&amp#27;[39m Driver proxy active, passing request on via HTTP proxy
&amp#27;[35m[JSONWP Proxy]&amp#27;[39m Replacing sessionId B74F9560-FF94-4D04-9569-9BCC9965012:27:26.094 [Forwarding getElementText on session 18063075-812d-4a4c-a6cd-30fbf03bc7bd to remote] DEBUG org.apache.http.wire - http-outgoing-21 << "HTTP/1.1 200 OK[\r][\n]"
3BA with 18063075-812d-4a4c-a6cd-30fbf03bc7bd
12:27:26.094 [Forwarding getElementText on session 18063075-812d-4a4c-a6cd-30fbf03bc7bd to remote] DEBUG org.apache.http.wire - http-outgoing-21 << "X-Powered-By: Express[\r][\n]"
&amp#27;[35m12:27:26.095 [Forwarding getElementText on session 18063075-812d-4a4c-a6cd-30fbf03bc7bd to remote] DEBUG org.apache.http.wire - http-outgoing-21 << "Access-Control-Allow-Origin: *[\r][\n]"
[HT12:27:26.095 [Forwarding getElementText on session 18063075-812d-4a4c-a6cd-30fbf03bc7bd to remote] DEBUG org.apache.http.wire - http-outgoing-21 << "Access-Control-Allow-Methods: GET,POST,PUT,OPTIONS,DELETE[\r][\n]"
TP]&amp#27;[312:27:26.095 [Forwarding getElementText on session 18063075-812d-4a4c-a6cd-30fbf03bc7bd to remote] DEBUG org.apache.http.wire - http-outgoing-21 << "Access-Control-Allow-Headers: origin, content-type, accept[\r][\n]"
9m &amp#27;[37m<-- GET /wd/hub/session/18063075-812d-4a4c-a6cd-30fbf03bc7bd/element/F1020000-0000-0000-CF19-000000000000/text &amp#27;[39m&amp#27;[32m200&amp#27;[39m &amp#27;[90m186 ms - 122&amp#27;12:27:26.095 [Forwarding getElementText on session 18063075-812d-4a4c-a6cd-30fbf03bc7bd to remote] DEBUG org.apache.http.wire - http-outgoing-21 << "Content-Type: application/json; charset=utf-8[\r][\n]"
[312:27:26.096 [Forwarding getElementText on session 18063075-812d-4a4c-a6cd-30fbf03bc7bd to remote] DEBUG org.apache.http.wire - http-outgoing-21 << "Content-Length: 122[\r][\n]"
9m12:27:26.096 [Forwarding getElementText on session 18063075-812d-4a4c-a6cd-30fbf03bc7bd to remote] DEBUG org.apache.http.wire - http-outgoing-21 << "ETag: W/"7a-eImr64dNsZ2tY91+YKQplu5H/lc"[\r][\n]"

&amp#27;[12:27:26.096 [Forwarding getElementText on session 18063075-812d-4a4c-a6cd-30fbf03bc7bd to remote] DEBUG org.apache.http.wire - http-outgoing-21 << "Date: Fri, 23 Aug 2019 06:57:26 GMT[\r][\n]"
12:27:26.096 [Forwarding getElementText on session 18063075-812d-4a4c-a6cd-30fbf03bc7bd to remote] DEBUG org.apache.http.wire - http-outgoing-21 << "Connection: keep-alive[\r][\n]"
12:27:26.096 [Forwarding getElementText on session 18063075-812d-4a4c-a6cd-30fbf03bc7bd to remote] DEBUG org.apache.http.wire - http-outgoing-21 << "[\r][\n]"
35m[HTTP]&amp#27;[39m12:27:26.096 [Forwarding getElementText on session 18063075-812d-4a4c-a6cd-30fbf03bc7bd to remote] DEBUG org.apache.http.wire - http-outgoing-21 << "{"value":"English, Bahasa Indonesia, [0xe0][0xb8][0xa0][0xe0][0xb8][0xb2][0xe0][0xb8][0xa9][0xe0][0xb8][0xb2][0xe0][0xb9][0x84][0xe0][0xb8][0x97][0xe0][0xb8][0xa2]","sessionId":"18063075-812d-4a4c-a6cd-30fbf03bc7bd","status":0}"
 &amp#27;[90m&amp#27;[39m
12:27:26.096 [Forwarding getElementText on session 18063075-812d-4a4c-a6cd-30fbf03bc7bd to remote] DEBUG org.apache.http.headers - http-outgoing-21 << HTTP/1.1 200 OK
12:27:26.096 [Forwarding getElementText on session 18063075-812d-4a4c-a6cd-30fbf03bc7bd to remote] DEBUG org.apache.http.headers - http-outgoing-21 << X-Powered-By: Express
12:27:26.096 [Forwarding getElementText on session 18063075-812d-4a4c-a6cd-30fbf03bc7bd to remote] DEBUG org.apache.http.headers - http-outgoing-21 << Access-Control-Allow-Origin: *
12:27:26.096 [Forwarding getElementText on session 18063075-812d-4a4c-a6cd-30fbf03bc7bd to remote] DEBUG org.apache.http.headers - http-outgoing-21 << Access-Control-Allow-Methods: GET,POST,PUT,OPTIONS,DELETE
12:27:26.096 [Forwarding getElementText on session 18063075-812d-4a4c-a6cd-30fbf03bc7bd to remote] DEBUG org.apache.http.headers - http-outgoing-21 << Access-Control-Allow-Headers: origin, content-type, accept
12:27:26.096 [Forwarding getElementText on session 18063075-812d-4a4c-a6cd-30fbf03bc7bd to remote] DEBUG org.apache.http.headers - http-outgoing-21 << Content-Type: application/json; charset=utf-8
12:27:26.096 [Forwarding getElementText on session 18063075-812d-4a4c-a6cd-30fbf03bc7bd to remote] DEBUG org.apache.http.headers - http-outgoing-21 << Content-Length: 122
12:27:26.096 [Forwarding getElementText on session 18063075-812d-4a4c-a6cd-30fbf03bc7bd to remote] DEBUG org.apache.http.headers - http-outgoing-21 << ETag: W/"7a-eImr64dNsZ2tY91+YKQplu5H/lc"
12:27:26.096 [Forwarding getElementText on session 18063075-812d-4a4c-a6cd-30fbf03bc7bd to remote] DEBUG org.apache.http.headers - http-outgoing-21 << Date: Fri, 23 Aug 2019 06:57:26 GMT
12:27:26.096 [Forwarding getElementText on session 18063075-812d-4a4c-a6cd-30fbf03bc7bd to remote] DEBUG org.apache.http.headers - http-outgoing-21 << Connection: keep-alive
12:27:26.096 [Forwarding getElementText on session 18063075-812d-4a4c-a6cd-30fbf03bc7bd to remote] DEBUG o.a.h.impl.execchain.MainClientExec - Connection can be kept alive indefinitely
12:27:26.096 [Forwarding getElementText on session 18063075-812d-4a4c-a6cd-30fbf03bc7bd to remote] DEBUG o.a.h.i.c.PoolingHttpClientConnectionManager - Connection [id: 21][route: {}->http://localhost:4723] can be kept alive indefinitely
12:27:26.096 [Forwarding getElementText on session 18063075-812d-4a4c-a6cd-30fbf03bc7bd to remote] DEBUG o.a.h.i.c.PoolingHttpClientConnectionManager - Connection released: [id: 21][route: {}->http://localhost:4723][total kept alive: 1; route allocated: 1 of 2000; total allocated: 1 of 2000]
12:27:26.097 [Forwarding findElement on session 18063075-812d-4a4c-a6cd-30fbf03bc7bd to remote] DEBUG o.a.h.c.protocol.RequestAddCookies - CookieSpec selected: default
12:27:26.097 [Forwarding findElement on session 18063075-812d-4a4c-a6cd-30fbf03bc7bd to remote] DEBUG o.a.h.c.protocol.RequestAuthCache - Auth cache not set in the context
12:27:26.097 [Forwarding findElement on session 18063075-812d-4a4c-a6cd-30fbf03bc7bd to remote] DEBUG o.a.h.i.c.PoolingHttpClientConnectionManager - Connection request: [route: {}->http://localhost:4723][total kept alive: 1; route allocated: 1 of 2000; total allocated: 1 of 2000]
12:27:26.097 [Forwarding findElement on session 18063075-812d-4a4c-a6cd-30fbf03bc7bd to remote] DEBUG o.a.h.i.c.PoolingHttpClientConnectionManager - Connection leased: [id: 21][route: {}->http://localhost:4723][total kept alive: 0; route allocated: 1 of 2000; total allocated: 1 of 2000]
12:27:26.097 [Forwarding findElement on session 18063075-812d-4a4c-a6cd-30fbf03bc7bd to remote] DEBUG o.a.h.impl.execchain.MainClientExec - Stale connection check
12:27:26.098 [Forwarding findElement on session 18063075-812d-4a4c-a6cd-30fbf03bc7bd to remote] DEBUG org.apache.http.wire - http-outgoing-21 << "[read] I/O error: Read timed out"
12:27:26.098 [Forwarding findElement on session 18063075-812d-4a4c-a6cd-30fbf03bc7bd to remote] DEBUG o.a.h.i.c.DefaultManagedHttpClientConnection - http-outgoing-21: set socket timeout to 10800000
12:27:26.098 [Forwarding findElement on session 18063075-812d-4a4c-a6cd-30fbf03bc7bd to remote] DEBUG o.a.h.impl.execchain.MainClientExec - Executing request POST /wd/hub/session/18063075-812d-4a4c-a6cd-30fbf03bc7bd/element HTTP/1.1
12:27:26.098 [Forwarding findElement on session 18063075-812d-4a4c-a6cd-30fbf03bc7bd to remote] DEBUG o.a.h.impl.execchain.MainClientExec - Target auth state: UNCHALLENGED
12:27:26.098 [Forwarding findElement on session 18063075-812d-4a4c-a6cd-30fbf03bc7bd to remote] DEBUG o.a.h.impl.execchain.MainClientExec - Proxy auth state: UNCHALLENGED
12:27:26.098 [Forwarding findElement on session 18063075-812d-4a4c-a6cd-30fbf03bc7bd to remote] DEBUG org.apache.http.headers - http-outgoing-21 >> POST /wd/hub/session/18063075-812d-4a4c-a6cd-30fbf03bc7bd/element HTTP/1.1
12:27:26.098 [Forwarding findElement on session 18063075-812d-4a4c-a6cd-30fbf03bc7bd to remote] DEBUG org.apache.http.headers - http-outgoing-21 >> Content-Type: application/json; charset=utf-8
12:27:26.098 [Forwarding findElement on session 18063075-812d-4a4c-a6cd-30fbf03bc7bd to remote] DEBUG org.apache.http.headers - http-outgoing-21 >> Content-Length: 346
12:27:26.098 [Forwarding findElement on session 18063075-812d-4a4c-a6cd-30fbf03bc7bd to remote] DEBUG org.apache.http.headers - http-outgoing-21 >> Host: localhost:4723
12:27:26.098 [Forwarding findElement on session 18063075-812d-4a4c-a6cd-30fbf03bc7bd to remote] DEBUG org.apache.http.headers - http-outgoing-21 >> Connection: Keep-Alive
12:27:26.098 [Forwarding findElement on session 18063075-812d-4a4c-a6cd-30fbf03bc7bd to remote] DEBUG org.apache.http.headers - http-outgoing-21 >> User-Agent: Apache-HttpClient/4.5.2 (Java/1.8.0_171)
12:27:26.098 [Forwarding findElement on session 18063075-812d-4a4c-a6cd-30fbf03bc7bd to remote] DEBUG org.apache.http.headers - http-outgoing-21 >> Accept-Encoding: gzip,deflate
12:27:26.098 [Forwarding findElement on session 18063075-812d-4a4c-a6cd-30fbf03bc7bd to remote] DEBUG org.apache.http.wire - http-outgoing-21 >> "POST /wd/hub/session/18063075-812d-4a4c-a6cd-30fbf03bc7bd/element HTTP/1.1[\r][\n]"
12:27:26.099 [Forwarding findElement on session 18063075-812d-4a4c-a6cd-30fbf03bc7bd to remote] DEBUG org.apache.http.wire - http-outgoing-21 >> "Content-Type: application/json; charset=utf-8[\r][\n]"
12:27:26.099 [Forwarding findElement on session 18063075-812d-4a4c-a6cd-30fbf03bc7bd to remote] DEBUG org.apache.http.wire - http-outgoing-21 >> "Content-Length: 346[\r][\n]"
12:27:26.099 [Forwarding findElement on session 18063075-812d-4a4c-a6cd-30fbf03bc7bd to remote] DEBUG org.apache.http.wire - http-outgoing-21 >> "Host: localhost:4723[\r][\n]"
12:27:26.099 [Forwarding findElement on session 18063075-812d-4a4c-a6cd-30fbf03bc7bd to remote] DEBUG org.apache.http.wire - http-outgoing-21 >> "Connection: Keep-Alive[\r][\n]"
12:27:26.099 [Forwarding findElement on session 18063075-812d-4a4c-a6cd-30fbf03bc7bd to remote] DEBUG org.apache.http.wire - http-outgoing-21 >> "User-Agent: Apache-HttpClient/4.5.2 (Java/1.8.0_171)[\r][\n]"
12:27:26.099 [Forwarding findElement on session 18063075-812d-4a4c-a6cd-30fbf03bc7bd to remote] DEBUG org.apache.http.wire - http-outgoing-21 >> "Accept-Encoding: gzip,deflate[\r][\n]"
12:27:26.099 [Forwarding findElement on session 18063075-812d-4a4c-a6cd-30fbf03bc7bd to remote] DEBUG org.apache.http.wire - http-outgoing-21 >> "[\r][\n]"
12:27:26.099 [Forwarding findElement on session 18063075-812d-4a4c-a6cd-30fbf03bc7bd to remote] DEBUG org.apache.http.wire - http-outgoing-21 >> "{"using":"xpath","value":"//XCUIElementTypeApplication/XCUIElementTypeWindow/XCUIElementTypeOther/XCUIElementTypeOther/XCUIElementTypeOther/XCUIElementTypeOther/XCUIElementTypeOther/XCUIElementTypeOther/XCUIElementTypeOther/XCUIElementTypeScrollView/XCUIElementTypeOther[6]/XCUIElementTypeOther/XCUIElementTypeOther/XCUIElementTypeStaticText[4]"}"
&amp#27;[35m[HTTP]&amp#27;[39m &amp#27;[37m-->&amp#27;[39m &amp#27;[37mPOST&amp#27;[39m &amp#27;[37m/wd/hub/session/18063075-812d-4a4c-a6cd-30fbf03bc7bd/element&amp#27;[39m
&amp#27;[35m[HTTP]&amp#27;[39m &amp#27;[90m{"using":"xpath","value":"//XCUIElementTypeApplication/XCUIElementTypeWindow/XCUIElementTypeOther/XCUIElementTypeOther/XCUIElementTypeOther/XCUIElementTypeOther/XCUIElementTypeOther/XCUIElementTypeOther/XCUIElementTypeOther/XCUIElementTypeScrollView/XCUIElementTypeOther[6]/XCUIElementTypeOther/XCUIElementTypeOther/XCUIElementTypeStaticText[4]"}&amp#27;[39m
12:27:29.038 [Forwarding findElement on session 18063075-812d-4a4c-a6cd-30fbf03bc7bd to remote] DEBUG org.apache.http.wire - http-outgoing-21 << "HTTP/1.1 200 OK[\r][\n]"
12:27:29.038 [Forwarding findElement on session 18063075-812d-4a4c-a6cd-30fbf03bc7bd to remote] DEBUG org.apache.http.wire - http-outgoing-21 << "X-Powered-By: Express[\r][\n]"
12:27:29.038 [Forwarding findElement on session 18063075-812d-4a4c-a6cd-30fbf03bc7bd to remote] DEBUG org.apache.http.wire - http-outgoing-21 << "Access-Control-Allow-Origin: *[\r][\n]"
12:27:29.038 [Forwarding findElement on session 18063075-812d-4a4c-a6cd-30fbf03bc7bd to remote] DEBUG org.apache.http.wire - http-outgoing-21 << "Access-Control-Allow-Methods: GET,POST,PUT,OPTIONS,DELETE[\r][\n]"
12:27:29.038 [Forwarding findElement on session 18063075-812d-4a4c-a6cd-30fbf03bc7bd to remote] DEBUG org.apache.http.wire - http-outgoing-21 << "Access-Control-Allow-Headers: origin, content-type, accept[\r][\n]"
12:27:29.038 [Forwarding findElement on session 18063075-812d-4a4c-a6cd-30fbf03bc7bd to remote] DEBUG org.apache.http.wire - http-outgoing-21 << "Vary: X-HTTP-Method-Override[\r][\n]"
12:27:29.038 [Forwarding findElement on session 18063075-812d-4a4c-a6cd-30fbf03bc7bd to remote] DEBUG org.apache.http.wire - http-outgoing-21 << "Content-Type: application/json; charset=utf-8[\r][\n]"
&amp#27;[35m12:27:29.038 [Forwarding findElement on session 18063075-812d-4a4c-a6cd-30fbf03bc7bd to remote] DEBUG org.apache.http.wire - http-outgoing-21 << "Content-Length: 122[\r][\n]"
[HTTP]&amp#27;[39m &amp#27;[37m<-- POST /wd/hub/session/18063075-812d-4a4c-a6cd-30fbf03bc7bd/element &amp#27;[39m&amp#27;[32m200&amp#27;[39m &amp#27;[90m2939 ms - 122&amp#27;[39m
12:27:29.039 [Forwarding findElement on session 18063075-812d-4a4c-a6cd-30fbf03bc7bd to remote] DEBUG org.apache.http.wire - http-outgoing-21 << "ETag: W/"7a-4fSqw69tjoBguQq0P/oJ+FjNP4E"[\r][\n]"
12:27:29.039 [Forwarding findElement on session 18063075-812d-4a4c-a6cd-30fbf03bc7bd to remote] DEBUG org.apache.http.wire - http-outgoing-21 << "Date: Fri, 23 Aug 2019 06:57:29 GMT[\r][\n]"
12:27:29.039 [Forwarding findElement on session 18063075-812d-4a4c-a6cd-30fbf03bc7bd to remote] DEBUG org.apache.http.wire - http-outgoing-21 << "Connection: keep-alive[\r][\n]"
&amp#27;[35m[HTTP]&amp#27;[39m &amp#27;[90m&amp#27;[39m
12:27:29.040 [Forwarding findElement on session 18063075-812d-4a4c-a6cd-30fbf03bc7bd to remote] DEBUG org.apache.http.wire - http-outgoing-21 << "[\r][\n]"
12:27:29.040 [Forwarding findElement on session 18063075-812d-4a4c-a6cd-30fbf03bc7bd to remote] DEBUG org.apache.http.wire - http-outgoing-21 << "{"status":0,"value":{"ELEMENT":"F5020000-0000-0000-CF19-000000000000"},"sessionId":"18063075-812d-4a4c-a6cd-30fbf03bc7bd"}"
12:27:29.040 [Forwarding findElement on session 18063075-812d-4a4c-a6cd-30fbf03bc7bd to remote] DEBUG org.apache.http.headers - http-outgoing-21 << HTTP/1.1 200 OK
12:27:29.040 [Forwarding findElement on session 18063075-812d-4a4c-a6cd-30fbf03bc7bd to remote] DEBUG org.apache.http.headers - http-outgoing-21 << X-Powered-By: Express
12:27:29.040 [Forwarding findElement on session 18063075-812d-4a4c-a6cd-30fbf03bc7bd to remote] DEBUG org.apache.http.headers - http-outgoing-21 << Access-Control-Allow-Origin: *
12:27:29.040 [Forwarding findElement on session 18063075-812d-4a4c-a6cd-30fbf03bc7bd to remote] DEBUG org.apache.http.headers - http-outgoing-21 << Access-Control-Allow-Methods: GET,POST,PUT,OPTIONS,DELETE
12:27:29.040 [Forwarding findElement on session 18063075-812d-4a4c-a6cd-30fbf03bc7bd to remote] DEBUG org.apache.http.headers - http-outgoing-21 << Access-Control-Allow-Headers: origin, content-type, accept
12:27:29.040 [Forwarding findElement on session 18063075-812d-4a4c-a6cd-30fbf03bc7bd to remote] DEBUG org.apache.http.headers - http-outgoing-21 << Vary: X-HTTP-Method-Override
12:27:29.040 [Forwarding findElement on session 18063075-812d-4a4c-a6cd-30fbf03bc7bd to remote] DEBUG org.apache.http.headers - http-outgoing-21 << Content-Type: application/json; charset=utf-8
12:27:29.040 [Forwarding findElement on session 18063075-812d-4a4c-a6cd-30fbf03bc7bd to remote] DEBUG org.apache.http.headers - http-outgoing-21 << Content-Length: 122
12:27:29.040 [Forwarding findElement on session 18063075-812d-4a4c-a6cd-30fbf03bc7bd to remote] DEBUG org.apache.http.headers - http-outgoing-21 << ETag: W/"7a-4fSqw69tjoBguQq0P/oJ+FjNP4E"
12:27:29.040 [Forwarding findElement on session 18063075-812d-4a4c-a6cd-30fbf03bc7bd to remote] DEBUG org.apache.http.headers - http-outgoing-21 << Date: Fri, 23 Aug 2019 06:57:29 GMT
12:27:29.040 [Forwarding findElement on session 18063075-812d-4a4c-a6cd-30fbf03bc7bd to remote] DEBUG org.apache.http.headers - http-outgoing-21 << Connection: keep-alive
12:27:29.040 [Forwarding findElement on session 18063075-812d-4a4c-a6cd-30fbf03bc7bd to remote] DEBUG o.a.h.impl.execchain.MainClientExec - Connection can be kept alive indefinitely
12:27:29.040 [Forwarding findElement on session 18063075-812d-4a4c-a6cd-30fbf03bc7bd to remote] DEBUG o.a.h.i.c.PoolingHttpClientConnectionManager - Connection [id: 21][route: {}->http://localhost:4723] can be kept alive indefinitely
12:27:29.040 [Forwarding findElement on session 18063075-812d-4a4c-a6cd-30fbf03bc7bd to remote] DEBUG o.a.h.i.c.PoolingHttpClientConnectionManager - Connection released: [id: 21][route: {}->http://localhost:4723][total kept alive: 1; route allocated: 1 of 2000; total allocated: 1 of 2000]
12:27:29.041 [Forwarding isElementDisplayed on session 18063075-812d-4a4c-a6cd-30fbf03bc7bd to remote] DEBUG o.a.h.c.protocol.RequestAddCookies - CookieSpec selected: default
12:27:29.041 [Forwarding isElementDisplayed on session 18063075-812d-4a4c-a6cd-30fbf03bc7bd to remote] DEBUG o.a.h.c.protocol.RequestAuthCache - Auth cache not set in the context
12:27:29.041 [Forwarding isElementDisplayed on session 18063075-812d-4a4c-a6cd-30fbf03bc7bd to remote] DEBUG o.a.h.i.c.PoolingHttpClientConnectionManager - Connection request: [route: {}->http://localhost:4723][total kept alive: 1; route allocated: 1 of 2000; total allocated: 1 of 2000]
12:27:29.041 [Forwarding isElementDisplayed on session 18063075-812d-4a4c-a6cd-30fbf03bc7bd to remote] DEBUG o.a.h.i.c.PoolingHttpClientConnectionManager - Connection leased: [id: 21][route: {}->http://localhost:4723][total kept alive: 0; route allocated: 1 of 2000; total allocated: 1 of 2000]
12:27:29.041 [Forwarding isElementDisplayed on session 18063075-812d-4a4c-a6cd-30fbf03bc7bd to remote] DEBUG o.a.h.impl.execchain.MainClientExec - Stale connection check
12:27:29.042 [Forwarding isElementDisplayed on session 18063075-812d-4a4c-a6cd-30fbf03bc7bd to remote] DEBUG org.apache.http.wire - http-outgoing-21 << "[read] I/O error: Read timed out"
12:27:29.042 [Forwarding isElementDisplayed on session 18063075-812d-4a4c-a6cd-30fbf03bc7bd to remote] DEBUG o.a.h.i.c.DefaultManagedHttpClientConnection - http-outgoing-21: set socket timeout to 10800000
12:27:29.042 [Forwarding isElementDisplayed on session 18063075-812d-4a4c-a6cd-30fbf03bc7bd to remote] DEBUG o.a.h.impl.execchain.MainClientExec - Executing request GET /wd/hub/session/18063075-812d-4a4c-a6cd-30fbf03bc7bd/element/F5020000-0000-0000-CF19-000000000000/displayed HTTP/1.1
12:27:29.042 [Forwarding isElementDisplayed on session 18063075-812d-4a4c-a6cd-30fbf03bc7bd to remote] DEBUG o.a.h.impl.execchain.MainClientExec - Target auth state: UNCHALLENGED
12:27:29.042 [Forwarding isElementDisplayed on session 18063075-812d-4a4c-a6cd-30fbf03bc7bd to remote] DEBUG o.a.h.impl.execchain.MainClientExec - Proxy auth state: UNCHALLENGED
12:27:29.042 [Forwarding isElementDisplayed on session 18063075-812d-4a4c-a6cd-30fbf03bc7bd to remote] DEBUG org.apache.http.headers - http-outgoing-21 >> GET /wd/hub/session/18063075-812d-4a4c-a6cd-30fbf03bc7bd/element/F5020000-0000-0000-CF19-000000000000/displayed HTTP/1.1
12:27:29.042 [Forwarding isElementDisplayed on session 18063075-812d-4a4c-a6cd-30fbf03bc7bd to remote] DEBUG org.apache.http.headers - http-outgoing-21 >> Cache-Control: no-cache
12:27:29.042 [Forwarding isElementDisplayed on session 18063075-812d-4a4c-a6cd-30fbf03bc7bd to remote] DEBUG org.apache.http.headers - http-outgoing-21 >> Host: localhost:4723
12:27:29.042 [Forwarding isElementDisplayed on session 18063075-812d-4a4c-a6cd-30fbf03bc7bd to remote] DEBUG org.apache.http.headers - http-outgoing-21 >> Connection: Keep-Alive
12:27:29.042 [Forwarding isElementDisplayed on session 18063075-812d-4a4c-a6cd-30fbf03bc7bd to remote] DEBUG org.apache.http.headers - http-outgoing-21 >> User-Agent: Apache-HttpClient/4.5.2 (Java/1.8.0_171)
12:27:29.042 [Forwarding isElementDisplayed on session 18063075-812d-4a4c-a6cd-30fbf03bc7bd to remote] DEBUG org.apache.http.headers - http-outgoing-21 >> Accept-Encoding: gzip,deflate
12:27:29.042 [Forwarding isElementDisplayed on session 18063075-812d-4a4c-a6cd-30fbf03bc7bd to remote] DEBUG org.apache.http.wire - http-outgoing-21 >> "GET /wd/hub/session/18063075-812d-4a4c-a6cd-30fbf03bc7bd/element/F5020000-0000-0000-CF19-000000000000/displayed HTTP/1.1[\r][\n]"
12:27:29.042 [Forwarding isElementDisplayed on session 18063075-812d-4a4c-a6cd-30fbf03bc7bd to remote] DEBUG org.apache.http.wire - http-outgoing-21 >> "Cache-Control: no-cache[\r][\n]"
12:27:29.042 [Forwarding isElementDisplayed on session 18063075-812d-4a4c-a6cd-30fbf03bc7bd to remote] DEBUG org.apache.http.wire - http-outgoing-21 >> "Host: localhost:4723[\r][\n]"
12:27:29.042 [Forwarding isElementDisplayed on session 18063075-812d-4a4c-a6cd-30fbf03bc7bd to remote] DEBUG org.apache.http.wire - http-outgoing-21 >> "Connection: Keep-Alive[\r][\n]"
12:27:29.042 [Forwarding isElementDisplayed on session 18063075-812d-4a4c-a6cd-30fbf03bc7bd to remote] DEBUG org.apache.http.wire - http-outgoing-21 >> "User-Agent: Apache-HttpClient/4.5.2 (Java/1.8.0_171)[\r][\n]"
12:27:29.042 [Forwarding isElementDisplayed on session 18063075-812d-4a4c-a6cd-30fbf03bc7bd to remote] DEBUG org.apache.http.wire - http-outgoing-21 >> "Accept-Encoding: gzip,deflate[\r][\n]"
12:27:29.042 [Forwarding isElementDisplayed on session 18063075-812d-4a4c-a6cd-30fbf03bc7bd to remote] DEBUG org.apache.http.wire - http-outgoing-21 >> "[\r][\n]"
&amp#27;[35m[HTTP]&amp#27;[39m &amp#27;[37m-->&amp#27;[39m &amp#27;[37mGET&amp#27;[39m &amp#27;[37m/wd/hub/session/18063075-812d-4a4c-a6cd-30fbf03bc7bd/element/F5020000-0000-0000-CF19-000000000000/displayed&amp#27;[39m
&amp#27;[35m[HTTP]&amp#27;[39m &amp#27;[90m{}&amp#27;[39m
&amp#27;[35m[MJSONWP]&amp#27;[39m Driver proxy active, passing request on via HTTP proxy
&amp#27;[35m[JSONWP Proxy]&amp#27;[39m Replacing sessionId B74F9560-FF94-4D04-9569-12:27:29.313 [Forwarding isElementDisplayed on session 18063075-812d-4a4c-a6cd-30fbf03bc7bd to remote] DEBUG org.apache.http.wire - http-outgoing-21 << "HTTP/1.1 200 OK[\r][\n]"
9BCC996503BA wit12:27:29.313 [Forwarding isElementDisplayed on session 18063075-812d-4a4c-a6cd-30fbf03bc7bd to remote] DEBUG org.apache.http.wire - http-outgoing-21 << "X-Powered-By: Express[\r][\n]"
h12:27:29.314 [Forwarding isElementDisplayed on session 18063075-812d-4a4c-a6cd-30fbf03bc7bd to remote] DEBUG org.apache.http.wire - http-outgoing-21 << "Access-Control-Allow-Origin: *[\r][\n]"
 1812:27:29.314 [Forwarding isElementDisplayed on session 18063075-812d-4a4c-a6cd-30fbf03bc7bd to remote] DEBUG org.apache.http.wire - http-outgoing-21 << "Access-Control-Allow-Methods: GET,POST,PUT,OPTIONS,DELETE[\r][\n]"
06312:27:29.314 [Forwarding isElementDisplayed on session 18063075-812d-4a4c-a6cd-30fbf03bc7bd to remote] DEBUG org.apache.http.wire - http-outgoing-21 << "Access-Control-Allow-Headers: origin, content-type, accept[\r][\n]"
012:27:29.314 [Forwarding isElementDisplayed on session 18063075-812d-4a4c-a6cd-30fbf03bc7bd to remote] DEBUG org.apache.http.wire - http-outgoing-21 << "Content-Type: application/json; charset=utf-8[\r][\n]"
12:27:29.314 [Forwarding isElementDisplayed on session 18063075-812d-4a4c-a6cd-30fbf03bc7bd to remote] DEBUG org.apache.http.wire - http-outgoing-21 << "Content-Length: 76[\r][\n]"
75-812d-4a412:27:29.314 [Forwarding isElementDisplayed on session 18063075-812d-4a4c-a6cd-30fbf03bc7bd to remote] DEBUG org.apache.http.wire - http-outgoing-21 << "ETag: W/"4c-Y7k244UeXncxktz3h+rJR8RJids"[\r][\n]"
12:27:29.314 [Forwarding isElementDisplayed on session 18063075-812d-4a4c-a6cd-30fbf03bc7bd to remote] DEBUG org.apache.http.wire - http-outgoing-21 << "Date: Fri, 23 Aug 2019 06:57:29 GMT[\r][\n]"
c-a6cd-30fbf03bc712:27:29.314 [Forwarding isElementDisplayed on session 18063075-812d-4a4c-a6cd-30fbf03bc7bd to remote] DEBUG org.apache.http.wire - http-outgoing-21 << "Connection: keep-alive[\r][\n]"
bd
12:27:29.314 [Forwarding isElementDisplayed on session 18063075-812d-4a4c-a6cd-30fbf03bc7bd to remote] DEBUG org.apache.http.wire - http-outgoing-21 << "[\r][\n]"
&amp#27;[35m[HT12:27:29.314 [Forwarding isElementDisplayed on session 18063075-812d-4a4c-a6cd-30fbf03bc7bd to remote] DEBUG org.apache.http.wire - http-outgoing-21 << "{"value":true,"sessionId":"18063075-812d-4a4c-a6cd-30fbf03bc7bd","status":0}"
TP]&amp#27;[39m12:27:29.314 [Forwarding isElementDisplayed on session 18063075-812d-4a4c-a6cd-30fbf03bc7bd to remote] DEBUG org.apache.http.headers - http-outgoing-21 << HTTP/1.1 200 OK
 &amp#27;[37m<-- GET /wd/hub/session/18063075-12:27:29.314 [Forwarding isElementDisplayed on session 18063075-812d-4a4c-a6cd-30fbf03bc7bd to remote] DEBUG org.apache.http.headers - http-outgoing-21 << X-Powered-By: Express
812d-4a4c-a6cd-312:27:29.315 [Forwarding isElementDisplayed on session 18063075-812d-4a4c-a6cd-30fbf03bc7bd to remote] DEBUG org.apache.http.headers - http-outgoing-21 << Access-Control-Allow-Origin: *
12:27:29.315 [Forwarding isElementDisplayed on session 18063075-812d-4a4c-a6cd-30fbf03bc7bd to remote] DEBUG org.apache.http.headers - http-outgoing-21 << Access-Control-Allow-Methods: GET,POST,PUT,OPTIONS,DELETE
12:27:29.315 [Forwarding isElementDisplayed on session 18063075-812d-4a4c-a6cd-30fbf03bc7bd to remote] DEBUG org.apache.http.headers - http-outgoing-21 << Access-Control-Allow-Headers: origin, content-type, accept
12:27:29.315 [Forwarding isElementDisplayed on session 18063075-812d-4a4c-a6cd-30fbf03bc7bd to remote] DEBUG org.apache.http.headers - http-outgoing-21 << Content-Type: application/json; charset=utf-8
12:27:29.315 [Forwarding isElementDisplayed on session 18063075-812d-4a4c-a6cd-30fbf03bc7bd to remote] DEBUG org.apache.http.headers - http-outgoing-21 << Content-Length: 76
12:27:29.315 [Forwarding isElementDisplayed on session 18063075-812d-4a4c-a6cd-30fbf03bc7bd to remote] DEBUG org.apache.http.headers - http-outgoing-21 << ETag: W/"4c-Y7k244UeXncxktz3h+rJR8RJids"
12:27:29.315 [Forwarding isElementDisplayed on session 18063075-812d-4a4c-a6cd-30fbf03bc7bd to remote] DEBUG org.apache.http.headers - http-outgoing-21 << Date: Fri, 23 Aug 2019 06:57:29 GMT
12:27:29.315 [Forwarding isElementDisplayed on session 18063075-812d-4a4c-a6cd-30fbf03bc7bd to remote] DEBUG org.apache.http.headers - http-outgoing-21 << Connection: keep-alive
0fbf03bc7bd/element/F5020000-00012:27:29.315 [Forwarding isElementDisplayed on session 18063075-812d-4a4c-a6cd-30fbf03bc7bd to remote] DEBUG o.a.h.impl.execchain.MainClientExec - Connection can be kept alive indefinitely
0-0000-CF19-0012:27:29.315 [Forwarding isElementDisplayed on session 18063075-812d-4a4c-a6cd-30fbf03bc7bd to remote] DEBUG o.a.h.i.c.PoolingHttpClientConnectionManager - Connection [id: 21][route: {}->http://localhost:4723] can be kept alive indefinitely
000012:27:29.315 [Forwarding isElementDisplayed on session 18063075-812d-4a4c-a6cd-30fbf03bc7bd to remote] DEBUG o.a.h.i.c.PoolingHttpClientConnectionManager - Connection released: [id: 21][route: {}->http://localhost:4723][total kept alive: 1; route allocated: 1 of 2000; total allocated: 1 of 2000]
000000/displayed &amp#27;[39m&amp#27;[32m200&amp#27;[39m &amp#27;[90m270 ms - 76&amp#27;[39m
&amp#27;[35m[HTTP]&amp#27;[39m &amp#27;[90m&amp#27;[39m
12:27:29.316 [Forwarding findElement on session 18063075-812d-4a4c-a6cd-30fbf03bc7bd to remote] DEBUG o.a.h.c.protocol.RequestAddCookies - CookieSpec selected: default
12:27:29.316 [Forwarding findElement on session 18063075-812d-4a4c-a6cd-30fbf03bc7bd to remote] DEBUG o.a.h.c.protocol.RequestAuthCache - Auth cache not set in the context
12:27:29.316 [Forwarding findElement on session 18063075-812d-4a4c-a6cd-30fbf03bc7bd to remote] DEBUG o.a.h.i.c.PoolingHttpClientConnectionManager - Connection request: [route: {}->http://localhost:4723][total kept alive: 1; route allocated: 1 of 2000; total allocated: 1 of 2000]
12:27:29.316 [Forwarding findElement on session 18063075-812d-4a4c-a6cd-30fbf03bc7bd to remote] DEBUG o.a.h.i.c.PoolingHttpClientConnectionManager - Connection leased: [id: 21][route: {}->http://localhost:4723][total kept alive: 0; route allocated: 1 of 2000; total allocated: 1 of 2000]
12:27:29.316 [Forwarding findElement on session 18063075-812d-4a4c-a6cd-30fbf03bc7bd to remote] DEBUG o.a.h.impl.execchain.MainClientExec - Stale connection check
12:27:29.318 [Forwarding findElement on session 18063075-812d-4a4c-a6cd-30fbf03bc7bd to remote] DEBUG org.apache.http.wire - http-outgoing-21 << "[read] I/O error: Read timed out"
12:27:29.318 [Forwarding findElement on session 18063075-812d-4a4c-a6cd-30fbf03bc7bd to remote] DEBUG o.a.h.i.c.DefaultManagedHttpClientConnection - http-outgoing-21: set socket timeout to 10800000
12:27:29.318 [Forwarding findElement on session 18063075-812d-4a4c-a6cd-30fbf03bc7bd to remote] DEBUG o.a.h.impl.execchain.MainClientExec - Executing request POST /wd/hub/session/18063075-812d-4a4c-a6cd-30fbf03bc7bd/element HTTP/1.1
12:27:29.318 [Forwarding findElement on session 18063075-812d-4a4c-a6cd-30fbf03bc7bd to remote] DEBUG o.a.h.impl.execchain.MainClientExec - Target auth state: UNCHALLENGED
12:27:29.318 [Forwarding findElement on session 18063075-812d-4a4c-a6cd-30fbf03bc7bd to remote] DEBUG o.a.h.impl.execchain.MainClientExec - Proxy auth state: UNCHALLENGED
12:27:29.318 [Forwarding findElement on session 18063075-812d-4a4c-a6cd-30fbf03bc7bd to remote] DEBUG org.apache.http.headers - http-outgoing-21 >> POST /wd/hub/session/18063075-812d-4a4c-a6cd-30fbf03bc7bd/element HTTP/1.1
12:27:29.318 [Forwarding findElement on session 18063075-812d-4a4c-a6cd-30fbf03bc7bd to remote] DEBUG org.apache.http.headers - http-outgoing-21 >> Content-Type: application/json; charset=utf-8
12:27:29.318 [Forwarding findElement on session 18063075-812d-4a4c-a6cd-30fbf03bc7bd to remote] DEBUG org.apache.http.headers - http-outgoing-21 >> Content-Length: 346
12:27:29.318 [Forwarding findElement on session 18063075-812d-4a4c-a6cd-30fbf03bc7bd to remote] DEBUG org.apache.http.headers - http-outgoing-21 >> Host: localhost:4723
12:27:29.318 [Forwarding findElement on session 18063075-812d-4a4c-a6cd-30fbf03bc7bd to remote] DEBUG org.apache.http.headers - http-outgoing-21 >> Connection: Keep-Alive
12:27:29.318 [Forwarding findElement on session 18063075-812d-4a4c-a6cd-30fbf03bc7bd to remote] DEBUG org.apache.http.headers - http-outgoing-21 >> User-Agent: Apache-HttpClient/4.5.2 (Java/1.8.0_171)
12:27:29.318 [Forwarding findElement on session 18063075-812d-4a4c-a6cd-30fbf03bc7bd to remote] DEBUG org.apache.http.headers - http-outgoing-21 >> Accept-Encoding: gzip,deflate
12:27:29.318 [Forwarding findElement on session 18063075-812d-4a4c-a6cd-30fbf03bc7bd to remote] DEBUG org.apache.http.wire - http-outgoing-21 >> "POST /wd/hub/session/18063075-812d-4a4c-a6cd-30fbf03bc7bd/element HTTP/1.1[\r][\n]"
12:27:29.318 [Forwarding findElement on session 18063075-812d-4a4c-a6cd-30fbf03bc7bd to remote] DEBUG org.apache.http.wire - http-outgoing-21 >> "Content-Type: application/json; charset=utf-8[\r][\n]"
12:27:29.318 [Forwarding findElement on session 18063075-812d-4a4c-a6cd-30fbf03bc7bd to remote] DEBUG org.apache.http.wire - http-outgoing-21 >> "Content-Length: 346[\r][\n]"
12:27:29.318 [Forwarding findElement on session 18063075-812d-4a4c-a6cd-30fbf03bc7bd to remote] DEBUG org.apache.http.wire - http-outgoing-21 >> "Host: localhost:4723[\r][\n]"
12:27:29.318 [Forwarding findElement on session 18063075-812d-4a4c-a6cd-30fbf03bc7bd to remote] DEBUG org.apache.http.wire - http-outgoing-21 >> "Connection: Keep-Alive[\r][\n]"
12:27:29.318 [Forwarding findElement on session 18063075-812d-4a4c-a6cd-30fbf03bc7bd to remote] DEBUG org.apache.http.wire - http-outgoing-21 >> "User-Agent: Apache-HttpClient/4.5.2 (Java/1.8.0_171)[\r][\n]"
12:27:29.318 [Forwarding findElement on session 18063075-812d-4a4c-a6cd-30fbf03bc7bd to remote] DEBUG org.apache.http.wire - http-outgoing-21 >> "Accept-Encoding: gzip,deflate[\r][\n]"
12:27:29.318 [Forwarding findElement on session 18063075-812d-4a4c-a6cd-30fbf03bc7bd to remote] DEBUG org.apache.http.wire - http-outgoing-21 >> "[\r][\n]"
12:27:29.318 [Forwarding findElement on session 18063075-812d-4a4c-a6cd-30fbf03bc7bd to remote] DEBUG org.apache.http.wire - http-outgoing-21 >> "{"using":"xpath","value":"//XCUIElementTypeApplication/XCUIElementTypeWindow/XCUIElementTypeOther/XCUIElementTypeOther/XCUIElementTypeOther/XCUIElementTypeOther/XCUIElementTypeOther/XCUIElementTypeOther/XCUIElementTypeOther/XCUIElementTypeScrollView/XCUIElementTypeOther[6]/XCUIElementTypeOther/XCUIElementTypeOther/XCUIElementTypeStaticText[4]"}"
&amp#27;[35m[HTTP]&amp#27;[39m &amp#27;[37m-->&amp#27;[39m &amp#27;[37mPOST&amp#27;[39m &amp#27;[37m/wd/hub/session/18063075-812d-4a4c-a6cd-30fbf03bc7bd/element&amp#27;[39m
&amp#27;[35m[HTTP]&amp#27;[39m &amp#27;[90m{"using":"xpath","value":"//XCUIElementTypeApplication/XCUIElementTypeWindow/XCUIElementTypeOther/XCUIElementTypeOther/XCUIElementTypeOther/XCUIElementTypeOther/XCUIElementTypeOther/XCUIElementTypeOther/XCUIElementTypeOther/XCUIElementTypeScrollView/XCUIElementTypeOther[6]/XCUIElementTypeOther/XCUIElementTypeOther/XCUIElementTypeStaticText[4]"}&amp#27;[39m
12:27:32.301 [Forwarding findElement on session 18063075-812d-4a4c-a6cd-30fbf03bc7bd to remote] DEBUG org.apache.http.wire - http-outgoing-21 << "HTTP/1.1 200 OK[\r][\n]"
12:27:32.302 [Forwarding findElement on session 18063075-812d-4a4c-a6cd-30fbf03bc7bd to remote] DEBUG org.apache.http.wire - http-outgoing-21 << "X-Powered-By: Express[\r][\n]"
12:27:32.302 [Forwarding findElement on session 18063075-812d-4a4c-a6cd-30fbf03bc7bd to remote] DEBUG org.apache.http.wire - http-outgoing-21 << "Access-Control-Allow-Origin: *[\r][\n]"
12:27:32.302 [Forwarding findElement on session 18063075-812d-4a4c-a6cd-30fbf03bc7bd to remote] DEBUG org.apache.http.wire - http-outgoing-21 << "Access-Control-Allow-Methods: GET,POST,PUT,OPTIONS,DELETE[\r][\n]"
12:27:32.302 [Forwarding findElement on session 18063075-812d-4a4c-a6cd-30fbf03bc7bd to remote] DEBUG org.apache.http.wire - http-outgoing-21 << "Access-Control-Allow-Headers: origin, content-type, accept[\r][\n]"
12:27:32.302 [Forwarding findElement on session 18063075-812d-4a4c-a6cd-30fbf03bc7bd to remote] DEBUG org.apache.http.wire - http-outgoing-21 << "Vary: X-HTTP-Method-Override[\r][\n]"
12:27:32.302 [Forwarding findElement on session 18063075-812d-4a4c-a6cd-30fbf03bc7bd to remote] DEBUG org.apache.http.wire - http-outgoing-21 << "Content-Type: application/json; charset=utf-8[\r][\n]"
12:27:32.302 [Forwarding findElement on session 18063075-812d-4a4c-a6cd-30fbf03bc7bd to remote] DEBUG org.apache.http.wire - http-outgoing-21 << "Content-Length: 122[\r][\n]"
12:27:32.302 [Forwarding findElement on session 18063075-812d-4a4c-a6cd-30fbf03bc7bd to remote] DEBUG org.apache.http.wire - http-outgoing-21 << "ETag: W/"7a-4fSqw69tjoBguQq0P/oJ+FjNP4E"[\r][\n]"
12:27:32.302 [Forwarding findElement on session 18063075-812d-4a4c-a6cd-30fbf03bc7bd to remote] DEBUG org.apache.http.wire - http-outgoing-21 << "Date: Fri, 23 Aug 2019 06:57:32 GMT[\r][\n]"
12:27:32.302 [Forwarding findElement on session 18063075-812d-4a4c-a6cd-30fbf03bc7bd to remote] DEBUG org.apache.http.wire - http-outgoing-21 << "Connection: keep-alive[\r][\n]"
12:27:32.302 [Forwarding findElement on session 18063075-812d-4a4c-a6cd-30fbf03bc7bd to remote] DEBUG org.apache.http.wire - http-outgoing-21 << "[\r][\n]"
12:27:32.302 [Forwarding findElement on session 18063075-812d-4a4c-a6cd-30fbf03bc7bd to remote] DEBUG org.apache.http.wire - http-outgoing-21 << "{"status":0,"value":{"ELEMENT":"F5020000-0000-0000-CF19-000000000000"},"sessionId":"18063075-812d-4a4c-a6cd-30fbf03bc7bd"}"
&amp#27;[3512:27:32.302 [Forwarding findElement on session 18063075-812d-4a4c-a6cd-30fbf03bc7bd to remote] DEBUG org.apache.http.headers - http-outgoing-21 << HTTP/1.1 200 OK
12:27:32.302 [Forwarding findElement on session 18063075-812d-4a4c-a6cd-30fbf03bc7bd to remote] DEBUG org.apache.http.headers - http-outgoing-21 << X-Powered-By: Express
12:27:32.302 [Forwarding findElement on session 18063075-812d-4a4c-a6cd-30fbf03bc7bd to remote] DEBUG org.apache.http.headers - http-outgoing-21 << Access-Control-Allow-Origin: *
12:27:32.302 [Forwarding findElement on session 18063075-812d-4a4c-a6cd-30fbf03bc7bd to remote] DEBUG org.apache.http.headers - http-outgoing-21 << Access-Control-Allow-Methods: GET,POST,PUT,OPTIONS,DELETE
12:27:32.302 [Forwarding findElement on session 18063075-812d-4a4c-a6cd-30fbf03bc7bd to remote] DEBUG org.apache.http.headers - http-outgoing-21 << Access-Control-Allow-Headers: origin, content-type, accept
12:27:32.302 [Forwarding findElement on session 18063075-812d-4a4c-a6cd-30fbf03bc7bd to remote] DEBUG org.apache.http.headers - http-outgoing-21 << Vary: X-HTTP-Method-Override
12:27:32.302 [Forwarding findElement on session 18063075-812d-4a4c-a6cd-30fbf03bc7bd to remote] DEBUG org.apache.http.headers - http-outgoing-21 << Content-Type: application/json; charset=utf-8
12:27:32.302 [Forwarding findElement on session 18063075-812d-4a4c-a6cd-30fbf03bc7bd to remote] DEBUG org.apache.http.headers - http-outgoing-21 << Content-Length: 122
12:27:32.302 [Forwarding findElement on session 18063075-812d-4a4c-a6cd-30fbf03bc7bd to remote] DEBUG org.apache.http.headers - http-outgoing-21 << ETag: W/"7a-4fSqw69tjoBguQq0P/oJ+FjNP4E"
12:27:32.302 [Forwarding findElement on session 18063075-812d-4a4c-a6cd-30fbf03bc7bd to remote] DEBUG org.apache.http.headers - http-outgoing-21 << Date: Fri, 23 Aug 2019 06:57:32 GMT
12:27:32.302 [Forwarding findElement on session 18063075-812d-4a4c-a6cd-30fbf03bc7bd to remote] DEBUG org.apache.http.headers - http-outgoing-21 << Connection: keep-alive
m[HTTP]&amp#27;[39m &amp#27;[37m<-- POST /wd/hub/session/18063075-812d-4a412:27:32.302 [Forwarding findElement on session 18063075-812d-4a4c-a6cd-30fbf03bc7bd to remote] DEBUG o.a.h.impl.execchain.MainClientExec - Connection can be kept alive indefinitely
c-a6cd-30fbf03bc7bd/element &amp#27;[39m&amp#27;[312:27:32.302 [Forwarding findElement on session 18063075-812d-4a4c-a6cd-30fbf03bc7bd to remote] DEBUG o.a.h.i.c.PoolingHttpClientConnectionManager - Connection [id: 21][route: {}->http://localhost:4723] can be kept alive indefinitely
2m200&amp#27;[39m &amp#27;[90m2983 ms - 122&amp#27;[39m
12:27:32.303 [Forwarding findElement on session 18063075-812d-4a4c-a6cd-30fbf03bc7bd to remote] DEBUG o.a.h.i.c.PoolingHttpClientConnectionManager - Connection released: [id: 21][route: {}->http://localhost:4723][total kept alive: 1; route allocated: 1 of 2000; total allocated: 1 of 2000]
&amp#27;[35m[HTTP]&amp#27;[39m &amp#27;[90m&amp#27;[39m
12:27:32.304 [Forwarding findElement on session 18063075-812d-4a4c-a6cd-30fbf03bc7bd to remote] DEBUG o.a.h.c.protocol.RequestAddCookies - CookieSpec selected: default
12:27:32.304 [Forwarding findElement on session 18063075-812d-4a4c-a6cd-30fbf03bc7bd to remote] DEBUG o.a.h.c.protocol.RequestAuthCache - Auth cache not set in the context
12:27:32.304 [Forwarding findElement on session 18063075-812d-4a4c-a6cd-30fbf03bc7bd to remote] DEBUG o.a.h.i.c.PoolingHttpClientConnectionManager - Connection request: [route: {}->http://localhost:4723][total kept alive: 1; route allocated: 1 of 2000; total allocated: 1 of 2000]
12:27:32.304 [Forwarding findElement on session 18063075-812d-4a4c-a6cd-30fbf03bc7bd to remote] DEBUG o.a.h.i.c.PoolingHttpClientConnectionManager - Connection leased: [id: 21][route: {}->http://localhost:4723][total kept alive: 0; route allocated: 1 of 2000; total allocated: 1 of 2000]
12:27:32.304 [Forwarding findElement on session 18063075-812d-4a4c-a6cd-30fbf03bc7bd to remote] DEBUG o.a.h.impl.execchain.MainClientExec - Stale connection check
12:27:32.306 [Forwarding findElement on session 18063075-812d-4a4c-a6cd-30fbf03bc7bd to remote] DEBUG org.apache.http.wire - http-outgoing-21 << "[read] I/O error: Read timed out"
12:27:32.306 [Forwarding findElement on session 18063075-812d-4a4c-a6cd-30fbf03bc7bd to remote] DEBUG o.a.h.i.c.DefaultManagedHttpClientConnection - http-outgoing-21: set socket timeout to 10800000
12:27:32.306 [Forwarding findElement on session 18063075-812d-4a4c-a6cd-30fbf03bc7bd to remote] DEBUG o.a.h.impl.execchain.MainClientExec - Executing request POST /wd/hub/session/18063075-812d-4a4c-a6cd-30fbf03bc7bd/element HTTP/1.1
12:27:32.306 [Forwarding findElement on session 18063075-812d-4a4c-a6cd-30fbf03bc7bd to remote] DEBUG o.a.h.impl.execchain.MainClientExec - Target auth state: UNCHALLENGED
12:27:32.306 [Forwarding findElement on session 18063075-812d-4a4c-a6cd-30fbf03bc7bd to remote] DEBUG o.a.h.impl.execchain.MainClientExec - Proxy auth state: UNCHALLENGED
12:27:32.306 [Forwarding findElement on session 18063075-812d-4a4c-a6cd-30fbf03bc7bd to remote] DEBUG org.apache.http.headers - http-outgoing-21 >> POST /wd/hub/session/18063075-812d-4a4c-a6cd-30fbf03bc7bd/element HTTP/1.1
12:27:32.306 [Forwarding findElement on session 18063075-812d-4a4c-a6cd-30fbf03bc7bd to remote] DEBUG org.apache.http.headers - http-outgoing-21 >> Content-Type: application/json; charset=utf-8
12:27:32.306 [Forwarding findElement on session 18063075-812d-4a4c-a6cd-30fbf03bc7bd to remote] DEBUG org.apache.http.headers - http-outgoing-21 >> Content-Length: 346
12:27:32.306 [Forwarding findElement on session 18063075-812d-4a4c-a6cd-30fbf03bc7bd to remote] DEBUG org.apache.http.headers - http-outgoing-21 >> Host: localhost:4723
12:27:32.306 [Forwarding findElement on session 18063075-812d-4a4c-a6cd-30fbf03bc7bd to remote] DEBUG org.apache.http.headers - http-outgoing-21 >> Connection: Keep-Alive
12:27:32.306 [Forwarding findElement on session 18063075-812d-4a4c-a6cd-30fbf03bc7bd to remote] DEBUG org.apache.http.headers - http-outgoing-21 >> User-Agent: Apache-HttpClient/4.5.2 (Java/1.8.0_171)
12:27:32.306 [Forwarding findElement on session 18063075-812d-4a4c-a6cd-30fbf03bc7bd to remote] DEBUG org.apache.http.headers - http-outgoing-21 >> Accept-Encoding: gzip,deflate
12:27:32.306 [Forwarding findElement on session 18063075-812d-4a4c-a6cd-30fbf03bc7bd to remote] DEBUG org.apache.http.wire - http-outgoing-21 >> "POST /wd/hub/session/18063075-812d-4a4c-a6cd-30fbf03bc7bd/element HTTP/1.1[\r][\n]"
12:27:32.306 [Forwarding findElement on session 18063075-812d-4a4c-a6cd-30fbf03bc7bd to remote] DEBUG org.apache.http.wire - http-outgoing-21 >> "Content-Type: application/json; charset=utf-8[\r][\n]"
12:27:32.306 [Forwarding findElement on session 18063075-812d-4a4c-a6cd-30fbf03bc7bd to remote] DEBUG org.apache.http.wire - http-outgoing-21 >> "Content-Length: 346[\r][\n]"
12:27:32.306 [Forwarding findElement on session 18063075-812d-4a4c-a6cd-30fbf03bc7bd to remote] DEBUG org.apache.http.wire - http-outgoing-21 >> "Host: localhost:4723[\r][\n]"
12:27:32.306 [Forwarding findElement on session 18063075-812d-4a4c-a6cd-30fbf03bc7bd to remote] DEBUG org.apache.http.wire - http-outgoing-21 >> "Connection: Keep-Alive[\r][\n]"
12:27:32.306 [Forwarding findElement on session 18063075-812d-4a4c-a6cd-30fbf03bc7bd to remote] DEBUG org.apache.http.wire - http-outgoing-21 >> "User-Agent: Apache-HttpClient/4.5.2 (Java/1.8.0_171)[\r][\n]"
12:27:32.306 [Forwarding findElement on session 18063075-812d-4a4c-a6cd-30fbf03bc7bd to remote] DEBUG org.apache.http.wire - http-outgoing-21 >> "Accept-Encoding: gzip,deflate[\r][\n]"
12:27:32.306 [Forwarding findElement on session 18063075-812d-4a4c-a6cd-30fbf03bc7bd to remote] DEBUG org.apache.http.wire - http-outgoing-21 >> "[\r][\n]"
12:27:32.306 [Forwarding findElement on session 18063075-812d-4a4c-a6cd-30fbf03bc7bd to remote] DEBUG org.apache.http.wire - http-outgoing-21 >> "{"using":"xpath","value":"//XCUIElementTypeApplication/XCUIElementTypeWindow/XCUIElementTypeOther/XCUIElementTypeOther/XCUIElementTypeOther/XCUIElementTypeOther/XCUIElementTypeOther/XCUIElementTypeOther/XCUIElementTypeOther/XCUIElementTypeScrollView/XCUIElementTypeOther[6]/XCUIElementTypeOther/XCUIElementTypeOther/XCUIElementTypeStaticText[4]"}"
&amp#27;[35m[HTTP]&amp#27;[39m &amp#27;[37m-->&amp#27;[39m &amp#27;[37mPOST&amp#27;[39m &amp#27;[37m/wd/hub/session/18063075-812d-4a4c-a6cd-30fbf03bc7bd/element&amp#27;[39m
&amp#27;[35m[HTTP]&amp#27;[39m &amp#27;[90m{"using":"xpath","value":"//XCUIElementTypeApplication/XCUIElementTypeWindow/XCUIElementTypeOther/XCUIElementTypeOther/XCUIElementTypeOther/XCUIElementTypeOther/XCUIElementTypeOther/XCUIElementTypeOther/XCUIElementTypeOther/XCUIElementTypeScrollView/XCUIElementTypeOther[6]/XCUIElementTypeOther/XCUIElementTypeOther/XCUIElementTypeStaticText[4]"}&amp#27;[39m
12:27:35.280 [Forwarding findElement on session 18063075-812d-4a4c-a6cd-30fbf03bc7bd to remote] DEBUG org.apache.http.wire - http-outgoing-21 << "HTTP/1.1 200 OK[\r][\n]"
12:27:35.280 [Forwarding findElement on session 18063075-812d-4a4c-a6cd-30fbf03bc7bd to remote] DEBUG org.apache.http.wire - http-outgoing-21 << "X-Powered-By: Express[\r][\n]"
12:27:35.280 [Forwarding findElement on session 18063075-812d-4a4c-a6cd-30fbf03bc7bd to remote] DEBUG org.apache.http.wire - http-outgoing-21 << "Access-Control-Allow-Origin: *[\r][\n]"
12:27:35.280 [Forwarding findElement on session 18063075-812d-4a4c-a6cd-30fbf03bc7bd to remote] DEBUG org.apache.http.wire - http-outgoing-21 << "Access-Control-Allow-Methods: GET,POST,PUT,OPTIONS,DELETE[\r][\n]"
12:27:35.280 [Forwarding findElement on session 18063075-812d-4a4c-a6cd-30fbf03bc7bd to remote] DEBUG org.apache.http.wire - http-outgoing-21 << "Access-Control-Allow-Headers: origin, content-type, accept[\r][\n]"
12:27:35.280 [Forwarding findElement on session 18063075-812d-4a4c-a6cd-30fbf03bc7bd to remote] DEBUG org.apache.http.wire - http-outgoing-21 << "Vary: X-HTTP-Method-Override[\r][\n]"
12:27:35.280 [Forwarding findElement on session 18063075-812d-4a4c-a6cd-30fbf03bc7bd to remote] DEBUG org.apache.http.wire - http-outgoing-21 << "Content-Type: application/json; charset=utf-8[\r][\n]"
12:27:35.280 [Forwarding findElement on session 18063075-812d-4a4c-a6cd-30fbf03bc7bd to remote] DEBUG org.apache.http.wire - http-outgoing-21 << "Content-Length: 122[\r][\n]"
12:27:35.280 [Forwarding findElement on session 18063075-812d-4a4c-a6cd-30fbf03bc7bd to remote] DEBUG org.apache.http.wire - http-outgoing-21 << "ETag: W/"7a-4fSqw69tjoBguQq0P/oJ+FjNP4E"[\r][\n]"
12:27:35.280 [Forwarding findElement on session 18063075-812d-4a4c-a6cd-30fbf03bc7bd to remote] DEBUG org.apache.http.wire - http-outgoing-21 << "Date: Fri, 23 Aug 2019 06:57:35 GMT[\r][\n]"
12:27:35.280 [Forwarding findElement on session 18063075-812d-4a4c-a6cd-30fbf03bc7bd to remote] DEBUG org.apache.http.wire - http-outgoing-21 << "Connection: keep-alive[\r][\n]"
12:27:35.280 [Forwarding findElement on session 18063075-812d-4a4c-a6cd-30fbf03bc7bd to remote] DEBUG org.apache.http.wire - http-outgoing-21 << "[\r][\n]"
12:27:35.280 [Forwarding findElement on session 18063075-812d-4a4c-a6cd-30fbf03bc7bd to remote] DEBUG org.apache.http.wire - http-outgoing-21 << "{"status":0,"value":{"ELEMENT":"F5020000-0000-0000-CF19-000000000000"},"sessionId":"18063075-812d-4a4c-a6cd-30fbf03bc7bd"}"
&amp#27;[35m[HTTP12:27:35.280 [Forwarding findElement on session 18063075-812d-4a4c-a6cd-30fbf03bc7bd to remote] DEBUG org.apache.http.headers - http-outgoing-21 << HTTP/1.1 200 OK
]&amp#27;[39m &amp#27;[37m<-- P12:27:35.280 [Forwarding findElement on session 18063075-812d-4a4c-a6cd-30fbf03bc7bd to remote] DEBUG org.apache.http.headers - http-outgoing-21 << X-Powered-By: Express
OST /wd/hub/session/1812:27:35.281 [Forwarding findElement on session 18063075-812d-4a4c-a6cd-30fbf03bc7bd to remote] DEBUG org.apache.http.headers - http-outgoing-21 << Access-Control-Allow-Origin: *
12:27:35.281 [Forwarding findElement on session 18063075-812d-4a4c-a6cd-30fbf03bc7bd to remote] DEBUG org.apache.http.headers - http-outgoing-21 << Access-Control-Allow-Methods: GET,POST,PUT,OPTIONS,DELETE
063075-812d-4a12:27:35.281 [Forwarding findElement on session 18063075-812d-4a4c-a6cd-30fbf03bc7bd to remote] DEBUG org.apache.http.headers - http-outgoing-21 << Access-Control-Allow-Headers: origin, content-type, accept
12:27:35.281 [Forwarding findElement on session 18063075-812d-4a4c-a6cd-30fbf03bc7bd to remote] DEBUG org.apache.http.headers - http-outgoing-21 << Vary: X-HTTP-Method-Override
4c12:27:35.281 [Forwarding findElement on session 18063075-812d-4a4c-a6cd-30fbf03bc7bd to remote] DEBUG org.apache.http.headers - http-outgoing-21 << Content-Type: application/json; charset=utf-8
12:27:35.281 [Forwarding findElement on session 18063075-812d-4a4c-a6cd-30fbf03bc7bd to remote] DEBUG org.apache.http.headers - http-outgoing-21 << Content-Length: 122
12:27:35.281 [Forwarding findElement on session 18063075-812d-4a4c-a6cd-30fbf03bc7bd to remote] DEBUG org.apache.http.headers - http-outgoing-21 << ETag: W/"7a-4fSqw69tjoBguQq0P/oJ+FjNP4E"
12:27:35.281 [Forwarding findElement on session 18063075-812d-4a4c-a6cd-30fbf03bc7bd to remote] DEBUG org.apache.http.headers - http-outgoing-21 << Date: Fri, 23 Aug 2019 06:57:35 GMT
12:27:35.281 [Forwarding findElement on session 18063075-812d-4a4c-a6cd-30fbf03bc7bd to remote] DEBUG org.apache.http.headers - http-outgoing-21 << Connection: keep-alive
-a6cd-30fbf03bc7bd/element &amp#27;[39m&amp#27;[32m200&amp#27;[39m &amp#27;[90m2973 ms - 122&amp#27;[39m
12:27:35.281 [Forwarding findElement on session 18063075-812d-4a4c-a6cd-30fbf03bc7bd to remote] DEBUG o.a.h.impl.execchain.MainClientExec - Connection can be kept alive indefinitely
&amp#27;[35m[HTTP]&amp#27;[39m &amp#27;[90m&amp#27;[39m
12:27:35.282 [Forwarding findElement on session 18063075-812d-4a4c-a6cd-30fbf03bc7bd to remote] DEBUG o.a.h.i.c.PoolingHttpClientConnectionManager - Connection [id: 21][route: {}->http://localhost:4723] can be kept alive indefinitely
12:27:35.282 [Forwarding findElement on session 18063075-812d-4a4c-a6cd-30fbf03bc7bd to remote] DEBUG o.a.h.i.c.PoolingHttpClientConnectionManager - Connection released: [id: 21][route: {}->http://localhost:4723][total kept alive: 1; route allocated: 1 of 2000; total allocated: 1 of 2000]
12:27:35.283 [Forwarding getElementText on session 18063075-812d-4a4c-a6cd-30fbf03bc7bd to remote] DEBUG o.a.h.c.protocol.RequestAddCookies - CookieSpec selected: default
12:27:35.283 [Forwarding getElementText on session 18063075-812d-4a4c-a6cd-30fbf03bc7bd to remote] DEBUG o.a.h.c.protocol.RequestAuthCache - Auth cache not set in the context
12:27:35.283 [Forwarding getElementText on session 18063075-812d-4a4c-a6cd-30fbf03bc7bd to remote] DEBUG o.a.h.i.c.PoolingHttpClientConnectionManager - Connection request: [route: {}->http://localhost:4723][total kept alive: 1; route allocated: 1 of 2000; total allocated: 1 of 2000]
12:27:35.283 [Forwarding getElementText on session 18063075-812d-4a4c-a6cd-30fbf03bc7bd to remote] DEBUG o.a.h.i.c.PoolingHttpClientConnectionManager - Connection leased: [id: 21][route: {}->http://localhost:4723][total kept alive: 0; route allocated: 1 of 2000; total allocated: 1 of 2000]
12:27:35.283 [Forwarding getElementText on session 18063075-812d-4a4c-a6cd-30fbf03bc7bd to remote] DEBUG o.a.h.impl.execchain.MainClientExec - Stale connection check
12:27:35.284 [Forwarding getElementText on session 18063075-812d-4a4c-a6cd-30fbf03bc7bd to remote] DEBUG org.apache.http.wire - http-outgoing-21 << "[read] I/O error: Read timed out"
12:27:35.285 [Forwarding getElementText on session 18063075-812d-4a4c-a6cd-30fbf03bc7bd to remote] DEBUG o.a.h.i.c.DefaultManagedHttpClientConnection - http-outgoing-21: set socket timeout to 10800000
12:27:35.285 [Forwarding getElementText on session 18063075-812d-4a4c-a6cd-30fbf03bc7bd to remote] DEBUG o.a.h.impl.execchain.MainClientExec - Executing request GET /wd/hub/session/18063075-812d-4a4c-a6cd-30fbf03bc7bd/element/F5020000-0000-0000-CF19-000000000000/text HTTP/1.1
12:27:35.285 [Forwarding getElementText on session 18063075-812d-4a4c-a6cd-30fbf03bc7bd to remote] DEBUG o.a.h.impl.execchain.MainClientExec - Target auth state: UNCHALLENGED
12:27:35.285 [Forwarding getElementText on session 18063075-812d-4a4c-a6cd-30fbf03bc7bd to remote] DEBUG o.a.h.impl.execchain.MainClientExec - Proxy auth state: UNCHALLENGED
12:27:35.285 [Forwarding getElementText on session 18063075-812d-4a4c-a6cd-30fbf03bc7bd to remote] DEBUG org.apache.http.headers - http-outgoing-21 >> GET /wd/hub/session/18063075-812d-4a4c-a6cd-30fbf03bc7bd/element/F5020000-0000-0000-CF19-000000000000/text HTTP/1.1
12:27:35.285 [Forwarding getElementText on session 18063075-812d-4a4c-a6cd-30fbf03bc7bd to remote] DEBUG org.apache.http.headers - http-outgoing-21 >> Cache-Control: no-cache
12:27:35.285 [Forwarding getElementText on session 18063075-812d-4a4c-a6cd-30fbf03bc7bd to remote] DEBUG org.apache.http.headers - http-outgoing-21 >> Host: localhost:4723
12:27:35.285 [Forwarding getElementText on session 18063075-812d-4a4c-a6cd-30fbf03bc7bd to remote] DEBUG org.apache.http.headers - http-outgoing-21 >> Connection: Keep-Alive
12:27:35.285 [Forwarding getElementText on session 18063075-812d-4a4c-a6cd-30fbf03bc7bd to remote] DEBUG org.apache.http.headers - http-outgoing-21 >> User-Agent: Apache-HttpClient/4.5.2 (Java/1.8.0_171)
12:27:35.285 [Forwarding getElementText on session 18063075-812d-4a4c-a6cd-30fbf03bc7bd to remote] DEBUG org.apache.http.headers - http-outgoing-21 >> Accept-Encoding: gzip,deflate
12:27:35.285 [Forwarding getElementText on session 18063075-812d-4a4c-a6cd-30fbf03bc7bd to remote] DEBUG org.apache.http.wire - http-outgoing-21 >> "GET /wd/hub/session/18063075-812d-4a4c-a6cd-30fbf03bc7bd/element/F5020000-0000-0000-CF19-000000000000/text HTTP/1.1[\r][\n]"
12:27:35.285 [Forwarding getElementText on session 18063075-812d-4a4c-a6cd-30fbf03bc7bd to remote] DEBUG org.apache.http.wire - http-outgoing-21 >> "Cache-Control: no-cache[\r][\n]"
12:27:35.285 [Forwarding getElementText on session 18063075-812d-4a4c-a6cd-30fbf03bc7bd to remote] DEBUG org.apache.http.wire - http-outgoing-21 >> "Host: localhost:4723[\r][\n]"
12:27:35.285 [Forwarding getElementText on session 18063075-812d-4a4c-a6cd-30fbf03bc7bd to remote] DEBUG org.apache.http.wire - http-outgoing-21 >> "Connection: Keep-Alive[\r][\n]"
12:27:35.285 [Forwarding getElementText on session 18063075-812d-4a4c-a6cd-30fbf03bc7bd to remote] DEBUG org.apache.http.wire - http-outgoing-21 >> "User-Agent: Apache-HttpClient/4.5.2 (Java/1.8.0_171)[\r][\n]"
12:27:35.285 [Forwarding getElementText on session 18063075-812d-4a4c-a6cd-30fbf03bc7bd to remote] DEBUG org.apache.http.wire - http-outgoing-21 >> "Accept-Encoding: gzip,deflate[\r][\n]"
12:27:35.285 [Forwarding getElementText on session 18063075-812d-4a4c-a6cd-30fbf03bc7bd to remote] DEBUG org.apache.http.wire - http-outgoing-21 >> "[\r][\n]"
&amp#27;[35m[HTTP]&amp#27;[39m &amp#27;[37m-->&amp#27;[39m &amp#27;[37mGET&amp#27;[39m &amp#27;[37m/wd/hub/session/18063075-812d-4a4c-a6cd-30fbf03bc7bd/element/F5020000-0000-0000-CF19-000000000000/text&amp#27;[39m
&amp#27;[35m[HTTP]&amp#27;[39m &amp#27;[90m{}&amp#27;[39m
&amp#27;[35m[MJSONWP]&amp#27;[39m Driver proxy active, passing request on via HTTP proxy
&amp#27;[35m[JSONWP Proxy]&amp#27;[39m Replacing sessionId B74F9560-FF94-4D04-9569-9BCC996503BA with 18063075-812d-4a4c-a6cd-3012:27:35.478 [Forwarding getElementText on session 18063075-812d-4a4c-a6cd-30fbf03bc7bd to remote] DEBUG org.apache.http.wire - http-outgoing-21 << "HTTP/1.1 200 OK[\r][\n]"
fb12:27:35.478 [Forwarding getElementText on session 18063075-812d-4a4c-a6cd-30fbf03bc7bd to remote] DEBUG org.apache.http.wire - http-outgoing-21 << "X-Powered-By: Express[\r][\n]"
f03bc12:27:35.478 [Forwarding getElementText on session 18063075-812d-4a4c-a6cd-30fbf03bc7bd to remote] DEBUG org.apache.http.wire - http-outgoing-21 << "Access-Control-Allow-Origin: *[\r][\n]"
7bd
12:27:35.478 [Forwarding getElementText on session 18063075-812d-4a4c-a6cd-30fbf03bc7bd to remote] DEBUG org.apache.http.wire - http-outgoing-21 << "Access-Control-Allow-Methods: GET,POST,PUT,OPTIONS,DELETE[\r][\n]"
&amp#27;12:27:35.478 [Forwarding getElementText on session 18063075-812d-4a4c-a6cd-30fbf03bc7bd to remote] DEBUG org.apache.http.wire - http-outgoing-21 << "Access-Control-Allow-Headers: origin, content-type, accept[\r][\n]"
[35m[H12:27:35.478 [Forwarding getElementText on session 18063075-812d-4a4c-a6cd-30fbf03bc7bd to remote] DEBUG org.apache.http.wire - http-outgoing-21 << "Content-Type: application/json; charset=utf-8[\r][\n]"
TT12:27:35.479 [Forwarding getElementText on session 18063075-812d-4a4c-a6cd-30fbf03bc7bd to remote] DEBUG org.apache.http.wire - http-outgoing-21 << "Content-Length: 89[\r][\n]"
P]&amp#27;[39m &amp#27;[37m<-- GET /wd/hub/session/18063075-812d-4a4c-a6cd-30fbf03bc7bd/element/F5020000-0000-0000-CF19-000000000000/text 12:27:35.479 [Forwarding getElementText on session 18063075-812d-4a4c-a6cd-30fbf03bc7bd to remote] DEBUG org.apache.http.wire - http-outgoing-21 << "ETag: W/"59-1j9dCVuCAkWM71yrbOOFQQsiD58"[\r][\n]"
&amp#27;[39m&amp#27;[32m200&amp#27;[39m &amp#27;[90m192 ms - 89&amp#27;[39m
&amp#27;[35m[HTTP]&amp#27;[39m &amp#27;[90m&amp#27;[39m
12:27:35.480 [Forwarding getElementText on session 18063075-812d-4a4c-a6cd-30fbf03bc7bd to remote] DEBUG org.apache.http.wire - http-outgoing-21 << "Date: Fri, 23 Aug 2019 06:57:35 GMT[\r][\n]"
12:27:35.480 [Forwarding getElementText on session 18063075-812d-4a4c-a6cd-30fbf03bc7bd to remote] DEBUG org.apache.http.wire - http-outgoing-21 << "Connection: keep-alive[\r][\n]"
12:27:35.480 [Forwarding getElementText on session 18063075-812d-4a4c-a6cd-30fbf03bc7bd to remote] DEBUG org.apache.http.wire - http-outgoing-21 << "[\r][\n]"
12:27:35.480 [Forwarding getElementText on session 18063075-812d-4a4c-a6cd-30fbf03bc7bd to remote] DEBUG org.apache.http.wire - http-outgoing-21 << "{"value":"Comedy, Romance","sessionId":"18063075-812d-4a4c-a6cd-30fbf03bc7bd","status":0}"
12:27:35.480 [Forwarding getElementText on session 18063075-812d-4a4c-a6cd-30fbf03bc7bd to remote] DEBUG org.apache.http.headers - http-outgoing-21 << HTTP/1.1 200 OK
12:27:35.480 [Forwarding getElementText on session 18063075-812d-4a4c-a6cd-30fbf03bc7bd to remote] DEBUG org.apache.http.headers - http-outgoing-21 << X-Powered-By: Express
12:27:35.480 [Forwarding getElementText on session 18063075-812d-4a4c-a6cd-30fbf03bc7bd to remote] DEBUG org.apache.http.headers - http-outgoing-21 << Access-Control-Allow-Origin: *
12:27:35.480 [Forwarding getElementText on session 18063075-812d-4a4c-a6cd-30fbf03bc7bd to remote] DEBUG org.apache.http.headers - http-outgoing-21 << Access-Control-Allow-Methods: GET,POST,PUT,OPTIONS,DELETE
12:27:35.480 [Forwarding getElementText on session 18063075-812d-4a4c-a6cd-30fbf03bc7bd to remote] DEBUG org.apache.http.headers - http-outgoing-21 << Access-Control-Allow-Headers: origin, content-type, accept
12:27:35.480 [Forwarding getElementText on session 18063075-812d-4a4c-a6cd-30fbf03bc7bd to remote] DEBUG org.apache.http.headers - http-outgoing-21 << Content-Type: application/json; charset=utf-8
12:27:35.480 [Forwarding getElementText on session 18063075-812d-4a4c-a6cd-30fbf03bc7bd to remote] DEBUG org.apache.http.headers - http-outgoing-21 << Content-Length: 89
12:27:35.480 [Forwarding getElementText on session 18063075-812d-4a4c-a6cd-30fbf03bc7bd to remote] DEBUG org.apache.http.headers - http-outgoing-21 << ETag: W/"59-1j9dCVuCAkWM71yrbOOFQQsiD58"
12:27:35.480 [Forwarding getElementText on session 18063075-812d-4a4c-a6cd-30fbf03bc7bd to remote] DEBUG org.apache.http.headers - http-outgoing-21 << Date: Fri, 23 Aug 2019 06:57:35 GMT
12:27:35.480 [Forwarding getElementText on session 18063075-812d-4a4c-a6cd-30fbf03bc7bd to remote] DEBUG org.apache.http.headers - http-outgoing-21 << Connection: keep-alive
12:27:35.480 [Forwarding getElementText on session 18063075-812d-4a4c-a6cd-30fbf03bc7bd to remote] DEBUG o.a.h.impl.execchain.MainClientExec - Connection can be kept alive indefinitely
12:27:35.480 [Forwarding getElementText on session 18063075-812d-4a4c-a6cd-30fbf03bc7bd to remote] DEBUG o.a.h.i.c.PoolingHttpClientConnectionManager - Connection [id: 21][route: {}->http://localhost:4723] can be kept alive indefinitely
12:27:35.480 [Forwarding getElementText on session 18063075-812d-4a4c-a6cd-30fbf03bc7bd to remote] DEBUG o.a.h.i.c.PoolingHttpClientConnectionManager - Connection released: [id: 21][route: {}->http://localhost:4723][total kept alive: 1; route allocated: 1 of 2000; total allocated: 1 of 2000]
12:27:35.481 [Forwarding findElement on session 18063075-812d-4a4c-a6cd-30fbf03bc7bd to remote] DEBUG o.a.h.c.protocol.RequestAddCookies - CookieSpec selected: default
12:27:35.481 [Forwarding findElement on session 18063075-812d-4a4c-a6cd-30fbf03bc7bd to remote] DEBUG o.a.h.c.protocol.RequestAuthCache - Auth cache not set in the context
12:27:35.481 [Forwarding findElement on session 18063075-812d-4a4c-a6cd-30fbf03bc7bd to remote] DEBUG o.a.h.i.c.PoolingHttpClientConnectionManager - Connection request: [route: {}->http://localhost:4723][total kept alive: 1; route allocated: 1 of 2000; total allocated: 1 of 2000]
12:27:35.481 [Forwarding findElement on session 18063075-812d-4a4c-a6cd-30fbf03bc7bd to remote] DEBUG o.a.h.i.c.PoolingHttpClientConnectionManager - Connection leased: [id: 21][route: {}->http://localhost:4723][total kept alive: 0; route allocated: 1 of 2000; total allocated: 1 of 2000]
12:27:35.481 [Forwarding findElement on session 18063075-812d-4a4c-a6cd-30fbf03bc7bd to remote] DEBUG o.a.h.impl.execchain.MainClientExec - Stale connection check
12:27:35.483 [Forwarding findElement on session 18063075-812d-4a4c-a6cd-30fbf03bc7bd to remote] DEBUG org.apache.http.wire - http-outgoing-21 << "[read] I/O error: Read timed out"
12:27:35.483 [Forwarding findElement on session 18063075-812d-4a4c-a6cd-30fbf03bc7bd to remote] DEBUG o.a.h.i.c.DefaultManagedHttpClientConnection - http-outgoing-21: set socket timeout to 10800000
12:27:35.483 [Forwarding findElement on session 18063075-812d-4a4c-a6cd-30fbf03bc7bd to remote] DEBUG o.a.h.impl.execchain.MainClientExec - Executing request POST /wd/hub/session/18063075-812d-4a4c-a6cd-30fbf03bc7bd/element HTTP/1.1
12:27:35.483 [Forwarding findElement on session 18063075-812d-4a4c-a6cd-30fbf03bc7bd to remote] DEBUG o.a.h.impl.execchain.MainClientExec - Target auth state: UNCHALLENGED
12:27:35.483 [Forwarding findElement on session 18063075-812d-4a4c-a6cd-30fbf03bc7bd to remote] DEBUG o.a.h.impl.execchain.MainClientExec - Proxy auth state: UNCHALLENGED
12:27:35.483 [Forwarding findElement on session 18063075-812d-4a4c-a6cd-30fbf03bc7bd to remote] DEBUG org.apache.http.headers - http-outgoing-21 >> POST /wd/hub/session/18063075-812d-4a4c-a6cd-30fbf03bc7bd/element HTTP/1.1
12:27:35.483 [Forwarding findElement on session 18063075-812d-4a4c-a6cd-30fbf03bc7bd to remote] DEBUG org.apache.http.headers - http-outgoing-21 >> Content-Type: application/json; charset=utf-8
12:27:35.483 [Forwarding findElement on session 18063075-812d-4a4c-a6cd-30fbf03bc7bd to remote] DEBUG org.apache.http.headers - http-outgoing-21 >> Content-Length: 346
12:27:35.483 [Forwarding findElement on session 18063075-812d-4a4c-a6cd-30fbf03bc7bd to remote] DEBUG org.apache.http.headers - http-outgoing-21 >> Host: localhost:4723
12:27:35.483 [Forwarding findElement on session 18063075-812d-4a4c-a6cd-30fbf03bc7bd to remote] DEBUG org.apache.http.headers - http-outgoing-21 >> Connection: Keep-Alive
12:27:35.483 [Forwarding findElement on session 18063075-812d-4a4c-a6cd-30fbf03bc7bd to remote] DEBUG org.apache.http.headers - http-outgoing-21 >> User-Agent: Apache-HttpClient/4.5.2 (Java/1.8.0_171)
12:27:35.483 [Forwarding findElement on session 18063075-812d-4a4c-a6cd-30fbf03bc7bd to remote] DEBUG org.apache.http.headers - http-outgoing-21 >> Accept-Encoding: gzip,deflate
12:27:35.483 [Forwarding findElement on session 18063075-812d-4a4c-a6cd-30fbf03bc7bd to remote] DEBUG org.apache.http.wire - http-outgoing-21 >> "POST /wd/hub/session/18063075-812d-4a4c-a6cd-30fbf03bc7bd/element HTTP/1.1[\r][\n]"
12:27:35.483 [Forwarding findElement on session 18063075-812d-4a4c-a6cd-30fbf03bc7bd to remote] DEBUG org.apache.http.wire - http-outgoing-21 >> "Content-Type: application/json; charset=utf-8[\r][\n]"
12:27:35.483 [Forwarding findElement on session 18063075-812d-4a4c-a6cd-30fbf03bc7bd to remote] DEBUG org.apache.http.wire - http-outgoing-21 >> "Content-Length: 346[\r][\n]"
12:27:35.483 [Forwarding findElement on session 18063075-812d-4a4c-a6cd-30fbf03bc7bd to remote] DEBUG org.apache.http.wire - http-outgoing-21 >> "Host: localhost:4723[\r][\n]"
12:27:35.483 [Forwarding findElement on session 18063075-812d-4a4c-a6cd-30fbf03bc7bd to remote] DEBUG org.apache.http.wire - http-outgoing-21 >> "Connection: Keep-Alive[\r][\n]"
12:27:35.483 [Forwarding findElement on session 18063075-812d-4a4c-a6cd-30fbf03bc7bd to remote] DEBUG org.apache.http.wire - http-outgoing-21 >> "User-Agent: Apache-HttpClient/4.5.2 (Java/1.8.0_171)[\r][\n]"
12:27:35.483 [Forwarding findElement on session 18063075-812d-4a4c-a6cd-30fbf03bc7bd to remote] DEBUG org.apache.http.wire - http-outgoing-21 >> "Accept-Encoding: gzip,deflate[\r][\n]"
12:27:35.483 [Forwarding findElement on session 18063075-812d-4a4c-a6cd-30fbf03bc7bd to remote] DEBUG org.apache.http.wire - http-outgoing-21 >> "[\r][\n]"
12:27:35.483 [Forwarding findElement on session 18063075-812d-4a4c-a6cd-30fbf03bc7bd to remote] DEBUG org.apache.http.wire - http-outgoing-21 >> "{"using":"xpath","value":"//XCUIElementTypeApplication/XCUIElementTypeWindow/XCUIElementTypeOther/XCUIElementTypeOther/XCUIElementTypeOther/XCUIElementTypeOther/XCUIElementTypeOther/XCUIElementTypeOther/XCUIElementTypeOther/XCUIElementTypeScrollView/XCUIElementTypeOther[5]/XCUIElementTypeOther[2]/XCUIElementTypeOther/XCUIElementTypeStaticText"}"
&amp#27;[35m[HTTP]&amp#27;[39m &amp#27;[37m-->&amp#27;[39m &amp#27;[37mPOST&amp#27;[39m &amp#27;[37m/wd/hub/session/18063075-812d-4a4c-a6cd-30fbf03bc7bd/element&amp#27;[39m
&amp#27;[35m[HTTP]&amp#27;[39m &amp#27;[90m{"using":"xpath","value":"//XCUIElementTypeApplication/XCUIElementTypeWindow/XCUIElementTypeOther/XCUIElementTypeOther/XCUIElementTypeOther/XCUIElementTypeOther/XCUIElementTypeOther/XCUIElementTypeOther/XCUIElementTypeOther/XCUIElementTypeScrollView/XCUIElementTypeOther[5]/XCUIElementTypeOther[2]/XCUIElementTypeOther/XCUIElementTypeStaticText"}&amp#27;[39m
12:27:38.429 [Forwarding findElement on session 18063075-812d-4a4c-a6cd-30fbf03bc7bd to remote] DEBUG org.apache.http.wire - http-outgoing-21 << "HTTP/1.1 200 OK[\r][\n]"
12:27:38.430 [Forwarding findElement on session 18063075-812d-4a4c-a6cd-30fbf03bc7bd to remote] DEBUG org.apache.http.wire - http-outgoing-21 << "X-Powered-By: Express[\r][\n]"
12:27:38.430 [Forwarding findElement on session 18063075-812d-4a4c-a6cd-30fbf03bc7bd to remote] DEBUG org.apache.http.wire - http-outgoing-21 << "Access-Control-Allow-Origin: *[\r][\n]"
12:27:38.430 [Forwarding findElement on session 18063075-812d-4a4c-a6cd-30fbf03bc7bd to remote] DEBUG org.apache.http.wire - http-outgoing-21 << "Access-Control-Allow-Methods: GET,POST,PUT,OPTIONS,DELETE[\r][\n]"
12:27:38.430 [Forwarding findElement on session 18063075-812d-4a4c-a6cd-30fbf03bc7bd to remote] DEBUG org.apache.http.wire - http-outgoing-21 << "Access-Control-Allow-Headers: origin, content-type, accept[\r][\n]"
12:27:38.430 [Forwarding findElement on session 18063075-812d-4a4c-a6cd-30fbf03bc7bd to remote] DEBUG org.apache.http.wire - http-outgoing-21 << "Vary: X-HTTP-Method-Override[\r][\n]"
12:27:38.430 [Forwarding findElement on session 18063075-812d-4a4c-a6cd-30fbf03bc7bd to remote] DEBUG org.apache.http.wire - http-outgoing-21 << "Content-Type: application/json; charset=utf-8[\r][\n]"
12:27:38.430 [Forwarding findElement on session 18063075-812d-4a4c-a6cd-30fbf03bc7bd to remote] DEBUG org.apache.http.wire - http-outgoing-21 << "Content-Length: 122[\r][\n]"
12:27:38.430 [Forwarding findElement on session 18063075-812d-4a4c-a6cd-30fbf03bc7bd to remote] DEBUG org.apache.http.wire - http-outgoing-21 << "ETag: W/"7a-24oEZI0LJqPTBLpuxN0DeVoWPIc"[\r][\n]"
12:27:38.430 [Forwarding findElement on session 18063075-812d-4a4c-a6cd-30fbf03bc7bd to remote] DEBUG org.apache.http.wire - http-outgoing-21 << "Date: Fri, 23 Aug 2019 06:57:38 GMT[\r][\n]"
12:27:38.430 [Forwarding findElement on session 18063075-812d-4a4c-a6cd-30fbf03bc7bd to remote] DEBUG org.apache.http.wire - http-outgoing-21 << "Connection: keep-alive[\r][\n]"
12:27:38.430 [Forwarding findElement on session 18063075-812d-4a4c-a6cd-30fbf03bc7bd to remote] DEBUG org.apache.http.wire - http-outgoing-21 << "[\r][\n]"
12:27:38.430 [Forwarding findElement on session 18063075-812d-4a4c-a6cd-30fbf03bc7bd to remote] DEBUG org.apache.http.wire - http-outgoing-21 << "{"status":0,"value":{"ELEMENT":"F3020000-0000-0000-CF19-000000000000"},"sessionId":"18063075-812d-4a4c-a6cd-30fbf03bc7bd"}"
&amp#27;[35m[HTTP]&amp#27;[39m &amp#27;[37m<-- POST /wd12:27:38.430 [Forwarding findElement on session 18063075-812d-4a4c-a6cd-30fbf03bc7bd to remote] DEBUG org.apache.http.headers - http-outgoing-21 << HTTP/1.1 200 OK
/hub/session/18063075-812d-4a4c-12:27:38.430 [Forwarding findElement on session 18063075-812d-4a4c-a6cd-30fbf03bc7bd to remote] DEBUG org.apache.http.headers - http-outgoing-21 << X-Powered-By: Express
12:27:38.430 [Forwarding findElement on session 18063075-812d-4a4c-a6cd-30fbf03bc7bd to remote] DEBUG org.apache.http.headers - http-outgoing-21 << Access-Control-Allow-Origin: *
12:27:38.430 [Forwarding findElement on session 18063075-812d-4a4c-a6cd-30fbf03bc7bd to remote] DEBUG org.apache.http.headers - http-outgoing-21 << Access-Control-Allow-Methods: GET,POST,PUT,OPTIONS,DELETE
a6cd-30fbf03bc7b12:27:38.430 [Forwarding findElement on session 18063075-812d-4a4c-a6cd-30fbf03bc7bd to remote] DEBUG org.apache.http.headers - http-outgoing-21 << Access-Control-Allow-Headers: origin, content-type, accept
d/element &amp#27;[39m&amp#27;[3212:27:38.430 [Forwarding findElement on session 18063075-812d-4a4c-a6cd-30fbf03bc7bd to remote] DEBUG org.apache.http.headers - http-outgoing-21 << Vary: X-HTTP-Method-Override
12:27:38.430 [Forwarding findElement on session 18063075-812d-4a4c-a6cd-30fbf03bc7bd to remote] DEBUG org.apache.http.headers - http-outgoing-21 << Content-Type: application/json; charset=utf-8
12:27:38.430 [Forwarding findElement on session 18063075-812d-4a4c-a6cd-30fbf03bc7bd to remote] DEBUG org.apache.http.headers - http-outgoing-21 << Content-Length: 122
12:27:38.430 [Forwarding findElement on session 18063075-812d-4a4c-a6cd-30fbf03bc7bd to remote] DEBUG org.apache.http.headers - http-outgoing-21 << ETag: W/"7a-24oEZI0LJqPTBLpuxN0DeVoWPIc"
12:27:38.430 [Forwarding findElement on session 18063075-812d-4a4c-a6cd-30fbf03bc7bd to remote] DEBUG org.apache.http.headers - http-outgoing-21 << Date: Fri, 23 Aug 2019 06:57:38 GMT
12:27:38.430 [Forwarding findElement on session 18063075-812d-4a4c-a6cd-30fbf03bc7bd to remote] DEBUG org.apache.http.headers - http-outgoing-21 << Connection: keep-alive
m200&amp#27;[39m &amp#27;[9012:27:38.430 [Forwarding findElement on session 18063075-812d-4a4c-a6cd-30fbf03bc7bd to remote] DEBUG o.a.h.impl.execchain.MainClientExec - Connection can be kept alive indefinitely
m2945 ms - 122&amp#27;[39m
12:27:38.431 [Forwarding findElement on session 18063075-812d-4a4c-a6cd-30fbf03bc7bd to remote] DEBUG o.a.h.i.c.PoolingHttpClientConnectionManager - Connection [id: 21][route: {}->http://localhost:4723] can be kept alive indefinitely
&amp#27;[35m[HTTP]&amp#27;[39m &amp#27;[90m&amp#27;[39m
12:27:38.431 [Forwarding findElement on session 18063075-812d-4a4c-a6cd-30fbf03bc7bd to remote] DEBUG o.a.h.i.c.PoolingHttpClientConnectionManager - Connection released: [id: 21][route: {}->http://localhost:4723][total kept alive: 1; route allocated: 1 of 2000; total allocated: 1 of 2000]
12:27:38.431 [Forwarding isElementDisplayed on session 18063075-812d-4a4c-a6cd-30fbf03bc7bd to remote] DEBUG o.a.h.c.protocol.RequestAddCookies - CookieSpec selected: default
12:27:38.431 [Forwarding isElementDisplayed on session 18063075-812d-4a4c-a6cd-30fbf03bc7bd to remote] DEBUG o.a.h.c.protocol.RequestAuthCache - Auth cache not set in the context
12:27:38.431 [Forwarding isElementDisplayed on session 18063075-812d-4a4c-a6cd-30fbf03bc7bd to remote] DEBUG o.a.h.i.c.PoolingHttpClientConnectionManager - Connection request: [route: {}->http://localhost:4723][total kept alive: 1; route allocated: 1 of 2000; total allocated: 1 of 2000]
12:27:38.431 [Forwarding isElementDisplayed on session 18063075-812d-4a4c-a6cd-30fbf03bc7bd to remote] DEBUG o.a.h.i.c.PoolingHttpClientConnectionManager - Connection leased: [id: 21][route: {}->http://localhost:4723][total kept alive: 0; route allocated: 1 of 2000; total allocated: 1 of 2000]
12:27:38.431 [Forwarding isElementDisplayed on session 18063075-812d-4a4c-a6cd-30fbf03bc7bd to remote] DEBUG o.a.h.impl.execchain.MainClientExec - Stale connection check
12:27:38.433 [Forwarding isElementDisplayed on session 18063075-812d-4a4c-a6cd-30fbf03bc7bd to remote] DEBUG org.apache.http.wire - http-outgoing-21 << "[read] I/O error: Read timed out"
12:27:38.433 [Forwarding isElementDisplayed on session 18063075-812d-4a4c-a6cd-30fbf03bc7bd to remote] DEBUG o.a.h.i.c.DefaultManagedHttpClientConnection - http-outgoing-21: set socket timeout to 10800000
12:27:38.433 [Forwarding isElementDisplayed on session 18063075-812d-4a4c-a6cd-30fbf03bc7bd to remote] DEBUG o.a.h.impl.execchain.MainClientExec - Executing request GET /wd/hub/session/18063075-812d-4a4c-a6cd-30fbf03bc7bd/element/F3020000-0000-0000-CF19-000000000000/displayed HTTP/1.1
12:27:38.433 [Forwarding isElementDisplayed on session 18063075-812d-4a4c-a6cd-30fbf03bc7bd to remote] DEBUG o.a.h.impl.execchain.MainClientExec - Target auth state: UNCHALLENGED
12:27:38.433 [Forwarding isElementDisplayed on session 18063075-812d-4a4c-a6cd-30fbf03bc7bd to remote] DEBUG o.a.h.impl.execchain.MainClientExec - Proxy auth state: UNCHALLENGED
12:27:38.433 [Forwarding isElementDisplayed on session 18063075-812d-4a4c-a6cd-30fbf03bc7bd to remote] DEBUG org.apache.http.headers - http-outgoing-21 >> GET /wd/hub/session/18063075-812d-4a4c-a6cd-30fbf03bc7bd/element/F3020000-0000-0000-CF19-000000000000/displayed HTTP/1.1
12:27:38.433 [Forwarding isElementDisplayed on session 18063075-812d-4a4c-a6cd-30fbf03bc7bd to remote] DEBUG org.apache.http.headers - http-outgoing-21 >> Cache-Control: no-cache
12:27:38.433 [Forwarding isElementDisplayed on session 18063075-812d-4a4c-a6cd-30fbf03bc7bd to remote] DEBUG org.apache.http.headers - http-outgoing-21 >> Host: localhost:4723
12:27:38.433 [Forwarding isElementDisplayed on session 18063075-812d-4a4c-a6cd-30fbf03bc7bd to remote] DEBUG org.apache.http.headers - http-outgoing-21 >> Connection: Keep-Alive
12:27:38.433 [Forwarding isElementDisplayed on session 18063075-812d-4a4c-a6cd-30fbf03bc7bd to remote] DEBUG org.apache.http.headers - http-outgoing-21 >> User-Agent: Apache-HttpClient/4.5.2 (Java/1.8.0_171)
12:27:38.433 [Forwarding isElementDisplayed on session 18063075-812d-4a4c-a6cd-30fbf03bc7bd to remote] DEBUG org.apache.http.headers - http-outgoing-21 >> Accept-Encoding: gzip,deflate
12:27:38.433 [Forwarding isElementDisplayed on session 18063075-812d-4a4c-a6cd-30fbf03bc7bd to remote] DEBUG org.apache.http.wire - http-outgoing-21 >> "GET /wd/hub/session/18063075-812d-4a4c-a6cd-30fbf03bc7bd/element/F3020000-0000-0000-CF19-000000000000/displayed HTTP/1.1[\r][\n]"
12:27:38.433 [Forwarding isElementDisplayed on session 18063075-812d-4a4c-a6cd-30fbf03bc7bd to remote] DEBUG org.apache.http.wire - http-outgoing-21 >> "Cache-Control: no-cache[\r][\n]"
12:27:38.433 [Forwarding isElementDisplayed on session 18063075-812d-4a4c-a6cd-30fbf03bc7bd to remote] DEBUG org.apache.http.wire - http-outgoing-21 >> "Host: localhost:4723[\r][\n]"
12:27:38.433 [Forwarding isElementDisplayed on session 18063075-812d-4a4c-a6cd-30fbf03bc7bd to remote] DEBUG org.apache.http.wire - http-outgoing-21 >> "Connection: Keep-Alive[\r][\n]"
12:27:38.433 [Forwarding isElementDisplayed on session 18063075-812d-4a4c-a6cd-30fbf03bc7bd to remote] DEBUG org.apache.http.wire - http-outgoing-21 >> "User-Agent: Apache-HttpClient/4.5.2 (Java/1.8.0_171)[\r][\n]"
12:27:38.433 [Forwarding isElementDisplayed on session 18063075-812d-4a4c-a6cd-30fbf03bc7bd to remote] DEBUG org.apache.http.wire - http-outgoing-21 >> "Accept-Encoding: gzip,deflate[\r][\n]"
12:27:38.433 [Forwarding isElementDisplayed on session 18063075-812d-4a4c-a6cd-30fbf03bc7bd to remote] DEBUG org.apache.http.wire - http-outgoing-21 >> "[\r][\n]"
&amp#27;[35m[HTTP]&amp#27;[39m &amp#27;[37m-->&amp#27;[39m &amp#27;[37mGET&amp#27;[39m &amp#27;[37m/wd/hub/session/18063075-812d-4a4c-a6cd-30fbf03bc7bd/element/F3020000-0000-0000-CF19-000000000000/displayed&amp#27;[39m
&amp#27;[35m[HTTP]&amp#27;[39m &amp#27;[90m{}&amp#27;[39m
&amp#27;[35m[MJSONWP]&amp#27;[39m Driver proxy active, passing request on via HTTP proxy
&amp#27;[35m[JSONWP Proxy]&amp#27;[39m Replacing sessionId B74F9560-FF94-4D04-956912:27:38.703 [Forwarding isElementDisplayed on session 18063075-812d-4a4c-a6cd-30fbf03bc7bd to remote] DEBUG org.apache.http.wire - http-outgoing-21 << "HTTP/1.1 200 OK[\r][\n]"
-9BC12:27:38.703 [Forwarding isElementDisplayed on session 18063075-812d-4a4c-a6cd-30fbf03bc7bd to remote] DEBUG org.apache.http.wire - http-outgoing-21 << "X-Powered-By: Express[\r][\n]"
12:27:38.703 [Forwarding isElementDisplayed on session 18063075-812d-4a4c-a6cd-30fbf03bc7bd to remote] DEBUG org.apache.http.wire - http-outgoing-21 << "Access-Control-Allow-Origin: *[\r][\n]"
C996503BA 12:27:38.703 [Forwarding isElementDisplayed on session 18063075-812d-4a4c-a6cd-30fbf03bc7bd to remote] DEBUG org.apache.http.wire - http-outgoing-21 << "Access-Control-Allow-Methods: GET,POST,PUT,OPTIONS,DELETE[\r][\n]"
with 18063075-812d12:27:38.704 [Forwarding isElementDisplayed on session 18063075-812d-4a4c-a6cd-30fbf03bc7bd to remote] DEBUG org.apache.http.wire - http-outgoing-21 << "Access-Control-Allow-Headers: origin, content-type, accept[\r][\n]"
-4a4c-a6cd-30fbf03bc7bd
12:27:38.704 [Forwarding isElementDisplayed on session 18063075-812d-4a4c-a6cd-30fbf03bc7bd to remote] DEBUG org.apache.http.wire - http-outgoing-21 << "Content-Type: application/json; charset=utf-8[\r][\n]"
&amp#27;[35m[HTTP]&amp#27;[3912:27:38.704 [Forwarding isElementDisplayed on session 18063075-812d-4a4c-a6cd-30fbf03bc7bd to remote] DEBUG org.apache.http.wire - http-outgoing-21 << "Content-Length: 76[\r][\n]"
12:27:38.704 [Forwarding isElementDisplayed on session 18063075-812d-4a4c-a6cd-30fbf03bc7bd to remote] DEBUG org.apache.http.wire - http-outgoing-21 << "ETag: W/"4c-Y7k244UeXncxktz3h+rJR8RJids"[\r][\n]"
m &amp#27;[37m<--12:27:38.704 [Forwarding isElementDisplayed on session 18063075-812d-4a4c-a6cd-30fbf03bc7bd to remote] DEBUG org.apache.http.wire - http-outgoing-21 << "Date: Fri, 23 Aug 2019 06:57:38 GMT[\r][\n]"
 GET /wd/hub/s12:27:38.704 [Forwarding isElementDisplayed on session 18063075-812d-4a4c-a6cd-30fbf03bc7bd to remote] DEBUG org.apache.http.wire - http-outgoing-21 << "Connection: keep-alive[\r][\n]"
12:27:38.704 [Forwarding isElementDisplayed on session 18063075-812d-4a4c-a6cd-30fbf03bc7bd to remote] DEBUG org.apache.http.wire - http-outgoing-21 << "[\r][\n]"
e12:27:38.704 [Forwarding isElementDisplayed on session 18063075-812d-4a4c-a6cd-30fbf03bc7bd to remote] DEBUG org.apache.http.wire - http-outgoing-21 << "{"value":true,"sessionId":"18063075-812d-4a4c-a6cd-30fbf03bc7bd","status":0}"
ssion/18063075-812d-4a4c-a6cd-30fbf03bc7bd/element/F3020000-0000-0000-CF19-000000000000/disp12:27:38.704 [Forwarding isElementDisplayed on session 18063075-812d-4a4c-a6cd-30fbf03bc7bd to remote] DEBUG org.apache.http.headers - http-outgoing-21 << HTTP/1.1 200 OK
l12:27:38.705 [Forwarding isElementDisplayed on session 18063075-812d-4a4c-a6cd-30fbf03bc7bd to remote] DEBUG org.apache.http.headers - http-outgoing-21 << X-Powered-By: Express
12:27:38.705 [Forwarding isElementDisplayed on session 18063075-812d-4a4c-a6cd-30fbf03bc7bd to remote] DEBUG org.apache.http.headers - http-outgoing-21 << Access-Control-Allow-Origin: *
12:27:38.705 [Forwarding isElementDisplayed on session 18063075-812d-4a4c-a6cd-30fbf03bc7bd to remote] DEBUG org.apache.http.headers - http-outgoing-21 << Access-Control-Allow-Methods: GET,POST,PUT,OPTIONS,DELETE
12:27:38.705 [Forwarding isElementDisplayed on session 18063075-812d-4a4c-a6cd-30fbf03bc7bd to remote] DEBUG org.apache.http.headers - http-outgoing-21 << Access-Control-Allow-Headers: origin, content-type, accept
12:27:38.705 [Forwarding isElementDisplayed on session 18063075-812d-4a4c-a6cd-30fbf03bc7bd to remote] DEBUG org.apache.http.headers - http-outgoing-21 << Content-Type: application/json; charset=utf-8
12:27:38.705 [Forwarding isElementDisplayed on session 18063075-812d-4a4c-a6cd-30fbf03bc7bd to remote] DEBUG org.apache.http.headers - http-outgoing-21 << Content-Length: 76
12:27:38.705 [Forwarding isElementDisplayed on session 18063075-812d-4a4c-a6cd-30fbf03bc7bd to remote] DEBUG org.apache.http.headers - http-outgoing-21 << ETag: W/"4c-Y7k244UeXncxktz3h+rJR8RJids"
12:27:38.705 [Forwarding isElementDisplayed on session 18063075-812d-4a4c-a6cd-30fbf03bc7bd to remote] DEBUG org.apache.http.headers - http-outgoing-21 << Date: Fri, 23 Aug 2019 06:57:38 GMT
12:27:38.705 [Forwarding isElementDisplayed on session 18063075-812d-4a4c-a6cd-30fbf03bc7bd to remote] DEBUG org.apache.http.headers - http-outgoing-21 << Connection: keep-alive
ayed &amp#27;[39m&amp#27;[32m20012:27:38.705 [Forwarding isElementDisplayed on session 18063075-812d-4a4c-a6cd-30fbf03bc7bd to remote] DEBUG o.a.h.impl.execchain.MainClientExec - Connection can be kept alive indefinitely
&amp#27;[39m &amp#27;[9012:27:38.705 [Forwarding isElementDisplayed on session 18063075-812d-4a4c-a6cd-30fbf03bc7bd to remote] DEBUG o.a.h.i.c.PoolingHttpClientConnectionManager - Connection [id: 21][route: {}->http://localhost:4723] can be kept alive indefinitely
m269 ms - 76&amp#27;[39m
&amp#27;[35m[HTTP]&amp#27;[39m &amp#27;[90m&amp#27;[39m
12:27:38.705 [Forwarding isElementDisplayed on session 18063075-812d-4a4c-a6cd-30fbf03bc7bd to remote] DEBUG o.a.h.i.c.PoolingHttpClientConnectionManager - Connection released: [id: 21][route: {}->http://localhost:4723][total kept alive: 1; route allocated: 1 of 2000; total allocated: 1 of 2000]
12:27:38.706 [Forwarding findElement on session 18063075-812d-4a4c-a6cd-30fbf03bc7bd to remote] DEBUG o.a.h.c.protocol.RequestAddCookies - CookieSpec selected: default
12:27:38.706 [Forwarding findElement on session 18063075-812d-4a4c-a6cd-30fbf03bc7bd to remote] DEBUG o.a.h.c.protocol.RequestAuthCache - Auth cache not set in the context
12:27:38.706 [Forwarding findElement on session 18063075-812d-4a4c-a6cd-30fbf03bc7bd to remote] DEBUG o.a.h.i.c.PoolingHttpClientConnectionManager - Connection request: [route: {}->http://localhost:4723][total kept alive: 1; route allocated: 1 of 2000; total allocated: 1 of 2000]
12:27:38.706 [Forwarding findElement on session 18063075-812d-4a4c-a6cd-30fbf03bc7bd to remote] DEBUG o.a.h.i.c.PoolingHttpClientConnectionManager - Connection leased: [id: 21][route: {}->http://localhost:4723][total kept alive: 0; route allocated: 1 of 2000; total allocated: 1 of 2000]
12:27:38.706 [Forwarding findElement on session 18063075-812d-4a4c-a6cd-30fbf03bc7bd to remote] DEBUG o.a.h.impl.execchain.MainClientExec - Stale connection check
12:27:38.708 [Forwarding findElement on session 18063075-812d-4a4c-a6cd-30fbf03bc7bd to remote] DEBUG org.apache.http.wire - http-outgoing-21 << "[read] I/O error: Read timed out"
12:27:38.708 [Forwarding findElement on session 18063075-812d-4a4c-a6cd-30fbf03bc7bd to remote] DEBUG o.a.h.i.c.DefaultManagedHttpClientConnection - http-outgoing-21: set socket timeout to 10800000
12:27:38.708 [Forwarding findElement on session 18063075-812d-4a4c-a6cd-30fbf03bc7bd to remote] DEBUG o.a.h.impl.execchain.MainClientExec - Executing request POST /wd/hub/session/18063075-812d-4a4c-a6cd-30fbf03bc7bd/element HTTP/1.1
12:27:38.708 [Forwarding findElement on session 18063075-812d-4a4c-a6cd-30fbf03bc7bd to remote] DEBUG o.a.h.impl.execchain.MainClientExec - Target auth state: UNCHALLENGED
12:27:38.708 [Forwarding findElement on session 18063075-812d-4a4c-a6cd-30fbf03bc7bd to remote] DEBUG o.a.h.impl.execchain.MainClientExec - Proxy auth state: UNCHALLENGED
12:27:38.708 [Forwarding findElement on session 18063075-812d-4a4c-a6cd-30fbf03bc7bd to remote] DEBUG org.apache.http.headers - http-outgoing-21 >> POST /wd/hub/session/18063075-812d-4a4c-a6cd-30fbf03bc7bd/element HTTP/1.1
12:27:38.708 [Forwarding findElement on session 18063075-812d-4a4c-a6cd-30fbf03bc7bd to remote] DEBUG org.apache.http.headers - http-outgoing-21 >> Content-Type: application/json; charset=utf-8
12:27:38.708 [Forwarding findElement on session 18063075-812d-4a4c-a6cd-30fbf03bc7bd to remote] DEBUG org.apache.http.headers - http-outgoing-21 >> Content-Length: 346
12:27:38.708 [Forwarding findElement on session 18063075-812d-4a4c-a6cd-30fbf03bc7bd to remote] DEBUG org.apache.http.headers - http-outgoing-21 >> Host: localhost:4723
12:27:38.708 [Forwarding findElement on session 18063075-812d-4a4c-a6cd-30fbf03bc7bd to remote] DEBUG org.apache.http.headers - http-outgoing-21 >> Connection: Keep-Alive
12:27:38.708 [Forwarding findElement on session 18063075-812d-4a4c-a6cd-30fbf03bc7bd to remote] DEBUG org.apache.http.headers - http-outgoing-21 >> User-Agent: Apache-HttpClient/4.5.2 (Java/1.8.0_171)
12:27:38.708 [Forwarding findElement on session 18063075-812d-4a4c-a6cd-30fbf03bc7bd to remote] DEBUG org.apache.http.headers - http-outgoing-21 >> Accept-Encoding: gzip,deflate
12:27:38.708 [Forwarding findElement on session 18063075-812d-4a4c-a6cd-30fbf03bc7bd to remote] DEBUG org.apache.http.wire - http-outgoing-21 >> "POST /wd/hub/session/18063075-812d-4a4c-a6cd-30fbf03bc7bd/element HTTP/1.1[\r][\n]"
12:27:38.708 [Forwarding findElement on session 18063075-812d-4a4c-a6cd-30fbf03bc7bd to remote] DEBUG org.apache.http.wire - http-outgoing-21 >> "Content-Type: application/json; charset=utf-8[\r][\n]"
12:27:38.708 [Forwarding findElement on session 18063075-812d-4a4c-a6cd-30fbf03bc7bd to remote] DEBUG org.apache.http.wire - http-outgoing-21 >> "Content-Length: 346[\r][\n]"
12:27:38.708 [Forwarding findElement on session 18063075-812d-4a4c-a6cd-30fbf03bc7bd to remote] DEBUG org.apache.http.wire - http-outgoing-21 >> "Host: localhost:4723[\r][\n]"
12:27:38.708 [Forwarding findElement on session 18063075-812d-4a4c-a6cd-30fbf03bc7bd to remote] DEBUG org.apache.http.wire - http-outgoing-21 >> "Connection: Keep-Alive[\r][\n]"
12:27:38.708 [Forwarding findElement on session 18063075-812d-4a4c-a6cd-30fbf03bc7bd to remote] DEBUG org.apache.http.wire - http-outgoing-21 >> "User-Agent: Apache-HttpClient/4.5.2 (Java/1.8.0_171)[\r][\n]"
12:27:38.708 [Forwarding findElement on session 18063075-812d-4a4c-a6cd-30fbf03bc7bd to remote] DEBUG org.apache.http.wire - http-outgoing-21 >> "Accept-Encoding: gzip,deflate[\r][\n]"
12:27:38.708 [Forwarding findElement on session 18063075-812d-4a4c-a6cd-30fbf03bc7bd to remote] DEBUG org.apache.http.wire - http-outgoing-21 >> "[\r][\n]"
12:27:38.708 [Forwarding findElement on session 18063075-812d-4a4c-a6cd-30fbf03bc7bd to remote] DEBUG org.apache.http.wire - http-outgoing-21 >> "{"using":"xpath","value":"//XCUIElementTypeApplication/XCUIElementTypeWindow/XCUIElementTypeOther/XCUIElementTypeOther/XCUIElementTypeOther/XCUIElementTypeOther/XCUIElementTypeOther/XCUIElementTypeOther/XCUIElementTypeOther/XCUIElementTypeScrollView/XCUIElementTypeOther[5]/XCUIElementTypeOther[2]/XCUIElementTypeOther/XCUIElementTypeStaticText"}"
&amp#27;[35m[HTTP]&amp#27;[39m &amp#27;[37m-->&amp#27;[39m &amp#27;[37mPOST&amp#27;[39m &amp#27;[37m/wd/hub/session/18063075-812d-4a4c-a6cd-30fbf03bc7bd/element&amp#27;[39m
&amp#27;[35m[HTTP]&amp#27;[39m &amp#27;[90m{"using":"xpath","value":"//XCUIElementTypeApplication/XCUIElementTypeWindow/XCUIElementTypeOther/XCUIElementTypeOther/XCUIElementTypeOther/XCUIElementTypeOther/XCUIElementTypeOther/XCUIElementTypeOther/XCUIElementTypeOther/XCUIElementTypeScrollView/XCUIElementTypeOther[5]/XCUIElementTypeOther[2]/XCUIElementTypeOther/XCUIElementTypeStaticText"}&amp#27;[39m
12:27:41.661 [Forwarding findElement on session 18063075-812d-4a4c-a6cd-30fbf03bc7bd to remote] DEBUG org.apache.http.wire - http-outgoing-21 << "HTTP/1.1 200 OK[\r][\n]"
12:27:41.661 [Forwarding findElement on session 18063075-812d-4a4c-a6cd-30fbf03bc7bd to remote] DEBUG org.apache.http.wire - http-outgoing-21 << "X-Powered-By: Express[\r][\n]"
12:27:41.661 [Forwarding findElement on session 18063075-812d-4a4c-a6cd-30fbf03bc7bd to remote] DEBUG org.apache.http.wire - http-outgoing-21 << "Access-Control-Allow-Origin: *[\r][\n]"
12:27:41.661 [Forwarding findElement on session 18063075-812d-4a4c-a6cd-30fbf03bc7bd to remote] DEBUG org.apache.http.wire - http-outgoing-21 << "Access-Control-Allow-Methods: GET,POST,PUT,OPTIONS,DELETE[\r][\n]"
12:27:41.661 [Forwarding findElement on session 18063075-812d-4a4c-a6cd-30fbf03bc7bd to remote] DEBUG org.apache.http.wire - http-outgoing-21 << "Access-Control-Allow-Headers: origin, content-type, accept[\r][\n]"
12:27:41.661 [Forwarding findElement on session 18063075-812d-4a4c-a6cd-30fbf03bc7bd to remote] DEBUG org.apache.http.wire - http-outgoing-21 << "Vary: X-HTTP-Method-Override[\r][\n]"
12:27:41.661 [Forwarding findElement on session 18063075-812d-4a4c-a6cd-30fbf03bc7bd to remote] DEBUG org.apache.http.wire - http-outgoing-21 << "Content-Type: application/json; charset=utf-8[\r][\n]"
&amp#27;12:27:41.661 [Forwarding findElement on session 18063075-812d-4a4c-a6cd-30fbf03bc7bd to remote] DEBUG org.apache.http.wire - http-outgoing-21 << "Content-Length: 122[\r][\n]"
[35m[HTTP]&amp#27;[39m &amp#27;[37m<-- POST /wd/hub/session/18063075-812d-4a4c-a6cd-30fbf03bc7bd/element &amp#27;[39m&amp#27;[32m200&amp#27;[39m &amp#27;[90m2952 ms - 1212:27:41.661 [Forwarding findElement on session 18063075-812d-4a4c-a6cd-30fbf03bc7bd to remote] DEBUG org.apache.http.wire - http-outgoing-21 << "ETag: W/"7a-24oEZI0LJqPTBLpuxN0DeVoWPIc"[\r][\n]"
2&amp#27;[39m
12:27:41.662 [Forwarding findElement on session 18063075-812d-4a4c-a6cd-30fbf03bc7bd to remote] DEBUG org.apache.http.wire - http-outgoing-21 << "Date: Fri, 23 Aug 2019 06:57:41 GMT[\r][\n]"
&amp#27;[12:27:41.662 [Forwarding findElement on session 18063075-812d-4a4c-a6cd-30fbf03bc7bd to remote] DEBUG org.apache.http.wire - http-outgoing-21 << "Connection: keep-alive[\r][\n]"
35m[HTTP]&amp#27;[39m &amp#27;[90m&amp#27;[39m
12:27:41.662 [Forwarding findElement on session 18063075-812d-4a4c-a6cd-30fbf03bc7bd to remote] DEBUG org.apache.http.wire - http-outgoing-21 << "[\r][\n]"
12:27:41.662 [Forwarding findElement on session 18063075-812d-4a4c-a6cd-30fbf03bc7bd to remote] DEBUG org.apache.http.wire - http-outgoing-21 << "{"status":0,"value":{"ELEMENT":"F3020000-0000-0000-CF19-000000000000"},"sessionId":"18063075-812d-4a4c-a6cd-30fbf03bc7bd"}"
12:27:41.663 [Forwarding findElement on session 18063075-812d-4a4c-a6cd-30fbf03bc7bd to remote] DEBUG org.apache.http.headers - http-outgoing-21 << HTTP/1.1 200 OK
12:27:41.663 [Forwarding findElement on session 18063075-812d-4a4c-a6cd-30fbf03bc7bd to remote] DEBUG org.apache.http.headers - http-outgoing-21 << X-Powered-By: Express
12:27:41.663 [Forwarding findElement on session 18063075-812d-4a4c-a6cd-30fbf03bc7bd to remote] DEBUG org.apache.http.headers - http-outgoing-21 << Access-Control-Allow-Origin: *
12:27:41.663 [Forwarding findElement on session 18063075-812d-4a4c-a6cd-30fbf03bc7bd to remote] DEBUG org.apache.http.headers - http-outgoing-21 << Access-Control-Allow-Methods: GET,POST,PUT,OPTIONS,DELETE
12:27:41.663 [Forwarding findElement on session 18063075-812d-4a4c-a6cd-30fbf03bc7bd to remote] DEBUG org.apache.http.headers - http-outgoing-21 << Access-Control-Allow-Headers: origin, content-type, accept
12:27:41.663 [Forwarding findElement on session 18063075-812d-4a4c-a6cd-30fbf03bc7bd to remote] DEBUG org.apache.http.headers - http-outgoing-21 << Vary: X-HTTP-Method-Override
12:27:41.663 [Forwarding findElement on session 18063075-812d-4a4c-a6cd-30fbf03bc7bd to remote] DEBUG org.apache.http.headers - http-outgoing-21 << Content-Type: application/json; charset=utf-8
12:27:41.663 [Forwarding findElement on session 18063075-812d-4a4c-a6cd-30fbf03bc7bd to remote] DEBUG org.apache.http.headers - http-outgoing-21 << Content-Length: 122
12:27:41.663 [Forwarding findElement on session 18063075-812d-4a4c-a6cd-30fbf03bc7bd to remote] DEBUG org.apache.http.headers - http-outgoing-21 << ETag: W/"7a-24oEZI0LJqPTBLpuxN0DeVoWPIc"
12:27:41.663 [Forwarding findElement on session 18063075-812d-4a4c-a6cd-30fbf03bc7bd to remote] DEBUG org.apache.http.headers - http-outgoing-21 << Date: Fri, 23 Aug 2019 06:57:41 GMT
12:27:41.663 [Forwarding findElement on session 18063075-812d-4a4c-a6cd-30fbf03bc7bd to remote] DEBUG org.apache.http.headers - http-outgoing-21 << Connection: keep-alive
12:27:41.663 [Forwarding findElement on session 18063075-812d-4a4c-a6cd-30fbf03bc7bd to remote] DEBUG o.a.h.impl.execchain.MainClientExec - Connection can be kept alive indefinitely
12:27:41.663 [Forwarding findElement on session 18063075-812d-4a4c-a6cd-30fbf03bc7bd to remote] DEBUG o.a.h.i.c.PoolingHttpClientConnectionManager - Connection [id: 21][route: {}->http://localhost:4723] can be kept alive indefinitely
12:27:41.663 [Forwarding findElement on session 18063075-812d-4a4c-a6cd-30fbf03bc7bd to remote] DEBUG o.a.h.i.c.PoolingHttpClientConnectionManager - Connection released: [id: 21][route: {}->http://localhost:4723][total kept alive: 1; route allocated: 1 of 2000; total allocated: 1 of 2000]
12:27:41.663 [Forwarding findElement on session 18063075-812d-4a4c-a6cd-30fbf03bc7bd to remote] DEBUG o.a.h.c.protocol.RequestAddCookies - CookieSpec selected: default
12:27:41.663 [Forwarding findElement on session 18063075-812d-4a4c-a6cd-30fbf03bc7bd to remote] DEBUG o.a.h.c.protocol.RequestAuthCache - Auth cache not set in the context
12:27:41.663 [Forwarding findElement on session 18063075-812d-4a4c-a6cd-30fbf03bc7bd to remote] DEBUG o.a.h.i.c.PoolingHttpClientConnectionManager - Connection request: [route: {}->http://localhost:4723][total kept alive: 1; route allocated: 1 of 2000; total allocated: 1 of 2000]
12:27:41.664 [Forwarding findElement on session 18063075-812d-4a4c-a6cd-30fbf03bc7bd to remote] DEBUG o.a.h.i.c.PoolingHttpClientConnectionManager - Connection leased: [id: 21][route: {}->http://localhost:4723][total kept alive: 0; route allocated: 1 of 2000; total allocated: 1 of 2000]
12:27:41.664 [Forwarding findElement on session 18063075-812d-4a4c-a6cd-30fbf03bc7bd to remote] DEBUG o.a.h.impl.execchain.MainClientExec - Stale connection check
12:27:41.665 [Forwarding findElement on session 18063075-812d-4a4c-a6cd-30fbf03bc7bd to remote] DEBUG org.apache.http.wire - http-outgoing-21 << "[read] I/O error: Read timed out"
12:27:41.665 [Forwarding findElement on session 18063075-812d-4a4c-a6cd-30fbf03bc7bd to remote] DEBUG o.a.h.i.c.DefaultManagedHttpClientConnection - http-outgoing-21: set socket timeout to 10800000
12:27:41.665 [Forwarding findElement on session 18063075-812d-4a4c-a6cd-30fbf03bc7bd to remote] DEBUG o.a.h.impl.execchain.MainClientExec - Executing request POST /wd/hub/session/18063075-812d-4a4c-a6cd-30fbf03bc7bd/element HTTP/1.1
12:27:41.665 [Forwarding findElement on session 18063075-812d-4a4c-a6cd-30fbf03bc7bd to remote] DEBUG o.a.h.impl.execchain.MainClientExec - Target auth state: UNCHALLENGED
12:27:41.665 [Forwarding findElement on session 18063075-812d-4a4c-a6cd-30fbf03bc7bd to remote] DEBUG o.a.h.impl.execchain.MainClientExec - Proxy auth state: UNCHALLENGED
12:27:41.665 [Forwarding findElement on session 18063075-812d-4a4c-a6cd-30fbf03bc7bd to remote] DEBUG org.apache.http.headers - http-outgoing-21 >> POST /wd/hub/session/18063075-812d-4a4c-a6cd-30fbf03bc7bd/element HTTP/1.1
12:27:41.665 [Forwarding findElement on session 18063075-812d-4a4c-a6cd-30fbf03bc7bd to remote] DEBUG org.apache.http.headers - http-outgoing-21 >> Content-Type: application/json; charset=utf-8
12:27:41.665 [Forwarding findElement on session 18063075-812d-4a4c-a6cd-30fbf03bc7bd to remote] DEBUG org.apache.http.headers - http-outgoing-21 >> Content-Length: 346
12:27:41.665 [Forwarding findElement on session 18063075-812d-4a4c-a6cd-30fbf03bc7bd to remote] DEBUG org.apache.http.headers - http-outgoing-21 >> Host: localhost:4723
12:27:41.665 [Forwarding findElement on session 18063075-812d-4a4c-a6cd-30fbf03bc7bd to remote] DEBUG org.apache.http.headers - http-outgoing-21 >> Connection: Keep-Alive
12:27:41.665 [Forwarding findElement on session 18063075-812d-4a4c-a6cd-30fbf03bc7bd to remote] DEBUG org.apache.http.headers - http-outgoing-21 >> User-Agent: Apache-HttpClient/4.5.2 (Java/1.8.0_171)
12:27:41.665 [Forwarding findElement on session 18063075-812d-4a4c-a6cd-30fbf03bc7bd to remote] DEBUG org.apache.http.headers - http-outgoing-21 >> Accept-Encoding: gzip,deflate
12:27:41.665 [Forwarding findElement on session 18063075-812d-4a4c-a6cd-30fbf03bc7bd to remote] DEBUG org.apache.http.wire - http-outgoing-21 >> "POST /wd/hub/session/18063075-812d-4a4c-a6cd-30fbf03bc7bd/element HTTP/1.1[\r][\n]"
12:27:41.665 [Forwarding findElement on session 18063075-812d-4a4c-a6cd-30fbf03bc7bd to remote] DEBUG org.apache.http.wire - http-outgoing-21 >> "Content-Type: application/json; charset=utf-8[\r][\n]"
12:27:41.665 [Forwarding findElement on session 18063075-812d-4a4c-a6cd-30fbf03bc7bd to remote] DEBUG org.apache.http.wire - http-outgoing-21 >> "Content-Length: 346[\r][\n]"
12:27:41.665 [Forwarding findElement on session 18063075-812d-4a4c-a6cd-30fbf03bc7bd to remote] DEBUG org.apache.http.wire - http-outgoing-21 >> "Host: localhost:4723[\r][\n]"
12:27:41.665 [Forwarding findElement on session 18063075-812d-4a4c-a6cd-30fbf03bc7bd to remote] DEBUG org.apache.http.wire - http-outgoing-21 >> "Connection: Keep-Alive[\r][\n]"
12:27:41.665 [Forwarding findElement on session 18063075-812d-4a4c-a6cd-30fbf03bc7bd to remote] DEBUG org.apache.http.wire - http-outgoing-21 >> "User-Agent: Apache-HttpClient/4.5.2 (Java/1.8.0_171)[\r][\n]"
12:27:41.665 [Forwarding findElement on session 18063075-812d-4a4c-a6cd-30fbf03bc7bd to remote] DEBUG org.apache.http.wire - http-outgoing-21 >> "Accept-Encoding: gzip,deflate[\r][\n]"
12:27:41.665 [Forwarding findElement on session 18063075-812d-4a4c-a6cd-30fbf03bc7bd to remote] DEBUG org.apache.http.wire - http-outgoing-21 >> "[\r][\n]"
12:27:41.665 [Forwarding findElement on session 18063075-812d-4a4c-a6cd-30fbf03bc7bd to remote] DEBUG org.apache.http.wire - http-outgoing-21 >> "{"using":"xpath","value":"//XCUIElementTypeApplication/XCUIElementTypeWindow/XCUIElementTypeOther/XCUIElementTypeOther/XCUIElementTypeOther/XCUIElementTypeOther/XCUIElementTypeOther/XCUIElementTypeOther/XCUIElementTypeOther/XCUIElementTypeScrollView/XCUIElementTypeOther[5]/XCUIElementTypeOther[2]/XCUIElementTypeOther/XCUIElementTypeStaticText"}"
&amp#27;[35m[HTTP]&amp#27;[39m &amp#27;[37m-->&amp#27;[39m &amp#27;[37mPOST&amp#27;[39m &amp#27;[37m/wd/hub/session/18063075-812d-4a4c-a6cd-30fbf03bc7bd/element&amp#27;[39m
&amp#27;[35m[HTTP]&amp#27;[39m &amp#27;[90m{"using":"xpath","value":"//XCUIElementTypeApplication/XCUIElementTypeWindow/XCUIElementTypeOther/XCUIElementTypeOther/XCUIElementTypeOther/XCUIElementTypeOther/XCUIElementTypeOther/XCUIElementTypeOther/XCUIElementTypeOther/XCUIElementTypeScrollView/XCUIElementTypeOther[5]/XCUIElementTypeOther[2]/XCUIElementTypeOther/XCUIElementTypeStaticText"}&amp#27;[39m
12:27:44.617 [Forwarding findElement on session 18063075-812d-4a4c-a6cd-30fbf03bc7bd to remote] DEBUG org.apache.http.wire - http-outgoing-21 << "HTTP/1.1 200 OK[\r][\n]"
12:27:44.617 [Forwarding findElement on session 18063075-812d-4a4c-a6cd-30fbf03bc7bd to remote] DEBUG org.apache.http.wire - http-outgoing-21 << "X-Powered-By: Express[\r][\n]"
12:27:44.617 [Forwarding findElement on session 18063075-812d-4a4c-a6cd-30fbf03bc7bd to remote] DEBUG org.apache.http.wire - http-outgoing-21 << "Access-Control-Allow-Origin: *[\r][\n]"
12:27:44.617 [Forwarding findElement on session 18063075-812d-4a4c-a6cd-30fbf03bc7bd to remote] DEBUG org.apache.http.wire - http-outgoing-21 << "Access-Control-Allow-Methods: GET,POST,PUT,OPTIONS,DELETE[\r][\n]"
12:27:44.617 [Forwarding findElement on session 18063075-812d-4a4c-a6cd-30fbf03bc7bd to remote] DEBUG org.apache.http.wire - http-outgoing-21 << "Access-Control-Allow-Headers: origin, content-type, accept[\r][\n]"
12:27:44.617 [Forwarding findElement on session 18063075-812d-4a4c-a6cd-30fbf03bc7bd to remote] DEBUG org.apache.http.wire - http-outgoing-21 << "Vary: X-HTTP-Method-Override[\r][\n]"
12:27:44.617 [Forwarding findElement on session 18063075-812d-4a4c-a6cd-30fbf03bc7bd to remote] DEBUG org.apache.http.wire - http-outgoing-21 << "Content-Type: application/json; charset=utf-8[\r][\n]"
12:27:44.617 [Forwarding findElement on session 18063075-812d-4a4c-a6cd-30fbf03bc7bd to remote] DEBUG org.apache.http.wire - http-outgoing-21 << "Content-Length: 122[\r][\n]"
12:27:44.617 [Forwarding findElement on session 18063075-812d-4a4c-a6cd-30fbf03bc7bd to remote] DEBUG org.apache.http.wire - http-outgoing-21 << "ETag: W/"7a-24oEZI0LJqPTBLpuxN0DeVoWPIc"[\r][\n]"
12:27:44.617 [Forwarding findElement on session 18063075-812d-4a4c-a6cd-30fbf03bc7bd to remote] DEBUG org.apache.http.wire - http-outgoing-21 << "Date: Fri, 23 Aug 2019 06:57:44 GMT[\r][\n]"
12:27:44.617 [Forwarding findElement on session 18063075-812d-4a4c-a6cd-30fbf03bc7bd to remote] DEBUG org.apache.http.wire - http-outgoing-21 << "Connection: keep-alive[\r][\n]"
12:27:44.617 [Forwarding findElement on session 18063075-812d-4a4c-a6cd-30fbf03bc7bd to remote] DEBUG org.apache.http.wire - http-outgoing-21 << "[\r][\n]"
&amp#27;[35m[HTTP]&amp#27;[39m &amp#27;[37m<-- POS12:27:44.617 [Forwarding findElement on session 18063075-812d-4a4c-a6cd-30fbf03bc7bd to remote] DEBUG org.apache.http.wire - http-outgoing-21 << "{"status":0,"value":{"ELEMENT":"F3020000-0000-0000-CF19-000000000000"},"sessionId":"18063075-812d-4a4c-a6cd-30fbf03bc7bd"}"
T /wd/hub/session/18063075-812d-4a4c-a6cd-30fbf03bc7bd/element &amp#27;[39m&amp#27;[32m200&amp#27;12:27:44.617 [Forwarding findElement on session 18063075-812d-4a4c-a6cd-30fbf03bc7bd to remote] DEBUG org.apache.http.headers - http-outgoing-21 << HTTP/1.1 200 OK
[12:27:44.618 [Forwarding findElement on session 18063075-812d-4a4c-a6cd-30fbf03bc7bd to remote] DEBUG org.apache.http.headers - http-outgoing-21 << X-Powered-By: Express
12:27:44.618 [Forwarding findElement on session 18063075-812d-4a4c-a6cd-30fbf03bc7bd to remote] DEBUG org.apache.http.headers - http-outgoing-21 << Access-Control-Allow-Origin: *
12:27:44.618 [Forwarding findElement on session 18063075-812d-4a4c-a6cd-30fbf03bc7bd to remote] DEBUG org.apache.http.headers - http-outgoing-21 << Access-Control-Allow-Methods: GET,POST,PUT,OPTIONS,DELETE
12:27:44.618 [Forwarding findElement on session 18063075-812d-4a4c-a6cd-30fbf03bc7bd to remote] DEBUG org.apache.http.headers - http-outgoing-21 << Access-Control-Allow-Headers: origin, content-type, accept
12:27:44.618 [Forwarding findElement on session 18063075-812d-4a4c-a6cd-30fbf03bc7bd to remote] DEBUG org.apache.http.headers - http-outgoing-21 << Vary: X-HTTP-Method-Override
3912:27:44.618 [Forwarding findElement on session 18063075-812d-4a4c-a6cd-30fbf03bc7bd to remote] DEBUG org.apache.http.headers - http-outgoing-21 << Content-Type: application/json; charset=utf-8
12:27:44.618 [Forwarding findElement on session 18063075-812d-4a4c-a6cd-30fbf03bc7bd to remote] DEBUG org.apache.http.headers - http-outgoing-21 << Content-Length: 122
m &amp#27;[90m2950 ms - 122&amp#27;[39m
&amp#27;[3512:27:44.618 [Forwarding findElement on session 18063075-812d-4a4c-a6cd-30fbf03bc7bd to remote] DEBUG org.apache.http.headers - http-outgoing-21 << ETag: W/"7a-24oEZI0LJqPTBLpuxN0DeVoWPIc"
m[HTTP]&amp#27;[39m &amp#27;[90m&amp#27;[39m
12:27:44.618 [Forwarding findElement on session 18063075-812d-4a4c-a6cd-30fbf03bc7bd to remote] DEBUG org.apache.http.headers - http-outgoing-21 << Date: Fri, 23 Aug 2019 06:57:44 GMT
12:27:44.618 [Forwarding findElement on session 18063075-812d-4a4c-a6cd-30fbf03bc7bd to remote] DEBUG org.apache.http.headers - http-outgoing-21 << Connection: keep-alive
12:27:44.618 [Forwarding findElement on session 18063075-812d-4a4c-a6cd-30fbf03bc7bd to remote] DEBUG o.a.h.impl.execchain.MainClientExec - Connection can be kept alive indefinitely
12:27:44.618 [Forwarding findElement on session 18063075-812d-4a4c-a6cd-30fbf03bc7bd to remote] DEBUG o.a.h.i.c.PoolingHttpClientConnectionManager - Connection [id: 21][route: {}->http://localhost:4723] can be kept alive indefinitely
12:27:44.618 [Forwarding findElement on session 18063075-812d-4a4c-a6cd-30fbf03bc7bd to remote] DEBUG o.a.h.i.c.PoolingHttpClientConnectionManager - Connection released: [id: 21][route: {}->http://localhost:4723][total kept alive: 1; route allocated: 1 of 2000; total allocated: 1 of 2000]
12:27:44.619 [Forwarding getElementText on session 18063075-812d-4a4c-a6cd-30fbf03bc7bd to remote] DEBUG o.a.h.c.protocol.RequestAddCookies - CookieSpec selected: default
12:27:44.619 [Forwarding getElementText on session 18063075-812d-4a4c-a6cd-30fbf03bc7bd to remote] DEBUG o.a.h.c.protocol.RequestAuthCache - Auth cache not set in the context
12:27:44.619 [Forwarding getElementText on session 18063075-812d-4a4c-a6cd-30fbf03bc7bd to remote] DEBUG o.a.h.i.c.PoolingHttpClientConnectionManager - Connection request: [route: {}->http://localhost:4723][total kept alive: 1; route allocated: 1 of 2000; total allocated: 1 of 2000]
12:27:44.619 [Forwarding getElementText on session 18063075-812d-4a4c-a6cd-30fbf03bc7bd to remote] DEBUG o.a.h.i.c.PoolingHttpClientConnectionManager - Connection leased: [id: 21][route: {}->http://localhost:4723][total kept alive: 0; route allocated: 1 of 2000; total allocated: 1 of 2000]
12:27:44.619 [Forwarding getElementText on session 18063075-812d-4a4c-a6cd-30fbf03bc7bd to remote] DEBUG o.a.h.impl.execchain.MainClientExec - Stale connection check
12:27:44.621 [Forwarding getElementText on session 18063075-812d-4a4c-a6cd-30fbf03bc7bd to remote] DEBUG org.apache.http.wire - http-outgoing-21 << "[read] I/O error: Read timed out"
12:27:44.621 [Forwarding getElementText on session 18063075-812d-4a4c-a6cd-30fbf03bc7bd to remote] DEBUG o.a.h.i.c.DefaultManagedHttpClientConnection - http-outgoing-21: set socket timeout to 10800000
12:27:44.621 [Forwarding getElementText on session 18063075-812d-4a4c-a6cd-30fbf03bc7bd to remote] DEBUG o.a.h.impl.execchain.MainClientExec - Executing request GET /wd/hub/session/18063075-812d-4a4c-a6cd-30fbf03bc7bd/element/F3020000-0000-0000-CF19-000000000000/text HTTP/1.1
12:27:44.621 [Forwarding getElementText on session 18063075-812d-4a4c-a6cd-30fbf03bc7bd to remote] DEBUG o.a.h.impl.execchain.MainClientExec - Target auth state: UNCHALLENGED
12:27:44.621 [Forwarding getElementText on session 18063075-812d-4a4c-a6cd-30fbf03bc7bd to remote] DEBUG o.a.h.impl.execchain.MainClientExec - Proxy auth state: UNCHALLENGED
12:27:44.621 [Forwarding getElementText on session 18063075-812d-4a4c-a6cd-30fbf03bc7bd to remote] DEBUG org.apache.http.headers - http-outgoing-21 >> GET /wd/hub/session/18063075-812d-4a4c-a6cd-30fbf03bc7bd/element/F3020000-0000-0000-CF19-000000000000/text HTTP/1.1
12:27:44.621 [Forwarding getElementText on session 18063075-812d-4a4c-a6cd-30fbf03bc7bd to remote] DEBUG org.apache.http.headers - http-outgoing-21 >> Cache-Control: no-cache
12:27:44.621 [Forwarding getElementText on session 18063075-812d-4a4c-a6cd-30fbf03bc7bd to remote] DEBUG org.apache.http.headers - http-outgoing-21 >> Host: localhost:4723
12:27:44.621 [Forwarding getElementText on session 18063075-812d-4a4c-a6cd-30fbf03bc7bd to remote] DEBUG org.apache.http.headers - http-outgoing-21 >> Connection: Keep-Alive
12:27:44.621 [Forwarding getElementText on session 18063075-812d-4a4c-a6cd-30fbf03bc7bd to remote] DEBUG org.apache.http.headers - http-outgoing-21 >> User-Agent: Apache-HttpClient/4.5.2 (Java/1.8.0_171)
12:27:44.621 [Forwarding getElementText on session 18063075-812d-4a4c-a6cd-30fbf03bc7bd to remote] DEBUG org.apache.http.headers - http-outgoing-21 >> Accept-Encoding: gzip,deflate
12:27:44.621 [Forwarding getElementText on session 18063075-812d-4a4c-a6cd-30fbf03bc7bd to remote] DEBUG org.apache.http.wire - http-outgoing-21 >> "GET /wd/hub/session/18063075-812d-4a4c-a6cd-30fbf03bc7bd/element/F3020000-0000-0000-CF19-000000000000/text HTTP/1.1[\r][\n]"
12:27:44.621 [Forwarding getElementText on session 18063075-812d-4a4c-a6cd-30fbf03bc7bd to remote] DEBUG org.apache.http.wire - http-outgoing-21 >> "Cache-Control: no-cache[\r][\n]"
12:27:44.621 [Forwarding getElementText on session 18063075-812d-4a4c-a6cd-30fbf03bc7bd to remote] DEBUG org.apache.http.wire - http-outgoing-21 >> "Host: localhost:4723[\r][\n]"
12:27:44.621 [Forwarding getElementText on session 18063075-812d-4a4c-a6cd-30fbf03bc7bd to remote] DEBUG org.apache.http.wire - http-outgoing-21 >> "Connection: Keep-Alive[\r][\n]"
12:27:44.621 [Forwarding getElementText on session 18063075-812d-4a4c-a6cd-30fbf03bc7bd to remote] DEBUG org.apache.http.wire - http-outgoing-21 >> "User-Agent: Apache-HttpClient/4.5.2 (Java/1.8.0_171)[\r][\n]"
12:27:44.621 [Forwarding getElementText on session 18063075-812d-4a4c-a6cd-30fbf03bc7bd to remote] DEBUG org.apache.http.wire - http-outgoing-21 >> "Accept-Encoding: gzip,deflate[\r][\n]"
12:27:44.621 [Forwarding getElementText on session 18063075-812d-4a4c-a6cd-30fbf03bc7bd to remote] DEBUG org.apache.http.wire - http-outgoing-21 >> "[\r][\n]"
&amp#27;[35m[HTTP]&amp#27;[39m &amp#27;[37m-->&amp#27;[39m &amp#27;[37mGET&amp#27;[39m &amp#27;[37m/wd/hub/session/18063075-812d-4a4c-a6cd-30fbf03bc7bd/element/F3020000-0000-0000-CF19-000000000000/text&amp#27;[39m
&amp#27;[35m[HTTP]&amp#27;[39m &amp#27;[90m{}&amp#27;[39m
&amp#27;[35m[MJSONWP]&amp#27;[39m Driver proxy active, passing request on via HTTP proxy
&amp#27;[35m[JSONWP Proxy]&amp#27;[39m Replacing sessionId B74F9560-FF94-12:27:44.808 [Forwarding getElementText on session 18063075-812d-4a4c-a6cd-30fbf03bc7bd to remote] DEBUG org.apache.http.wire - http-outgoing-21 << "HTTP/1.1 200 OK[\r][\n]"
412:27:44.809 [Forwarding getElementText on session 18063075-812d-4a4c-a6cd-30fbf03bc7bd to remote] DEBUG org.apache.http.wire - http-outgoing-21 << "X-Powered-By: Express[\r][\n]"
12:27:44.809 [Forwarding getElementText on session 18063075-812d-4a4c-a6cd-30fbf03bc7bd to remote] DEBUG org.apache.http.wire - http-outgoing-21 << "Access-Control-Allow-Origin: *[\r][\n]"
12:27:44.809 [Forwarding getElementText on session 18063075-812d-4a4c-a6cd-30fbf03bc7bd to remote] DEBUG org.apache.http.wire - http-outgoing-21 << "Access-Control-Allow-Methods: GET,POST,PUT,OPTIONS,DELETE[\r][\n]"
12:27:44.809 [Forwarding getElementText on session 18063075-812d-4a4c-a6cd-30fbf03bc7bd to remote] DEBUG org.apache.http.wire - http-outgoing-21 << "Access-Control-Allow-Headers: origin, content-type, accept[\r][\n]"
D04-12:27:44.809 [Forwarding getElementText on session 18063075-812d-4a4c-a6cd-30fbf03bc7bd to remote] DEBUG org.apache.http.wire - http-outgoing-21 << "Content-Type: application/json; charset=utf-8[\r][\n]"
12:27:44.809 [Forwarding getElementText on session 18063075-812d-4a4c-a6cd-30fbf03bc7bd to remote] DEBUG org.apache.http.wire - http-outgoing-21 << "Content-Length: 191[\r][\n]"
12:27:44.809 [Forwarding getElementText on session 18063075-812d-4a4c-a6cd-30fbf03bc7bd to remote] DEBUG org.apache.http.wire - http-outgoing-21 << "ETag: W/"bf-0bZd9Kti3NEbfnHlod6jIVr0YZI"[\r][\n]"
12:27:44.809 [Forwarding getElementText on session 18063075-812d-4a4c-a6cd-30fbf03bc7bd to remote] DEBUG org.apache.http.wire - http-outgoing-21 << "Date: Fri, 23 Aug 2019 06:57:44 GMT[\r][\n]"
12:27:44.809 [Forwarding getElementText on session 18063075-812d-4a4c-a6cd-30fbf03bc7bd to remote] DEBUG org.apache.http.wire - http-outgoing-21 << "Connection: keep-alive[\r][\n]"
12:27:44.809 [Forwarding getElementText on session 18063075-812d-4a4c-a6cd-30fbf03bc7bd to remote] DEBUG org.apache.http.wire - http-outgoing-21 << "[\r][\n]"
95612:27:44.809 [Forwarding getElementText on session 18063075-812d-4a4c-a6cd-30fbf03bc7bd to remote] DEBUG org.apache.http.wire - http-outgoing-21 << "{"value":"De Niro stars as Ben Whitaker, a 70-year-old widower who's discovered that retirement isn't all its cracked up to be.","sessionId":"18063075-812d-4a4c-a6cd-30fbf03bc7bd","status":0}"
9-9BCC996503BA12:27:44.809 [Forwarding getElementText on session 18063075-812d-4a4c-a6cd-30fbf03bc7bd to remote] DEBUG org.apache.http.headers - http-outgoing-21 << HTTP/1.1 200 OK
 with 18063075-81212:27:44.809 [Forwarding getElementText on session 18063075-812d-4a4c-a6cd-30fbf03bc7bd to remote] DEBUG org.apache.http.headers - http-outgoing-21 << X-Powered-By: Express
12:27:44.809 [Forwarding getElementText on session 18063075-812d-4a4c-a6cd-30fbf03bc7bd to remote] DEBUG org.apache.http.headers - http-outgoing-21 << Access-Control-Allow-Origin: *
d-4a4c-a6cd-30fbf03bc7bd
12:27:44.809 [Forwarding getElementText on session 18063075-812d-4a4c-a6cd-30fbf03bc7bd to remote] DEBUG org.apache.http.headers - http-outgoing-21 << Access-Control-Allow-Methods: GET,POST,PUT,OPTIONS,DELETE
12:27:44.809 [Forwarding getElementText on session 18063075-812d-4a4c-a6cd-30fbf03bc7bd to remote] DEBUG org.apache.http.headers - http-outgoing-21 << Access-Control-Allow-Headers: origin, content-type, accept
&amp#27;[35m[HTTP]&amp#27;[39m &amp#27;[37m<-- GET /wd/hub/session/18063075-812d-4a4c-12:27:44.809 [Forwarding getElementText on session 18063075-812d-4a4c-a6cd-30fbf03bc7bd to remote] DEBUG org.apache.http.headers - http-outgoing-21 << Content-Type: application/json; charset=utf-8
a12:27:44.810 [Forwarding getElementText on session 18063075-812d-4a4c-a6cd-30fbf03bc7bd to remote] DEBUG org.apache.http.headers - http-outgoing-21 << Content-Length: 191
12:27:44.810 [Forwarding getElementText on session 18063075-812d-4a4c-a6cd-30fbf03bc7bd to remote] DEBUG org.apache.http.headers - http-outgoing-21 << ETag: W/"bf-0bZd9Kti3NEbfnHlod6jIVr0YZI"
12:27:44.810 [Forwarding getElementText on session 18063075-812d-4a4c-a6cd-30fbf03bc7bd to remote] DEBUG org.apache.http.headers - http-outgoing-21 << Date: Fri, 23 Aug 2019 06:57:44 GMT
12:27:44.810 [Forwarding getElementText on session 18063075-812d-4a4c-a6cd-30fbf03bc7bd to remote] DEBUG org.apache.http.headers - http-outgoing-21 << Connection: keep-alive
6cd-30fbf03b12:27:44.810 [Forwarding getElementText on session 18063075-812d-4a4c-a6cd-30fbf03bc7bd to remote] DEBUG o.a.h.impl.execchain.MainClientExec - Connection can be kept alive indefinitely
c7bd/element/F3020000-0000-0000-CF19-000000000000/12:27:44.810 [Forwarding getElementText on session 18063075-812d-4a4c-a6cd-30fbf03bc7bd to remote] DEBUG o.a.h.i.c.PoolingHttpClientConnectionManager - Connection [id: 21][route: {}->http://localhost:4723] can be kept alive indefinitely
text &amp#27;[39m&amp#27;[32m200&amp#27;[39m &amp#27;[90m186 ms - 1912:27:44.810 [Forwarding getElementText on session 18063075-812d-4a4c-a6cd-30fbf03bc7bd to remote] DEBUG o.a.h.i.c.PoolingHttpClientConnectionManager - Connection released: [id: 21][route: {}->http://localhost:4723][total kept alive: 1; route allocated: 1 of 2000; total allocated: 1 of 2000]
1&amp#27;[39m
&amp#27;[35m[HTTP]&amp#27;[39m &amp#27;[90m&amp#27;[39m
12:27:44.811 [Forwarding findElement on session 18063075-812d-4a4c-a6cd-30fbf03bc7bd to remote] DEBUG o.a.h.c.protocol.RequestAddCookies - CookieSpec selected: default
12:27:44.811 [Forwarding findElement on session 18063075-812d-4a4c-a6cd-30fbf03bc7bd to remote] DEBUG o.a.h.c.protocol.RequestAuthCache - Auth cache not set in the context
12:27:44.811 [Forwarding findElement on session 18063075-812d-4a4c-a6cd-30fbf03bc7bd to remote] DEBUG o.a.h.i.c.PoolingHttpClientConnectionManager - Connection request: [route: {}->http://localhost:4723][total kept alive: 1; route allocated: 1 of 2000; total allocated: 1 of 2000]
12:27:44.811 [Forwarding findElement on session 18063075-812d-4a4c-a6cd-30fbf03bc7bd to remote] DEBUG o.a.h.i.c.PoolingHttpClientConnectionManager - Connection leased: [id: 21][route: {}->http://localhost:4723][total kept alive: 0; route allocated: 1 of 2000; total allocated: 1 of 2000]
12:27:44.811 [Forwarding findElement on session 18063075-812d-4a4c-a6cd-30fbf03bc7bd to remote] DEBUG o.a.h.impl.execchain.MainClientExec - Stale connection check
12:27:44.813 [Forwarding findElement on session 18063075-812d-4a4c-a6cd-30fbf03bc7bd to remote] DEBUG org.apache.http.wire - http-outgoing-21 << "[read] I/O error: Read timed out"
12:27:44.813 [Forwarding findElement on session 18063075-812d-4a4c-a6cd-30fbf03bc7bd to remote] DEBUG o.a.h.i.c.DefaultManagedHttpClientConnection - http-outgoing-21: set socket timeout to 10800000
12:27:44.813 [Forwarding findElement on session 18063075-812d-4a4c-a6cd-30fbf03bc7bd to remote] DEBUG o.a.h.impl.execchain.MainClientExec - Executing request POST /wd/hub/session/18063075-812d-4a4c-a6cd-30fbf03bc7bd/element HTTP/1.1
12:27:44.813 [Forwarding findElement on session 18063075-812d-4a4c-a6cd-30fbf03bc7bd to remote] DEBUG o.a.h.impl.execchain.MainClientExec - Target auth state: UNCHALLENGED
12:27:44.813 [Forwarding findElement on session 18063075-812d-4a4c-a6cd-30fbf03bc7bd to remote] DEBUG o.a.h.impl.execchain.MainClientExec - Proxy auth state: UNCHALLENGED
12:27:44.813 [Forwarding findElement on session 18063075-812d-4a4c-a6cd-30fbf03bc7bd to remote] DEBUG org.apache.http.headers - http-outgoing-21 >> POST /wd/hub/session/18063075-812d-4a4c-a6cd-30fbf03bc7bd/element HTTP/1.1
12:27:44.813 [Forwarding findElement on session 18063075-812d-4a4c-a6cd-30fbf03bc7bd to remote] DEBUG org.apache.http.headers - http-outgoing-21 >> Content-Type: application/json; charset=utf-8
12:27:44.813 [Forwarding findElement on session 18063075-812d-4a4c-a6cd-30fbf03bc7bd to remote] DEBUG org.apache.http.headers - http-outgoing-21 >> Content-Length: 33
12:27:44.813 [Forwarding findElement on session 18063075-812d-4a4c-a6cd-30fbf03bc7bd to remote] DEBUG org.apache.http.headers - http-outgoing-21 >> Host: localhost:4723
12:27:44.813 [Forwarding findElement on session 18063075-812d-4a4c-a6cd-30fbf03bc7bd to remote] DEBUG org.apache.http.headers - http-outgoing-21 >> Connection: Keep-Alive
12:27:44.813 [Forwarding findElement on session 18063075-812d-4a4c-a6cd-30fbf03bc7bd to remote] DEBUG org.apache.http.headers - http-outgoing-21 >> User-Agent: Apache-HttpClient/4.5.2 (Java/1.8.0_171)
12:27:44.813 [Forwarding findElement on session 18063075-812d-4a4c-a6cd-30fbf03bc7bd to remote] DEBUG org.apache.http.headers - http-outgoing-21 >> Accept-Encoding: gzip,deflate
12:27:44.813 [Forwarding findElement on session 18063075-812d-4a4c-a6cd-30fbf03bc7bd to remote] DEBUG org.apache.http.wire - http-outgoing-21 >> "POST /wd/hub/session/18063075-812d-4a4c-a6cd-30fbf03bc7bd/element HTTP/1.1[\r][\n]"
12:27:44.813 [Forwarding findElement on session 18063075-812d-4a4c-a6cd-30fbf03bc7bd to remote] DEBUG org.apache.http.wire - http-outgoing-21 >> "Content-Type: application/json; charset=utf-8[\r][\n]"
12:27:44.813 [Forwarding findElement on session 18063075-812d-4a4c-a6cd-30fbf03bc7bd to remote] DEBUG org.apache.http.wire - http-outgoing-21 >> "Content-Length: 33[\r][\n]"
12:27:44.813 [Forwarding findElement on session 18063075-812d-4a4c-a6cd-30fbf03bc7bd to remote] DEBUG org.apache.http.wire - http-outgoing-21 >> "Host: localhost:4723[\r][\n]"
12:27:44.813 [Forwarding findElement on session 18063075-812d-4a4c-a6cd-30fbf03bc7bd to remote] DEBUG org.apache.http.wire - http-outgoing-21 >> "Connection: Keep-Alive[\r][\n]"
12:27:44.813 [Forwarding findElement on session 18063075-812d-4a4c-a6cd-30fbf03bc7bd to remote] DEBUG org.apache.http.wire - http-outgoing-21 >> "User-Agent: Apache-HttpClient/4.5.2 (Java/1.8.0_171)[\r][\n]"
12:27:44.813 [Forwarding findElement on session 18063075-812d-4a4c-a6cd-30fbf03bc7bd to remote] DEBUG org.apache.http.wire - http-outgoing-21 >> "Accept-Encoding: gzip,deflate[\r][\n]"
12:27:44.813 [Forwarding findElement on session 18063075-812d-4a4c-a6cd-30fbf03bc7bd to remote] DEBUG org.apache.http.wire - http-outgoing-21 >> "[\r][\n]"
12:27:44.813 [Forwarding findElement on session 18063075-812d-4a4c-a6cd-30fbf03bc7bd to remote] DEBUG org.apache.http.wire - http-outgoing-21 >> "{"using":"id","value":"Director"}"
&amp#27;[35m[HTTP]&amp#27;[39m &amp#27;[37m-->&amp#27;[39m &amp#27;[37mPOST&amp#27;[39m &amp#27;[37m/wd/hub/session/18063075-812d-4a4c-a6cd-30fbf03bc7bd/element&amp#27;[39m
&amp#27;[35m[HTTP]&amp#27;[39m &amp#27;[90m{"using":"id","value":"Director"}&amp#27;[39m
12:27:45.141 [Forwarding findElement on session 18063075-812d-4a4c-a6cd-30fbf03bc7bd to remote] DEBUG org.apache.http.wire - http-outgoing-21 << "HTTP/1.1 200 OK[\r][\n]"
12:27:45.141 [Forwarding findElement on session 18063075-812d-4a4c-a6cd-30fbf03bc7bd to remote] DEBUG org.apache.http.wire - http-outgoing-21 << "X-Powered-By: Express[\r][\n]"
12:27:45.141 [Forwarding findElement on session 18063075-812d-4a4c-a6cd-30fbf03bc7bd to remote] DEBUG org.apache.http.wire - http-outgoing-21 << "Access-Control-Allow-Origin: *[\r][\n]"
12:27:45.141 [Forwarding findElement on session 18063075-812d-4a4c-a6cd-30fbf03bc7bd to remote] DEBUG org.apache.http.wire - http-outgoing-21 << "Access-Control-Allow-Methods: GET,POST,PUT,OPTIONS,DELETE[\r][\n]"
12:27:45.141 [Forwarding findElement on session 18063075-812d-4a4c-a6cd-30fbf03bc7bd to remote] DEBUG org.apache.http.wire - http-outgoing-21 << "Access-Control-Allow-Headers: origin, content-type, accept[\r][\n]"
12:27:45.141 [Forwarding findElement on session 18063075-812d-4a4c-a6cd-30fbf03bc7bd to remote] DEBUG org.apache.http.wire - http-outgoing-21 << "Vary: X-HTTP-Method-Override[\r][\n]"
12:27:45.141 [Forwarding findElement on session 18063075-812d-4a4c-a6cd-30fbf03bc7bd to remote] DEBUG org.apache.http.wire - http-outgoing-21 << "Content-Type: application/json; charset=utf-8[\r][\n]"
12:27:45.141 [Forwarding findElement on session 18063075-812d-4a4c-a6cd-30fbf03bc7bd to remote] DEBUG org.apache.http.wire - http-outgoing-21 << "Content-Length: 122[\r][\n]"
12:27:45.141 [Forwarding findElement on session 18063075-812d-4a4c-a6cd-30fbf03bc7bd to remote] DEBUG org.apache.http.wire - http-outgoing-21 << "ETag: W/"7a-luLtfQXt2oVTSlJeTbEEvfbDyyE"[\r][\n]"
12:27:45.141 [Forwarding findElement on session 18063075-812d-4a4c-a6cd-30fbf03bc7bd to remote] DEBUG org.apache.http.wire - http-outgoing-21 << "Date: Fri, 23 Aug 2019 06:57:45 GMT[\r][\n]"
12:27:45.141 [Forwarding findElement on session 18063075-812d-4a4c-a6cd-30fbf03bc7bd to remote] DEBUG org.apache.http.wire - http-outgoing-21 << "Connection: keep-alive[\r][\n]"
12:27:45.141 [Forwarding findElement on session 18063075-812d-4a4c-a6cd-30fbf03bc7bd to remote] DEBUG org.apache.http.wire - http-outgoing-21 << "[\r][\n]"
&amp#27;[35m[HTTP]&amp#27;[39m &amp#27;[37m<-- P12:27:45.141 [Forwarding findElement on session 18063075-812d-4a4c-a6cd-30fbf03bc7bd to remote] DEBUG org.apache.http.wire - http-outgoing-21 << "{"status":0,"value":{"ELEMENT":"DE020000-0000-0000-CF19-000000000000"},"sessionId":"18063075-812d-4a4c-a6cd-30fbf03bc7bd"}"
OST /wd/hub/session/18063075-812d-4a4c12:27:45.142 [Forwarding findElement on session 18063075-812d-4a4c-a6cd-30fbf03bc7bd to remote] DEBUG org.apache.http.headers - http-outgoing-21 << HTTP/1.1 200 OK
12:27:45.142 [Forwarding findElement on session 18063075-812d-4a4c-a6cd-30fbf03bc7bd to remote] DEBUG org.apache.http.headers - http-outgoing-21 << X-Powered-By: Express
-a12:27:45.142 [Forwarding findElement on session 18063075-812d-4a4c-a6cd-30fbf03bc7bd to remote] DEBUG org.apache.http.headers - http-outgoing-21 << Access-Control-Allow-Origin: *
12:27:45.142 [Forwarding findElement on session 18063075-812d-4a4c-a6cd-30fbf03bc7bd to remote] DEBUG org.apache.http.headers - http-outgoing-21 << Access-Control-Allow-Methods: GET,POST,PUT,OPTIONS,DELETE
12:27:45.142 [Forwarding findElement on session 18063075-812d-4a4c-a6cd-30fbf03bc7bd to remote] DEBUG org.apache.http.headers - http-outgoing-21 << Access-Control-Allow-Headers: origin, content-type, accept
12:27:45.142 [Forwarding findElement on session 18063075-812d-4a4c-a6cd-30fbf03bc7bd to remote] DEBUG org.apache.http.headers - http-outgoing-21 << Vary: X-HTTP-Method-Override
12:27:45.142 [Forwarding findElement on session 18063075-812d-4a4c-a6cd-30fbf03bc7bd to remote] DEBUG org.apache.http.headers - http-outgoing-21 << Content-Type: application/json; charset=utf-8
12:27:45.142 [Forwarding findElement on session 18063075-812d-4a4c-a6cd-30fbf03bc7bd to remote] DEBUG org.apache.http.headers - http-outgoing-21 << Content-Length: 122
12:27:45.142 [Forwarding findElement on session 18063075-812d-4a4c-a6cd-30fbf03bc7bd to remote] DEBUG org.apache.http.headers - http-outgoing-21 << ETag: W/"7a-luLtfQXt2oVTSlJeTbEEvfbDyyE"
12:27:45.142 [Forwarding findElement on session 18063075-812d-4a4c-a6cd-30fbf03bc7bd to remote] DEBUG org.apache.http.headers - http-outgoing-21 << Date: Fri, 23 Aug 2019 06:57:45 GMT
12:27:45.142 [Forwarding findElement on session 18063075-812d-4a4c-a6cd-30fbf03bc7bd to remote] DEBUG org.apache.http.headers - http-outgoing-21 << Connection: keep-alive
6cd-30fbf03b12:27:45.142 [Forwarding findElement on session 18063075-812d-4a4c-a6cd-30fbf03bc7bd to remote] DEBUG o.a.h.impl.execchain.MainClientExec - Connection can be kept alive indefinitely
c7bd/element &amp#27;[39m&amp#27;[32m200&amp#27;[39m12:27:45.142 [Forwarding findElement on session 18063075-812d-4a4c-a6cd-30fbf03bc7bd to remote] DEBUG o.a.h.i.c.PoolingHttpClientConnectionManager - Connection [id: 21][route: {}->http://localhost:4723] can be kept alive indefinitely
 &amp#27;[90m327 ms - 122&amp#27;[39m
12:27:45.143 [Forwarding findElement on session 18063075-812d-4a4c-a6cd-30fbf03bc7bd to remote] DEBUG o.a.h.i.c.PoolingHttpClientConnectionManager - Connection released: [id: 21][route: {}->http://localhost:4723][total kept alive: 1; route allocated: 1 of 2000; total allocated: 1 of 2000]
&amp#27;[35m[HTTP]&amp#27;[39m &amp#27;[90m&amp#27;[39m
12:27:45.143 [Forwarding isElementDisplayed on session 18063075-812d-4a4c-a6cd-30fbf03bc7bd to remote] DEBUG o.a.h.c.protocol.RequestAddCookies - CookieSpec selected: default
12:27:45.143 [Forwarding isElementDisplayed on session 18063075-812d-4a4c-a6cd-30fbf03bc7bd to remote] DEBUG o.a.h.c.protocol.RequestAuthCache - Auth cache not set in the context
12:27:45.143 [Forwarding isElementDisplayed on session 18063075-812d-4a4c-a6cd-30fbf03bc7bd to remote] DEBUG o.a.h.i.c.PoolingHttpClientConnectionManager - Connection request: [route: {}->http://localhost:4723][total kept alive: 1; route allocated: 1 of 2000; total allocated: 1 of 2000]
12:27:45.143 [Forwarding isElementDisplayed on session 18063075-812d-4a4c-a6cd-30fbf03bc7bd to remote] DEBUG o.a.h.i.c.PoolingHttpClientConnectionManager - Connection leased: [id: 21][route: {}->http://localhost:4723][total kept alive: 0; route allocated: 1 of 2000; total allocated: 1 of 2000]
12:27:45.143 [Forwarding isElementDisplayed on session 18063075-812d-4a4c-a6cd-30fbf03bc7bd to remote] DEBUG o.a.h.impl.execchain.MainClientExec - Stale connection check
12:27:45.145 [Forwarding isElementDisplayed on session 18063075-812d-4a4c-a6cd-30fbf03bc7bd to remote] DEBUG org.apache.http.wire - http-outgoing-21 << "[read] I/O error: Read timed out"
12:27:45.145 [Forwarding isElementDisplayed on session 18063075-812d-4a4c-a6cd-30fbf03bc7bd to remote] DEBUG o.a.h.i.c.DefaultManagedHttpClientConnection - http-outgoing-21: set socket timeout to 10800000
12:27:45.145 [Forwarding isElementDisplayed on session 18063075-812d-4a4c-a6cd-30fbf03bc7bd to remote] DEBUG o.a.h.impl.execchain.MainClientExec - Executing request GET /wd/hub/session/18063075-812d-4a4c-a6cd-30fbf03bc7bd/element/DE020000-0000-0000-CF19-000000000000/displayed HTTP/1.1
12:27:45.145 [Forwarding isElementDisplayed on session 18063075-812d-4a4c-a6cd-30fbf03bc7bd to remote] DEBUG o.a.h.impl.execchain.MainClientExec - Target auth state: UNCHALLENGED
12:27:45.145 [Forwarding isElementDisplayed on session 18063075-812d-4a4c-a6cd-30fbf03bc7bd to remote] DEBUG o.a.h.impl.execchain.MainClientExec - Proxy auth state: UNCHALLENGED
12:27:45.145 [Forwarding isElementDisplayed on session 18063075-812d-4a4c-a6cd-30fbf03bc7bd to remote] DEBUG org.apache.http.headers - http-outgoing-21 >> GET /wd/hub/session/18063075-812d-4a4c-a6cd-30fbf03bc7bd/element/DE020000-0000-0000-CF19-000000000000/displayed HTTP/1.1
12:27:45.145 [Forwarding isElementDisplayed on session 18063075-812d-4a4c-a6cd-30fbf03bc7bd to remote] DEBUG org.apache.http.headers - http-outgoing-21 >> Cache-Control: no-cache
12:27:45.145 [Forwarding isElementDisplayed on session 18063075-812d-4a4c-a6cd-30fbf03bc7bd to remote] DEBUG org.apache.http.headers - http-outgoing-21 >> Host: localhost:4723
12:27:45.145 [Forwarding isElementDisplayed on session 18063075-812d-4a4c-a6cd-30fbf03bc7bd to remote] DEBUG org.apache.http.headers - http-outgoing-21 >> Connection: Keep-Alive
12:27:45.145 [Forwarding isElementDisplayed on session 18063075-812d-4a4c-a6cd-30fbf03bc7bd to remote] DEBUG org.apache.http.headers - http-outgoing-21 >> User-Agent: Apache-HttpClient/4.5.2 (Java/1.8.0_171)
12:27:45.145 [Forwarding isElementDisplayed on session 18063075-812d-4a4c-a6cd-30fbf03bc7bd to remote] DEBUG org.apache.http.headers - http-outgoing-21 >> Accept-Encoding: gzip,deflate
12:27:45.145 [Forwarding isElementDisplayed on session 18063075-812d-4a4c-a6cd-30fbf03bc7bd to remote] DEBUG org.apache.http.wire - http-outgoing-21 >> "GET /wd/hub/session/18063075-812d-4a4c-a6cd-30fbf03bc7bd/element/DE020000-0000-0000-CF19-000000000000/displayed HTTP/1.1[\r][\n]"
12:27:45.145 [Forwarding isElementDisplayed on session 18063075-812d-4a4c-a6cd-30fbf03bc7bd to remote] DEBUG org.apache.http.wire - http-outgoing-21 >> "Cache-Control: no-cache[\r][\n]"
12:27:45.145 [Forwarding isElementDisplayed on session 18063075-812d-4a4c-a6cd-30fbf03bc7bd to remote] DEBUG org.apache.http.wire - http-outgoing-21 >> "Host: localhost:4723[\r][\n]"
12:27:45.145 [Forwarding isElementDisplayed on session 18063075-812d-4a4c-a6cd-30fbf03bc7bd to remote] DEBUG org.apache.http.wire - http-outgoing-21 >> "Connection: Keep-Alive[\r][\n]"
12:27:45.145 [Forwarding isElementDisplayed on session 18063075-812d-4a4c-a6cd-30fbf03bc7bd to remote] DEBUG org.apache.http.wire - http-outgoing-21 >> "User-Agent: Apache-HttpClient/4.5.2 (Java/1.8.0_171)[\r][\n]"
12:27:45.145 [Forwarding isElementDisplayed on session 18063075-812d-4a4c-a6cd-30fbf03bc7bd to remote] DEBUG org.apache.http.wire - http-outgoing-21 >> "Accept-Encoding: gzip,deflate[\r][\n]"
12:27:45.145 [Forwarding isElementDisplayed on session 18063075-812d-4a4c-a6cd-30fbf03bc7bd to remote] DEBUG org.apache.http.wire - http-outgoing-21 >> "[\r][\n]"
&amp#27;[35m[HTTP]&amp#27;[39m &amp#27;[37m-->&amp#27;[39m &amp#27;[37mGET&amp#27;[39m &amp#27;[37m/wd/hub/session/18063075-812d-4a4c-a6cd-30fbf03bc7bd/element/DE020000-0000-0000-CF19-000000000000/displayed&amp#27;[39m
&amp#27;[35m[HTTP]&amp#27;[39m &amp#27;[90m{}&amp#27;[39m
&amp#27;[35m[MJSONWP]&amp#27;[39m Driver proxy active, passing request on via HTTP proxy
&amp#27;[35m[JSONWP Proxy]&amp#27;[39m Replacing sessionId B12:27:45.397 [Forwarding isElementDisplayed on session 18063075-812d-4a4c-a6cd-30fbf03bc7bd to remote] DEBUG org.apache.http.wire - http-outgoing-21 << "HTTP/1.1 200 OK[\r][\n]"
712:27:45.397 [Forwarding isElementDisplayed on session 18063075-812d-4a4c-a6cd-30fbf03bc7bd to remote] DEBUG org.apache.http.wire - http-outgoing-21 << "X-Powered-By: Express[\r][\n]"
4F9560-FF94-4D04-9569-9BCC9912:27:45.397 [Forwarding isElementDisplayed on session 18063075-812d-4a4c-a6cd-30fbf03bc7bd to remote] DEBUG org.apache.http.wire - http-outgoing-21 << "Access-Control-Allow-Origin: *[\r][\n]"
6503BA with 12:27:45.398 [Forwarding isElementDisplayed on session 18063075-812d-4a4c-a6cd-30fbf03bc7bd to remote] DEBUG org.apache.http.wire - http-outgoing-21 << "Access-Control-Allow-Methods: GET,POST,PUT,OPTIONS,DELETE[\r][\n]"
18063075-812d-4a4c-a6cd-30fbf03bc7bd
12:27:45.398 [Forwarding isElementDisplayed on session 18063075-812d-4a4c-a6cd-30fbf03bc7bd to remote] DEBUG org.apache.http.wire - http-outgoing-21 << "Access-Control-Allow-Headers: origin, content-type, accept[\r][\n]"
&amp#27;[35m[HTTP]&amp#27;[39m &amp#27;[37m<-- GET /wd/hub/session/1806312:27:45.398 [Forwarding isElementDisplayed on session 18063075-812d-4a4c-a6cd-30fbf03bc7bd to remote] DEBUG org.apache.http.wire - http-outgoing-21 << "Content-Type: application/json; charset=utf-8[\r][\n]"
12:27:45.398 [Forwarding isElementDisplayed on session 18063075-812d-4a4c-a6cd-30fbf03bc7bd to remote] DEBUG org.apache.http.wire - http-outgoing-21 << "Content-Length: 76[\r][\n]"
075-812d-12:27:45.398 [Forwarding isElementDisplayed on session 18063075-812d-4a4c-a6cd-30fbf03bc7bd to remote] DEBUG org.apache.http.wire - http-outgoing-21 << "ETag: W/"4c-Y7k244UeXncxktz3h+rJR8RJids"[\r][\n]"
12:27:45.398 [Forwarding isElementDisplayed on session 18063075-812d-4a4c-a6cd-30fbf03bc7bd to remote] DEBUG org.apache.http.wire - http-outgoing-21 << "Date: Fri, 23 Aug 2019 06:57:45 GMT[\r][\n]"
412:27:45.398 [Forwarding isElementDisplayed on session 18063075-812d-4a4c-a6cd-30fbf03bc7bd to remote] DEBUG org.apache.http.wire - http-outgoing-21 << "Connection: keep-alive[\r][\n]"
12:27:45.398 [Forwarding isElementDisplayed on session 18063075-812d-4a4c-a6cd-30fbf03bc7bd to remote] DEBUG org.apache.http.wire - http-outgoing-21 << "[\r][\n]"
a412:27:45.398 [Forwarding isElementDisplayed on session 18063075-812d-4a4c-a6cd-30fbf03bc7bd to remote] DEBUG org.apache.http.wire - http-outgoing-21 << "{"value":true,"sessionId":"18063075-812d-4a4c-a6cd-30fbf03bc7bd","status":0}"
c-a6cd-30fbf12:27:45.399 [Forwarding isElementDisplayed on session 18063075-812d-4a4c-a6cd-30fbf03bc7bd to remote] DEBUG org.apache.http.headers - http-outgoing-21 << HTTP/1.1 200 OK
03bc712:27:45.399 [Forwarding isElementDisplayed on session 18063075-812d-4a4c-a6cd-30fbf03bc7bd to remote] DEBUG org.apache.http.headers - http-outgoing-21 << X-Powered-By: Express
12:27:45.399 [Forwarding isElementDisplayed on session 18063075-812d-4a4c-a6cd-30fbf03bc7bd to remote] DEBUG org.apache.http.headers - http-outgoing-21 << Access-Control-Allow-Origin: *
bd/element/DE020000-0000-000012:27:45.399 [Forwarding isElementDisplayed on session 18063075-812d-4a4c-a6cd-30fbf03bc7bd to remote] DEBUG org.apache.http.headers - http-outgoing-21 << Access-Control-Allow-Methods: GET,POST,PUT,OPTIONS,DELETE
12:27:45.399 [Forwarding isElementDisplayed on session 18063075-812d-4a4c-a6cd-30fbf03bc7bd to remote] DEBUG org.apache.http.headers - http-outgoing-21 << Access-Control-Allow-Headers: origin, content-type, accept
12:27:45.399 [Forwarding isElementDisplayed on session 18063075-812d-4a4c-a6cd-30fbf03bc7bd to remote] DEBUG org.apache.http.headers - http-outgoing-21 << Content-Type: application/json; charset=utf-8
12:27:45.399 [Forwarding isElementDisplayed on session 18063075-812d-4a4c-a6cd-30fbf03bc7bd to remote] DEBUG org.apache.http.headers - http-outgoing-21 << Content-Length: 76
-CF19-000000000000/d12:27:45.399 [Forwarding isElementDisplayed on session 18063075-812d-4a4c-a6cd-30fbf03bc7bd to remote] DEBUG org.apache.http.headers - http-outgoing-21 << ETag: W/"4c-Y7k244UeXncxktz3h+rJR8RJids"
12:27:45.399 [Forwarding isElementDisplayed on session 18063075-812d-4a4c-a6cd-30fbf03bc7bd to remote] DEBUG org.apache.http.headers - http-outgoing-21 << Date: Fri, 23 Aug 2019 06:57:45 GMT
12:27:45.399 [Forwarding isElementDisplayed on session 18063075-812d-4a4c-a6cd-30fbf03bc7bd to remote] DEBUG org.apache.http.headers - http-outgoing-21 << Connection: keep-alive
isplayed12:27:45.399 [Forwarding isElementDisplayed on session 18063075-812d-4a4c-a6cd-30fbf03bc7bd to remote] DEBUG o.a.h.impl.execchain.MainClientExec - Connection can be kept alive indefinitely
 &amp#27;[39m&amp#27;[32m212:27:45.399 [Forwarding isElementDisplayed on session 18063075-812d-4a4c-a6cd-30fbf03bc7bd to remote] DEBUG o.a.h.i.c.PoolingHttpClientConnectionManager - Connection [id: 21][route: {}->http://localhost:4723] can be kept alive indefinitely
00&amp#27;12:27:45.399 [Forwarding isElementDisplayed on session 18063075-812d-4a4c-a6cd-30fbf03bc7bd to remote] DEBUG o.a.h.i.c.PoolingHttpClientConnectionManager - Connection released: [id: 21][route: {}->http://localhost:4723][total kept alive: 1; route allocated: 1 of 2000; total allocated: 1 of 2000]
[39m &amp#27;[90m251 ms - 76&amp#27;[39m
&amp#27;[35m[HTTP]&amp#27;[39m &amp#27;[90m&amp#27;[39m
12:27:45.400 [Forwarding findElement on session 18063075-812d-4a4c-a6cd-30fbf03bc7bd to remote] DEBUG o.a.h.c.protocol.RequestAddCookies - CookieSpec selected: default
12:27:45.400 [Forwarding findElement on session 18063075-812d-4a4c-a6cd-30fbf03bc7bd to remote] DEBUG o.a.h.c.protocol.RequestAuthCache - Auth cache not set in the context
12:27:45.400 [Forwarding findElement on session 18063075-812d-4a4c-a6cd-30fbf03bc7bd to remote] DEBUG o.a.h.i.c.PoolingHttpClientConnectionManager - Connection request: [route: {}->http://localhost:4723][total kept alive: 1; route allocated: 1 of 2000; total allocated: 1 of 2000]
12:27:45.400 [Forwarding findElement on session 18063075-812d-4a4c-a6cd-30fbf03bc7bd to remote] DEBUG o.a.h.i.c.PoolingHttpClientConnectionManager - Connection leased: [id: 21][route: {}->http://localhost:4723][total kept alive: 0; route allocated: 1 of 2000; total allocated: 1 of 2000]
12:27:45.400 [Forwarding findElement on session 18063075-812d-4a4c-a6cd-30fbf03bc7bd to remote] DEBUG o.a.h.impl.execchain.MainClientExec - Stale connection check
12:27:45.402 [Forwarding findElement on session 18063075-812d-4a4c-a6cd-30fbf03bc7bd to remote] DEBUG org.apache.http.wire - http-outgoing-21 << "[read] I/O error: Read timed out"
12:27:45.402 [Forwarding findElement on session 18063075-812d-4a4c-a6cd-30fbf03bc7bd to remote] DEBUG o.a.h.i.c.DefaultManagedHttpClientConnection - http-outgoing-21: set socket timeout to 10800000
12:27:45.402 [Forwarding findElement on session 18063075-812d-4a4c-a6cd-30fbf03bc7bd to remote] DEBUG o.a.h.impl.execchain.MainClientExec - Executing request POST /wd/hub/session/18063075-812d-4a4c-a6cd-30fbf03bc7bd/element HTTP/1.1
12:27:45.402 [Forwarding findElement on session 18063075-812d-4a4c-a6cd-30fbf03bc7bd to remote] DEBUG o.a.h.impl.execchain.MainClientExec - Target auth state: UNCHALLENGED
12:27:45.402 [Forwarding findElement on session 18063075-812d-4a4c-a6cd-30fbf03bc7bd to remote] DEBUG o.a.h.impl.execchain.MainClientExec - Proxy auth state: UNCHALLENGED
12:27:45.402 [Forwarding findElement on session 18063075-812d-4a4c-a6cd-30fbf03bc7bd to remote] DEBUG org.apache.http.headers - http-outgoing-21 >> POST /wd/hub/session/18063075-812d-4a4c-a6cd-30fbf03bc7bd/element HTTP/1.1
12:27:45.402 [Forwarding findElement on session 18063075-812d-4a4c-a6cd-30fbf03bc7bd to remote] DEBUG org.apache.http.headers - http-outgoing-21 >> Content-Type: application/json; charset=utf-8
12:27:45.402 [Forwarding findElement on session 18063075-812d-4a4c-a6cd-30fbf03bc7bd to remote] DEBUG org.apache.http.headers - http-outgoing-21 >> Content-Length: 33
12:27:45.402 [Forwarding findElement on session 18063075-812d-4a4c-a6cd-30fbf03bc7bd to remote] DEBUG org.apache.http.headers - http-outgoing-21 >> Host: localhost:4723
12:27:45.402 [Forwarding findElement on session 18063075-812d-4a4c-a6cd-30fbf03bc7bd to remote] DEBUG org.apache.http.headers - http-outgoing-21 >> Connection: Keep-Alive
12:27:45.402 [Forwarding findElement on session 18063075-812d-4a4c-a6cd-30fbf03bc7bd to remote] DEBUG org.apache.http.headers - http-outgoing-21 >> User-Agent: Apache-HttpClient/4.5.2 (Java/1.8.0_171)
12:27:45.402 [Forwarding findElement on session 18063075-812d-4a4c-a6cd-30fbf03bc7bd to remote] DEBUG org.apache.http.headers - http-outgoing-21 >> Accept-Encoding: gzip,deflate
12:27:45.402 [Forwarding findElement on session 18063075-812d-4a4c-a6cd-30fbf03bc7bd to remote] DEBUG org.apache.http.wire - http-outgoing-21 >> "POST /wd/hub/session/18063075-812d-4a4c-a6cd-30fbf03bc7bd/element HTTP/1.1[\r][\n]"
12:27:45.402 [Forwarding findElement on session 18063075-812d-4a4c-a6cd-30fbf03bc7bd to remote] DEBUG org.apache.http.wire - http-outgoing-21 >> "Content-Type: application/json; charset=utf-8[\r][\n]"
12:27:45.402 [Forwarding findElement on session 18063075-812d-4a4c-a6cd-30fbf03bc7bd to remote] DEBUG org.apache.http.wire - http-outgoing-21 >> "Content-Length: 33[\r][\n]"
12:27:45.402 [Forwarding findElement on session 18063075-812d-4a4c-a6cd-30fbf03bc7bd to remote] DEBUG org.apache.http.wire - http-outgoing-21 >> "Host: localhost:4723[\r][\n]"
12:27:45.402 [Forwarding findElement on session 18063075-812d-4a4c-a6cd-30fbf03bc7bd to remote] DEBUG org.apache.http.wire - http-outgoing-21 >> "Connection: Keep-Alive[\r][\n]"
12:27:45.402 [Forwarding findElement on session 18063075-812d-4a4c-a6cd-30fbf03bc7bd to remote] DEBUG org.apache.http.wire - http-outgoing-21 >> "User-Agent: Apache-HttpClient/4.5.2 (Java/1.8.0_171)[\r][\n]"
12:27:45.402 [Forwarding findElement on session 18063075-812d-4a4c-a6cd-30fbf03bc7bd to remote] DEBUG org.apache.http.wire - http-outgoing-21 >> "Accept-Encoding: gzip,deflate[\r][\n]"
12:27:45.402 [Forwarding findElement on session 18063075-812d-4a4c-a6cd-30fbf03bc7bd to remote] DEBUG org.apache.http.wire - http-outgoing-21 >> "[\r][\n]"
12:27:45.402 [Forwarding findElement on session 18063075-812d-4a4c-a6cd-30fbf03bc7bd to remote] DEBUG org.apache.http.wire - http-outgoing-21 >> "{"using":"id","value":"Director"}"
&amp#27;[35m[HTTP]&amp#27;[39m &amp#27;[37m-->&amp#27;[39m &amp#27;[37mPOST&amp#27;[39m &amp#27;[37m/wd/hub/session/18063075-812d-4a4c-a6cd-30fbf03bc7bd/element&amp#27;[39m
&amp#27;[35m[HTTP]&amp#27;[39m &amp#27;[90m{"using":"id","value":"Director"}&amp#27;[39m
12:27:45.735 [Forwarding findElement on session 18063075-812d-4a4c-a6cd-30fbf03bc7bd to remote] DEBUG org.apache.http.wire - http-outgoing-21 << "HTTP/1.1 200 OK[\r][\n]"
12:27:45.735 [Forwarding findElement on session 18063075-812d-4a4c-a6cd-30fbf03bc7bd to remote] DEBUG org.apache.http.wire - http-outgoing-21 << "X-Powered-By: Express[\r][\n]"
12:27:45.735 [Forwarding findElement on session 18063075-812d-4a4c-a6cd-30fbf03bc7bd to remote] DEBUG org.apache.http.wire - http-outgoing-21 << "Access-Control-Allow-Origin: *[\r][\n]"
12:27:45.735 [Forwarding findElement on session 18063075-812d-4a4c-a6cd-30fbf03bc7bd to remote] DEBUG org.apache.http.wire - http-outgoing-21 << "Access-Control-Allow-Methods: GET,POST,PUT,OPTIONS,DELETE[\r][\n]"
12:27:45.735 [Forwarding findElement on session 18063075-812d-4a4c-a6cd-30fbf03bc7bd to remote] DEBUG org.apache.http.wire - http-outgoing-21 << "Access-Control-Allow-Headers: origin, content-type, accept[\r][\n]"
12:27:45.735 [Forwarding findElement on session 18063075-812d-4a4c-a6cd-30fbf03bc7bd to remote] DEBUG org.apache.http.wire - http-outgoing-21 << "Vary: X-HTTP-Method-Override[\r][\n]"
12:27:45.735 [Forwarding findElement on session 18063075-812d-4a4c-a6cd-30fbf03bc7bd to remote] DEBUG org.apache.http.wire - http-outgoing-21 << "Content-Type: application/json; charset=utf-8[\r][\n]"
12:27:45.735 [Forwarding findElement on session 18063075-812d-4a4c-a6cd-30fbf03bc7bd to remote] DEBUG org.apache.http.wire - http-outgoing-21 << "Content-Length: 122[\r][\n]"
12:27:45.735 [Forwarding findElement on session 18063075-812d-4a4c-a6cd-30fbf03bc7bd to remote] DEBUG org.apache.http.wire - http-outgoing-21 << "ETag: W/"7a-luLtfQXt2oVTSlJeTbEEvfbDyyE"[\r][\n]"
12:27:45.735 [Forwarding findElement on session 18063075-812d-4a4c-a6cd-30fbf03bc7bd to remote] DEBUG org.apache.http.wire - http-outgoing-21 << "Date: Fri, 23 Aug 2019 06:57:45 GMT[\r][\n]"
12:27:45.735 [Forwarding findElement on session 18063075-812d-4a4c-a6cd-30fbf03bc7bd to remote] DEBUG org.apache.http.wire - http-outgoing-21 << "Connection: keep-alive[\r][\n]"
12:27:45.735 [Forwarding findElement on session 18063075-812d-4a4c-a6cd-30fbf03bc7bd to remote] DEBUG org.apache.http.wire - http-outgoing-21 << "[\r][\n]"
12:27:45.735 [Forwarding findElement on session 18063075-812d-4a4c-a6cd-30fbf03bc7bd to remote] DEBUG org.apache.http.wire - http-outgoing-21 << "{"status":0,"value":{"ELEMENT":"DE020000-0000-0000-CF19-000000000000"},"sessionId":"18063075-812d-4a4c-a6cd-30fbf03bc7bd"}"
&amp#27;[35m[HTTP]&amp#27;[39m &amp#27;[37m<-- POST /wd/12:27:45.735 [Forwarding findElement on session 18063075-812d-4a4c-a6cd-30fbf03bc7bd to remote] DEBUG org.apache.http.headers - http-outgoing-21 << HTTP/1.1 200 OK
hub/session/18063075-812d-4a4c-a6cd-30fbf03bc7bd/element &amp#27;[39m&amp#27;[32m200&amp#27;[39m &amp#27;[90m332 ms - 122&amp#27;[39m
12:27:45.735 [Forwarding findElement on session 18063075-812d-4a4c-a6cd-30fbf03bc7bd to remote] DEBUG org.apache.http.headers - http-outgoing-21 << X-Powered-By: Express
&amp#27;[312:27:45.736 [Forwarding findElement on session 18063075-812d-4a4c-a6cd-30fbf03bc7bd to remote] DEBUG org.apache.http.headers - http-outgoing-21 << Access-Control-Allow-Origin: *
12:27:45.736 [Forwarding findElement on session 18063075-812d-4a4c-a6cd-30fbf03bc7bd to remote] DEBUG org.apache.http.headers - http-outgoing-21 << Access-Control-Allow-Methods: GET,POST,PUT,OPTIONS,DELETE
12:27:45.736 [Forwarding findElement on session 18063075-812d-4a4c-a6cd-30fbf03bc7bd to remote] DEBUG org.apache.http.headers - http-outgoing-21 << Access-Control-Allow-Headers: origin, content-type, accept
12:27:45.736 [Forwarding findElement on session 18063075-812d-4a4c-a6cd-30fbf03bc7bd to remote] DEBUG org.apache.http.headers - http-outgoing-21 << Vary: X-HTTP-Method-Override
12:27:45.736 [Forwarding findElement on session 18063075-812d-4a4c-a6cd-30fbf03bc7bd to remote] DEBUG org.apache.http.headers - http-outgoing-21 << Content-Type: application/json; charset=utf-8
12:27:45.736 [Forwarding findElement on session 18063075-812d-4a4c-a6cd-30fbf03bc7bd to remote] DEBUG org.apache.http.headers - http-outgoing-21 << Content-Length: 122
12:27:45.736 [Forwarding findElement on session 18063075-812d-4a4c-a6cd-30fbf03bc7bd to remote] DEBUG org.apache.http.headers - http-outgoing-21 << ETag: W/"7a-luLtfQXt2oVTSlJeTbEEvfbDyyE"
12:27:45.736 [Forwarding findElement on session 18063075-812d-4a4c-a6cd-30fbf03bc7bd to remote] DEBUG org.apache.http.headers - http-outgoing-21 << Date: Fri, 23 Aug 2019 06:57:45 GMT
12:27:45.736 [Forwarding findElement on session 18063075-812d-4a4c-a6cd-30fbf03bc7bd to remote] DEBUG org.apache.http.headers - http-outgoing-21 << Connection: keep-alive
5m[HTTP]&amp#27;[39m &amp#27;[90m&amp#27;[39m
12:27:45.736 [Forwarding findElement on session 18063075-812d-4a4c-a6cd-30fbf03bc7bd to remote] DEBUG o.a.h.impl.execchain.MainClientExec - Connection can be kept alive indefinitely
12:27:45.737 [Forwarding findElement on session 18063075-812d-4a4c-a6cd-30fbf03bc7bd to remote] DEBUG o.a.h.i.c.PoolingHttpClientConnectionManager - Connection [id: 21][route: {}->http://localhost:4723] can be kept alive indefinitely
12:27:45.737 [Forwarding findElement on session 18063075-812d-4a4c-a6cd-30fbf03bc7bd to remote] DEBUG o.a.h.i.c.PoolingHttpClientConnectionManager - Connection released: [id: 21][route: {}->http://localhost:4723][total kept alive: 1; route allocated: 1 of 2000; total allocated: 1 of 2000]
12:27:45.737 [Forwarding findElement on session 18063075-812d-4a4c-a6cd-30fbf03bc7bd to remote] DEBUG o.a.h.c.protocol.RequestAddCookies - CookieSpec selected: default
12:27:45.737 [Forwarding findElement on session 18063075-812d-4a4c-a6cd-30fbf03bc7bd to remote] DEBUG o.a.h.c.protocol.RequestAuthCache - Auth cache not set in the context
12:27:45.737 [Forwarding findElement on session 18063075-812d-4a4c-a6cd-30fbf03bc7bd to remote] DEBUG o.a.h.i.c.PoolingHttpClientConnectionManager - Connection request: [route: {}->http://localhost:4723][total kept alive: 1; route allocated: 1 of 2000; total allocated: 1 of 2000]
12:27:45.737 [Forwarding findElement on session 18063075-812d-4a4c-a6cd-30fbf03bc7bd to remote] DEBUG o.a.h.i.c.PoolingHttpClientConnectionManager - Connection leased: [id: 21][route: {}->http://localhost:4723][total kept alive: 0; route allocated: 1 of 2000; total allocated: 1 of 2000]
12:27:45.737 [Forwarding findElement on session 18063075-812d-4a4c-a6cd-30fbf03bc7bd to remote] DEBUG o.a.h.impl.execchain.MainClientExec - Stale connection check
12:27:45.739 [Forwarding findElement on session 18063075-812d-4a4c-a6cd-30fbf03bc7bd to remote] DEBUG org.apache.http.wire - http-outgoing-21 << "[read] I/O error: Read timed out"
12:27:45.739 [Forwarding findElement on session 18063075-812d-4a4c-a6cd-30fbf03bc7bd to remote] DEBUG o.a.h.i.c.DefaultManagedHttpClientConnection - http-outgoing-21: set socket timeout to 10800000
12:27:45.739 [Forwarding findElement on session 18063075-812d-4a4c-a6cd-30fbf03bc7bd to remote] DEBUG o.a.h.impl.execchain.MainClientExec - Executing request POST /wd/hub/session/18063075-812d-4a4c-a6cd-30fbf03bc7bd/element HTTP/1.1
12:27:45.739 [Forwarding findElement on session 18063075-812d-4a4c-a6cd-30fbf03bc7bd to remote] DEBUG o.a.h.impl.execchain.MainClientExec - Target auth state: UNCHALLENGED
12:27:45.739 [Forwarding findElement on session 18063075-812d-4a4c-a6cd-30fbf03bc7bd to remote] DEBUG o.a.h.impl.execchain.MainClientExec - Proxy auth state: UNCHALLENGED
12:27:45.739 [Forwarding findElement on session 18063075-812d-4a4c-a6cd-30fbf03bc7bd to remote] DEBUG org.apache.http.headers - http-outgoing-21 >> POST /wd/hub/session/18063075-812d-4a4c-a6cd-30fbf03bc7bd/element HTTP/1.1
12:27:45.739 [Forwarding findElement on session 18063075-812d-4a4c-a6cd-30fbf03bc7bd to remote] DEBUG org.apache.http.headers - http-outgoing-21 >> Content-Type: application/json; charset=utf-8
12:27:45.739 [Forwarding findElement on session 18063075-812d-4a4c-a6cd-30fbf03bc7bd to remote] DEBUG org.apache.http.headers - http-outgoing-21 >> Content-Length: 33
12:27:45.739 [Forwarding findElement on session 18063075-812d-4a4c-a6cd-30fbf03bc7bd to remote] DEBUG org.apache.http.headers - http-outgoing-21 >> Host: localhost:4723
12:27:45.739 [Forwarding findElement on session 18063075-812d-4a4c-a6cd-30fbf03bc7bd to remote] DEBUG org.apache.http.headers - http-outgoing-21 >> Connection: Keep-Alive
12:27:45.739 [Forwarding findElement on session 18063075-812d-4a4c-a6cd-30fbf03bc7bd to remote] DEBUG org.apache.http.headers - http-outgoing-21 >> User-Agent: Apache-HttpClient/4.5.2 (Java/1.8.0_171)
12:27:45.739 [Forwarding findElement on session 18063075-812d-4a4c-a6cd-30fbf03bc7bd to remote] DEBUG org.apache.http.headers - http-outgoing-21 >> Accept-Encoding: gzip,deflate
12:27:45.739 [Forwarding findElement on session 18063075-812d-4a4c-a6cd-30fbf03bc7bd to remote] DEBUG org.apache.http.wire - http-outgoing-21 >> "POST /wd/hub/session/18063075-812d-4a4c-a6cd-30fbf03bc7bd/element HTTP/1.1[\r][\n]"
12:27:45.739 [Forwarding findElement on session 18063075-812d-4a4c-a6cd-30fbf03bc7bd to remote] DEBUG org.apache.http.wire - http-outgoing-21 >> "Content-Type: application/json; charset=utf-8[\r][\n]"
12:27:45.739 [Forwarding findElement on session 18063075-812d-4a4c-a6cd-30fbf03bc7bd to remote] DEBUG org.apache.http.wire - http-outgoing-21 >> "Content-Length: 33[\r][\n]"
12:27:45.739 [Forwarding findElement on session 18063075-812d-4a4c-a6cd-30fbf03bc7bd to remote] DEBUG org.apache.http.wire - http-outgoing-21 >> "Host: localhost:4723[\r][\n]"
12:27:45.739 [Forwarding findElement on session 18063075-812d-4a4c-a6cd-30fbf03bc7bd to remote] DEBUG org.apache.http.wire - http-outgoing-21 >> "Connection: Keep-Alive[\r][\n]"
12:27:45.739 [Forwarding findElement on session 18063075-812d-4a4c-a6cd-30fbf03bc7bd to remote] DEBUG org.apache.http.wire - http-outgoing-21 >> "User-Agent: Apache-HttpClient/4.5.2 (Java/1.8.0_171)[\r][\n]"
12:27:45.739 [Forwarding findElement on session 18063075-812d-4a4c-a6cd-30fbf03bc7bd to remote] DEBUG org.apache.http.wire - http-outgoing-21 >> "Accept-Encoding: gzip,deflate[\r][\n]"
12:27:45.739 [Forwarding findElement on session 18063075-812d-4a4c-a6cd-30fbf03bc7bd to remote] DEBUG org.apache.http.wire - http-outgoing-21 >> "[\r][\n]"
12:27:45.739 [Forwarding findElement on session 18063075-812d-4a4c-a6cd-30fbf03bc7bd to remote] DEBUG org.apache.http.wire - http-outgoing-21 >> "{"using":"id","value":"Director"}"
&amp#27;[35m[HTTP]&amp#27;[39m &amp#27;[37m-->&amp#27;[39m &amp#27;[37mPOST&amp#27;[39m &amp#27;[37m/wd/hub/session/18063075-812d-4a4c-a6cd-30fbf03bc7bd/element&amp#27;[39m
&amp#27;[35m[HTTP]&amp#27;[39m &amp#27;[90m{"using":"id","value":"Director"}&amp#27;[39m
12:27:46.065 [Forwarding findElement on session 18063075-812d-4a4c-a6cd-30fbf03bc7bd to remote] DEBUG org.apache.http.wire - http-outgoing-21 << "HTTP/1.1 200 OK[\r][\n]"
12:27:46.065 [Forwarding findElement on session 18063075-812d-4a4c-a6cd-30fbf03bc7bd to remote] DEBUG org.apache.http.wire - http-outgoing-21 << "X-Powered-By: Express[\r][\n]"
12:27:46.065 [Forwarding findElement on session 18063075-812d-4a4c-a6cd-30fbf03bc7bd to remote] DEBUG org.apache.http.wire - http-outgoing-21 << "Access-Control-Allow-Origin: *[\r][\n]"
12:27:46.065 [Forwarding findElement on session 18063075-812d-4a4c-a6cd-30fbf03bc7bd to remote] DEBUG org.apache.http.wire - http-outgoing-21 << "Access-Control-Allow-Methods: GET,POST,PUT,OPTIONS,DELETE[\r][\n]"
12:27:46.065 [Forwarding findElement on session 18063075-812d-4a4c-a6cd-30fbf03bc7bd to remote] DEBUG org.apache.http.wire - http-outgoing-21 << "Access-Control-Allow-Headers: origin, content-type, accept[\r][\n]"
12:27:46.065 [Forwarding findElement on session 18063075-812d-4a4c-a6cd-30fbf03bc7bd to remote] DEBUG org.apache.http.wire - http-outgoing-21 << "Vary: X-HTTP-Method-Override[\r][\n]"
12:27:46.065 [Forwarding findElement on session 18063075-812d-4a4c-a6cd-30fbf03bc7bd to remote] DEBUG org.apache.http.wire - http-outgoing-21 << "Content-Type: application/json; charset=utf-8[\r][\n]"
12:27:46.065 [Forwarding findElement on session 18063075-812d-4a4c-a6cd-30fbf03bc7bd to remote] DEBUG org.apache.http.wire - http-outgoing-21 << "Content-Length: 122[\r][\n]"
12:27:46.065 [Forwarding findElement on session 18063075-812d-4a4c-a6cd-30fbf03bc7bd to remote] DEBUG org.apache.http.wire - http-outgoing-21 << "ETag: W/"7a-luLtfQXt2oVTSlJeTbEEvfbDyyE"[\r][\n]"
12:27:46.065 [Forwarding findElement on session 18063075-812d-4a4c-a6cd-30fbf03bc7bd to remote] DEBUG org.apache.http.wire - http-outgoing-21 << "Date: Fri, 23 Aug 2019 06:57:46 GMT[\r][\n]"
12:27:46.065 [Forwarding findElement on session 18063075-812d-4a4c-a6cd-30fbf03bc7bd to remote] DEBUG org.apache.http.wire - http-outgoing-21 << "Connection: keep-alive[\r][\n]"
12:27:46.065 [Forwarding findElement on session 18063075-812d-4a4c-a6cd-30fbf03bc7bd to remote] DEBUG org.apache.http.wire - http-outgoing-21 << "[\r][\n]"
12:27:46.065 [Forwarding findElement on session 18063075-812d-4a4c-a6cd-30fbf03bc7bd to remote] DEBUG org.apache.http.wire - http-outgoing-21 << "{"status":0,"value":{"ELEMENT":"DE020000-0000-0000-CF19-000000000000"},"sessionId":"18063075-812d-4a4c-a6cd-30fbf03bc7bd"}"
12:27:46.065 [Forwarding findElement on session 18063075-812d-4a4c-a6cd-30fbf03bc7bd to remote] DEBUG org.apache.http.headers - http-outgoing-21 << HTTP/1.1 200 OK
&amp#27;[35m[HTT12:27:46.065 [Forwarding findElement on session 18063075-812d-4a4c-a6cd-30fbf03bc7bd to remote] DEBUG org.apache.http.headers - http-outgoing-21 << X-Powered-By: Express
P]&amp#27;[39m &amp#27;[37m<-- POST /wd/hub/sessi12:27:46.065 [Forwarding findElement on session 18063075-812d-4a4c-a6cd-30fbf03bc7bd to remote] DEBUG org.apache.http.headers - http-outgoing-21 << Access-Control-Allow-Origin: *
12:27:46.065 [Forwarding findElement on session 18063075-812d-4a4c-a6cd-30fbf03bc7bd to remote] DEBUG org.apache.http.headers - http-outgoing-21 << Access-Control-Allow-Methods: GET,POST,PUT,OPTIONS,DELETE
12:27:46.065 [Forwarding findElement on session 18063075-812d-4a4c-a6cd-30fbf03bc7bd to remote] DEBUG org.apache.http.headers - http-outgoing-21 << Access-Control-Allow-Headers: origin, content-type, accept
12:27:46.065 [Forwarding findElement on session 18063075-812d-4a4c-a6cd-30fbf03bc7bd to remote] DEBUG org.apache.http.headers - http-outgoing-21 << Vary: X-HTTP-Method-Override
on/18063075-812d-4a4c-a6cd-30fbf03bc712:27:46.065 [Forwarding findElement on session 18063075-812d-4a4c-a6cd-30fbf03bc7bd to remote] DEBUG org.apache.http.headers - http-outgoing-21 << Content-Type: application/json; charset=utf-8
bd/e12:27:46.066 [Forwarding findElement on session 18063075-812d-4a4c-a6cd-30fbf03bc7bd to remote] DEBUG org.apache.http.headers - http-outgoing-21 << Content-Length: 122
12:27:46.066 [Forwarding findElement on session 18063075-812d-4a4c-a6cd-30fbf03bc7bd to remote] DEBUG org.apache.http.headers - http-outgoing-21 << ETag: W/"7a-luLtfQXt2oVTSlJeTbEEvfbDyyE"
12:27:46.066 [Forwarding findElement on session 18063075-812d-4a4c-a6cd-30fbf03bc7bd to remote] DEBUG org.apache.http.headers - http-outgoing-21 << Date: Fri, 23 Aug 2019 06:57:46 GMT
12:27:46.066 [Forwarding findElement on session 18063075-812d-4a4c-a6cd-30fbf03bc7bd to remote] DEBUG org.apache.http.headers - http-outgoing-21 << Connection: keep-alive
lement &amp#27;[39m&amp#27;[32m200&amp#27;[39m &amp#27;[90m32512:27:46.066 [Forwarding findElement on session 18063075-812d-4a4c-a6cd-30fbf03bc7bd to remote] DEBUG o.a.h.impl.execchain.MainClientExec - Connection can be kept alive indefinitely
 ms - 122&amp#27;[39m
&amp#27;12:27:46.066 [Forwarding findElement on session 18063075-812d-4a4c-a6cd-30fbf03bc7bd to remote] DEBUG o.a.h.i.c.PoolingHttpClientConnectionManager - Connection [id: 21][route: {}->http://localhost:4723] can be kept alive indefinitely
[35m[HTTP]&amp#27;[12:27:46.066 [Forwarding findElement on session 18063075-812d-4a4c-a6cd-30fbf03bc7bd to remote] DEBUG o.a.h.i.c.PoolingHttpClientConnectionManager - Connection released: [id: 21][route: {}->http://localhost:4723][total kept alive: 1; route allocated: 1 of 2000; total allocated: 1 of 2000]
39m &amp#27;[90m&amp#27;[39m
12:27:46.067 [Forwarding getElementText on session 18063075-812d-4a4c-a6cd-30fbf03bc7bd to remote] DEBUG o.a.h.c.protocol.RequestAddCookies - CookieSpec selected: default
12:27:46.067 [Forwarding getElementText on session 18063075-812d-4a4c-a6cd-30fbf03bc7bd to remote] DEBUG o.a.h.c.protocol.RequestAuthCache - Auth cache not set in the context
12:27:46.067 [Forwarding getElementText on session 18063075-812d-4a4c-a6cd-30fbf03bc7bd to remote] DEBUG o.a.h.i.c.PoolingHttpClientConnectionManager - Connection request: [route: {}->http://localhost:4723][total kept alive: 1; route allocated: 1 of 2000; total allocated: 1 of 2000]
12:27:46.067 [Forwarding getElementText on session 18063075-812d-4a4c-a6cd-30fbf03bc7bd to remote] DEBUG o.a.h.i.c.PoolingHttpClientConnectionManager - Connection leased: [id: 21][route: {}->http://localhost:4723][total kept alive: 0; route allocated: 1 of 2000; total allocated: 1 of 2000]
12:27:46.067 [Forwarding getElementText on session 18063075-812d-4a4c-a6cd-30fbf03bc7bd to remote] DEBUG o.a.h.impl.execchain.MainClientExec - Stale connection check
12:27:46.068 [Forwarding getElementText on session 18063075-812d-4a4c-a6cd-30fbf03bc7bd to remote] DEBUG org.apache.http.wire - http-outgoing-21 << "[read] I/O error: Read timed out"
12:27:46.068 [Forwarding getElementText on session 18063075-812d-4a4c-a6cd-30fbf03bc7bd to remote] DEBUG o.a.h.i.c.DefaultManagedHttpClientConnection - http-outgoing-21: set socket timeout to 10800000
12:27:46.068 [Forwarding getElementText on session 18063075-812d-4a4c-a6cd-30fbf03bc7bd to remote] DEBUG o.a.h.impl.execchain.MainClientExec - Executing request GET /wd/hub/session/18063075-812d-4a4c-a6cd-30fbf03bc7bd/element/DE020000-0000-0000-CF19-000000000000/text HTTP/1.1
12:27:46.068 [Forwarding getElementText on session 18063075-812d-4a4c-a6cd-30fbf03bc7bd to remote] DEBUG o.a.h.impl.execchain.MainClientExec - Target auth state: UNCHALLENGED
12:27:46.068 [Forwarding getElementText on session 18063075-812d-4a4c-a6cd-30fbf03bc7bd to remote] DEBUG o.a.h.impl.execchain.MainClientExec - Proxy auth state: UNCHALLENGED
12:27:46.069 [Forwarding getElementText on session 18063075-812d-4a4c-a6cd-30fbf03bc7bd to remote] DEBUG org.apache.http.headers - http-outgoing-21 >> GET /wd/hub/session/18063075-812d-4a4c-a6cd-30fbf03bc7bd/element/DE020000-0000-0000-CF19-000000000000/text HTTP/1.1
12:27:46.069 [Forwarding getElementText on session 18063075-812d-4a4c-a6cd-30fbf03bc7bd to remote] DEBUG org.apache.http.headers - http-outgoing-21 >> Cache-Control: no-cache
12:27:46.069 [Forwarding getElementText on session 18063075-812d-4a4c-a6cd-30fbf03bc7bd to remote] DEBUG org.apache.http.headers - http-outgoing-21 >> Host: localhost:4723
12:27:46.069 [Forwarding getElementText on session 18063075-812d-4a4c-a6cd-30fbf03bc7bd to remote] DEBUG org.apache.http.headers - http-outgoing-21 >> Connection: Keep-Alive
12:27:46.069 [Forwarding getElementText on session 18063075-812d-4a4c-a6cd-30fbf03bc7bd to remote] DEBUG org.apache.http.headers - http-outgoing-21 >> User-Agent: Apache-HttpClient/4.5.2 (Java/1.8.0_171)
12:27:46.069 [Forwarding getElementText on session 18063075-812d-4a4c-a6cd-30fbf03bc7bd to remote] DEBUG org.apache.http.headers - http-outgoing-21 >> Accept-Encoding: gzip,deflate
12:27:46.069 [Forwarding getElementText on session 18063075-812d-4a4c-a6cd-30fbf03bc7bd to remote] DEBUG org.apache.http.wire - http-outgoing-21 >> "GET /wd/hub/session/18063075-812d-4a4c-a6cd-30fbf03bc7bd/element/DE020000-0000-0000-CF19-000000000000/text HTTP/1.1[\r][\n]"
12:27:46.069 [Forwarding getElementText on session 18063075-812d-4a4c-a6cd-30fbf03bc7bd to remote] DEBUG org.apache.http.wire - http-outgoing-21 >> "Cache-Control: no-cache[\r][\n]"
12:27:46.069 [Forwarding getElementText on session 18063075-812d-4a4c-a6cd-30fbf03bc7bd to remote] DEBUG org.apache.http.wire - http-outgoing-21 >> "Host: localhost:4723[\r][\n]"
12:27:46.069 [Forwarding getElementText on session 18063075-812d-4a4c-a6cd-30fbf03bc7bd to remote] DEBUG org.apache.http.wire - http-outgoing-21 >> "Connection: Keep-Alive[\r][\n]"
12:27:46.069 [Forwarding getElementText on session 18063075-812d-4a4c-a6cd-30fbf03bc7bd to remote] DEBUG org.apache.http.wire - http-outgoing-21 >> "User-Agent: Apache-HttpClient/4.5.2 (Java/1.8.0_171)[\r][\n]"
12:27:46.069 [Forwarding getElementText on session 18063075-812d-4a4c-a6cd-30fbf03bc7bd to remote] DEBUG org.apache.http.wire - http-outgoing-21 >> "Accept-Encoding: gzip,deflate[\r][\n]"
12:27:46.069 [Forwarding getElementText on session 18063075-812d-4a4c-a6cd-30fbf03bc7bd to remote] DEBUG org.apache.http.wire - http-outgoing-21 >> "[\r][\n]"
&amp#27;[35m[HTTP]&amp#27;[39m &amp#27;[37m-->&amp#27;[39m &amp#27;[37mGET&amp#27;[39m &amp#27;[37m/wd/hub/session/18063075-812d-4a4c-a6cd-30fbf03bc7bd/element/DE020000-0000-0000-CF19-000000000000/text&amp#27;[39m
&amp#27;[35m[HTTP]&amp#27;[39m &amp#27;[90m{}&amp#27;[39m
&amp#27;[35m[MJSONWP]&amp#27;[39m Driver proxy active, passing request on via HTTP proxy
&amp#27;[35m[JSONWP Proxy]&amp#27;[39m Replacing sessionId B74F9560-FF94-4D04-9569-9BCC996503B12:27:46.238 [Forwarding getElementText on session 18063075-812d-4a4c-a6cd-30fbf03bc7bd to remote] DEBUG org.apache.http.wire - http-outgoing-21 << "HTTP/1.1 200 OK[\r][\n]"
A with 180612:27:46.238 [Forwarding getElementText on session 18063075-812d-4a4c-a6cd-30fbf03bc7bd to remote] DEBUG org.apache.http.wire - http-outgoing-21 << "X-Powered-By: Express[\r][\n]"
3075-812d-4a4c-a6cd-30fbf03bc7bd
12:27:46.238 [Forwarding getElementText on session 18063075-812d-4a4c-a6cd-30fbf03bc7bd to remote] DEBUG org.apache.http.wire - http-outgoing-21 << "Access-Control-Allow-Origin: *[\r][\n]"
&amp#27;[35m[HTTP]&amp#27;[39m &amp#27;[37m<-- GET /wd/hub/session/18063075-12:27:46.239 [Forwarding getElementText on session 18063075-812d-4a4c-a6cd-30fbf03bc7bd to remote] DEBUG org.apache.http.wire - http-outgoing-21 << "Access-Control-Allow-Methods: GET,POST,PUT,OPTIONS,DELETE[\r][\n]"
12:27:46.239 [Forwarding getElementText on session 18063075-812d-4a4c-a6cd-30fbf03bc7bd to remote] DEBUG org.apache.http.wire - http-outgoing-21 << "Access-Control-Allow-Headers: origin, content-type, accept[\r][\n]"
81212:27:46.239 [Forwarding getElementText on session 18063075-812d-4a4c-a6cd-30fbf03bc7bd to remote] DEBUG org.apache.http.wire - http-outgoing-21 << "Content-Type: application/json; charset=utf-8[\r][\n]"
d-12:27:46.239 [Forwarding getElementText on session 18063075-812d-4a4c-a6cd-30fbf03bc7bd to remote] DEBUG org.apache.http.wire - http-outgoing-21 << "Content-Length: 82[\r][\n]"
4a4c-a6cd-30fbf03bc7bd/ele12:27:46.239 [Forwarding getElementText on session 18063075-812d-4a4c-a6cd-30fbf03bc7bd to remote] DEBUG org.apache.http.wire - http-outgoing-21 << "ETag: W/"52-c0b6BzkoBA3Jbl1R1n4ZWsOIP8k"[\r][\n]"
12:27:46.239 [Forwarding getElementText on session 18063075-812d-4a4c-a6cd-30fbf03bc7bd to remote] DEBUG org.apache.http.wire - http-outgoing-21 << "Date: Fri, 23 Aug 2019 06:57:46 GMT[\r][\n]"
12:27:46.239 [Forwarding getElementText on session 18063075-812d-4a4c-a6cd-30fbf03bc7bd to remote] DEBUG org.apache.http.wire - http-outgoing-21 << "Connection: keep-alive[\r][\n]"
12:27:46.239 [Forwarding getElementText on session 18063075-812d-4a4c-a6cd-30fbf03bc7bd to remote] DEBUG org.apache.http.wire - http-outgoing-21 << "[\r][\n]"
ment/DE020000-0000-0000-CF19-000000000000/text &amp#27;[39m&amp#27;[12:27:46.239 [Forwarding getElementText on session 18063075-812d-4a4c-a6cd-30fbf03bc7bd to remote] DEBUG org.apache.http.wire - http-outgoing-21 << "{"value":"Director","sessionId":"18063075-812d-4a4c-a6cd-30fbf03bc7bd","status":0}"
32m200&amp#27;[39m 12:27:46.240 [Forwarding getElementText on session 18063075-812d-4a4c-a6cd-30fbf03bc7bd to remote] DEBUG org.apache.http.headers - http-outgoing-21 << HTTP/1.1 200 OK
&amp#27;[12:27:46.240 [Forwarding getElementText on session 18063075-812d-4a4c-a6cd-30fbf03bc7bd to remote] DEBUG org.apache.http.headers - http-outgoing-21 << X-Powered-By: Express
90m169 ms - 82&amp#27;[39m
&amp#27;[35m[HTTP]&amp#27;[39m &amp#27;[90m&amp#27;[39m
12:27:46.240 [Forwarding getElementText on session 18063075-812d-4a4c-a6cd-30fbf03bc7bd to remote] DEBUG org.apache.http.headers - http-outgoing-21 << Access-Control-Allow-Origin: *
12:27:46.240 [Forwarding getElementText on session 18063075-812d-4a4c-a6cd-30fbf03bc7bd to remote] DEBUG org.apache.http.headers - http-outgoing-21 << Access-Control-Allow-Methods: GET,POST,PUT,OPTIONS,DELETE
12:27:46.240 [Forwarding getElementText on session 18063075-812d-4a4c-a6cd-30fbf03bc7bd to remote] DEBUG org.apache.http.headers - http-outgoing-21 << Access-Control-Allow-Headers: origin, content-type, accept
12:27:46.240 [Forwarding getElementText on session 18063075-812d-4a4c-a6cd-30fbf03bc7bd to remote] DEBUG org.apache.http.headers - http-outgoing-21 << Content-Type: application/json; charset=utf-8
12:27:46.240 [Forwarding getElementText on session 18063075-812d-4a4c-a6cd-30fbf03bc7bd to remote] DEBUG org.apache.http.headers - http-outgoing-21 << Content-Length: 82
12:27:46.240 [Forwarding getElementText on session 18063075-812d-4a4c-a6cd-30fbf03bc7bd to remote] DEBUG org.apache.http.headers - http-outgoing-21 << ETag: W/"52-c0b6BzkoBA3Jbl1R1n4ZWsOIP8k"
12:27:46.240 [Forwarding getElementText on session 18063075-812d-4a4c-a6cd-30fbf03bc7bd to remote] DEBUG org.apache.http.headers - http-outgoing-21 << Date: Fri, 23 Aug 2019 06:57:46 GMT
12:27:46.240 [Forwarding getElementText on session 18063075-812d-4a4c-a6cd-30fbf03bc7bd to remote] DEBUG org.apache.http.headers - http-outgoing-21 << Connection: keep-alive
12:27:46.240 [Forwarding getElementText on session 18063075-812d-4a4c-a6cd-30fbf03bc7bd to remote] DEBUG o.a.h.impl.execchain.MainClientExec - Connection can be kept alive indefinitely
12:27:46.240 [Forwarding getElementText on session 18063075-812d-4a4c-a6cd-30fbf03bc7bd to remote] DEBUG o.a.h.i.c.PoolingHttpClientConnectionManager - Connection [id: 21][route: {}->http://localhost:4723] can be kept alive indefinitely
12:27:46.240 [Forwarding getElementText on session 18063075-812d-4a4c-a6cd-30fbf03bc7bd to remote] DEBUG o.a.h.i.c.PoolingHttpClientConnectionManager - Connection released: [id: 21][route: {}->http://localhost:4723][total kept alive: 1; route allocated: 1 of 2000; total allocated: 1 of 2000]
12:27:46.241 [Forwarding findElement on session 18063075-812d-4a4c-a6cd-30fbf03bc7bd to remote] DEBUG o.a.h.c.protocol.RequestAddCookies - CookieSpec selected: default
12:27:46.241 [Forwarding findElement on session 18063075-812d-4a4c-a6cd-30fbf03bc7bd to remote] DEBUG o.a.h.c.protocol.RequestAuthCache - Auth cache not set in the context
12:27:46.241 [Forwarding findElement on session 18063075-812d-4a4c-a6cd-30fbf03bc7bd to remote] DEBUG o.a.h.i.c.PoolingHttpClientConnectionManager - Connection request: [route: {}->http://localhost:4723][total kept alive: 1; route allocated: 1 of 2000; total allocated: 1 of 2000]
12:27:46.241 [Forwarding findElement on session 18063075-812d-4a4c-a6cd-30fbf03bc7bd to remote] DEBUG o.a.h.i.c.PoolingHttpClientConnectionManager - Connection leased: [id: 21][route: {}->http://localhost:4723][total kept alive: 0; route allocated: 1 of 2000; total allocated: 1 of 2000]
12:27:46.241 [Forwarding findElement on session 18063075-812d-4a4c-a6cd-30fbf03bc7bd to remote] DEBUG o.a.h.impl.execchain.MainClientExec - Stale connection check
12:27:46.243 [Forwarding findElement on session 18063075-812d-4a4c-a6cd-30fbf03bc7bd to remote] DEBUG org.apache.http.wire - http-outgoing-21 << "[read] I/O error: Read timed out"
12:27:46.243 [Forwarding findElement on session 18063075-812d-4a4c-a6cd-30fbf03bc7bd to remote] DEBUG o.a.h.i.c.DefaultManagedHttpClientConnection - http-outgoing-21: set socket timeout to 10800000
12:27:46.243 [Forwarding findElement on session 18063075-812d-4a4c-a6cd-30fbf03bc7bd to remote] DEBUG o.a.h.impl.execchain.MainClientExec - Executing request POST /wd/hub/session/18063075-812d-4a4c-a6cd-30fbf03bc7bd/element HTTP/1.1
12:27:46.243 [Forwarding findElement on session 18063075-812d-4a4c-a6cd-30fbf03bc7bd to remote] DEBUG o.a.h.impl.execchain.MainClientExec - Target auth state: UNCHALLENGED
12:27:46.243 [Forwarding findElement on session 18063075-812d-4a4c-a6cd-30fbf03bc7bd to remote] DEBUG o.a.h.impl.execchain.MainClientExec - Proxy auth state: UNCHALLENGED
12:27:46.243 [Forwarding findElement on session 18063075-812d-4a4c-a6cd-30fbf03bc7bd to remote] DEBUG org.apache.http.headers - http-outgoing-21 >> POST /wd/hub/session/18063075-812d-4a4c-a6cd-30fbf03bc7bd/element HTTP/1.1
12:27:46.243 [Forwarding findElement on session 18063075-812d-4a4c-a6cd-30fbf03bc7bd to remote] DEBUG org.apache.http.headers - http-outgoing-21 >> Content-Type: application/json; charset=utf-8
12:27:46.243 [Forwarding findElement on session 18063075-812d-4a4c-a6cd-30fbf03bc7bd to remote] DEBUG org.apache.http.headers - http-outgoing-21 >> Content-Length: 346
12:27:46.243 [Forwarding findElement on session 18063075-812d-4a4c-a6cd-30fbf03bc7bd to remote] DEBUG org.apache.http.headers - http-outgoing-21 >> Host: localhost:4723
12:27:46.243 [Forwarding findElement on session 18063075-812d-4a4c-a6cd-30fbf03bc7bd to remote] DEBUG org.apache.http.headers - http-outgoing-21 >> Connection: Keep-Alive
12:27:46.243 [Forwarding findElement on session 18063075-812d-4a4c-a6cd-30fbf03bc7bd to remote] DEBUG org.apache.http.headers - http-outgoing-21 >> User-Agent: Apache-HttpClient/4.5.2 (Java/1.8.0_171)
12:27:46.243 [Forwarding findElement on session 18063075-812d-4a4c-a6cd-30fbf03bc7bd to remote] DEBUG org.apache.http.headers - http-outgoing-21 >> Accept-Encoding: gzip,deflate
12:27:46.243 [Forwarding findElement on session 18063075-812d-4a4c-a6cd-30fbf03bc7bd to remote] DEBUG org.apache.http.wire - http-outgoing-21 >> "POST /wd/hub/session/18063075-812d-4a4c-a6cd-30fbf03bc7bd/element HTTP/1.1[\r][\n]"
12:27:46.243 [Forwarding findElement on session 18063075-812d-4a4c-a6cd-30fbf03bc7bd to remote] DEBUG org.apache.http.wire - http-outgoing-21 >> "Content-Type: application/json; charset=utf-8[\r][\n]"
12:27:46.243 [Forwarding findElement on session 18063075-812d-4a4c-a6cd-30fbf03bc7bd to remote] DEBUG org.apache.http.wire - http-outgoing-21 >> "Content-Length: 346[\r][\n]"
12:27:46.243 [Forwarding findElement on session 18063075-812d-4a4c-a6cd-30fbf03bc7bd to remote] DEBUG org.apache.http.wire - http-outgoing-21 >> "Host: localhost:4723[\r][\n]"
12:27:46.243 [Forwarding findElement on session 18063075-812d-4a4c-a6cd-30fbf03bc7bd to remote] DEBUG org.apache.http.wire - http-outgoing-21 >> "Connection: Keep-Alive[\r][\n]"
12:27:46.243 [Forwarding findElement on session 18063075-812d-4a4c-a6cd-30fbf03bc7bd to remote] DEBUG org.apache.http.wire - http-outgoing-21 >> "User-Agent: Apache-HttpClient/4.5.2 (Java/1.8.0_171)[\r][\n]"
12:27:46.243 [Forwarding findElement on session 18063075-812d-4a4c-a6cd-30fbf03bc7bd to remote] DEBUG org.apache.http.wire - http-outgoing-21 >> "Accept-Encoding: gzip,deflate[\r][\n]"
12:27:46.243 [Forwarding findElement on session 18063075-812d-4a4c-a6cd-30fbf03bc7bd to remote] DEBUG org.apache.http.wire - http-outgoing-21 >> "[\r][\n]"
12:27:46.243 [Forwarding findElement on session 18063075-812d-4a4c-a6cd-30fbf03bc7bd to remote] DEBUG org.apache.http.wire - http-outgoing-21 >> "{"using":"xpath","value":"//XCUIElementTypeApplication/XCUIElementTypeWindow/XCUIElementTypeOther/XCUIElementTypeOther/XCUIElementTypeOther/XCUIElementTypeOther/XCUIElementTypeOther/XCUIElementTypeOther/XCUIElementTypeOther/XCUIElementTypeScrollView/XCUIElementTypeOther[6]/XCUIElementTypeOther/XCUIElementTypeOther/XCUIElementTypeStaticText[2]"}"
&amp#27;[35m[HTTP]&amp#27;[39m &amp#27;[37m-->&amp#27;[39m &amp#27;[37mPOST&amp#27;[39m &amp#27;[37m/wd/hub/session/18063075-812d-4a4c-a6cd-30fbf03bc7bd/element&amp#27;[39m
&amp#27;[35m[HTTP]&amp#27;[39m &amp#27;[90m{"using":"xpath","value":"//XCUIElementTypeApplication/XCUIElementTypeWindow/XCUIElementTypeOther/XCUIElementTypeOther/XCUIElementTypeOther/XCUIElementTypeOther/XCUIElementTypeOther/XCUIElementTypeOther/XCUIElementTypeOther/XCUIElementTypeScrollView/XCUIElementTypeOther[6]/XCUIElementTypeOther/XCUIElementTypeOther/XCUIElementTypeStaticText[2]"}&amp#27;[39m
12:27:49.209 [Forwarding findElement on session 18063075-812d-4a4c-a6cd-30fbf03bc7bd to remote] DEBUG org.apache.http.wire - http-outgoing-21 << "HTTP/1.1 200 OK[\r][\n]"
12:27:49.209 [Forwarding findElement on session 18063075-812d-4a4c-a6cd-30fbf03bc7bd to remote] DEBUG org.apache.http.wire - http-outgoing-21 << "X-Powered-By: Express[\r][\n]"
12:27:49.209 [Forwarding findElement on session 18063075-812d-4a4c-a6cd-30fbf03bc7bd to remote] DEBUG org.apache.http.wire - http-outgoing-21 << "Access-Control-Allow-Origin: *[\r][\n]"
12:27:49.209 [Forwarding findElement on session 18063075-812d-4a4c-a6cd-30fbf03bc7bd to remote] DEBUG org.apache.http.wire - http-outgoing-21 << "Access-Control-Allow-Methods: GET,POST,PUT,OPTIONS,DELETE[\r][\n]"
12:27:49.209 [Forwarding findElement on session 18063075-812d-4a4c-a6cd-30fbf03bc7bd to remote] DEBUG org.apache.http.wire - http-outgoing-21 << "Access-Control-Allow-Headers: origin, content-type, accept[\r][\n]"
12:27:49.209 [Forwarding findElement on session 18063075-812d-4a4c-a6cd-30fbf03bc7bd to remote] DEBUG org.apache.http.wire - http-outgoing-21 << "Vary: X-HTTP-Method-Override[\r][\n]"
12:27:49.209 [Forwarding findElement on session 18063075-812d-4a4c-a6cd-30fbf03bc7bd to remote] DEBUG org.apache.http.wire - http-outgoing-21 << "Content-Type: application/json; charset=utf-8[\r][\n]"
12:27:49.209 [Forwarding findElement on session 18063075-812d-4a4c-a6cd-30fbf03bc7bd to remote] DEBUG org.apache.http.wire - http-outgoing-21 << "Content-Length: 122[\r][\n]"
12:27:49.209 [Forwarding findElement on session 18063075-812d-4a4c-a6cd-30fbf03bc7bd to remote] DEBUG org.apache.http.wire - http-outgoing-21 << "ETag: W/"7a-ydLC6FobaU7YiJ35swlBdeMI1SI"[\r][\n]"
12:27:49.209 [Forwarding findElement on session 18063075-812d-4a4c-a6cd-30fbf03bc7bd to remote] DEBUG org.apache.http.wire - http-outgoing-21 << "Date: Fri, 23 Aug 2019 06:57:49 GMT[\r][\n]"
12:27:49.209 [Forwarding findElement on session 18063075-812d-4a4c-a6cd-30fbf03bc7bd to remote] DEBUG org.apache.http.wire - http-outgoing-21 << "Connection: keep-alive[\r][\n]"
12:27:49.209 [Forwarding findElement on session 18063075-812d-4a4c-a6cd-30fbf03bc7bd to remote] DEBUG org.apache.http.wire - http-outgoing-21 << "[\r][\n]"
12:27:49.209 [Forwarding findElement on session 18063075-812d-4a4c-a6cd-30fbf03bc7bd to remote] DEBUG org.apache.http.wire - http-outgoing-21 << "{"status":0,"value":{"ELEMENT":"F4020000-0000-0000-CF19-000000000000"},"sessionId":"18063075-812d-4a4c-a6cd-30fbf03bc7bd"}"
&amp#27;[35m[HTTP]&amp#27;[39m &amp#27;[37m<-- POST /wd/hub/session/18063075-812d-4a4c-a6cd-312:27:49.209 [Forwarding findElement on session 18063075-812d-4a4c-a6cd-30fbf03bc7bd to remote] DEBUG org.apache.http.headers - http-outgoing-21 << HTTP/1.1 200 OK
0fbf12:27:49.210 [Forwarding findElement on session 18063075-812d-4a4c-a6cd-30fbf03bc7bd to remote] DEBUG org.apache.http.headers - http-outgoing-21 << X-Powered-By: Express
12:27:49.210 [Forwarding findElement on session 18063075-812d-4a4c-a6cd-30fbf03bc7bd to remote] DEBUG org.apache.http.headers - http-outgoing-21 << Access-Control-Allow-Origin: *
12:27:49.210 [Forwarding findElement on session 18063075-812d-4a4c-a6cd-30fbf03bc7bd to remote] DEBUG org.apache.http.headers - http-outgoing-21 << Access-Control-Allow-Methods: GET,POST,PUT,OPTIONS,DELETE
12:27:49.210 [Forwarding findElement on session 18063075-812d-4a4c-a6cd-30fbf03bc7bd to remote] DEBUG org.apache.http.headers - http-outgoing-21 << Access-Control-Allow-Headers: origin, content-type, accept
12:27:49.210 [Forwarding findElement on session 18063075-812d-4a4c-a6cd-30fbf03bc7bd to remote] DEBUG org.apache.http.headers - http-outgoing-21 << Vary: X-HTTP-Method-Override
12:27:49.210 [Forwarding findElement on session 18063075-812d-4a4c-a6cd-30fbf03bc7bd to remote] DEBUG org.apache.http.headers - http-outgoing-21 << Content-Type: application/json; charset=utf-8
12:27:49.210 [Forwarding findElement on session 18063075-812d-4a4c-a6cd-30fbf03bc7bd to remote] DEBUG org.apache.http.headers - http-outgoing-21 << Content-Length: 122
12:27:49.210 [Forwarding findElement on session 18063075-812d-4a4c-a6cd-30fbf03bc7bd to remote] DEBUG org.apache.http.headers - http-outgoing-21 << ETag: W/"7a-ydLC6FobaU7YiJ35swlBdeMI1SI"
03bc7bd/element &amp#27;[39m&amp#27;[32m200&amp#27;[39m &amp#27;[90m2966 ms - 122&amp#27;[39m
12:27:49.210 [Forwarding findElement on session 18063075-812d-4a4c-a6cd-30fbf03bc7bd to remote] DEBUG org.apache.http.headers - http-outgoing-21 << Date: Fri, 23 Aug 2019 06:57:49 GMT
&amp#27;[35m[HTTP]&amp#27;[39m &amp#27;[90m&amp#27;[39m
12:27:49.210 [Forwarding findElement on session 18063075-812d-4a4c-a6cd-30fbf03bc7bd to remote] DEBUG org.apache.http.headers - http-outgoing-21 << Connection: keep-alive
12:27:49.211 [Forwarding findElement on session 18063075-812d-4a4c-a6cd-30fbf03bc7bd to remote] DEBUG o.a.h.impl.execchain.MainClientExec - Connection can be kept alive indefinitely
12:27:49.211 [Forwarding findElement on session 18063075-812d-4a4c-a6cd-30fbf03bc7bd to remote] DEBUG o.a.h.i.c.PoolingHttpClientConnectionManager - Connection [id: 21][route: {}->http://localhost:4723] can be kept alive indefinitely
12:27:49.211 [Forwarding findElement on session 18063075-812d-4a4c-a6cd-30fbf03bc7bd to remote] DEBUG o.a.h.i.c.PoolingHttpClientConnectionManager - Connection released: [id: 21][route: {}->http://localhost:4723][total kept alive: 1; route allocated: 1 of 2000; total allocated: 1 of 2000]
12:27:49.211 [Forwarding isElementDisplayed on session 18063075-812d-4a4c-a6cd-30fbf03bc7bd to remote] DEBUG o.a.h.c.protocol.RequestAddCookies - CookieSpec selected: default
12:27:49.211 [Forwarding isElementDisplayed on session 18063075-812d-4a4c-a6cd-30fbf03bc7bd to remote] DEBUG o.a.h.c.protocol.RequestAuthCache - Auth cache not set in the context
12:27:49.211 [Forwarding isElementDisplayed on session 18063075-812d-4a4c-a6cd-30fbf03bc7bd to remote] DEBUG o.a.h.i.c.PoolingHttpClientConnectionManager - Connection request: [route: {}->http://localhost:4723][total kept alive: 1; route allocated: 1 of 2000; total allocated: 1 of 2000]
12:27:49.211 [Forwarding isElementDisplayed on session 18063075-812d-4a4c-a6cd-30fbf03bc7bd to remote] DEBUG o.a.h.i.c.PoolingHttpClientConnectionManager - Connection leased: [id: 21][route: {}->http://localhost:4723][total kept alive: 0; route allocated: 1 of 2000; total allocated: 1 of 2000]
12:27:49.211 [Forwarding isElementDisplayed on session 18063075-812d-4a4c-a6cd-30fbf03bc7bd to remote] DEBUG o.a.h.impl.execchain.MainClientExec - Stale connection check
12:27:49.213 [Forwarding isElementDisplayed on session 18063075-812d-4a4c-a6cd-30fbf03bc7bd to remote] DEBUG org.apache.http.wire - http-outgoing-21 << "[read] I/O error: Read timed out"
12:27:49.213 [Forwarding isElementDisplayed on session 18063075-812d-4a4c-a6cd-30fbf03bc7bd to remote] DEBUG o.a.h.i.c.DefaultManagedHttpClientConnection - http-outgoing-21: set socket timeout to 10800000
12:27:49.213 [Forwarding isElementDisplayed on session 18063075-812d-4a4c-a6cd-30fbf03bc7bd to remote] DEBUG o.a.h.impl.execchain.MainClientExec - Executing request GET /wd/hub/session/18063075-812d-4a4c-a6cd-30fbf03bc7bd/element/F4020000-0000-0000-CF19-000000000000/displayed HTTP/1.1
12:27:49.213 [Forwarding isElementDisplayed on session 18063075-812d-4a4c-a6cd-30fbf03bc7bd to remote] DEBUG o.a.h.impl.execchain.MainClientExec - Target auth state: UNCHALLENGED
12:27:49.213 [Forwarding isElementDisplayed on session 18063075-812d-4a4c-a6cd-30fbf03bc7bd to remote] DEBUG o.a.h.impl.execchain.MainClientExec - Proxy auth state: UNCHALLENGED
12:27:49.213 [Forwarding isElementDisplayed on session 18063075-812d-4a4c-a6cd-30fbf03bc7bd to remote] DEBUG org.apache.http.headers - http-outgoing-21 >> GET /wd/hub/session/18063075-812d-4a4c-a6cd-30fbf03bc7bd/element/F4020000-0000-0000-CF19-000000000000/displayed HTTP/1.1
12:27:49.213 [Forwarding isElementDisplayed on session 18063075-812d-4a4c-a6cd-30fbf03bc7bd to remote] DEBUG org.apache.http.headers - http-outgoing-21 >> Cache-Control: no-cache
12:27:49.213 [Forwarding isElementDisplayed on session 18063075-812d-4a4c-a6cd-30fbf03bc7bd to remote] DEBUG org.apache.http.headers - http-outgoing-21 >> Host: localhost:4723
12:27:49.213 [Forwarding isElementDisplayed on session 18063075-812d-4a4c-a6cd-30fbf03bc7bd to remote] DEBUG org.apache.http.headers - http-outgoing-21 >> Connection: Keep-Alive
12:27:49.213 [Forwarding isElementDisplayed on session 18063075-812d-4a4c-a6cd-30fbf03bc7bd to remote] DEBUG org.apache.http.headers - http-outgoing-21 >> User-Agent: Apache-HttpClient/4.5.2 (Java/1.8.0_171)
12:27:49.213 [Forwarding isElementDisplayed on session 18063075-812d-4a4c-a6cd-30fbf03bc7bd to remote] DEBUG org.apache.http.headers - http-outgoing-21 >> Accept-Encoding: gzip,deflate
12:27:49.213 [Forwarding isElementDisplayed on session 18063075-812d-4a4c-a6cd-30fbf03bc7bd to remote] DEBUG org.apache.http.wire - http-outgoing-21 >> "GET /wd/hub/session/18063075-812d-4a4c-a6cd-30fbf03bc7bd/element/F4020000-0000-0000-CF19-000000000000/displayed HTTP/1.1[\r][\n]"
12:27:49.213 [Forwarding isElementDisplayed on session 18063075-812d-4a4c-a6cd-30fbf03bc7bd to remote] DEBUG org.apache.http.wire - http-outgoing-21 >> "Cache-Control: no-cache[\r][\n]"
12:27:49.213 [Forwarding isElementDisplayed on session 18063075-812d-4a4c-a6cd-30fbf03bc7bd to remote] DEBUG org.apache.http.wire - http-outgoing-21 >> "Host: localhost:4723[\r][\n]"
12:27:49.213 [Forwarding isElementDisplayed on session 18063075-812d-4a4c-a6cd-30fbf03bc7bd to remote] DEBUG org.apache.http.wire - http-outgoing-21 >> "Connection: Keep-Alive[\r][\n]"
12:27:49.213 [Forwarding isElementDisplayed on session 18063075-812d-4a4c-a6cd-30fbf03bc7bd to remote] DEBUG org.apache.http.wire - http-outgoing-21 >> "User-Agent: Apache-HttpClient/4.5.2 (Java/1.8.0_171)[\r][\n]"
12:27:49.213 [Forwarding isElementDisplayed on session 18063075-812d-4a4c-a6cd-30fbf03bc7bd to remote] DEBUG org.apache.http.wire - http-outgoing-21 >> "Accept-Encoding: gzip,deflate[\r][\n]"
12:27:49.213 [Forwarding isElementDisplayed on session 18063075-812d-4a4c-a6cd-30fbf03bc7bd to remote] DEBUG org.apache.http.wire - http-outgoing-21 >> "[\r][\n]"
&amp#27;[35m[HTTP]&amp#27;[39m &amp#27;[37m-->&amp#27;[39m &amp#27;[37mGET&amp#27;[39m &amp#27;[37m/wd/hub/session/18063075-812d-4a4c-a6cd-30fbf03bc7bd/element/F4020000-0000-0000-CF19-000000000000/displayed&amp#27;[39m
&amp#27;[35m[HTTP]&amp#27;[39m &amp#27;[90m{}&amp#27;[39m
&amp#27;[35m[MJSONWP]&amp#27;[39m Driver proxy active, passing request on via HTTP proxy
&amp#27;[35m[JSONWP Proxy]&amp#27;[39m Replacing sessionId B74F956012:27:49.490 [Forwarding isElementDisplayed on session 18063075-812d-4a4c-a6cd-30fbf03bc7bd to remote] DEBUG org.apache.http.wire - http-outgoing-21 << "HTTP/1.1 200 OK[\r][\n]"
-FF94-4D012:27:49.490 [Forwarding isElementDisplayed on session 18063075-812d-4a4c-a6cd-30fbf03bc7bd to remote] DEBUG org.apache.http.wire - http-outgoing-21 << "X-Powered-By: Express[\r][\n]"
4-9569-9B12:27:49.490 [Forwarding isElementDisplayed on session 18063075-812d-4a4c-a6cd-30fbf03bc7bd to remote] DEBUG org.apache.http.wire - http-outgoing-21 << "Access-Control-Allow-Origin: *[\r][\n]"
CC99650312:27:49.491 [Forwarding isElementDisplayed on session 18063075-812d-4a4c-a6cd-30fbf03bc7bd to remote] DEBUG org.apache.http.wire - http-outgoing-21 << "Access-Control-Allow-Methods: GET,POST,PUT,OPTIONS,DELETE[\r][\n]"
12:27:49.491 [Forwarding isElementDisplayed on session 18063075-812d-4a4c-a6cd-30fbf03bc7bd to remote] DEBUG org.apache.http.wire - http-outgoing-21 << "Access-Control-Allow-Headers: origin, content-type, accept[\r][\n]"
12:27:49.491 [Forwarding isElementDisplayed on session 18063075-812d-4a4c-a6cd-30fbf03bc7bd to remote] DEBUG org.apache.http.wire - http-outgoing-21 << "Content-Type: application/json; charset=utf-8[\r][\n]"
BA wit12:27:49.491 [Forwarding isElementDisplayed on session 18063075-812d-4a4c-a6cd-30fbf03bc7bd to remote] DEBUG org.apache.http.wire - http-outgoing-21 << "Content-Length: 76[\r][\n]"
h 18063075-812d-4a4c-a6cd-30fbf03bc7bd
12:27:49.491 [Forwarding isElementDisplayed on session 18063075-812d-4a4c-a6cd-30fbf03bc7bd to remote] DEBUG org.apache.http.wire - http-outgoing-21 << "ETag: W/"4c-Y7k244UeXncxktz3h+rJR8RJids"[\r][\n]"
&amp#27;[35m[HT12:27:49.491 [Forwarding isElementDisplayed on session 18063075-812d-4a4c-a6cd-30fbf03bc7bd to remote] DEBUG org.apache.http.wire - http-outgoing-21 << "Date: Fri, 23 Aug 2019 06:57:49 GMT[\r][\n]"
TP]&amp#27;[39m &amp#27;[37m<-- G12:27:49.491 [Forwarding isElementDisplayed on session 18063075-812d-4a4c-a6cd-30fbf03bc7bd to remote] DEBUG org.apache.http.wire - http-outgoing-21 << "Connection: keep-alive[\r][\n]"
12:27:49.491 [Forwarding isElementDisplayed on session 18063075-812d-4a4c-a6cd-30fbf03bc7bd to remote] DEBUG org.apache.http.wire - http-outgoing-21 << "[\r][\n]"
ET /12:27:49.491 [Forwarding isElementDisplayed on session 18063075-812d-4a4c-a6cd-30fbf03bc7bd to remote] DEBUG org.apache.http.wire - http-outgoing-21 << "{"value":true,"sessionId":"18063075-812d-4a4c-a6cd-30fbf03bc7bd","status":0}"
wd/hub/session/18063075-8112:27:49.491 [Forwarding isElementDisplayed on session 18063075-812d-4a4c-a6cd-30fbf03bc7bd to remote] DEBUG org.apache.http.headers - http-outgoing-21 << HTTP/1.1 200 OK
212:27:49.492 [Forwarding isElementDisplayed on session 18063075-812d-4a4c-a6cd-30fbf03bc7bd to remote] DEBUG org.apache.http.headers - http-outgoing-21 << X-Powered-By: Express
12:27:49.492 [Forwarding isElementDisplayed on session 18063075-812d-4a4c-a6cd-30fbf03bc7bd to remote] DEBUG org.apache.http.headers - http-outgoing-21 << Access-Control-Allow-Origin: *
d-4a4c-a612:27:49.492 [Forwarding isElementDisplayed on session 18063075-812d-4a4c-a6cd-30fbf03bc7bd to remote] DEBUG org.apache.http.headers - http-outgoing-21 << Access-Control-Allow-Methods: GET,POST,PUT,OPTIONS,DELETE
12:27:49.492 [Forwarding isElementDisplayed on session 18063075-812d-4a4c-a6cd-30fbf03bc7bd to remote] DEBUG org.apache.http.headers - http-outgoing-21 << Access-Control-Allow-Headers: origin, content-type, accept
12:27:49.492 [Forwarding isElementDisplayed on session 18063075-812d-4a4c-a6cd-30fbf03bc7bd to remote] DEBUG org.apache.http.headers - http-outgoing-21 << Content-Type: application/json; charset=utf-8
12:27:49.492 [Forwarding isElementDisplayed on session 18063075-812d-4a4c-a6cd-30fbf03bc7bd to remote] DEBUG org.apache.http.headers - http-outgoing-21 << Content-Length: 76
12:27:49.492 [Forwarding isElementDisplayed on session 18063075-812d-4a4c-a6cd-30fbf03bc7bd to remote] DEBUG org.apache.http.headers - http-outgoing-21 << ETag: W/"4c-Y7k244UeXncxktz3h+rJR8RJids"
12:27:49.492 [Forwarding isElementDisplayed on session 18063075-812d-4a4c-a6cd-30fbf03bc7bd to remote] DEBUG org.apache.http.headers - http-outgoing-21 << Date: Fri, 23 Aug 2019 06:57:49 GMT
12:27:49.492 [Forwarding isElementDisplayed on session 18063075-812d-4a4c-a6cd-30fbf03bc7bd to remote] DEBUG org.apache.http.headers - http-outgoing-21 << Connection: keep-alive
cd-30fbf03bc7bd/element/F4020000-0000-0000-CF19-000000000000/displayed &amp#27;[39m&amp#27;[32m200&amp#27;[39m12:27:49.492 [Forwarding isElementDisplayed on session 18063075-812d-4a4c-a6cd-30fbf03bc7bd to remote] DEBUG o.a.h.impl.execchain.MainClientExec - Connection can be kept alive indefinitely
 &amp#27;[90m276 ms - 76&amp#27;[39m
&amp#27;[35m[H12:27:49.492 [Forwarding isElementDisplayed on session 18063075-812d-4a4c-a6cd-30fbf03bc7bd to remote] DEBUG o.a.h.i.c.PoolingHttpClientConnectionManager - Connection [id: 21][route: {}->http://localhost:4723] can be kept alive indefinitely
TTP]&amp#27;[312:27:49.493 [Forwarding isElementDisplayed on session 18063075-812d-4a4c-a6cd-30fbf03bc7bd to remote] DEBUG o.a.h.i.c.PoolingHttpClientConnectionManager - Connection released: [id: 21][route: {}->http://localhost:4723][total kept alive: 1; route allocated: 1 of 2000; total allocated: 1 of 2000]
9m &amp#27;[90m&amp#27;[39m
12:27:49.493 [Forwarding findElement on session 18063075-812d-4a4c-a6cd-30fbf03bc7bd to remote] DEBUG o.a.h.c.protocol.RequestAddCookies - CookieSpec selected: default
12:27:49.493 [Forwarding findElement on session 18063075-812d-4a4c-a6cd-30fbf03bc7bd to remote] DEBUG o.a.h.c.protocol.RequestAuthCache - Auth cache not set in the context
12:27:49.493 [Forwarding findElement on session 18063075-812d-4a4c-a6cd-30fbf03bc7bd to remote] DEBUG o.a.h.i.c.PoolingHttpClientConnectionManager - Connection request: [route: {}->http://localhost:4723][total kept alive: 1; route allocated: 1 of 2000; total allocated: 1 of 2000]
12:27:49.493 [Forwarding findElement on session 18063075-812d-4a4c-a6cd-30fbf03bc7bd to remote] DEBUG o.a.h.i.c.PoolingHttpClientConnectionManager - Connection leased: [id: 21][route: {}->http://localhost:4723][total kept alive: 0; route allocated: 1 of 2000; total allocated: 1 of 2000]
12:27:49.493 [Forwarding findElement on session 18063075-812d-4a4c-a6cd-30fbf03bc7bd to remote] DEBUG o.a.h.impl.execchain.MainClientExec - Stale connection check
12:27:49.495 [Forwarding findElement on session 18063075-812d-4a4c-a6cd-30fbf03bc7bd to remote] DEBUG org.apache.http.wire - http-outgoing-21 << "[read] I/O error: Read timed out"
12:27:49.495 [Forwarding findElement on session 18063075-812d-4a4c-a6cd-30fbf03bc7bd to remote] DEBUG o.a.h.i.c.DefaultManagedHttpClientConnection - http-outgoing-21: set socket timeout to 10800000
12:27:49.495 [Forwarding findElement on session 18063075-812d-4a4c-a6cd-30fbf03bc7bd to remote] DEBUG o.a.h.impl.execchain.MainClientExec - Executing request POST /wd/hub/session/18063075-812d-4a4c-a6cd-30fbf03bc7bd/element HTTP/1.1
12:27:49.495 [Forwarding findElement on session 18063075-812d-4a4c-a6cd-30fbf03bc7bd to remote] DEBUG o.a.h.impl.execchain.MainClientExec - Target auth state: UNCHALLENGED
12:27:49.495 [Forwarding findElement on session 18063075-812d-4a4c-a6cd-30fbf03bc7bd to remote] DEBUG o.a.h.impl.execchain.MainClientExec - Proxy auth state: UNCHALLENGED
12:27:49.495 [Forwarding findElement on session 18063075-812d-4a4c-a6cd-30fbf03bc7bd to remote] DEBUG org.apache.http.headers - http-outgoing-21 >> POST /wd/hub/session/18063075-812d-4a4c-a6cd-30fbf03bc7bd/element HTTP/1.1
12:27:49.495 [Forwarding findElement on session 18063075-812d-4a4c-a6cd-30fbf03bc7bd to remote] DEBUG org.apache.http.headers - http-outgoing-21 >> Content-Type: application/json; charset=utf-8
12:27:49.495 [Forwarding findElement on session 18063075-812d-4a4c-a6cd-30fbf03bc7bd to remote] DEBUG org.apache.http.headers - http-outgoing-21 >> Content-Length: 346
12:27:49.495 [Forwarding findElement on session 18063075-812d-4a4c-a6cd-30fbf03bc7bd to remote] DEBUG org.apache.http.headers - http-outgoing-21 >> Host: localhost:4723
12:27:49.495 [Forwarding findElement on session 18063075-812d-4a4c-a6cd-30fbf03bc7bd to remote] DEBUG org.apache.http.headers - http-outgoing-21 >> Connection: Keep-Alive
12:27:49.495 [Forwarding findElement on session 18063075-812d-4a4c-a6cd-30fbf03bc7bd to remote] DEBUG org.apache.http.headers - http-outgoing-21 >> User-Agent: Apache-HttpClient/4.5.2 (Java/1.8.0_171)
12:27:49.495 [Forwarding findElement on session 18063075-812d-4a4c-a6cd-30fbf03bc7bd to remote] DEBUG org.apache.http.headers - http-outgoing-21 >> Accept-Encoding: gzip,deflate
12:27:49.495 [Forwarding findElement on session 18063075-812d-4a4c-a6cd-30fbf03bc7bd to remote] DEBUG org.apache.http.wire - http-outgoing-21 >> "POST /wd/hub/session/18063075-812d-4a4c-a6cd-30fbf03bc7bd/element HTTP/1.1[\r][\n]"
12:27:49.495 [Forwarding findElement on session 18063075-812d-4a4c-a6cd-30fbf03bc7bd to remote] DEBUG org.apache.http.wire - http-outgoing-21 >> "Content-Type: application/json; charset=utf-8[\r][\n]"
12:27:49.495 [Forwarding findElement on session 18063075-812d-4a4c-a6cd-30fbf03bc7bd to remote] DEBUG org.apache.http.wire - http-outgoing-21 >> "Content-Length: 346[\r][\n]"
12:27:49.495 [Forwarding findElement on session 18063075-812d-4a4c-a6cd-30fbf03bc7bd to remote] DEBUG org.apache.http.wire - http-outgoing-21 >> "Host: localhost:4723[\r][\n]"
12:27:49.495 [Forwarding findElement on session 18063075-812d-4a4c-a6cd-30fbf03bc7bd to remote] DEBUG org.apache.http.wire - http-outgoing-21 >> "Connection: Keep-Alive[\r][\n]"
12:27:49.495 [Forwarding findElement on session 18063075-812d-4a4c-a6cd-30fbf03bc7bd to remote] DEBUG org.apache.http.wire - http-outgoing-21 >> "User-Agent: Apache-HttpClient/4.5.2 (Java/1.8.0_171)[\r][\n]"
12:27:49.495 [Forwarding findElement on session 18063075-812d-4a4c-a6cd-30fbf03bc7bd to remote] DEBUG org.apache.http.wire - http-outgoing-21 >> "Accept-Encoding: gzip,deflate[\r][\n]"
12:27:49.495 [Forwarding findElement on session 18063075-812d-4a4c-a6cd-30fbf03bc7bd to remote] DEBUG org.apache.http.wire - http-outgoing-21 >> "[\r][\n]"
12:27:49.495 [Forwarding findElement on session 18063075-812d-4a4c-a6cd-30fbf03bc7bd to remote] DEBUG org.apache.http.wire - http-outgoing-21 >> "{"using":"xpath","value":"//XCUIElementTypeApplication/XCUIElementTypeWindow/XCUIElementTypeOther/XCUIElementTypeOther/XCUIElementTypeOther/XCUIElementTypeOther/XCUIElementTypeOther/XCUIElementTypeOther/XCUIElementTypeOther/XCUIElementTypeScrollView/XCUIElementTypeOther[6]/XCUIElementTypeOther/XCUIElementTypeOther/XCUIElementTypeStaticText[2]"}"
&amp#27;[35m[HTTP]&amp#27;[39m &amp#27;[37m-->&amp#27;[39m &amp#27;[37mPOST&amp#27;[39m &amp#27;[37m/wd/hub/session/18063075-812d-4a4c-a6cd-30fbf03bc7bd/element&amp#27;[39m
&amp#27;[35m[HTTP]&amp#27;[39m &amp#27;[90m{"using":"xpath","value":"//XCUIElementTypeApplication/XCUIElementTypeWindow/XCUIElementTypeOther/XCUIElementTypeOther/XCUIElementTypeOther/XCUIElementTypeOther/XCUIElementTypeOther/XCUIElementTypeOther/XCUIElementTypeOther/XCUIElementTypeScrollView/XCUIElementTypeOther[6]/XCUIElementTypeOther/XCUIElementTypeOther/XCUIElementTypeStaticText[2]"}&amp#27;[39m
12:27:52.470 [Forwarding findElement on session 18063075-812d-4a4c-a6cd-30fbf03bc7bd to remote] DEBUG org.apache.http.wire - http-outgoing-21 << "HTTP/1.1 200 OK[\r][\n]"
12:27:52.470 [Forwarding findElement on session 18063075-812d-4a4c-a6cd-30fbf03bc7bd to remote] DEBUG org.apache.http.wire - http-outgoing-21 << "X-Powered-By: Express[\r][\n]"
12:27:52.470 [Forwarding findElement on session 18063075-812d-4a4c-a6cd-30fbf03bc7bd to remote] DEBUG org.apache.http.wire - http-outgoing-21 << "Access-Control-Allow-Origin: *[\r][\n]"
12:27:52.470 [Forwarding findElement on session 18063075-812d-4a4c-a6cd-30fbf03bc7bd to remote] DEBUG org.apache.http.wire - http-outgoing-21 << "Access-Control-Allow-Methods: GET,POST,PUT,OPTIONS,DELETE[\r][\n]"
12:27:52.470 [Forwarding findElement on session 18063075-812d-4a4c-a6cd-30fbf03bc7bd to remote] DEBUG org.apache.http.wire - http-outgoing-21 << "Access-Control-Allow-Headers: origin, content-type, accept[\r][\n]"
12:27:52.470 [Forwarding findElement on session 18063075-812d-4a4c-a6cd-30fbf03bc7bd to remote] DEBUG org.apache.http.wire - http-outgoing-21 << "Vary: X-HTTP-Method-Override[\r][\n]"
12:27:52.470 [Forwarding findElement on session 18063075-812d-4a4c-a6cd-30fbf03bc7bd to remote] DEBUG org.apache.http.wire - http-outgoing-21 << "Content-Type: application/json; charset=utf-8[\r][\n]"
12:27:52.470 [Forwarding findElement on session 18063075-812d-4a4c-a6cd-30fbf03bc7bd to remote] DEBUG org.apache.http.wire - http-outgoing-21 << "Content-Length: 122[\r][\n]"
12:27:52.470 [Forwarding findElement on session 18063075-812d-4a4c-a6cd-30fbf03bc7bd to remote] DEBUG org.apache.http.wire - http-outgoing-21 << "ETag: W/"7a-ydLC6FobaU7YiJ35swlBdeMI1SI"[\r][\n]"
12:27:52.470 [Forwarding findElement on session 18063075-812d-4a4c-a6cd-30fbf03bc7bd to remote] DEBUG org.apache.http.wire - http-outgoing-21 << "Date: Fri, 23 Aug 2019 06:57:52 GMT[\r][\n]"
12:27:52.470 [Forwarding findElement on session 18063075-812d-4a4c-a6cd-30fbf03bc7bd to remote] DEBUG org.apache.http.wire - http-outgoing-21 << "Connection: keep-alive[\r][\n]"
12:27:52.470 [Forwarding findElement on session 18063075-812d-4a4c-a6cd-30fbf03bc7bd to remote] DEBUG org.apache.http.wire - http-outgoing-21 << "[\r][\n]"
12:27:52.470 [Forwarding findElement on session 18063075-812d-4a4c-a6cd-30fbf03bc7bd to remote] DEBUG org.apache.http.wire - http-outgoing-21 << "{"status":0,"value":{"ELEMENT":"F4020000-0000-0000-CF19-000000000000"},"sessionId":"18063075-812d-4a4c-a6cd-30fbf03bc7bd"}"
&amp#27;[35m12:27:52.470 [Forwarding findElement on session 18063075-812d-4a4c-a6cd-30fbf03bc7bd to remote] DEBUG org.apache.http.headers - http-outgoing-21 << HTTP/1.1 200 OK
12:27:52.470 [Forwarding findElement on session 18063075-812d-4a4c-a6cd-30fbf03bc7bd to remote] DEBUG org.apache.http.headers - http-outgoing-21 << X-Powered-By: Express
12:27:52.470 [Forwarding findElement on session 18063075-812d-4a4c-a6cd-30fbf03bc7bd to remote] DEBUG org.apache.http.headers - http-outgoing-21 << Access-Control-Allow-Origin: *
12:27:52.470 [Forwarding findElement on session 18063075-812d-4a4c-a6cd-30fbf03bc7bd to remote] DEBUG org.apache.http.headers - http-outgoing-21 << Access-Control-Allow-Methods: GET,POST,PUT,OPTIONS,DELETE
12:27:52.470 [Forwarding findElement on session 18063075-812d-4a4c-a6cd-30fbf03bc7bd to remote] DEBUG org.apache.http.headers - http-outgoing-21 << Access-Control-Allow-Headers: origin, content-type, accept
[H12:27:52.470 [Forwarding findElement on session 18063075-812d-4a4c-a6cd-30fbf03bc7bd to remote] DEBUG org.apache.http.headers - http-outgoing-21 << Vary: X-HTTP-Method-Override
12:27:52.470 [Forwarding findElement on session 18063075-812d-4a4c-a6cd-30fbf03bc7bd to remote] DEBUG org.apache.http.headers - http-outgoing-21 << Content-Type: application/json; charset=utf-8
TTP]&amp#27;[39m &amp#27;[37m<-- POST /wd/hub/session/18063075-812d-4a4c-a6cd-30fbf03bc7bd/element &amp#27;[39m&amp#27;[32m200&amp#27;[39m &amp#27;[90m2975 ms - 122&amp#27;[39m
12:27:52.470 [Forwarding findElement on session 18063075-812d-4a4c-a6cd-30fbf03bc7bd to remote] DEBUG org.apache.http.headers - http-outgoing-21 << Content-Length: 122
&amp#27;[12:27:52.471 [Forwarding findElement on session 18063075-812d-4a4c-a6cd-30fbf03bc7bd to remote] DEBUG org.apache.http.headers - http-outgoing-21 << ETag: W/"7a-ydLC6FobaU7YiJ35swlBdeMI1SI"
12:27:52.471 [Forwarding findElement on session 18063075-812d-4a4c-a6cd-30fbf03bc7bd to remote] DEBUG org.apache.http.headers - http-outgoing-21 << Date: Fri, 23 Aug 2019 06:57:52 GMT
35m[HTTP]&amp#27;[39m &amp#27;[90m&amp#27;[3912:27:52.471 [Forwarding findElement on session 18063075-812d-4a4c-a6cd-30fbf03bc7bd to remote] DEBUG org.apache.http.headers - http-outgoing-21 << Connection: keep-alive
m
12:27:52.472 [Forwarding findElement on session 18063075-812d-4a4c-a6cd-30fbf03bc7bd to remote] DEBUG o.a.h.impl.execchain.MainClientExec - Connection can be kept alive indefinitely
12:27:52.472 [Forwarding findElement on session 18063075-812d-4a4c-a6cd-30fbf03bc7bd to remote] DEBUG o.a.h.i.c.PoolingHttpClientConnectionManager - Connection [id: 21][route: {}->http://localhost:4723] can be kept alive indefinitely
12:27:52.472 [Forwarding findElement on session 18063075-812d-4a4c-a6cd-30fbf03bc7bd to remote] DEBUG o.a.h.i.c.PoolingHttpClientConnectionManager - Connection released: [id: 21][route: {}->http://localhost:4723][total kept alive: 1; route allocated: 1 of 2000; total allocated: 1 of 2000]
12:27:52.472 [Forwarding findElement on session 18063075-812d-4a4c-a6cd-30fbf03bc7bd to remote] DEBUG o.a.h.c.protocol.RequestAddCookies - CookieSpec selected: default
12:27:52.472 [Forwarding findElement on session 18063075-812d-4a4c-a6cd-30fbf03bc7bd to remote] DEBUG o.a.h.c.protocol.RequestAuthCache - Auth cache not set in the context
12:27:52.472 [Forwarding findElement on session 18063075-812d-4a4c-a6cd-30fbf03bc7bd to remote] DEBUG o.a.h.i.c.PoolingHttpClientConnectionManager - Connection request: [route: {}->http://localhost:4723][total kept alive: 1; route allocated: 1 of 2000; total allocated: 1 of 2000]
12:27:52.472 [Forwarding findElement on session 18063075-812d-4a4c-a6cd-30fbf03bc7bd to remote] DEBUG o.a.h.i.c.PoolingHttpClientConnectionManager - Connection leased: [id: 21][route: {}->http://localhost:4723][total kept alive: 0; route allocated: 1 of 2000; total allocated: 1 of 2000]
12:27:52.472 [Forwarding findElement on session 18063075-812d-4a4c-a6cd-30fbf03bc7bd to remote] DEBUG o.a.h.impl.execchain.MainClientExec - Stale connection check
12:27:52.474 [Forwarding findElement on session 18063075-812d-4a4c-a6cd-30fbf03bc7bd to remote] DEBUG org.apache.http.wire - http-outgoing-21 << "[read] I/O error: Read timed out"
12:27:52.474 [Forwarding findElement on session 18063075-812d-4a4c-a6cd-30fbf03bc7bd to remote] DEBUG o.a.h.i.c.DefaultManagedHttpClientConnection - http-outgoing-21: set socket timeout to 10800000
12:27:52.474 [Forwarding findElement on session 18063075-812d-4a4c-a6cd-30fbf03bc7bd to remote] DEBUG o.a.h.impl.execchain.MainClientExec - Executing request POST /wd/hub/session/18063075-812d-4a4c-a6cd-30fbf03bc7bd/element HTTP/1.1
12:27:52.474 [Forwarding findElement on session 18063075-812d-4a4c-a6cd-30fbf03bc7bd to remote] DEBUG o.a.h.impl.execchain.MainClientExec - Target auth state: UNCHALLENGED
12:27:52.474 [Forwarding findElement on session 18063075-812d-4a4c-a6cd-30fbf03bc7bd to remote] DEBUG o.a.h.impl.execchain.MainClientExec - Proxy auth state: UNCHALLENGED
12:27:52.474 [Forwarding findElement on session 18063075-812d-4a4c-a6cd-30fbf03bc7bd to remote] DEBUG org.apache.http.headers - http-outgoing-21 >> POST /wd/hub/session/18063075-812d-4a4c-a6cd-30fbf03bc7bd/element HTTP/1.1
12:27:52.474 [Forwarding findElement on session 18063075-812d-4a4c-a6cd-30fbf03bc7bd to remote] DEBUG org.apache.http.headers - http-outgoing-21 >> Content-Type: application/json; charset=utf-8
12:27:52.474 [Forwarding findElement on session 18063075-812d-4a4c-a6cd-30fbf03bc7bd to remote] DEBUG org.apache.http.headers - http-outgoing-21 >> Content-Length: 346
12:27:52.474 [Forwarding findElement on session 18063075-812d-4a4c-a6cd-30fbf03bc7bd to remote] DEBUG org.apache.http.headers - http-outgoing-21 >> Host: localhost:4723
12:27:52.474 [Forwarding findElement on session 18063075-812d-4a4c-a6cd-30fbf03bc7bd to remote] DEBUG org.apache.http.headers - http-outgoing-21 >> Connection: Keep-Alive
12:27:52.474 [Forwarding findElement on session 18063075-812d-4a4c-a6cd-30fbf03bc7bd to remote] DEBUG org.apache.http.headers - http-outgoing-21 >> User-Agent: Apache-HttpClient/4.5.2 (Java/1.8.0_171)
12:27:52.474 [Forwarding findElement on session 18063075-812d-4a4c-a6cd-30fbf03bc7bd to remote] DEBUG org.apache.http.headers - http-outgoing-21 >> Accept-Encoding: gzip,deflate
12:27:52.474 [Forwarding findElement on session 18063075-812d-4a4c-a6cd-30fbf03bc7bd to remote] DEBUG org.apache.http.wire - http-outgoing-21 >> "POST /wd/hub/session/18063075-812d-4a4c-a6cd-30fbf03bc7bd/element HTTP/1.1[\r][\n]"
12:27:52.474 [Forwarding findElement on session 18063075-812d-4a4c-a6cd-30fbf03bc7bd to remote] DEBUG org.apache.http.wire - http-outgoing-21 >> "Content-Type: application/json; charset=utf-8[\r][\n]"
12:27:52.474 [Forwarding findElement on session 18063075-812d-4a4c-a6cd-30fbf03bc7bd to remote] DEBUG org.apache.http.wire - http-outgoing-21 >> "Content-Length: 346[\r][\n]"
12:27:52.474 [Forwarding findElement on session 18063075-812d-4a4c-a6cd-30fbf03bc7bd to remote] DEBUG org.apache.http.wire - http-outgoing-21 >> "Host: localhost:4723[\r][\n]"
12:27:52.474 [Forwarding findElement on session 18063075-812d-4a4c-a6cd-30fbf03bc7bd to remote] DEBUG org.apache.http.wire - http-outgoing-21 >> "Connection: Keep-Alive[\r][\n]"
12:27:52.474 [Forwarding findElement on session 18063075-812d-4a4c-a6cd-30fbf03bc7bd to remote] DEBUG org.apache.http.wire - http-outgoing-21 >> "User-Agent: Apache-HttpClient/4.5.2 (Java/1.8.0_171)[\r][\n]"
12:27:52.474 [Forwarding findElement on session 18063075-812d-4a4c-a6cd-30fbf03bc7bd to remote] DEBUG org.apache.http.wire - http-outgoing-21 >> "Accept-Encoding: gzip,deflate[\r][\n]"
12:27:52.474 [Forwarding findElement on session 18063075-812d-4a4c-a6cd-30fbf03bc7bd to remote] DEBUG org.apache.http.wire - http-outgoing-21 >> "[\r][\n]"
12:27:52.474 [Forwarding findElement on session 18063075-812d-4a4c-a6cd-30fbf03bc7bd to remote] DEBUG org.apache.http.wire - http-outgoing-21 >> "{"using":"xpath","value":"//XCUIElementTypeApplication/XCUIElementTypeWindow/XCUIElementTypeOther/XCUIElementTypeOther/XCUIElementTypeOther/XCUIElementTypeOther/XCUIElementTypeOther/XCUIElementTypeOther/XCUIElementTypeOther/XCUIElementTypeScrollView/XCUIElementTypeOther[6]/XCUIElementTypeOther/XCUIElementTypeOther/XCUIElementTypeStaticText[2]"}"
&amp#27;[35m[HTTP]&amp#27;[39m &amp#27;[37m-->&amp#27;[39m &amp#27;[37mPOST&amp#27;[39m &amp#27;[37m/wd/hub/session/18063075-812d-4a4c-a6cd-30fbf03bc7bd/element&amp#27;[39m
&amp#27;[35m[HTTP]&amp#27;[39m &amp#27;[90m{"using":"xpath","value":"//XCUIElementTypeApplication/XCUIElementTypeWindow/XCUIElementTypeOther/XCUIElementTypeOther/XCUIElementTypeOther/XCUIElementTypeOther/XCUIElementTypeOther/XCUIElementTypeOther/XCUIElementTypeOther/XCUIElementTypeScrollView/XCUIElementTypeOther[6]/XCUIElementTypeOther/XCUIElementTypeOther/XCUIElementTypeStaticText[2]"}&amp#27;[39m
12:27:55.435 [Forwarding findElement on session 18063075-812d-4a4c-a6cd-30fbf03bc7bd to remote] DEBUG org.apache.http.wire - http-outgoing-21 << "HTTP/1.1 200 OK[\r][\n]"
12:27:55.435 [Forwarding findElement on session 18063075-812d-4a4c-a6cd-30fbf03bc7bd to remote] DEBUG org.apache.http.wire - http-outgoing-21 << "X-Powered-By: Express[\r][\n]"
12:27:55.435 [Forwarding findElement on session 18063075-812d-4a4c-a6cd-30fbf03bc7bd to remote] DEBUG org.apache.http.wire - http-outgoing-21 << "Access-Control-Allow-Origin: *[\r][\n]"
12:27:55.435 [Forwarding findElement on session 18063075-812d-4a4c-a6cd-30fbf03bc7bd to remote] DEBUG org.apache.http.wire - http-outgoing-21 << "Access-Control-Allow-Methods: GET,POST,PUT,OPTIONS,DELETE[\r][\n]"
12:27:55.435 [Forwarding findElement on session 18063075-812d-4a4c-a6cd-30fbf03bc7bd to remote] DEBUG org.apache.http.wire - http-outgoing-21 << "Access-Control-Allow-Headers: origin, content-type, accept[\r][\n]"
12:27:55.435 [Forwarding findElement on session 18063075-812d-4a4c-a6cd-30fbf03bc7bd to remote] DEBUG org.apache.http.wire - http-outgoing-21 << "Vary: X-HTTP-Method-Override[\r][\n]"
12:27:55.435 [Forwarding findElement on session 18063075-812d-4a4c-a6cd-30fbf03bc7bd to remote] DEBUG org.apache.http.wire - http-outgoing-21 << "Content-Type: application/json; charset=utf-8[\r][\n]"
12:27:55.435 [Forwarding findElement on session 18063075-812d-4a4c-a6cd-30fbf03bc7bd to remote] DEBUG org.apache.http.wire - http-outgoing-21 << "Content-Length: 122[\r][\n]"
12:27:55.435 [Forwarding findElement on session 18063075-812d-4a4c-a6cd-30fbf03bc7bd to remote] DEBUG org.apache.http.wire - http-outgoing-21 << "ETag: W/"7a-ydLC6FobaU7YiJ35swlBdeMI1SI"[\r][\n]"
12:27:55.435 [Forwarding findElement on session 18063075-812d-4a4c-a6cd-30fbf03bc7bd to remote] DEBUG org.apache.http.wire - http-outgoing-21 << "Date: Fri, 23 Aug 2019 06:57:55 GMT[\r][\n]"
12:27:55.435 [Forwarding findElement on session 18063075-812d-4a4c-a6cd-30fbf03bc7bd to remote] DEBUG org.apache.http.wire - http-outgoing-21 << "Connection: keep-alive[\r][\n]"
12:27:55.435 [Forwarding findElement on session 18063075-812d-4a4c-a6cd-30fbf03bc7bd to remote] DEBUG org.apache.http.wire - http-outgoing-21 << "[\r][\n]"
12:27:55.435 [Forwarding findElement on session 18063075-812d-4a4c-a6cd-30fbf03bc7bd to remote] DEBUG org.apache.http.wire - http-outgoing-21 << "{"status":0,"value":{"ELEMENT":"F4020000-0000-0000-CF19-000000000000"},"sessionId":"18063075-812d-4a4c-a6cd-30fbf03bc7bd"}"
&amp#27;[35m[HTT12:27:55.435 [Forwarding findElement on session 18063075-812d-4a4c-a6cd-30fbf03bc7bd to remote] DEBUG org.apache.http.headers - http-outgoing-21 << HTTP/1.1 200 OK
P]&amp#27;12:27:55.435 [Forwarding findElement on session 18063075-812d-4a4c-a6cd-30fbf03bc7bd to remote] DEBUG org.apache.http.headers - http-outgoing-21 << X-Powered-By: Express
[39m &amp#27;[37m<-- P12:27:55.435 [Forwarding findElement on session 18063075-812d-4a4c-a6cd-30fbf03bc7bd to remote] DEBUG org.apache.http.headers - http-outgoing-21 << Access-Control-Allow-Origin: *
OST /12:27:55.435 [Forwarding findElement on session 18063075-812d-4a4c-a6cd-30fbf03bc7bd to remote] DEBUG org.apache.http.headers - http-outgoing-21 << Access-Control-Allow-Methods: GET,POST,PUT,OPTIONS,DELETE
wd/hub/session/18063075-812d-4a4c-a6cd-30fbf03bc7bd/element &amp#27;[39m&amp#27;[3212:27:55.435 [Forwarding findElement on session 18063075-812d-4a4c-a6cd-30fbf03bc7bd to remote] DEBUG org.apache.http.headers - http-outgoing-21 << Access-Control-Allow-Headers: origin, content-type, accept
m200&amp#27;[39m &amp#27;[90m12:27:55.436 [Forwarding findElement on session 18063075-812d-4a4c-a6cd-30fbf03bc7bd to remote] DEBUG org.apache.http.headers - http-outgoing-21 << Vary: X-HTTP-Method-Override
2960 ms -12:27:55.436 [Forwarding findElement on session 18063075-812d-4a4c-a6cd-30fbf03bc7bd to remote] DEBUG org.apache.http.headers - http-outgoing-21 << Content-Type: application/json; charset=utf-8
12:27:55.436 [Forwarding findElement on session 18063075-812d-4a4c-a6cd-30fbf03bc7bd to remote] DEBUG org.apache.http.headers - http-outgoing-21 << Content-Length: 122
 12212:27:55.437 [Forwarding findElement on session 18063075-812d-4a4c-a6cd-30fbf03bc7bd to remote] DEBUG org.apache.http.headers - http-outgoing-21 << ETag: W/"7a-ydLC6FobaU7YiJ35swlBdeMI1SI"
12:27:55.437 [Forwarding findElement on session 18063075-812d-4a4c-a6cd-30fbf03bc7bd to remote] DEBUG org.apache.http.headers - http-outgoing-21 << Date: Fri, 23 Aug 2019 06:57:55 GMT
12:27:55.437 [Forwarding findElement on session 18063075-812d-4a4c-a6cd-30fbf03bc7bd to remote] DEBUG org.apache.http.headers - http-outgoing-21 << Connection: keep-alive
&amp#27;[39m
12:27:55.437 [Forwarding findElement on session 18063075-812d-4a4c-a6cd-30fbf03bc7bd to remote] DEBUG o.a.h.impl.execchain.MainClientExec - Connection can be kept alive indefinitely
&amp#27;[35m[HTTP]&amp#27;[39m12:27:55.437 [Forwarding findElement on session 18063075-812d-4a4c-a6cd-30fbf03bc7bd to remote] DEBUG o.a.h.i.c.PoolingHttpClientConnectionManager - Connection [id: 21][route: {}->http://localhost:4723] can be kept alive indefinitely
 &amp#27;[90m&amp#27;[39m
12:27:55.437 [Forwarding findElement on session 18063075-812d-4a4c-a6cd-30fbf03bc7bd to remote] DEBUG o.a.h.i.c.PoolingHttpClientConnectionManager - Connection released: [id: 21][route: {}->http://localhost:4723][total kept alive: 1; route allocated: 1 of 2000; total allocated: 1 of 2000]
12:27:55.438 [Forwarding getElementText on session 18063075-812d-4a4c-a6cd-30fbf03bc7bd to remote] DEBUG o.a.h.c.protocol.RequestAddCookies - CookieSpec selected: default
12:27:55.438 [Forwarding getElementText on session 18063075-812d-4a4c-a6cd-30fbf03bc7bd to remote] DEBUG o.a.h.c.protocol.RequestAuthCache - Auth cache not set in the context
12:27:55.438 [Forwarding getElementText on session 18063075-812d-4a4c-a6cd-30fbf03bc7bd to remote] DEBUG o.a.h.i.c.PoolingHttpClientConnectionManager - Connection request: [route: {}->http://localhost:4723][total kept alive: 1; route allocated: 1 of 2000; total allocated: 1 of 2000]
12:27:55.438 [Forwarding getElementText on session 18063075-812d-4a4c-a6cd-30fbf03bc7bd to remote] DEBUG o.a.h.i.c.PoolingHttpClientConnectionManager - Connection leased: [id: 21][route: {}->http://localhost:4723][total kept alive: 0; route allocated: 1 of 2000; total allocated: 1 of 2000]
12:27:55.438 [Forwarding getElementText on session 18063075-812d-4a4c-a6cd-30fbf03bc7bd to remote] DEBUG o.a.h.impl.execchain.MainClientExec - Stale connection check
12:27:55.439 [Forwarding getElementText on session 18063075-812d-4a4c-a6cd-30fbf03bc7bd to remote] DEBUG org.apache.http.wire - http-outgoing-21 << "[read] I/O error: Read timed out"
12:27:55.440 [Forwarding getElementText on session 18063075-812d-4a4c-a6cd-30fbf03bc7bd to remote] DEBUG o.a.h.i.c.DefaultManagedHttpClientConnection - http-outgoing-21: set socket timeout to 10800000
12:27:55.440 [Forwarding getElementText on session 18063075-812d-4a4c-a6cd-30fbf03bc7bd to remote] DEBUG o.a.h.impl.execchain.MainClientExec - Executing request GET /wd/hub/session/18063075-812d-4a4c-a6cd-30fbf03bc7bd/element/F4020000-0000-0000-CF19-000000000000/text HTTP/1.1
12:27:55.440 [Forwarding getElementText on session 18063075-812d-4a4c-a6cd-30fbf03bc7bd to remote] DEBUG o.a.h.impl.execchain.MainClientExec - Target auth state: UNCHALLENGED
12:27:55.440 [Forwarding getElementText on session 18063075-812d-4a4c-a6cd-30fbf03bc7bd to remote] DEBUG o.a.h.impl.execchain.MainClientExec - Proxy auth state: UNCHALLENGED
12:27:55.440 [Forwarding getElementText on session 18063075-812d-4a4c-a6cd-30fbf03bc7bd to remote] DEBUG org.apache.http.headers - http-outgoing-21 >> GET /wd/hub/session/18063075-812d-4a4c-a6cd-30fbf03bc7bd/element/F4020000-0000-0000-CF19-000000000000/text HTTP/1.1
12:27:55.440 [Forwarding getElementText on session 18063075-812d-4a4c-a6cd-30fbf03bc7bd to remote] DEBUG org.apache.http.headers - http-outgoing-21 >> Cache-Control: no-cache
12:27:55.440 [Forwarding getElementText on session 18063075-812d-4a4c-a6cd-30fbf03bc7bd to remote] DEBUG org.apache.http.headers - http-outgoing-21 >> Host: localhost:4723
12:27:55.440 [Forwarding getElementText on session 18063075-812d-4a4c-a6cd-30fbf03bc7bd to remote] DEBUG org.apache.http.headers - http-outgoing-21 >> Connection: Keep-Alive
12:27:55.440 [Forwarding getElementText on session 18063075-812d-4a4c-a6cd-30fbf03bc7bd to remote] DEBUG org.apache.http.headers - http-outgoing-21 >> User-Agent: Apache-HttpClient/4.5.2 (Java/1.8.0_171)
12:27:55.440 [Forwarding getElementText on session 18063075-812d-4a4c-a6cd-30fbf03bc7bd to remote] DEBUG org.apache.http.headers - http-outgoing-21 >> Accept-Encoding: gzip,deflate
12:27:55.440 [Forwarding getElementText on session 18063075-812d-4a4c-a6cd-30fbf03bc7bd to remote] DEBUG org.apache.http.wire - http-outgoing-21 >> "GET /wd/hub/session/18063075-812d-4a4c-a6cd-30fbf03bc7bd/element/F4020000-0000-0000-CF19-000000000000/text HTTP/1.1[\r][\n]"
12:27:55.440 [Forwarding getElementText on session 18063075-812d-4a4c-a6cd-30fbf03bc7bd to remote] DEBUG org.apache.http.wire - http-outgoing-21 >> "Cache-Control: no-cache[\r][\n]"
12:27:55.440 [Forwarding getElementText on session 18063075-812d-4a4c-a6cd-30fbf03bc7bd to remote] DEBUG org.apache.http.wire - http-outgoing-21 >> "Host: localhost:4723[\r][\n]"
12:27:55.440 [Forwarding getElementText on session 18063075-812d-4a4c-a6cd-30fbf03bc7bd to remote] DEBUG org.apache.http.wire - http-outgoing-21 >> "Connection: Keep-Alive[\r][\n]"
12:27:55.440 [Forwarding getElementText on session 18063075-812d-4a4c-a6cd-30fbf03bc7bd to remote] DEBUG org.apache.http.wire - http-outgoing-21 >> "User-Agent: Apache-HttpClient/4.5.2 (Java/1.8.0_171)[\r][\n]"
12:27:55.440 [Forwarding getElementText on session 18063075-812d-4a4c-a6cd-30fbf03bc7bd to remote] DEBUG org.apache.http.wire - http-outgoing-21 >> "Accept-Encoding: gzip,deflate[\r][\n]"
12:27:55.440 [Forwarding getElementText on session 18063075-812d-4a4c-a6cd-30fbf03bc7bd to remote] DEBUG org.apache.http.wire - http-outgoing-21 >> "[\r][\n]"
&amp#27;[35m[HTTP]&amp#27;[39m &amp#27;[37m-->&amp#27;[39m &amp#27;[37mGET&amp#27;[39m &amp#27;[37m/wd/hub/session/18063075-812d-4a4c-a6cd-30fbf03bc7bd/element/F4020000-0000-0000-CF19-000000000000/text&amp#27;[39m
&amp#27;[35m[HTTP]&amp#27;[39m &amp#27;[90m{}&amp#27;[39m
&amp#27;[35m[MJSONWP]&amp#27;[39m Driver proxy active, passing request on via HTTP proxy
&amp#27;[35m[JSONWP Proxy]&amp#27;[39m Replacing sessionId B74F9560-FF94-4D04-9569-9B12:27:55.626 [Forwarding getElementText on session 18063075-812d-4a4c-a6cd-30fbf03bc7bd to remote] DEBUG org.apache.http.wire - http-outgoing-21 << "HTTP/1.1 200 OK[\r][\n]"
CC996503BA with 18063075-12:27:55.626 [Forwarding getElementText on session 18063075-812d-4a4c-a6cd-30fbf03bc7bd to remote] DEBUG org.apache.http.wire - http-outgoing-21 << "X-Powered-By: Express[\r][\n]"
812d12:27:55.626 [Forwarding getElementText on session 18063075-812d-4a4c-a6cd-30fbf03bc7bd to remote] DEBUG org.apache.http.wire - http-outgoing-21 << "Access-Control-Allow-Origin: *[\r][\n]"
-12:27:55.626 [Forwarding getElementText on session 18063075-812d-4a4c-a6cd-30fbf03bc7bd to remote] DEBUG org.apache.http.wire - http-outgoing-21 << "Access-Control-Allow-Methods: GET,POST,PUT,OPTIONS,DELETE[\r][\n]"
4a4c-a612:27:55.627 [Forwarding getElementText on session 18063075-812d-4a4c-a6cd-30fbf03bc7bd to remote] DEBUG org.apache.http.wire - http-outgoing-21 << "Access-Control-Allow-Headers: origin, content-type, accept[\r][\n]"
cd-30fbf03bc7bd
12:27:55.627 [Forwarding getElementText on session 18063075-812d-4a4c-a6cd-30fbf03bc7bd to remote] DEBUG org.apache.http.wire - http-outgoing-21 << "Content-Type: application/json; charset=utf-8[\r][\n]"
&amp#27;[312:27:55.627 [Forwarding getElementText on session 18063075-812d-4a4c-a6cd-30fbf03bc7bd to remote] DEBUG org.apache.http.wire - http-outgoing-21 << "Content-Length: 86[\r][\n]"
5m[HTTP]&amp#27;[39m &amp#27;[12:27:55.627 [Forwarding getElementText on session 18063075-812d-4a4c-a6cd-30fbf03bc7bd to remote] DEBUG org.apache.http.wire - http-outgoing-21 << "ETag: W/"56-hpG7UYSeg1dowuOgKQEIN0akgnM"[\r][\n]"
12:27:55.627 [Forwarding getElementText on session 18063075-812d-4a4c-a6cd-30fbf03bc7bd to remote] DEBUG org.apache.http.wire - http-outgoing-21 << "Date: Fri, 23 Aug 2019 06:57:55 GMT[\r][\n]"
37m<-- GET /wd/hub/12:27:55.627 [Forwarding getElementText on session 18063075-812d-4a4c-a6cd-30fbf03bc7bd to remote] DEBUG org.apache.http.wire - http-outgoing-21 << "Connection: keep-alive[\r][\n]"
session/18063075-812d-4a4c-a6cd-30fbf03bc7bd/element/F402012:27:55.627 [Forwarding getElementText on session 18063075-812d-4a4c-a6cd-30fbf03bc7bd to remote] DEBUG org.apache.http.wire - http-outgoing-21 << "[\r][\n]"
000-0000-0000-CF19-000000000000/text &amp#27;[39m&amp#27;[32m200&amp#27;[39m &amp#27;[90m186 ms - 86&amp#27;[39m
&amp#27;[3512:27:55.627 [Forwarding getElementText on session 18063075-812d-4a4c-a6cd-30fbf03bc7bd to remote] DEBUG org.apache.http.wire - http-outgoing-21 << "{"value":"Nancy Meyers","sessionId":"18063075-812d-4a4c-a6cd-30fbf03bc7bd","status":0}"
m[HTTP]&amp#27;[3912:27:55.628 [Forwarding getElementText on session 18063075-812d-4a4c-a6cd-30fbf03bc7bd to remote] DEBUG org.apache.http.headers - http-outgoing-21 << HTTP/1.1 200 OK
12:27:55.628 [Forwarding getElementText on session 18063075-812d-4a4c-a6cd-30fbf03bc7bd to remote] DEBUG org.apache.http.headers - http-outgoing-21 << X-Powered-By: Express
12:27:55.628 [Forwarding getElementText on session 18063075-812d-4a4c-a6cd-30fbf03bc7bd to remote] DEBUG org.apache.http.headers - http-outgoing-21 << Access-Control-Allow-Origin: *
12:27:55.628 [Forwarding getElementText on session 18063075-812d-4a4c-a6cd-30fbf03bc7bd to remote] DEBUG org.apache.http.headers - http-outgoing-21 << Access-Control-Allow-Methods: GET,POST,PUT,OPTIONS,DELETE
m 12:27:55.628 [Forwarding getElementText on session 18063075-812d-4a4c-a6cd-30fbf03bc7bd to remote] DEBUG org.apache.http.headers - http-outgoing-21 << Access-Control-Allow-Headers: origin, content-type, accept
&amp#27;[90m&amp#27;12:27:55.628 [Forwarding getElementText on session 18063075-812d-4a4c-a6cd-30fbf03bc7bd to remote] DEBUG org.apache.http.headers - http-outgoing-21 << Content-Type: application/json; charset=utf-8
[312:27:55.628 [Forwarding getElementText on session 18063075-812d-4a4c-a6cd-30fbf03bc7bd to remote] DEBUG org.apache.http.headers - http-outgoing-21 << Content-Length: 86
12:27:55.628 [Forwarding getElementText on session 18063075-812d-4a4c-a6cd-30fbf03bc7bd to remote] DEBUG org.apache.http.headers - http-outgoing-21 << ETag: W/"56-hpG7UYSeg1dowuOgKQEIN0akgnM"
9m
12:27:55.628 [Forwarding getElementText on session 18063075-812d-4a4c-a6cd-30fbf03bc7bd to remote] DEBUG org.apache.http.headers - http-outgoing-21 << Date: Fri, 23 Aug 2019 06:57:55 GMT
12:27:55.628 [Forwarding getElementText on session 18063075-812d-4a4c-a6cd-30fbf03bc7bd to remote] DEBUG org.apache.http.headers - http-outgoing-21 << Connection: keep-alive
12:27:55.628 [Forwarding getElementText on session 18063075-812d-4a4c-a6cd-30fbf03bc7bd to remote] DEBUG o.a.h.impl.execchain.MainClientExec - Connection can be kept alive indefinitely
12:27:55.628 [Forwarding getElementText on session 18063075-812d-4a4c-a6cd-30fbf03bc7bd to remote] DEBUG o.a.h.i.c.PoolingHttpClientConnectionManager - Connection [id: 21][route: {}->http://localhost:4723] can be kept alive indefinitely
12:27:55.628 [Forwarding getElementText on session 18063075-812d-4a4c-a6cd-30fbf03bc7bd to remote] DEBUG o.a.h.i.c.PoolingHttpClientConnectionManager - Connection released: [id: 21][route: {}->http://localhost:4723][total kept alive: 1; route allocated: 1 of 2000; total allocated: 1 of 2000]
12:27:55.629 [Forwarding findElement on session 18063075-812d-4a4c-a6cd-30fbf03bc7bd to remote] DEBUG o.a.h.c.protocol.RequestAddCookies - CookieSpec selected: default
12:27:55.629 [Forwarding findElement on session 18063075-812d-4a4c-a6cd-30fbf03bc7bd to remote] DEBUG o.a.h.c.protocol.RequestAuthCache - Auth cache not set in the context
12:27:55.629 [Forwarding findElement on session 18063075-812d-4a4c-a6cd-30fbf03bc7bd to remote] DEBUG o.a.h.i.c.PoolingHttpClientConnectionManager - Connection request: [route: {}->http://localhost:4723][total kept alive: 1; route allocated: 1 of 2000; total allocated: 1 of 2000]
12:27:55.629 [Forwarding findElement on session 18063075-812d-4a4c-a6cd-30fbf03bc7bd to remote] DEBUG o.a.h.i.c.PoolingHttpClientConnectionManager - Connection leased: [id: 21][route: {}->http://localhost:4723][total kept alive: 0; route allocated: 1 of 2000; total allocated: 1 of 2000]
12:27:55.629 [Forwarding findElement on session 18063075-812d-4a4c-a6cd-30fbf03bc7bd to remote] DEBUG o.a.h.impl.execchain.MainClientExec - Stale connection check
12:27:55.631 [Forwarding findElement on session 18063075-812d-4a4c-a6cd-30fbf03bc7bd to remote] DEBUG org.apache.http.wire - http-outgoing-21 << "[read] I/O error: Read timed out"
12:27:55.631 [Forwarding findElement on session 18063075-812d-4a4c-a6cd-30fbf03bc7bd to remote] DEBUG o.a.h.i.c.DefaultManagedHttpClientConnection - http-outgoing-21: set socket timeout to 10800000
12:27:55.631 [Forwarding findElement on session 18063075-812d-4a4c-a6cd-30fbf03bc7bd to remote] DEBUG o.a.h.impl.execchain.MainClientExec - Executing request POST /wd/hub/session/18063075-812d-4a4c-a6cd-30fbf03bc7bd/element HTTP/1.1
12:27:55.631 [Forwarding findElement on session 18063075-812d-4a4c-a6cd-30fbf03bc7bd to remote] DEBUG o.a.h.impl.execchain.MainClientExec - Target auth state: UNCHALLENGED
12:27:55.631 [Forwarding findElement on session 18063075-812d-4a4c-a6cd-30fbf03bc7bd to remote] DEBUG o.a.h.impl.execchain.MainClientExec - Proxy auth state: UNCHALLENGED
12:27:55.631 [Forwarding findElement on session 18063075-812d-4a4c-a6cd-30fbf03bc7bd to remote] DEBUG org.apache.http.headers - http-outgoing-21 >> POST /wd/hub/session/18063075-812d-4a4c-a6cd-30fbf03bc7bd/element HTTP/1.1
12:27:55.631 [Forwarding findElement on session 18063075-812d-4a4c-a6cd-30fbf03bc7bd to remote] DEBUG org.apache.http.headers - http-outgoing-21 >> Content-Type: application/json; charset=utf-8
12:27:55.631 [Forwarding findElement on session 18063075-812d-4a4c-a6cd-30fbf03bc7bd to remote] DEBUG org.apache.http.headers - http-outgoing-21 >> Content-Length: 31
12:27:55.631 [Forwarding findElement on session 18063075-812d-4a4c-a6cd-30fbf03bc7bd to remote] DEBUG org.apache.http.headers - http-outgoing-21 >> Host: localhost:4723
12:27:55.631 [Forwarding findElement on session 18063075-812d-4a4c-a6cd-30fbf03bc7bd to remote] DEBUG org.apache.http.headers - http-outgoing-21 >> Connection: Keep-Alive
12:27:55.631 [Forwarding findElement on session 18063075-812d-4a4c-a6cd-30fbf03bc7bd to remote] DEBUG org.apache.http.headers - http-outgoing-21 >> User-Agent: Apache-HttpClient/4.5.2 (Java/1.8.0_171)
12:27:55.631 [Forwarding findElement on session 18063075-812d-4a4c-a6cd-30fbf03bc7bd to remote] DEBUG org.apache.http.headers - http-outgoing-21 >> Accept-Encoding: gzip,deflate
12:27:55.631 [Forwarding findElement on session 18063075-812d-4a4c-a6cd-30fbf03bc7bd to remote] DEBUG org.apache.http.wire - http-outgoing-21 >> "POST /wd/hub/session/18063075-812d-4a4c-a6cd-30fbf03bc7bd/element HTTP/1.1[\r][\n]"
12:27:55.631 [Forwarding findElement on session 18063075-812d-4a4c-a6cd-30fbf03bc7bd to remote] DEBUG org.apache.http.wire - http-outgoing-21 >> "Content-Type: application/json; charset=utf-8[\r][\n]"
12:27:55.631 [Forwarding findElement on session 18063075-812d-4a4c-a6cd-30fbf03bc7bd to remote] DEBUG org.apache.http.wire - http-outgoing-21 >> "Content-Length: 31[\r][\n]"
12:27:55.631 [Forwarding findElement on session 18063075-812d-4a4c-a6cd-30fbf03bc7bd to remote] DEBUG org.apache.http.wire - http-outgoing-21 >> "Host: localhost:4723[\r][\n]"
12:27:55.631 [Forwarding findElement on session 18063075-812d-4a4c-a6cd-30fbf03bc7bd to remote] DEBUG org.apache.http.wire - http-outgoing-21 >> "Connection: Keep-Alive[\r][\n]"
12:27:55.631 [Forwarding findElement on session 18063075-812d-4a4c-a6cd-30fbf03bc7bd to remote] DEBUG org.apache.http.wire - http-outgoing-21 >> "User-Agent: Apache-HttpClient/4.5.2 (Java/1.8.0_171)[\r][\n]"
12:27:55.631 [Forwarding findElement on session 18063075-812d-4a4c-a6cd-30fbf03bc7bd to remote] DEBUG org.apache.http.wire - http-outgoing-21 >> "Accept-Encoding: gzip,deflate[\r][\n]"
12:27:55.631 [Forwarding findElement on session 18063075-812d-4a4c-a6cd-30fbf03bc7bd to remote] DEBUG org.apache.http.wire - http-outgoing-21 >> "[\r][\n]"
12:27:55.631 [Forwarding findElement on session 18063075-812d-4a4c-a6cd-30fbf03bc7bd to remote] DEBUG org.apache.http.wire - http-outgoing-21 >> "{"using":"id","value":"Actors"}"
&amp#27;[35m[HTTP]&amp#27;[39m &amp#27;[37m-->&amp#27;[39m &amp#27;[37mPOST&amp#27;[39m &amp#27;[37m/wd/hub/session/18063075-812d-4a4c-a6cd-30fbf03bc7bd/element&amp#27;[39m
&amp#27;[35m[HTTP]&amp#27;[39m &amp#27;[90m{"using":"id","value":"Actors"}&amp#27;[39m
12:27:55.948 [Forwarding findElement on session 18063075-812d-4a4c-a6cd-30fbf03bc7bd to remote] DEBUG org.apache.http.wire - http-outgoing-21 << "HTTP/1.1 200 OK[\r][\n]"
12:27:55.948 [Forwarding findElement on session 18063075-812d-4a4c-a6cd-30fbf03bc7bd to remote] DEBUG org.apache.http.wire - http-outgoing-21 << "X-Powered-By: Express[\r][\n]"
12:27:55.948 [Forwarding findElement on session 18063075-812d-4a4c-a6cd-30fbf03bc7bd to remote] DEBUG org.apache.http.wire - http-outgoing-21 << "Access-Control-Allow-Origin: *[\r][\n]"
12:27:55.948 [Forwarding findElement on session 18063075-812d-4a4c-a6cd-30fbf03bc7bd to remote] DEBUG org.apache.http.wire - http-outgoing-21 << "Access-Control-Allow-Methods: GET,POST,PUT,OPTIONS,DELETE[\r][\n]"
12:27:55.948 [Forwarding findElement on session 18063075-812d-4a4c-a6cd-30fbf03bc7bd to remote] DEBUG org.apache.http.wire - http-outgoing-21 << "Access-Control-Allow-Headers: origin, content-type, accept[\r][\n]"
12:27:55.948 [Forwarding findElement on session 18063075-812d-4a4c-a6cd-30fbf03bc7bd to remote] DEBUG org.apache.http.wire - http-outgoing-21 << "Vary: X-HTTP-Method-Override[\r][\n]"
12:27:55.949 [Forwarding findElement on session 18063075-812d-4a4c-a6cd-30fbf03bc7bd to remote] DEBUG org.apache.http.wire - http-outgoing-21 << "Content-Type: application/json; charset=utf-8[\r][\n]"
12:27:55.949 [Forwarding findElement on session 18063075-812d-4a4c-a6cd-30fbf03bc7bd to remote] DEBUG org.apache.http.wire - http-outgoing-21 << "Content-Length: 122[\r][\n]"
12:27:55.949 [Forwarding findElement on session 18063075-812d-4a4c-a6cd-30fbf03bc7bd to remote] DEBUG org.apache.http.wire - http-outgoing-21 << "ETag: W/"7a-0ubrOwa0ureQUcVzF+laoIpHvfg"[\r][\n]"
12:27:55.949 [Forwarding findElement on session 18063075-812d-4a4c-a6cd-30fbf03bc7bd to remote] DEBUG org.apache.http.wire - http-outgoing-21 << "Date: Fri, 23 Aug 2019 06:57:55 GMT[\r][\n]"
12:27:55.949 [Forwarding findElement on session 18063075-812d-4a4c-a6cd-30fbf03bc7bd to remote] DEBUG org.apache.http.wire - http-outgoing-21 << "Connection: keep-alive[\r][\n]"
12:27:55.949 [Forwarding findElement on session 18063075-812d-4a4c-a6cd-30fbf03bc7bd to remote] DEBUG org.apache.http.wire - http-outgoing-21 << "[\r][\n]"
12:27:55.949 [Forwarding findElement on session 18063075-812d-4a4c-a6cd-30fbf03bc7bd to remote] DEBUG org.apache.http.wire - http-outgoing-21 << "{"status":0,"value":{"ELEMENT":"E0020000-0000-0000-CF19-000000000000"},"sessionId":"18063075-812d-4a4c-a6cd-30fbf03bc7bd"}"
12:27:55.949 [Forwarding findElement on session 18063075-812d-4a4c-a6cd-30fbf03bc7bd to remote] DEBUG org.apache.http.headers - http-outgoing-21 << HTTP/1.1 200 OK
12:27:55.949 [Forwarding findElement on session 18063075-812d-4a4c-a6cd-30fbf03bc7bd to remote] DEBUG org.apache.http.headers - http-outgoing-21 << X-Powered-By: Express
12:27:55.949 [Forwarding findElement on session 18063075-812d-4a4c-a6cd-30fbf03bc7bd to remote] DEBUG org.apache.http.headers - http-outgoing-21 << Access-Control-Allow-Origin: *
12:27:55.949 [Forwarding findElement on session 18063075-812d-4a4c-a6cd-30fbf03bc7bd to remote] DEBUG org.apache.http.headers - http-outgoing-21 << Access-Control-Allow-Methods: GET,POST,PUT,OPTIONS,DELETE
12:27:55.949 [Forwarding findElement on session 18063075-812d-4a4c-a6cd-30fbf03bc7bd to remote] DEBUG org.apache.http.headers - http-outgoing-21 << Access-Control-Allow-Headers: origin, content-type, accept
12:27:55.949 [Forwarding findElement on session 18063075-812d-4a4c-a6cd-30fbf03bc7bd to remote] DEBUG org.apache.http.headers - http-outgoing-21 << Vary: X-HTTP-Method-Override
12:27:55.949 [Forwarding findElement on session 18063075-812d-4a4c-a6cd-30fbf03bc7bd to remote] DEBUG org.apache.http.headers - http-outgoing-21 << Content-Type: application/json; charset=utf-8
12:27:55.949 [Forwarding findElement on session 18063075-812d-4a4c-a6cd-30fbf03bc7bd to remote] DEBUG org.apache.http.headers - http-outgoing-21 << Content-Length: 122
12:27:55.949 [Forwarding findElement on session 18063075-812d-4a4c-a6cd-30fbf03bc7bd to remote] DEBUG org.apache.http.headers - http-outgoing-21 << ETag: W/"7a-0ubrOwa0ureQUcVzF+laoIpHvfg"
12:27:55.949 [Forwarding findElement on session 18063075-812d-4a4c-a6cd-30fbf03bc7bd to remote] DEBUG org.apache.http.headers - http-outgoing-21 << Date: Fri, 23 Aug 2019 06:57:55 GMT
12:27:55.949 [Forwarding findElement on session 18063075-812d-4a4c-a6cd-30fbf03bc7bd to remote] DEBUG org.apache.http.headers - http-outgoing-21 << Connection: keep-alive
12:27:55.949 [Forwarding findElement on session 18063075-812d-4a4c-a6cd-30fbf03bc7bd to remote] DEBUG o.a.h.impl.execchain.MainClientExec - Connection can be kept alive indefinitely
12:27:55.949 [Forwarding findElement on session 18063075-812d-4a4c-a6cd-30fbf03bc7bd to remote] DEBUG o.a.h.i.c.PoolingHttpClientConnectionManager - Connection [id: 21][route: {}->http://localhost:4723] can be kept alive indefinitely
12:27:55.949 [Forwarding findElement on session 18063075-812d-4a4c-a6cd-30fbf03bc7bd to remote] DEBUG o.a.h.i.c.PoolingHttpClientConnectionManager - Connection released: [id: 21][route: {}->http://localhost:4723][total kept alive: 1; route allocated: 1 of 2000; total allocated: 1 of 2000]
12:27:55.949 [Forwarding isElementDisplayed on session 18063075-812d-4a4c-a6cd-30fbf03bc7bd to remote] DEBUG o.a.h.c.protocol.RequestAddCookies - CookieSpec selected: default
12:27:55.949 [Forwarding isElementDisplayed on session 18063075-812d-4a4c-a6cd-30fbf03bc7bd to remote] DEBUG o.a.h.c.protocol.RequestAuthCache - Auth cache not set in the context
12:27:55.949 [Forwarding isElementDisplayed on session 18063075-812d-4a4c-a6cd-30fbf03bc7bd to remote] DEBUG o.a.h.i.c.PoolingHttpClientConnectionManager - Connection request: [route: {}->http://localhost:4723][total kept alive: 1; route allocated: 1 of 2000; total allocated: 1 of 2000]
12:27:55.949 [Forwarding isElementDisplayed on session 18063075-812d-4a4c-a6cd-30fbf03bc7bd to remote] DEBUG o.a.h.i.c.PoolingHttpClientConnectionManager - Connection leased: [id: 21][route: {}->http://localhost:4723][total kept alive: 0; route allocated: 1 of 2000; total allocated: 1 of 2000]
12:27:55.950 [Forwarding isElementDisplayed on session 18063075-812d-4a4c-a6cd-30fbf03bc7bd to remote] DEBUG o.a.h.impl.execchain.MainClientExec - Stale connection check
&amp#27;[35m[HTTP]&amp#27;[39m &amp#27;[37m<-- POST /wd/hub/session/18063075-812d-4a4c-a6cd-30fbf03bc7bd/element &amp#27;[39m&amp#27;[32m200&amp#27;[39m &amp#27;[90m317 ms - 122&amp#27;[39m
&amp#27;[35m[HTTP]&amp#27;[39m &amp#27;[90m&amp#27;[39m
12:27:55.951 [Forwarding isElementDisplayed on session 18063075-812d-4a4c-a6cd-30fbf03bc7bd to remote] DEBUG org.apache.http.wire - http-outgoing-21 << "[read] I/O error: Read timed out"
12:27:55.951 [Forwarding isElementDisplayed on session 18063075-812d-4a4c-a6cd-30fbf03bc7bd to remote] DEBUG o.a.h.i.c.DefaultManagedHttpClientConnection - http-outgoing-21: set socket timeout to 10800000
12:27:55.951 [Forwarding isElementDisplayed on session 18063075-812d-4a4c-a6cd-30fbf03bc7bd to remote] DEBUG o.a.h.impl.execchain.MainClientExec - Executing request GET /wd/hub/session/18063075-812d-4a4c-a6cd-30fbf03bc7bd/element/E0020000-0000-0000-CF19-000000000000/displayed HTTP/1.1
12:27:55.951 [Forwarding isElementDisplayed on session 18063075-812d-4a4c-a6cd-30fbf03bc7bd to remote] DEBUG o.a.h.impl.execchain.MainClientExec - Target auth state: UNCHALLENGED
12:27:55.951 [Forwarding isElementDisplayed on session 18063075-812d-4a4c-a6cd-30fbf03bc7bd to remote] DEBUG o.a.h.impl.execchain.MainClientExec - Proxy auth state: UNCHALLENGED
12:27:55.951 [Forwarding isElementDisplayed on session 18063075-812d-4a4c-a6cd-30fbf03bc7bd to remote] DEBUG org.apache.http.headers - http-outgoing-21 >> GET /wd/hub/session/18063075-812d-4a4c-a6cd-30fbf03bc7bd/element/E0020000-0000-0000-CF19-000000000000/displayed HTTP/1.1
12:27:55.951 [Forwarding isElementDisplayed on session 18063075-812d-4a4c-a6cd-30fbf03bc7bd to remote] DEBUG org.apache.http.headers - http-outgoing-21 >> Cache-Control: no-cache
12:27:55.951 [Forwarding isElementDisplayed on session 18063075-812d-4a4c-a6cd-30fbf03bc7bd to remote] DEBUG org.apache.http.headers - http-outgoing-21 >> Host: localhost:4723
12:27:55.951 [Forwarding isElementDisplayed on session 18063075-812d-4a4c-a6cd-30fbf03bc7bd to remote] DEBUG org.apache.http.headers - http-outgoing-21 >> Connection: Keep-Alive
12:27:55.951 [Forwarding isElementDisplayed on session 18063075-812d-4a4c-a6cd-30fbf03bc7bd to remote] DEBUG org.apache.http.headers - http-outgoing-21 >> User-Agent: Apache-HttpClient/4.5.2 (Java/1.8.0_171)
12:27:55.951 [Forwarding isElementDisplayed on session 18063075-812d-4a4c-a6cd-30fbf03bc7bd to remote] DEBUG org.apache.http.headers - http-outgoing-21 >> Accept-Encoding: gzip,deflate
12:27:55.951 [Forwarding isElementDisplayed on session 18063075-812d-4a4c-a6cd-30fbf03bc7bd to remote] DEBUG org.apache.http.wire - http-outgoing-21 >> "GET /wd/hub/session/18063075-812d-4a4c-a6cd-30fbf03bc7bd/element/E0020000-0000-0000-CF19-000000000000/displayed HTTP/1.1[\r][\n]"
12:27:55.951 [Forwarding isElementDisplayed on session 18063075-812d-4a4c-a6cd-30fbf03bc7bd to remote] DEBUG org.apache.http.wire - http-outgoing-21 >> "Cache-Control: no-cache[\r][\n]"
12:27:55.951 [Forwarding isElementDisplayed on session 18063075-812d-4a4c-a6cd-30fbf03bc7bd to remote] DEBUG org.apache.http.wire - http-outgoing-21 >> "Host: localhost:4723[\r][\n]"
12:27:55.951 [Forwarding isElementDisplayed on session 18063075-812d-4a4c-a6cd-30fbf03bc7bd to remote] DEBUG org.apache.http.wire - http-outgoing-21 >> "Connection: Keep-Alive[\r][\n]"
12:27:55.951 [Forwarding isElementDisplayed on session 18063075-812d-4a4c-a6cd-30fbf03bc7bd to remote] DEBUG org.apache.http.wire - http-outgoing-21 >> "User-Agent: Apache-HttpClient/4.5.2 (Java/1.8.0_171)[\r][\n]"
12:27:55.951 [Forwarding isElementDisplayed on session 18063075-812d-4a4c-a6cd-30fbf03bc7bd to remote] DEBUG org.apache.http.wire - http-outgoing-21 >> "Accept-Encoding: gzip,deflate[\r][\n]"
12:27:55.951 [Forwarding isElementDisplayed on session 18063075-812d-4a4c-a6cd-30fbf03bc7bd to remote] DEBUG org.apache.http.wire - http-outgoing-21 >> "[\r][\n]"
&amp#27;[35m[HTTP]&amp#27;[39m &amp#27;[37m-->&amp#27;[39m &amp#27;[37mGET&amp#27;[39m &amp#27;[37m/wd/hub/session/18063075-812d-4a4c-a6cd-30fbf03bc7bd/element/E0020000-0000-0000-CF19-000000000000/displayed&amp#27;[39m
&amp#27;[35m[HTTP]&amp#27;[39m &amp#27;[90m{}&amp#27;[39m
&amp#27;[35m[MJSONWP]&amp#27;[39m Driver proxy active, passing request on via HTTP proxy
&amp#27;[35m[JSONWP Proxy]&amp#27;[39m Replacing sessionId B74F9560-FF94-4D04-95612:27:56.199 [Forwarding isElementDisplayed on session 18063075-812d-4a4c-a6cd-30fbf03bc7bd to remote] DEBUG org.apache.http.wire - http-outgoing-21 << "HTTP/1.1 200 OK[\r][\n]"
9-9BCC996503BA with 18063012:27:56.200 [Forwarding isElementDisplayed on session 18063075-812d-4a4c-a6cd-30fbf03bc7bd to remote] DEBUG org.apache.http.wire - http-outgoing-21 << "X-Powered-By: Express[\r][\n]"
75-812d-4a4c-a6cd-30fbf03bc7bd
12:27:56.200 [Forwarding isElementDisplayed on session 18063075-812d-4a4c-a6cd-30fbf03bc7bd to remote] DEBUG org.apache.http.wire - http-outgoing-21 << "Access-Control-Allow-Origin: *[\r][\n]"
&amp#27;[12:27:56.201 [Forwarding isElementDisplayed on session 18063075-812d-4a4c-a6cd-30fbf03bc7bd to remote] DEBUG org.apache.http.wire - http-outgoing-21 << "Access-Control-Allow-Methods: GET,POST,PUT,OPTIONS,DELETE[\r][\n]"
35m[HTTP]&amp#27;[39m &amp#27;[37m<-- GET /wd/hub/ses12:27:56.201 [Forwarding isElementDisplayed on session 18063075-812d-4a4c-a6cd-30fbf03bc7bd to remote] DEBUG org.apache.http.wire - http-outgoing-21 << "Access-Control-Allow-Headers: origin, content-type, accept[\r][\n]"
12:27:56.201 [Forwarding isElementDisplayed on session 18063075-812d-4a4c-a6cd-30fbf03bc7bd to remote] DEBUG org.apache.http.wire - http-outgoing-21 << "Content-Type: application/json; charset=utf-8[\r][\n]"
sion/1812:27:56.201 [Forwarding isElementDisplayed on session 18063075-812d-4a4c-a6cd-30fbf03bc7bd to remote] DEBUG org.apache.http.wire - http-outgoing-21 << "Content-Length: 77[\r][\n]"
063075-812d-4a4c-a6cd-30fbf03bc7bd/element/E0020000-0000-0000-CF19-0000000000012:27:56.201 [Forwarding isElementDisplayed on session 18063075-812d-4a4c-a6cd-30fbf03bc7bd to remote] DEBUG org.apache.http.wire - http-outgoing-21 << "ETag: W/"4d-tkXZ6WjSQrr3O8HXWzNn3RouXcE"[\r][\n]"
12:27:56.202 [Forwarding isElementDisplayed on session 18063075-812d-4a4c-a6cd-30fbf03bc7bd to remote] DEBUG org.apache.http.wire - http-outgoing-21 << "Date: Fri, 23 Aug 2019 06:57:56 GMT[\r][\n]"
12:27:56.202 [Forwarding isElementDisplayed on session 18063075-812d-4a4c-a6cd-30fbf03bc7bd to remote] DEBUG org.apache.http.wire - http-outgoing-21 << "Connection: keep-alive[\r][\n]"
12:27:56.202 [Forwarding isElementDisplayed on session 18063075-812d-4a4c-a6cd-30fbf03bc7bd to remote] DEBUG org.apache.http.wire - http-outgoing-21 << "[\r][\n]"
0/displa12:27:56.202 [Forwarding isElementDisplayed on session 18063075-812d-4a4c-a6cd-30fbf03bc7bd to remote] DEBUG org.apache.http.wire - http-outgoing-21 << "{"value":false,"sessionId":"18063075-812d-4a4c-a6cd-30fbf03bc7bd","status":0}"
yed &amp#27;[39m12:27:56.202 [Forwarding isElementDisplayed on session 18063075-812d-4a4c-a6cd-30fbf03bc7bd to remote] DEBUG org.apache.http.headers - http-outgoing-21 << HTTP/1.1 200 OK
12:27:56.202 [Forwarding isElementDisplayed on session 18063075-812d-4a4c-a6cd-30fbf03bc7bd to remote] DEBUG org.apache.http.headers - http-outgoing-21 << X-Powered-By: Express
12:27:56.202 [Forwarding isElementDisplayed on session 18063075-812d-4a4c-a6cd-30fbf03bc7bd to remote] DEBUG org.apache.http.headers - http-outgoing-21 << Access-Control-Allow-Origin: *
&amp#27;[32m200&amp#27;[39m &amp#27;[90m248 ms - 77&amp#27;12:27:56.202 [Forwarding isElementDisplayed on session 18063075-812d-4a4c-a6cd-30fbf03bc7bd to remote] DEBUG org.apache.http.headers - http-outgoing-21 << Access-Control-Allow-Methods: GET,POST,PUT,OPTIONS,DELETE
[39m
&amp#27;[35m[HTTP]&amp#27;[39m &amp#27;[90m&amp#27;[39m
12:27:56.203 [Forwarding isElementDisplayed on session 18063075-812d-4a4c-a6cd-30fbf03bc7bd to remote] DEBUG org.apache.http.headers - http-outgoing-21 << Access-Control-Allow-Headers: origin, content-type, accept
12:27:56.203 [Forwarding isElementDisplayed on session 18063075-812d-4a4c-a6cd-30fbf03bc7bd to remote] DEBUG org.apache.http.headers - http-outgoing-21 << Content-Type: application/json; charset=utf-8
12:27:56.203 [Forwarding isElementDisplayed on session 18063075-812d-4a4c-a6cd-30fbf03bc7bd to remote] DEBUG org.apache.http.headers - http-outgoing-21 << Content-Length: 77
12:27:56.203 [Forwarding isElementDisplayed on session 18063075-812d-4a4c-a6cd-30fbf03bc7bd to remote] DEBUG org.apache.http.headers - http-outgoing-21 << ETag: W/"4d-tkXZ6WjSQrr3O8HXWzNn3RouXcE"
12:27:56.203 [Forwarding isElementDisplayed on session 18063075-812d-4a4c-a6cd-30fbf03bc7bd to remote] DEBUG org.apache.http.headers - http-outgoing-21 << Date: Fri, 23 Aug 2019 06:57:56 GMT
12:27:56.203 [Forwarding isElementDisplayed on session 18063075-812d-4a4c-a6cd-30fbf03bc7bd to remote] DEBUG org.apache.http.headers - http-outgoing-21 << Connection: keep-alive
12:27:56.203 [Forwarding isElementDisplayed on session 18063075-812d-4a4c-a6cd-30fbf03bc7bd to remote] DEBUG o.a.h.impl.execchain.MainClientExec - Connection can be kept alive indefinitely
12:27:56.203 [Forwarding isElementDisplayed on session 18063075-812d-4a4c-a6cd-30fbf03bc7bd to remote] DEBUG o.a.h.i.c.PoolingHttpClientConnectionManager - Connection [id: 21][route: {}->http://localhost:4723] can be kept alive indefinitely
12:27:56.203 [Forwarding isElementDisplayed on session 18063075-812d-4a4c-a6cd-30fbf03bc7bd to remote] DEBUG o.a.h.i.c.PoolingHttpClientConnectionManager - Connection released: [id: 21][route: {}->http://localhost:4723][total kept alive: 1; route allocated: 1 of 2000; total allocated: 1 of 2000]
12:27:56.204 [Forwarding findElement on session 18063075-812d-4a4c-a6cd-30fbf03bc7bd to remote] DEBUG o.a.h.c.protocol.RequestAddCookies - CookieSpec selected: default
12:27:56.204 [Forwarding findElement on session 18063075-812d-4a4c-a6cd-30fbf03bc7bd to remote] DEBUG o.a.h.c.protocol.RequestAuthCache - Auth cache not set in the context
12:27:56.204 [Forwarding findElement on session 18063075-812d-4a4c-a6cd-30fbf03bc7bd to remote] DEBUG o.a.h.i.c.PoolingHttpClientConnectionManager - Connection request: [route: {}->http://localhost:4723][total kept alive: 1; route allocated: 1 of 2000; total allocated: 1 of 2000]
12:27:56.204 [Forwarding findElement on session 18063075-812d-4a4c-a6cd-30fbf03bc7bd to remote] DEBUG o.a.h.i.c.PoolingHttpClientConnectionManager - Connection leased: [id: 21][route: {}->http://localhost:4723][total kept alive: 0; route allocated: 1 of 2000; total allocated: 1 of 2000]
12:27:56.204 [Forwarding findElement on session 18063075-812d-4a4c-a6cd-30fbf03bc7bd to remote] DEBUG o.a.h.impl.execchain.MainClientExec - Stale connection check
12:27:56.206 [Forwarding findElement on session 18063075-812d-4a4c-a6cd-30fbf03bc7bd to remote] DEBUG org.apache.http.wire - http-outgoing-21 << "[read] I/O error: Read timed out"
12:27:56.206 [Forwarding findElement on session 18063075-812d-4a4c-a6cd-30fbf03bc7bd to remote] DEBUG o.a.h.i.c.DefaultManagedHttpClientConnection - http-outgoing-21: set socket timeout to 10800000
12:27:56.206 [Forwarding findElement on session 18063075-812d-4a4c-a6cd-30fbf03bc7bd to remote] DEBUG o.a.h.impl.execchain.MainClientExec - Executing request POST /wd/hub/session/18063075-812d-4a4c-a6cd-30fbf03bc7bd/element HTTP/1.1
12:27:56.206 [Forwarding findElement on session 18063075-812d-4a4c-a6cd-30fbf03bc7bd to remote] DEBUG o.a.h.impl.execchain.MainClientExec - Target auth state: UNCHALLENGED
12:27:56.206 [Forwarding findElement on session 18063075-812d-4a4c-a6cd-30fbf03bc7bd to remote] DEBUG o.a.h.impl.execchain.MainClientExec - Proxy auth state: UNCHALLENGED
12:27:56.206 [Forwarding findElement on session 18063075-812d-4a4c-a6cd-30fbf03bc7bd to remote] DEBUG org.apache.http.headers - http-outgoing-21 >> POST /wd/hub/session/18063075-812d-4a4c-a6cd-30fbf03bc7bd/element HTTP/1.1
12:27:56.206 [Forwarding findElement on session 18063075-812d-4a4c-a6cd-30fbf03bc7bd to remote] DEBUG org.apache.http.headers - http-outgoing-21 >> Content-Type: application/json; charset=utf-8
12:27:56.206 [Forwarding findElement on session 18063075-812d-4a4c-a6cd-30fbf03bc7bd to remote] DEBUG org.apache.http.headers - http-outgoing-21 >> Content-Length: 346
12:27:56.206 [Forwarding findElement on session 18063075-812d-4a4c-a6cd-30fbf03bc7bd to remote] DEBUG org.apache.http.headers - http-outgoing-21 >> Host: localhost:4723
12:27:56.206 [Forwarding findElement on session 18063075-812d-4a4c-a6cd-30fbf03bc7bd to remote] DEBUG org.apache.http.headers - http-outgoing-21 >> Connection: Keep-Alive
12:27:56.206 [Forwarding findElement on session 18063075-812d-4a4c-a6cd-30fbf03bc7bd to remote] DEBUG org.apache.http.headers - http-outgoing-21 >> User-Agent: Apache-HttpClient/4.5.2 (Java/1.8.0_171)
12:27:56.206 [Forwarding findElement on session 18063075-812d-4a4c-a6cd-30fbf03bc7bd to remote] DEBUG org.apache.http.headers - http-outgoing-21 >> Accept-Encoding: gzip,deflate
12:27:56.206 [Forwarding findElement on session 18063075-812d-4a4c-a6cd-30fbf03bc7bd to remote] DEBUG org.apache.http.wire - http-outgoing-21 >> "POST /wd/hub/session/18063075-812d-4a4c-a6cd-30fbf03bc7bd/element HTTP/1.1[\r][\n]"
12:27:56.206 [Forwarding findElement on session 18063075-812d-4a4c-a6cd-30fbf03bc7bd to remote] DEBUG org.apache.http.wire - http-outgoing-21 >> "Content-Type: application/json; charset=utf-8[\r][\n]"
12:27:56.206 [Forwarding findElement on session 18063075-812d-4a4c-a6cd-30fbf03bc7bd to remote] DEBUG org.apache.http.wire - http-outgoing-21 >> "Content-Length: 346[\r][\n]"
12:27:56.206 [Forwarding findElement on session 18063075-812d-4a4c-a6cd-30fbf03bc7bd to remote] DEBUG org.apache.http.wire - http-outgoing-21 >> "Host: localhost:4723[\r][\n]"
12:27:56.206 [Forwarding findElement on session 18063075-812d-4a4c-a6cd-30fbf03bc7bd to remote] DEBUG org.apache.http.wire - http-outgoing-21 >> "Connection: Keep-Alive[\r][\n]"
12:27:56.206 [Forwarding findElement on session 18063075-812d-4a4c-a6cd-30fbf03bc7bd to remote] DEBUG org.apache.http.wire - http-outgoing-21 >> "User-Agent: Apache-HttpClient/4.5.2 (Java/1.8.0_171)[\r][\n]"
12:27:56.206 [Forwarding findElement on session 18063075-812d-4a4c-a6cd-30fbf03bc7bd to remote] DEBUG org.apache.http.wire - http-outgoing-21 >> "Accept-Encoding: gzip,deflate[\r][\n]"
12:27:56.206 [Forwarding findElement on session 18063075-812d-4a4c-a6cd-30fbf03bc7bd to remote] DEBUG org.apache.http.wire - http-outgoing-21 >> "[\r][\n]"
12:27:56.206 [Forwarding findElement on session 18063075-812d-4a4c-a6cd-30fbf03bc7bd to remote] DEBUG org.apache.http.wire - http-outgoing-21 >> "{"using":"xpath","value":"//XCUIElementTypeApplication/XCUIElementTypeWindow/XCUIElementTypeOther/XCUIElementTypeOther/XCUIElementTypeOther/XCUIElementTypeOther/XCUIElementTypeOther/XCUIElementTypeOther/XCUIElementTypeOther/XCUIElementTypeScrollView/XCUIElementTypeOther[6]/XCUIElementTypeOther/XCUIElementTypeOther/XCUIElementTypeStaticText[6]"}"
&amp#27;[35m[HTTP]&amp#27;[39m &amp#27;[37m-->&amp#27;[39m &amp#27;[37mPOST&amp#27;[39m &amp#27;[37m/wd/hub/session/18063075-812d-4a4c-a6cd-30fbf03bc7bd/element&amp#27;[39m
&amp#27;[35m[HTTP]&amp#27;[39m &amp#27;[90m{"using":"xpath","value":"//XCUIElementTypeApplication/XCUIElementTypeWindow/XCUIElementTypeOther/XCUIElementTypeOther/XCUIElementTypeOther/XCUIElementTypeOther/XCUIElementTypeOther/XCUIElementTypeOther/XCUIElementTypeOther/XCUIElementTypeScrollView/XCUIElementTypeOther[6]/XCUIElementTypeOther/XCUIElementTypeOther/XCUIElementTypeStaticText[6]"}&amp#27;[39m
12:27:59.152 [Forwarding findElement on session 18063075-812d-4a4c-a6cd-30fbf03bc7bd to remote] DEBUG org.apache.http.wire - http-outgoing-21 << "HTTP/1.1 200 OK[\r][\n]"
12:27:59.152 [Forwarding findElement on session 18063075-812d-4a4c-a6cd-30fbf03bc7bd to remote] DEBUG org.apache.http.wire - http-outgoing-21 << "X-Powered-By: Express[\r][\n]"
12:27:59.152 [Forwarding findElement on session 18063075-812d-4a4c-a6cd-30fbf03bc7bd to remote] DEBUG org.apache.http.wire - http-outgoing-21 << "Access-Control-Allow-Origin: *[\r][\n]"
12:27:59.152 [Forwarding findElement on session 18063075-812d-4a4c-a6cd-30fbf03bc7bd to remote] DEBUG org.apache.http.wire - http-outgoing-21 << "Access-Control-Allow-Methods: GET,POST,PUT,OPTIONS,DELETE[\r][\n]"
12:27:59.152 [Forwarding findElement on session 18063075-812d-4a4c-a6cd-30fbf03bc7bd to remote] DEBUG org.apache.http.wire - http-outgoing-21 << "Access-Control-Allow-Headers: origin, content-type, accept[\r][\n]"
12:27:59.152 [Forwarding findElement on session 18063075-812d-4a4c-a6cd-30fbf03bc7bd to remote] DEBUG org.apache.http.wire - http-outgoing-21 << "Vary: X-HTTP-Method-Override[\r][\n]"
12:27:59.152 [Forwarding findElement on session 18063075-812d-4a4c-a6cd-30fbf03bc7bd to remote] DEBUG org.apache.http.wire - http-outgoing-21 << "Content-Type: application/json; charset=utf-8[\r][\n]"
12:27:59.152 [Forwarding findElement on session 18063075-812d-4a4c-a6cd-30fbf03bc7bd to remote] DEBUG org.apache.http.wire - http-outgoing-21 << "Content-Length: 122[\r][\n]"
12:27:59.152 [Forwarding findElement on session 18063075-812d-4a4c-a6cd-30fbf03bc7bd to remote] DEBUG org.apache.http.wire - http-outgoing-21 << "ETag: W/"7a-nVllPzl111RkMCpyzSYrWqZhoLE"[\r][\n]"
12:27:59.152 [Forwarding findElement on session 18063075-812d-4a4c-a6cd-30fbf03bc7bd to remote] DEBUG org.apache.http.wire - http-outgoing-21 << "Date: Fri, 23 Aug 2019 06:57:59 GMT[\r][\n]"
12:27:59.152 [Forwarding findElement on session 18063075-812d-4a4c-a6cd-30fbf03bc7bd to remote] DEBUG org.apache.http.wire - http-outgoing-21 << "Connection: keep-alive[\r][\n]"
12:27:59.153 [Forwarding findElement on session 18063075-812d-4a4c-a6cd-30fbf03bc7bd to remote] DEBUG org.apache.http.wire - http-outgoing-21 << "[\r][\n]"
12:27:59.153 [Forwarding findElement on session 18063075-812d-4a4c-a6cd-30fbf03bc7bd to remote] DEBUG org.apache.http.wire - http-outgoing-21 << "{"status":0,"value":{"ELEMENT":"F6020000-0000-0000-CF19-000000000000"},"sessionId":"18063075-812d-4a4c-a6cd-30fbf03bc7bd"}"
&amp#27;[35m[12:27:59.153 [Forwarding findElement on session 18063075-812d-4a4c-a6cd-30fbf03bc7bd to remote] DEBUG org.apache.http.headers - http-outgoing-21 << HTTP/1.1 200 OK
HTTP]&amp#27;[39m &amp#27;[37m<-- 12:27:59.153 [Forwarding findElement on session 18063075-812d-4a4c-a6cd-30fbf03bc7bd to remote] DEBUG org.apache.http.headers - http-outgoing-21 << X-Powered-By: Express
12:27:59.153 [Forwarding findElement on session 18063075-812d-4a4c-a6cd-30fbf03bc7bd to remote] DEBUG org.apache.http.headers - http-outgoing-21 << Access-Control-Allow-Origin: *
12:27:59.153 [Forwarding findElement on session 18063075-812d-4a4c-a6cd-30fbf03bc7bd to remote] DEBUG org.apache.http.headers - http-outgoing-21 << Access-Control-Allow-Methods: GET,POST,PUT,OPTIONS,DELETE
12:27:59.153 [Forwarding findElement on session 18063075-812d-4a4c-a6cd-30fbf03bc7bd to remote] DEBUG org.apache.http.headers - http-outgoing-21 << Access-Control-Allow-Headers: origin, content-type, accept
12:27:59.153 [Forwarding findElement on session 18063075-812d-4a4c-a6cd-30fbf03bc7bd to remote] DEBUG org.apache.http.headers - http-outgoing-21 << Vary: X-HTTP-Method-Override
12:27:59.153 [Forwarding findElement on session 18063075-812d-4a4c-a6cd-30fbf03bc7bd to remote] DEBUG org.apache.http.headers - http-outgoing-21 << Content-Type: application/json; charset=utf-8
12:27:59.153 [Forwarding findElement on session 18063075-812d-4a4c-a6cd-30fbf03bc7bd to remote] DEBUG org.apache.http.headers - http-outgoing-21 << Content-Length: 122
12:27:59.153 [Forwarding findElement on session 18063075-812d-4a4c-a6cd-30fbf03bc7bd to remote] DEBUG org.apache.http.headers - http-outgoing-21 << ETag: W/"7a-nVllPzl111RkMCpyzSYrWqZhoLE"
12:27:59.153 [Forwarding findElement on session 18063075-812d-4a4c-a6cd-30fbf03bc7bd to remote] DEBUG org.apache.http.headers - http-outgoing-21 << Date: Fri, 23 Aug 2019 06:57:59 GMT
12:27:59.153 [Forwarding findElement on session 18063075-812d-4a4c-a6cd-30fbf03bc7bd to remote] DEBUG org.apache.http.headers - http-outgoing-21 << Connection: keep-alive
POST /wd/hub/session/18063075-812d-4a4c-a6cd-30fbf03bc7bd/eleme12:27:59.153 [Forwarding findElement on session 18063075-812d-4a4c-a6cd-30fbf03bc7bd to remote] DEBUG o.a.h.impl.execchain.MainClientExec - Connection can be kept alive indefinitely
nt &amp#27;[39m&amp#27;[32m200&amp#27;[39m &amp#27;[90m2945 ms - 122&amp#27;[39m
12:27:59.154 [Forwarding findElement on session 18063075-812d-4a4c-a6cd-30fbf03bc7bd to remote] DEBUG o.a.h.i.c.PoolingHttpClientConnectionManager - Connection [id: 21][route: {}->http://localhost:4723] can be kept alive indefinitely
&amp#27;[35m[HTTP]&amp#27;[12:27:59.154 [Forwarding findElement on session 18063075-812d-4a4c-a6cd-30fbf03bc7bd to remote] DEBUG o.a.h.i.c.PoolingHttpClientConnectionManager - Connection released: [id: 21][route: {}->http://localhost:4723][total kept alive: 1; route allocated: 1 of 2000; total allocated: 1 of 2000]
39m &amp#27;[90m&amp#27;[39m
12:27:59.155 [Forwarding isElementDisplayed on session 18063075-812d-4a4c-a6cd-30fbf03bc7bd to remote] DEBUG o.a.h.c.protocol.RequestAddCookies - CookieSpec selected: default
12:27:59.155 [Forwarding isElementDisplayed on session 18063075-812d-4a4c-a6cd-30fbf03bc7bd to remote] DEBUG o.a.h.c.protocol.RequestAuthCache - Auth cache not set in the context
12:27:59.155 [Forwarding isElementDisplayed on session 18063075-812d-4a4c-a6cd-30fbf03bc7bd to remote] DEBUG o.a.h.i.c.PoolingHttpClientConnectionManager - Connection request: [route: {}->http://localhost:4723][total kept alive: 1; route allocated: 1 of 2000; total allocated: 1 of 2000]
12:27:59.155 [Forwarding isElementDisplayed on session 18063075-812d-4a4c-a6cd-30fbf03bc7bd to remote] DEBUG o.a.h.i.c.PoolingHttpClientConnectionManager - Connection leased: [id: 21][route: {}->http://localhost:4723][total kept alive: 0; route allocated: 1 of 2000; total allocated: 1 of 2000]
12:27:59.155 [Forwarding isElementDisplayed on session 18063075-812d-4a4c-a6cd-30fbf03bc7bd to remote] DEBUG o.a.h.impl.execchain.MainClientExec - Stale connection check
12:27:59.156 [Forwarding isElementDisplayed on session 18063075-812d-4a4c-a6cd-30fbf03bc7bd to remote] DEBUG org.apache.http.wire - http-outgoing-21 << "[read] I/O error: Read timed out"
12:27:59.156 [Forwarding isElementDisplayed on session 18063075-812d-4a4c-a6cd-30fbf03bc7bd to remote] DEBUG o.a.h.i.c.DefaultManagedHttpClientConnection - http-outgoing-21: set socket timeout to 10800000
12:27:59.156 [Forwarding isElementDisplayed on session 18063075-812d-4a4c-a6cd-30fbf03bc7bd to remote] DEBUG o.a.h.impl.execchain.MainClientExec - Executing request GET /wd/hub/session/18063075-812d-4a4c-a6cd-30fbf03bc7bd/element/F6020000-0000-0000-CF19-000000000000/displayed HTTP/1.1
12:27:59.156 [Forwarding isElementDisplayed on session 18063075-812d-4a4c-a6cd-30fbf03bc7bd to remote] DEBUG o.a.h.impl.execchain.MainClientExec - Target auth state: UNCHALLENGED
12:27:59.156 [Forwarding isElementDisplayed on session 18063075-812d-4a4c-a6cd-30fbf03bc7bd to remote] DEBUG o.a.h.impl.execchain.MainClientExec - Proxy auth state: UNCHALLENGED
12:27:59.156 [Forwarding isElementDisplayed on session 18063075-812d-4a4c-a6cd-30fbf03bc7bd to remote] DEBUG org.apache.http.headers - http-outgoing-21 >> GET /wd/hub/session/18063075-812d-4a4c-a6cd-30fbf03bc7bd/element/F6020000-0000-0000-CF19-000000000000/displayed HTTP/1.1
12:27:59.156 [Forwarding isElementDisplayed on session 18063075-812d-4a4c-a6cd-30fbf03bc7bd to remote] DEBUG org.apache.http.headers - http-outgoing-21 >> Cache-Control: no-cache
12:27:59.156 [Forwarding isElementDisplayed on session 18063075-812d-4a4c-a6cd-30fbf03bc7bd to remote] DEBUG org.apache.http.headers - http-outgoing-21 >> Host: localhost:4723
12:27:59.156 [Forwarding isElementDisplayed on session 18063075-812d-4a4c-a6cd-30fbf03bc7bd to remote] DEBUG org.apache.http.headers - http-outgoing-21 >> Connection: Keep-Alive
12:27:59.156 [Forwarding isElementDisplayed on session 18063075-812d-4a4c-a6cd-30fbf03bc7bd to remote] DEBUG org.apache.http.headers - http-outgoing-21 >> User-Agent: Apache-HttpClient/4.5.2 (Java/1.8.0_171)
12:27:59.156 [Forwarding isElementDisplayed on session 18063075-812d-4a4c-a6cd-30fbf03bc7bd to remote] DEBUG org.apache.http.headers - http-outgoing-21 >> Accept-Encoding: gzip,deflate
12:27:59.156 [Forwarding isElementDisplayed on session 18063075-812d-4a4c-a6cd-30fbf03bc7bd to remote] DEBUG org.apache.http.wire - http-outgoing-21 >> "GET /wd/hub/session/18063075-812d-4a4c-a6cd-30fbf03bc7bd/element/F6020000-0000-0000-CF19-000000000000/displayed HTTP/1.1[\r][\n]"
12:27:59.156 [Forwarding isElementDisplayed on session 18063075-812d-4a4c-a6cd-30fbf03bc7bd to remote] DEBUG org.apache.http.wire - http-outgoing-21 >> "Cache-Control: no-cache[\r][\n]"
12:27:59.156 [Forwarding isElementDisplayed on session 18063075-812d-4a4c-a6cd-30fbf03bc7bd to remote] DEBUG org.apache.http.wire - http-outgoing-21 >> "Host: localhost:4723[\r][\n]"
12:27:59.156 [Forwarding isElementDisplayed on session 18063075-812d-4a4c-a6cd-30fbf03bc7bd to remote] DEBUG org.apache.http.wire - http-outgoing-21 >> "Connection: Keep-Alive[\r][\n]"
12:27:59.157 [Forwarding isElementDisplayed on session 18063075-812d-4a4c-a6cd-30fbf03bc7bd to remote] DEBUG org.apache.http.wire - http-outgoing-21 >> "User-Agent: Apache-HttpClient/4.5.2 (Java/1.8.0_171)[\r][\n]"
12:27:59.157 [Forwarding isElementDisplayed on session 18063075-812d-4a4c-a6cd-30fbf03bc7bd to remote] DEBUG org.apache.http.wire - http-outgoing-21 >> "Accept-Encoding: gzip,deflate[\r][\n]"
12:27:59.157 [Forwarding isElementDisplayed on session 18063075-812d-4a4c-a6cd-30fbf03bc7bd to remote] DEBUG org.apache.http.wire - http-outgoing-21 >> "[\r][\n]"
&amp#27;[35m[HTTP]&amp#27;[39m &amp#27;[37m-->&amp#27;[39m &amp#27;[37mGET&amp#27;[39m &amp#27;[37m/wd/hub/session/18063075-812d-4a4c-a6cd-30fbf03bc7bd/element/F6020000-0000-0000-CF19-000000000000/displayed&amp#27;[39m
&amp#27;[35m[HTTP]&amp#27;[39m &amp#27;[90m{}&amp#27;[39m
&amp#27;[35m[MJSONWP]&amp#27;[39m Driver proxy active, passing request on via HTTP proxy
&amp#27;[35m[JSONWP Proxy]&amp#27;[39m Replac12:27:59.435 [Forwarding isElementDisplayed on session 18063075-812d-4a4c-a6cd-30fbf03bc7bd to remote] DEBUG org.apache.http.wire - http-outgoing-21 << "HTTP/1.1 200 OK[\r][\n]"
ing sessionId B74F9560-FF94-4D04-9569-9BCC996503BA wit12:27:59.435 [Forwarding isElementDisplayed on session 18063075-812d-4a4c-a6cd-30fbf03bc7bd to remote] DEBUG org.apache.http.wire - http-outgoing-21 << "X-Powered-By: Express[\r][\n]"
h 18063075-812d-4a4c-a6cd-30fbf03bc7bd
12:27:59.435 [Forwarding isElementDisplayed on session 18063075-812d-4a4c-a6cd-30fbf03bc7bd to remote] DEBUG org.apache.http.wire - http-outgoing-21 << "Access-Control-Allow-Origin: *[\r][\n]"
&amp#27;[35m[HTT12:27:59.436 [Forwarding isElementDisplayed on session 18063075-812d-4a4c-a6cd-30fbf03bc7bd to remote] DEBUG org.apache.http.wire - http-outgoing-21 << "Access-Control-Allow-Methods: GET,POST,PUT,OPTIONS,DELETE[\r][\n]"
P]&amp#27;12:27:59.436 [Forwarding isElementDisplayed on session 18063075-812d-4a4c-a6cd-30fbf03bc7bd to remote] DEBUG org.apache.http.wire - http-outgoing-21 << "Access-Control-Allow-Headers: origin, content-type, accept[\r][\n]"
[39m 12:27:59.436 [Forwarding isElementDisplayed on session 18063075-812d-4a4c-a6cd-30fbf03bc7bd to remote] DEBUG org.apache.http.wire - http-outgoing-21 << "Content-Type: application/json; charset=utf-8[\r][\n]"
12:27:59.436 [Forwarding isElementDisplayed on session 18063075-812d-4a4c-a6cd-30fbf03bc7bd to remote] DEBUG org.apache.http.wire - http-outgoing-21 << "Content-Length: 77[\r][\n]"
&amp#27;[37m<-12:27:59.436 [Forwarding isElementDisplayed on session 18063075-812d-4a4c-a6cd-30fbf03bc7bd to remote] DEBUG org.apache.http.wire - http-outgoing-21 << "ETag: W/"4d-tkXZ6WjSQrr3O8HXWzNn3RouXcE"[\r][\n]"
12:27:59.436 [Forwarding isElementDisplayed on session 18063075-812d-4a4c-a6cd-30fbf03bc7bd to remote] DEBUG org.apache.http.wire - http-outgoing-21 << "Date: Fri, 23 Aug 2019 06:57:59 GMT[\r][\n]"
- GET /wd/hub/session/18063075-812d12:27:59.436 [Forwarding isElementDisplayed on session 18063075-812d-4a4c-a6cd-30fbf03bc7bd to remote] DEBUG org.apache.http.wire - http-outgoing-21 << "Connection: keep-alive[\r][\n]"
-4a4c-a6c12:27:59.437 [Forwarding isElementDisplayed on session 18063075-812d-4a4c-a6cd-30fbf03bc7bd to remote] DEBUG org.apache.http.wire - http-outgoing-21 << "[\r][\n]"
d-30fb12:27:59.437 [Forwarding isElementDisplayed on session 18063075-812d-4a4c-a6cd-30fbf03bc7bd to remote] DEBUG org.apache.http.wire - http-outgoing-21 << "{"value":false,"sessionId":"18063075-812d-4a4c-a6cd-30fbf03bc7bd","status":0}"
f03bc712:27:59.437 [Forwarding isElementDisplayed on session 18063075-812d-4a4c-a6cd-30fbf03bc7bd to remote] DEBUG org.apache.http.headers - http-outgoing-21 << HTTP/1.1 200 OK
12:27:59.437 [Forwarding isElementDisplayed on session 18063075-812d-4a4c-a6cd-30fbf03bc7bd to remote] DEBUG org.apache.http.headers - http-outgoing-21 << X-Powered-By: Express
12:27:59.437 [Forwarding isElementDisplayed on session 18063075-812d-4a4c-a6cd-30fbf03bc7bd to remote] DEBUG org.apache.http.headers - http-outgoing-21 << Access-Control-Allow-Origin: *
bd/element/F6020000-0000-012:27:59.437 [Forwarding isElementDisplayed on session 18063075-812d-4a4c-a6cd-30fbf03bc7bd to remote] DEBUG org.apache.http.headers - http-outgoing-21 << Access-Control-Allow-Methods: GET,POST,PUT,OPTIONS,DELETE
12:27:59.437 [Forwarding isElementDisplayed on session 18063075-812d-4a4c-a6cd-30fbf03bc7bd to remote] DEBUG org.apache.http.headers - http-outgoing-21 << Access-Control-Allow-Headers: origin, content-type, accept
000-CF112:27:59.437 [Forwarding isElementDisplayed on session 18063075-812d-4a4c-a6cd-30fbf03bc7bd to remote] DEBUG org.apache.http.headers - http-outgoing-21 << Content-Type: application/json; charset=utf-8
9-000000000000/displayed &amp#27;[39m&amp#27;[312:27:59.437 [Forwarding isElementDisplayed on session 18063075-812d-4a4c-a6cd-30fbf03bc7bd to remote] DEBUG org.apache.http.headers - http-outgoing-21 << Content-Length: 77
12:27:59.438 [Forwarding isElementDisplayed on session 18063075-812d-4a4c-a6cd-30fbf03bc7bd to remote] DEBUG org.apache.http.headers - http-outgoing-21 << ETag: W/"4d-tkXZ6WjSQrr3O8HXWzNn3RouXcE"
2m200&amp#27;[39m 12:27:59.438 [Forwarding isElementDisplayed on session 18063075-812d-4a4c-a6cd-30fbf03bc7bd to remote] DEBUG org.apache.http.headers - http-outgoing-21 << Date: Fri, 23 Aug 2019 06:57:59 GMT
12:27:59.438 [Forwarding isElementDisplayed on session 18063075-812d-4a4c-a6cd-30fbf03bc7bd to remote] DEBUG org.apache.http.headers - http-outgoing-21 << Connection: keep-alive
&amp#27;[90m277 m12:27:59.438 [Forwarding isElementDisplayed on session 18063075-812d-4a4c-a6cd-30fbf03bc7bd to remote] DEBUG o.a.h.impl.execchain.MainClientExec - Connection can be kept alive indefinitely
s - 77&amp#27;[39m
12:27:59.438 [Forwarding isElementDisplayed on session 18063075-812d-4a4c-a6cd-30fbf03bc7bd to remote] DEBUG o.a.h.i.c.PoolingHttpClientConnectionManager - Connection [id: 21][route: {}->http://localhost:4723] can be kept alive indefinitely
&amp#27;12:27:59.438 [Forwarding isElementDisplayed on session 18063075-812d-4a4c-a6cd-30fbf03bc7bd to remote] DEBUG o.a.h.i.c.PoolingHttpClientConnectionManager - Connection released: [id: 21][route: {}->http://localhost:4723][total kept alive: 1; route allocated: 1 of 2000; total allocated: 1 of 2000]
[35m[HTTP]&amp#27;[39m &amp#27;[90m&amp#27;[39m
]]></system-out>
  </testcase>
  <testcase name="HOOQ_IOS_MOBILE_Similer_Titles" classname="com.automation.ios.iphone.scripts.HOOQ_IOS_IPhone_Sanity" time="66.701"/>
  <testcase name="HOOQ_IOS_MOBILE_Movie_Play" classname="com.automation.ios.iphone.scripts.HOOQ_IOS_IPhone_Sanity" time="529.571"/>
  <testcase name="HOOQ_IOS_MOBILE_Search_TVShows" classname="com.automation.ios.iphone.scripts.HOOQ_IOS_IPhone_Sanity" time="64.995"/>
  <testcase name="HOOQ_IOS_MOBILE_Content_Details_TVShows" classname="com.automation.ios.iphone.scripts.HOOQ_IOS_IPhone_Sanity" time="343.196"/>
  <testcase name="HOOQ_IOS_MOBILE_Verify_History" classname="com.automation.ios.iphone.scripts.HOOQ_IOS_IPhone_Sanity" time="66.689"/>
  <testcase name="HOOQ_IOS_MOBILE_Verify_Settings" classname="com.automation.ios.iphone.scripts.HOOQ_IOS_IPhone_Sanity" time="68.895"/>
  <testcase name="HOOQ_IOS_MOBILE_Verify_Subscription" classname="com.automation.ios.iphone.scripts.HOOQ_IOS_IPhone_Sanity" time="119.534"/>
  <testcase name="HOOQ_IOS_MOBILE_Verify_Support" classname="com.automation.ios.iphone.scripts.HOOQ_IOS_IPhone_Sanity" time="107.904"/>
  <testcase name="HOOQ_IOS_MOBILE_Verify_LinkTV" classname="com.automation.ios.iphone.scripts.HOOQ_IOS_IPhone_Sanity" time="55.161"/>
  <testcase name="HOOQ_IOS_MOBILE_Download_Movies" classname="com.automation.ios.iphone.scripts.HOOQ_IOS_IPhone_Sanity" time="383.221"/>
  <testcase name="HOOQ_IOS_MOBILE_Download_TVShows" classname="com.automation.ios.iphone.scripts.HOOQ_IOS_IPhone_Sanity" time="523.621"/>
  <testcase name="HOOQ_IOS_MOBILE_Verify_Download" classname="com.automation.ios.iphone.scripts.HOOQ_IOS_IPhone_Sanity" time="120.301"/>
  <testcase name="HOOQ_IOS_MOBILE_ME_My_Rentals" classname="com.automation.ios.iphone.scripts.HOOQ_IOS_IPhone_Sanity" time="90.569"/>
  <testcase name="HOOQ_IOS_MOBILE_Verify_LogOut" classname="com.automation.ios.iphone.scripts.HOOQ_IOS_IPhone_Sanity" time="52.978"/>
</testsuite>