<?xml version="1.0" encoding="UTF-8"?>
<!-- Generated by org.testng.reporters.JUnitReportReporter -->
<testsuite hostname="CTLINDT-0119" name="com.automation.reports.TestReport" tests="2" failures="0" timestamp="15 May 2019 11:00:32 GMT" time="0.013" errors="0">
  <testcase name="fnTest1" time="0.010" classname="com.automation.reports.TestReport"/>
  <testcase name="fnTest2" time="0.003" classname="com.automation.reports.TestReport"/>
</testsuite> <!-- com.automation.reports.TestReport -->
