<?xml version="1.0" encoding="UTF-8"?>
<!-- Generated by org.testng.reporters.JUnitReportReporter -->
<testsuite hostname="admins-mbp.cignitiglobal.com" name="com.automation.ios.iphone.scripts.HOOQ_IOS_IPhone_Search_Test" tests="18" failures="0" timestamp="3 Sep 2019 08:49:35 GMT" time="2410.544" errors="0">
  <testcase name="HOOQ_IOS_IPhone_Active_User_Search_R21_TVShows" time="131.820" classname="com.automation.ios.iphone.scripts.HOOQ_IOS_IPhone_Search_Test"/>
  <testcase name="HOOQ_IOS_IPhone_Active_User_Search_TVShows" time="128.006" classname="com.automation.ios.iphone.scripts.HOOQ_IOS_IPhone_Search_Test"/>
  <testcase name="HOOQ_IOS_IPhone_Lapsed_User_Search_R21_Movies" time="108.707" classname="com.automation.ios.iphone.scripts.HOOQ_IOS_IPhone_Search_Test"/>
  <testcase name="HOOQ_IOS_IPhone_Lapsed_User_Search_Movies" time="215.264" classname="com.automation.ios.iphone.scripts.HOOQ_IOS_IPhone_Search_Test"/>
  <testcase name="HOOQ_IOS_IPhone_Active_User_Search_R21_Premium" time="113.994" classname="com.automation.ios.iphone.scripts.HOOQ_IOS_IPhone_Search_Test"/>
  <testcase name="HOOQ_IOS_IPhone_Lapsed_User_Search_TVShows" time="118.885" classname="com.automation.ios.iphone.scripts.HOOQ_IOS_IPhone_Search_Test"/>
  <testcase name="HOOQ_IOS_IPhone_Active_User_Search_R21_Movies" time="113.942" classname="com.automation.ios.iphone.scripts.HOOQ_IOS_IPhone_Search_Test"/>
  <testcase name="HOOQ_IOS_IPhone_Lapsed_User_Search_R21_Premium" time="107.166" classname="com.automation.ios.iphone.scripts.HOOQ_IOS_IPhone_Search_Test"/>
  <testcase name="HOOQ_IOS_IPhone_Free_User_Search_TVShows" time="124.262" classname="com.automation.ios.iphone.scripts.HOOQ_IOS_IPhone_Search_Test"/>
  <testcase name="HOOQ_IOS_IPhone_Lapsed_User_Search_Premium" time="106.387" classname="com.automation.ios.iphone.scripts.HOOQ_IOS_IPhone_Search_Test"/>
  <testcase name="HOOQ_IOS_IPhone_Lapsed_User_Search_R21_TVShows" time="125.663" classname="com.automation.ios.iphone.scripts.HOOQ_IOS_IPhone_Search_Test"/>
  <testcase name="HOOQ_IOS_IPhone_Free_User_Search_Premium" time="111.075" classname="com.automation.ios.iphone.scripts.HOOQ_IOS_IPhone_Search_Test"/>
  <testcase name="HOOQ_IOS_IPhone_Active_User_Search_Premium" time="112.116" classname="com.automation.ios.iphone.scripts.HOOQ_IOS_IPhone_Search_Test"/>
  <testcase name="HOOQ_IOS_IPhone_Free_User_Search_R21_Movies" time="112.696" classname="com.automation.ios.iphone.scripts.HOOQ_IOS_IPhone_Search_Test"/>
  <testcase name="HOOQ_IOS_IPhone_Free_User_Search_R21_Premium" time="109.770" classname="com.automation.ios.iphone.scripts.HOOQ_IOS_IPhone_Search_Test"/>
  <testcase name="HOOQ_IOS_IPhone_Free_User_Search_R21_TVShows" time="131.665" classname="com.automation.ios.iphone.scripts.HOOQ_IOS_IPhone_Search_Test"/>
  <testcase name="HOOQ_IOS_IPhone_Active_User_Search_Movies" time="224.567" classname="com.automation.ios.iphone.scripts.HOOQ_IOS_IPhone_Search_Test"/>
  <testcase name="HOOQ_IOS_IPhone_Free_User_Search_Movies" time="214.559" classname="com.automation.ios.iphone.scripts.HOOQ_IOS_IPhone_Search_Test"/>
</testsuite> <!-- com.automation.ios.iphone.scripts.HOOQ_IOS_IPhone_Search_Test -->
