<?xml version="1.0" encoding="UTF-8"?>
<!-- Generated by org.testng.reporters.JUnitReportReporter -->
<testsuite hostname="CTLINDT-0119" name="com.automation.pwa.scripts.HOOQ_PWA_Active_User_Quick_Link" tests="1" failures="0" timestamp="18 May 2019 12:38:18 GMT" time="33.137" errors="1">
  <testcase name="HOOQ_PWA_Active_User_Quick_Link" time="33.137" classname="com.automation.pwa.scripts.HOOQ_PWA_Active_User_Quick_Link">
    <error type="java.lang.NoSuchMethodError" message="com.automation.pwa.scripts.HOOQ_PWA_Active_User_Quick_Link.fnVerifyPRemiumPlus()V">
      <![CDATA[java.lang.NoSuchMethodError: com.automation.pwa.scripts.HOOQ_PWA_Active_User_Quick_Link.fnVerifyPRemiumPlus()V
	at com.automation.pwa.scripts.HOOQ_PWA_Active_User_Quick_Link.HOOQ_PWA_Active_User_Quick_Link(HOOQ_PWA_Active_User_Quick_Link.java:38)
	at sun.reflect.NativeMethodAccessorImpl.invoke0(Native Method)
	at sun.reflect.NativeMethodAccessorImpl.invoke(NativeMethodAccessorImpl.java:62)
	at sun.reflect.DelegatingMethodAccessorImpl.invoke(DelegatingMethodAccessorImpl.java:43)
	at java.lang.reflect.Method.invoke(Method.java:498)
	at org.testng.internal.MethodInvocationHelper.invokeMethod(MethodInvocationHelper.java:86)
	at org.testng.internal.Invoker.invokeMethod(Invoker.java:643)
	at org.testng.internal.Invoker.invokeTestMethod(Invoker.java:820)
	at org.testng.internal.Invoker.invokeTestMethods(Invoker.java:1128)
	at org.testng.internal.TestMethodWorker.invokeTestMethods(TestMethodWorker.java:129)
	at org.testng.internal.TestMethodWorker.run(TestMethodWorker.java:112)
	at org.testng.TestRunner.privateRun(TestRunner.java:782)
	at org.testng.TestRunner.run(TestRunner.java:632)
	at org.testng.SuiteRunner.runTest(SuiteRunner.java:366)
	at org.testng.SuiteRunner.runSequentially(SuiteRunner.java:361)
	at org.testng.SuiteRunner.privateRun(SuiteRunner.java:319)
	at org.testng.SuiteRunner.run(SuiteRunner.java:268)
	at org.testng.SuiteRunnerWorker.runSuite(SuiteRunnerWorker.java:52)
	at org.testng.SuiteRunnerWorker.run(SuiteRunnerWorker.java:86)
	at org.testng.TestNG.runSuitesSequentially(TestNG.java:1244)
	at org.testng.TestNG.runSuitesLocally(TestNG.java:1169)
	at org.testng.TestNG.run(TestNG.java:1064)
	at org.testng.remote.AbstractRemoteTestNG.run(AbstractRemoteTestNG.java:114)
	at org.testng.remote.RemoteTestNG.initAndRun(RemoteTestNG.java:251)
	at org.testng.remote.RemoteTestNG.main(RemoteTestNG.java:77)
]]>
    </error>
  </testcase> <!-- HOOQ_PWA_Active_User_Quick_Link -->
</testsuite> <!-- com.automation.pwa.scripts.HOOQ_PWA_Active_User_Quick_Link -->
