<?xml version="1.0" encoding="UTF-8"?>
<!-- Generated by org.testng.reporters.JUnitReportReporter -->
<testsuite hostname="Admins-MacBook-Pro.local" name="com.automation.android.mobile.scripts.HOOQ_Android_Mobile_Content_Details_Movie" tests="1" failures="0" timestamp="30 Nov 2019 06:35:30 GMT" time="69.043" errors="0">
  <testcase name="HOOQ_Android_Mobile_Content_Details_Movie" time="69.043" classname="com.automation.android.mobile.scripts.HOOQ_Android_Mobile_Content_Details_Movie"/>
</testsuite> <!-- com.automation.android.mobile.scripts.HOOQ_Android_Mobile_Content_Details_Movie -->
