<?xml version="1.0" encoding="UTF-8"?>
<!-- Generated by org.testng.reporters.JUnitReportReporter -->
<testsuite hostname="CTLINDT-0119" name="com.automation.web.scripts.HOOQ_PWA_Active_User_Quick_Link" tests="1" failures="0" timestamp="18 May 2019 13:16:45 GMT" time="41.346" errors="0">
  <testcase name="HOOQ_PWA_Active_User_Quick_Link" time="41.346" classname="com.automation.web.scripts.HOOQ_PWA_Active_User_Quick_Link"/>
</testsuite> <!-- com.automation.web.scripts.HOOQ_PWA_Active_User_Quick_Link -->
