<?xml version="1.0" encoding="UTF-8"?>
<!-- Generated by org.testng.reporters.JUnitReportReporter -->
<testsuite hostname="admins-mbp.cignitiglobal.com" name="com.automation.ios.iphone.scripts.HOOQ_IOS_IPhone_Sanity2" tests="1" failures="0" timestamp="24 Aug 2019 11:56:32 GMT" time="178.664" errors="0">
  <testcase name="HOOQ_IOS_MOBILE_Login" time="178.664" classname="com.automation.ios.iphone.scripts.HOOQ_IOS_IPhone_Sanity2"/>
</testsuite> <!-- com.automation.ios.iphone.scripts.HOOQ_IOS_IPhone_Sanity2 -->
