<?xml version="1.0" encoding="UTF-8"?>
<!-- Generated by org.testng.reporters.JUnitReportReporter -->
<testsuite hostname="CTLINDT-0119" name="com.automation.pwa.scripts.fnVerifyHOOQPage" tests="1" failures="0" timestamp="18 May 2019 09:00:06 GMT" time="62.950" errors="0">
  <testcase name="fnVerifyHOOQPage" time="62.950" classname="com.automation.pwa.scripts.fnVerifyHOOQPage"/>
</testsuite> <!-- com.automation.pwa.scripts.fnVerifyHOOQPage -->
