<?xml version="1.0" encoding="UTF-8"?>
<!-- Generated by org.testng.reporters.JUnitReportReporter -->
<testsuite hostname="admins-mbp.cignitiglobal.com" name="com.automation.ios.iphone.scripts.HOOQ_IOS_IPhone_ME_Test" tests="3" failures="0" timestamp="3 Sep 2019 08:49:35 GMT" time="799.462" errors="0">
  <testcase name="HOOQ_IOS_IPhone_Lapsed_User_MeSection" time="280.021" classname="com.automation.ios.iphone.scripts.HOOQ_IOS_IPhone_ME_Test"/>
  <testcase name="HOOQ_IOS_IPhone_Free_User_MeSection" time="279.370" classname="com.automation.ios.iphone.scripts.HOOQ_IOS_IPhone_ME_Test"/>
  <testcase name="HOOQ_IOS_IPhone_Active_User_MeSection" time="240.071" classname="com.automation.ios.iphone.scripts.HOOQ_IOS_IPhone_ME_Test"/>
</testsuite> <!-- com.automation.ios.iphone.scripts.HOOQ_IOS_IPhone_ME_Test -->
