<?xml version="1.0" encoding="UTF-8"?>
<!-- Generated by org.testng.reporters.JUnitReportReporter -->
<testsuite hostname="admins-mbp.cignitiglobal.com" name="com.automation.ios.iphone.scripts.HOOQ_IOS_IPhone_Sanity" tests="22" failures="3" timestamp="14 Aug 2019 08:40:56 GMT" time="4437.002" errors="0">
  <testcase name="HOOQ_IOS_MOBILE_Verify_Subscription" time="164.705" classname="com.automation.ios.iphone.scripts.HOOQ_IOS_IPhone_Sanity"/>
  <testcase name="HOOQ_IOS_MOBILE_Rent_Section" time="141.011" classname="com.automation.ios.iphone.scripts.HOOQ_IOS_IPhone_Sanity"/>
  <testcase name="HOOQ_IOS_MOBILE_Verify_History" time="104.965" classname="com.automation.ios.iphone.scripts.HOOQ_IOS_IPhone_Sanity"/>
  <testcase name="HOOQ_IOS_MOBILE_Content_Details_Movie" time="176.633" classname="com.automation.ios.iphone.scripts.HOOQ_IOS_IPhone_Sanity"/>
  <testcase name="HOOQ_IOS_MOBILE_Movie_Play" time="564.964" classname="com.automation.ios.iphone.scripts.HOOQ_IOS_IPhone_Sanity">
    <failure type="java.lang.AssertionError" message="null">
      <![CDATA[java.lang.AssertionError: null
	at org.testng.Assert.fail(Assert.java:94)
	at org.testng.Assert.fail(Assert.java:101)
	at com.automation.accelerators.TestEngine.fnCloseTest(TestEngine.java:480)
	at com.automation.ios.iphone.scripts.HOOQ_IOS_IPhone_Sanity.HOOQ_IOS_MOBILE_Movie_Play(HOOQ_IOS_IPhone_Sanity.java:292)
	at sun.reflect.NativeMethodAccessorImpl.invoke0(Native Method)
	at sun.reflect.NativeMethodAccessorImpl.invoke(NativeMethodAccessorImpl.java:62)
	at sun.reflect.DelegatingMethodAccessorImpl.invoke(DelegatingMethodAccessorImpl.java:43)
	at java.lang.reflect.Method.invoke(Method.java:498)
	at org.testng.internal.MethodInvocationHelper.invokeMethod(MethodInvocationHelper.java:86)
	at org.testng.internal.Invoker.invokeMethod(Invoker.java:643)
	at org.testng.internal.Invoker.invokeTestMethod(Invoker.java:820)
	at org.testng.internal.Invoker.invokeTestMethods(Invoker.java:1128)
	at org.testng.internal.TestMethodWorker.invokeTestMethods(TestMethodWorker.java:129)
	at org.testng.internal.TestMethodWorker.run(TestMethodWorker.java:112)
	at org.testng.TestRunner.privateRun(TestRunner.java:782)
	at org.testng.TestRunner.run(TestRunner.java:632)
	at org.testng.SuiteRunner.runTest(SuiteRunner.java:366)
	at org.testng.SuiteRunner.runSequentially(SuiteRunner.java:361)
	at org.testng.SuiteRunner.privateRun(SuiteRunner.java:319)
	at org.testng.SuiteRunner.run(SuiteRunner.java:268)
	at org.testng.SuiteRunnerWorker.runSuite(SuiteRunnerWorker.java:52)
	at org.testng.SuiteRunnerWorker.run(SuiteRunnerWorker.java:86)
	at org.testng.TestNG.runSuitesSequentially(TestNG.java:1244)
	at org.testng.TestNG.runSuitesLocally(TestNG.java:1169)
	at org.testng.TestNG.run(TestNG.java:1064)
	at org.testng.remote.RemoteTestNG.run(RemoteTestNG.java:113)
	at org.testng.remote.RemoteTestNG.initAndRun(RemoteTestNG.java:206)
	at org.testng.remote.RemoteTestNG.main(RemoteTestNG.java:177)
]]>
    </failure>
  </testcase> <!-- HOOQ_IOS_MOBILE_Movie_Play -->
  <testcase name="HOOQ_IOS_MOBILE_Verify_Download" time="159.571" classname="com.automation.ios.iphone.scripts.HOOQ_IOS_IPhone_Sanity"/>
  <testcase name="HOOQ_IOS_MOBILE_Similer_Titles" time="110.009" classname="com.automation.ios.iphone.scripts.HOOQ_IOS_IPhone_Sanity"/>
  <testcase name="HOOQ_IOS_MOBILE_Content_Details_TVShows" time="395.708" classname="com.automation.ios.iphone.scripts.HOOQ_IOS_IPhone_Sanity"/>
  <testcase name="HOOQ_IOS_MOBILE_Download_Movies" time="420.233" classname="com.automation.ios.iphone.scripts.HOOQ_IOS_IPhone_Sanity"/>
  <testcase name="HOOQ_IOS_MOBILE_ME_My_Rentals" time="195.878" classname="com.automation.ios.iphone.scripts.HOOQ_IOS_IPhone_Sanity"/>
  <testcase name="HOOQ_IOS_MOBILE_Login" time="152.972" classname="com.automation.ios.iphone.scripts.HOOQ_IOS_IPhone_Sanity"/>
  <testcase name="HOOQ_IOS_MOBILE_Search_TVShows" time="104.205" classname="com.automation.ios.iphone.scripts.HOOQ_IOS_IPhone_Sanity"/>
  <testcase name="HOOQ_IOS_MOBILE_Verify_Settings" time="109.229" classname="com.automation.ios.iphone.scripts.HOOQ_IOS_IPhone_Sanity"/>
  <testcase name="HOOQ_IOS_MOBILE_Verify_Support" time="163.945" classname="com.automation.ios.iphone.scripts.HOOQ_IOS_IPhone_Sanity"/>
  <testcase name="HOOQ_IOS_MOBILE_ME" time="113.206" classname="com.automation.ios.iphone.scripts.HOOQ_IOS_IPhone_Sanity"/>
  <testcase name="HOOQ_IOS_MOBILE_Verify_LogOut" time="86.138" classname="com.automation.ios.iphone.scripts.HOOQ_IOS_IPhone_Sanity"/>
  <testcase name="HOOQ_IOS_MOBILE_Download_TVShows" time="581.904" classname="com.automation.ios.iphone.scripts.HOOQ_IOS_IPhone_Sanity"/>
  <testcase name="HOOQ_IOS_MOBILE_Movies_Section" time="66.048" classname="com.automation.ios.iphone.scripts.HOOQ_IOS_IPhone_Sanity">
    <failure type="java.lang.AssertionError" message="null">
      <![CDATA[java.lang.AssertionError: null
	at org.testng.Assert.fail(Assert.java:94)
	at org.testng.Assert.fail(Assert.java:101)
	at com.automation.accelerators.TestEngine.fnCloseTest(TestEngine.java:480)
	at com.automation.ios.iphone.scripts.HOOQ_IOS_IPhone_Sanity.HOOQ_IOS_MOBILE_Movies_Section(HOOQ_IOS_IPhone_Sanity.java:104)
	at sun.reflect.NativeMethodAccessorImpl.invoke0(Native Method)
	at sun.reflect.NativeMethodAccessorImpl.invoke(NativeMethodAccessorImpl.java:62)
	at sun.reflect.DelegatingMethodAccessorImpl.invoke(DelegatingMethodAccessorImpl.java:43)
	at java.lang.reflect.Method.invoke(Method.java:498)
	at org.testng.internal.MethodInvocationHelper.invokeMethod(MethodInvocationHelper.java:86)
	at org.testng.internal.Invoker.invokeMethod(Invoker.java:643)
	at org.testng.internal.Invoker.invokeTestMethod(Invoker.java:820)
	at org.testng.internal.Invoker.invokeTestMethods(Invoker.java:1128)
	at org.testng.internal.TestMethodWorker.invokeTestMethods(TestMethodWorker.java:129)
	at org.testng.internal.TestMethodWorker.run(TestMethodWorker.java:112)
	at org.testng.TestRunner.privateRun(TestRunner.java:782)
	at org.testng.TestRunner.run(TestRunner.java:632)
	at org.testng.SuiteRunner.runTest(SuiteRunner.java:366)
	at org.testng.SuiteRunner.runSequentially(SuiteRunner.java:361)
	at org.testng.SuiteRunner.privateRun(SuiteRunner.java:319)
	at org.testng.SuiteRunner.run(SuiteRunner.java:268)
	at org.testng.SuiteRunnerWorker.runSuite(SuiteRunnerWorker.java:52)
	at org.testng.SuiteRunnerWorker.run(SuiteRunnerWorker.java:86)
	at org.testng.TestNG.runSuitesSequentially(TestNG.java:1244)
	at org.testng.TestNG.runSuitesLocally(TestNG.java:1169)
	at org.testng.TestNG.run(TestNG.java:1064)
	at org.testng.remote.RemoteTestNG.run(RemoteTestNG.java:113)
	at org.testng.remote.RemoteTestNG.initAndRun(RemoteTestNG.java:206)
	at org.testng.remote.RemoteTestNG.main(RemoteTestNG.java:177)
]]>
    </failure>
  </testcase> <!-- HOOQ_IOS_MOBILE_Movies_Section -->
  <testcase name="HOOQ_IOS_MOBILE_TVShows_Section" time="66.331" classname="com.automation.ios.iphone.scripts.HOOQ_IOS_IPhone_Sanity">
    <failure type="java.lang.AssertionError" message="null">
      <![CDATA[java.lang.AssertionError: null
	at org.testng.Assert.fail(Assert.java:94)
	at org.testng.Assert.fail(Assert.java:101)
	at com.automation.accelerators.TestEngine.fnCloseTest(TestEngine.java:480)
	at com.automation.ios.iphone.scripts.HOOQ_IOS_IPhone_Sanity.HOOQ_IOS_MOBILE_TVShows_Section(HOOQ_IOS_IPhone_Sanity.java:130)
	at sun.reflect.NativeMethodAccessorImpl.invoke0(Native Method)
	at sun.reflect.NativeMethodAccessorImpl.invoke(NativeMethodAccessorImpl.java:62)
	at sun.reflect.DelegatingMethodAccessorImpl.invoke(DelegatingMethodAccessorImpl.java:43)
	at java.lang.reflect.Method.invoke(Method.java:498)
	at org.testng.internal.MethodInvocationHelper.invokeMethod(MethodInvocationHelper.java:86)
	at org.testng.internal.Invoker.invokeMethod(Invoker.java:643)
	at org.testng.internal.Invoker.invokeTestMethod(Invoker.java:820)
	at org.testng.internal.Invoker.invokeTestMethods(Invoker.java:1128)
	at org.testng.internal.TestMethodWorker.invokeTestMethods(TestMethodWorker.java:129)
	at org.testng.internal.TestMethodWorker.run(TestMethodWorker.java:112)
	at org.testng.TestRunner.privateRun(TestRunner.java:782)
	at org.testng.TestRunner.run(TestRunner.java:632)
	at org.testng.SuiteRunner.runTest(SuiteRunner.java:366)
	at org.testng.SuiteRunner.runSequentially(SuiteRunner.java:361)
	at org.testng.SuiteRunner.privateRun(SuiteRunner.java:319)
	at org.testng.SuiteRunner.run(SuiteRunner.java:268)
	at org.testng.SuiteRunnerWorker.runSuite(SuiteRunnerWorker.java:52)
	at org.testng.SuiteRunnerWorker.run(SuiteRunnerWorker.java:86)
	at org.testng.TestNG.runSuitesSequentially(TestNG.java:1244)
	at org.testng.TestNG.runSuitesLocally(TestNG.java:1169)
	at org.testng.TestNG.run(TestNG.java:1064)
	at org.testng.remote.RemoteTestNG.run(RemoteTestNG.java:113)
	at org.testng.remote.RemoteTestNG.initAndRun(RemoteTestNG.java:206)
	at org.testng.remote.RemoteTestNG.main(RemoteTestNG.java:177)
]]>
    </failure>
  </testcase> <!-- HOOQ_IOS_MOBILE_TVShows_Section -->
  <testcase name="HOOQ_IOS_MOBILE_Search_Movie" time="95.819" classname="com.automation.ios.iphone.scripts.HOOQ_IOS_IPhone_Sanity"/>
  <testcase name="HOOQ_IOS_MOBILE_Verify_LinkTV" time="93.946" classname="com.automation.ios.iphone.scripts.HOOQ_IOS_IPhone_Sanity"/>
  <testcase name="HOOQ_IOS_MOBILE_Discover" time="369.582" classname="com.automation.ios.iphone.scripts.HOOQ_IOS_IPhone_Sanity"/>
</testsuite> <!-- com.automation.ios.iphone.scripts.HOOQ_IOS_IPhone_Sanity -->
