<?xml version="1.0" encoding="UTF-8"?>
<!-- Generated by org.testng.reporters.JUnitReportReporter -->
<testsuite hostname="CTLINDT-0119" name="com.automation.android.mobile.scripts.HOOQ_Android_Mobile_Sanity" tests="1" failures="0" timestamp="4 Sep 2019 10:57:34 GMT" time="217.085" errors="0">
  <testcase name="HOOQ_Android_MOBILE_Verify_Download" time="217.085" classname="com.automation.android.mobile.scripts.HOOQ_Android_Mobile_Sanity"/>
</testsuite> <!-- com.automation.android.mobile.scripts.HOOQ_Android_Mobile_Sanity -->
