<?xml version="1.0" encoding="UTF-8"?>
<!-- Generated by org.testng.reporters.JUnitReportReporter -->
<testsuite hostname="admins-mbp.cignitiglobal.com" name="com.automation.ios.iphone.scripts.HOOQ_IOS_IPhone_ME_Test" tests="3" failures="0" timestamp="14 Aug 2019 13:41:51 GMT" time="738.709" errors="0">
  <testcase name="HOOQ_IOS_IPhone_Free_User_MeSection" time="246.050" classname="com.automation.ios.iphone.scripts.HOOQ_IOS_IPhone_ME_Test"/>
  <testcase name="HOOQ_IOS_IPhone_Lapsed_User_MeSection" time="212.390" classname="com.automation.ios.iphone.scripts.HOOQ_IOS_IPhone_ME_Test"/>
  <testcase name="HOOQ_IOS_IPhone_Active_User_MeSection" time="280.269" classname="com.automation.ios.iphone.scripts.HOOQ_IOS_IPhone_ME_Test"/>
</testsuite> <!-- com.automation.ios.iphone.scripts.HOOQ_IOS_IPhone_ME_Test -->
