<?xml version="1.0" encoding="UTF-8"?>
<!-- Generated by org.testng.reporters.JUnitReportReporter -->
<testsuite hostname="admins-mbp.cignitiglobal.com" name="com.automation.ios.iphone.scripts.HOOQ_IOS_IPhone_Search_Test" tests="18" failures="0" timestamp="14 Aug 2019 13:41:51 GMT" time="2413.207" errors="0">
  <testcase name="HOOQ_IOS_IPhone_Lapsed_User_Search_TVShows" time="125.302" classname="com.automation.ios.iphone.scripts.HOOQ_IOS_IPhone_Search_Test"/>
  <testcase name="HOOQ_IOS_IPhone_Lapsed_User_Search_R21_Premium" time="110.958" classname="com.automation.ios.iphone.scripts.HOOQ_IOS_IPhone_Search_Test"/>
  <testcase name="HOOQ_IOS_IPhone_Active_User_Search_Movies" time="212.062" classname="com.automation.ios.iphone.scripts.HOOQ_IOS_IPhone_Search_Test"/>
  <testcase name="HOOQ_IOS_IPhone_Active_User_Search_R21_Movies" time="115.756" classname="com.automation.ios.iphone.scripts.HOOQ_IOS_IPhone_Search_Test"/>
  <testcase name="HOOQ_IOS_IPhone_Active_User_Search_R21_TVShows" time="132.991" classname="com.automation.ios.iphone.scripts.HOOQ_IOS_IPhone_Search_Test"/>
  <testcase name="HOOQ_IOS_IPhone_Lapsed_User_Search_R21_Movies" time="112.769" classname="com.automation.ios.iphone.scripts.HOOQ_IOS_IPhone_Search_Test"/>
  <testcase name="HOOQ_IOS_IPhone_Active_User_Search_Premium" time="114.257" classname="com.automation.ios.iphone.scripts.HOOQ_IOS_IPhone_Search_Test"/>
  <testcase name="HOOQ_IOS_IPhone_Free_User_Search_TVShows" time="126.652" classname="com.automation.ios.iphone.scripts.HOOQ_IOS_IPhone_Search_Test"/>
  <testcase name="HOOQ_IOS_IPhone_Free_User_Search_R21_TVShows" time="134.512" classname="com.automation.ios.iphone.scripts.HOOQ_IOS_IPhone_Search_Test"/>
  <testcase name="HOOQ_IOS_IPhone_Free_User_Search_R21_Premium" time="112.805" classname="com.automation.ios.iphone.scripts.HOOQ_IOS_IPhone_Search_Test"/>
  <testcase name="HOOQ_IOS_IPhone_Free_User_Search_Premium" time="113.539" classname="com.automation.ios.iphone.scripts.HOOQ_IOS_IPhone_Search_Test"/>
  <testcase name="HOOQ_IOS_IPhone_Free_User_Search_Movies" time="202.124" classname="com.automation.ios.iphone.scripts.HOOQ_IOS_IPhone_Search_Test"/>
  <testcase name="HOOQ_IOS_IPhone_Lapsed_User_Search_Premium" time="110.657" classname="com.automation.ios.iphone.scripts.HOOQ_IOS_IPhone_Search_Test"/>
  <testcase name="HOOQ_IOS_IPhone_Active_User_Search_R21_Premium" time="113.828" classname="com.automation.ios.iphone.scripts.HOOQ_IOS_IPhone_Search_Test"/>
  <testcase name="HOOQ_IOS_IPhone_Active_User_Search_TVShows" time="129.990" classname="com.automation.ios.iphone.scripts.HOOQ_IOS_IPhone_Search_Test"/>
  <testcase name="HOOQ_IOS_IPhone_Lapsed_User_Search_Movies" time="199.516" classname="com.automation.ios.iphone.scripts.HOOQ_IOS_IPhone_Search_Test"/>
  <testcase name="HOOQ_IOS_IPhone_Lapsed_User_Search_R21_TVShows" time="129.814" classname="com.automation.ios.iphone.scripts.HOOQ_IOS_IPhone_Search_Test"/>
  <testcase name="HOOQ_IOS_IPhone_Free_User_Search_R21_Movies" time="115.675" classname="com.automation.ios.iphone.scripts.HOOQ_IOS_IPhone_Search_Test"/>
</testsuite> <!-- com.automation.ios.iphone.scripts.HOOQ_IOS_IPhone_Search_Test -->
